       55.0000000000        1.0000000000        1.0000000000        7.0121110684        0.0000000000        0.8869204367        0.1064304524        0.4310835620
       55.1020410000        1.0000000000        1.0000000000        7.0343716470        0.0000000000        0.8869204367        0.1064304524        0.4299335584
       55.2040820000        1.0000000000        1.0000000000        7.0656452292        0.0000000000        0.8869204367        0.1064304524        0.4283231146
       55.3061220000        1.0000000000        1.0000000000        7.1120556465        0.0000000000        0.8869204367        0.1064304524        0.4259443063
       55.4081630000        1.0000000000        1.0000000000        7.1997807830        0.0000000000        0.8869204367        0.1064304524        0.4214839022
       55.5102040000        1.0000000000        1.0000000000        7.4374000844        0.0000000000        0.8869204367        0.1064304524        0.4096353070
       55.6122450000        1.0000000000        1.0000000000        8.0464454367        0.0000000000        0.8869204367        0.1064304524        0.3807647866
       55.7142860000        1.0000000000        1.0000000000        8.9608875903        0.0000000000        0.8869204367        0.1064304524        0.3411931599
       55.8163270000        1.0000000000        1.0000000000        9.4141031335        0.0000000000        0.8869204367        0.1064304524        0.3231326445
       55.9183670000        1.0000000000        1.0000000000        8.9847584646        0.0000000000        0.8869204367        0.1064304524        0.3402172089
       56.0204080000        1.0000000000        1.0000000000        8.3939642616        0.0000000000        0.8869204367        0.1064304524        0.3652125700
       56.1224490000        1.0000000000        1.0000000000        8.2367012348        0.0000000000        0.8869204367        0.1064304524        0.3721701458
       56.2244900000        1.0000000000        1.0000000000        8.4461821038        0.0000000000        0.8869204367        0.1064304524        0.3629312515
       56.3265310000        1.0000000000        1.0000000000        8.8662397790        0.0000000000        0.8869204367        0.1064304524        0.3450904324
       56.4285710000        1.0000000000        1.0000000000        9.4865840296        0.0000000000        0.8869204367        0.1064304524        0.3203343184
       56.5306120000        1.0000000000        1.0000000000       10.3982806379        0.0000000000        0.8869204367        0.1064304524        0.2871376170
       56.6326530000        1.0000000000        1.0000000000       11.8024146034        0.0000000000        0.8869204367        0.1064304524        0.2426125015
       56.7346940000        1.0000000000        1.0000000000       14.1634932056        0.0000000000        0.8869204367        0.1064304524        0.1827531060
       56.8367350000        1.0000000000        1.0000000000       18.9809718632        0.0000000000        0.8869204367        0.1064304524        0.1025180269
       56.9387760000        1.0000000000        1.0000000000       33.1386733423        0.0000000000        0.8869204367        0.1064304524        0.0187485137
       57.0408160000        1.0000000000        1.0000000000       84.8478726492        0.0000000000        0.8869204367        0.1064304524        0.0000378551
       57.1428570000        1.0000000000        1.0000000000      233.5014896296        0.0000000000        0.8869204367        0.1064304524        0.0000000000
       57.2448980000        1.0000000000        1.0000000000      472.1796157383        0.0000000000        0.8869204367        0.1064304524        0.0000000000
       57.3469390000        1.0000000000        1.0000000000      599.7220334130        0.0000000000        0.8869204367        0.1064304524        0.0000000000
       57.4489800000        1.0000000000        1.0000000000      462.2148397357        0.0000000000        0.8869204367        0.1064304524        0.0000000000
       57.5510200000        1.0000000000        1.0000000000      227.5907706223        0.0000000000        0.8869204367        0.1064304524        0.0000000000
       57.6530610000        1.0000000000        1.0000000000       87.3381232890        0.0000000000        0.8869204367        0.1064304524        0.0000280766
       57.7551020000        1.0000000000        1.0000000000       40.8046018456        0.0000000000        0.8869204367        0.1064304524        0.0074723016
       57.8571430000        1.0000000000        1.0000000000       30.5954918245        0.0000000000        0.8869204367        0.1064304524        0.0254393264
       57.9591840000        1.0000000000        1.0000000000       31.2602736084        0.0000000000        0.8869204367        0.1064304524        0.0234887703
       58.0612240000        1.0000000000        1.0000000000       38.5062364747        0.0000000000        0.8869204367        0.1064304524        0.0098454252
       58.1632650000        1.0000000000        1.0000000000       57.5991675678        0.0000000000        0.8869204367        0.1064304524        0.0009958637
       58.2653060000        1.0000000000        1.0000000000      115.8232061404        0.0000000000        0.8869204367        0.1064304524        0.0000009201
       58.3673470000        1.0000000000        1.0000000000      314.1913228825        0.0000000000        0.8869204367        0.1064304524        0.0000000000
       58.4693880000        1.0000000000        1.0000000000      847.8098902768        0.0000000000        0.8869204367        0.1064304524        0.0000000000
       58.5714290000        1.0000000000        1.0000000000     1685.3746593268        0.0000000000        0.8869204367        0.1064304524        0.0000000000
       58.6734690000        1.0000000000        1.0000000000     2170.2119580199        0.0000000000        0.8869204367        0.1064304524        0.0000000000
       58.7755100000        1.0000000000        1.0000000000     1759.4433622826        0.0000000000        0.8869204367        0.1064304524        0.0000000000
       58.8775510000        1.0000000000        1.0000000000      943.3696371753        0.0000000000        0.8869204367        0.1064304524        0.0000000000
       58.9795920000        1.0000000000        1.0000000000      396.3108179623        0.0000000000        0.8869204367        0.1064304524        0.0000000000
       59.0816330000        1.0000000000        1.0000000000      177.9781353876        0.0000000000        0.8869204367        0.1064304524        0.0000000005
       59.1836730000        1.0000000000        1.0000000000      102.1674525001        0.0000000000        0.8869204367        0.1064304524        0.0000047371
       59.2857140000        1.0000000000        1.0000000000       69.5140594172        0.0000000000        0.8869204367        0.1064304524        0.0002383698
       59.3877550000        1.0000000000        1.0000000000       52.4596329093        0.0000000000        0.8869204367        0.1064304524        0.0018452215
       59.4897960000        1.0000000000        1.0000000000       42.5686938481        0.0000000000        0.8869204367        0.1064304524        0.0060466961
       59.5918370000        1.0000000000        1.0000000000       36.1619208261        0.0000000000        0.8869204367        0.1064304524        0.0130439546
       59.6938780000        1.0000000000        1.0000000000       31.6464898245        0.0000000000        0.8869204367        0.1064304524        0.0224250021
       59.7959180000        1.0000000000        1.0000000000       28.2942835999        0.0000000000        0.8869204367        0.1064304524        0.0335300230
       59.8979590000        1.0000000000        1.0000000000       25.7161817421        0.0000000000        0.8869204367        0.1064304524        0.0456869852
       60.0000000000        1.0000000000        1.0000000000       23.6793812046        0.0000000000        0.8869204367        0.1064304524        0.0583365913
