       55.0000000000        1.0000000000        1.0000000000        7.8207564967        0.0000000000        0.8869204367        0.1064304524        0.3912178240
       55.1020410000        1.0000000000        1.0000000000        8.0632609416        0.0000000000        0.8869204367        0.1064304524        0.3799972311
       55.2040820000        1.0000000000        1.0000000000        8.3619071512        0.0000000000        0.8869204367        0.1064304524        0.3666201949
       55.3061220000        1.0000000000        1.0000000000        8.7353511320        0.0000000000        0.8869204367        0.1064304524        0.3505534331
       55.4081630000        1.0000000000        1.0000000000        9.2266802655        0.0000000000        0.8869204367        0.1064304524        0.3304824799
       55.5102040000        1.0000000000        1.0000000000        9.9670416493        0.0000000000        0.8869204367        0.1064304524        0.3023877944
       55.6122450000        1.0000000000        1.0000000000       11.2054816714        0.0000000000        0.8869204367        0.1064304524        0.2606288797
       55.7142860000        1.0000000000        1.0000000000       12.9091437656        0.0000000000        0.8869204367        0.1064304524        0.2124396668
       55.8163270000        1.0000000000        1.0000000000       14.3692851956        0.0000000000        0.8869204367        0.1064304524        0.1782952806
       55.9183670000        1.0000000000        1.0000000000       15.2678970492        0.0000000000        0.8869204367        0.1064304524        0.1600694259
       56.0204080000        1.0000000000        1.0000000000       16.4693750718        0.0000000000        0.8869204367        0.1064304524        0.1385775741
       56.1224490000        1.0000000000        1.0000000000       18.7717875173        0.0000000000        0.8869204367        0.1064304524        0.1051240180
       56.2244900000        1.0000000000        1.0000000000       22.4423370156        0.0000000000        0.8869204367        0.1064304524        0.0676721578
       56.3265310000        1.0000000000        1.0000000000       27.9148742755        0.0000000000        0.8869204367        0.1064304524        0.0350919011
       56.4285710000        1.0000000000        1.0000000000       36.2797932073        0.0000000000        0.8869204367        0.1064304524        0.0128607507
       56.5306120000        1.0000000000        1.0000000000       49.9185688072        0.0000000000        0.8869204367        0.1064304524        0.0025030926
       56.6326530000        1.0000000000        1.0000000000       74.8254134758        0.0000000000        0.8869204367        0.1064304524        0.0001260226
       56.7346940000        1.0000000000        1.0000000000      130.8641397996        0.0000000000        0.8869204367        0.1064304524        0.0000001513
       56.8367350000        1.0000000000        1.0000000000      293.7728125680        0.0000000000        0.8869204367        0.1064304524        0.0000000000
       56.9387760000        1.0000000000        1.0000000000      781.1088613212        0.0000000000        0.8869204367        0.1064304524        0.0000000000
       57.0408160000        1.0000000000        1.0000000000     1833.4201484124        0.0000000000        0.8869204367        0.1064304524        0.0000000000
       57.1428570000        1.0000000000        1.0000000000     3034.9286725136        0.0000000000        0.8869204367        0.1064304524        0.0000000000
       57.2448980000        1.0000000000        1.0000000000     3231.4576622633        0.0000000000        0.8869204367        0.1064304524        0.0000000000
       57.3469390000        1.0000000000        1.0000000000     2210.5471744924        0.0000000000        0.8869204367        0.1064304524        0.0000000000
       57.4489800000        1.0000000000        1.0000000000     1059.3280024223        0.0000000000        0.8869204367        0.1064304524        0.0000000000
       57.5510200000        1.0000000000        1.0000000000      440.0053897134        0.0000000000        0.8869204367        0.1064304524        0.0000000000
       57.6530610000        1.0000000000        1.0000000000      211.7602937288        0.0000000000        0.8869204367        0.1064304524        0.0000000000
       57.7551020000        1.0000000000        1.0000000000      129.9473970922        0.0000000000        0.8869204367        0.1064304524        0.0000001689
       57.8571430000        1.0000000000        1.0000000000       92.8651353169        0.0000000000        0.8869204367        0.1064304524        0.0000144645
       57.9591840000        1.0000000000        1.0000000000       71.9079394037        0.0000000000        0.8869204367        0.1064304524        0.0001788519
       58.0612240000        1.0000000000        1.0000000000       58.5066070177        0.0000000000        0.8869204367        0.1064304524        0.0008931171
       58.1632650000        1.0000000000        1.0000000000       49.2933895013        0.0000000000        0.8869204367        0.1064304524        0.0026981019
       58.2653060000        1.0000000000        1.0000000000       42.6362887210        0.0000000000        0.8869204367        0.1064304524        0.0059978474
       58.3673470000        1.0000000000        1.0000000000       37.6450523877        0.0000000000        0.8869204367        0.1064304524        0.0109173033
       58.4693880000        1.0000000000        1.0000000000       33.7998120400        0.0000000000        0.8869204367        0.1064304524        0.0173185440
       58.5714290000        1.0000000000        1.0000000000       30.8042232613        0.0000000000        0.8869204367        0.1064304524        0.0248100419
       58.6734690000        1.0000000000        1.0000000000       28.6282695559        0.0000000000        0.8869204367        0.1064304524        0.0322127692
       58.7755100000        1.0000000000        1.0000000000       27.8433988370        0.0000000000        0.8869204367        0.1064304524        0.0353941807
       58.8775510000        1.0000000000        1.0000000000       29.4900204709        0.0000000000        0.8869204367        0.1064304524        0.0290480926
       58.9795920000        1.0000000000        1.0000000000       32.5231737777        0.0000000000        0.8869204367        0.1064304524        0.0201856999
       59.0816330000        1.0000000000        1.0000000000       32.5797000525        0.0000000000        0.8869204367        0.1064304524        0.0200492405
       59.1836730000        1.0000000000        1.0000000000       28.1436221830        0.0000000000        0.8869204367        0.1064304524        0.0341417378
       59.2857140000        1.0000000000        1.0000000000       23.1510442793        0.0000000000        0.8869204367        0.1064304524        0.0621549192
       59.3877550000        1.0000000000        1.0000000000       20.2545235420        0.0000000000        0.8869204367        0.1064304524        0.0879890570
       59.4897960000        1.0000000000        1.0000000000       18.8778163333        0.0000000000        0.8869204367        0.1064304524        0.1037949501
       59.5918370000        1.0000000000        1.0000000000       18.0513074693        0.0000000000        0.8869204367        0.1064304524        0.1146172576
       59.6938780000        1.0000000000        1.0000000000       17.4082409199        0.0000000000        0.8869204367        0.1064304524        0.1238122578
       59.7959180000        1.0000000000        1.0000000000       16.8582454367        0.0000000000        0.8869204367        0.1064304524        0.1322594901
       59.8979590000        1.0000000000        1.0000000000       16.3738090239        0.0000000000        0.8869204367        0.1064304524        0.1401759187
       60.0000000000        1.0000000000        1.0000000000       15.9412342886        0.0000000000        0.8869204367        0.1064304524        0.1476444715
