       55.0000000000        1.0000000000        1.0000000000        6.7981665169        0.0000000000        0.8869204367        0.1064304524        0.4422942113
       55.1020410000        1.0000000000        1.0000000000        6.8829046553        0.0000000000        0.8869204367        0.1064304524        0.4378194980
       55.2040820000        1.0000000000        1.0000000000        6.9853495906        0.0000000000        0.8869204367        0.1064304524        0.4324701593
       55.3061220000        1.0000000000        1.0000000000        7.1129757748        0.0000000000        0.8869204367        0.1064304524        0.4258972781
       55.4081630000        1.0000000000        1.0000000000        7.2936796791        0.0000000000        0.8869204367        0.1064304524        0.4167613340
       55.5102040000        1.0000000000        1.0000000000        7.6379126855        0.0000000000        0.8869204367        0.1064304524        0.3998964972
       55.6122450000        1.0000000000        1.0000000000        8.3671397909        0.0000000000        0.8869204367        0.1064304524        0.3663900602
       55.7142860000        1.0000000000        1.0000000000        9.4113184338        0.0000000000        0.8869204367        0.1064304524        0.3232406418
       55.8163270000        1.0000000000        1.0000000000       10.0038791640        0.0000000000        0.8869204367        0.1064304524        0.3010540387
       55.9183670000        1.0000000000        1.0000000000        9.7349510331        0.0000000000        0.8869204367        0.1064304524        0.3109279319
       56.0204080000        1.0000000000        1.0000000000        9.3331269864        0.0000000000        0.8869204367        0.1064304524        0.3262878739
       56.1224490000        1.0000000000        1.0000000000        9.3879568992        0.0000000000        0.8869204367        0.1064304524        0.3241480809
       56.2244900000        1.0000000000        1.0000000000        9.8236709315        0.0000000000        0.8869204367        0.1064304524        0.3076352313
       56.3265310000        1.0000000000        1.0000000000       10.4718332869        0.0000000000        0.8869204367        0.1064304524        0.2846144008
       56.4285710000        1.0000000000        1.0000000000       11.2955618800        0.0000000000        0.8869204367        0.1064304524        0.2578267515
       56.5306120000        1.0000000000        1.0000000000       12.3250508983        0.0000000000        0.8869204367        0.1064304524        0.2278640482
       56.6326530000        1.0000000000        1.0000000000       13.6186252399        0.0000000000        0.8869204367        0.1064304524        0.1951015613
       56.7346940000        1.0000000000        1.0000000000       15.2612791969        0.0000000000        0.8869204367        0.1064304524        0.1601965943
       56.8367350000        1.0000000000        1.0000000000       17.3757888920        0.0000000000        0.8869204367        0.1064304524        0.1242953529
       56.9387760000        1.0000000000        1.0000000000       20.1433193561        0.0000000000        0.8869204367        0.1064304524        0.0891710964
       57.0408160000        1.0000000000        1.0000000000       23.8394259982        0.0000000000        0.8869204367        0.1064304524        0.0572269052
       57.1428570000        1.0000000000        1.0000000000       28.8997503453        0.0000000000        0.8869204367        0.1064304524        0.0311802611
       57.2448980000        1.0000000000        1.0000000000       36.0462216499        0.0000000000        0.8869204367        0.1064304524        0.0132263186
       57.3469390000        1.0000000000        1.0000000000       46.5504658377        0.0000000000        0.8869204367        0.1064304524        0.0037497883
       57.4489800000        1.0000000000        1.0000000000       62.8459364142        0.0000000000        0.8869204367        0.1064304524        0.0005305946
       57.5510200000        1.0000000000        1.0000000000       90.2488107994        0.0000000000        0.8869204367        0.1064304524        0.0000197994
       57.6530610000        1.0000000000        1.0000000000      143.3114880803        0.0000000000        0.8869204367        0.1064304524        0.0000000340
       57.7551020000        1.0000000000        1.0000000000      272.3091216676        0.0000000000        0.8869204367        0.1064304524        0.0000000000
       57.8571430000        1.0000000000        1.0000000000      643.7605974298        0.0000000000        0.8869204367        0.1064304524        0.0000000000
       57.9591840000        1.0000000000        1.0000000000     1590.5405432398        0.0000000000        0.8869204367        0.1064304524        0.0000000000
       58.0612240000        1.0000000000        1.0000000000     3153.6034594480        0.0000000000        0.8869204367        0.1064304524        0.0000000000
       58.1632650000        1.0000000000        1.0000000000     4299.3695397193        0.0000000000        0.8869204367        0.1064304524        0.0000000000
       58.2653060000        1.0000000000        1.0000000000     3833.0801942337        0.0000000000        0.8869204367        0.1064304524        0.0000000000
       58.3673470000        1.0000000000        1.0000000000     2302.7110583496        0.0000000000        0.8869204367        0.1064304524        0.0000000000
       58.4693880000        1.0000000000        1.0000000000     1058.1393828023        0.0000000000        0.8869204367        0.1064304524        0.0000000000
       58.5714290000        1.0000000000        1.0000000000      472.4107419114        0.0000000000        0.8869204367        0.1064304524        0.0000000000
       58.6734690000        1.0000000000        1.0000000000      254.6800580776        0.0000000000        0.8869204367        0.1064304524        0.0000000000
       58.7755100000        1.0000000000        1.0000000000      167.8523876183        0.0000000000        0.8869204367        0.1064304524        0.0000000018
       58.8775510000        1.0000000000        1.0000000000      126.6562977547        0.0000000000        0.8869204367        0.1064304524        0.0000002508
       58.9795920000        1.0000000000        1.0000000000      104.6404880700        0.0000000000        0.8869204367        0.1064304524        0.0000035207
       59.0816330000        1.0000000000        1.0000000000       88.6587818443        0.0000000000        0.8869204367        0.1064304524        0.0000239617
       59.1836730000        1.0000000000        1.0000000000       73.1865612753        0.0000000000        0.8869204367        0.1064304524        0.0001534114
       59.2857140000        1.0000000000        1.0000000000       60.1089880151        0.0000000000        0.8869204367        0.1064304524        0.0007368851
       59.3877550000        1.0000000000        1.0000000000       51.0981390761        0.0000000000        0.8869204367        0.1064304524        0.0021727173
       59.4897960000        1.0000000000        1.0000000000       45.0280858813        0.0000000000        0.8869204367        0.1064304524        0.0045013843
       59.5918370000        1.0000000000        1.0000000000       40.5333795985        0.0000000000        0.8869204367        0.1064304524        0.0077195010
       59.6938780000        1.0000000000        1.0000000000       36.9668892650        0.0000000000        0.8869204367        0.1064304524        0.0118429004
       59.7959180000        1.0000000000        1.0000000000       34.0467981126        0.0000000000        0.8869204367        0.1064304524        0.0168127833
       59.8979590000        1.0000000000        1.0000000000       31.6128190353        0.0000000000        0.8869204367        0.1064304524        0.0225157935
       60.0000000000        1.0000000000        1.0000000000       29.5565718448        0.0000000000        0.8869204367        0.1064304524        0.0288170336
