       55.0000000000        1.0000000000        1.0000000000       10.8184831799        0.0000000000        0.8869204367        0.1064304524        0.2730178827
       55.1020410000        1.0000000000        1.0000000000       11.4852355653        0.0000000000        0.8869204367        0.1064304524        0.2520246780
       55.2040820000        1.0000000000        1.0000000000       12.2566676286        0.0000000000        0.8869204367        0.1064304524        0.2297415918
       55.3061220000        1.0000000000        1.0000000000       13.1574612282        0.0000000000        0.8869204367        0.1064304524        0.2062027549
       55.4081630000        1.0000000000        1.0000000000       14.2374872597        0.0000000000        0.8869204367        0.1064304524        0.1811375718
       55.5102040000        1.0000000000        1.0000000000       15.6344508553        0.0000000000        0.8869204367        0.1064304524        0.1531811452
       55.6122450000        1.0000000000        1.0000000000       17.5979651510        0.0000000000        0.8869204367        0.1064304524        0.1210252814
       55.7142860000        1.0000000000        1.0000000000       20.0840481755        0.0000000000        0.8869204367        0.1064304524        0.0898075905
       55.8163270000        1.0000000000        1.0000000000       22.3784906250        0.0000000000        0.8869204367        0.1064304524        0.0681926238
       55.9183670000        1.0000000000        1.0000000000       24.1755324428        0.0000000000        0.8869204367        0.1064304524        0.0549647124
       56.0204080000        1.0000000000        1.0000000000       26.3227413813        0.0000000000        0.8869204367        0.1064304524        0.0424796999
       56.1224490000        1.0000000000        1.0000000000       29.5338705843        0.0000000000        0.8869204367        0.1064304524        0.0288956426
       56.2244900000        1.0000000000        1.0000000000       33.9116832895        0.0000000000        0.8869204367        0.1064304524        0.0170876039
       56.3265310000        1.0000000000        1.0000000000       39.5624365174        0.0000000000        0.8869204367        0.1064304524        0.0086734176
       56.4285710000        1.0000000000        1.0000000000       46.8589014221        0.0000000000        0.8869204367        0.1064304524        0.0036135371
       56.5306120000        1.0000000000        1.0000000000       56.4562147483        0.0000000000        0.8869204367        0.1064304524        0.0011422609
       56.6326530000        1.0000000000        1.0000000000       69.4063177274        0.0000000000        0.8869204367        0.1064304524        0.0002414717
       56.7346940000        1.0000000000        1.0000000000       87.4583562878        0.0000000000        0.8869204367        0.1064304524        0.0000276744
       56.8367350000        1.0000000000        1.0000000000      113.7135320059        0.0000000000        0.8869204367        0.1064304524        0.0000011852
       56.9387760000        1.0000000000        1.0000000000      154.2136429678        0.0000000000        0.8869204367        0.1064304524        0.0000000092
       57.0408160000        1.0000000000        1.0000000000      222.6027563322        0.0000000000        0.8869204367        0.1064304524        0.0000000000
       57.1428570000        1.0000000000        1.0000000000      356.4973072728        0.0000000000        0.8869204367        0.1064304524        0.0000000000
       57.2448980000        1.0000000000        1.0000000000      672.7624452642        0.0000000000        0.8869204367        0.1064304524        0.0000000000
       57.3469390000        1.0000000000        1.0000000000     1469.4660501773        0.0000000000        0.8869204367        0.1064304524        0.0000000000
       57.4489800000        1.0000000000        1.0000000000     3084.2946503430        0.0000000000        0.8869204367        0.1064304524        0.0000000000
       57.5510200000        1.0000000000        1.0000000000     5035.9875236743        0.0000000000        0.8869204367        0.1064304524        0.0000000000
       57.6530610000        1.0000000000        1.0000000000     5679.1270681708        0.0000000000        0.8869204367        0.1064304524        0.0000000000
       57.7551020000        1.0000000000        1.0000000000     4306.6710349584        0.0000000000        0.8869204367        0.1064304524        0.0000000000
       57.8571430000        1.0000000000        1.0000000000     2317.1767819182        0.0000000000        0.8869204367        0.1064304524        0.0000000000
       57.9591840000        1.0000000000        1.0000000000     1045.4355977439        0.0000000000        0.8869204367        0.1064304524        0.0000000000
       58.0612240000        1.0000000000        1.0000000000      582.5155408365        0.0000000000        0.8869204367        0.1064304524        0.0000000000
       58.1632650000        1.0000000000        1.0000000000      721.8528930328        0.0000000000        0.8869204367        0.1064304524        0.0000000000
       58.2653060000        1.0000000000        1.0000000000     1435.1099748713        0.0000000000        0.8869204367        0.1064304524        0.0000000000
       58.3673470000        1.0000000000        1.0000000000     2297.9811381339        0.0000000000        0.8869204367        0.1064304524        0.0000000000
       58.4693880000        1.0000000000        1.0000000000     2407.2290014786        0.0000000000        0.8869204367        0.1064304524        0.0000000000
       58.5714290000        1.0000000000        1.0000000000     1654.5157301869        0.0000000000        0.8869204367        0.1064304524        0.0000000000
       58.6734690000        1.0000000000        1.0000000000      844.7130286293        0.0000000000        0.8869204367        0.1064304524        0.0000000000
       58.7755100000        1.0000000000        1.0000000000      414.4115115275        0.0000000000        0.8869204367        0.1064304524        0.0000000000
       58.8775510000        1.0000000000        1.0000000000      249.7130811307        0.0000000000        0.8869204367        0.1064304524        0.0000000000
       58.9795920000        1.0000000000        1.0000000000      185.0649396716        0.0000000000        0.8869204367        0.1064304524        0.0000000002
       59.0816330000        1.0000000000        1.0000000000      149.8610183917        0.0000000000        0.8869204367        0.1064304524        0.0000000155
       59.1836730000        1.0000000000        1.0000000000      123.1519710749        0.0000000000        0.8869204367        0.1064304524        0.0000003819
       59.2857140000        1.0000000000        1.0000000000      102.3998518940        0.0000000000        0.8869204367        0.1064304524        0.0000046068
       59.3877550000        1.0000000000        1.0000000000       87.7211594996        0.0000000000        0.8869204367        0.1064304524        0.0000268153
       59.4897960000        1.0000000000        1.0000000000       77.2952691886        0.0000000000        0.8869204367        0.1064304524        0.0000936981
       59.5918370000        1.0000000000        1.0000000000       69.3455311142        0.0000000000        0.8869204367        0.1064304524        0.0002432396
       59.6938780000        1.0000000000        1.0000000000       62.9634598690        0.0000000000        0.8869204367        0.1064304524        0.0005231642
       59.7959180000        1.0000000000        1.0000000000       57.6995991719        0.0000000000        0.8869204367        0.1064304524        0.0009839338
       59.8979590000        1.0000000000        1.0000000000       53.2819828088        0.0000000000        0.8869204367        0.1064304524        0.0016718275
       60.0000000000        1.0000000000        1.0000000000       49.5244858447        0.0000000000        0.8869204367        0.1064304524        0.0026243073
