       55.0000000000        1.0000000000        1.0000000000        8.8203418070        0.0000000000        0.8869204367        0.1064304524        0.3469963503
       55.1020410000        1.0000000000        1.0000000000        9.2731240588        0.0000000000        0.8869204367        0.1064304524        0.3286457398
       55.2040820000        1.0000000000        1.0000000000        9.8173281978        0.0000000000        0.8869204367        0.1064304524        0.3078694702
       55.3061220000        1.0000000000        1.0000000000       10.4793126370        0.0000000000        0.8869204367        0.1064304524        0.2843590677
       55.4081630000        1.0000000000        1.0000000000       11.3121952953        0.0000000000        0.8869204367        0.1064304524        0.2573126400
       55.5102040000        1.0000000000        1.0000000000       12.4599016637        0.0000000000        0.8869204367        0.1064304524        0.2242064052
       55.6122450000        1.0000000000        1.0000000000       14.1855498602        0.0000000000        0.8869204367        0.1064304524        0.1822700349
       55.7142860000        1.0000000000        1.0000000000       16.4709189332        0.0000000000        0.8869204367        0.1064304524        0.1385519031
       55.8163270000        1.0000000000        1.0000000000       18.6349238439        0.0000000000        0.8869204367        0.1064304524        0.1068647929
       55.9183670000        1.0000000000        1.0000000000       20.4121934393        0.0000000000        0.8869204367        0.1064304524        0.0863399202
       56.0204080000        1.0000000000        1.0000000000       22.7327536391        0.0000000000        0.8869204367        0.1064304524        0.0653544049
       56.1224490000        1.0000000000        1.0000000000       26.4750447413        0.0000000000        0.8869204367        0.1064304524        0.0417103755
       56.2244900000        1.0000000000        1.0000000000       32.0322306114        0.0000000000        0.8869204367        0.1064304524        0.0214106317
       56.3265310000        1.0000000000        1.0000000000       40.0527772207        0.0000000000        0.8869204367        0.1064304524        0.0081777906
       56.4285710000        1.0000000000        1.0000000000       52.0120304267        0.0000000000        0.8869204367        0.1064304524        0.0019470426
       56.5306120000        1.0000000000        1.0000000000       71.1027067521        0.0000000000        0.8869204367        0.1064304524        0.0001969965
       56.6326530000        1.0000000000        1.0000000000      105.7073115807        0.0000000000        0.8869204367        0.1064304524        0.0000030976
       56.7346940000        1.0000000000        1.0000000000      185.0481499341        0.0000000000        0.8869204367        0.1064304524        0.0000000002
       56.8367350000        1.0000000000        1.0000000000      411.9829042829        0.0000000000        0.8869204367        0.1064304524        0.0000000000
       56.9387760000        1.0000000000        1.0000000000     1004.7526065113        0.0000000000        0.8869204367        0.1064304524        0.0000000000
       57.0408160000        1.0000000000        1.0000000000     1993.1288763545        0.0000000000        0.8869204367        0.1064304524        0.0000000000
       57.1428570000        1.0000000000        1.0000000000     2708.6029431438        0.0000000000        0.8869204367        0.1064304524        0.0000000000
       57.2448980000        1.0000000000        1.0000000000     2563.1628983891        0.0000000000        0.8869204367        0.1064304524        0.0000000000
       57.3469390000        1.0000000000        1.0000000000     2306.8044226583        0.0000000000        0.8869204367        0.1064304524        0.0000000000
       57.4489800000        1.0000000000        1.0000000000     2644.7559117686        0.0000000000        0.8869204367        0.1064304524        0.0000000000
       57.5510200000        1.0000000000        1.0000000000     2773.0295212989        0.0000000000        0.8869204367        0.1064304524        0.0000000000
       57.6530610000        1.0000000000        1.0000000000     2027.2765430934        0.0000000000        0.8869204367        0.1064304524        0.0000000000
       57.7551020000        1.0000000000        1.0000000000     1054.3388048954        0.0000000000        0.8869204367        0.1064304524        0.0000000000
       57.8571430000        1.0000000000        1.0000000000      477.9645131281        0.0000000000        0.8869204367        0.1064304524        0.0000000000
       57.9591840000        1.0000000000        1.0000000000      249.0490946881        0.0000000000        0.8869204367        0.1064304524        0.0000000000
       58.0612240000        1.0000000000        1.0000000000      161.5364787943        0.0000000000        0.8869204367        0.1064304524        0.0000000038
       58.1632650000        1.0000000000        1.0000000000      119.5412032041        0.0000000000        0.8869204367        0.1064304524        0.0000005889
       58.2653060000        1.0000000000        1.0000000000       94.6720678712        0.0000000000        0.8869204367        0.1064304524        0.0000116448
       58.3673470000        1.0000000000        1.0000000000       78.1664098933        0.0000000000        0.8869204367        0.1064304524        0.0000843978
       58.4693880000        1.0000000000        1.0000000000       66.4758376776        0.0000000000        0.8869204367        0.1064304524        0.0003432332
       58.5714290000        1.0000000000        1.0000000000       57.8516091573        0.0000000000        0.8869204367        0.1064304524        0.0009661484
       58.6734690000        1.0000000000        1.0000000000       51.4732237277        0.0000000000        0.8869204367        0.1064304524        0.0020770912
       58.7755100000        1.0000000000        1.0000000000       47.4481487067        0.0000000000        0.8869204367        0.1064304524        0.0033668495
       58.8775510000        1.0000000000        1.0000000000       46.5488340718        0.0000000000        0.8869204367        0.1064304524        0.0037505226
       58.9795920000        1.0000000000        1.0000000000       47.5922398584        0.0000000000        0.8869204367        0.1064304524        0.0033091339
       59.0816330000        1.0000000000        1.0000000000       46.0913649005        0.0000000000        0.8869204367        0.1064304524        0.0039621686
       59.1836730000        1.0000000000        1.0000000000       40.3587680955        0.0000000000        0.8869204367        0.1064304524        0.0078829572
       59.2857140000        1.0000000000        1.0000000000       34.2217144533        0.0000000000        0.8869204367        0.1064304524        0.0164635615
       59.3877550000        1.0000000000        1.0000000000       30.3233224226        0.0000000000        0.8869204367        0.1064304524        0.0262839001
       59.4897960000        1.0000000000        1.0000000000       28.0874190067        0.0000000000        0.8869204367        0.1064304524        0.0343727809
       59.5918370000        1.0000000000        1.0000000000       26.5232808409        0.0000000000        0.8869204367        0.1064304524        0.0414696394
       59.6938780000        1.0000000000        1.0000000000       25.2405455853        0.0000000000        0.8869204367        0.1064304524        0.0483704848
       59.7959180000        1.0000000000        1.0000000000       24.1306946600        0.0000000000        0.8869204367        0.1064304524        0.0552612489
       59.8979590000        1.0000000000        1.0000000000       23.1525796622        0.0000000000        0.8869204367        0.1064304524        0.0621434685
       60.0000000000        1.0000000000        1.0000000000       22.2819128232        0.0000000000        0.8869204367        0.1064304524        0.0689875284
