       55.0000000000        1.0000000000        1.0000000000       17.4606924024        0.0000000000        0.8869204367        0.1064304524        0.1230354088
       55.1020410000        1.0000000000        1.0000000000       20.1633234241        0.0000000000        0.8869204367        0.1064304524        0.0889572990
       55.2040820000        1.0000000000        1.0000000000       23.7488974929        0.0000000000        0.8869204367        0.1064304524        0.0578519742
       55.3061220000        1.0000000000        1.0000000000       28.6273725764        0.0000000000        0.8869204367        0.1064304524        0.0322162367
       55.4081630000        1.0000000000        1.0000000000       35.4927173142        0.0000000000        0.8869204367        0.1064304524        0.0141346496
       55.5102040000        1.0000000000        1.0000000000       45.6196160855        0.0000000000        0.8869204367        0.1064304524        0.0041929366
       55.6122450000        1.0000000000        1.0000000000       61.4200935271        0.0000000000        0.8869204367        0.1064304524        0.0006296092
       55.7142860000        1.0000000000        1.0000000000       87.4843628665        0.0000000000        0.8869204367        0.1064304524        0.0000275882
       55.8163270000        1.0000000000        1.0000000000      135.5173183750        0.0000000000        0.8869204367        0.1064304524        0.0000000866
       55.9183670000        1.0000000000        1.0000000000      247.9548219853        0.0000000000        0.8869204367        0.1064304524        0.0000000000
       56.0204080000        1.0000000000        1.0000000000      574.6052641237        0.0000000000        0.8869204367        0.1064304524        0.0000000000
       56.1224490000        1.0000000000        1.0000000000     1444.1409628495        0.0000000000        0.8869204367        0.1064304524        0.0000000000
       56.2244900000        1.0000000000        1.0000000000     2947.4504419990        0.0000000000        0.8869204367        0.1064304524        0.0000000000
       56.3265310000        1.0000000000        1.0000000000     4103.6532354859        0.0000000000        0.8869204367        0.1064304524        0.0000000000
       56.4285710000        1.0000000000        1.0000000000     3672.5246130450        0.0000000000        0.8869204367        0.1064304524        0.0000000000
       56.5306120000        1.0000000000        1.0000000000     2169.4595836171        0.0000000000        0.8869204367        0.1064304524        0.0000000000
       56.6326530000        1.0000000000        1.0000000000      963.5390774353        0.0000000000        0.8869204367        0.1064304524        0.0000000000
       56.7346940000        1.0000000000        1.0000000000      425.6449107049        0.0000000000        0.8869204367        0.1064304524        0.0000000000
       56.8367350000        1.0000000000        1.0000000000      288.6026252303        0.0000000000        0.8869204367        0.1064304524        0.0000000000
       56.9387760000        1.0000000000        1.0000000000      394.3146540297        0.0000000000        0.8869204367        0.1064304524        0.0000000000
       57.0408160000        1.0000000000        1.0000000000      649.7635523348        0.0000000000        0.8869204367        0.1064304524        0.0000000000
       57.1428570000        1.0000000000        1.0000000000      782.2019319012        0.0000000000        0.8869204367        0.1064304524        0.0000000000
       57.2448980000        1.0000000000        1.0000000000      607.7141154008        0.0000000000        0.8869204367        0.1064304524        0.0000000000
       57.3469390000        1.0000000000        1.0000000000      327.7430133291        0.0000000000        0.8869204367        0.1064304524        0.0000000000
       57.4489800000        1.0000000000        1.0000000000      157.4041050271        0.0000000000        0.8869204367        0.1064304524        0.0000000063
       57.5510200000        1.0000000000        1.0000000000       92.2832597262        0.0000000000        0.8869204367        0.1064304524        0.0000155105
       57.6530610000        1.0000000000        1.0000000000       68.3308083468        0.0000000000        0.8869204367        0.1064304524        0.0002747368
       57.7551020000        1.0000000000        1.0000000000       56.3708466412        0.0000000000        0.8869204367        0.1064304524        0.0011540225
       57.8571430000        1.0000000000        1.0000000000       48.6772552438        0.0000000000        0.8869204367        0.1064304524        0.0029051489
       57.9591840000        1.0000000000        1.0000000000       43.1339700292        0.0000000000        0.8869204367        0.1064304524        0.0056501318
       58.0612240000        1.0000000000        1.0000000000       38.9056385850        0.0000000000        0.8869204367        0.1064304524        0.0093846807
       58.1632650000        1.0000000000        1.0000000000       35.5607041268        0.0000000000        0.8869204367        0.1064304524        0.0140198023
       58.2653060000        1.0000000000        1.0000000000       32.8454698581        0.0000000000        0.8869204367        0.1064304524        0.0194199113
       58.3673470000        1.0000000000        1.0000000000       30.5999203222        0.0000000000        0.8869204367        0.1064304524        0.0254258110
       58.4693880000        1.0000000000        1.0000000000       28.7217862110        0.0000000000        0.8869204367        0.1064304524        0.0318532983
       58.5714290000        1.0000000000        1.0000000000       27.1673419121        0.0000000000        0.8869204367        0.1064304524        0.0383852876
       58.6734690000        1.0000000000        1.0000000000       26.0661936544        0.0000000000        0.8869204367        0.1064304524        0.0438078069
       58.7755100000        1.0000000000        1.0000000000       26.0945277184        0.0000000000        0.8869204367        0.1064304524        0.0436591094
       58.8775510000        1.0000000000        1.0000000000       28.3650945628        0.0000000000        0.8869204367        0.1064304524        0.0332463149
       58.9795920000        1.0000000000        1.0000000000       31.8856087365        0.0000000000        0.8869204367        0.1064304524        0.0217906773
       59.0816330000        1.0000000000        1.0000000000       32.3280457637        0.0000000000        0.8869204367        0.1064304524        0.0206639325
       59.1836730000        1.0000000000        1.0000000000       28.1951840471        0.0000000000        0.8869204367        0.1064304524        0.0339311406
       59.2857140000        1.0000000000        1.0000000000       23.4382132004        0.0000000000        0.8869204367        0.1064304524        0.0600495284
       59.3877550000        1.0000000000        1.0000000000       20.7263352851        0.0000000000        0.8869204367        0.1064304524        0.0831457461
       59.4897960000        1.0000000000        1.0000000000       19.4962267954        0.0000000000        0.8869204367        0.1064304524        0.0963712638
       59.5918370000        1.0000000000        1.0000000000       18.7865526992        0.0000000000        0.8869204367        0.1064304524        0.1049379219
       59.6938780000        1.0000000000        1.0000000000       18.2364109593        0.0000000000        0.8869204367        0.1064304524        0.1120993984
       59.7959180000        1.0000000000        1.0000000000       17.7600220833        0.0000000000        0.8869204367        0.1064304524        0.1186944601
       59.8979590000        1.0000000000        1.0000000000       17.3335384342        0.0000000000        0.8869204367        0.1064304524        0.1249271374
       60.0000000000        1.0000000000        1.0000000000       16.9461838141        0.0000000000        0.8869204367        0.1064304524        0.1308711461
