       55.0000000000        1.0000000000        1.0000000000        7.2317251298        0.0000000000        0.8869204367        0.1064304524        0.4198713116
       55.1020410000        1.0000000000        1.0000000000        7.2939536548        0.0000000000        0.8869204367        0.1064304524        0.4167476324
       55.2040820000        1.0000000000        1.0000000000        7.3738531445        0.0000000000        0.8869204367        0.1064304524        0.4127709760
       55.3061220000        1.0000000000        1.0000000000        7.4797063097        0.0000000000        0.8869204367        0.1064304524        0.4075609621
       55.4081630000        1.0000000000        1.0000000000        7.6405313903        0.0000000000        0.8869204367        0.1064304524        0.3997708517
       55.5102040000        1.0000000000        1.0000000000        7.9685652183        0.0000000000        0.8869204367        0.1064304524        0.3843399521
       55.6122450000        1.0000000000        1.0000000000        8.6894334913        0.0000000000        0.8869204367        0.1064304524        0.3524903549
       55.7142860000        1.0000000000        1.0000000000        9.7413934788        0.0000000000        0.8869204367        0.1064304524        0.3106876484
       55.8163270000        1.0000000000        1.0000000000       10.3656225547        0.0000000000        0.8869204367        0.1064304524        0.2882651085
       55.9183670000        1.0000000000        1.0000000000       10.1553918830        0.0000000000        0.8869204367        0.1064304524        0.2956298760
       56.0204080000        1.0000000000        1.0000000000        9.8498121312        0.0000000000        0.8869204367        0.1064304524        0.3066717089
       56.1224490000        1.0000000000        1.0000000000       10.0649052390        0.0000000000        0.8869204367        0.1064304524        0.2988574340
       56.2244900000        1.0000000000        1.0000000000       10.7645240665        0.0000000000        0.8869204367        0.1064304524        0.2747914348
       56.3265310000        1.0000000000        1.0000000000       11.8396633195        0.0000000000        0.8869204367        0.1064304524        0.2415304810
       56.4285710000        1.0000000000        1.0000000000       13.3513261305        0.0000000000        0.8869204367        0.1064304524        0.2014610663
       56.5306120000        1.0000000000        1.0000000000       15.4995714641        0.0000000000        0.8869204367        0.1064304524        0.1556806359
       56.6326530000        1.0000000000        1.0000000000       18.6523083566        0.0000000000        0.8869204367        0.1064304524        0.1066420902
       56.7346940000        1.0000000000        1.0000000000       23.4987740347        0.0000000000        0.8869204367        0.1064304524        0.0596147123
       56.8367350000        1.0000000000        1.0000000000       31.4773278085        0.0000000000        0.8869204367        0.1064304524        0.0228848688
       56.9387760000        1.0000000000        1.0000000000       46.2765773611        0.0000000000        0.8869204367        0.1064304524        0.0038750788
       57.0408160000        1.0000000000        1.0000000000       80.8497033968        0.0000000000        0.8869204367        0.1064304524        0.0000611632
       57.1428570000        1.0000000000        1.0000000000      188.5016956782        0.0000000000        0.8869204367        0.1064304524        0.0000000002
       57.2448980000        1.0000000000        1.0000000000      531.7659872318        0.0000000000        0.8869204367        0.1064304524        0.0000000000
       57.3469390000        1.0000000000        1.0000000000     1301.2856327912        0.0000000000        0.8869204367        0.1064304524        0.0000000000
       57.4489800000        1.0000000000        1.0000000000     2192.0125089176        0.0000000000        0.8869204367        0.1064304524        0.0000000000
       57.5510200000        1.0000000000        1.0000000000     2328.3056401345        0.0000000000        0.8869204367        0.1064304524        0.0000000000
       57.6530610000        1.0000000000        1.0000000000     1560.3213471816        0.0000000000        0.8869204367        0.1064304524        0.0000000000
       57.7551020000        1.0000000000        1.0000000000      719.5596484768        0.0000000000        0.8869204367        0.1064304524        0.0000000000
       57.8571430000        1.0000000000        1.0000000000      285.6783890966        0.0000000000        0.8869204367        0.1064304524        0.0000000000
       57.9591840000        1.0000000000        1.0000000000      134.7349391567        0.0000000000        0.8869204367        0.1064304524        0.0000000951
       58.0612240000        1.0000000000        1.0000000000       83.4788890635        0.0000000000        0.8869204367        0.1064304524        0.0000446138
       58.1632650000        1.0000000000        1.0000000000       60.7556343517        0.0000000000        0.8869204367        0.1064304524        0.0006818669
       58.2653060000        1.0000000000        1.0000000000       47.9426644263        0.0000000000        0.8869204367        0.1064304524        0.0031728668
       58.3673470000        1.0000000000        1.0000000000       39.7386525626        0.0000000000        0.8869204367        0.1064304524        0.0084919357
       58.4693880000        1.0000000000        1.0000000000       34.0991545300        0.0000000000        0.8869204367        0.1064304524        0.0167074835
       58.5714290000        1.0000000000        1.0000000000       30.0650275793        0.0000000000        0.8869204367        0.1064304524        0.0271113367
       58.6734690000        1.0000000000        1.0000000000       27.2799633319        0.0000000000        0.8869204367        0.1064304524        0.0378700166
       58.7755100000        1.0000000000        1.0000000000       26.1415576989        0.0000000000        0.8869204367        0.1064304524        0.0434134089
       58.8775510000        1.0000000000        1.0000000000       27.5873260184        0.0000000000        0.8869204367        0.1064304524        0.0364986822
       58.9795920000        1.0000000000        1.0000000000       30.5030240571        0.0000000000        0.8869204367        0.1064304524        0.0257231764
       59.0816330000        1.0000000000        1.0000000000       30.4894970244        0.0000000000        0.8869204367        0.1064304524        0.0257649653
       59.1836730000        1.0000000000        1.0000000000       26.0286687032        0.0000000000        0.8869204367        0.1064304524        0.0440055180
       59.2857140000        1.0000000000        1.0000000000       21.0531625974        0.0000000000        0.8869204367        0.1064304524        0.0799479476
       59.3877550000        1.0000000000        1.0000000000       18.1972982366        0.0000000000        0.8869204367        0.1064304524        0.1126267766
       59.4897960000        1.0000000000        1.0000000000       16.8705434780        0.0000000000        0.8869204367        0.1064304524        0.1320644501
       59.5918370000        1.0000000000        1.0000000000       16.0980153088        0.0000000000        0.8869204367        0.1064304524        0.1448926962
       59.6938780000        1.0000000000        1.0000000000       15.5110095582        0.0000000000        0.8869204367        0.1064304524        0.1554670997
       59.7959180000        1.0000000000        1.0000000000       15.0178363033        0.0000000000        0.8869204367        0.1064304524        0.1649454680
       59.8979590000        1.0000000000        1.0000000000       14.5899827739        0.0000000000        0.8869204367        0.1064304524        0.1736353388
       60.0000000000        1.0000000000        1.0000000000       14.2130418952        0.0000000000        0.8869204367        0.1064304524        0.1816697088
