       55.0000000000        1.0000000000        1.0000000000        7.1207950306        0.0000000000        0.8869204367        0.1064304524        0.4254978416
       55.1020410000        1.0000000000        1.0000000000        7.1558922756        0.0000000000        0.8869204367        0.1064304524        0.4237095538
       55.2040820000        1.0000000000        1.0000000000        7.2020563913        0.0000000000        0.8869204367        0.1064304524        0.4213688220
       55.3061220000        1.0000000000        1.0000000000        7.2657437868        0.0000000000        0.8869204367        0.1064304524        0.4181607904
       55.4081630000        1.0000000000        1.0000000000        7.3735216776        0.0000000000        0.8869204367        0.1064304524        0.4127873947
       55.5102040000        1.0000000000        1.0000000000        7.6343781903        0.0000000000        0.8869204367        0.1064304524        0.4000661451
       55.6122450000        1.0000000000        1.0000000000        8.2700058878        0.0000000000        0.8869204367        0.1064304524        0.3706857143
       55.7142860000        1.0000000000        1.0000000000        9.2140048776        0.0000000000        0.8869204367        0.1064304524        0.3309855417
       55.8163270000        1.0000000000        1.0000000000        9.6996833626        0.0000000000        0.8869204367        0.1064304524        0.3122466048
       55.9183670000        1.0000000000        1.0000000000        9.3066080745        0.0000000000        0.8869204367        0.1064304524        0.3273278638
       56.0204080000        1.0000000000        1.0000000000        8.7556237309        0.0000000000        0.8869204367        0.1064304524        0.3497016741
       56.1224490000        1.0000000000        1.0000000000        8.6385306544        0.0000000000        0.8869204367        0.1064304524        0.3546500755
       56.2244900000        1.0000000000        1.0000000000        8.8821922034        0.0000000000        0.8869204367        0.1064304524        0.3444304608
       56.3265310000        1.0000000000        1.0000000000        9.3180562410        0.0000000000        0.8869204367        0.1064304524        0.3268784960
       56.4285710000        1.0000000000        1.0000000000        9.9098694331        0.0000000000        0.8869204367        0.1064304524        0.3044695089
       56.5306120000        1.0000000000        1.0000000000       10.6921365095        0.0000000000        0.8869204367        0.1064304524        0.2771888098
       56.6326530000        1.0000000000        1.0000000000       11.7346871303        0.0000000000        0.8869204367        0.1064304524        0.2445923197
       56.7346940000        1.0000000000        1.0000000000       13.1481121745        0.0000000000        0.8869204367        0.1064304524        0.2064342207
       56.8367350000        1.0000000000        1.0000000000       15.1093503039        0.0000000000        0.8869204367        0.1064304524        0.1631439994
       56.9387760000        1.0000000000        1.0000000000       17.9139396209        0.0000000000        0.8869204367        0.1064304524        0.1165222829
       57.0408160000        1.0000000000        1.0000000000       22.0860333834        0.0000000000        0.8869204367        0.1064304524        0.0706283254
       57.1428570000        1.0000000000        1.0000000000       28.6368476597        0.0000000000        0.8869204367        0.1064304524        0.0321796273
       57.2448980000        1.0000000000        1.0000000000       39.8078020741        0.0000000000        0.8869204367        0.1064304524        0.0084217617
       57.3469390000        1.0000000000        1.0000000000       62.0330685856        0.0000000000        0.8869204367        0.1064304524        0.0005849593
       57.4489800000        1.0000000000        1.0000000000      120.1269485717        0.0000000000        0.8869204367        0.1064304524        0.0000005490
       57.5510200000        1.0000000000        1.0000000000      307.9429622595        0.0000000000        0.8869204367        0.1064304524        0.0000000000
       57.6530610000        1.0000000000        1.0000000000      837.7240259943        0.0000000000        0.8869204367        0.1064304524        0.0000000000
       57.7551020000        1.0000000000        1.0000000000     1769.8339751108        0.0000000000        0.8869204367        0.1064304524        0.0000000000
       57.8571430000        1.0000000000        1.0000000000     2472.2292028346        0.0000000000        0.8869204367        0.1064304524        0.0000000000
       57.9591840000        1.0000000000        1.0000000000     2176.8912159485        0.0000000000        0.8869204367        0.1064304524        0.0000000000
       58.0612240000        1.0000000000        1.0000000000     1246.9085389938        0.0000000000        0.8869204367        0.1064304524        0.0000000000
       58.1632650000        1.0000000000        1.0000000000      529.0572635584        0.0000000000        0.8869204367        0.1064304524        0.0000000000
       58.2653060000        1.0000000000        1.0000000000      220.1674535682        0.0000000000        0.8869204367        0.1064304524        0.0000000000
       58.3673470000        1.0000000000        1.0000000000      117.0593496278        0.0000000000        0.8869204367        0.1064304524        0.0000007933
       58.4693880000        1.0000000000        1.0000000000       78.3593030846        0.0000000000        0.8869204367        0.1064304524        0.0000824667
       58.5714290000        1.0000000000        1.0000000000       59.1184416017        0.0000000000        0.8869204367        0.1064304524        0.0008298937
       58.6734690000        1.0000000000        1.0000000000       47.8099859275        0.0000000000        0.8869204367        0.1064304524        0.0032237877
       58.7755100000        1.0000000000        1.0000000000       41.3666089242        0.0000000000        0.8869204367        0.1064304524        0.0069849805
       58.8775510000        1.0000000000        1.0000000000       39.2926300263        0.0000000000        0.8869204367        0.1064304524        0.0089588303
       58.9795920000        1.0000000000        1.0000000000       39.7840413909        0.0000000000        0.8869204367        0.1064304524        0.0084458087
       59.0816330000        1.0000000000        1.0000000000       38.0517993101        0.0000000000        0.8869204367        0.1064304524        0.0103972293
       59.1836730000        1.0000000000        1.0000000000       32.3117849526        0.0000000000        0.8869204367        0.1064304524        0.0207042933
       59.2857140000        1.0000000000        1.0000000000       26.3358798499        0.0000000000        0.8869204367        0.1064304524        0.0424127785
       59.3877550000        1.0000000000        1.0000000000       22.6860365974        0.0000000000        0.8869204367        0.1064304524        0.0657218135
       59.4897960000        1.0000000000        1.0000000000       20.7283549481        0.0000000000        0.8869204367        0.1064304524        0.0831255974
       59.5918370000        1.0000000000        1.0000000000       19.4492624074        0.0000000000        0.8869204367        0.1064304524        0.0969159192
       59.6938780000        1.0000000000        1.0000000000       18.4495471770        0.0000000000        0.8869204367        0.1064304524        0.1092686597
       59.7959180000        1.0000000000        1.0000000000       17.6156270160        0.0000000000        0.8869204367        0.1064304524        0.1207690492
       59.8979590000        1.0000000000        1.0000000000       16.9032212314        0.0000000000        0.8869204367        0.1064304524        0.1315475958
       60.0000000000        1.0000000000        1.0000000000       16.2862897623        0.0000000000        0.8869204367        0.1064304524        0.1416558476
