       55.0000000000        1.0000000000        1.0000000000        7.2832841087        0.0000000000        0.8869204367        0.1064304524        0.4172815551
       55.1020410000        1.0000000000        1.0000000000        7.2898069486        0.0000000000        0.8869204367        0.1064304524        0.4169550596
       55.2040820000        1.0000000000        1.0000000000        7.3018583627        0.0000000000        0.8869204367        0.1064304524        0.4163525076
       55.3061220000        1.0000000000        1.0000000000        7.3246887829        0.0000000000        0.8869204367        0.1064304524        0.4152134083
       55.4081630000        1.0000000000        1.0000000000        7.3832738585        0.0000000000        0.8869204367        0.1064304524        0.4123046080
       55.5102040000        1.0000000000        1.0000000000        7.5846461601        0.0000000000        0.8869204367        0.1064304524        0.4024608157
       55.6122450000        1.0000000000        1.0000000000        8.1490911923        0.0000000000        0.8869204367        0.1064304524        0.3761034866
       55.7142860000        1.0000000000        1.0000000000        9.0101902381        0.0000000000        0.8869204367        0.1064304524        0.3391805123
       55.8163270000        1.0000000000        1.0000000000        9.3983810558        0.0000000000        0.8869204367        0.1064304524        0.3237428579
       55.9183670000        1.0000000000        1.0000000000        8.8834374921        0.0000000000        0.8869204367        0.1064304524        0.3443789948
       56.0204080000        1.0000000000        1.0000000000        8.1763525445        0.0000000000        0.8869204367        0.1064304524        0.3748751262
       56.1224490000        1.0000000000        1.0000000000        7.8623034260        0.0000000000        0.8869204367        0.1064304524        0.3892722101
       56.2244900000        1.0000000000        1.0000000000        7.8584025302        0.0000000000        0.8869204367        0.1064304524        0.3894544740
       56.3265310000        1.0000000000        1.0000000000        7.9795214595        0.0000000000        0.8869204367        0.1064304524        0.3838349736
       56.4285710000        1.0000000000        1.0000000000        8.1650032858        0.0000000000        0.8869204367        0.1064304524        0.3753860206
       56.5306120000        1.0000000000        1.0000000000        8.4137469691        0.0000000000        0.8869204367        0.1064304524        0.3643466110
       56.6326530000        1.0000000000        1.0000000000        8.7420258539        0.0000000000        0.8869204367        0.1064304524        0.3502727639
       56.7346940000        1.0000000000        1.0000000000        9.1768663249        0.0000000000        0.8869204367        0.1064304524        0.3324639124
       56.8367350000        1.0000000000        1.0000000000        9.7592702398        0.0000000000        0.8869204367        0.1064304524        0.3100218721
       56.9387760000        1.0000000000        1.0000000000       10.5521209331        0.0000000000        0.8869204367        0.1064304524        0.2818854456
       57.0408160000        1.0000000000        1.0000000000       11.6549609728        0.0000000000        0.8869204367        0.1064304524        0.2469435980
       57.1428570000        1.0000000000        1.0000000000       13.2325231846        0.0000000000        0.8869204367        0.1064304524        0.2043537369
       57.2448980000        1.0000000000        1.0000000000       15.5734621910        0.0000000000        0.8869204367        0.1064304524        0.1543063352
       57.3469390000        1.0000000000        1.0000000000       19.2250975228        0.0000000000        0.8869204367        0.1064304524        0.0995583173
       57.4489800000        1.0000000000        1.0000000000       25.3654779898        0.0000000000        0.8869204367        0.1064304524        0.0476507286
       57.5510200000        1.0000000000        1.0000000000       37.2209810861        0.0000000000        0.8869204367        0.1064304524        0.0114872480
       57.6530610000        1.0000000000        1.0000000000       67.1362071383        0.0000000000        0.8869204367        0.1064304524        0.0003170837
       57.7551020000        1.0000000000        1.0000000000      166.5945717462        0.0000000000        0.8869204367        0.1064304524        0.0000000021
       57.8571430000        1.0000000000        1.0000000000      478.9084389697        0.0000000000        0.8869204367        0.1064304524        0.0000000000
       57.9591840000        1.0000000000        1.0000000000     1122.7545070604        0.0000000000        0.8869204367        0.1064304524        0.0000000000
       58.0612240000        1.0000000000        1.0000000000     1757.0583410049        0.0000000000        0.8869204367        0.1064304524        0.0000000000
       58.1632650000        1.0000000000        1.0000000000     1717.3085644655        0.0000000000        0.8869204367        0.1064304524        0.0000000000
       58.2653060000        1.0000000000        1.0000000000     1062.6883477527        0.0000000000        0.8869204367        0.1064304524        0.0000000000
       58.3673470000        1.0000000000        1.0000000000      462.5369642428        0.0000000000        0.8869204367        0.1064304524        0.0000000000
       58.4693880000        1.0000000000        1.0000000000      182.8256063671        0.0000000000        0.8869204367        0.1064304524        0.0000000003
       58.5714290000        1.0000000000        1.0000000000       90.5598272237        0.0000000000        0.8869204367        0.1064304524        0.0000190741
       58.6734690000        1.0000000000        1.0000000000       59.1661169759        0.0000000000        0.8869204367        0.1064304524        0.0008251594
       58.7755100000        1.0000000000        1.0000000000       45.8130102071        0.0000000000        0.8869204367        0.1064304524        0.0040967503
       58.8775510000        1.0000000000        1.0000000000       40.7052360789        0.0000000000        0.8869204367        0.1064304524        0.0075619338
       58.9795920000        1.0000000000        1.0000000000       39.6776523328        0.0000000000        0.8869204367        0.1064304524        0.0085543250
       59.0816330000        1.0000000000        1.0000000000       37.1311941259        0.0000000000        0.8869204367        0.1064304524        0.0116116858
       59.1836730000        1.0000000000        1.0000000000       30.9521957406        0.0000000000        0.8869204367        0.1064304524        0.0243733858
       59.2857140000        1.0000000000        1.0000000000       24.7537822358        0.0000000000        0.8869204367        0.1064304524        0.0512800307
       59.3877550000        1.0000000000        1.0000000000       21.0035158703        0.0000000000        0.8869204367        0.1064304524        0.0804256676
       59.4897960000        1.0000000000        1.0000000000       19.0130449506        0.0000000000        0.8869204367        0.1064304524        0.1021242169
       59.5918370000        1.0000000000        1.0000000000       17.7400226033        0.0000000000        0.8869204367        0.1064304524        0.1189796615
       59.6938780000        1.0000000000        1.0000000000       16.7692988533        0.0000000000        0.8869204367        0.1064304524        0.1336787344
       59.7959180000        1.0000000000        1.0000000000       15.9776482942        0.0000000000        0.8869204367        0.1064304524        0.1470007198
       59.8979590000        1.0000000000        1.0000000000       15.3147774480        0.0000000000        0.8869204367        0.1064304524        0.1591714599
       60.0000000000        1.0000000000        1.0000000000       14.7508727227        0.0000000000        0.8869204367        0.1064304524        0.1703151513
