       55.0000000000        1.0000000000        1.0000000000       16.2797954570        0.0000000000        0.8869204367        0.1064304524        0.1417662854
       55.1020410000        1.0000000000        1.0000000000       18.1041300934        0.0000000000        0.8869204367        0.1064304524        0.1138930292
       55.2040820000        1.0000000000        1.0000000000       20.3432177603        0.0000000000        0.8869204367        0.1064304524        0.0870575285
       55.3061220000        1.0000000000        1.0000000000       23.1273017262        0.0000000000        0.8869204367        0.1064304524        0.0623322577
       55.4081630000        1.0000000000        1.0000000000       26.6580236301        0.0000000000        0.8869204367        0.1064304524        0.0408045030
       55.5102040000        1.0000000000        1.0000000000       31.2950626398        0.0000000000        0.8869204367        0.1064304524        0.0233909165
       55.6122450000        1.0000000000        1.0000000000       37.6169372941        0.0000000000        0.8869204367        0.1064304524        0.0109541985
       55.7142860000        1.0000000000        1.0000000000       46.0840047608        0.0000000000        0.8869204367        0.1064304524        0.0039656696
       55.8163270000        1.0000000000        1.0000000000       56.8293626918        0.0000000000        0.8869204367        0.1064304524        0.0010922412
       55.9183670000        1.0000000000        1.0000000000       71.0249777365        0.0000000000        0.8869204367        0.1064304524        0.0001988425
       56.0204080000        1.0000000000        1.0000000000       92.2066879933        0.0000000000        0.8869204367        0.1064304524        0.0000156537
       56.1224490000        1.0000000000        1.0000000000      126.5634407014        0.0000000000        0.8869204367        0.1064304524        0.0000002536
       56.2244900000        1.0000000000        1.0000000000      187.2982873046        0.0000000000        0.8869204367        0.1064304524        0.0000000002
       56.3265310000        1.0000000000        1.0000000000      313.8129957644        0.0000000000        0.8869204367        0.1064304524        0.0000000000
       56.4285710000        1.0000000000        1.0000000000      635.6827060560        0.0000000000        0.8869204367        0.1064304524        0.0000000000
       56.5306120000        1.0000000000        1.0000000000     1475.2781551548        0.0000000000        0.8869204367        0.1064304524        0.0000000000
       56.6326530000        1.0000000000        1.0000000000     3119.7405717322        0.0000000000        0.8869204367        0.1064304524        0.0000000000
       56.7346940000        1.0000000000        1.0000000000     4881.3544248033        0.0000000000        0.8869204367        0.1064304524        0.0000000000
       56.8367350000        1.0000000000        1.0000000000     5116.4282628422        0.0000000000        0.8869204367        0.1064304524        0.0000000000
       56.9387760000        1.0000000000        1.0000000000     3564.6147806080        0.0000000000        0.8869204367        0.1064304524        0.0000000000
       57.0408160000        1.0000000000        1.0000000000     1786.4295954540        0.0000000000        0.8869204367        0.1064304524        0.0000000000
       57.1428570000        1.0000000000        1.0000000000      782.3069462663        0.0000000000        0.8869204367        0.1064304524        0.0000000000
       57.2448980000        1.0000000000        1.0000000000      423.3496938159        0.0000000000        0.8869204367        0.1064304524        0.0000000000
       57.3469390000        1.0000000000        1.0000000000      457.8478234844        0.0000000000        0.8869204367        0.1064304524        0.0000000000
       57.4489800000        1.0000000000        1.0000000000      877.9326320052        0.0000000000        0.8869204367        0.1064304524        0.0000000000
       57.5510200000        1.0000000000        1.0000000000     1482.4943932484        0.0000000000        0.8869204367        0.1064304524        0.0000000000
       57.6530610000        1.0000000000        1.0000000000     1654.1642981425        0.0000000000        0.8869204367        0.1064304524        0.0000000000
       57.7551020000        1.0000000000        1.0000000000     1185.9782291680        0.0000000000        0.8869204367        0.1064304524        0.0000000000
       57.8571430000        1.0000000000        1.0000000000      608.7629709760        0.0000000000        0.8869204367        0.1064304524        0.0000000000
       57.9591840000        1.0000000000        1.0000000000      289.8275206064        0.0000000000        0.8869204367        0.1064304524        0.0000000000
       58.0612240000        1.0000000000        1.0000000000      168.9559551057        0.0000000000        0.8869204367        0.1064304524        0.0000000016
       58.1632650000        1.0000000000        1.0000000000      121.9070860910        0.0000000000        0.8869204367        0.1064304524        0.0000004434
       58.2653060000        1.0000000000        1.0000000000       97.6146504747        0.0000000000        0.8869204367        0.1064304524        0.0000081805
       58.3673470000        1.0000000000        1.0000000000       82.1023826775        0.0000000000        0.8869204367        0.1064304524        0.0000526268
       58.4693880000        1.0000000000        1.0000000000       71.1242830640        0.0000000000        0.8869204367        0.1064304524        0.0001964871
       58.5714290000        1.0000000000        1.0000000000       62.9308225163        0.0000000000        0.8869204367        0.1064304524        0.0005252172
       58.6734690000        1.0000000000        1.0000000000       56.7744913942        0.0000000000        0.8869204367        0.1064304524        0.0010994569
       58.7755100000        1.0000000000        1.0000000000       52.8262076198        0.0000000000        0.8869204367        0.1064304524        0.0017658115
       58.8775510000        1.0000000000        1.0000000000       51.9131117522        0.0000000000        0.8869204367        0.1064304524        0.0019702922
       58.9795920000        1.0000000000        1.0000000000       52.9050990587        0.0000000000        0.8869204367        0.1064304524        0.0017491735
       59.0816330000        1.0000000000        1.0000000000       51.3393701586        0.0000000000        0.8869204367        0.1064304524        0.0021107237
       59.1836730000        1.0000000000        1.0000000000       45.5085617925        0.0000000000        0.8869204367        0.1064304524        0.0042491878
       59.2857140000        1.0000000000        1.0000000000       39.2303741249        0.0000000000        0.8869204367        0.1064304524        0.0090260098
       59.3877550000        1.0000000000        1.0000000000       35.1701205503        0.0000000000        0.8869204367        0.1064304524        0.0146925537
       59.4897960000        1.0000000000        1.0000000000       32.7709211782        0.0000000000        0.8869204367        0.1064304524        0.0195944182
       59.5918370000        1.0000000000        1.0000000000       31.0475094420        0.0000000000        0.8869204367        0.1064304524        0.0240961999
       59.6938780000        1.0000000000        1.0000000000       29.6102688795        0.0000000000        0.8869204367        0.1064304524        0.0286319439
       59.7959180000        1.0000000000        1.0000000000       28.3510962003        0.0000000000        0.8869204367        0.1064304524        0.0333022091
       59.8979590000        1.0000000000        1.0000000000       27.2292437748        0.0000000000        0.8869204367        0.1064304524        0.0381012095
       60.0000000000        1.0000000000        1.0000000000       26.2206884977        0.0000000000        0.8869204367        0.1064304524        0.0430031195
