       55.0000000000        1.0000000000        1.0000000000        7.2335441041        0.0000000000        0.8869204367        0.1064304524        0.4197796734
       55.1020410000        1.0000000000        1.0000000000        7.2389576179        0.0000000000        0.8869204367        0.1064304524        0.4195070640
       55.2040820000        1.0000000000        1.0000000000        7.2498694550        0.0000000000        0.8869204367        0.1064304524        0.4189581123
       55.3061220000        1.0000000000        1.0000000000        7.2715361149        0.0000000000        0.8869204367        0.1064304524        0.4178702364
       55.4081630000        1.0000000000        1.0000000000        7.3289464445        0.0000000000        0.8869204367        0.1064304524        0.4150013219
       55.5102040000        1.0000000000        1.0000000000        7.5291483492        0.0000000000        0.8869204367        0.1064304524        0.4051500438
       55.6122450000        1.0000000000        1.0000000000        8.0923863550        0.0000000000        0.8869204367        0.1064304524        0.3786714401
       55.7142860000        1.0000000000        1.0000000000        8.9520857991        0.0000000000        0.8869204367        0.1064304524        0.3415537236
       55.8163270000        1.0000000000        1.0000000000        9.3386411512        0.0000000000        0.8869204367        0.1064304524        0.3260720407
       55.9183670000        1.0000000000        1.0000000000        8.8221229967        0.0000000000        0.8869204367        0.1064304524        0.3469221903
       56.0204080000        1.0000000000        1.0000000000        8.1137455083        0.0000000000        0.8869204367        0.1064304524        0.3777021107
       56.1224490000        1.0000000000        1.0000000000        7.7985956699        0.0000000000        0.8869204367        0.1064304524        0.3922595738
       56.2244900000        1.0000000000        1.0000000000        7.7937013264        0.0000000000        0.8869204367        0.1064304524        0.3924900238
       56.3265310000        1.0000000000        1.0000000000        7.9139833749        0.0000000000        0.8869204367        0.1064304524        0.3868655722
       56.4285710000        1.0000000000        1.0000000000        8.0988980710        0.0000000000        0.8869204367        0.1064304524        0.3783756596
       56.5306120000        1.0000000000        1.0000000000        8.3474995698        0.0000000000        0.8869204367        0.1064304524        0.3672545964
       56.6326530000        1.0000000000        1.0000000000        8.6762831665        0.0000000000        0.8869204367        0.1064304524        0.3530470376
       56.7346940000        1.0000000000        1.0000000000        9.1126078899        0.0000000000        0.8869204367        0.1064304524        0.3350374552
       56.8367350000        1.0000000000        1.0000000000        9.6979904310        0.0000000000        0.8869204367        0.1064304524        0.3123100447
       56.9387760000        1.0000000000        1.0000000000       10.4961369330        0.0000000000        0.8869204367        0.1064304524        0.2837855499
       57.0408160000        1.0000000000        1.0000000000       11.6079557516        0.0000000000        0.8869204367        0.1064304524        0.2483404504
       57.1428570000        1.0000000000        1.0000000000       13.2005575682        0.0000000000        0.8869204367        0.1064304524        0.2051391175
       57.2448980000        1.0000000000        1.0000000000       15.5669991960        0.0000000000        0.8869204367        0.1064304524        0.1544260553
       57.3469390000        1.0000000000        1.0000000000       19.2634939164        0.0000000000        0.8869204367        0.1064304524        0.0991006509
       57.4489800000        1.0000000000        1.0000000000       25.4891561467        0.0000000000        0.8869204367        0.1064304524        0.0469487481
       57.5510200000        1.0000000000        1.0000000000       37.5414524005        0.0000000000        0.8869204367        0.1064304524        0.0110538744
       57.6530610000        1.0000000000        1.0000000000       68.1385628542        0.0000000000        0.8869204367        0.1064304524        0.0002811485
       57.7551020000        1.0000000000        1.0000000000      170.7130169961        0.0000000000        0.8869204367        0.1064304524        0.0000000013
       57.8571430000        1.0000000000        1.0000000000      494.5073215808        0.0000000000        0.8869204367        0.1064304524        0.0000000000
       57.9591840000        1.0000000000        1.0000000000     1162.8591963591        0.0000000000        0.8869204367        0.1064304524        0.0000000000
       58.0612240000        1.0000000000        1.0000000000     1819.4041495352        0.0000000000        0.8869204367        0.1064304524        0.0000000000
       58.1632650000        1.0000000000        1.0000000000     1773.8853147610        0.0000000000        0.8869204367        0.1064304524        0.0000000000
       58.2653060000        1.0000000000        1.0000000000     1093.0030006929        0.0000000000        0.8869204367        0.1064304524        0.0000000000
       58.3673470000        1.0000000000        1.0000000000      472.9991217010        0.0000000000        0.8869204367        0.1064304524        0.0000000000
       58.4693880000        1.0000000000        1.0000000000      185.9439668474        0.0000000000        0.8869204367        0.1064304524        0.0000000002
       58.5714290000        1.0000000000        1.0000000000       91.8959455869        0.0000000000        0.8869204367        0.1064304524        0.0000162484
       58.6734690000        1.0000000000        1.0000000000       60.0247091538        0.0000000000        0.8869204367        0.1064304524        0.0007443754
       58.7755100000        1.0000000000        1.0000000000       46.4557274722        0.0000000000        0.8869204367        0.1064304524        0.0037926614
       58.8775510000        1.0000000000        1.0000000000       41.2164306496        0.0000000000        0.8869204367        0.1064304524        0.0071120007
       58.9795920000        1.0000000000        1.0000000000       40.1018618127        0.0000000000        0.8869204367        0.1064304524        0.0081297637
       59.0816330000        1.0000000000        1.0000000000       37.4957670881        0.0000000000        0.8869204367        0.1064304524        0.0111146408
       59.1836730000        1.0000000000        1.0000000000       31.2717617158        0.0000000000        0.8869204367        0.1064304524        0.0234564116
       59.2857140000        1.0000000000        1.0000000000       25.0359318285        0.0000000000        0.8869204367        0.1064304524        0.0495728577
       59.3877550000        1.0000000000        1.0000000000       21.2544806338        0.0000000000        0.8869204367        0.1064304524        0.0780396946
       59.4897960000        1.0000000000        1.0000000000       19.2385805472        0.0000000000        0.8869204367        0.1064304524        0.0993973659
       59.5918370000        1.0000000000        1.0000000000       17.9447038305        0.0000000000        0.8869204367        0.1064304524        0.1160929101
       59.6938780000        1.0000000000        1.0000000000       16.9565693899        0.0000000000        0.8869204367        0.1064304524        0.1307081470
       59.7959180000        1.0000000000        1.0000000000       16.1501508142        0.0000000000        0.8869204367        0.1064304524        0.1439890394
       59.8979590000        1.0000000000        1.0000000000       15.4745951710        0.0000000000        0.8869204367        0.1064304524        0.1561479349
       60.0000000000        1.0000000000        1.0000000000       14.8996815411        0.0000000000        0.8869204367        0.1064304524        0.1673008174
