       55.0000000000        1.0000000000        1.0000000000       10.4402429247        0.0000000000        0.8869204367        0.1064304524        0.2856953771
       55.1020410000        1.0000000000        1.0000000000       11.1461535909        0.0000000000        0.8869204367        0.1064304524        0.2624910137
       55.2040820000        1.0000000000        1.0000000000       11.9850213712        0.0000000000        0.8869204367        0.1064304524        0.2373540040
       55.3061220000        1.0000000000        1.0000000000       12.9920721145        0.0000000000        0.8869204367        0.1064304524        0.2103360785
       55.4081630000        1.0000000000        1.0000000000       14.2318060128        0.0000000000        0.8869204367        0.1064304524        0.1812611044
       55.5102040000        1.0000000000        1.0000000000       15.8624795506        0.0000000000        0.8869204367        0.1064304524        0.1490464098
       55.6122450000        1.0000000000        1.0000000000       18.1632817049        0.0000000000        0.8869204367        0.1064304524        0.1130874569
       55.7142860000        1.0000000000        1.0000000000       21.1332289924        0.0000000000        0.8869204367        0.1064304524        0.0791834886
       55.8163270000        1.0000000000        1.0000000000       24.1204735821        0.0000000000        0.8869204367        0.1064304524        0.0553290700
       55.9183670000        1.0000000000        1.0000000000       26.9102269740        0.0000000000        0.8869204367        0.1064304524        0.0395880792
       56.0204080000        1.0000000000        1.0000000000       30.4915227176        0.0000000000        0.8869204367        0.1064304524        0.0257587031
       56.1224490000        1.0000000000        1.0000000000       35.8059013159        0.0000000000        0.8869204367        0.1064304524        0.0136132982
       56.2244900000        1.0000000000        1.0000000000       43.3247059374        0.0000000000        0.8869204367        0.1064304524        0.0055222786
       56.3265310000        1.0000000000        1.0000000000       53.7818691456        0.0000000000        0.8869204367        0.1064304524        0.0015744893
       56.4285710000        1.0000000000        1.0000000000       68.6757277015        0.0000000000        0.8869204367        0.1064304524        0.0002635975
       56.5306120000        1.0000000000        1.0000000000       90.8238271677        0.0000000000        0.8869204367        0.1064304524        0.0000184793
       56.6326530000        1.0000000000        1.0000000000      125.8733167999        0.0000000000        0.8869204367        0.1064304524        0.0000002755
       56.7346940000        1.0000000000        1.0000000000      187.0661920843        0.0000000000        0.8869204367        0.1064304524        0.0000000002
       56.8367350000        1.0000000000        1.0000000000      312.7758912892        0.0000000000        0.8869204367        0.1064304524        0.0000000000
       56.9387760000        1.0000000000        1.0000000000      625.3905262696        0.0000000000        0.8869204367        0.1064304524        0.0000000000
       57.0408160000        1.0000000000        1.0000000000     1427.6008589635        0.0000000000        0.8869204367        0.1064304524        0.0000000000
       57.1428570000        1.0000000000        1.0000000000     3026.3882488672        0.0000000000        0.8869204367        0.1064304524        0.0000000000
       57.2448980000        1.0000000000        1.0000000000     4929.4255343899        0.0000000000        0.8869204367        0.1064304524        0.0000000000
       57.3469390000        1.0000000000        1.0000000000     5644.2345415353        0.0000000000        0.8869204367        0.1064304524        0.0000000000
       57.4489800000        1.0000000000        1.0000000000     4494.6569928279        0.0000000000        0.8869204367        0.1064304524        0.0000000000
       57.5510200000        1.0000000000        1.0000000000     2612.9716077201        0.0000000000        0.8869204367        0.1064304524        0.0000000000
       57.6530610000        1.0000000000        1.0000000000     1261.3758323005        0.0000000000        0.8869204367        0.1064304524        0.0000000000
       57.7551020000        1.0000000000        1.0000000000      620.0663170737        0.0000000000        0.8869204367        0.1064304524        0.0000000000
       57.8571430000        1.0000000000        1.0000000000      359.7723166577        0.0000000000        0.8869204367        0.1064304524        0.0000000000
       57.9591840000        1.0000000000        1.0000000000      243.3158279485        0.0000000000        0.8869204367        0.1064304524        0.0000000000
       58.0612240000        1.0000000000        1.0000000000      180.4741706945        0.0000000000        0.8869204367        0.1064304524        0.0000000004
       58.1632650000        1.0000000000        1.0000000000      141.5893624439        0.0000000000        0.8869204367        0.1064304524        0.0000000418
       58.2653060000        1.0000000000        1.0000000000      115.4363416584        0.0000000000        0.8869204367        0.1064304524        0.0000009638
       58.3673470000        1.0000000000        1.0000000000       96.8464736284        0.0000000000        0.8869204367        0.1064304524        0.0000089704
       58.4693880000        1.0000000000        1.0000000000       83.0908014511        0.0000000000        0.8869204367        0.1064304524        0.0000467407
       58.5714290000        1.0000000000        1.0000000000       72.6190875600        0.0000000000        0.8869204367        0.1064304524        0.0001642221
       58.6734690000        1.0000000000        1.0000000000       64.6384786050        0.0000000000        0.8869204367        0.1064304524        0.0004279015
       58.7755100000        1.0000000000        1.0000000000       59.2349806991        0.0000000000        0.8869204367        0.1064304524        0.0008183686
       58.8775510000        1.0000000000        1.0000000000       57.1602300652        0.0000000000        0.8869204367        0.1064304524        0.0010497244
       58.9795920000        1.0000000000        1.0000000000       57.2286944728        0.0000000000        0.8869204367        0.1064304524        0.0010411355
       59.0816330000        1.0000000000        1.0000000000       54.9281941076        0.0000000000        0.8869204367        0.1064304524        0.0013721406
       59.1836730000        1.0000000000        1.0000000000       48.4984772613        0.0000000000        0.8869204367        0.1064304524        0.0029681475
       59.2857140000        1.0000000000        1.0000000000       41.7195409885        0.0000000000        0.8869204367        0.1064304524        0.0066953306
       59.3877550000        1.0000000000        1.0000000000       37.2403746506        0.0000000000        0.8869204367        0.1064304524        0.0114605456
       59.4897960000        1.0000000000        1.0000000000       34.4928617996        0.0000000000        0.8869204367        0.1064304524        0.0159364966
       59.5918370000        1.0000000000        1.0000000000       32.4791791321        0.0000000000        0.8869204367        0.1064304524        0.0202925492
       59.6938780000        1.0000000000        1.0000000000       30.7985436329        0.0000000000        0.8869204367        0.1064304524        0.0248269571
       59.7959180000        1.0000000000        1.0000000000       29.3340847089        0.0000000000        0.8869204367        0.1064304524        0.0295967665
       59.8979590000        1.0000000000        1.0000000000       28.0382135473        0.0000000000        0.8869204367        0.1064304524        0.0345763407
       60.0000000000        1.0000000000        1.0000000000       26.8814937941        0.0000000000        0.8869204367        0.1064304524        0.0397248137
