       55.0000000000        1.0000000000        1.0000000000        8.0039102681        0.0000000000        0.8869204367        0.1064304524        0.3827132625
       55.1020410000        1.0000000000        1.0000000000        8.2884213516        0.0000000000        0.8869204367        0.1064304524        0.3698674569
       55.2040820000        1.0000000000        1.0000000000        8.6507977360        0.0000000000        0.8869204367        0.1064304524        0.3541283970
       55.3061220000        1.0000000000        1.0000000000        9.1201933848        0.0000000000        0.8869204367        0.1064304524        0.3347326230
       55.4081630000        1.0000000000        1.0000000000        9.7559223419        0.0000000000        0.8869204367        0.1064304524        0.3101464477
       55.5102040000        1.0000000000        1.0000000000       10.7147439095        0.0000000000        0.8869204367        0.1064304524        0.2764378467
       55.6122450000        1.0000000000        1.0000000000       12.2872385222        0.0000000000        0.8869204367        0.1064304524        0.2289003272
       55.7142860000        1.0000000000        1.0000000000       14.5098874703        0.0000000000        0.8869204367        0.1064304524        0.1753122698
       55.8163270000        1.0000000000        1.0000000000       16.7957431808        0.0000000000        0.8869204367        0.1064304524        0.1332552014
       55.9183670000        1.0000000000        1.0000000000       19.0500966909        0.0000000000        0.8869204367        0.1064304524        0.1016711592
       56.0204080000        1.0000000000        1.0000000000       22.5783907176        0.0000000000        0.8869204367        0.1064304524        0.0665762823
       56.1224490000        1.0000000000        1.0000000000       29.1458630194        0.0000000000        0.8869204367        0.1064304524        0.0302728635
       56.2244900000        1.0000000000        1.0000000000       41.5394667846        0.0000000000        0.8869204367        0.1064304524        0.0068415839
       56.3265310000        1.0000000000        1.0000000000       69.3995214609        0.0000000000        0.8869204367        0.1064304524        0.0002416687
       56.4285710000        1.0000000000        1.0000000000      154.5843559386        0.0000000000        0.8869204367        0.1064304524        0.0000000088
       56.5306120000        1.0000000000        1.0000000000      436.6435474205        0.0000000000        0.8869204367        0.1064304524        0.0000000000
       56.6326530000        1.0000000000        1.0000000000     1114.9148461890        0.0000000000        0.8869204367        0.1064304524        0.0000000000
       56.7346940000        1.0000000000        1.0000000000     1975.1063839352        0.0000000000        0.8869204367        0.1064304524        0.0000000000
       56.8367350000        1.0000000000        1.0000000000     2198.6890854825        0.0000000000        0.8869204367        0.1064304524        0.0000000000
       56.9387760000        1.0000000000        1.0000000000     1524.2423982569        0.0000000000        0.8869204367        0.1064304524        0.0000000000
       57.0408160000        1.0000000000        1.0000000000      710.2715227508        0.0000000000        0.8869204367        0.1064304524        0.0000000000
       57.1428570000        1.0000000000        1.0000000000      274.8116145015        0.0000000000        0.8869204367        0.1064304524        0.0000000000
       57.2448980000        1.0000000000        1.0000000000      123.6151315064        0.0000000000        0.8869204367        0.1064304524        0.0000003612
       57.3469390000        1.0000000000        1.0000000000       74.2352534009        0.0000000000        0.8869204367        0.1064304524        0.0001352710
       57.4489800000        1.0000000000        1.0000000000       53.3532669758        0.0000000000        0.8869204367        0.1064304524        0.0016575875
       57.5510200000        1.0000000000        1.0000000000       42.0783557349        0.0000000000        0.8869204367        0.1064304524        0.0064131630
       57.6530610000        1.0000000000        1.0000000000       35.3456682473        0.0000000000        0.8869204367        0.1064304524        0.0143862816
       57.7551020000        1.0000000000        1.0000000000       31.4569703925        0.0000000000        0.8869204367        0.1064304524        0.0229408424
       57.8571430000        1.0000000000        1.0000000000       30.1234034766        0.0000000000        0.8869204367        0.1064304524        0.0269220825
       57.9591840000        1.0000000000        1.0000000000       33.3469855328        0.0000000000        0.8869204367        0.1064304524        0.0182856576
       58.0612240000        1.0000000000        1.0000000000       53.2658233163        0.0000000000        0.8869204367        0.1064304524        0.0016750726
       58.1632650000        1.0000000000        1.0000000000      135.3357235642        0.0000000000        0.8869204367        0.1064304524        0.0000000885
       58.2653060000        1.0000000000        1.0000000000      350.8269823507        0.0000000000        0.8869204367        0.1064304524        0.0000000000
       58.3673470000        1.0000000000        1.0000000000      638.5989370907        0.0000000000        0.8869204367        0.1064304524        0.0000000000
       58.4693880000        1.0000000000        1.0000000000      725.2635684666        0.0000000000        0.8869204367        0.1064304524        0.0000000000
       58.5714290000        1.0000000000        1.0000000000      509.9575630110        0.0000000000        0.8869204367        0.1064304524        0.0000000000
       58.6734690000        1.0000000000        1.0000000000      242.0718028869        0.0000000000        0.8869204367        0.1064304524        0.0000000000
       58.7755100000        1.0000000000        1.0000000000      100.3853040752        0.0000000000        0.8869204367        0.1064304524        0.0000058666
       58.8775510000        1.0000000000        1.0000000000       55.5500200248        0.0000000000        0.8869204367        0.1064304524        0.0012734794
       58.9795920000        1.0000000000        1.0000000000       44.8442486010        0.0000000000        0.8869204367        0.1064304524        0.0046017904
       59.0816330000        1.0000000000        1.0000000000       39.5911038860        0.0000000000        0.8869204367        0.1064304524        0.0086436315
       59.1836730000        1.0000000000        1.0000000000       32.4224857726        0.0000000000        0.8869204367        0.1064304524        0.0204310742
       59.2857140000        1.0000000000        1.0000000000       25.8051631233        0.0000000000        0.8869204367        0.1064304524        0.0452017455
       59.3877550000        1.0000000000        1.0000000000       21.8726206573        0.0000000000        0.8869204367        0.1064304524        0.0724604431
       59.4897960000        1.0000000000        1.0000000000       19.8089622271        0.0000000000        0.8869204367        0.1064304524        0.0928216409
       59.5918370000        1.0000000000        1.0000000000       18.5137019095        0.0000000000        0.8869204367        0.1064304524        0.1084306773
       59.6938780000        1.0000000000        1.0000000000       17.5436023838        0.0000000000        0.8869204367        0.1064304524        0.1218173745
       59.7959180000        1.0000000000        1.0000000000       16.7617534970        0.0000000000        0.8869204367        0.1064304524        0.1337998276
       59.8979590000        1.0000000000        1.0000000000       16.1112104702        0.0000000000        0.8869204367        0.1064304524        0.1446634518
       60.0000000000        1.0000000000        1.0000000000       15.5589916178        0.0000000000        0.8869204367        0.1064304524        0.1545745161
