       55.0000000000        1.0000000000        1.0000000000       10.2733682017        0.0000000000        0.8869204367        0.1064304524        0.2914740836
       55.1020410000        1.0000000000        1.0000000000       11.0268072377        0.0000000000        0.8869204367        0.1064304524        0.2662773435
       55.2040820000        1.0000000000        1.0000000000       11.9512339305        0.0000000000        0.8869204367        0.1064304524        0.2383183077
       55.3061220000        1.0000000000        1.0000000000       13.1012156323        0.0000000000        0.8869204367        0.1064304524        0.2075992219
       55.4081630000        1.0000000000        1.0000000000       14.5712506220        0.0000000000        0.8869204367        0.1064304524        0.1740260854
       55.5102040000        1.0000000000        1.0000000000       16.5671287283        0.0000000000        0.8869204367        0.1064304524        0.1369614955
       55.6122450000        1.0000000000        1.0000000000       19.4456259203        0.0000000000        0.8869204367        0.1064304524        0.0969582204
       55.7142860000        1.0000000000        1.0000000000       23.3360554256        0.0000000000        0.8869204367        0.1064304524        0.0607902022
       55.8163270000        1.0000000000        1.0000000000       27.8155272089        0.0000000000        0.8869204367        0.1064304524        0.0355127581
       55.9183670000        1.0000000000        1.0000000000       33.0906438957        0.0000000000        0.8869204367        0.1064304524        0.0188568833
       56.0204080000        1.0000000000        1.0000000000       40.9967795419        0.0000000000        0.8869204367        0.1064304524        0.0073019522
       56.1224490000        1.0000000000        1.0000000000       54.4097537055        0.0000000000        0.8869204367        0.1064304524        0.0014602167
       56.2244900000        1.0000000000        1.0000000000       79.2842026017        0.0000000000        0.8869204367        0.1064304524        0.0000738035
       56.3265310000        1.0000000000        1.0000000000      137.2152470459        0.0000000000        0.8869204367        0.1064304524        0.0000000706
       56.4285710000        1.0000000000        1.0000000000      310.5223504479        0.0000000000        0.8869204367        0.1064304524        0.0000000000
       56.5306120000        1.0000000000        1.0000000000      797.5834956313        0.0000000000        0.8869204367        0.1064304524        0.0000000000
       56.6326530000        1.0000000000        1.0000000000     1684.5744820629        0.0000000000        0.8869204367        0.1064304524        0.0000000000
       56.7346940000        1.0000000000        1.0000000000     2391.7366444114        0.0000000000        0.8869204367        0.1064304524        0.0000000000
       56.8367350000        1.0000000000        1.0000000000     2127.1379258517        0.0000000000        0.8869204367        0.1064304524        0.0000000000
       56.9387760000        1.0000000000        1.0000000000     1208.5587332951        0.0000000000        0.8869204367        0.1064304524        0.0000000000
       57.0408160000        1.0000000000        1.0000000000      508.2611357965        0.0000000000        0.8869204367        0.1064304524        0.0000000000
       57.1428570000        1.0000000000        1.0000000000      264.7014906650        0.0000000000        0.8869204367        0.1064304524        0.0000000000
       57.2448980000        1.0000000000        1.0000000000      363.7729915619        0.0000000000        0.8869204367        0.1064304524        0.0000000000
       57.3469390000        1.0000000000        1.0000000000      904.4450216582        0.0000000000        0.8869204367        0.1064304524        0.0000000000
       57.4489800000        1.0000000000        1.0000000000     1996.6520841584        0.0000000000        0.8869204367        0.1064304524        0.0000000000
       57.5510200000        1.0000000000        1.0000000000     3003.6435952210        0.0000000000        0.8869204367        0.1064304524        0.0000000000
       57.6530610000        1.0000000000        1.0000000000     2880.4095646990        0.0000000000        0.8869204367        0.1064304524        0.0000000000
       57.7551020000        1.0000000000        1.0000000000     1806.9671541064        0.0000000000        0.8869204367        0.1064304524        0.0000000000
       57.8571430000        1.0000000000        1.0000000000      841.5327054788        0.0000000000        0.8869204367        0.1064304524        0.0000000000
       57.9591840000        1.0000000000        1.0000000000      375.9600128746        0.0000000000        0.8869204367        0.1064304524        0.0000000000
       58.0612240000        1.0000000000        1.0000000000      206.1710981551        0.0000000000        0.8869204367        0.1064304524        0.0000000000
       58.1632650000        1.0000000000        1.0000000000      139.3421240428        0.0000000000        0.8869204367        0.1064304524        0.0000000547
       58.2653060000        1.0000000000        1.0000000000      105.4754898107        0.0000000000        0.8869204367        0.1064304524        0.0000031850
       58.3673470000        1.0000000000        1.0000000000       84.8419475578        0.0000000000        0.8869204367        0.1064304524        0.0000378820
       58.4693880000        1.0000000000        1.0000000000       70.9509402927        0.0000000000        0.8869204367        0.1064304524        0.0002006170
       58.5714290000        1.0000000000        1.0000000000       61.0430281812        0.0000000000        0.8869204367        0.1064304524        0.0006587520
       58.6734690000        1.0000000000        1.0000000000       53.8664036470        0.0000000000        0.8869204367        0.1064304524        0.0015585982
       58.7755100000        1.0000000000        1.0000000000       49.3189503363        0.0000000000        0.8869204367        0.1064304524        0.0026898387
       58.8775510000        1.0000000000        1.0000000000       48.0639551959        0.0000000000        0.8869204367        0.1064304524        0.0031270206
       58.9795920000        1.0000000000        1.0000000000       48.8598645051        0.0000000000        0.8869204367        0.1064304524        0.0028421805
       59.0816330000        1.0000000000        1.0000000000       47.1834359503        0.0000000000        0.8869204367        0.1064304524        0.0034755160
       59.1836730000        1.0000000000        1.0000000000       41.3195486203        0.0000000000        0.8869204367        0.1064304524        0.0070245380
       59.2857140000        1.0000000000        1.0000000000       35.0782904869        0.0000000000        0.8869204367        0.1064304524        0.0148553552
       59.3877550000        1.0000000000        1.0000000000       31.0959427646        0.0000000000        0.8869204367        0.1064304524        0.0239565590
       59.4897960000        1.0000000000        1.0000000000       28.7924881344        0.0000000000        0.8869204367        0.1064304524        0.0315841908
       59.5918370000        1.0000000000        1.0000000000       27.1733454545        0.0000000000        0.8869204367        0.1064304524        0.0383576438
       59.6938780000        1.0000000000        1.0000000000       25.8449859742        0.0000000000        0.8869204367        0.1064304524        0.0449862534
       59.7959180000        1.0000000000        1.0000000000       24.6966347054        0.0000000000        0.8869204367        0.1064304524        0.0516329025
       59.8979590000        1.0000000000        1.0000000000       23.6855445815        0.0000000000        0.8869204367        0.1064304524        0.0582934612
       60.0000000000        1.0000000000        1.0000000000       22.7862668488        0.0000000000        0.8869204367        0.1064304524        0.0649360706
