       55.0000000000        1.0000000000        1.0000000000       16.5548788653        0.0000000000        0.8869204367        0.1064304524        0.1371629747
       55.1020410000        1.0000000000        1.0000000000       18.5188633523        0.0000000000        0.8869204367        0.1064304524        0.1083635390
       55.2040820000        1.0000000000        1.0000000000       20.9561683232        0.0000000000        0.8869204367        0.1064304524        0.0808839232
       55.3061220000        1.0000000000        1.0000000000       24.0244901347        0.0000000000        0.8869204367        0.1064304524        0.0559700353
       55.4081630000        1.0000000000        1.0000000000       27.9687613025        0.0000000000        0.8869204367        0.1064304524        0.0348657134
       55.5102040000        1.0000000000        1.0000000000       33.2189164774        0.0000000000        0.8869204367        0.1064304524        0.0185688473
       55.6122450000        1.0000000000        1.0000000000       40.4714646536        0.0000000000        0.8869204367        0.1064304524        0.0077770689
       55.7142860000        1.0000000000        1.0000000000       50.3942498049        0.0000000000        0.8869204367        0.1064304524        0.0023642132
       55.8163270000        1.0000000000        1.0000000000       63.5153275371        0.0000000000        0.8869204367        0.1064304524        0.0004896404
       55.9183670000        1.0000000000        1.0000000000       81.8138733554        0.0000000000        0.8869204367        0.1064304524        0.0000544807
       56.0204080000        1.0000000000        1.0000000000      110.6993965523        0.0000000000        0.8869204367        0.1064304524        0.0000017016
       56.1224490000        1.0000000000        1.0000000000      161.7309122543        0.0000000000        0.8869204367        0.1064304524        0.0000000037
       56.2244900000        1.0000000000        1.0000000000      267.1652117643        0.0000000000        0.8869204367        0.1064304524        0.0000000000
       56.3265310000        1.0000000000        1.0000000000      535.6134602278        0.0000000000        0.8869204367        0.1064304524        0.0000000000
       56.4285710000        1.0000000000        1.0000000000     1254.0941714519        0.0000000000        0.8869204367        0.1064304524        0.0000000000
       56.5306120000        1.0000000000        1.0000000000     2722.6006086004        0.0000000000        0.8869204367        0.1064304524        0.0000000000
       56.6326530000        1.0000000000        1.0000000000     4386.9858778800        0.0000000000        0.8869204367        0.1064304524        0.0000000000
       56.7346940000        1.0000000000        1.0000000000     4703.2186490529        0.0000000000        0.8869204367        0.1064304524        0.0000000000
       56.8367350000        1.0000000000        1.0000000000     3314.3506168584        0.0000000000        0.8869204367        0.1064304524        0.0000000000
       56.9387760000        1.0000000000        1.0000000000     1711.8854448463        0.0000000000        0.8869204367        0.1064304524        0.0000000000
       57.0408160000        1.0000000000        1.0000000000     1038.4353648987        0.0000000000        0.8869204367        0.1064304524        0.0000000000
       57.1428570000        1.0000000000        1.0000000000     1298.7508179751        0.0000000000        0.8869204367        0.1064304524        0.0000000000
       57.2448980000        1.0000000000        1.0000000000     1816.5517871648        0.0000000000        0.8869204367        0.1064304524        0.0000000000
       57.3469390000        1.0000000000        1.0000000000     1762.4630329486        0.0000000000        0.8869204367        0.1064304524        0.0000000000
       57.4489800000        1.0000000000        1.0000000000     1134.7447632552        0.0000000000        0.8869204367        0.1064304524        0.0000000000
       57.5510200000        1.0000000000        1.0000000000      557.6118541985        0.0000000000        0.8869204367        0.1064304524        0.0000000000
       57.6530610000        1.0000000000        1.0000000000      279.1242687589        0.0000000000        0.8869204367        0.1064304524        0.0000000000
       57.7551020000        1.0000000000        1.0000000000      174.7646846972        0.0000000000        0.8869204367        0.1064304524        0.0000000008
       57.8571430000        1.0000000000        1.0000000000      129.7909569151        0.0000000000        0.8869204367        0.1064304524        0.0000001721
       57.9591840000        1.0000000000        1.0000000000      104.3190642663        0.0000000000        0.8869204367        0.1064304524        0.0000036591
       58.0612240000        1.0000000000        1.0000000000       87.3965556497        0.0000000000        0.8869204367        0.1064304524        0.0000278804
       58.1632650000        1.0000000000        1.0000000000       75.2424211949        0.0000000000        0.8869204367        0.1064304524        0.0001198715
       58.2653060000        1.0000000000        1.0000000000       66.0869937450        0.0000000000        0.8869204367        0.1064304524        0.0003596284
       58.3673470000        1.0000000000        1.0000000000       58.9545402171        0.0000000000        0.8869204367        0.1064304524        0.0008463777
       58.4693880000        1.0000000000        1.0000000000       53.2604988107        0.0000000000        0.8869204367        0.1064304524        0.0016761432
       58.5714290000        1.0000000000        1.0000000000       48.6561616092        0.0000000000        0.8869204367        0.1064304524        0.0029125118
       58.6734690000        1.0000000000        1.0000000000       45.0669936459        0.0000000000        0.8869204367        0.1064304524        0.0044804166
       58.7755100000        1.0000000000        1.0000000000       43.0291271133        0.0000000000        0.8869204367        0.1064304524        0.0057216660
       58.8775510000        1.0000000000        1.0000000000       43.5760483360        0.0000000000        0.8869204367        0.1064304524        0.0053582074
       58.9795920000        1.0000000000        1.0000000000       45.6913494149        0.0000000000        0.8869204367        0.1064304524        0.0041569987
       59.0816330000        1.0000000000        1.0000000000       44.9971851204        0.0000000000        0.8869204367        0.1064304524        0.0045181068
       59.1836730000        1.0000000000        1.0000000000       39.8761647103        0.0000000000        0.8869204367        0.1064304524        0.0083529562
       59.2857140000        1.0000000000        1.0000000000       34.2046013457        0.0000000000        0.8869204367        0.1064304524        0.0164974054
       59.3877550000        1.0000000000        1.0000000000       30.6630987645        0.0000000000        0.8869204367        0.1064304524        0.0252337763
       59.4897960000        1.0000000000        1.0000000000       28.7026267072        0.0000000000        0.8869204367        0.1064304524        0.0319266178
       59.5918370000        1.0000000000        1.0000000000       27.3516534681        0.0000000000        0.8869204367        0.1064304524        0.0375456251
       59.6938780000        1.0000000000        1.0000000000       26.2338192886        0.0000000000        0.8869204367        0.1064304524        0.0429354130
       59.7959180000        1.0000000000        1.0000000000       25.2511549909        0.0000000000        0.8869204367        0.1064304524        0.0483089421
       59.8979590000        1.0000000000        1.0000000000       24.3705619558        0.0000000000        0.8869204367        0.1064304524        0.0536932795
       60.0000000000        1.0000000000        1.0000000000       23.5739411647        0.0000000000        0.8869204367        0.1064304524        0.0590794022
