       55.0000000000        1.0000000000        1.0000000000        7.2704832604        0.0000000000        0.8869204367        0.1064304524        0.4179230346
       55.1020410000        1.0000000000        1.0000000000        7.3366153837        0.0000000000        0.8869204367        0.1064304524        0.4146195832
       55.2040820000        1.0000000000        1.0000000000        7.4213516315        0.0000000000        0.8869204367        0.1064304524        0.4104249487
       55.3061220000        1.0000000000        1.0000000000        7.5332572265        0.0000000000        0.8869204367        0.1064304524        0.4049503276
       55.4081630000        1.0000000000        1.0000000000        7.7017369465        0.0000000000        0.8869204367        0.1064304524        0.3968454243
       55.5102040000        1.0000000000        1.0000000000        8.0395608143        0.0000000000        0.8869204367        0.1064304524        0.3810794872
       55.6122450000        1.0000000000        1.0000000000        8.7730918889        0.0000000000        0.8869204367        0.1064304524        0.3489694046
       55.7142860000        1.0000000000        1.0000000000        9.8416217081        0.0000000000        0.8869204367        0.1064304524        0.3069732696
       55.8163270000        1.0000000000        1.0000000000       10.4878798680        0.0000000000        0.8869204367        0.1064304524        0.2840668776
       55.9183670000        1.0000000000        1.0000000000       10.3074963146        0.0000000000        0.8869204367        0.1064304524        0.2902828293
       56.0204080000        1.0000000000        1.0000000000       10.0431479759        0.0000000000        0.8869204367        0.1064304524        0.2996387319
       56.1224490000        1.0000000000        1.0000000000       10.3164490031        0.0000000000        0.8869204367        0.1064304524        0.2899711394
       56.2244900000        1.0000000000        1.0000000000       11.1003147684        0.0000000000        0.8869204367        0.1064304524        0.2639388656
       56.3265310000        1.0000000000        1.0000000000       12.3012123951        0.0000000000        0.8869204367        0.1064304524        0.2285168139
       56.4285710000        1.0000000000        1.0000000000       14.0078249256        0.0000000000        0.8869204367        0.1064304524        0.1861990547
       56.5306120000        1.0000000000        1.0000000000       16.4729589598        0.0000000000        0.8869204367        0.1064304524        0.1385179893
       56.6326530000        1.0000000000        1.0000000000       20.1735190415        0.0000000000        0.8869204367        0.1064304524        0.0888485286
       56.7346940000        1.0000000000        1.0000000000       26.0525668342        0.0000000000        0.8869204367        0.1064304524        0.0438795008
       56.8367350000        1.0000000000        1.0000000000       36.3002752383        0.0000000000        0.8869204367        0.1064304524        0.0128291798
       56.9387760000        1.0000000000        1.0000000000       57.8896661261        0.0000000000        0.8869204367        0.1064304524        0.0009617462
       57.0408160000        1.0000000000        1.0000000000      119.7084466470        0.0000000000        0.8869204367        0.1064304524        0.0000005772
       57.1428570000        1.0000000000        1.0000000000      322.0567568232        0.0000000000        0.8869204367        0.1064304524        0.0000000000
       57.2448980000        1.0000000000        1.0000000000      837.3566773805        0.0000000000        0.8869204367        0.1064304524        0.0000000000
       57.3469390000        1.0000000000        1.0000000000     1610.4507488952        0.0000000000        0.8869204367        0.1064304524        0.0000000000
       57.4489800000        1.0000000000        1.0000000000     2105.3485504318        0.0000000000        0.8869204367        0.1064304524        0.0000000000
       57.5510200000        1.0000000000        1.0000000000     1899.8078378924        0.0000000000        0.8869204367        0.1064304524        0.0000000000
       57.6530610000        1.0000000000        1.0000000000     1239.7573995451        0.0000000000        0.8869204367        0.1064304524        0.0000000000
       57.7551020000        1.0000000000        1.0000000000      616.5235229390        0.0000000000        0.8869204367        0.1064304524        0.0000000000
       57.8571430000        1.0000000000        1.0000000000      264.0505793992        0.0000000000        0.8869204367        0.1064304524        0.0000000000
       57.9591840000        1.0000000000        1.0000000000      125.4155917152        0.0000000000        0.8869204367        0.1064304524        0.0000002910
       58.0612240000        1.0000000000        1.0000000000       76.9658962287        0.0000000000        0.8869204367        0.1064304524        0.0000974757
       58.1632650000        1.0000000000        1.0000000000       56.2961738607        0.0000000000        0.8869204367        0.1064304524        0.0011644099
       58.2653060000        1.0000000000        1.0000000000       44.8198448008        0.0000000000        0.8869204367        0.1064304524        0.0046152863
       58.3673470000        1.0000000000        1.0000000000       37.4513562463        0.0000000000        0.8869204367        0.1064304524        0.0111740322
       58.4693880000        1.0000000000        1.0000000000       32.3570194672        0.0000000000        0.8869204367        0.1064304524        0.0205922119
       58.5714290000        1.0000000000        1.0000000000       28.6958946627        0.0000000000        0.8869204367        0.1064304524        0.0319524199
       58.6734690000        1.0000000000        1.0000000000       26.1765714970        0.0000000000        0.8869204367        0.1064304524        0.0432313834
       58.7755100000        1.0000000000        1.0000000000       25.2340610616        0.0000000000        0.8869204367        0.1064304524        0.0484081386
       58.8775510000        1.0000000000        1.0000000000       26.8275520140        0.0000000000        0.8869204367        0.1064304524        0.0399827870
       58.9795920000        1.0000000000        1.0000000000       29.8547761424        0.0000000000        0.8869204367        0.1064304524        0.0278040625
       59.0816330000        1.0000000000        1.0000000000       29.9259137586        0.0000000000        0.8869204367        0.1064304524        0.0275677229
       59.1836730000        1.0000000000        1.0000000000       25.5331761498        0.0000000000        0.8869204367        0.1064304524        0.0467013999
       59.2857140000        1.0000000000        1.0000000000       20.6156586504        0.0000000000        0.8869204367        0.1064304524        0.0842573867
       59.3877550000        1.0000000000        1.0000000000       17.8090088232        0.0000000000        0.8869204367        0.1064304524        0.1179987723
       59.4897960000        1.0000000000        1.0000000000       16.5233287645        0.0000000000        0.8869204367        0.1064304524        0.1376832597
       59.5918370000        1.0000000000        1.0000000000       15.7851840856        0.0000000000        0.8869204367        0.1064304524        0.1504353146
       59.6938780000        1.0000000000        1.0000000000       15.2272938993        0.0000000000        0.8869204367        0.1064304524        0.1608512478
       59.7959180000        1.0000000000        1.0000000000       14.7590382534        0.0000000000        0.8869204367        0.1064304524        0.1701483474
       59.8979590000        1.0000000000        1.0000000000       14.3526976736        0.0000000000        0.8869204367        0.1064304524        0.1786505312
       60.0000000000        1.0000000000        1.0000000000       13.9944708891        0.0000000000        0.8869204367        0.1064304524        0.1864976750
