       55.0000000000        1.0000000000        1.0000000000        7.5617488304        0.0000000000        0.8869204367        0.1064304524        0.4035681697
       55.1020410000        1.0000000000        1.0000000000        7.7072490353        0.0000000000        0.8869204367        0.1064304524        0.3965830174
       55.2040820000        1.0000000000        1.0000000000        7.8909766564        0.0000000000        0.8869204367        0.1064304524        0.3879351088
       55.3061220000        1.0000000000        1.0000000000        8.1274688362        0.0000000000        0.8869204367        0.1064304524        0.3770806230
       55.4081630000        1.0000000000        1.0000000000        8.4544198209        0.0000000000        0.8869204367        0.1064304524        0.3625726618
       55.5102040000        1.0000000000        1.0000000000        8.9960988640        0.0000000000        0.8869204367        0.1064304524        0.3397545399
       55.6122450000        1.0000000000        1.0000000000        9.9941310987        0.0000000000        0.8869204367        0.1064304524        0.3014064081
       55.7142860000        1.0000000000        1.0000000000       11.4083264220        0.0000000000        0.8869204367        0.1064304524        0.2543614046
       55.8163270000        1.0000000000        1.0000000000       12.5157119933        0.0000000000        0.8869204367        0.1064304524        0.2227098582
       55.9183670000        1.0000000000        1.0000000000       12.9706007286        0.0000000000        0.8869204367        0.1064304524        0.2108787221
       56.0204080000        1.0000000000        1.0000000000       13.6047486937        0.0000000000        0.8869204367        0.1064304524        0.1954267123
       56.1224490000        1.0000000000        1.0000000000       15.1813295272        0.0000000000        0.8869204367        0.1064304524        0.1617409103
       56.2244900000        1.0000000000        1.0000000000       17.9209623393        0.0000000000        0.8869204367        0.1064304524        0.1164241279
       56.3265310000        1.0000000000        1.0000000000       22.1987498883        0.0000000000        0.8869204367        0.1064304524        0.0696794398
       56.4285710000        1.0000000000        1.0000000000       29.0669973554        0.0000000000        0.8869204367        0.1064304524        0.0305607222
       56.5306120000        1.0000000000        1.0000000000       41.1069712212        0.0000000000        0.8869204367        0.1064304524        0.0072060340
       56.6326530000        1.0000000000        1.0000000000       66.3864324142        0.0000000000        0.8869204367        0.1064304524        0.0003469354
       56.7346940000        1.0000000000        1.0000000000      137.9769406080        0.0000000000        0.8869204367        0.1064304524        0.0000000645
       56.8367350000        1.0000000000        1.0000000000      375.6501837582        0.0000000000        0.8869204367        0.1064304524        0.0000000000
       56.9387760000        1.0000000000        1.0000000000     1004.8020836520        0.0000000000        0.8869204367        0.1064304524        0.0000000000
       57.0408160000        1.0000000000        1.0000000000     1964.7701415412        0.0000000000        0.8869204367        0.1064304524        0.0000000000
       57.1428570000        1.0000000000        1.0000000000     2468.0219426089        0.0000000000        0.8869204367        0.1064304524        0.0000000000
       57.2448980000        1.0000000000        1.0000000000     1936.9312084768        0.0000000000        0.8869204367        0.1064304524        0.0000000000
       57.3469390000        1.0000000000        1.0000000000     1001.3985840383        0.0000000000        0.8869204367        0.1064304524        0.0000000000
       57.4489800000        1.0000000000        1.0000000000      403.8584476285        0.0000000000        0.8869204367        0.1064304524        0.0000000000
       57.5510200000        1.0000000000        1.0000000000      174.3361662025        0.0000000000        0.8869204367        0.1064304524        0.0000000008
       57.6530610000        1.0000000000        1.0000000000       99.2048573971        0.0000000000        0.8869204367        0.1064304524        0.0000067594
       57.7551020000        1.0000000000        1.0000000000       69.1305393959        0.0000000000        0.8869204367        0.1064304524        0.0002495966
       57.8571430000        1.0000000000        1.0000000000       53.2407379742        0.0000000000        0.8869204367        0.1064304524        0.0016801225
       57.9591840000        1.0000000000        1.0000000000       43.3981622219        0.0000000000        0.8869204367        0.1064304524        0.0054738150
       58.0612240000        1.0000000000        1.0000000000       36.7602903965        0.0000000000        0.8869204367        0.1064304524        0.0121401778
       58.1632650000        1.0000000000        1.0000000000       32.0272161552        0.0000000000        0.8869204367        0.1064304524        0.0214235191
       58.2653060000        1.0000000000        1.0000000000       28.5121868024        0.0000000000        0.8869204367        0.1064304524        0.0326646307
       58.3673470000        1.0000000000        1.0000000000       25.8208200148        0.0000000000        0.8869204367        0.1064304524        0.0451168990
       58.4693880000        1.0000000000        1.0000000000       23.7167163052        0.0000000000        0.8869204367        0.1064304524        0.0580758156
       58.5714290000        1.0000000000        1.0000000000       22.0764707917        0.0000000000        0.8869204367        0.1064304524        0.0707094187
       58.6734690000        1.0000000000        1.0000000000       20.9816937576        0.0000000000        0.8869204367        0.1064304524        0.0806365506
       58.7755100000        1.0000000000        1.0000000000       21.0779016893        0.0000000000        0.8869204367        0.1064304524        0.0797109587
       58.8775510000        1.0000000000        1.0000000000       23.4469540213        0.0000000000        0.8869204367        0.1064304524        0.0599865756
       58.9795920000        1.0000000000        1.0000000000       27.0575478637        0.0000000000        0.8869204367        0.1064304524        0.0388943710
       59.0816330000        1.0000000000        1.0000000000       27.5715354808        0.0000000000        0.8869204367        0.1064304524        0.0365679079
       59.1836730000        1.0000000000        1.0000000000       23.5298649116        0.0000000000        0.8869204367        0.1064304524        0.0593927099
       59.2857140000        1.0000000000        1.0000000000       18.9030883070        0.0000000000        0.8869204367        0.1064304524        0.1034806545
       59.3877550000        1.0000000000        1.0000000000       16.3376950259        0.0000000000        0.8869204367        0.1064304524        0.1407847145
       59.4897960000        1.0000000000        1.0000000000       15.2504218517        0.0000000000        0.8869204367        0.1064304524        0.1604054475
       59.5918370000        1.0000000000        1.0000000000       14.6761638748        0.0000000000        0.8869204367        0.1064304524        0.1718489020
       59.6938780000        1.0000000000        1.0000000000       14.2550558358        0.0000000000        0.8869204367        0.1064304524        0.1807560946
       59.7959180000        1.0000000000        1.0000000000       13.9020599395        0.0000000000        0.8869204367        0.1064304524        0.1885773158
       59.8979590000        1.0000000000        1.0000000000       13.5936350628        0.0000000000        0.8869204367        0.1064304524        0.1956875142
       60.0000000000        1.0000000000        1.0000000000       13.3191801333        0.0000000000        0.8869204367        0.1064304524        0.2022397072
