       55.0000000000        1.0000000000        1.0000000000        7.3006115673        0.0000000000        0.8869204367        0.1064304524        0.4164148050
       55.1020410000        1.0000000000        1.0000000000        7.4612281564        0.0000000000        0.8869204367        0.1064304524        0.4084656817
       55.2040820000        1.0000000000        1.0000000000        7.6562328128        0.0000000000        0.8869204367        0.1064304524        0.3990183243
       55.3061220000        1.0000000000        1.0000000000        7.8974531657        0.0000000000        0.8869204367        0.1064304524        0.3876337301
       55.4081630000        1.0000000000        1.0000000000        8.2185430711        0.0000000000        0.8869204367        0.1064304524        0.3729819811
       55.5102040000        1.0000000000        1.0000000000        8.7375272601        0.0000000000        0.8869204367        0.1064304524        0.3504619032
       55.6122450000        1.0000000000        1.0000000000        9.6853210969        0.0000000000        0.8869204367        0.1064304524        0.3127852170
       55.7142860000        1.0000000000        1.0000000000       11.0036159887        0.0000000000        0.8869204367        0.1064304524        0.2670194121
       55.8163270000        1.0000000000        1.0000000000       11.9441628964        0.0000000000        0.8869204367        0.1064304524        0.2385206123
       55.9183670000        1.0000000000        1.0000000000       12.1264945139        0.0000000000        0.8869204367        0.1064304524        0.2333585092
       56.0204080000        1.0000000000        1.0000000000       12.3189344965        0.0000000000        0.8869204367        0.1064304524        0.2280313545
       56.1224490000        1.0000000000        1.0000000000       13.1652380989        0.0000000000        0.8869204367        0.1064304524        0.2060104112
       56.2244900000        1.0000000000        1.0000000000       14.6712716285        0.0000000000        0.8869204367        0.1064304524        0.1719498189
       56.3265310000        1.0000000000        1.0000000000       16.7977503594        0.0000000000        0.8869204367        0.1064304524        0.1332231092
       56.4285710000        1.0000000000        1.0000000000       19.7166769704        0.0000000000        0.8869204367        0.1064304524        0.0938552820
       56.5306120000        1.0000000000        1.0000000000       23.8115940965        0.0000000000        0.8869204367        0.1064304524        0.0574183528
       56.6326530000        1.0000000000        1.0000000000       29.7755020150        0.0000000000        0.8869204367        0.1064304524        0.0280698217
       56.7346940000        1.0000000000        1.0000000000       38.9325612932        0.0000000000        0.8869204367        0.1064304524        0.0093544103
       56.8367350000        1.0000000000        1.0000000000       54.1862174705        0.0000000000        0.8869204367        0.1064304524        0.0014999161
       56.9387760000        1.0000000000        1.0000000000       83.7966754037        0.0000000000        0.8869204367        0.1064304524        0.0000429445
       57.0408160000        1.0000000000        1.0000000000      159.0680946111        0.0000000000        0.8869204367        0.1064304524        0.0000000051
       57.1428570000        1.0000000000        1.0000000000      393.7091483546        0.0000000000        0.8869204367        0.1064304524        0.0000000000
       57.2448980000        1.0000000000        1.0000000000     1025.2326887992        0.0000000000        0.8869204367        0.1064304524        0.0000000000
       57.3469390000        1.0000000000        1.0000000000     2068.0972583286        0.0000000000        0.8869204367        0.1064304524        0.0000000000
       57.4489800000        1.0000000000        1.0000000000     2752.9796175621        0.0000000000        0.8869204367        0.1064304524        0.0000000000
       57.5510200000        1.0000000000        1.0000000000     2306.4531809215        0.0000000000        0.8869204367        0.1064304524        0.0000000000
       57.6530610000        1.0000000000        1.0000000000     1264.2794764943        0.0000000000        0.8869204367        0.1064304524        0.0000000000
       57.7551020000        1.0000000000        1.0000000000      563.1296962381        0.0000000000        0.8869204367        0.1064304524        0.0000000000
       57.8571430000        1.0000000000        1.0000000000      440.1009371670        0.0000000000        0.8869204367        0.1064304524        0.0000000000
       57.9591840000        1.0000000000        1.0000000000      785.8895208375        0.0000000000        0.8869204367        0.1064304524        0.0000000000
       58.0612240000        1.0000000000        1.0000000000     1295.1175862004        0.0000000000        0.8869204367        0.1064304524        0.0000000000
       58.1632650000        1.0000000000        1.0000000000     1398.7722772190        0.0000000000        0.8869204367        0.1064304524        0.0000000000
       58.2653060000        1.0000000000        1.0000000000      961.6726657499        0.0000000000        0.8869204367        0.1064304524        0.0000000000
       58.3673470000        1.0000000000        1.0000000000      465.3997119149        0.0000000000        0.8869204367        0.1064304524        0.0000000000
       58.4693880000        1.0000000000        1.0000000000      204.8186657805        0.0000000000        0.8869204367        0.1064304524        0.0000000000
       58.5714290000        1.0000000000        1.0000000000      111.6543060098        0.0000000000        0.8869204367        0.1064304524        0.0000015174
       58.6734690000        1.0000000000        1.0000000000       78.0514101336        0.0000000000        0.8869204367        0.1064304524        0.0000855706
       58.7755100000        1.0000000000        1.0000000000       62.7319016645        0.0000000000        0.8869204367        0.1064304524        0.0005379052
       58.8775510000        1.0000000000        1.0000000000       55.8898281201        0.0000000000        0.8869204367        0.1064304524        0.0012225953
       58.9795920000        1.0000000000        1.0000000000       53.4075078248        0.0000000000        0.8869204367        0.1064304524        0.0016468335
       59.0816330000        1.0000000000        1.0000000000       49.6727140221        0.0000000000        0.8869204367        0.1064304524        0.0025780405
       59.1836730000        1.0000000000        1.0000000000       42.4614286545        0.0000000000        0.8869204367        0.1064304524        0.0061250311
       59.2857140000        1.0000000000        1.0000000000       35.3133512654        0.0000000000        0.8869204367        0.1064304524        0.0144421805
       59.3877550000        1.0000000000        1.0000000000       30.7081699773        0.0000000000        0.8869204367        0.1064304524        0.0250976667
       59.4897960000        1.0000000000        1.0000000000       27.9713271812        0.0000000000        0.8869204367        0.1064304524        0.0348549797
       59.5918370000        1.0000000000        1.0000000000       26.0485953510        0.0000000000        0.8869204367        0.1064304524        0.0439004178
       59.6938780000        1.0000000000        1.0000000000       24.5075787415        0.0000000000        0.8869204367        0.1064304524        0.0528176719
       59.7959180000        1.0000000000        1.0000000000       23.2113888287        0.0000000000        0.8869204367        0.1064304524        0.0617064596
       59.8979590000        1.0000000000        1.0000000000       22.0993256386        0.0000000000        0.8869204367        0.1064304524        0.0705157580
       60.0000000000        1.0000000000        1.0000000000       21.1333559727        0.0000000000        0.8869204367        0.1064304524        0.0791822820
