       55.0000000000        1.0000000000        1.0000000000       13.6659411925        0.0000000000        0.8869204367        0.1064304524        0.1939969303
       55.1020410000        1.0000000000        1.0000000000       14.7634867412        0.0000000000        0.8869204367        0.1064304524        0.1700575433
       55.2040820000        1.0000000000        1.0000000000       16.0482713387        0.0000000000        0.8869204367        0.1064304524        0.1457601873
       55.3061220000        1.0000000000        1.0000000000       17.5652467770        0.0000000000        0.8869204367        0.1064304524        0.1215013855
       55.4081630000        1.0000000000        1.0000000000       19.3909354480        0.0000000000        0.8869204367        0.1064304524        0.0975966360
       55.5102040000        1.0000000000        1.0000000000       21.6980053748        0.0000000000        0.8869204367        0.1064304524        0.0739947862
       55.6122450000        1.0000000000        1.0000000000       24.7802998570        0.0000000000        0.8869204367        0.1064304524        0.0511171111
       55.7142860000        1.0000000000        1.0000000000       28.6501907555        0.0000000000        0.8869204367        0.1064304524        0.0321281434
       55.8163270000        1.0000000000        1.0000000000       32.6797705149        0.0000000000        0.8869204367        0.1064304524        0.0198099199
       55.9183670000        1.0000000000        1.0000000000       36.6976623964        0.0000000000        0.8869204367        0.1064304524        0.0122317593
       56.0204080000        1.0000000000        1.0000000000       41.7355855374        0.0000000000        0.8869204367        0.1064304524        0.0066824522
       56.1224490000        1.0000000000        1.0000000000       48.7659235761        0.0000000000        0.8869204367        0.1064304524        0.0028744014
       56.2244900000        1.0000000000        1.0000000000       58.2856893866        0.0000000000        0.8869204367        0.1064304524        0.0009171104
       56.3265310000        1.0000000000        1.0000000000       71.0321968254        0.0000000000        0.8869204367        0.1064304524        0.0001986704
       56.4285710000        1.0000000000        1.0000000000       88.4183594697        0.0000000000        0.8869204367        0.1064304524        0.0000246631
       56.5306120000        1.0000000000        1.0000000000      112.9024310386        0.0000000000        0.8869204367        0.1064304524        0.0000013063
       56.6326530000        1.0000000000        1.0000000000      148.8771805081        0.0000000000        0.8869204367        0.1064304524        0.0000000174
       56.7346940000        1.0000000000        1.0000000000      204.8934480748        0.0000000000        0.8869204367        0.1064304524        0.0000000000
       56.8367350000        1.0000000000        1.0000000000      299.9630641642        0.0000000000        0.8869204367        0.1064304524        0.0000000000
       56.9387760000        1.0000000000        1.0000000000      484.0263677269        0.0000000000        0.8869204367        0.1064304524        0.0000000000
       57.0408160000        1.0000000000        1.0000000000      900.4852577213        0.0000000000        0.8869204367        0.1064304524        0.0000000000
       57.1428570000        1.0000000000        1.0000000000     1890.4666712412        0.0000000000        0.8869204367        0.1064304524        0.0000000000
       57.2448980000        1.0000000000        1.0000000000     3831.0607123805        0.0000000000        0.8869204367        0.1064304524        0.0000000000
       57.3469390000        1.0000000000        1.0000000000     6224.8319932594        0.0000000000        0.8869204367        0.1064304524        0.0000000000
       57.4489800000        1.0000000000        1.0000000000     7249.4017249198        0.0000000000        0.8869204367        0.1064304524        0.0000000000
       57.5510200000        1.0000000000        1.0000000000     5896.9279689036        0.0000000000        0.8869204367        0.1064304524        0.0000000000
       57.6530610000        1.0000000000        1.0000000000     3532.3376051878        0.0000000000        0.8869204367        0.1064304524        0.0000000000
       57.7551020000        1.0000000000        1.0000000000     1789.4710124835        0.0000000000        0.8869204367        0.1064304524        0.0000000000
       57.8571430000        1.0000000000        1.0000000000      930.1340878558        0.0000000000        0.8869204367        0.1064304524        0.0000000000
       57.9591840000        1.0000000000        1.0000000000      556.7823154522        0.0000000000        0.8869204367        0.1064304524        0.0000000000
       58.0612240000        1.0000000000        1.0000000000      379.0248929278        0.0000000000        0.8869204367        0.1064304524        0.0000000000
       58.1632650000        1.0000000000        1.0000000000      280.0784501933        0.0000000000        0.8869204367        0.1064304524        0.0000000000
       58.2653060000        1.0000000000        1.0000000000      218.1958451324        0.0000000000        0.8869204367        0.1064304524        0.0000000000
       58.3673470000        1.0000000000        1.0000000000      176.4645935111        0.0000000000        0.8869204367        0.1064304524        0.0000000006
       58.4693880000        1.0000000000        1.0000000000      146.8046134241        0.0000000000        0.8869204367        0.1064304524        0.0000000223
       58.5714290000        1.0000000000        1.0000000000      124.9009202465        0.0000000000        0.8869204367        0.1064304524        0.0000003096
       58.6734690000        1.0000000000        1.0000000000      108.4027635424        0.0000000000        0.8869204367        0.1064304524        0.0000022416
       58.7755100000        1.0000000000        1.0000000000       96.4621615456        0.0000000000        0.8869204367        0.1064304524        0.0000093938
       58.8775510000        1.0000000000        1.0000000000       89.2689655270        0.0000000000        0.8869204367        0.1064304524        0.0000222699
       58.9795920000        1.0000000000        1.0000000000       85.3189373647        0.0000000000        0.8869204367        0.1064304524        0.0000357746
       59.0816330000        1.0000000000        1.0000000000       79.8463524560        0.0000000000        0.8869204367        0.1064304524        0.0000689891
       59.1836730000        1.0000000000        1.0000000000       70.8004766355        0.0000000000        0.8869204367        0.1064304524        0.0002042722
       59.2857140000        1.0000000000        1.0000000000       61.7661669675        0.0000000000        0.8869204367        0.1064304524        0.0006039978
       59.3877550000        1.0000000000        1.0000000000       55.3422367843        0.0000000000        0.8869204367        0.1064304524        0.0013056315
       59.4897960000        1.0000000000        1.0000000000       50.9354855088        0.0000000000        0.8869204367        0.1064304524        0.0022155419
       59.5918370000        1.0000000000        1.0000000000       47.5017500065        0.0000000000        0.8869204367        0.1064304524        0.0033452629
       59.6938780000        1.0000000000        1.0000000000       44.5945197166        0.0000000000        0.8869204367        0.1064304524        0.0047417815
       59.7959180000        1.0000000000        1.0000000000       42.0614410581        0.0000000000        0.8869204367        0.1064304524        0.0064261934
       59.8979590000        1.0000000000        1.0000000000       39.8278133249        0.0000000000        0.8869204367        0.1064304524        0.0084015623
       60.0000000000        1.0000000000        1.0000000000       37.8429874389        0.0000000000        0.8869204367        0.1064304524        0.0106610486
