       55.0000000000        1.0000000000        1.0000000000        8.1624204067        0.0000000000        0.8869204367        0.1064304524        0.3755023878
       55.1020410000        1.0000000000        1.0000000000        8.4930448463        0.0000000000        0.8869204367        0.1064304524        0.3608960250
       55.2040820000        1.0000000000        1.0000000000        8.8898188010        0.0000000000        0.8869204367        0.1064304524        0.3441153851
       55.3061220000        1.0000000000        1.0000000000        9.3723055661        0.0000000000        0.8869204367        0.1064304524        0.3247574549
       55.4081630000        1.0000000000        1.0000000000        9.9844321971        0.0000000000        0.8869204367        0.1064304524        0.3017574097
       55.5102040000        1.0000000000        1.0000000000       10.8577066507        0.0000000000        0.8869204367        0.1064304524        0.2717358571
       55.6122450000        1.0000000000        1.0000000000       12.2391765008        0.0000000000        0.8869204367        0.1064304524        0.2302243110
       55.7142860000        1.0000000000        1.0000000000       14.0895732403        0.0000000000        0.8869204367        0.1064304524        0.1843814095
       55.8163270000        1.0000000000        1.0000000000       15.6935654070        0.0000000000        0.8869204367        0.1064304524        0.1520983620
       55.9183670000        1.0000000000        1.0000000000       16.7288304635        0.0000000000        0.8869204367        0.1064304524        0.1343294847
       56.0204080000        1.0000000000        1.0000000000       18.0420702779        0.0000000000        0.8869204367        0.1064304524        0.1147443770
       56.1224490000        1.0000000000        1.0000000000       20.3844005673        0.0000000000        0.8869204367        0.1064304524        0.0866283571
       56.2244900000        1.0000000000        1.0000000000       23.9338752467        0.0000000000        0.8869204367        0.1064304524        0.0565819624
       56.3265310000        1.0000000000        1.0000000000       28.9468007878        0.0000000000        0.8869204367        0.1064304524        0.0310047117
       56.4285710000        1.0000000000        1.0000000000       36.1250015647        0.0000000000        0.8869204367        0.1064304524        0.0131018716
       56.5306120000        1.0000000000        1.0000000000       46.8873930852        0.0000000000        0.8869204367        0.1064304524        0.0036012035
       56.6326530000        1.0000000000        1.0000000000       64.2766173820        0.0000000000        0.8869204367        0.1064304524        0.0004468918
       56.7346940000        1.0000000000        1.0000000000       96.6218824014        0.0000000000        0.8869204367        0.1064304524        0.0000092155
       56.8367350000        1.0000000000        1.0000000000      174.3157396908        0.0000000000        0.8869204367        0.1064304524        0.0000000008
       56.9387760000        1.0000000000        1.0000000000      404.5992139992        0.0000000000        0.8869204367        0.1064304524        0.0000000000
       57.0408160000        1.0000000000        1.0000000000     1003.2743012233        0.0000000000        0.8869204367        0.1064304524        0.0000000000
       57.1428570000        1.0000000000        1.0000000000     1960.4476819825        0.0000000000        0.8869204367        0.1064304524        0.0000000000
       57.2448980000        1.0000000000        1.0000000000     2554.5764069012        0.0000000000        0.8869204367        0.1064304524        0.0000000000
       57.3469390000        1.0000000000        1.0000000000     2175.2066343169        0.0000000000        0.8869204367        0.1064304524        0.0000000000
       57.4489800000        1.0000000000        1.0000000000     1556.1587330823        0.0000000000        0.8869204367        0.1064304524        0.0000000000
       57.5510200000        1.0000000000        1.0000000000     1723.4463398690        0.0000000000        0.8869204367        0.1064304524        0.0000000000
       57.6530610000        1.0000000000        1.0000000000     2405.7985560360        0.0000000000        0.8869204367        0.1064304524        0.0000000000
       57.7551020000        1.0000000000        1.0000000000     2461.8922599674        0.0000000000        0.8869204367        0.1064304524        0.0000000000
       57.8571430000        1.0000000000        1.0000000000     1657.2375900046        0.0000000000        0.8869204367        0.1064304524        0.0000000000
       57.9591840000        1.0000000000        1.0000000000      807.2098792771        0.0000000000        0.8869204367        0.1064304524        0.0000000000
       58.0612240000        1.0000000000        1.0000000000      363.0004371339        0.0000000000        0.8869204367        0.1064304524        0.0000000000
       58.1632650000        1.0000000000        1.0000000000      196.9148674076        0.0000000000        0.8869204367        0.1064304524        0.0000000001
       58.2653060000        1.0000000000        1.0000000000      132.5618202244        0.0000000000        0.8869204367        0.1064304524        0.0000001235
       58.3673470000        1.0000000000        1.0000000000      100.3904682522        0.0000000000        0.8869204367        0.1064304524        0.0000058630
       58.4693880000        1.0000000000        1.0000000000       80.8169806719        0.0000000000        0.8869204367        0.1064304524        0.0000614039
       58.5714290000        1.0000000000        1.0000000000       67.6436489723        0.0000000000        0.8869204367        0.1064304524        0.0002983516
       58.6734690000        1.0000000000        1.0000000000       58.4229172808        0.0000000000        0.8869204367        0.1064304524        0.0009021317
       58.7755100000        1.0000000000        1.0000000000       52.5220182185        0.0000000000        0.8869204367        0.1064304524        0.0018314593
       58.8775510000        1.0000000000        1.0000000000       50.3340011922        0.0000000000        0.8869204367        0.1064304524        0.0023813681
       58.9795920000        1.0000000000        1.0000000000       50.4682262381        0.0000000000        0.8869204367        0.1064304524        0.0023433186
       59.0816330000        1.0000000000        1.0000000000       48.3116643479        0.0000000000        0.8869204367        0.1064304524        0.0030354375
       59.1836730000        1.0000000000        1.0000000000       42.0911272010        0.0000000000        0.8869204367        0.1064304524        0.0064033418
       59.2857140000        1.0000000000        1.0000000000       35.5792750995        0.0000000000        0.8869204367        0.1064304524        0.0139885938
       59.3877550000        1.0000000000        1.0000000000       31.3892152013        0.0000000000        0.8869204367        0.1064304524        0.0231281261
       59.4897960000        1.0000000000        1.0000000000       28.9253462122        0.0000000000        0.8869204367        0.1064304524        0.0310846377
       59.5918370000        1.0000000000        1.0000000000       27.1814878220        0.0000000000        0.8869204367        0.1064304524        0.0383201834
       59.6938780000        1.0000000000        1.0000000000       25.7555496840        0.0000000000        0.8869204367        0.1064304524        0.0454716619
       59.7959180000        1.0000000000        1.0000000000       24.5304902026        0.0000000000        0.8869204367        0.1064304524        0.0526726558
       59.8979590000        1.0000000000        1.0000000000       23.4589238983        0.0000000000        0.8869204367        0.1064304524        0.0599004736
       60.0000000000        1.0000000000        1.0000000000       22.5119192779        0.0000000000        0.8869204367        0.1064304524        0.0671094565
