       55.0000000000        1.0000000000        1.0000000000       10.2529690653        0.0000000000        0.8869204367        0.1064304524        0.2921884559
       55.1020410000        1.0000000000        1.0000000000       11.0613828354        0.0000000000        0.8869204367        0.1064304524        0.2651748285
       55.2040820000        1.0000000000        1.0000000000       12.0792922947        0.0000000000        0.8869204367        0.1064304524        0.2346840646
       55.3061220000        1.0000000000        1.0000000000       13.3801724806        0.0000000000        0.8869204367        0.1064304524        0.2007649019
       55.4081630000        1.0000000000        1.0000000000       15.0877186042        0.0000000000        0.8869204367        0.1064304524        0.1635680393
       55.5102040000        1.0000000000        1.0000000000       17.4538580829        0.0000000000        0.8869204367        0.1064304524        0.1231363538
       55.6122450000        1.0000000000        1.0000000000       20.9105542229        0.0000000000        0.8869204367        0.1064304524        0.0813278708
       55.7142860000        1.0000000000        1.0000000000       25.7137832751        0.0000000000        0.8869204367        0.1064304524        0.0457001366
       55.8163270000        1.0000000000        1.0000000000       31.6662745379        0.0000000000        0.8869204367        0.1064304524        0.0223718245
       55.9183670000        1.0000000000        1.0000000000       39.3994541133        0.0000000000        0.8869204367        0.1064304524        0.0088447210
       56.0204080000        1.0000000000        1.0000000000       51.6341874946        0.0000000000        0.8869204367        0.1064304524        0.0020373558
       56.1224490000        1.0000000000        1.0000000000       73.4481120586        0.0000000000        0.8869204367        0.1064304524        0.0001486712
       56.2244900000        1.0000000000        1.0000000000      118.0125278818        0.0000000000        0.8869204367        0.1064304524        0.0000007075
       56.3265310000        1.0000000000        1.0000000000      234.6170920329        0.0000000000        0.8869204367        0.1064304524        0.0000000000
       56.4285710000        1.0000000000        1.0000000000      580.9263564926        0.0000000000        0.8869204367        0.1064304524        0.0000000000
       56.5306120000        1.0000000000        1.0000000000     1410.4106155832        0.0000000000        0.8869204367        0.1064304524        0.0000000000
       56.6326530000        1.0000000000        1.0000000000     2624.2947737808        0.0000000000        0.8869204367        0.1064304524        0.0000000000
       56.7346940000        1.0000000000        1.0000000000     3431.7737803449        0.0000000000        0.8869204367        0.1064304524        0.0000000000
       56.8367350000        1.0000000000        1.0000000000     3197.9170178999        0.0000000000        0.8869204367        0.1064304524        0.0000000000
       56.9387760000        1.0000000000        1.0000000000     2204.5403752743        0.0000000000        0.8869204367        0.1064304524        0.0000000000
       57.0408160000        1.0000000000        1.0000000000     1165.6830600793        0.0000000000        0.8869204367        0.1064304524        0.0000000000
       57.1428570000        1.0000000000        1.0000000000      525.9960841896        0.0000000000        0.8869204367        0.1064304524        0.0000000000
       57.2448980000        1.0000000000        1.0000000000      254.6985593063        0.0000000000        0.8869204367        0.1064304524        0.0000000000
       57.3469390000        1.0000000000        1.0000000000      153.5376807531        0.0000000000        0.8869204367        0.1064304524        0.0000000100
       57.4489800000        1.0000000000        1.0000000000      109.0001770102        0.0000000000        0.8869204367        0.1064304524        0.0000020865
       57.5510200000        1.0000000000        1.0000000000       84.2211829604        0.0000000000        0.8869204367        0.1064304524        0.0000408117
       57.6530610000        1.0000000000        1.0000000000       68.3886706455        0.0000000000        0.8869204367        0.1064304524        0.0002728358
       57.7551020000        1.0000000000        1.0000000000       57.4753835070        0.0000000000        0.8869204367        0.1064304524        0.0010107668
       57.8571430000        1.0000000000        1.0000000000       49.5632752802        0.0000000000        0.8869204367        0.1064304524        0.0026121202
       57.9591840000        1.0000000000        1.0000000000       43.6073134158        0.0000000000        0.8869204367        0.1064304524        0.0053381421
       58.0612240000        1.0000000000        1.0000000000       38.9903490349        0.0000000000        0.8869204367        0.1064304524        0.0092897663
       58.1632650000        1.0000000000        1.0000000000       35.3259729862        0.0000000000        0.8869204367        0.1064304524        0.0144203228
       58.2653060000        1.0000000000        1.0000000000       32.3615775462        0.0000000000        0.8869204367        0.1064304524        0.0205809517
       58.3673470000        1.0000000000        1.0000000000       29.9269436607        0.0000000000        0.8869204367        0.1064304524        0.0275643161
       58.4693880000        1.0000000000        1.0000000000       27.9081333748        0.0000000000        0.8869204367        0.1064304524        0.0351202987
       58.5714290000        1.0000000000        1.0000000000       26.2512196080        0.0000000000        0.8869204367        0.1064304524        0.0428458558
       58.6734690000        1.0000000000        1.0000000000       25.0777996386        0.0000000000        0.8869204367        0.1064304524        0.0493244214
       58.7755100000        1.0000000000        1.0000000000       25.0576498862        0.0000000000        0.8869204367        0.1064304524        0.0494438307
       58.8775510000        1.0000000000        1.0000000000       27.2957482264        0.0000000000        0.8869204367        0.1064304524        0.0377983515
       58.9795920000        1.0000000000        1.0000000000       30.7893812289        0.0000000000        0.8869204367        0.1064304524        0.0248542691
       59.0816330000        1.0000000000        1.0000000000       31.2071424075        0.0000000000        0.8869204367        0.1064304524        0.0236390071
       59.1836730000        1.0000000000        1.0000000000       27.0606150607        0.0000000000        0.8869204367        0.1064304524        0.0388800580
       59.2857140000        1.0000000000        1.0000000000       22.3051181765        0.0000000000        0.8869204367        0.1064304524        0.0687956900
       59.3877550000        1.0000000000        1.0000000000       19.6034079801        0.0000000000        0.8869204367        0.1064304524        0.0951396984
       59.4897960000        1.0000000000        1.0000000000       18.3864794585        0.0000000000        0.8869204367        0.1064304524        0.1100987559
       59.5918370000        1.0000000000        1.0000000000       17.6914811788        0.0000000000        0.8869204367        0.1064304524        0.1196747370
       59.6938780000        1.0000000000        1.0000000000       17.1572909204        0.0000000000        0.8869204367        0.1064304524        0.1275974477
       59.7959180000        1.0000000000        1.0000000000       16.6979049971        0.0000000000        0.8869204367        0.1064304524        0.1348289151
       59.8979590000        1.0000000000        1.0000000000       16.2892015887        0.0000000000        0.8869204367        0.1064304524        0.1416063590
       60.0000000000        1.0000000000        1.0000000000       15.9201492660        0.0000000000        0.8869204367        0.1064304524        0.1480185150
