       55.0000000000        1.0000000000        1.0000000000        6.7353486095        0.0000000000        0.8869204367        0.1064304524        0.4456408889
       55.1020410000        1.0000000000        1.0000000000        6.7667585105        0.0000000000        0.8869204367        0.1064304524        0.4439643461
       55.2040820000        1.0000000000        1.0000000000        6.8075549948        0.0000000000        0.8869204367        0.1064304524        0.4417961955
       55.3061220000        1.0000000000        1.0000000000        6.8636365515        0.0000000000        0.8869204367        0.1064304524        0.4388329834
       55.4081630000        1.0000000000        1.0000000000        6.9608693155        0.0000000000        0.8869204367        0.1064304524        0.4337424658
       55.5102040000        1.0000000000        1.0000000000        7.2072753544        0.0000000000        0.8869204367        0.1064304524        0.4211050117
       55.6122450000        1.0000000000        1.0000000000        7.8226806246        0.0000000000        0.8869204367        0.1064304524        0.3911275040
       55.7142860000        1.0000000000        1.0000000000        8.7372734841        0.0000000000        0.8869204367        0.1064304524        0.3504725760
       55.8163270000        1.0000000000        1.0000000000        9.1812729825        0.0000000000        0.8869204367        0.1064304524        0.3322881523
       55.9183670000        1.0000000000        1.0000000000        8.7332165049        0.0000000000        0.8869204367        0.1064304524        0.3506432407
       56.0204080000        1.0000000000        1.0000000000        8.1106782090        0.0000000000        0.8869204367        0.1064304524        0.3778411593
       56.1224490000        1.0000000000        1.0000000000        7.8971634960        0.0000000000        0.8869204367        0.1064304524        0.3876472046
       56.2244900000        1.0000000000        1.0000000000        8.0082508082        0.0000000000        0.8869204367        0.1064304524        0.3825139725
       56.3265310000        1.0000000000        1.0000000000        8.2605565210        0.0000000000        0.8869204367        0.1064304524        0.3711062822
       56.4285710000        1.0000000000        1.0000000000        8.5962669029        0.0000000000        0.8869204367        0.1064304524        0.3564533054
       56.5306120000        1.0000000000        1.0000000000        9.0171652729        0.0000000000        0.8869204367        0.1064304524        0.3388967356
       56.6326530000        1.0000000000        1.0000000000        9.5422259189        0.0000000000        0.8869204367        0.1064304524        0.3182025624
       56.7346940000        1.0000000000        1.0000000000       10.2005863412        0.0000000000        0.8869204367        0.1064304524        0.2940309159
       56.8367350000        1.0000000000        1.0000000000       11.0337530412        0.0000000000        0.8869204367        0.1064304524        0.2660554948
       56.9387760000        1.0000000000        1.0000000000       12.1012995031        0.0000000000        0.8869204367        0.1064304524        0.2340651133
       57.0408160000        1.0000000000        1.0000000000       13.4908668514        0.0000000000        0.8869204367        0.1064304524        0.1981157106
       57.1428570000        1.0000000000        1.0000000000       15.3360556136        0.0000000000        0.8869204367        0.1064304524        0.1587655531
       57.2448980000        1.0000000000        1.0000000000       17.8500025765        0.0000000000        0.8869204367        0.1064304524        0.1174197322
       57.3469390000        1.0000000000        1.0000000000       21.3945397204        0.0000000000        0.8869204367        0.1064304524        0.0767390352
       57.4489800000        1.0000000000        1.0000000000       26.6430317537        0.0000000000        0.8869204367        0.1064304524        0.0408779774
       57.5510200000        1.0000000000        1.0000000000       35.0988320146        0.0000000000        0.8869204367        0.1064304524        0.0148187821
       57.6530610000        1.0000000000        1.0000000000       51.5675819681        0.0000000000        0.8869204367        0.1064304524        0.0020537049
       57.7551020000        1.0000000000        1.0000000000       95.6372471405        0.0000000000        0.8869204367        0.1064304524        0.0000103713
       57.8571430000        1.0000000000        1.0000000000      227.5316222085        0.0000000000        0.8869204367        0.1064304524        0.0000000000
       57.9591840000        1.0000000000        1.0000000000      516.8481410735        0.0000000000        0.8869204367        0.1064304524        0.0000000000
       58.0612240000        1.0000000000        1.0000000000      848.1784514945        0.0000000000        0.8869204367        0.1064304524        0.0000000000
       58.1632650000        1.0000000000        1.0000000000      942.4102087971        0.0000000000        0.8869204367        0.1064304524        0.0000000000
       58.2653060000        1.0000000000        1.0000000000      914.0801785624        0.0000000000        0.8869204367        0.1064304524        0.0000000000
       58.3673470000        1.0000000000        1.0000000000     1339.8530858768        0.0000000000        0.8869204367        0.1064304524        0.0000000000
       58.4693880000        1.0000000000        1.0000000000     2328.0062093254        0.0000000000        0.8869204367        0.1064304524        0.0000000000
       58.5714290000        1.0000000000        1.0000000000     2948.5428467973        0.0000000000        0.8869204367        0.1064304524        0.0000000000
       58.6734690000        1.0000000000        1.0000000000     2417.4809269676        0.0000000000        0.8869204367        0.1064304524        0.0000000000
       58.7755100000        1.0000000000        1.0000000000     1334.0148020962        0.0000000000        0.8869204367        0.1064304524        0.0000000000
       58.8775510000        1.0000000000        1.0000000000      581.2003711829        0.0000000000        0.8869204367        0.1064304524        0.0000000000
       58.9795920000        1.0000000000        1.0000000000      270.0567669174        0.0000000000        0.8869204367        0.1064304524        0.0000000000
       59.0816330000        1.0000000000        1.0000000000      160.7189451401        0.0000000000        0.8869204367        0.1064304524        0.0000000042
       59.1836730000        1.0000000000        1.0000000000      111.6556905791        0.0000000000        0.8869204367        0.1064304524        0.0000015171
       59.2857140000        1.0000000000        1.0000000000       83.0748995829        0.0000000000        0.8869204367        0.1064304524        0.0000468299
       59.3877550000        1.0000000000        1.0000000000       65.6036149332        0.0000000000        0.8869204367        0.1064304524        0.0003811057
       59.4897960000        1.0000000000        1.0000000000       54.4933380867        0.0000000000        0.8869204367        0.1064304524        0.0014456437
       59.5918370000        1.0000000000        1.0000000000       46.8190523024        0.0000000000        0.8869204367        0.1064304524        0.0036308581
       59.6938780000        1.0000000000        1.0000000000       41.1585590820        0.0000000000        0.8869204367        0.1064304524        0.0071615625
       59.7959180000        1.0000000000        1.0000000000       36.8127164160        0.0000000000        0.8869204367        0.1064304524        0.0120640422
       59.8979590000        1.0000000000        1.0000000000       33.3826019509        0.0000000000        0.8869204367        0.1064304524        0.0182076720
       60.0000000000        1.0000000000        1.0000000000       30.6162663571        0.0000000000        0.8869204367        0.1064304524        0.0253759866
