       55.0000000000        1.0000000000        1.0000000000        7.2253104400        0.0000000000        0.8869204367        0.1064304524        0.4201946373
       55.1020410000        1.0000000000        1.0000000000        7.2237827949        0.0000000000        0.8869204367        0.1064304524        0.4202716734
       55.2040820000        1.0000000000        1.0000000000        7.2261583880        0.0000000000        0.8869204367        0.1064304524        0.4201518831
       55.3061220000        1.0000000000        1.0000000000        7.2373186787        0.0000000000        0.8869204367        0.1064304524        0.4195895777
       55.4081630000        1.0000000000        1.0000000000        7.2817607478        0.0000000000        0.8869204367        0.1064304524        0.4173578425
       55.5102040000        1.0000000000        1.0000000000        7.4659224232        0.0000000000        0.8869204367        0.1064304524        0.4082356529
       55.6122450000        1.0000000000        1.0000000000        8.0095334157        0.0000000000        0.8869204367        0.1064304524        0.3824551032
       55.7142860000        1.0000000000        1.0000000000        8.8457980036        0.0000000000        0.8869204367        0.1064304524        0.3459379828
       55.8163270000        1.0000000000        1.0000000000        9.2041389990        0.0000000000        0.8869204367        0.1064304524        0.3313776293
       55.9183670000        1.0000000000        1.0000000000        8.6518898330        0.0000000000        0.8869204367        0.1064304524        0.3540819909
       56.0204080000        1.0000000000        1.0000000000        7.8974000672        0.0000000000        0.8869204367        0.1064304524        0.3876362000
       56.1224490000        1.0000000000        1.0000000000        7.5235461588        0.0000000000        0.8869204367        0.1064304524        0.4054225027
       56.2244900000        1.0000000000        1.0000000000        7.4442367004        0.0000000000        0.8869204367        0.1064304524        0.4092993825
       56.3265310000        1.0000000000        1.0000000000        7.4694195205        0.0000000000        0.8869204367        0.1064304524        0.4080643720
       56.4285710000        1.0000000000        1.0000000000        7.5314589642        0.0000000000        0.8869204367        0.1064304524        0.4050377219
       56.5306120000        1.0000000000        1.0000000000        7.6193970766        0.0000000000        0.8869204367        0.1064304524        0.4007860043
       56.6326530000        1.0000000000        1.0000000000        7.7352956496        0.0000000000        0.8869204367        0.1064304524        0.3952505237
       56.7346940000        1.0000000000        1.0000000000        7.8851754150        0.0000000000        0.8869204367        0.1064304524        0.3882052634
       56.8367350000        1.0000000000        1.0000000000        8.0781365986        0.0000000000        0.8869204367        0.1064304524        0.3793195111
       56.9387760000        1.0000000000        1.0000000000        8.3270558736        0.0000000000        0.8869204367        0.1064304524        0.3681566674
       57.0408160000        1.0000000000        1.0000000000        8.6500802913        0.0000000000        0.8869204367        0.1064304524        0.3541588864
       57.1428570000        1.0000000000        1.0000000000        9.0731436549        0.0000000000        0.8869204367        0.1064304524        0.3366278577
       57.2448980000        1.0000000000        1.0000000000        9.6340793738        0.0000000000        0.8869204367        0.1064304524        0.3147144608
       57.3469390000        1.0000000000        1.0000000000       10.3896329354        0.0000000000        0.8869204367        0.1064304524        0.2874357413
       57.4489800000        1.0000000000        1.0000000000       11.4278188135        0.0000000000        0.8869204367        0.1064304524        0.2537671264
       57.5510200000        1.0000000000        1.0000000000       12.8909009220        0.0000000000        0.8869204367        0.1064304524        0.2129052366
       57.6530610000        1.0000000000        1.0000000000       15.0211589449        0.0000000000        0.8869204367        0.1064304524        0.1648797146
       57.7551020000        1.0000000000        1.0000000000       18.2597228520        0.0000000000        0.8869204367        0.1064304524        0.1117862468
       57.8571430000        1.0000000000        1.0000000000       23.4905935283        0.0000000000        0.8869204367        0.1064304524        0.0596732625
       57.9591840000        1.0000000000        1.0000000000       32.8227099885        0.0000000000        0.8869204367        0.1064304524        0.0194730232
       58.0612240000        1.0000000000        1.0000000000       53.2121696813        0.0000000000        0.8869204367        0.1064304524        0.0016858922
       58.1632650000        1.0000000000        1.0000000000      114.2493156652        0.0000000000        0.8869204367        0.1064304524        0.0000011114
       58.2653060000        1.0000000000        1.0000000000      320.3996636334        0.0000000000        0.8869204367        0.1064304524        0.0000000000
       58.3673470000        1.0000000000        1.0000000000      850.8404820495        0.0000000000        0.8869204367        0.1064304524        0.0000000000
       58.4693880000        1.0000000000        1.0000000000     1615.8270249971        0.0000000000        0.8869204367        0.1064304524        0.0000000000
       58.5714290000        1.0000000000        1.0000000000     1961.5718355971        0.0000000000        0.8869204367        0.1064304524        0.0000000000
       58.6734690000        1.0000000000        1.0000000000     1492.2819084137        0.0000000000        0.8869204367        0.1064304524        0.0000000000
       58.7755100000        1.0000000000        1.0000000000      753.8997948079        0.0000000000        0.8869204367        0.1064304524        0.0000000000
       58.8775510000        1.0000000000        1.0000000000      303.9054993384        0.0000000000        0.8869204367        0.1064304524        0.0000000000
       58.9795920000        1.0000000000        1.0000000000      139.2560122404        0.0000000000        0.8869204367        0.1064304524        0.0000000553
       59.0816330000        1.0000000000        1.0000000000       86.0790631196        0.0000000000        0.8869204367        0.1064304524        0.0000326558
       59.1836730000        1.0000000000        1.0000000000       60.9140700400        0.0000000000        0.8869204367        0.1064304524        0.0006690255
       59.2857140000        1.0000000000        1.0000000000       45.2120294846        0.0000000000        0.8869204367        0.1064304524        0.0044031128
       59.3877550000        1.0000000000        1.0000000000       35.8440787550        0.0000000000        0.8869204367        0.1064304524        0.0135510743
       59.4897960000        1.0000000000        1.0000000000       30.2496722925        0.0000000000        0.8869204367        0.1064304524        0.0265172272
       59.5918370000        1.0000000000        1.0000000000       26.5328960459        0.0000000000        0.8869204367        0.1064304524        0.0414218183
       59.6938780000        1.0000000000        1.0000000000       23.8307898117        0.0000000000        0.8869204367        0.1064304524        0.0572862427
       59.7959180000        1.0000000000        1.0000000000       21.7687151246        0.0000000000        0.8869204367        0.1064304524        0.0733695841
       59.8979590000        1.0000000000        1.0000000000       20.1470028281        0.0000000000        0.8869204367        0.1064304524        0.0891316901
       60.0000000000        1.0000000000        1.0000000000       18.8424684442        0.0000000000        0.8869204367        0.1064304524        0.1042361570
