       55.0000000000        1.0000000000        1.0000000000        7.2470942233        0.0000000000        0.8869204367        0.1064304524        0.4190976603
       55.1020410000        1.0000000000        1.0000000000        7.3844383286        0.0000000000        0.8869204367        0.1064304524        0.4122469981
       55.2040820000        1.0000000000        1.0000000000        7.5512374564        0.0000000000        0.8869204367        0.1064304524        0.4040775376
       55.3061220000        1.0000000000        1.0000000000        7.7580026640        0.0000000000        0.8869204367        0.1064304524        0.3941749946
       55.4081630000        1.0000000000        1.0000000000        8.0366077771        0.0000000000        0.8869204367        0.1064304524        0.3812145522
       55.5102040000        1.0000000000        1.0000000000        8.5027050729        0.0000000000        0.8869204367        0.1064304524        0.3604779069
       55.6122450000        1.0000000000        1.0000000000        9.3843603497        0.0000000000        0.8869204367        0.1064304524        0.3242880088
       55.7142860000        1.0000000000        1.0000000000       10.6199079765        0.0000000000        0.8869204367        0.1064304524        0.2796017647
       55.8163270000        1.0000000000        1.0000000000       11.4551264541        0.0000000000        0.8869204367        0.1064304524        0.2529369137
       55.9183670000        1.0000000000        1.0000000000       11.4987375589        0.0000000000        0.8869204367        0.1064304524        0.2516166683
       56.0204080000        1.0000000000        1.0000000000       11.5044451236        0.0000000000        0.8869204367        0.1064304524        0.2514443931
       56.1224490000        1.0000000000        1.0000000000       12.0961135617        0.0000000000        0.8869204367        0.1064304524        0.2342108204
       56.2244900000        1.0000000000        1.0000000000       13.2480035641        0.0000000000        0.8869204367        0.1064304524        0.2039744725
       56.3265310000        1.0000000000        1.0000000000       14.8676632100        0.0000000000        0.8869204367        0.1064304524        0.1679448571
       56.4285710000        1.0000000000        1.0000000000       17.0356097717        0.0000000000        0.8869204367        0.1064304524        0.1294742612
       56.5306120000        1.0000000000        1.0000000000       19.9695585774        0.0000000000        0.8869204367        0.1064304524        0.0910499493
       56.6326530000        1.0000000000        1.0000000000       24.0402091542        0.0000000000        0.8869204367        0.1064304524        0.0558645595
       56.7346940000        1.0000000000        1.0000000000       29.8816525455        0.0000000000        0.8869204367        0.1064304524        0.0277145341
       56.8367350000        1.0000000000        1.0000000000       38.6535902377        0.0000000000        0.8869204367        0.1064304524        0.0096728641
       56.9387760000        1.0000000000        1.0000000000       52.7281297976        0.0000000000        0.8869204367        0.1064304524        0.0017867167
       57.0408160000        1.0000000000        1.0000000000       78.0570127378        0.0000000000        0.8869204367        0.1064304524        0.0000855131
       57.1428570000        1.0000000000        1.0000000000      134.4944502520        0.0000000000        0.8869204367        0.1064304524        0.0000000979
       57.2448980000        1.0000000000        1.0000000000      294.4285246371        0.0000000000        0.8869204367        0.1064304524        0.0000000000
       57.3469390000        1.0000000000        1.0000000000      741.3736392892        0.0000000000        0.8869204367        0.1064304524        0.0000000000
       57.4489800000        1.0000000000        1.0000000000     1629.3510095838        0.0000000000        0.8869204367        0.1064304524        0.0000000000
       57.5510200000        1.0000000000        1.0000000000     2643.8304235023        0.0000000000        0.8869204367        0.1064304524        0.0000000000
       57.6530610000        1.0000000000        1.0000000000     3122.2681696110        0.0000000000        0.8869204367        0.1064304524        0.0000000000
       57.7551020000        1.0000000000        1.0000000000     2813.6530135606        0.0000000000        0.8869204367        0.1064304524        0.0000000000
       57.8571430000        1.0000000000        1.0000000000     1947.3078828507        0.0000000000        0.8869204367        0.1064304524        0.0000000000
       57.9591840000        1.0000000000        1.0000000000     1028.7781361846        0.0000000000        0.8869204367        0.1064304524        0.0000000000
       58.0612240000        1.0000000000        1.0000000000      461.3773613684        0.0000000000        0.8869204367        0.1064304524        0.0000000000
       58.1632650000        1.0000000000        1.0000000000      225.0693410380        0.0000000000        0.8869204367        0.1064304524        0.0000000000
       58.2653060000        1.0000000000        1.0000000000      137.8267341631        0.0000000000        0.8869204367        0.1064304524        0.0000000656
       58.3673470000        1.0000000000        1.0000000000       99.0583282301        0.0000000000        0.8869204367        0.1064304524        0.0000068793
       58.4693880000        1.0000000000        1.0000000000       77.2408803437        0.0000000000        0.8869204367        0.1064304524        0.0000943117
       58.5714290000        1.0000000000        1.0000000000       63.2284901960        0.0000000000        0.8869204367        0.1064304524        0.0005067875
       58.6734690000        1.0000000000        1.0000000000       53.7497641956        0.0000000000        0.8869204367        0.1064304524        0.0015805669
       58.7755100000        1.0000000000        1.0000000000       47.8603931063        0.0000000000        0.8869204367        0.1064304524        0.0032043463
       58.8775510000        1.0000000000        1.0000000000       45.8067422696        0.0000000000        0.8869204367        0.1064304524        0.0040998329
       58.9795920000        1.0000000000        1.0000000000       46.1136717391        0.0000000000        0.8869204367        0.1064304524        0.0039515767
       59.0816330000        1.0000000000        1.0000000000       44.1318312235        0.0000000000        0.8869204367        0.1064304524        0.0050125037
       59.1836730000        1.0000000000        1.0000000000       38.0977274046        0.0000000000        0.8869204367        0.1064304524        0.0103400840
       59.2857140000        1.0000000000        1.0000000000       31.7902035310        0.0000000000        0.8869204367        0.1064304524        0.0220415841
       59.3877550000        1.0000000000        1.0000000000       27.8055612457        0.0000000000        0.8869204367        0.1064304524        0.0355552537
       59.4897960000        1.0000000000        1.0000000000       25.5345864940        0.0000000000        0.8869204367        0.1064304524        0.0466934968
       59.5918370000        1.0000000000        1.0000000000       23.9686446739        0.0000000000        0.8869204367        0.1064304524        0.0563463756
       59.6938780000        1.0000000000        1.0000000000       22.7068260775        0.0000000000        0.8869204367        0.1064304524        0.0655580592
       59.7959180000        1.0000000000        1.0000000000       21.6333464575        0.0000000000        0.8869204367        0.1064304524        0.0745711501
       59.8979590000        1.0000000000        1.0000000000       20.7018816241        0.0000000000        0.8869204367        0.1064304524        0.0833900906
       60.0000000000        1.0000000000        1.0000000000       19.8844650919        0.0000000000        0.8869204367        0.1064304524        0.0919844433
