       55.0000000000        1.0000000000        1.0000000000       10.6466337646        0.0000000000        0.8869204367        0.1064304524        0.2787064918
       55.1020410000        1.0000000000        1.0000000000       11.4199831005        0.0000000000        0.8869204367        0.1064304524        0.2540058522
       55.2040820000        1.0000000000        1.0000000000       12.3521436239        0.0000000000        0.8869204367        0.1064304524        0.2271244361
       55.3061220000        1.0000000000        1.0000000000       13.4881228984        0.0000000000        0.8869204367        0.1064304524        0.1981809557
       55.4081630000        1.0000000000        1.0000000000       14.9064420189        0.0000000000        0.8869204367        0.1064304524        0.1671651485
       55.5102040000        1.0000000000        1.0000000000       16.7857313995        0.0000000000        0.8869204367        0.1064304524        0.1334153923
       55.6122450000        1.0000000000        1.0000000000       19.4352900009        0.0000000000        0.8869204367        0.1064304524        0.0970785533
       55.7142860000        1.0000000000        1.0000000000       22.8994657492        0.0000000000        0.8869204367        0.1064304524        0.0640599516
       55.8163270000        1.0000000000        1.0000000000       26.5974847528        0.0000000000        0.8869204367        0.1064304524        0.0411020134
       55.9183670000        1.0000000000        1.0000000000       30.4279917678        0.0000000000        0.8869204367        0.1064304524        0.0259558305
       56.0204080000        1.0000000000        1.0000000000       35.5680233219        0.0000000000        0.8869204367        0.1064304524        0.0140074941
       56.1224490000        1.0000000000        1.0000000000       43.2868094066        0.0000000000        0.8869204367        0.1064304524        0.0055474488
       56.2244900000        1.0000000000        1.0000000000       54.6490931734        0.0000000000        0.8869204367        0.1064304524        0.0014188747
       56.3265310000        1.0000000000        1.0000000000       71.5506697170        0.0000000000        0.8869204367        0.1064304524        0.0001866864
       56.4285710000        1.0000000000        1.0000000000       97.9991066633        0.0000000000        0.8869204367        0.1064304524        0.0000078117
       56.5306120000        1.0000000000        1.0000000000      143.1508689423        0.0000000000        0.8869204367        0.1064304524        0.0000000346
       56.6326530000        1.0000000000        1.0000000000      232.3733981526        0.0000000000        0.8869204367        0.1064304524        0.0000000000
       56.7346940000        1.0000000000        1.0000000000      448.7961949427        0.0000000000        0.8869204367        0.1064304524        0.0000000000
       56.8367350000        1.0000000000        1.0000000000     1034.7264618063        0.0000000000        0.8869204367        0.1064304524        0.0000000000
       56.9387760000        1.0000000000        1.0000000000     2367.5614483059        0.0000000000        0.8869204367        0.1064304524        0.0000000000
       57.0408160000        1.0000000000        1.0000000000     4261.2374033227        0.0000000000        0.8869204367        0.1064304524        0.0000000000
       57.1428570000        1.0000000000        1.0000000000     5272.7933933175        0.0000000000        0.8869204367        0.1064304524        0.0000000000
       57.2448980000        1.0000000000        1.0000000000     4334.9646038765        0.0000000000        0.8869204367        0.1064304524        0.0000000000
       57.3469390000        1.0000000000        1.0000000000     2485.5509307286        0.0000000000        0.8869204367        0.1064304524        0.0000000000
       57.4489800000        1.0000000000        1.0000000000     1155.8438429377        0.0000000000        0.8869204367        0.1064304524        0.0000000000
       57.5510200000        1.0000000000        1.0000000000      551.6790908351        0.0000000000        0.8869204367        0.1064304524        0.0000000000
       57.6530610000        1.0000000000        1.0000000000      316.2418055164        0.0000000000        0.8869204367        0.1064304524        0.0000000000
       57.7551020000        1.0000000000        1.0000000000      212.8735845266        0.0000000000        0.8869204367        0.1064304524        0.0000000000
       57.8571430000        1.0000000000        1.0000000000      157.5415521170        0.0000000000        0.8869204367        0.1064304524        0.0000000062
       57.9591840000        1.0000000000        1.0000000000      123.5017989398        0.0000000000        0.8869204367        0.1064304524        0.0000003662
       58.0612240000        1.0000000000        1.0000000000      100.7109019203        0.0000000000        0.8869204367        0.1064304524        0.0000056418
       58.1632650000        1.0000000000        1.0000000000       84.5656549650        0.0000000000        0.8869204367        0.1064304524        0.0000391591
       58.2653060000        1.0000000000        1.0000000000       72.6449152467        0.0000000000        0.8869204367        0.1064304524        0.0001637140
       58.3673470000        1.0000000000        1.0000000000       63.5573166653        0.0000000000        0.8869204367        0.1064304524        0.0004871795
       58.4693880000        1.0000000000        1.0000000000       56.4554332401        0.0000000000        0.8869204367        0.1064304524        0.0011423680
       58.5714290000        1.0000000000        1.0000000000       50.8213170687        0.0000000000        0.8869204367        0.1064304524        0.0022461042
       58.6734690000        1.0000000000        1.0000000000       46.4691310847        0.0000000000        0.8869204367        0.1064304524        0.0037865660
       58.7755100000        1.0000000000        1.0000000000       43.8600071993        0.0000000000        0.8869204367        0.1064304524        0.0051787018
       58.8775510000        1.0000000000        1.0000000000       43.9743646619        0.0000000000        0.8869204367        0.1064304524        0.0051081205
       58.9795920000        1.0000000000        1.0000000000       45.7561226706        0.0000000000        0.8869204367        0.1064304524        0.0041248125
       59.0816330000        1.0000000000        1.0000000000       44.8012463825        0.0000000000        0.8869204367        0.1064304524        0.0046255982
       59.1836730000        1.0000000000        1.0000000000       39.4797418986        0.0000000000        0.8869204367        0.1064304524        0.0087599154
       59.2857140000        1.0000000000        1.0000000000       33.6575130224        0.0000000000        0.8869204367        0.1064304524        0.0176168128
       59.3877550000        1.0000000000        1.0000000000       30.0022284085        0.0000000000        0.8869204367        0.1064304524        0.0273164168
       59.4897960000        1.0000000000        1.0000000000       27.9547054509        0.0000000000        0.8869204367        0.1064304524        0.0349245711
       59.5918370000        1.0000000000        1.0000000000       26.5372088649        0.0000000000        0.8869204367        0.1064304524        0.0414003864
       59.6938780000        1.0000000000        1.0000000000       25.3691433146        0.0000000000        0.8869204367        0.1064304524        0.0476297745
       59.7959180000        1.0000000000        1.0000000000       24.3492384980        0.0000000000        0.8869204367        0.1064304524        0.0538308466
       59.8979590000        1.0000000000        1.0000000000       23.4417702094        0.0000000000        0.8869204367        0.1064304524        0.0600239023
       60.0000000000        1.0000000000        1.0000000000       22.6265587835        0.0000000000        0.8869204367        0.1064304524        0.0661925703
