       55.0000000000        1.0000000000        1.0000000000        7.3359374412        0.0000000000        0.8869204367        0.1064304524        0.4146533152
       55.1020410000        1.0000000000        1.0000000000        7.4906929520        0.0000000000        0.8869204367        0.1064304524        0.4070239890
       55.2040820000        1.0000000000        1.0000000000        7.6822962884        0.0000000000        0.8869204367        0.1064304524        0.3977722974
       55.3061220000        1.0000000000        1.0000000000        7.9242844971        0.0000000000        0.8869204367        0.1064304524        0.3863876497
       55.4081630000        1.0000000000        1.0000000000        8.2529375221        0.0000000000        0.8869204367        0.1064304524        0.3714457323
       55.5102040000        1.0000000000        1.0000000000        8.7904176742        0.0000000000        0.8869204367        0.1064304524        0.3482446180
       55.6122450000        1.0000000000        1.0000000000        9.7746120644        0.0000000000        0.8869204367        0.1064304524        0.3094516410
       55.7142860000        1.0000000000        1.0000000000       11.1589303656        0.0000000000        0.8869204367        0.1064304524        0.2620888675
       55.8163270000        1.0000000000        1.0000000000       12.2129789827        0.0000000000        0.8869204367        0.1064304524        0.2309492065
       55.9183670000        1.0000000000        1.0000000000       12.5838779912        0.0000000000        0.8869204367        0.1064304524        0.2208955400
       56.0204080000        1.0000000000        1.0000000000       13.0903935393        0.0000000000        0.8869204367        0.1064304524        0.2078689960
       56.1224490000        1.0000000000        1.0000000000       14.4725947091        0.0000000000        0.8869204367        0.1064304524        0.1760985733
       56.2244900000        1.0000000000        1.0000000000       16.9208797888        0.0000000000        0.8869204367        0.1064304524        0.1312691380
       56.3265310000        1.0000000000        1.0000000000       20.7829515481        0.0000000000        0.8869204367        0.1064304524        0.0825827725
       56.4285710000        1.0000000000        1.0000000000       27.1702925687        0.0000000000        0.8869204367        0.1064304524        0.0383716985
       56.5306120000        1.0000000000        1.0000000000       39.5000088012        0.0000000000        0.8869204367        0.1064304524        0.0087386370
       56.6326530000        1.0000000000        1.0000000000       71.8335775962        0.0000000000        0.8869204367        0.1064304524        0.0001804550
       56.7346940000        1.0000000000        1.0000000000      180.9996683589        0.0000000000        0.8869204367        0.1064304524        0.0000000004
       56.8367350000        1.0000000000        1.0000000000      499.4785230025        0.0000000000        0.8869204367        0.1064304524        0.0000000000
       56.9387760000        1.0000000000        1.0000000000     1057.5899989720        0.0000000000        0.8869204367        0.1064304524        0.0000000000
       57.0408160000        1.0000000000        1.0000000000     1442.4601813111        0.0000000000        0.8869204367        0.1064304524        0.0000000000
       57.1428570000        1.0000000000        1.0000000000     1205.5971696556        0.0000000000        0.8869204367        0.1064304524        0.0000000000
       57.2448980000        1.0000000000        1.0000000000      637.6150592910        0.0000000000        0.8869204367        0.1064304524        0.0000000000
       57.3469390000        1.0000000000        1.0000000000      247.4701698265        0.0000000000        0.8869204367        0.1064304524        0.0000000000
       57.4489800000        1.0000000000        1.0000000000      103.4678197760        0.0000000000        0.8869204367        0.1064304524        0.0000040527
       57.5510200000        1.0000000000        1.0000000000       70.8575145787        0.0000000000        0.8869204367        0.1064304524        0.0002028788
       57.6530610000        1.0000000000        1.0000000000       82.3068867156        0.0000000000        0.8869204367        0.1064304524        0.0000513510
       57.7551020000        1.0000000000        1.0000000000      158.7475245834        0.0000000000        0.8869204367        0.1064304524        0.0000000053
       57.8571430000        1.0000000000        1.0000000000      434.1731624549        0.0000000000        0.8869204367        0.1064304524        0.0000000000
       57.9591840000        1.0000000000        1.0000000000     1109.7177619687        0.0000000000        0.8869204367        0.1064304524        0.0000000000
       58.0612240000        1.0000000000        1.0000000000     1995.2469779270        0.0000000000        0.8869204367        0.1064304524        0.0000000000
       58.1632650000        1.0000000000        1.0000000000     2285.2131431111        0.0000000000        0.8869204367        0.1064304524        0.0000000000
       58.2653060000        1.0000000000        1.0000000000     1654.1333050108        0.0000000000        0.8869204367        0.1064304524        0.0000000000
       58.3673470000        1.0000000000        1.0000000000      816.0405439851        0.0000000000        0.8869204367        0.1064304524        0.0000000000
       58.4693880000        1.0000000000        1.0000000000      336.3631930916        0.0000000000        0.8869204367        0.1064304524        0.0000000000
       58.5714290000        1.0000000000        1.0000000000      159.0961813968        0.0000000000        0.8869204367        0.1064304524        0.0000000051
       58.6734690000        1.0000000000        1.0000000000       98.7507852698        0.0000000000        0.8869204367        0.1064304524        0.0000071379
       58.7755100000        1.0000000000        1.0000000000       73.5770670264        0.0000000000        0.8869204367        0.1064304524        0.0001463883
       58.8775510000        1.0000000000        1.0000000000       62.0877161337        0.0000000000        0.8869204367        0.1064304524        0.0005811359
       58.9795920000        1.0000000000        1.0000000000       57.0573416228        0.0000000000        0.8869204367        0.1064304524        0.0010627653
       59.0816330000        1.0000000000        1.0000000000       51.8071448208        0.0000000000        0.8869204367        0.1064304524        0.0019955065
       59.1836730000        1.0000000000        1.0000000000       43.6479493058        0.0000000000        0.8869204367        0.1064304524        0.0053121750
       59.2857140000        1.0000000000        1.0000000000       35.8854964564        0.0000000000        0.8869204367        0.1064304524        0.0134838909
       59.3877550000        1.0000000000        1.0000000000       30.8721505564        0.0000000000        0.8869204367        0.1064304524        0.0246086304
       59.4897960000        1.0000000000        1.0000000000       27.8600618821        0.0000000000        0.8869204367        0.1064304524        0.0353234784
       59.5918370000        1.0000000000        1.0000000000       25.7500406985        0.0000000000        0.8869204367        0.1064304524        0.0455017322
       59.6938780000        1.0000000000        1.0000000000       24.0812273438        0.0000000000        0.8869204367        0.1064304524        0.0555902595
       59.7959180000        1.0000000000        1.0000000000       22.6982419732        0.0000000000        0.8869204367        0.1064304524        0.0656256248
       59.8979590000        1.0000000000        1.0000000000       21.5280906834        0.0000000000        0.8869204367        0.1064304524        0.0755190088
       60.0000000000        1.0000000000        1.0000000000       20.5243909387        0.0000000000        0.8869204367        0.1064304524        0.0851852559
