       55.0000000000        1.0000000000        1.0000000000       13.4351797376        0.0000000000        0.8869204367        0.1064304524        0.1994440429
       55.1020410000        1.0000000000        1.0000000000       14.5971501328        0.0000000000        0.8869204367        0.1064304524        0.1734860622
       55.2040820000        1.0000000000        1.0000000000       15.9835871086        0.0000000000        0.8869204367        0.1064304524        0.1468959960
       55.3061220000        1.0000000000        1.0000000000       17.6558646276        0.0000000000        0.8869204367        0.1064304524        0.1201873198
       55.4081630000        1.0000000000        1.0000000000       19.7148294472        0.0000000000        0.8869204367        0.1064304524        0.0938760923
       55.5102040000        1.0000000000        1.0000000000       22.3697015241        0.0000000000        0.8869204367        0.1064304524        0.0682645840
       55.6122450000        1.0000000000        1.0000000000       25.9702696976        0.0000000000        0.8869204367        0.1064304524        0.0443149865
       55.7142860000        1.0000000000        1.0000000000       30.6162258034        0.0000000000        0.8869204367        0.1064304524        0.0253761101
       55.8163270000        1.0000000000        1.0000000000       35.8215776278        0.0000000000        0.8869204367        0.1064304524        0.0135877135
       55.9183670000        1.0000000000        1.0000000000       41.6508172678        0.0000000000        0.8869204367        0.1064304524        0.0067507743
       56.0204080000        1.0000000000        1.0000000000       49.5458397034        0.0000000000        0.8869204367        0.1064304524        0.0026175912
       56.1224490000        1.0000000000        1.0000000000       61.2350353426        0.0000000000        0.8869204367        0.1064304524        0.0006437473
       56.2244900000        1.0000000000        1.0000000000       78.6831142563        0.0000000000        0.8869204367        0.1064304524        0.0000793237
       56.3265310000        1.0000000000        1.0000000000      105.8054655943        0.0000000000        0.8869204367        0.1064304524        0.0000030613
       56.4285710000        1.0000000000        1.0000000000      152.1229167065        0.0000000000        0.8869204367        0.1064304524        0.0000000118
       56.5306120000        1.0000000000        1.0000000000      245.9520954944        0.0000000000        0.8869204367        0.1064304524        0.0000000000
       56.6326530000        1.0000000000        1.0000000000      483.4552896999        0.0000000000        0.8869204367        0.1064304524        0.0000000000
       56.7346940000        1.0000000000        1.0000000000     1124.2874119788        0.0000000000        0.8869204367        0.1064304524        0.0000000000
       56.8367350000        1.0000000000        1.0000000000     2456.1950845445        0.0000000000        0.8869204367        0.1064304524        0.0000000000
       56.9387760000        1.0000000000        1.0000000000     4003.5201002196        0.0000000000        0.8869204367        0.1064304524        0.0000000000
       57.0408160000        1.0000000000        1.0000000000     4340.5403408868        0.0000000000        0.8869204367        0.1064304524        0.0000000000
       57.1428570000        1.0000000000        1.0000000000     3071.8502109986        0.0000000000        0.8869204367        0.1064304524        0.0000000000
       57.2448980000        1.0000000000        1.0000000000     1514.5925315430        0.0000000000        0.8869204367        0.1064304524        0.0000000000
       57.3469390000        1.0000000000        1.0000000000      621.0514076544        0.0000000000        0.8869204367        0.1064304524        0.0000000000
       57.4489800000        1.0000000000        1.0000000000      281.8451268483        0.0000000000        0.8869204367        0.1064304524        0.0000000000
       57.5510200000        1.0000000000        1.0000000000      174.4938967062        0.0000000000        0.8869204367        0.1064304524        0.0000000008
       57.6530610000        1.0000000000        1.0000000000      163.2355085156        0.0000000000        0.8869204367        0.1064304524        0.0000000031
       57.7551020000        1.0000000000        1.0000000000      267.5100682817        0.0000000000        0.8869204367        0.1064304524        0.0000000000
       57.8571430000        1.0000000000        1.0000000000      676.1781128075        0.0000000000        0.8869204367        0.1064304524        0.0000000000
       57.9591840000        1.0000000000        1.0000000000     1669.9518998414        0.0000000000        0.8869204367        0.1064304524        0.0000000000
       58.0612240000        1.0000000000        1.0000000000     2990.5128260146        0.0000000000        0.8869204367        0.1064304524        0.0000000000
       58.1632650000        1.0000000000        1.0000000000     3491.2704783968        0.0000000000        0.8869204367        0.1064304524        0.0000000000
       58.2653060000        1.0000000000        1.0000000000     2645.9350122532        0.0000000000        0.8869204367        0.1064304524        0.0000000000
       58.3673470000        1.0000000000        1.0000000000     1411.9598809770        0.0000000000        0.8869204367        0.1064304524        0.0000000000
       58.4693880000        1.0000000000        1.0000000000      646.7187812295        0.0000000000        0.8869204367        0.1064304524        0.0000000000
       58.5714290000        1.0000000000        1.0000000000      333.1908202484        0.0000000000        0.8869204367        0.1064304524        0.0000000000
       58.6734690000        1.0000000000        1.0000000000      213.7292176633        0.0000000000        0.8869204367        0.1064304524        0.0000000000
       58.7755100000        1.0000000000        1.0000000000      158.9066741642        0.0000000000        0.8869204367        0.1064304524        0.0000000052
       58.8775510000        1.0000000000        1.0000000000      129.6603565920        0.0000000000        0.8869204367        0.1064304524        0.0000001749
       58.9795920000        1.0000000000        1.0000000000      112.8500095870        0.0000000000        0.8869204367        0.1064304524        0.0000013146
       59.0816330000        1.0000000000        1.0000000000       99.3175566266        0.0000000000        0.8869204367        0.1064304524        0.0000066686
       59.1836730000        1.0000000000        1.0000000000       84.9398131665        0.0000000000        0.8869204367        0.1064304524        0.0000374398
       59.2857140000        1.0000000000        1.0000000000       72.2120659960        0.0000000000        0.8869204367        0.1064304524        0.0001724423
       59.3877550000        1.0000000000        1.0000000000       63.1523504600        0.0000000000        0.8869204367        0.1064304524        0.0005114391
       59.4897960000        1.0000000000        1.0000000000       56.8305343159        0.0000000000        0.8869204367        0.1064304524        0.0010920877
       59.5918370000        1.0000000000        1.0000000000       51.9810799342        0.0000000000        0.8869204367        0.1064304524        0.0019542875
       59.6938780000        1.0000000000        1.0000000000       48.0095063879        0.0000000000        0.8869204367        0.1064304524        0.0031475190
       59.7959180000        1.0000000000        1.0000000000       44.6643945093        0.0000000000        0.8869204367        0.1064304524        0.0047021880
       59.8979590000        1.0000000000        1.0000000000       41.8034672959        0.0000000000        0.8869204367        0.1064304524        0.0066282393
       60.0000000000        1.0000000000        1.0000000000       39.3289135575        0.0000000000        0.8869204367        0.1064304524        0.0089199082
