       55.0000000000        1.0000000000        1.0000000000        9.8368007138        0.0000000000        0.8869204367        0.1064304524        0.3071509109
       55.1020410000        1.0000000000        1.0000000000       10.4201969297        0.0000000000        0.8869204367        0.1064304524        0.2863834501
       55.2040820000        1.0000000000        1.0000000000       11.1075752501        0.0000000000        0.8869204367        0.1064304524        0.2637090070
       55.3061220000        1.0000000000        1.0000000000       11.9262022525        0.0000000000        0.8869204367        0.1064304524        0.2390352448
       55.4081630000        1.0000000000        1.0000000000       12.9299510133        0.0000000000        0.8869204367        0.1064304524        0.2119098943
       55.5102040000        1.0000000000        1.0000000000       14.2628751766        0.0000000000        0.8869204367        0.1064304524        0.1805865669
       55.6122450000        1.0000000000        1.0000000000       16.1856160050        0.0000000000        0.8869204367        0.1064304524        0.1433775497
       55.7142860000        1.0000000000        1.0000000000       18.6727569359        0.0000000000        0.8869204367        0.1064304524        0.1063807295
       55.8163270000        1.0000000000        1.0000000000       21.0354847626        0.0000000000        0.8869204367        0.1064304524        0.0801177244
       55.9183670000        1.0000000000        1.0000000000       23.0021498869        0.0000000000        0.8869204367        0.1064304524        0.0632754420
       56.0204080000        1.0000000000        1.0000000000       25.4812654200        0.0000000000        0.8869204367        0.1064304524        0.0469932244
       56.1224490000        1.0000000000        1.0000000000       29.2971697981        0.0000000000        0.8869204367        0.1064304524        0.0297281647
       56.2244900000        1.0000000000        1.0000000000       34.7399023699        0.0000000000        0.8869204367        0.1064304524        0.0154709952
       56.3265310000        1.0000000000        1.0000000000       42.2489637152        0.0000000000        0.8869204367        0.1064304524        0.0062832014
       56.4285710000        1.0000000000        1.0000000000       52.8280981982        0.0000000000        0.8869204367        0.1064304524        0.0017654109
       56.5306120000        1.0000000000        1.0000000000       68.4201230644        0.0000000000        0.8869204367        0.1064304524        0.0002718080
       56.6326530000        1.0000000000        1.0000000000       93.0276964148        0.0000000000        0.8869204367        0.1064304524        0.0000141850
       56.7346940000        1.0000000000        1.0000000000      136.6654060336        0.0000000000        0.8869204367        0.1064304524        0.0000000754
       56.8367350000        1.0000000000        1.0000000000      231.8264799503        0.0000000000        0.8869204367        0.1064304524        0.0000000000
       56.9387760000        1.0000000000        1.0000000000      491.4098777336        0.0000000000        0.8869204367        0.1064304524        0.0000000000
       57.0408160000        1.0000000000        1.0000000000     1184.5668096477        0.0000000000        0.8869204367        0.1064304524        0.0000000000
       57.1428570000        1.0000000000        1.0000000000     2469.0319674310        0.0000000000        0.8869204367        0.1064304524        0.0000000000
       57.2448980000        1.0000000000        1.0000000000     3627.1386476076        0.0000000000        0.8869204367        0.1064304524        0.0000000000
       57.3469390000        1.0000000000        1.0000000000     3453.7802464174        0.0000000000        0.8869204367        0.1064304524        0.0000000000
       57.4489800000        1.0000000000        1.0000000000     2139.9797499820        0.0000000000        0.8869204367        0.1064304524        0.0000000000
       57.5510200000        1.0000000000        1.0000000000      952.2113488097        0.0000000000        0.8869204367        0.1064304524        0.0000000000
       57.6530610000        1.0000000000        1.0000000000      397.7327918414        0.0000000000        0.8869204367        0.1064304524        0.0000000000
       57.7551020000        1.0000000000        1.0000000000      264.5053426609        0.0000000000        0.8869204367        0.1064304524        0.0000000000
       57.8571430000        1.0000000000        1.0000000000      427.7749773843        0.0000000000        0.8869204367        0.1064304524        0.0000000000
       57.9591840000        1.0000000000        1.0000000000     1070.3147634498        0.0000000000        0.8869204367        0.1064304524        0.0000000000
       58.0612240000        1.0000000000        1.0000000000     2263.3784528303        0.0000000000        0.8869204367        0.1064304524        0.0000000000
       58.1632650000        1.0000000000        1.0000000000     3229.2843206528        0.0000000000        0.8869204367        0.1064304524        0.0000000000
       58.2653060000        1.0000000000        1.0000000000     2955.9964148750        0.0000000000        0.8869204367        0.1064304524        0.0000000000
       58.3673470000        1.0000000000        1.0000000000     1805.3661305184        0.0000000000        0.8869204367        0.1064304524        0.0000000000
       58.4693880000        1.0000000000        1.0000000000      849.8591577599        0.0000000000        0.8869204367        0.1064304524        0.0000000000
       58.5714290000        1.0000000000        1.0000000000      400.8505030506        0.0000000000        0.8869204367        0.1064304524        0.0000000000
       58.6734690000        1.0000000000        1.0000000000      233.3283746177        0.0000000000        0.8869204367        0.1064304524        0.0000000000
       58.7755100000        1.0000000000        1.0000000000      164.4853310460        0.0000000000        0.8869204367        0.1064304524        0.0000000027
       58.8775510000        1.0000000000        1.0000000000      130.5169216290        0.0000000000        0.8869204367        0.1064304524        0.0000001578
       58.9795920000        1.0000000000        1.0000000000      111.7299275183        0.0000000000        0.8869204367        0.1064304524        0.0000015037
       59.0816330000        1.0000000000        1.0000000000       97.2467744841        0.0000000000        0.8869204367        0.1064304524        0.0000085497
       59.1836730000        1.0000000000        1.0000000000       82.3958564753        0.0000000000        0.8869204367        0.1064304524        0.0000508057
       59.2857140000        1.0000000000        1.0000000000       69.4491409165        0.0000000000        0.8869204367        0.1064304524        0.0002402340
       59.3877550000        1.0000000000        1.0000000000       60.3087272571        0.0000000000        0.8869204367        0.1064304524        0.0007194329
       59.4897960000        1.0000000000        1.0000000000       53.9814435659        0.0000000000        0.8869204367        0.1064304524        0.0015372299
       59.5918370000        1.0000000000        1.0000000000       49.1687425916        0.0000000000        0.8869204367        0.1064304524        0.0027387625
       59.6938780000        1.0000000000        1.0000000000       45.2580853024        0.0000000000        0.8869204367        0.1064304524        0.0043788452
       59.7959180000        1.0000000000        1.0000000000       41.9873577091        0.0000000000        0.8869204367        0.1064304524        0.0064835769
       59.8979590000        1.0000000000        1.0000000000       39.2077235730        0.0000000000        0.8869204367        0.1064304524        0.0090505764
       60.0000000000        1.0000000000        1.0000000000       36.8172949748        0.0000000000        0.8869204367        0.1064304524        0.0120574157
