       55.0000000000        1.0000000000        1.0000000000        7.5907932397        0.0000000000        0.8869204367        0.1064304524        0.4021640501
       55.1020410000        1.0000000000        1.0000000000        7.7100650609        0.0000000000        0.8869204367        0.1064304524        0.3964490255
       55.2040820000        1.0000000000        1.0000000000        7.8623604266        0.0000000000        0.8869204367        0.1064304524        0.3892695475
       55.3061220000        1.0000000000        1.0000000000        8.0610195415        0.0000000000        0.8869204367        0.1064304524        0.3800994519
       55.4081630000        1.0000000000        1.0000000000        8.3421748196        0.0000000000        0.8869204367        0.1064304524        0.3674893360
       55.5102040000        1.0000000000        1.0000000000        8.8281441086        0.0000000000        0.8869204367        0.1064304524        0.3466716180
       55.6122450000        1.0000000000        1.0000000000        9.7586908750        0.0000000000        0.8869204367        0.1064304524        0.3100434268
       55.7142860000        1.0000000000        1.0000000000       11.0922818786        0.0000000000        0.8869204367        0.1064304524        0.2641934113
       55.8163270000        1.0000000000        1.0000000000       12.1026249535        0.0000000000        0.8869204367        0.1064304524        0.2340278873
       55.9183670000        1.0000000000        1.0000000000       12.4365431558        0.0000000000        0.8869204367        0.1064304524        0.2248357421
       56.0204080000        1.0000000000        1.0000000000       12.9185425365        0.0000000000        0.8869204367        0.1064304524        0.2122002013
       56.1224490000        1.0000000000        1.0000000000       14.3081178864        0.0000000000        0.8869204367        0.1064304524        0.1796087964
       56.2244900000        1.0000000000        1.0000000000       16.8268213141        0.0000000000        0.8869204367        0.1064304524        0.1327591682
       56.3265310000        1.0000000000        1.0000000000       20.8695871099        0.0000000000        0.8869204367        0.1064304524        0.0817286673
       56.4285710000        1.0000000000        1.0000000000       27.5998320026        0.0000000000        0.8869204367        0.1064304524        0.0364439491
       56.5306120000        1.0000000000        1.0000000000       40.2098295011        0.0000000000        0.8869204367        0.1064304524        0.0080251129
       56.6326530000        1.0000000000        1.0000000000       70.2419019686        0.0000000000        0.8869204367        0.1064304524        0.0002184337
       56.7346940000        1.0000000000        1.0000000000      166.1608119817        0.0000000000        0.8869204367        0.1064304524        0.0000000022
       56.8367350000        1.0000000000        1.0000000000      475.5648801335        0.0000000000        0.8869204367        0.1064304524        0.0000000000
       56.9387760000        1.0000000000        1.0000000000     1163.3744902262        0.0000000000        0.8869204367        0.1064304524        0.0000000000
       57.0408160000        1.0000000000        1.0000000000     1933.5288339866        0.0000000000        0.8869204367        0.1064304524        0.0000000000
       57.1428570000        1.0000000000        1.0000000000     2008.2242460762        0.0000000000        0.8869204367        0.1064304524        0.0000000000
       57.2448980000        1.0000000000        1.0000000000     1309.1410400119        0.0000000000        0.8869204367        0.1064304524        0.0000000000
       57.3469390000        1.0000000000        1.0000000000      588.3124845606        0.0000000000        0.8869204367        0.1064304524        0.0000000000
       57.4489800000        1.0000000000        1.0000000000      231.4091673143        0.0000000000        0.8869204367        0.1064304524        0.0000000000
       57.5510200000        1.0000000000        1.0000000000      110.7252181307        0.0000000000        0.8869204367        0.1064304524        0.0000016964
       57.6530610000        1.0000000000        1.0000000000       69.8914135678        0.0000000000        0.8869204367        0.1064304524        0.0002278166
       57.7551020000        1.0000000000        1.0000000000       51.5617511006        0.0000000000        0.8869204367        0.1064304524        0.0020551424
       57.8571430000        1.0000000000        1.0000000000       41.1250016808        0.0000000000        0.8869204367        0.1064304524        0.0071904595
       57.9591840000        1.0000000000        1.0000000000       34.4005868187        0.0000000000        0.8869204367        0.1064304524        0.0161139420
       58.0612240000        1.0000000000        1.0000000000       29.7487767117        0.0000000000        0.8869204367        0.1064304524        0.0281599871
       58.1632650000        1.0000000000        1.0000000000       26.3695706156        0.0000000000        0.8869204367        0.1064304524        0.0422416544
       58.2653060000        1.0000000000        1.0000000000       23.8241906181        0.0000000000        0.8869204367        0.1064304524        0.0573316258
       58.3673470000        1.0000000000        1.0000000000       21.8543185046        0.0000000000        0.8869204367        0.1064304524        0.0726197598
       58.4693880000        1.0000000000        1.0000000000       20.3037969043        0.0000000000        0.8869204367        0.1064304524        0.0874703300
       58.5714290000        1.0000000000        1.0000000000       19.0994075590        0.0000000000        0.8869204367        0.1064304524        0.1010713165
       58.6734690000        1.0000000000        1.0000000000       18.3558833599        0.0000000000        0.8869204367        0.1064304524        0.1105037300
       58.7755100000        1.0000000000        1.0000000000       18.7410244424        0.0000000000        0.8869204367        0.1064304524        0.1055128077
       58.8775510000        1.0000000000        1.0000000000       21.3484399084        0.0000000000        0.8869204367        0.1064304524        0.0771647302
       58.9795920000        1.0000000000        1.0000000000       25.1491186370        0.0000000000        0.8869204367        0.1064304524        0.0489040905
       59.0816330000        1.0000000000        1.0000000000       25.8127340989        0.0000000000        0.8869204367        0.1064304524        0.0451606976
       59.1836730000        1.0000000000        1.0000000000       21.9012489098        0.0000000000        0.8869204367        0.1064304524        0.0722119403
       59.2857140000        1.0000000000        1.0000000000       17.3975799617        0.0000000000        0.8869204367        0.1064304524        0.1239707541
       59.3877550000        1.0000000000        1.0000000000       14.9448642695        0.0000000000        0.8869204367        0.1064304524        0.1663961792
       59.4897960000        1.0000000000        1.0000000000       13.9564239809        0.0000000000        0.8869204367        0.1064304524        0.1873511009
       59.5918370000        1.0000000000        1.0000000000       13.4684677462        0.0000000000        0.8869204367        0.1064304524        0.1986489406
       59.6938780000        1.0000000000        1.0000000000       13.1234789001        0.0000000000        0.8869204367        0.1064304524        0.2070453416
       59.7959180000        1.0000000000        1.0000000000       12.8382257199        0.0000000000        0.8869204367        0.1064304524        0.2142552781
       59.8979590000        1.0000000000        1.0000000000       12.5904941503        0.0000000000        0.8869204367        0.1064304524        0.2207202320
       60.0000000000        1.0000000000        1.0000000000       12.3707118758        0.0000000000        0.8869204367        0.1064304524        0.2266189231
