       55.0000000000        1.0000000000        1.0000000000        8.5302302892        0.0000000000        0.8869204367        0.1064304524        0.3592892033
       55.1020410000        1.0000000000        1.0000000000        8.9216052428        0.0000000000        0.8869204367        0.1064304524        0.3428053008
       55.2040820000        1.0000000000        1.0000000000        9.3873514785        0.0000000000        0.8869204367        0.1064304524        0.3241716312
       55.3061220000        1.0000000000        1.0000000000        9.9483809930        0.0000000000        0.8869204367        0.1064304524        0.3030656837
       55.4081630000        1.0000000000        1.0000000000       10.6502569286        0.0000000000        0.8869204367        0.1064304524        0.2785853422
       55.5102040000        1.0000000000        1.0000000000       11.6263424358        0.0000000000        0.8869204367        0.1064304524        0.2477931156
       55.6122450000        1.0000000000        1.0000000000       13.1250414809        0.0000000000        0.8869204367        0.1064304524        0.2070065223
       55.7142860000        1.0000000000        1.0000000000       15.1072692349        0.0000000000        0.8869204367        0.1064304524        0.1631847461
       55.8163270000        1.0000000000        1.0000000000       16.8594241020        0.0000000000        0.8869204367        0.1064304524        0.1322407846
       55.9183670000        1.0000000000        1.0000000000       18.0645128481        0.0000000000        0.8869204367        0.1064304524        0.1144357737
       56.0204080000        1.0000000000        1.0000000000       19.5720483119        0.0000000000        0.8869204367        0.1064304524        0.0954983989
       56.1224490000        1.0000000000        1.0000000000       22.1287767861        0.0000000000        0.8869204367        0.1064304524        0.0702669854
       56.2244900000        1.0000000000        1.0000000000       25.9003971951        0.0000000000        0.8869204367        0.1064304524        0.0446881165
       56.3265310000        1.0000000000        1.0000000000       31.1126290864        0.0000000000        0.8869204367        0.1064304524        0.0239086373
       56.4285710000        1.0000000000        1.0000000000       38.3875056610        0.0000000000        0.8869204367        0.1064304524        0.0099867039
       56.5306120000        1.0000000000        1.0000000000       48.9265898162        0.0000000000        0.8869204367        0.1064304524        0.0028195139
       56.6326530000        1.0000000000        1.0000000000       65.0818189952        0.0000000000        0.8869204367        0.1064304524        0.0004057318
       56.7346940000        1.0000000000        1.0000000000       92.2377114948        0.0000000000        0.8869204367        0.1064304524        0.0000155955
       56.8367350000        1.0000000000        1.0000000000      146.4153238591        0.0000000000        0.8869204367        0.1064304524        0.0000000234
       56.9387760000        1.0000000000        1.0000000000      285.7555207907        0.0000000000        0.8869204367        0.1064304524        0.0000000000
       57.0408160000        1.0000000000        1.0000000000      684.8829808937        0.0000000000        0.8869204367        0.1064304524        0.0000000000
       57.1428570000        1.0000000000        1.0000000000     1577.0794065610        0.0000000000        0.8869204367        0.1064304524        0.0000000000
       57.2448980000        1.0000000000        1.0000000000     2692.8287155906        0.0000000000        0.8869204367        0.1064304524        0.0000000000
       57.3469390000        1.0000000000        1.0000000000     3018.7305486891        0.0000000000        0.8869204367        0.1064304524        0.0000000000
       57.4489800000        1.0000000000        1.0000000000     2282.1963586444        0.0000000000        0.8869204367        0.1064304524        0.0000000000
       57.5510200000        1.0000000000        1.0000000000     1667.9858406520        0.0000000000        0.8869204367        0.1064304524        0.0000000000
       57.6530610000        1.0000000000        1.0000000000     2017.4491646062        0.0000000000        0.8869204367        0.1064304524        0.0000000000
       57.7551020000        1.0000000000        1.0000000000     2628.3991824952        0.0000000000        0.8869204367        0.1064304524        0.0000000000
       57.8571430000        1.0000000000        1.0000000000     2389.9479648909        0.0000000000        0.8869204367        0.1064304524        0.0000000000
       57.9591840000        1.0000000000        1.0000000000     1457.8354534027        0.0000000000        0.8869204367        0.1064304524        0.0000000000
       58.0612240000        1.0000000000        1.0000000000      684.3778378846        0.0000000000        0.8869204367        0.1064304524        0.0000000000
       58.1632650000        1.0000000000        1.0000000000      325.7229432672        0.0000000000        0.8869204367        0.1064304524        0.0000000000
       58.2653060000        1.0000000000        1.0000000000      192.8735021460        0.0000000000        0.8869204367        0.1064304524        0.0000000001
       58.3673470000        1.0000000000        1.0000000000      136.7155437988        0.0000000000        0.8869204367        0.1064304524        0.0000000750
       58.4693880000        1.0000000000        1.0000000000      106.1171987998        0.0000000000        0.8869204367        0.1064304524        0.0000029489
       58.5714290000        1.0000000000        1.0000000000       86.6222164789        0.0000000000        0.8869204367        0.1064304524        0.0000305952
       58.6734690000        1.0000000000        1.0000000000       73.3313992024        0.0000000000        0.8869204367        0.1064304524        0.0001507681
       58.7755100000        1.0000000000        1.0000000000       64.6186164968        0.0000000000        0.8869204367        0.1064304524        0.0004289226
       58.8775510000        1.0000000000        1.0000000000       60.3958832052        0.0000000000        0.8869204367        0.1064304524        0.0007119478
       58.9795920000        1.0000000000        1.0000000000       59.0256871140        0.0000000000        0.8869204367        0.1064304524        0.0008391824
       59.0816330000        1.0000000000        1.0000000000       55.7369330921        0.0000000000        0.8869204367        0.1064304524        0.0012452338
       59.1836730000        1.0000000000        1.0000000000       48.6198387196        0.0000000000        0.8869204367        0.1064304524        0.0029252345
       59.2857140000        1.0000000000        1.0000000000       41.3605831131        0.0000000000        0.8869204367        0.1064304524        0.0069900332
       59.3877550000        1.0000000000        1.0000000000       36.5434794675        0.0000000000        0.8869204367        0.1064304524        0.0124601773
       59.4897960000        1.0000000000        1.0000000000       33.5571100848        0.0000000000        0.8869204367        0.1064304524        0.0178303501
       59.5918370000        1.0000000000        1.0000000000       31.3751502354        0.0000000000        0.8869204367        0.1064304524        0.0231671946
       59.6938780000        1.0000000000        1.0000000000       29.5774343255        0.0000000000        0.8869204367        0.1064304524        0.0287449805
       59.7959180000        1.0000000000        1.0000000000       28.0334098661        0.0000000000        0.8869204367        0.1064304524        0.0345962777
       59.8979590000        1.0000000000        1.0000000000       26.6856654561        0.0000000000        0.8869204367        0.1064304524        0.0406693779
       60.0000000000        1.0000000000        1.0000000000       25.4976343435        0.0000000000        0.8869204367        0.1064304524        0.0469010075
