       55.0000000000        1.0000000000        1.0000000000       11.2586298696        0.0000000000        0.8869204367        0.1064304524        0.2589719344
       55.1020410000        1.0000000000        1.0000000000       12.0238406509        0.0000000000        0.8869204367        0.1064304524        0.2362509059
       55.2040820000        1.0000000000        1.0000000000       12.9184289649        0.0000000000        0.8869204367        0.1064304524        0.2122030933
       55.3061220000        1.0000000000        1.0000000000       13.9738936129        0.0000000000        0.8869204367        0.1064304524        0.1869587577
       55.4081630000        1.0000000000        1.0000000000       15.2491587928        0.0000000000        0.8869204367        0.1064304524        0.1604297615
       55.5102040000        1.0000000000        1.0000000000       16.8939950366        0.0000000000        0.8869204367        0.1064304524        0.1316933185
       55.6122450000        1.0000000000        1.0000000000       19.1739500376        0.0000000000        0.8869204367        0.1064304524        0.1001712553
       55.7142860000        1.0000000000        1.0000000000       22.0662893275        0.0000000000        0.8869204367        0.1064304524        0.0707958625
       55.8163270000        1.0000000000        1.0000000000       24.8878599327        0.0000000000        0.8869204367        0.1064304524        0.0504615715
       55.9183670000        1.0000000000        1.0000000000       27.3788119736        0.0000000000        0.8869204367        0.1064304524        0.0374234623
       56.0204080000        1.0000000000        1.0000000000       30.4518157361        0.0000000000        0.8869204367        0.1064304524        0.0258817320
       56.1224490000        1.0000000000        1.0000000000       34.9155340780        0.0000000000        0.8869204367        0.1064304524        0.0151483436
       56.2244900000        1.0000000000        1.0000000000       41.0167347039        0.0000000000        0.8869204367        0.1064304524        0.0072844877
       56.3265310000        1.0000000000        1.0000000000       49.0900324727        0.0000000000        0.8869204367        0.1064304524        0.0027647532
       56.4285710000        1.0000000000        1.0000000000       59.8821415766        0.0000000000        0.8869204367        0.1064304524        0.0007572198
       56.5306120000        1.0000000000        1.0000000000       74.6901540103        0.0000000000        0.8869204367        0.1064304524        0.0001280847
       56.6326530000        1.0000000000        1.0000000000       95.7362718195        0.0000000000        0.8869204367        0.1064304524        0.0000102488
       56.7346940000        1.0000000000        1.0000000000      127.0872231070        0.0000000000        0.8869204367        0.1064304524        0.0000002381
       56.8367350000        1.0000000000        1.0000000000      177.0878142971        0.0000000000        0.8869204367        0.1064304524        0.0000000006
       56.9387760000        1.0000000000        1.0000000000      266.4651437247        0.0000000000        0.8869204367        0.1064304524        0.0000000000
       57.0408160000        1.0000000000        1.0000000000      457.1131331284        0.0000000000        0.8869204367        0.1064304524        0.0000000000
       57.1428570000        1.0000000000        1.0000000000      918.9394287089        0.0000000000        0.8869204367        0.1064304524        0.0000000000
       57.2448980000        1.0000000000        1.0000000000     1929.1400573434        0.0000000000        0.8869204367        0.1064304524        0.0000000000
       57.3469390000        1.0000000000        1.0000000000     3540.9978049668        0.0000000000        0.8869204367        0.1064304524        0.0000000000
       57.4489800000        1.0000000000        1.0000000000     5227.9691317196        0.0000000000        0.8869204367        0.1064304524        0.0000000000
       57.5510200000        1.0000000000        1.0000000000     6064.0916402353        0.0000000000        0.8869204367        0.1064304524        0.0000000000
       57.6530610000        1.0000000000        1.0000000000     5332.8432775866        0.0000000000        0.8869204367        0.1064304524        0.0000000000
       57.7551020000        1.0000000000        1.0000000000     3483.9159844090        0.0000000000        0.8869204367        0.1064304524        0.0000000000
       57.8571430000        1.0000000000        1.0000000000     1815.9663797830        0.0000000000        0.8869204367        0.1064304524        0.0000000000
       57.9591840000        1.0000000000        1.0000000000      904.4213189312        0.0000000000        0.8869204367        0.1064304524        0.0000000000
       58.0612240000        1.0000000000        1.0000000000      512.4356983020        0.0000000000        0.8869204367        0.1064304524        0.0000000000
       58.1632650000        1.0000000000        1.0000000000      338.4601514723        0.0000000000        0.8869204367        0.1064304524        0.0000000000
       58.2653060000        1.0000000000        1.0000000000      246.9633246133        0.0000000000        0.8869204367        0.1064304524        0.0000000000
       58.3673470000        1.0000000000        1.0000000000      191.3859745598        0.0000000000        0.8869204367        0.1064304524        0.0000000001
       58.4693880000        1.0000000000        1.0000000000      154.4547365826        0.0000000000        0.8869204367        0.1064304524        0.0000000089
       58.5714290000        1.0000000000        1.0000000000      128.4586545130        0.0000000000        0.8869204367        0.1064304524        0.0000002020
       58.6734690000        1.0000000000        1.0000000000      109.5558824908        0.0000000000        0.8869204367        0.1064304524        0.0000019519
       58.7755100000        1.0000000000        1.0000000000       96.1650279941        0.0000000000        0.8869204367        0.1064304524        0.0000097348
       58.8775510000        1.0000000000        1.0000000000       88.0842035974        0.0000000000        0.8869204367        0.1064304524        0.0000256721
       58.9795920000        1.0000000000        1.0000000000       83.5840192911        0.0000000000        0.8869204367        0.1064304524        0.0000440545
       59.0816330000        1.0000000000        1.0000000000       77.7689442033        0.0000000000        0.8869204367        0.1064304524        0.0000885208
       59.1836730000        1.0000000000        1.0000000000       68.5226617195        0.0000000000        0.8869204367        0.1064304524        0.0002684840
       59.2857140000        1.0000000000        1.0000000000       59.3888649578        0.0000000000        0.8869204367        0.1064304524        0.0008033952
       59.3877550000        1.0000000000        1.0000000000       52.9301775239        0.0000000000        0.8869204367        0.1064304524        0.0017439174
       59.4897960000        1.0000000000        1.0000000000       48.5279621584        0.0000000000        0.8869204367        0.1064304524        0.0029576642
       59.5918370000        1.0000000000        1.0000000000       45.1235994356        0.0000000000        0.8869204367        0.1064304524        0.0044500857
       59.6938780000        1.0000000000        1.0000000000       42.2618752676        0.0000000000        0.8869204367        0.1064304524        0.0062734739
       59.7959180000        1.0000000000        1.0000000000       39.7845397753        0.0000000000        0.8869204367        0.1064304524        0.0084453037
       59.8979590000        1.0000000000        1.0000000000       37.6127913553        0.0000000000        0.8869204367        0.1064304524        0.0109596497
       60.0000000000        1.0000000000        1.0000000000       35.6931360300        0.0000000000        0.8869204367        0.1064304524        0.0137987631
