       55.0000000000        1.0000000000        1.0000000000        7.1412510634        0.0000000000        0.8869204367        0.1064304524        0.4244546427
       55.1020410000        1.0000000000        1.0000000000        7.2042436479        0.0000000000        0.8869204367        0.1064304524        0.4212582395
       55.2040820000        1.0000000000        1.0000000000        7.2845127989        0.0000000000        0.8869204367        0.1064304524        0.4172200344
       55.3061220000        1.0000000000        1.0000000000        7.3900957725        0.0000000000        0.8869204367        0.1064304524        0.4119672213
       55.4081630000        1.0000000000        1.0000000000        7.5496630797        0.0000000000        0.8869204367        0.1064304524        0.4041538852
       55.5102040000        1.0000000000        1.0000000000        7.8749253726        0.0000000000        0.8869204367        0.1064304524        0.3886830517
       55.6122450000        1.0000000000        1.0000000000        8.5905281486        0.0000000000        0.8869204367        0.1064304524        0.3566988617
       55.7142860000        1.0000000000        1.0000000000        9.6329832217        0.0000000000        0.8869204367        0.1064304524        0.3147558605
       55.8163270000        1.0000000000        1.0000000000       10.2414480811        0.0000000000        0.8869204367        0.1064304524        0.2925926911
       55.9183670000        1.0000000000        1.0000000000       10.0072484761        0.0000000000        0.8869204367        0.1064304524        0.3009323419
       56.0204080000        1.0000000000        1.0000000000        9.6656625161        0.0000000000        0.8869204367        0.1064304524        0.3135239576
       56.1224490000        1.0000000000        1.0000000000        9.8251685607        0.0000000000        0.8869204367        0.1064304524        0.3075799495
       56.2244900000        1.0000000000        1.0000000000       10.4376209719        0.0000000000        0.8869204367        0.1064304524        0.2857852808
       56.3265310000        1.0000000000        1.0000000000       11.3743552731        0.0000000000        0.8869204367        0.1064304524        0.2554004348
       56.4285710000        1.0000000000        1.0000000000       12.6619909649        0.0000000000        0.8869204367        0.1064304524        0.2188346372
       56.5306120000        1.0000000000        1.0000000000       14.4371339131        0.0000000000        0.8869204367        0.1064304524        0.1768495214
       56.6326530000        1.0000000000        1.0000000000       16.9432480315        0.0000000000        0.8869204367        0.1064304524        0.1309172593
       56.7346940000        1.0000000000        1.0000000000       20.6038986192        0.0000000000        0.8869204367        0.1064304524        0.0843763749
       56.8367350000        1.0000000000        1.0000000000       26.2049436354        0.0000000000        0.8869204367        0.1064304524        0.0430844457
       56.9387760000        1.0000000000        1.0000000000       35.3739984424        0.0000000000        0.8869204367        0.1064304524        0.0143374568
       57.0408160000        1.0000000000        1.0000000000       52.2247008168        0.0000000000        0.8869204367        0.1064304524        0.0018979819
       57.1428570000        1.0000000000        1.0000000000       90.8397805946        0.0000000000        0.8869204367        0.1064304524        0.0000184440
       57.2448980000        1.0000000000        1.0000000000      208.0382116519        0.0000000000        0.8869204367        0.1064304524        0.0000000000
       57.3469390000        1.0000000000        1.0000000000      577.3460793156        0.0000000000        0.8869204367        0.1064304524        0.0000000000
       57.4489800000        1.0000000000        1.0000000000     1411.0638467309        0.0000000000        0.8869204367        0.1064304524        0.0000000000
       57.5510200000        1.0000000000        1.0000000000     2403.0370084548        0.0000000000        0.8869204367        0.1064304524        0.0000000000
       57.6530610000        1.0000000000        1.0000000000     2599.8939563968        0.0000000000        0.8869204367        0.1064304524        0.0000000000
       57.7551020000        1.0000000000        1.0000000000     1782.2893255092        0.0000000000        0.8869204367        0.1064304524        0.0000000000
       57.8571430000        1.0000000000        1.0000000000      840.4420192424        0.0000000000        0.8869204367        0.1064304524        0.0000000000
       57.9591840000        1.0000000000        1.0000000000      337.5104851302        0.0000000000        0.8869204367        0.1064304524        0.0000000000
       58.0612240000        1.0000000000        1.0000000000      158.0346914440        0.0000000000        0.8869204367        0.1064304524        0.0000000058
       58.1632650000        1.0000000000        1.0000000000       96.6150433423        0.0000000000        0.8869204367        0.1064304524        0.0000092230
       58.2653060000        1.0000000000        1.0000000000       69.5812824199        0.0000000000        0.8869204367        0.1064304524        0.0002364547
       58.3673470000        1.0000000000        1.0000000000       54.4487880230        0.0000000000        0.8869204367        0.1064304524        0.0014533928
       58.4693880000        1.0000000000        1.0000000000       44.8097585549        0.0000000000        0.8869204367        0.1064304524        0.0046208758
       58.5714290000        1.0000000000        1.0000000000       38.2381898116        0.0000000000        0.8869204367        0.1064304524        0.0101672574
       58.6734690000        1.0000000000        1.0000000000       33.7373851952        0.0000000000        0.8869204367        0.1064304524        0.0174487682
       58.7755100000        1.0000000000        1.0000000000       31.3813282068        0.0000000000        0.8869204367        0.1064304524        0.0231500258
       58.8775510000        1.0000000000        1.0000000000       31.9338216694        0.0000000000        0.8869204367        0.1064304524        0.0216649702
       58.9795920000        1.0000000000        1.0000000000       34.1874065677        0.0000000000        0.8869204367        0.1064304524        0.0165314808
       59.0816330000        1.0000000000        1.0000000000       33.6775838155        0.0000000000        0.8869204367        0.1064304524        0.0175744338
       59.1836730000        1.0000000000        1.0000000000       28.8230913587        0.0000000000        0.8869204367        0.1064304524        0.0314684141
       59.2857140000        1.0000000000        1.0000000000       23.5170178066        0.0000000000        0.8869204367        0.1064304524        0.0594843434
       59.3877550000        1.0000000000        1.0000000000       20.3832748874        0.0000000000        0.8869204367        0.1064304524        0.0866400598
       59.4897960000        1.0000000000        1.0000000000       18.8259114186        0.0000000000        0.8869204367        0.1064304524        0.1044434638
       59.5918370000        1.0000000000        1.0000000000       17.8611031232        0.0000000000        0.8869204367        0.1064304524        0.1172634255
       59.6938780000        1.0000000000        1.0000000000       17.1117792415        0.0000000000        0.8869204367        0.1064304524        0.1282962150
       59.7959180000        1.0000000000        1.0000000000       16.4800202811        0.0000000000        0.8869204367        0.1064304524        0.1384006646
       59.8979590000        1.0000000000        1.0000000000       15.9327234752        0.0000000000        0.8869204367        0.1064304524        0.1477953375
       60.0000000000        1.0000000000        1.0000000000       15.4520012963        0.0000000000        0.8869204367        0.1064304524        0.1565718678
