       55.0000000000        1.0000000000        1.0000000000        7.3995890505        0.0000000000        0.8869204367        0.1064304524        0.4114981782
       55.1020410000        1.0000000000        1.0000000000        7.4158698928        0.0000000000        0.8869204367        0.1064304524        0.4106950186
       55.2040820000        1.0000000000        1.0000000000        7.4399748831        0.0000000000        0.8869204367        0.1064304524        0.4095087592
       55.3061220000        1.0000000000        1.0000000000        7.4777769787        0.0000000000        0.8869204367        0.1064304524        0.4076553315
       55.4081630000        1.0000000000        1.0000000000        7.5550752197        0.0000000000        0.8869204367        0.1064304524        0.4038914899
       55.5102040000        1.0000000000        1.0000000000        7.7799839638        0.0000000000        0.8869204367        0.1064304524        0.3931366272
       55.6122450000        1.0000000000        1.0000000000        8.3741316550        0.0000000000        0.8869204367        0.1064304524        0.3660827792
       55.7142860000        1.0000000000        1.0000000000        9.2727452634        0.0000000000        0.8869204367        0.1064304524        0.3286606789
       55.8163270000        1.0000000000        1.0000000000        9.7088089155        0.0000000000        0.8869204367        0.1064304524        0.3119048612
       55.9183670000        1.0000000000        1.0000000000        9.2561724107        0.0000000000        0.8869204367        0.1064304524        0.3293149507
       56.0204080000        1.0000000000        1.0000000000        8.6312514412        0.0000000000        0.8869204367        0.1064304524        0.3549599996
       56.1224490000        1.0000000000        1.0000000000        8.4264097337        0.0000000000        0.8869204367        0.1064304524        0.3637933952
       56.2244900000        1.0000000000        1.0000000000        8.5692715825        0.0000000000        0.8869204367        0.1064304524        0.3576098863
       56.3265310000        1.0000000000        1.0000000000        8.8907782508        0.0000000000        0.8869204367        0.1064304524        0.3440757680
       56.4285710000        1.0000000000        1.0000000000        9.3550755350        0.0000000000        0.8869204367        0.1064304524        0.3254296193
       56.5306120000        1.0000000000        1.0000000000       10.0004781172        0.0000000000        0.8869204367        0.1064304524        0.3011769317
       56.6326530000        1.0000000000        1.0000000000       10.9083270848        0.0000000000        0.8869204367        0.1064304524        0.2700902139
       56.7346940000        1.0000000000        1.0000000000       12.2182933050        0.0000000000        0.8869204367        0.1064304524        0.2308019728
       56.8367350000        1.0000000000        1.0000000000       14.1783917381        0.0000000000        0.8869204367        0.1064304524        0.1824266675
       56.9387760000        1.0000000000        1.0000000000       17.2642038321        0.0000000000        0.8869204367        0.1064304524        0.1259708863
       57.0408160000        1.0000000000        1.0000000000       22.5166512571        0.0000000000        0.8869204367        0.1064304524        0.0670713601
       57.1428570000        1.0000000000        1.0000000000       32.8905363426        0.0000000000        0.8869204367        0.1064304524        0.0193151723
       57.2448980000        1.0000000000        1.0000000000       60.2508379576        0.0000000000        0.8869204367        0.1064304524        0.0007244480
       57.3469390000        1.0000000000        1.0000000000      154.8466957258        0.0000000000        0.8869204367        0.1064304524        0.0000000085
       57.4489800000        1.0000000000        1.0000000000      451.5517390687        0.0000000000        0.8869204367        0.1064304524        0.0000000000
       57.5510200000        1.0000000000        1.0000000000     1039.7654903294        0.0000000000        0.8869204367        0.1064304524        0.0000000000
       57.6530610000        1.0000000000        1.0000000000     1566.6718789577        0.0000000000        0.8869204367        0.1064304524        0.0000000000
       57.7551020000        1.0000000000        1.0000000000     1458.1732088270        0.0000000000        0.8869204367        0.1064304524        0.0000000000
       57.8571430000        1.0000000000        1.0000000000      856.8129850155        0.0000000000        0.8869204367        0.1064304524        0.0000000000
       57.9591840000        1.0000000000        1.0000000000      356.7951974245        0.0000000000        0.8869204367        0.1064304524        0.0000000000
       58.0612240000        1.0000000000        1.0000000000      140.2777817896        0.0000000000        0.8869204367        0.1064304524        0.0000000489
       58.1632650000        1.0000000000        1.0000000000       72.0017913036        0.0000000000        0.8869204367        0.1064304524        0.0001768489
       58.2653060000        1.0000000000        1.0000000000       48.4522301781        0.0000000000        0.8869204367        0.1064304524        0.0029846654
       58.3673470000        1.0000000000        1.0000000000       37.2425995699        0.0000000000        0.8869204367        0.1064304524        0.0114574862
       58.4693880000        1.0000000000        1.0000000000       30.6239132362        0.0000000000        0.8869204367        0.1064304524        0.0253527116
       58.5714290000        1.0000000000        1.0000000000       26.3247549659        0.0000000000        0.8869204367        0.1064304524        0.0424694368
       58.6734690000        1.0000000000        1.0000000000       23.5664130180        0.0000000000        0.8869204367        0.1064304524        0.0591327973
       58.7755100000        1.0000000000        1.0000000000       22.5778695727        0.0000000000        0.8869204367        0.1064304524        0.0665804460
       58.8775510000        1.0000000000        1.0000000000       24.2162895928        0.0000000000        0.8869204367        0.1064304524        0.0546965441
       58.9795920000        1.0000000000        1.0000000000       27.3182900692        0.0000000000        0.8869204367        0.1064304524        0.0376962444
       59.0816330000        1.0000000000        1.0000000000       27.4685558886        0.0000000000        0.8869204367        0.1064304524        0.0370226013
       59.1836730000        1.0000000000        1.0000000000       23.1688246670        0.0000000000        0.8869204367        0.1064304524        0.0620224440
       59.2857140000        1.0000000000        1.0000000000       18.3630775358        0.0000000000        0.8869204367        0.1064304524        0.1104083731
       59.3877550000        1.0000000000        1.0000000000       15.6729527251        0.0000000000        0.8869204367        0.1064304524        0.1524750463
       59.4897960000        1.0000000000        1.0000000000       14.4974462744        0.0000000000        0.8869204367        0.1064304524        0.1755741966
       59.5918370000        1.0000000000        1.0000000000       13.8610383197        0.0000000000        0.8869204367        0.1064304524        0.1895078940
       59.6938780000        1.0000000000        1.0000000000       13.3971734970        0.0000000000        0.8869204367        0.1064304524        0.2003557346
       59.7959180000        1.0000000000        1.0000000000       13.0159665808        0.0000000000        0.8869204367        0.1064304524        0.2097338381
       59.8979590000        1.0000000000        1.0000000000       12.6902718649        0.0000000000        0.8869204367        0.1064304524        0.2180932351
       60.0000000000        1.0000000000        1.0000000000       12.4068007531        0.0000000000        0.8869204367        0.1064304524        0.2256396344
