       55.0000000000        1.0000000000        1.0000000000       10.6777825342        0.0000000000        0.8869204367        0.1064304524        0.2776666726
       55.1020410000        1.0000000000        1.0000000000       11.5862942417        0.0000000000        0.8869204367        0.1064304524        0.2489868217
       55.2040820000        1.0000000000        1.0000000000       12.7330052825        0.0000000000        0.8869204367        0.1064304524        0.2169777134
       55.3061220000        1.0000000000        1.0000000000       14.2035065509        0.0000000000        0.8869204367        0.1064304524        0.1818777018
       55.4081630000        1.0000000000        1.0000000000       16.1408639716        0.0000000000        0.8869204367        0.1064304524        0.1441495933
       55.5102040000        1.0000000000        1.0000000000       18.8292475904        0.0000000000        0.8869204367        0.1064304524        0.1044016592
       55.6122450000        1.0000000000        1.0000000000       22.7567573565        0.0000000000        0.8869204367        0.1064304524        0.0651664259
       55.7142860000        1.0000000000        1.0000000000       28.2844378290        0.0000000000        0.8869204367        0.1064304524        0.0335696619
       55.8163270000        1.0000000000        1.0000000000       35.4377772570        0.0000000000        0.8869204367        0.1064304524        0.0142281445
       55.9183670000        1.0000000000        1.0000000000       45.3897999543        0.0000000000        0.8869204367        0.1064304524        0.0043101784
       56.0204080000        1.0000000000        1.0000000000       62.5715253221        0.0000000000        0.8869204367        0.1064304524        0.0005483575
       56.1224490000        1.0000000000        1.0000000000       99.5006790098        0.0000000000        0.8869204367        0.1064304524        0.0000065236
       56.2244900000        1.0000000000        1.0000000000      202.2141096295        0.0000000000        0.8869204367        0.1064304524        0.0000000000
       56.3265310000        1.0000000000        1.0000000000      505.0279155382        0.0000000000        0.8869204367        0.1064304524        0.0000000000
       56.4285710000        1.0000000000        1.0000000000     1147.6770843628        0.0000000000        0.8869204367        0.1064304524        0.0000000000
       56.5306120000        1.0000000000        1.0000000000     1854.4434278043        0.0000000000        0.8869204367        0.1064304524        0.0000000000
       56.6326530000        1.0000000000        1.0000000000     2032.7746332512        0.0000000000        0.8869204367        0.1064304524        0.0000000000
       56.7346940000        1.0000000000        1.0000000000     1926.7075837185        0.0000000000        0.8869204367        0.1064304524        0.0000000000
       56.8367350000        1.0000000000        1.0000000000     2283.7336135829        0.0000000000        0.8869204367        0.1064304524        0.0000000000
       56.9387760000        1.0000000000        1.0000000000     2668.3799608239        0.0000000000        0.8869204367        0.1064304524        0.0000000000
       57.0408160000        1.0000000000        1.0000000000     2193.7381345044        0.0000000000        0.8869204367        0.1064304524        0.0000000000
       57.1428570000        1.0000000000        1.0000000000     1222.0817379215        0.0000000000        0.8869204367        0.1064304524        0.0000000000
       57.2448980000        1.0000000000        1.0000000000      538.6632378287        0.0000000000        0.8869204367        0.1064304524        0.0000000000
       57.3469390000        1.0000000000        1.0000000000      252.6565875451        0.0000000000        0.8869204367        0.1064304524        0.0000000000
       57.4489800000        1.0000000000        1.0000000000      150.9780864111        0.0000000000        0.8869204367        0.1064304524        0.0000000135
       57.5510200000        1.0000000000        1.0000000000      107.4988770833        0.0000000000        0.8869204367        0.1064304524        0.0000024984
       57.6530610000        1.0000000000        1.0000000000       83.5015862708        0.0000000000        0.8869204367        0.1064304524        0.0000444925
       57.7551020000        1.0000000000        1.0000000000       68.1670375961        0.0000000000        0.8869204367        0.1064304524        0.0002801895
       57.8571430000        1.0000000000        1.0000000000       57.5659152776        0.0000000000        0.8869204367        0.1064304524        0.0009998455
       57.9591840000        1.0000000000        1.0000000000       49.8491995404        0.0000000000        0.8869204367        0.1064304524        0.0025240161
       58.0612240000        1.0000000000        1.0000000000       44.0150361684        0.0000000000        0.8869204367        0.1064304524        0.0050832506
       58.1632650000        1.0000000000        1.0000000000       39.4729320842        0.0000000000        0.8869204367        0.1064304524        0.0087670768
       58.2653060000        1.0000000000        1.0000000000       35.8537953633        0.0000000000        0.8869204367        0.1064304524        0.0135352831
       58.3673470000        1.0000000000        1.0000000000       32.9169326890        0.0000000000        0.8869204367        0.1064304524        0.0192540871
       58.4693880000        1.0000000000        1.0000000000       30.5036908195        0.0000000000        0.8869204367        0.1064304524        0.0257211184
       58.5714290000        1.0000000000        1.0000000000       28.5305430508        0.0000000000        0.8869204367        0.1064304524        0.0325927579
       58.6734690000        1.0000000000        1.0000000000       27.0986428890        0.0000000000        0.8869204367        0.1064304524        0.0387030393
       58.7755100000        1.0000000000        1.0000000000       26.8635093099        0.0000000000        0.8869204367        0.1064304524        0.0398106380
       58.8775510000        1.0000000000        1.0000000000       28.9224132280        0.0000000000        0.8869204367        0.1064304524        0.0310955801
       58.9795920000        1.0000000000        1.0000000000       32.2711083347        0.0000000000        0.8869204367        0.1064304524        0.0208056020
       59.0816330000        1.0000000000        1.0000000000       32.5729418976        0.0000000000        0.8869204367        0.1064304524        0.0200655066
       59.1836730000        1.0000000000        1.0000000000       28.3252773872        0.0000000000        0.8869204367        0.1064304524        0.0334055480
       59.2857140000        1.0000000000        1.0000000000       23.4748466904        0.0000000000        0.8869204367        0.1064304524        0.0597861289
       59.3877550000        1.0000000000        1.0000000000       20.6864099575        0.0000000000        0.8869204367        0.1064304524        0.0835450564
       59.4897960000        1.0000000000        1.0000000000       19.3931205740        0.0000000000        0.8869204367        0.1064304524        0.0975710480
       59.5918370000        1.0000000000        1.0000000000       18.6311411882        0.0000000000        0.8869204367        0.1064304524        0.1069133118
       59.6938780000        1.0000000000        1.0000000000       18.0376672190        0.0000000000        0.8869204367        0.1064304524        0.1148050202
       59.7959180000        1.0000000000        1.0000000000       17.5253832097        0.0000000000        0.8869204367        0.1064304524        0.1220839953
       59.8979590000        1.0000000000        1.0000000000       17.0691881976        0.0000000000        0.8869204367        0.1064304524        0.1289536059
       60.0000000000        1.0000000000        1.0000000000       16.6572833021        0.0000000000        0.8869204367        0.1064304524        0.1354877571
