       55.0000000000        1.0000000000        1.0000000000        7.5258752083        0.0000000000        0.8869204367        0.1064304524        0.4053092087
       55.1020410000        1.0000000000        1.0000000000        7.7198903077        0.0000000000        0.8869204367        0.1064304524        0.3959818758
       55.2040820000        1.0000000000        1.0000000000        7.9551177340        0.0000000000        0.8869204367        0.1064304524        0.3849606614
       55.3061220000        1.0000000000        1.0000000000        8.2450998837        0.0000000000        0.8869204367        0.1064304524        0.3717952476
       55.4081630000        1.0000000000        1.0000000000        8.6257467036        0.0000000000        0.8869204367        0.1064304524        0.3551945525
       55.5102040000        1.0000000000        1.0000000000        9.2180321769        0.0000000000        0.8869204367        0.1064304524        0.3308256230
       55.6122450000        1.0000000000        1.0000000000       10.2565154992        0.0000000000        0.8869204367        0.1064304524        0.2920641352
       55.7142860000        1.0000000000        1.0000000000       11.6873631042        0.0000000000        0.8869204367        0.1064304524        0.2459852824
       55.8163270000        1.0000000000        1.0000000000       12.7693290665        0.0000000000        0.8869204367        0.1064304524        0.2160339975
       55.9183670000        1.0000000000        1.0000000000       13.1331987939        0.0000000000        0.8869204367        0.1064304524        0.2068039874
       56.0204080000        1.0000000000        1.0000000000       13.5623001696        0.0000000000        0.8869204367        0.1064304524        0.1964247210
       56.1224490000        1.0000000000        1.0000000000       14.7205264765        0.0000000000        0.8869204367        0.1064304524        0.1709364930
       56.2244900000        1.0000000000        1.0000000000       16.6437449926        0.0000000000        0.8869204367        0.1064304524        0.1357080490
       56.3265310000        1.0000000000        1.0000000000       19.3395020339        0.0000000000        0.8869204367        0.1064304524        0.0982008661
       56.4285710000        1.0000000000        1.0000000000       23.0540600930        0.0000000000        0.8869204367        0.1064304524        0.0628825102
       56.5306120000        1.0000000000        1.0000000000       28.2931490181        0.0000000000        0.8869204367        0.1064304524        0.0335345884
       56.6326530000        1.0000000000        1.0000000000       35.9605677529        0.0000000000        0.8869204367        0.1064304524        0.0133629660
       56.7346940000        1.0000000000        1.0000000000       47.7657949466        0.0000000000        0.8869204367        0.1064304524        0.0032409286
       56.8367350000        1.0000000000        1.0000000000       67.3567563108        0.0000000000        0.8869204367        0.1064304524        0.0003088018
       56.9387760000        1.0000000000        1.0000000000      104.3818330993        0.0000000000        0.8869204367        0.1064304524        0.0000036317
       57.0408160000        1.0000000000        1.0000000000      192.0679836698        0.0000000000        0.8869204367        0.1064304524        0.0000000001
       57.1428570000        1.0000000000        1.0000000000      449.3477694746        0.0000000000        0.8869204367        0.1064304524        0.0000000000
       57.2448980000        1.0000000000        1.0000000000     1158.6683859772        0.0000000000        0.8869204367        0.1064304524        0.0000000000
       57.3469390000        1.0000000000        1.0000000000     2476.1032884952        0.0000000000        0.8869204367        0.1064304524        0.0000000000
       57.4489800000        1.0000000000        1.0000000000     3652.7793109230        0.0000000000        0.8869204367        0.1064304524        0.0000000000
       57.5510200000        1.0000000000        1.0000000000     3481.5858465583        0.0000000000        0.8869204367        0.1064304524        0.0000000000
       57.6530610000        1.0000000000        1.0000000000     2182.4445336843        0.0000000000        0.8869204367        0.1064304524        0.0000000000
       57.7551020000        1.0000000000        1.0000000000     1006.7365673165        0.0000000000        0.8869204367        0.1064304524        0.0000000000
       57.8571430000        1.0000000000        1.0000000000      432.8870736906        0.0000000000        0.8869204367        0.1064304524        0.0000000000
       57.9591840000        1.0000000000        1.0000000000      223.3939492576        0.0000000000        0.8869204367        0.1064304524        0.0000000000
       58.0612240000        1.0000000000        1.0000000000      143.1029245026        0.0000000000        0.8869204367        0.1064304524        0.0000000348
       58.1632650000        1.0000000000        1.0000000000      104.0881317638        0.0000000000        0.8869204367        0.1064304524        0.0000037619
       58.2653060000        1.0000000000        1.0000000000       81.2111247908        0.0000000000        0.8869204367        0.1064304524        0.0000585672
       58.3673470000        1.0000000000        1.0000000000       66.2964396406        0.0000000000        0.8869204367        0.1064304524        0.0003507023
       58.4693880000        1.0000000000        1.0000000000       55.9231421404        0.0000000000        0.8869204367        0.1064304524        0.0012177175
       58.5714290000        1.0000000000        1.0000000000       48.4040433145        0.0000000000        0.8869204367        0.1064304524        0.0030019740
       58.6734690000        1.0000000000        1.0000000000       42.9631870673        0.0000000000        0.8869204367        0.1064304524        0.0057671200
       58.7755100000        1.0000000000        1.0000000000       39.7419949004        0.0000000000        0.8869204367        0.1064304524        0.0084885304
       58.8775510000        1.0000000000        1.0000000000       39.5298403823        0.0000000000        0.8869204367        0.1064304524        0.0087074104
       58.9795920000        1.0000000000        1.0000000000       41.1414364118        0.0000000000        0.8869204367        0.1064304524        0.0071762927
       59.0816330000        1.0000000000        1.0000000000       40.1042013074        0.0000000000        0.8869204367        0.1064304524        0.0081274817
       59.1836730000        1.0000000000        1.0000000000       34.7819226706        0.0000000000        0.8869204367        0.1064304524        0.0153931801
       59.2857140000        1.0000000000        1.0000000000       29.0334679869        0.0000000000        0.8869204367        0.1064304524        0.0306839317
       59.3877550000        1.0000000000        1.0000000000       25.4933750289        0.0000000000        0.8869204367        0.1064304524        0.0469249856
       59.4897960000        1.0000000000        1.0000000000       23.5762579657        0.0000000000        0.8869204367        0.1064304524        0.0590629795
       59.5918370000        1.0000000000        1.0000000000       22.2945053113        0.0000000000        0.8869204367        0.1064304524        0.0688833602
       59.6938780000        1.0000000000        1.0000000000       21.2638409610        0.0000000000        0.8869204367        0.1064304524        0.0779520866
       59.7959180000        1.0000000000        1.0000000000       20.3805855981        0.0000000000        0.8869204367        0.1064304524        0.0866680243
       59.8979590000        1.0000000000        1.0000000000       19.6072508855        0.0000000000        0.8869204367        0.1064304524        0.0950958350
       60.0000000000        1.0000000000        1.0000000000       18.9224552741        0.0000000000        0.8869204367        0.1064304524        0.1032404410
