       55.0000000000        1.0000000000        1.0000000000        8.0833828022        0.0000000000        0.8869204367        0.1064304524        0.3790807878
       55.1020410000        1.0000000000        1.0000000000        8.3803564322        0.0000000000        0.8869204367        0.1064304524        0.3658094272
       55.2040820000        1.0000000000        1.0000000000        8.7233503946        0.0000000000        0.8869204367        0.1064304524        0.3510586248
       55.3061220000        1.0000000000        1.0000000000        9.1247576501        0.0000000000        0.8869204367        0.1064304524        0.3345493362
       55.4081630000        1.0000000000        1.0000000000        9.6186869747        0.0000000000        0.8869204367        0.1064304524        0.3152963033
       55.5102040000        1.0000000000        1.0000000000       10.3229872337        0.0000000000        0.8869204367        0.1064304524        0.2897437208
       55.6122450000        1.0000000000        1.0000000000       11.4649368115        0.0000000000        0.8869204367        0.1064304524        0.2526393207
       55.7142860000        1.0000000000        1.0000000000       12.9763689375        0.0000000000        0.8869204367        0.1064304524        0.2107328055
       55.8163270000        1.0000000000        1.0000000000       14.1015864513        0.0000000000        0.8869204367        0.1064304524        0.1841157995
       55.9183670000        1.0000000000        1.0000000000       14.4621042791        0.0000000000        0.8869204367        0.1064304524        0.1763203949
       56.0204080000        1.0000000000        1.0000000000       14.8171000319        0.0000000000        0.8869204367        0.1064304524        0.1689669739
       56.1224490000        1.0000000000        1.0000000000       15.7762213329        0.0000000000        0.8869204367        0.1064304524        0.1505971994
       56.2244900000        1.0000000000        1.0000000000       17.2919114543        0.0000000000        0.8869204367        0.1064304524        0.1255527394
       56.3265310000        1.0000000000        1.0000000000       19.2414321865        0.0000000000        0.8869204367        0.1064304524        0.0993633583
       56.4285710000        1.0000000000        1.0000000000       21.6513267830        0.0000000000        0.8869204367        0.1064304524        0.0744104259
       56.5306120000        1.0000000000        1.0000000000       24.6382567927        0.0000000000        0.8869204367        0.1064304524        0.0519958789
       56.6326530000        1.0000000000        1.0000000000       28.3810815672        0.0000000000        0.8869204367        0.1064304524        0.0331825950
       56.7346940000        1.0000000000        1.0000000000       33.1374351452        0.0000000000        0.8869204367        0.1064304524        0.0187512996
       56.8367350000        1.0000000000        1.0000000000       39.2845270616        0.0000000000        0.8869204367        0.1064304524        0.0089675457
       56.9387760000        1.0000000000        1.0000000000       47.3911485647        0.0000000000        0.8869204367        0.1064304524        0.0033899577
       57.0408160000        1.0000000000        1.0000000000       58.3472022130        0.0000000000        0.8869204367        0.1064304524        0.0009103656
       57.1428570000        1.0000000000        1.0000000000       73.6109829273        0.0000000000        0.8869204367        0.1064304524        0.0001457937
       57.2448980000        1.0000000000        1.0000000000       95.7155071214        0.0000000000        0.8869204367        0.1064304524        0.0000102743
       57.3469390000        1.0000000000        1.0000000000      129.4321728708        0.0000000000        0.8869204367        0.1064304524        0.0000001797
       57.4489800000        1.0000000000        1.0000000000      184.8984341819        0.0000000000        0.8869204367        0.1064304524        0.0000000002
       57.5510200000        1.0000000000        1.0000000000      287.6603040686        0.0000000000        0.8869204367        0.1064304524        0.0000000000
       57.6530610000        1.0000000000        1.0000000000      513.7192839269        0.0000000000        0.8869204367        0.1064304524        0.0000000000
       57.7551020000        1.0000000000        1.0000000000     1081.6629491161        0.0000000000        0.8869204367        0.1064304524        0.0000000000
       57.8571430000        1.0000000000        1.0000000000     2392.0103615527        0.0000000000        0.8869204367        0.1064304524        0.0000000000
       57.9591840000        1.0000000000        1.0000000000     4498.1599736096        0.0000000000        0.8869204367        0.1064304524        0.0000000000
       58.0612240000        1.0000000000        1.0000000000     6151.5861355582        0.0000000000        0.8869204367        0.1064304524        0.0000000000
       58.1632650000        1.0000000000        1.0000000000     5764.6157717380        0.0000000000        0.8869204367        0.1064304524        0.0000000000
       58.2653060000        1.0000000000        1.0000000000     3779.6840503263        0.0000000000        0.8869204367        0.1064304524        0.0000000000
       58.3673470000        1.0000000000        1.0000000000     1932.1426109676        0.0000000000        0.8869204367        0.1064304524        0.0000000000
       58.4693880000        1.0000000000        1.0000000000      935.4784953937        0.0000000000        0.8869204367        0.1064304524        0.0000000000
       58.5714290000        1.0000000000        1.0000000000      514.6021562239        0.0000000000        0.8869204367        0.1064304524        0.0000000000
       58.6734690000        1.0000000000        1.0000000000      332.3915897333        0.0000000000        0.8869204367        0.1064304524        0.0000000000
       58.7755100000        1.0000000000        1.0000000000      239.9852960930        0.0000000000        0.8869204367        0.1064304524        0.0000000000
       58.8775510000        1.0000000000        1.0000000000      187.5714905953        0.0000000000        0.8869204367        0.1064304524        0.0000000002
       58.9795920000        1.0000000000        1.0000000000      155.7880154241        0.0000000000        0.8869204367        0.1064304524        0.0000000076
       59.0816330000        1.0000000000        1.0000000000      132.1440712687        0.0000000000        0.8869204367        0.1064304524        0.0000001298
       59.1836730000        1.0000000000        1.0000000000      110.6268554889        0.0000000000        0.8869204367        0.1064304524        0.0000017165
       59.2857140000        1.0000000000        1.0000000000       92.6403338506        0.0000000000        0.8869204367        0.1064304524        0.0000148600
       59.3877550000        1.0000000000        1.0000000000       79.6107720930        0.0000000000        0.8869204367        0.1064304524        0.0000709672
       59.4897960000        1.0000000000        1.0000000000       70.2516308563        0.0000000000        0.8869204367        0.1064304524        0.0002181788
       59.5918370000        1.0000000000        1.0000000000       63.0434558214        0.0000000000        0.8869204367        0.1064304524        0.0005181661
       59.6938780000        1.0000000000        1.0000000000       57.2113531987        0.0000000000        0.8869204367        0.1064304524        0.0010433043
       59.7959180000        1.0000000000        1.0000000000       52.3780744324        0.0000000000        0.8869204367        0.1064304524        0.0018633694
       59.8979590000        1.0000000000        1.0000000000       48.3123805949        0.0000000000        0.8869204367        0.1064304524        0.0030351766
       60.0000000000        1.0000000000        1.0000000000       44.8522038506        0.0000000000        0.8869204367        0.1064304524        0.0045973995
