       55.0000000000        1.0000000000        1.0000000000        7.8289476831        0.0000000000        0.8869204367        0.1064304524        0.3908334683
       55.1020410000        1.0000000000        1.0000000000        8.0523744244        0.0000000000        0.8869204367        0.1064304524        0.3804939770
       55.2040820000        1.0000000000        1.0000000000        8.3299065531        0.0000000000        0.8869204367        0.1064304524        0.3680307493
       55.3061220000        1.0000000000        1.0000000000        8.6802429401        0.0000000000        0.8869204367        0.1064304524        0.3528793191
       55.4081630000        1.0000000000        1.0000000000        9.1467048325        0.0000000000        0.8869204367        0.1064304524        0.3336694056
       55.5102040000        1.0000000000        1.0000000000        9.8611054736        0.0000000000        0.8869204367        0.1064304524        0.3062563885
       55.6122450000        1.0000000000        1.0000000000       11.0743963564        0.0000000000        0.8869204367        0.1064304524        0.2647610487
       55.7142860000        1.0000000000        1.0000000000       12.7578982484        0.0000000000        0.8869204367        0.1064304524        0.2163305342
       55.8163270000        1.0000000000        1.0000000000       14.2086729559        0.0000000000        0.8869204367        0.1064304524        0.1817649782
       55.9183670000        1.0000000000        1.0000000000       15.1166539848        0.0000000000        0.8869204367        0.1064304524        0.1630010758
       56.0204080000        1.0000000000        1.0000000000       16.3642801136        0.0000000000        0.8869204367        0.1064304524        0.1403362973
       56.1224490000        1.0000000000        1.0000000000       18.7895316167        0.0000000000        0.8869204367        0.1064304524        0.1049004164
       56.2244900000        1.0000000000        1.0000000000       22.7404524719        0.0000000000        0.8869204367        0.1064304524        0.0652940544
       56.3265310000        1.0000000000        1.0000000000       28.8277117461        0.0000000000        0.8869204367        0.1064304524        0.0314509714
       56.4285710000        1.0000000000        1.0000000000       38.5754887639        0.0000000000        0.8869204367        0.1064304524        0.0097639461
       56.5306120000        1.0000000000        1.0000000000       55.6786975896        0.0000000000        0.8869204367        0.1064304524        0.0012539663
       56.6326530000        1.0000000000        1.0000000000       91.6208478734        0.0000000000        0.8869204367        0.1064304524        0.0000167938
       56.7346940000        1.0000000000        1.0000000000      191.5622264345        0.0000000000        0.8869204367        0.1064304524        0.0000000001
       56.8367350000        1.0000000000        1.0000000000      507.6246386510        0.0000000000        0.8869204367        0.1064304524        0.0000000000
       56.9387760000        1.0000000000        1.0000000000     1295.5938090577        0.0000000000        0.8869204367        0.1064304524        0.0000000000
       57.0408160000        1.0000000000        1.0000000000     2422.0452916287        0.0000000000        0.8869204367        0.1064304524        0.0000000000
       57.1428570000        1.0000000000        1.0000000000     2937.0458720830        0.0000000000        0.8869204367        0.1064304524        0.0000000000
       57.2448980000        1.0000000000        1.0000000000     2256.0679608868        0.0000000000        0.8869204367        0.1064304524        0.0000000000
       57.3469390000        1.0000000000        1.0000000000     1164.4023596504        0.0000000000        0.8869204367        0.1064304524        0.0000000000
       57.4489800000        1.0000000000        1.0000000000      481.1286339422        0.0000000000        0.8869204367        0.1064304524        0.0000000000
       57.5510200000        1.0000000000        1.0000000000      215.1786111323        0.0000000000        0.8869204367        0.1064304524        0.0000000000
       57.6530610000        1.0000000000        1.0000000000      124.3501411795        0.0000000000        0.8869204367        0.1064304524        0.0000003307
       57.7551020000        1.0000000000        1.0000000000       86.5068598051        0.0000000000        0.8869204367        0.1064304524        0.0000310217
       57.8571430000        1.0000000000        1.0000000000       66.1727281240        0.0000000000        0.8869204367        0.1064304524        0.0003559475
       57.9591840000        1.0000000000        1.0000000000       53.5037131990        0.0000000000        0.8869204367        0.1064304524        0.0016279307
       58.0612240000        1.0000000000        1.0000000000       44.9361643541        0.0000000000        0.8869204367        0.1064304524        0.0045513121
       58.1632650000        1.0000000000        1.0000000000       38.8174596538        0.0000000000        0.8869204367        0.1064304524        0.0094845117
       58.2653060000        1.0000000000        1.0000000000       34.2685999619        0.0000000000        0.8869204367        0.1064304524        0.0163711933
       58.3673470000        1.0000000000        1.0000000000       30.7820747718        0.0000000000        0.8869204367        0.1064304524        0.0248760702
       58.4693880000        1.0000000000        1.0000000000       28.0509118234        0.0000000000        0.8869204367        0.1064304524        0.0345236936
       58.5714290000        1.0000000000        1.0000000000       25.9054321877        0.0000000000        0.8869204367        0.1064304524        0.0446611241
       58.6734690000        1.0000000000        1.0000000000       24.3953932423        0.0000000000        0.8869204367        0.1064304524        0.0535335248
       58.7755100000        1.0000000000        1.0000000000       24.1441801834        0.0000000000        0.8869204367        0.1064304524        0.0551718940
       58.8775510000        1.0000000000        1.0000000000       26.2223636967        0.0000000000        0.8869204367        0.1064304524        0.0429944757
       58.9795920000        1.0000000000        1.0000000000       29.5977773948        0.0000000000        0.8869204367        0.1064304524        0.0286748947
       59.0816330000        1.0000000000        1.0000000000       29.9241192619        0.0000000000        0.8869204367        0.1064304524        0.0275736600
       59.1836730000        1.0000000000        1.0000000000       25.7176008515        0.0000000000        0.8869204367        0.1064304524        0.0456792057
       59.2857140000        1.0000000000        1.0000000000       20.9340929026        0.0000000000        0.8869204367        0.1064304524        0.0810984729
       59.3877550000        1.0000000000        1.0000000000       18.2243883455        0.0000000000        0.8869204367        0.1064304524        0.1122612425
       59.4897960000        1.0000000000        1.0000000000       17.0096012835        0.0000000000        0.8869204367        0.1064304524        0.1298789840
       59.5918370000        1.0000000000        1.0000000000       16.3231939254        0.0000000000        0.8869204367        0.1064304524        0.1410299117
       59.6938780000        1.0000000000        1.0000000000       15.8025384360        0.0000000000        0.8869204367        0.1064304524        0.1501223558
       59.7959180000        1.0000000000        1.0000000000       15.3604512096        0.0000000000        0.8869204367        0.1064304524        0.1583014511
       59.8979590000        1.0000000000        1.0000000000       14.9718030709        0.0000000000        0.8869204367        0.1064304524        0.1658591461
       60.0000000000        1.0000000000        1.0000000000       14.6247525143        0.0000000000        0.8869204367        0.1064304524        0.1729123774
