       55.0000000000        1.0000000000        1.0000000000        8.2490186194        0.0000000000        0.8869204367        0.1064304524        0.3716204526
       55.1020410000        1.0000000000        1.0000000000        8.5678525678        0.0000000000        0.8869204367        0.1064304524        0.3576707859
       55.2040820000        1.0000000000        1.0000000000        8.9353046819        0.0000000000        0.8869204367        0.1064304524        0.3422422149
       55.3061220000        1.0000000000        1.0000000000        9.3641727085        0.0000000000        0.8869204367        0.1064304524        0.3250745543
       55.4081630000        1.0000000000        1.0000000000        9.8890694123        0.0000000000        0.8869204367        0.1064304524        0.3052304147
       55.5102040000        1.0000000000        1.0000000000       10.6284289397        0.0000000000        0.8869204367        0.1064304524        0.2793160136
       55.6122450000        1.0000000000        1.0000000000       11.8099349230        0.0000000000        0.8869204367        0.1064304524        0.2423936575
       55.7142860000        1.0000000000        1.0000000000       13.3654258835        0.0000000000        0.8869204367        0.1064304524        0.2011204883
       55.8163270000        1.0000000000        1.0000000000       14.5399680625        0.0000000000        0.8869204367        0.1064304524        0.1746805909
       55.9183670000        1.0000000000        1.0000000000       14.9575980098        0.0000000000        0.8869204367        0.1064304524        0.1661421119
       56.0204080000        1.0000000000        1.0000000000       15.3797805964        0.0000000000        0.8869204367        0.1064304524        0.1579346923
       56.1224490000        1.0000000000        1.0000000000       16.4172883955        0.0000000000        0.8869204367        0.1064304524        0.1394464521
       56.2244900000        1.0000000000        1.0000000000       18.0241349163        0.0000000000        0.8869204367        0.1064304524        0.1149916008
       56.3265310000        1.0000000000        1.0000000000       20.0802708125        0.0000000000        0.8869204367        0.1064304524        0.0898483080
       56.4285710000        1.0000000000        1.0000000000       22.6158147947        0.0000000000        0.8869204367        0.1064304524        0.0662779660
       56.5306120000        1.0000000000        1.0000000000       25.7519588882        0.0000000000        0.8869204367        0.1064304524        0.0454912597
       56.6326530000        1.0000000000        1.0000000000       29.6733529577        0.0000000000        0.8869204367        0.1064304524        0.0284160158
       56.7346940000        1.0000000000        1.0000000000       34.6451020599        0.0000000000        0.8869204367        0.1064304524        0.0156479987
       56.8367350000        1.0000000000        1.0000000000       41.0540583846        0.0000000000        0.8869204367        0.1064304524        0.0072519346
       56.9387760000        1.0000000000        1.0000000000       49.4813130625        0.0000000000        0.8869204367        0.1064304524        0.0026379384
       57.0408160000        1.0000000000        1.0000000000       60.8318408142        0.0000000000        0.8869204367        0.1064304524        0.0006756598
       57.1428570000        1.0000000000        1.0000000000       76.5802723291        0.0000000000        0.8869204367        0.1064304524        0.0001020924
       57.2448980000        1.0000000000        1.0000000000       99.2694065830        0.0000000000        0.8869204367        0.1064304524        0.0000067072
       57.3469390000        1.0000000000        1.0000000000      133.6405465520        0.0000000000        0.8869204367        0.1064304524        0.0000001085
       57.4489800000        1.0000000000        1.0000000000      189.6078195011        0.0000000000        0.8869204367        0.1064304524        0.0000000001
       57.5510200000        1.0000000000        1.0000000000      291.5563889977        0.0000000000        0.8869204367        0.1064304524        0.0000000000
       57.6530610000        1.0000000000        1.0000000000      510.4354287138        0.0000000000        0.8869204367        0.1064304524        0.0000000000
       57.7551020000        1.0000000000        1.0000000000     1051.3798845012        0.0000000000        0.8869204367        0.1064304524        0.0000000000
       57.8571430000        1.0000000000        1.0000000000     2312.5646283603        0.0000000000        0.8869204367        0.1064304524        0.0000000000
       57.9591840000        1.0000000000        1.0000000000     4425.2898277478        0.0000000000        0.8869204367        0.1064304524        0.0000000000
       58.0612240000        1.0000000000        1.0000000000     6251.9445427647        0.0000000000        0.8869204367        0.1064304524        0.0000000000
       58.1632650000        1.0000000000        1.0000000000     6090.7404827953        0.0000000000        0.8869204367        0.1064304524        0.0000000000
       58.2653060000        1.0000000000        1.0000000000     4144.5364139443        0.0000000000        0.8869204367        0.1064304524        0.0000000000
       58.3673470000        1.0000000000        1.0000000000     2172.2115542399        0.0000000000        0.8869204367        0.1064304524        0.0000000000
       58.4693880000        1.0000000000        1.0000000000     1055.1406349831        0.0000000000        0.8869204367        0.1064304524        0.0000000000
       58.5714290000        1.0000000000        1.0000000000      573.1400799297        0.0000000000        0.8869204367        0.1064304524        0.0000000000
       58.6734690000        1.0000000000        1.0000000000      365.3784847855        0.0000000000        0.8869204367        0.1064304524        0.0000000000
       58.7755100000        1.0000000000        1.0000000000      261.3616924749        0.0000000000        0.8869204367        0.1064304524        0.0000000000
       58.8775510000        1.0000000000        1.0000000000      202.7237210304        0.0000000000        0.8869204367        0.1064304524        0.0000000000
       58.9795920000        1.0000000000        1.0000000000      167.1818932784        0.0000000000        0.8869204367        0.1064304524        0.0000000019
       59.0816330000        1.0000000000        1.0000000000      141.0906959249        0.0000000000        0.8869204367        0.1064304524        0.0000000444
       59.1836730000        1.0000000000        1.0000000000      117.8762988133        0.0000000000        0.8869204367        0.1064304524        0.0000007192
       59.2857140000        1.0000000000        1.0000000000       98.6447782312        0.0000000000        0.8869204367        0.1064304524        0.0000072293
       59.3877550000        1.0000000000        1.0000000000       84.6714618783        0.0000000000        0.8869204367        0.1064304524        0.0000386650
       59.4897960000        1.0000000000        1.0000000000       74.5838443644        0.0000000000        0.8869204367        0.1064304524        0.0001297292
       59.5918370000        1.0000000000        1.0000000000       66.8026250851        0.0000000000        0.8869204367        0.1064304524        0.0003300340
       59.6938780000        1.0000000000        1.0000000000       60.5110074896        0.0000000000        0.8869204367        0.1064304524        0.0007021799
       59.7959180000        1.0000000000        1.0000000000       55.3029836216        0.0000000000        0.8869204367        0.1064304524        0.0013117961
       59.8979590000        1.0000000000        1.0000000000       50.9272459555        0.0000000000        0.8869204367        0.1064304524        0.0022177336
       60.0000000000        1.0000000000        1.0000000000       47.2073562627        0.0000000000        0.8869204367        0.1064304524        0.0034655541
