       55.0000000000        1.0000000000        1.0000000000        7.3630424479        0.0000000000        0.8869204367        0.1064304524        0.4133068045
       55.1020410000        1.0000000000        1.0000000000        7.4520891622        0.0000000000        0.8869204367        0.1064304524        0.4089138833
       55.2040820000        1.0000000000        1.0000000000        7.5649500048        0.0000000000        0.8869204367        0.1064304524        0.4034131724
       55.3061220000        1.0000000000        1.0000000000        7.7116498939        0.0000000000        0.8869204367        0.1064304524        0.3963736360
       55.4081630000        1.0000000000        1.0000000000        7.9235774427        0.0000000000        0.8869204367        0.1064304524        0.3864204347
       55.5102040000        1.0000000000        1.0000000000        8.3161793182        0.0000000000        0.8869204367        0.1064304524        0.3686374943
       55.6122450000        1.0000000000        1.0000000000        9.1191856107        0.0000000000        0.8869204367        0.1064304524        0.3347731056
       55.7142860000        1.0000000000        1.0000000000       10.2761105288        0.0000000000        0.8869204367        0.1064304524        0.2913781813
       55.8163270000        1.0000000000        1.0000000000       11.0367853655        0.0000000000        0.8869204367        0.1064304524        0.2659587004
       55.9183670000        1.0000000000        1.0000000000       11.0090796974        0.0000000000        0.8869204367        0.1064304524        0.2668443995
       56.0204080000        1.0000000000        1.0000000000       10.9529329951        0.0000000000        0.8869204367        0.1064304524        0.2686483619
       56.1224490000        1.0000000000        1.0000000000       11.5148489204        0.0000000000        0.8869204367        0.1064304524        0.2511306718
       56.2244900000        1.0000000000        1.0000000000       12.7080911992        0.0000000000        0.8869204367        0.1064304524        0.2176273802
       56.3265310000        1.0000000000        1.0000000000       14.5086040770        0.0000000000        0.8869204367        0.1064304524        0.1753392712
       56.4285710000        1.0000000000        1.0000000000       17.1295334063        0.0000000000        0.8869204367        0.1064304524        0.1280231709
       56.5306120000        1.0000000000        1.0000000000       21.0624536345        0.0000000000        0.8869204367        0.1064304524        0.0798588613
       56.6326530000        1.0000000000        1.0000000000       27.2900791247        0.0000000000        0.8869204367        0.1064304524        0.0378240742
       56.7346940000        1.0000000000        1.0000000000       38.0344685686        0.0000000000        0.8869204367        0.1064304524        0.0104188749
       56.8367350000        1.0000000000        1.0000000000       59.9051941973        0.0000000000        0.8869204367        0.1064304524        0.0007551280
       56.9387760000        1.0000000000        1.0000000000      119.3304800464        0.0000000000        0.8869204367        0.1064304524        0.0000006040
       57.0408160000        1.0000000000        1.0000000000      316.0840778658        0.0000000000        0.8869204367        0.1064304524        0.0000000000
       57.1428570000        1.0000000000        1.0000000000      863.5739826914        0.0000000000        0.8869204367        0.1064304524        0.0000000000
       57.2448980000        1.0000000000        1.0000000000     1780.9257040859        0.0000000000        0.8869204367        0.1064304524        0.0000000000
       57.3469390000        1.0000000000        1.0000000000     2388.6479828055        0.0000000000        0.8869204367        0.1064304524        0.0000000000
       57.4489800000        1.0000000000        1.0000000000     2002.8895297384        0.0000000000        0.8869204367        0.1064304524        0.0000000000
       57.5510200000        1.0000000000        1.0000000000     1092.9270244241        0.0000000000        0.8869204367        0.1064304524        0.0000000000
       57.6530610000        1.0000000000        1.0000000000      449.4315805792        0.0000000000        0.8869204367        0.1064304524        0.0000000000
       57.7551020000        1.0000000000        1.0000000000      188.4133512341        0.0000000000        0.8869204367        0.1064304524        0.0000000002
       57.8571430000        1.0000000000        1.0000000000      103.1542335923        0.0000000000        0.8869204367        0.1064304524        0.0000042081
       57.9591840000        1.0000000000        1.0000000000       70.4729132933        0.0000000000        0.8869204367        0.1064304524        0.0002124615
       58.0612240000        1.0000000000        1.0000000000       53.7594471205        0.0000000000        0.8869204367        0.1064304524        0.0015787314
       58.1632650000        1.0000000000        1.0000000000       43.5745187051        0.0000000000        0.8869204367        0.1064304524        0.0053591910
       58.2653060000        1.0000000000        1.0000000000       36.7753903489        0.0000000000        0.8869204367        0.1064304524        0.0121181998
       58.3673470000        1.0000000000        1.0000000000       31.9662984144        0.0000000000        0.8869204367        0.1064304524        0.0215807016
       58.4693880000        1.0000000000        1.0000000000       28.4261882479        0.0000000000        0.8869204367        0.1064304524        0.0330034694
       58.5714290000        1.0000000000        1.0000000000       25.7729885394        0.0000000000        0.8869204367        0.1064304524        0.0453766046
       58.6734690000        1.0000000000        1.0000000000       23.9401337979        0.0000000000        0.8869204367        0.1064304524        0.0565394838
       58.7755100000        1.0000000000        1.0000000000       23.4836835440        0.0000000000        0.8869204367        0.1064304524        0.0597227640
       58.8775510000        1.0000000000        1.0000000000       25.4311490833        0.0000000000        0.8869204367        0.1064304524        0.0472766913
       58.9795920000        1.0000000000        1.0000000000       28.7192705633        0.0000000000        0.8869204367        0.1064304524        0.0318629155
       59.0816330000        1.0000000000        1.0000000000       28.9850664539        0.0000000000        0.8869204367        0.1064304524        0.0308626682
       59.1836730000        1.0000000000        1.0000000000       24.7438770392        0.0000000000        0.8869204367        0.1064304524        0.0513410196
       59.2857140000        1.0000000000        1.0000000000       19.9496080787        0.0000000000        0.8869204367        0.1064304524        0.0912681895
       59.3877550000        1.0000000000        1.0000000000       17.2436730875        0.0000000000        0.8869204367        0.1064304524        0.1262816221
       59.4897960000        1.0000000000        1.0000000000       16.0397526314        0.0000000000        0.8869204367        0.1064304524        0.1459092661
       59.5918370000        1.0000000000        1.0000000000       15.3683503197        0.0000000000        0.8869204367        0.1064304524        0.1581514694
       59.6938780000        1.0000000000        1.0000000000       14.8655534135        0.0000000000        0.8869204367        0.1064304524        0.1679873820
       59.7959180000        1.0000000000        1.0000000000       14.4432456623        0.0000000000        0.8869204367        0.1064304524        0.1767198658
       59.8979590000        1.0000000000        1.0000000000       14.0755632219        0.0000000000        0.8869204367        0.1064304524        0.1846916527
       60.0000000000        1.0000000000        1.0000000000       13.7501112010        0.0000000000        0.8869204367        0.1064304524        0.1920473459
