       55.0000000000        1.0000000000        1.0000000000        7.6501479180        0.0000000000        0.8869204367        0.1064304524        0.3993097889
       55.1020410000        1.0000000000        1.0000000000        7.6651573324        0.0000000000        0.8869204367        0.1064304524        0.3985912274
       55.2040820000        1.0000000000        1.0000000000        7.6875267807        0.0000000000        0.8869204367        0.1064304524        0.3975227103
       55.3061220000        1.0000000000        1.0000000000        7.7230986453        0.0000000000        0.8869204367        0.1064304524        0.3958294519
       55.4081630000        1.0000000000        1.0000000000        7.7976317258        0.0000000000        0.8869204367        0.1064304524        0.3923049503
       55.5102040000        1.0000000000        1.0000000000        8.0192615936        0.0000000000        0.8869204367        0.1064304524        0.3820088927
       55.6122450000        1.0000000000        1.0000000000        8.6102088693        0.0000000000        0.8869204367        0.1064304524        0.3558574448
       55.7142860000        1.0000000000        1.0000000000        9.5073892272        0.0000000000        0.8869204367        0.1064304524        0.3195355617
       55.8163270000        1.0000000000        1.0000000000        9.9448876727        0.0000000000        0.8869204367        0.1064304524        0.3031927550
       55.9183670000        1.0000000000        1.0000000000        9.4955011407        0.0000000000        0.8869204367        0.1064304524        0.3199917269
       56.0204080000        1.0000000000        1.0000000000        8.8761179876        0.0000000000        0.8869204367        0.1064304524        0.3446816097
       56.1224490000        1.0000000000        1.0000000000        8.6835960063        0.0000000000        0.8869204367        0.1064304524        0.3527373603
       56.2244900000        1.0000000000        1.0000000000        8.8526526420        0.0000000000        0.8869204367        0.1064304524        0.3456535462
       56.3265310000        1.0000000000        1.0000000000        9.2251955778        0.0000000000        0.8869204367        0.1064304524        0.3305413648
       56.4285710000        1.0000000000        1.0000000000        9.7852103483        0.0000000000        0.8869204367        0.1064304524        0.3090583324
       56.5306120000        1.0000000000        1.0000000000       10.6093684219        0.0000000000        0.8869204367        0.1064304524        0.2799556138
       56.6326530000        1.0000000000        1.0000000000       11.8574325132        0.0000000000        0.8869204367        0.1064304524        0.2410160135
       56.7346940000        1.0000000000        1.0000000000       13.8433673133        0.0000000000        0.8869204367        0.1064304524        0.1899101758
       56.8367350000        1.0000000000        1.0000000000       17.2667196118        0.0000000000        0.8869204367        0.1064304524        0.1259328622
       56.9387760000        1.0000000000        1.0000000000       24.1862347783        0.0000000000        0.8869204367        0.1064304524        0.0548941676
       57.0408160000        1.0000000000        1.0000000000       43.2985045114        0.0000000000        0.8869204367        0.1064304524        0.0055396689
       57.1428570000        1.0000000000        1.0000000000      112.2306401404        0.0000000000        0.8869204367        0.1064304524        0.0000014160
       57.2448980000        1.0000000000        1.0000000000      329.6656181176        0.0000000000        0.8869204367        0.1064304524        0.0000000000
       57.3469390000        1.0000000000        1.0000000000      749.0473758911        0.0000000000        0.8869204367        0.1064304524        0.0000000000
       57.4489800000        1.0000000000        1.0000000000     1096.6850524674        0.0000000000        0.8869204367        0.1064304524        0.0000000000
       57.5510200000        1.0000000000        1.0000000000      982.7123737351        0.0000000000        0.8869204367        0.1064304524        0.0000000000
       57.6530610000        1.0000000000        1.0000000000      554.2336910106        0.0000000000        0.8869204367        0.1064304524        0.0000000000
       57.7551020000        1.0000000000        1.0000000000      223.9031262515        0.0000000000        0.8869204367        0.1064304524        0.0000000000
       57.8571430000        1.0000000000        1.0000000000       88.8131684726        0.0000000000        0.8869204367        0.1064304524        0.0000235219
       57.9591840000        1.0000000000        1.0000000000       47.7307092530        0.0000000000        0.8869204367        0.1064304524        0.0032546026
       58.0612240000        1.0000000000        1.0000000000       33.5331850033        0.0000000000        0.8869204367        0.1064304524        0.0178816148
       58.1632650000        1.0000000000        1.0000000000       26.6479965414        0.0000000000        0.8869204367        0.1064304524        0.0408536306
       58.2653060000        1.0000000000        1.0000000000       22.5276440152        0.0000000000        0.8869204367        0.1064304524        0.0669829425
       58.3673470000        1.0000000000        1.0000000000       19.8047358322        0.0000000000        0.8869204367        0.1064304524        0.0928687289
       58.4693880000        1.0000000000        1.0000000000       17.9023556836        0.0000000000        0.8869204367        0.1064304524        0.1166843700
       58.5714290000        1.0000000000        1.0000000000       16.5558066437        0.0000000000        0.8869204367        0.1064304524        0.1371477047
       58.6734690000        1.0000000000        1.0000000000       15.7849593481        0.0000000000        0.8869204367        0.1064304524        0.1504393717
       58.7755100000        1.0000000000        1.0000000000       16.2072852605        0.0000000000        0.8869204367        0.1064304524        0.1430052078
       58.8775510000        1.0000000000        1.0000000000       18.8824003031        0.0000000000        0.8869204367        0.1064304524        0.1037378706
       58.9795920000        1.0000000000        1.0000000000       22.7511147350        0.0000000000        0.8869204367        0.1064304524        0.0652105660
       59.0816330000        1.0000000000        1.0000000000       23.4734713763        0.0000000000        0.8869204367        0.1064304524        0.0597959967
       59.1836730000        1.0000000000        1.0000000000       19.6307722652        0.0000000000        0.8869204367        0.1064304524        0.0948277992
       59.2857140000        1.0000000000        1.0000000000       15.2155180654        0.0000000000        0.8869204367        0.1064304524        0.1610787074
       59.3877550000        1.0000000000        1.0000000000       12.8576533385        0.0000000000        0.8869204367        0.1064304524        0.2137563635
       59.4897960000        1.0000000000        1.0000000000       11.9594231462        0.0000000000        0.8869204367        0.1064304524        0.2380842259
       59.5918370000        1.0000000000        1.0000000000       11.5551722694        0.0000000000        0.8869204367        0.1064304524        0.2499184355
       59.6938780000        1.0000000000        1.0000000000       11.2882245003        0.0000000000        0.8869204367        0.1064304524        0.2580538642
       59.7959180000        1.0000000000        1.0000000000       11.0760222410        0.0000000000        0.8869204367        0.1064304524        0.2647093972
       59.8979590000        1.0000000000        1.0000000000       10.8967724053        0.0000000000        0.8869204367        0.1064304524        0.2704649704
       60.0000000000        1.0000000000        1.0000000000       10.7412312437        0.0000000000        0.8869204367        0.1064304524        0.2755605894
