       55.0000000000        1.0000000000        1.0000000000       24.8104587430        0.0000000000        0.8869204367        0.1064304524        0.0509324492
       55.1020410000        1.0000000000        1.0000000000       27.2988448958        0.0000000000        0.8869204367        0.1064304524        0.0377843083
       55.2040820000        1.0000000000        1.0000000000       30.2051446164        0.0000000000        0.8869204367        0.1064304524        0.0266592965
       55.3061220000        1.0000000000        1.0000000000       33.6265477113        0.0000000000        0.8869204367        0.1064304524        0.0176823957
       55.4081630000        1.0000000000        1.0000000000       37.7076951959        0.0000000000        0.8869204367        0.1064304524        0.0108355442
       55.5102040000        1.0000000000        1.0000000000       42.7098093964        0.0000000000        0.8869204367        0.1064304524        0.0059451642
       55.6122450000        1.0000000000        1.0000000000       49.0373117024        0.0000000000        0.8869204367        0.1064304524        0.0027822999
       55.7142860000        1.0000000000        1.0000000000       56.8422376604        0.0000000000        0.8869204367        0.1064304524        0.0010905550
       55.8163270000        1.0000000000        1.0000000000       65.7134870647        0.0000000000        0.8869204367        0.1064304524        0.0003761139
       55.9183670000        1.0000000000        1.0000000000       75.8206941651        0.0000000000        0.8869204367        0.1064304524        0.0001118353
       56.0204080000        1.0000000000        1.0000000000       88.6611444215        0.0000000000        0.8869204367        0.1064304524        0.0000239549
       56.1224490000        1.0000000000        1.0000000000      105.8644232169        0.0000000000        0.8869204367        0.1064304524        0.0000030398
       56.2244900000        1.0000000000        1.0000000000      128.9492556537        0.0000000000        0.8869204367        0.1064304524        0.0000001904
       56.3265310000        1.0000000000        1.0000000000      160.3340658970        0.0000000000        0.8869204367        0.1064304524        0.0000000044
       56.4285710000        1.0000000000        1.0000000000      204.3153529722        0.0000000000        0.8869204367        0.1064304524        0.0000000000
       56.5306120000        1.0000000000        1.0000000000      268.6657377505        0.0000000000        0.8869204367        0.1064304524        0.0000000000
       56.6326530000        1.0000000000        1.0000000000      368.6855495773        0.0000000000        0.8869204367        0.1064304524        0.0000000000
       56.7346940000        1.0000000000        1.0000000000      539.1468089078        0.0000000000        0.8869204367        0.1064304524        0.0000000000
       56.8367350000        1.0000000000        1.0000000000      870.5912689440        0.0000000000        0.8869204367        0.1064304524        0.0000000000
       56.9387760000        1.0000000000        1.0000000000     1583.0570444303        0.0000000000        0.8869204367        0.1064304524        0.0000000000
       57.0408160000        1.0000000000        1.0000000000     2998.8402927881        0.0000000000        0.8869204367        0.1064304524        0.0000000000
       57.1428570000        1.0000000000        1.0000000000     5092.9122667182        0.0000000000        0.8869204367        0.1064304524        0.0000000000
       57.2448980000        1.0000000000        1.0000000000     7124.4769630261        0.0000000000        0.8869204367        0.1064304524        0.0000000000
       57.3469390000        1.0000000000        1.0000000000     8194.9523511031        0.0000000000        0.8869204367        0.1064304524        0.0000000000
       57.4489800000        1.0000000000        1.0000000000     7682.3498058112        0.0000000000        0.8869204367        0.1064304524        0.0000000000
       57.5510200000        1.0000000000        1.0000000000     5670.2581735873        0.0000000000        0.8869204367        0.1064304524        0.0000000000
       57.6530610000        1.0000000000        1.0000000000     3382.4686084535        0.0000000000        0.8869204367        0.1064304524        0.0000000000
       57.7551020000        1.0000000000        1.0000000000     1852.9997243743        0.0000000000        0.8869204367        0.1064304524        0.0000000000
       57.8571430000        1.0000000000        1.0000000000     1080.6322539114        0.0000000000        0.8869204367        0.1064304524        0.0000000000
       57.9591840000        1.0000000000        1.0000000000      708.3242038706        0.0000000000        0.8869204367        0.1064304524        0.0000000000
       58.0612240000        1.0000000000        1.0000000000      509.0573620643        0.0000000000        0.8869204367        0.1064304524        0.0000000000
       58.1632650000        1.0000000000        1.0000000000      388.6805529814        0.0000000000        0.8869204367        0.1064304524        0.0000000000
       58.2653060000        1.0000000000        1.0000000000      309.3193949421        0.0000000000        0.8869204367        0.1064304524        0.0000000000
       58.3673470000        1.0000000000        1.0000000000      253.7656724006        0.0000000000        0.8869204367        0.1064304524        0.0000000000
       58.4693880000        1.0000000000        1.0000000000      213.1515930509        0.0000000000        0.8869204367        0.1064304524        0.0000000000
       58.5714290000        1.0000000000        1.0000000000      182.4744764513        0.0000000000        0.8869204367        0.1064304524        0.0000000003
       58.6734690000        1.0000000000        1.0000000000      158.8539315122        0.0000000000        0.8869204367        0.1064304524        0.0000000053
       58.7755100000        1.0000000000        1.0000000000      141.0494165087        0.0000000000        0.8869204367        0.1064304524        0.0000000446
       58.8775510000        1.0000000000        1.0000000000      128.9915978601        0.0000000000        0.8869204367        0.1064304524        0.0000001895
       58.9795920000        1.0000000000        1.0000000000      121.0398196765        0.0000000000        0.8869204367        0.1064304524        0.0000004920
       59.0816330000        1.0000000000        1.0000000000      112.2824562035        0.0000000000        0.8869204367        0.1064304524        0.0000014072
       59.1836730000        1.0000000000        1.0000000000      100.4257183536        0.0000000000        0.8869204367        0.1064304524        0.0000058382
       59.2857140000        1.0000000000        1.0000000000       88.8843772212        0.0000000000        0.8869204367        0.1064304524        0.0000233217
       59.3877550000        1.0000000000        1.0000000000       80.2346779233        0.0000000000        0.8869204367        0.1064304524        0.0000658480
       59.4897960000        1.0000000000        1.0000000000       73.8798500864        0.0000000000        0.8869204367        0.1064304524        0.0001411649
       59.5918370000        1.0000000000        1.0000000000       68.7403083973        0.0000000000        0.8869204367        0.1064304524        0.0002615626
       59.6938780000        1.0000000000        1.0000000000       64.3289875958        0.0000000000        0.8869204367        0.1064304524        0.0004440921
       59.7959180000        1.0000000000        1.0000000000       60.4608692741        0.0000000000        0.8869204367        0.1064304524        0.0007064174
       59.8979590000        1.0000000000        1.0000000000       57.0356513645        0.0000000000        0.8869204367        0.1064304524        0.0010655351
       60.0000000000        1.0000000000        1.0000000000       53.9821349617        0.0000000000        0.8869204367        0.1064304524        0.0015371024
