       55.0000000000        1.0000000000        1.0000000000        7.1886292755        0.0000000000        0.8869204367        0.1064304524        0.4220483015
       55.1020410000        1.0000000000        1.0000000000        7.3620531467        0.0000000000        0.8869204367        0.1064304524        0.4133558736
       55.2040820000        1.0000000000        1.0000000000        7.5628102300        0.0000000000        0.8869204367        0.1064304524        0.4035167713
       55.3061220000        1.0000000000        1.0000000000        7.7997510631        0.0000000000        0.8869204367        0.1064304524        0.3922051918
       55.4081630000        1.0000000000        1.0000000000        8.1025310046        0.0000000000        0.8869204367        0.1064304524        0.3782107419
       55.5102040000        1.0000000000        1.0000000000        8.5835835209        0.0000000000        0.8869204367        0.1064304524        0.3569962425
       55.6122450000        1.0000000000        1.0000000000        9.4648332956        0.0000000000        0.8869204367        0.1064304524        0.3211715113
       55.7142860000        1.0000000000        1.0000000000       10.6736140899        0.0000000000        0.8869204367        0.1064304524        0.2778055999
       55.8163270000        1.0000000000        1.0000000000       11.4448284506        0.0000000000        0.8869204367        0.1064304524        0.2532496763
       55.9183670000        1.0000000000        1.0000000000       11.3806294644        0.0000000000        0.8869204367        0.1064304524        0.2552082155
       56.0204080000        1.0000000000        1.0000000000       11.2193356080        0.0000000000        0.8869204367        0.1064304524        0.2601959513
       56.1224490000        1.0000000000        1.0000000000       11.5514833122        0.0000000000        0.8869204367        0.1064304524        0.2500290926
       56.2244900000        1.0000000000        1.0000000000       12.3035275336        0.0000000000        0.8869204367        0.1064304524        0.2284533370
       56.3265310000        1.0000000000        1.0000000000       13.3144260755        0.0000000000        0.8869204367        0.1064304524        0.2023551152
       56.4285710000        1.0000000000        1.0000000000       14.5579988280        0.0000000000        0.8869204367        0.1064304524        0.1743030445
       56.5306120000        1.0000000000        1.0000000000       16.0784539665        0.0000000000        0.8869204367        0.1064304524        0.1452332111
       56.6326530000        1.0000000000        1.0000000000       17.9532613139        0.0000000000        0.8869204367        0.1064304524        0.1159737557
       56.7346940000        1.0000000000        1.0000000000       20.2950600603        0.0000000000        0.8869204367        0.1064304524        0.0875620839
       56.8367350000        1.0000000000        1.0000000000       23.2690052814        0.0000000000        0.8869204367        0.1064304524        0.0612812942
       56.9387760000        1.0000000000        1.0000000000       27.1260785656        0.0000000000        0.8869204367        0.1064304524        0.0385758276
       57.0408160000        1.0000000000        1.0000000000       32.2674013201        0.0000000000        0.8869204367        0.1064304524        0.0208148593
       57.1428570000        1.0000000000        1.0000000000       39.3810108614        0.0000000000        0.8869204367        0.1064304524        0.0088643177
       57.2448980000        1.0000000000        1.0000000000       49.7848138514        0.0000000000        0.8869204367        0.1064304524        0.0025435929
       57.3469390000        1.0000000000        1.0000000000       66.5918566965        0.0000000000        0.8869204367        0.1064304524        0.0003384877
       57.4489800000        1.0000000000        1.0000000000      100.0504103239        0.0000000000        0.8869204367        0.1064304524        0.0000061072
       57.5510200000        1.0000000000        1.0000000000      189.8163093920        0.0000000000        0.8869204367        0.1064304524        0.0000000001
       57.6530610000        1.0000000000        1.0000000000      445.0146550751        0.0000000000        0.8869204367        0.1064304524        0.0000000000
       57.7551020000        1.0000000000        1.0000000000      956.4065639735        0.0000000000        0.8869204367        0.1064304524        0.0000000000
       57.8571430000        1.0000000000        1.0000000000     1453.8110148232        0.0000000000        0.8869204367        0.1064304524        0.0000000000
       57.9591840000        1.0000000000        1.0000000000     1409.9677872975        0.0000000000        0.8869204367        0.1064304524        0.0000000000
       58.0612240000        1.0000000000        1.0000000000      896.1117015660        0.0000000000        0.8869204367        0.1064304524        0.0000000000
       58.1632650000        1.0000000000        1.0000000000      501.5733507645        0.0000000000        0.8869204367        0.1064304524        0.0000000000
       58.2653060000        1.0000000000        1.0000000000      540.3136892006        0.0000000000        0.8869204367        0.1064304524        0.0000000000
       58.3673470000        1.0000000000        1.0000000000     1171.8451336421        0.0000000000        0.8869204367        0.1064304524        0.0000000000
       58.4693880000        1.0000000000        1.0000000000     2628.5775802347        0.0000000000        0.8869204367        0.1064304524        0.0000000000
       58.5714290000        1.0000000000        1.0000000000     4448.8879297541        0.0000000000        0.8869204367        0.1064304524        0.0000000000
       58.6734690000        1.0000000000        1.0000000000     5113.6235869336        0.0000000000        0.8869204367        0.1064304524        0.0000000000
       58.7755100000        1.0000000000        1.0000000000     3945.0982605566        0.0000000000        0.8869204367        0.1064304524        0.0000000000
       58.8775510000        1.0000000000        1.0000000000     2189.1831266941        0.0000000000        0.8869204367        0.1064304524        0.0000000000
       58.9795920000        1.0000000000        1.0000000000     1038.8318037739        0.0000000000        0.8869204367        0.1064304524        0.0000000000
       59.0816330000        1.0000000000        1.0000000000      531.7307654448        0.0000000000        0.8869204367        0.1064304524        0.0000000000
       59.1836730000        1.0000000000        1.0000000000      324.6053697638        0.0000000000        0.8869204367        0.1064304524        0.0000000000
       59.2857140000        1.0000000000        1.0000000000      225.4030620179        0.0000000000        0.8869204367        0.1064304524        0.0000000000
       59.3877550000        1.0000000000        1.0000000000      169.5724113981        0.0000000000        0.8869204367        0.1064304524        0.0000000015
       59.4897960000        1.0000000000        1.0000000000      134.7421145113        0.0000000000        0.8869204367        0.1064304524        0.0000000950
       59.5918370000        1.0000000000        1.0000000000      111.1784646141        0.0000000000        0.8869204367        0.1064304524        0.0000016066
       59.6938780000        1.0000000000        1.0000000000       94.2595484276        0.0000000000        0.8869204367        0.1064304524        0.0000122358
       59.7959180000        1.0000000000        1.0000000000       81.5935349225        0.0000000000        0.8869204367        0.1064304524        0.0000559404
       59.8979590000        1.0000000000        1.0000000000       71.8111265914        0.0000000000        0.8869204367        0.1064304524        0.0001809418
       60.0000000000        1.0000000000        1.0000000000       64.0675294624        0.0000000000        0.8869204367        0.1064304524        0.0004582464
