       55.0000000000        1.0000000000        1.0000000000        6.8378757322        0.0000000000        0.8869204367        0.1064304524        0.4401916460
       55.1020410000        1.0000000000        1.0000000000        6.8426876363        0.0000000000        0.8869204367        0.1064304524        0.4399375401
       55.2040820000        1.0000000000        1.0000000000        6.8526439117        0.0000000000        0.8869204367        0.1064304524        0.4394122373
       55.3061220000        1.0000000000        1.0000000000        6.8728491974        0.0000000000        0.8869204367        0.1064304524        0.4383481139
       55.4081630000        1.0000000000        1.0000000000        6.9281290455        0.0000000000        0.8869204367        0.1064304524        0.4354499192
       55.5102040000        1.0000000000        1.0000000000        7.1252799857        0.0000000000        0.8869204367        0.1064304524        0.4252689025
       55.6122450000        1.0000000000        1.0000000000        7.6836247181        0.0000000000        0.8869204367        0.1064304524        0.3977088929
       55.7142860000        1.0000000000        1.0000000000        8.5344225969        0.0000000000        0.8869204367        0.1064304524        0.3591084986
       55.8163270000        1.0000000000        1.0000000000        8.9067212071        0.0000000000        0.8869204367        0.1064304524        0.3434181271
       55.9183670000        1.0000000000        1.0000000000        8.3720397141        0.0000000000        0.8869204367        0.1064304524        0.3661746895
       56.0204080000        1.0000000000        1.0000000000        7.6417696410        0.0000000000        0.8869204367        0.1064304524        0.3997114541
       56.1224490000        1.0000000000        1.0000000000        7.2975444509        0.0000000000        0.8869204367        0.1064304524        0.4165680963
       56.2244900000        1.0000000000        1.0000000000        7.2520289170        0.0000000000        0.8869204367        0.1064304524        0.4188495595
       56.3265310000        1.0000000000        1.0000000000        7.3155419615        0.0000000000        0.8869204367        0.1064304524        0.4156694045
       56.4285710000        1.0000000000        1.0000000000        7.4213395630        0.0000000000        0.8869204367        0.1064304524        0.4104255431
       56.5306120000        1.0000000000        1.0000000000        7.5593746746        0.0000000000        0.8869204367        0.1064304524        0.4036831621
       56.6326530000        1.0000000000        1.0000000000        7.7326251289        0.0000000000        0.8869204367        0.1064304524        0.3953772069
       56.7346940000        1.0000000000        1.0000000000        7.9480400931        0.0000000000        0.8869204367        0.1064304524        0.3852877539
       56.8367350000        1.0000000000        1.0000000000        8.2156016848        0.0000000000        0.8869204367        0.1064304524        0.3731136544
       56.9387760000        1.0000000000        1.0000000000        8.5488760859        0.0000000000        0.8869204367        0.1064304524        0.3584861939
       57.0408160000        1.0000000000        1.0000000000        8.9662097837        0.0000000000        0.8869204367        0.1064304524        0.3409753219
       57.1428570000        1.0000000000        1.0000000000        9.4926666325        0.0000000000        0.8869204367        0.1064304524        0.3201005877
       57.2448980000        1.0000000000        1.0000000000       10.1629880618        0.0000000000        0.8869204367        0.1064304524        0.2953605199
       57.3469390000        1.0000000000        1.0000000000       11.0263128669        0.0000000000        0.8869204367        0.1064304524        0.2662931408
       57.4489800000        1.0000000000        1.0000000000       12.1537957337        0.0000000000        0.8869204367        0.1064304524        0.2325952436
       57.5510200000        1.0000000000        1.0000000000       13.6513844160        0.0000000000        0.8869204367        0.1064304524        0.1943361029
       57.6530610000        1.0000000000        1.0000000000       15.6823014605        0.0000000000        0.8869204367        0.1064304524        0.1523040884
       57.7551020000        1.0000000000        1.0000000000       18.5083580459        0.0000000000        0.8869204367        0.1064304524        0.1085002322
       57.8571430000        1.0000000000        1.0000000000       22.5715743409        0.0000000000        0.8869204367        0.1064304524        0.0666307617
       57.9591840000        1.0000000000        1.0000000000       28.6688570133        0.0000000000        0.8869204367        0.1064304524        0.0320562585
       58.0612240000        1.0000000000        1.0000000000       38.3760007763        0.0000000000        0.8869204367        0.1064304524        0.0100005009
       58.1632650000        1.0000000000        1.0000000000       55.3518504486        0.0000000000        0.8869204367        0.1064304524        0.0013041262
       58.2653060000        1.0000000000        1.0000000000       90.8656231194        0.0000000000        0.8869204367        0.1064304524        0.0000183869
       58.3673470000        1.0000000000        1.0000000000      188.7461173486        0.0000000000        0.8869204367        0.1064304524        0.0000000001
       58.4693880000        1.0000000000        1.0000000000      495.7721070461        0.0000000000        0.8869204367        0.1064304524        0.0000000000
       58.5714290000        1.0000000000        1.0000000000     1264.2237119510        0.0000000000        0.8869204367        0.1064304524        0.0000000000
       58.6734690000        1.0000000000        1.0000000000     2393.4991130768        0.0000000000        0.8869204367        0.1064304524        0.0000000000
       58.7755100000        1.0000000000        1.0000000000     2979.0034614584        0.0000000000        0.8869204367        0.1064304524        0.0000000000
       58.8775510000        1.0000000000        1.0000000000     2374.4312031265        0.0000000000        0.8869204367        0.1064304524        0.0000000000
       58.9795920000        1.0000000000        1.0000000000     1276.4981993867        0.0000000000        0.8869204367        0.1064304524        0.0000000000
       59.0816330000        1.0000000000        1.0000000000      544.7841106342        0.0000000000        0.8869204367        0.1064304524        0.0000000000
       59.1836730000        1.0000000000        1.0000000000      243.5921487888        0.0000000000        0.8869204367        0.1064304524        0.0000000000
       59.2857140000        1.0000000000        1.0000000000      136.7074068706        0.0000000000        0.8869204367        0.1064304524        0.0000000751
       59.3877550000        1.0000000000        1.0000000000       92.5170095177        0.0000000000        0.8869204367        0.1064304524        0.0000150815
       59.4897960000        1.0000000000        1.0000000000       69.7357993433        0.0000000000        0.8869204367        0.1064304524        0.0002321108
       59.5918370000        1.0000000000        1.0000000000       55.9811287440        0.0000000000        0.8869204367        0.1064304524        0.0012092736
       59.6938780000        1.0000000000        1.0000000000       46.8173924250        0.0000000000        0.8869204367        0.1064304524        0.0036315814
       59.7959180000        1.0000000000        1.0000000000       40.3180178472        0.0000000000        0.8869204367        0.1064304524        0.0079215995
       59.8979590000        1.0000000000        1.0000000000       35.5026181110        0.0000000000        0.8869204367        0.1064304524        0.0141178663
       60.0000000000        1.0000000000        1.0000000000       31.8153498653        0.0000000000        0.8869204367        0.1064304524        0.0219751725
