       55.0000000000        1.0000000000        1.0000000000        7.8468420352        0.0000000000        0.8869204367        0.1064304524        0.3899951233
       55.1020410000        1.0000000000        1.0000000000        8.1096391068        0.0000000000        0.8869204367        0.1064304524        0.3778882761
       55.2040820000        1.0000000000        1.0000000000        8.4282983098        0.0000000000        0.8869204367        0.1064304524        0.3637109584
       55.3061220000        1.0000000000        1.0000000000        8.8203065951        0.0000000000        0.8869204367        0.1064304524        0.3469978166
       55.4081630000        1.0000000000        1.0000000000        9.3268926258        0.0000000000        0.8869204367        0.1064304524        0.3265320688
       55.5102040000        1.0000000000        1.0000000000       10.0761633848        0.0000000000        0.8869204367        0.1064304524        0.2984539569
       55.6122450000        1.0000000000        1.0000000000       11.3116898408        0.0000000000        0.8869204367        0.1064304524        0.2573282476
       55.7142860000        1.0000000000        1.0000000000       12.9910440133        0.0000000000        0.8869204367        0.1064304524        0.2103620297
       55.8163270000        1.0000000000        1.0000000000       14.3917353659        0.0000000000        0.8869204367        0.1064304524        0.1778155959
       55.9183670000        1.0000000000        1.0000000000       15.1760995528        0.0000000000        0.8869204367        0.1064304524        0.1618424502
       56.0204080000        1.0000000000        1.0000000000       16.1718767429        0.0000000000        0.8869204367        0.1064304524        0.1436141328
       56.1224490000        1.0000000000        1.0000000000       18.1070826415        0.0000000000        0.8869204367        0.1064304524        0.1138526834
       56.2244900000        1.0000000000        1.0000000000       21.1207547525        0.0000000000        0.8869204367        0.1064304524        0.0793021078
       56.3265310000        1.0000000000        1.0000000000       25.3965139316        0.0000000000        0.8869204367        0.1064304524        0.0474735924
       56.4285710000        1.0000000000        1.0000000000       31.4933160067        0.0000000000        0.8869204367        0.1064304524        0.0228410044
       56.5306120000        1.0000000000        1.0000000000       40.5108515385        0.0000000000        0.8869204367        0.1064304524        0.0077403979
       56.6326530000        1.0000000000        1.0000000000       54.5938261733        0.0000000000        0.8869204367        0.1064304524        0.0014283160
       56.7346940000        1.0000000000        1.0000000000       78.4919432270        0.0000000000        0.8869204367        0.1064304524        0.0000811645
       56.8367350000        1.0000000000        1.0000000000      125.5488479026        0.0000000000        0.8869204367        0.1064304524        0.0000002864
       56.9387760000        1.0000000000        1.0000000000      243.5638385843        0.0000000000        0.8869204367        0.1064304524        0.0000000000
       57.0408160000        1.0000000000        1.0000000000      594.0145684327        0.0000000000        0.8869204367        0.1064304524        0.0000000000
       57.1428570000        1.0000000000        1.0000000000     1493.5920913453        0.0000000000        0.8869204367        0.1064304524        0.0000000000
       57.2448980000        1.0000000000        1.0000000000     2942.6517389151        0.0000000000        0.8869204367        0.1064304524        0.0000000000
       57.3469390000        1.0000000000        1.0000000000     3910.2345741136        0.0000000000        0.8869204367        0.1064304524        0.0000000000
       57.4489800000        1.0000000000        1.0000000000     3353.2739365836        0.0000000000        0.8869204367        0.1064304524        0.0000000000
       57.5510200000        1.0000000000        1.0000000000     1926.9918743814        0.0000000000        0.8869204367        0.1064304524        0.0000000000
       57.6530610000        1.0000000000        1.0000000000      855.2184455330        0.0000000000        0.8869204367        0.1064304524        0.0000000000
       57.7551020000        1.0000000000        1.0000000000      379.6741357360        0.0000000000        0.8869204367        0.1064304524        0.0000000000
       57.8571430000        1.0000000000        1.0000000000      208.0375884421        0.0000000000        0.8869204367        0.1064304524        0.0000000000
       57.9591840000        1.0000000000        1.0000000000      138.3760552217        0.0000000000        0.8869204367        0.1064304524        0.0000000614
       58.0612240000        1.0000000000        1.0000000000      102.5715842994        0.0000000000        0.8869204367        0.1064304524        0.0000045128
       58.1632650000        1.0000000000        1.0000000000       80.9102010811        0.0000000000        0.8869204367        0.1064304524        0.0000607208
       58.2653060000        1.0000000000        1.0000000000       66.5264111393        0.0000000000        0.8869204367        0.1064304524        0.0003411565
       58.3673470000        1.0000000000        1.0000000000       56.3893196864        0.0000000000        0.8869204367        0.1064304524        0.0011514672
       58.4693880000        1.0000000000        1.0000000000       48.9382247563        0.0000000000        0.8869204367        0.1064304524        0.0028155801
       58.5714290000        1.0000000000        1.0000000000       43.3135993477        0.0000000000        0.8869204367        0.1064304524        0.0055296436
       58.6734690000        1.0000000000        1.0000000000       39.1569254785        0.0000000000        0.8869204367        0.1064304524        0.0091059152
       58.7755100000        1.0000000000        1.0000000000       36.8379116686        0.0000000000        0.8869204367        0.1064304524        0.0120276225
       58.8775510000        1.0000000000        1.0000000000       37.2771367886        0.0000000000        0.8869204367        0.1064304524        0.0114100993
       58.9795920000        1.0000000000        1.0000000000       39.3666268720        0.0000000000        0.8869204367        0.1064304524        0.0088796315
       59.0816330000        1.0000000000        1.0000000000       38.6851796535        0.0000000000        0.8869204367        0.1064304524        0.0096362663
       59.1836730000        1.0000000000        1.0000000000       33.6360849238        0.0000000000        0.8869204367        0.1064304524        0.0176621704
       59.2857140000        1.0000000000        1.0000000000       28.1041889009        0.0000000000        0.8869204367        0.1064304524        0.0343036791
       59.3877550000        1.0000000000        1.0000000000       24.7372680859        0.0000000000        0.8869204367        0.1064304524        0.0513817530
       59.4897960000        1.0000000000        1.0000000000       22.9586370952        0.0000000000        0.8869204367        0.1064304524        0.0636067011
       59.5918370000        1.0000000000        1.0000000000       21.7883728249        0.0000000000        0.8869204367        0.1064304524        0.0731967148
       59.6938780000        1.0000000000        1.0000000000       20.8483453794        0.0000000000        0.8869204367        0.1064304524        0.0819372601
       59.7959180000        1.0000000000        1.0000000000       20.0394421923        0.0000000000        0.8869204367        0.1064304524        0.0902895940
       59.8979590000        1.0000000000        1.0000000000       19.3275766025        0.0000000000        0.8869204367        0.1064304524        0.0983414972
       60.0000000000        1.0000000000        1.0000000000       18.6939445991        0.0000000000        0.8869204367        0.1064304524        0.1061105980
