       55.0000000000        1.0000000000        1.0000000000        6.9938465328        0.0000000000        0.8869204367        0.1064304524        0.4320294231
       55.1020410000        1.0000000000        1.0000000000        6.9987967658        0.0000000000        0.8869204367        0.1064304524        0.4317728618
       55.2040820000        1.0000000000        1.0000000000        7.0090652650        0.0000000000        0.8869204367        0.1064304524        0.4312411503
       55.3061220000        1.0000000000        1.0000000000        7.0298200384        0.0000000000        0.8869204367        0.1064304524        0.4301684492
       55.4081630000        1.0000000000        1.0000000000        7.0859533876        0.0000000000        0.8869204367        0.1064304524        0.4272805710
       55.5102040000        1.0000000000        1.0000000000        7.2843604526        0.0000000000        0.8869204367        0.1064304524        0.4172276619
       55.6122450000        1.0000000000        1.0000000000        7.8447167797        0.0000000000        0.8869204367        0.1064304524        0.3900945967
       55.7142860000        1.0000000000        1.0000000000        8.6991059279        0.0000000000        0.8869204367        0.1064304524        0.3520814594
       55.8163270000        1.0000000000        1.0000000000        9.0770712793        0.0000000000        0.8869204367        0.1064304524        0.3364692374
       55.9183670000        1.0000000000        1.0000000000        8.5495334715        0.0000000000        0.8869204367        0.1064304524        0.3584579154
       56.0204080000        1.0000000000        1.0000000000        7.8277459412        0.0000000000        0.8869204367        0.1064304524        0.3908898341
       56.1224490000        1.0000000000        1.0000000000        7.4945499007        0.0000000000        0.8869204367        0.1064304524        0.4068356481
       56.2244900000        1.0000000000        1.0000000000        7.4640859331        0.0000000000        0.8869204367        0.1064304524        0.4083256293
       56.3265310000        1.0000000000        1.0000000000        7.5481065700        0.0000000000        0.8869204367        0.1064304524        0.4042293806
       56.4285710000        1.0000000000        1.0000000000        7.6816966859        0.0000000000        0.8869204367        0.1064304524        0.3978009190
       56.5306120000        1.0000000000        1.0000000000        7.8573867717        0.0000000000        0.8869204367        0.1064304524        0.3895019479
       56.6326530000        1.0000000000        1.0000000000        8.0818067763        0.0000000000        0.8869204367        0.1064304524        0.3791524875
       56.7346940000        1.0000000000        1.0000000000        8.3671247688        0.0000000000        0.8869204367        0.1064304524        0.3663907206
       56.8367350000        1.0000000000        1.0000000000        8.7308868341        0.0000000000        0.8869204367        0.1064304524        0.3507412804
       56.9387760000        1.0000000000        1.0000000000        9.1978170780        0.0000000000        0.8869204367        0.1064304524        0.3316291179
       57.0408160000        1.0000000000        1.0000000000        9.8030640419        0.0000000000        0.8869204367        0.1064304524        0.3083969013
       57.1428570000        1.0000000000        1.0000000000       10.5976231759        0.0000000000        0.8869204367        0.1064304524        0.2803504697
       57.2448980000        1.0000000000        1.0000000000       11.6573963827        0.0000000000        0.8869204367        0.1064304524        0.2468714394
       57.3469390000        1.0000000000        1.0000000000       13.0991251305        0.0000000000        0.8869204367        0.1064304524        0.2076513068
       57.4489800000        1.0000000000        1.0000000000       15.1096531233        0.0000000000        0.8869204367        0.1064304524        0.1631380711
       57.5510200000        1.0000000000        1.0000000000       18.0032366097        0.0000000000        0.8869204367        0.1064304524        0.1152803382
       57.6530610000        1.0000000000        1.0000000000       22.3435371585        0.0000000000        0.8869204367        0.1064304524        0.0684792528
       57.7551020000        1.0000000000        1.0000000000       29.2357183987        0.0000000000        0.8869204367        0.1064304524        0.0299481955
       57.8571430000        1.0000000000        1.0000000000       41.2075668620        0.0000000000        0.8869204367        0.1064304524        0.0071195695
       57.9591840000        1.0000000000        1.0000000000       65.9455683023        0.0000000000        0.8869204367        0.1064304524        0.0003657838
       58.0612240000        1.0000000000        1.0000000000      134.2134070181        0.0000000000        0.8869204367        0.1064304524        0.0000001013
       58.1632650000        1.0000000000        1.0000000000      357.6992817126        0.0000000000        0.8869204367        0.1064304524        0.0000000000
       58.2653060000        1.0000000000        1.0000000000      957.9919543188        0.0000000000        0.8869204367        0.1064304524        0.0000000000
       58.3673470000        1.0000000000        1.0000000000     1920.3176423766        0.0000000000        0.8869204367        0.1064304524        0.0000000000
       58.4693880000        1.0000000000        1.0000000000     2514.2588047678        0.0000000000        0.8869204367        0.1064304524        0.0000000000
       58.5714290000        1.0000000000        1.0000000000     2077.4945990699        0.0000000000        0.8869204367        0.1064304524        0.0000000000
       58.6734690000        1.0000000000        1.0000000000     1129.8848983081        0.0000000000        0.8869204367        0.1064304524        0.0000000000
       58.7755100000        1.0000000000        1.0000000000      469.1774011143        0.0000000000        0.8869204367        0.1064304524        0.0000000000
       58.8775510000        1.0000000000        1.0000000000      202.7074129474        0.0000000000        0.8869204367        0.1064304524        0.0000000000
       58.9795920000        1.0000000000        1.0000000000      118.2256537860        0.0000000000        0.8869204367        0.1064304524        0.0000006897
       59.0816330000        1.0000000000        1.0000000000       85.2207359080        0.0000000000        0.8869204367        0.1064304524        0.0000361987
       59.1836730000        1.0000000000        1.0000000000       64.2619967023        0.0000000000        0.8869204367        0.1064304524        0.0004476765
       59.2857140000        1.0000000000        1.0000000000       49.3734462907        0.0000000000        0.8869204367        0.1064304524        0.0026723059
       59.3877550000        1.0000000000        1.0000000000       39.9920127564        0.0000000000        0.8869204367        0.1064304524        0.0082376388
       59.4897960000        1.0000000000        1.0000000000       34.1519661006        0.0000000000        0.8869204367        0.1064304524        0.0166019365
       59.5918370000        1.0000000000        1.0000000000       30.1342706867        0.0000000000        0.8869204367        0.1064304524        0.0268869973
       59.6938780000        1.0000000000        1.0000000000       27.1347343163        0.0000000000        0.8869204367        0.1064304524        0.0385357800
       59.7959180000        1.0000000000        1.0000000000       24.7982147492        0.0000000000        0.8869204367        0.1064304524        0.0510073382
       59.8979590000        1.0000000000        1.0000000000       22.9300740535        0.0000000000        0.8869204367        0.1064304524        0.0638250912
       60.0000000000        1.0000000000        1.0000000000       21.4066773161        0.0000000000        0.8869204367        0.1064304524        0.0766273453
