       55.0000000000        1.0000000000        1.0000000000        9.8378746121        0.0000000000        0.8869204367        0.1064304524        0.3071113316
       55.1020410000        1.0000000000        1.0000000000       10.6560165241        0.0000000000        0.8869204367        0.1064304524        0.2783928640
       55.2040820000        1.0000000000        1.0000000000       11.8009908509        0.0000000000        0.8869204367        0.1064304524        0.2426539555
       55.3061220000        1.0000000000        1.0000000000       13.4556712842        0.0000000000        0.8869204367        0.1064304524        0.1989542154
       55.4081630000        1.0000000000        1.0000000000       15.9633665366        0.0000000000        0.8869204367        0.1064304524        0.1472528673
       55.5102040000        1.0000000000        1.0000000000       20.0494776542        0.0000000000        0.8869204367        0.1064304524        0.0901809277
       55.6122450000        1.0000000000        1.0000000000       27.3023257662        0.0000000000        0.8869204367        0.1064304524        0.0377685289
       55.7142860000        1.0000000000        1.0000000000       41.5680561719        0.0000000000        0.8869204367        0.1064304524        0.0068181525
       55.8163270000        1.0000000000        1.0000000000       77.9241828130        0.0000000000        0.8869204367        0.1064304524        0.0000868870
       55.9183670000        1.0000000000        1.0000000000      201.3082927172        0.0000000000        0.8869204367        0.1064304524        0.0000000000
       56.0204080000        1.0000000000        1.0000000000      575.7199027518        0.0000000000        0.8869204367        0.1064304524        0.0000000000
       56.1224490000        1.0000000000        1.0000000000     1270.3105067937        0.0000000000        0.8869204367        0.1064304524        0.0000000000
       56.2244900000        1.0000000000        1.0000000000     1803.0686705253        0.0000000000        0.8869204367        0.1064304524        0.0000000000
       56.3265310000        1.0000000000        1.0000000000     1568.7218797752        0.0000000000        0.8869204367        0.1064304524        0.0000000000
       56.4285710000        1.0000000000        1.0000000000      865.2080762691        0.0000000000        0.8869204367        0.1064304524        0.0000000000
       56.5306120000        1.0000000000        1.0000000000      348.3727695476        0.0000000000        0.8869204367        0.1064304524        0.0000000000
       56.6326530000        1.0000000000        1.0000000000      140.6361999036        0.0000000000        0.8869204367        0.1064304524        0.0000000468
       56.7346940000        1.0000000000        1.0000000000       75.8060336647        0.0000000000        0.8869204367        0.1064304524        0.0001120322
       56.8367350000        1.0000000000        1.0000000000       52.1171101068        0.0000000000        0.8869204367        0.1064304524        0.0019226454
       56.9387760000        1.0000000000        1.0000000000       40.2460246939        0.0000000000        0.8869204367        0.1064304524        0.0079903320
       57.0408160000        1.0000000000        1.0000000000       33.0603120730        0.0000000000        0.8869204367        0.1064304524        0.0189256440
       57.1428570000        1.0000000000        1.0000000000       28.2778934918        0.0000000000        0.8869204367        0.1064304524        0.0335960352
       57.2448980000        1.0000000000        1.0000000000       24.8977863924        0.0000000000        0.8869204367        0.1064304524        0.0504014988
       57.3469390000        1.0000000000        1.0000000000       22.4017587238        0.0000000000        0.8869204367        0.1064304524        0.0680024839
       57.4489800000        1.0000000000        1.0000000000       20.4952665815        0.0000000000        0.8869204367        0.1064304524        0.0854834927
       57.5510200000        1.0000000000        1.0000000000       18.9993750663        0.0000000000        0.8869204367        0.1064304524        0.1022918775
       57.6530610000        1.0000000000        1.0000000000       17.7995765336        0.0000000000        0.8869204367        0.1064304524        0.1181324077
       57.7551020000        1.0000000000        1.0000000000       16.8195721845        0.0000000000        0.8869204367        0.1064304524        0.1328747050
       57.8571430000        1.0000000000        1.0000000000       16.0067655332        0.0000000000        0.8869204367        0.1064304524        0.1464879855
       57.9591840000        1.0000000000        1.0000000000       15.3239302951        0.0000000000        0.8869204367        0.1064304524        0.1589967312
       58.0612240000        1.0000000000        1.0000000000       14.7442092028        0.0000000000        0.8869204367        0.1064304524        0.1704513936
       58.1632650000        1.0000000000        1.0000000000       14.2480531850        0.0000000000        0.8869204367        0.1064304524        0.1809080510
       58.2653060000        1.0000000000        1.0000000000       13.8215347974        0.0000000000        0.8869204367        0.1064304524        0.1904083742
       58.3673470000        1.0000000000        1.0000000000       13.4558721127        0.0000000000        0.8869204367        0.1064304524        0.1989494208
       58.4693880000        1.0000000000        1.0000000000       13.1500445103        0.0000000000        0.8869204367        0.1064304524        0.2063863583
       58.5714290000        1.0000000000        1.0000000000       12.9319664918        0.0000000000        0.8869204367        0.1064304524        0.2118586485
       58.6734690000        1.0000000000        1.0000000000       12.9852782094        0.0000000000        0.8869204367        0.1064304524        0.2105076288
       58.7755100000        1.0000000000        1.0000000000       14.0253929346        0.0000000000        0.8869204367        0.1064304524        0.1858069306
       58.8775510000        1.0000000000        1.0000000000       17.1727083195        0.0000000000        0.8869204367        0.1064304524        0.1273615995
       58.9795920000        1.0000000000        1.0000000000       21.4063751665        0.0000000000        0.8869204367        0.1064304524        0.0766301237
       59.0816330000        1.0000000000        1.0000000000       22.4139524948        0.0000000000        0.8869204367        0.1064304524        0.0679030518
       59.1836730000        1.0000000000        1.0000000000       18.7993228276        0.0000000000        0.8869204367        0.1064304524        0.1047772365
       59.2857140000        1.0000000000        1.0000000000       14.5704448436        0.0000000000        0.8869204367        0.1064304524        0.1740429134
       59.3877550000        1.0000000000        1.0000000000       12.3656580487        0.0000000000        0.8869204367        0.1064304524        0.2267563999
       59.4897960000        1.0000000000        1.0000000000       11.5931471675        0.0000000000        0.8869204367        0.1064304524        0.2487821512
       59.5918370000        1.0000000000        1.0000000000       11.2926305819        0.0000000000        0.8869204367        0.1064304524        0.2579174595
       59.6938780000        1.0000000000        1.0000000000       11.1118361305        0.0000000000        0.8869204367        0.1064304524        0.2635742056
       59.7959180000        1.0000000000        1.0000000000       10.9715990205        0.0000000000        0.8869204367        0.1064304524        0.2680472837
       59.8979590000        1.0000000000        1.0000000000       10.8527503964        0.0000000000        0.8869204367        0.1064304524        0.2718975202
       60.0000000000        1.0000000000        1.0000000000       10.7481048471        0.0000000000        0.8869204367        0.1064304524        0.2753333918
