       55.0000000000        1.0000000000        1.0000000000        8.0967604457        0.0000000000        0.8869204367        0.1064304524        0.3784727310
       55.1020410000        1.0000000000        1.0000000000        8.3763774853        0.0000000000        0.8869204367        0.1064304524        0.3659841333
       55.2040820000        1.0000000000        1.0000000000        8.7347020206        0.0000000000        0.8869204367        0.1064304524        0.3505807400
       55.3061220000        1.0000000000        1.0000000000        9.2016320961        0.0000000000        0.8869204367        0.1064304524        0.3314773321
       55.4081630000        1.0000000000        1.0000000000        9.8376449779        0.0000000000        0.8869204367        0.1064304524        0.3071197945
       55.5102040000        1.0000000000        1.0000000000       10.8013814566        0.0000000000        0.8869204367        0.1064304524        0.2735787472
       55.6122450000        1.0000000000        1.0000000000       12.3867385564        0.0000000000        0.8869204367        0.1064304524        0.2261835080
       55.7142860000        1.0000000000        1.0000000000       14.6359994222        0.0000000000        0.8869204367        0.1064304524        0.1726791673
       55.8163270000        1.0000000000        1.0000000000       16.9712051987        0.0000000000        0.8869204367        0.1064304524        0.1304787861
       55.9183670000        1.0000000000        1.0000000000       19.3120518347        0.0000000000        0.8869204367        0.1064304524        0.0985248754
       56.0204080000        1.0000000000        1.0000000000       22.9924613593        0.0000000000        0.8869204367        0.1064304524        0.0633490503
       56.1224490000        1.0000000000        1.0000000000       29.8374590172        0.0000000000        0.8869204367        0.1064304524        0.0278619009
       56.2244900000        1.0000000000        1.0000000000       42.7620663385        0.0000000000        0.8869204367        0.1064304524        0.0059079997
       56.3265310000        1.0000000000        1.0000000000       71.6993795647        0.0000000000        0.8869204367        0.1064304524        0.0001833845
       56.4285710000        1.0000000000        1.0000000000      159.3830249519        0.0000000000        0.8869204367        0.1064304524        0.0000000049
       56.5306120000        1.0000000000        1.0000000000      449.7335129561        0.0000000000        0.8869204367        0.1064304524        0.0000000000
       56.6326530000        1.0000000000        1.0000000000     1157.6718296763        0.0000000000        0.8869204367        0.1064304524        0.0000000000
       56.7346940000        1.0000000000        1.0000000000     2082.8244745710        0.0000000000        0.8869204367        0.1064304524        0.0000000000
       56.8367350000        1.0000000000        1.0000000000     2365.3433785850        0.0000000000        0.8869204367        0.1064304524        0.0000000000
       56.9387760000        1.0000000000        1.0000000000     1677.5766706671        0.0000000000        0.8869204367        0.1064304524        0.0000000000
       57.0408160000        1.0000000000        1.0000000000      800.5843517194        0.0000000000        0.8869204367        0.1064304524        0.0000000000
       57.1428570000        1.0000000000        1.0000000000      316.1305689595        0.0000000000        0.8869204367        0.1064304524        0.0000000000
       57.2448980000        1.0000000000        1.0000000000      143.6946426826        0.0000000000        0.8869204367        0.1064304524        0.0000000325
       57.3469390000        1.0000000000        1.0000000000       86.5414769218        0.0000000000        0.8869204367        0.1064304524        0.0000308931
       57.4489800000        1.0000000000        1.0000000000       62.1433291255        0.0000000000        0.8869204367        0.1064304524        0.0005772706
       57.5510200000        1.0000000000        1.0000000000       48.6759565852        0.0000000000        0.8869204367        0.1064304524        0.0029056017
       57.6530610000        1.0000000000        1.0000000000       40.1431547664        0.0000000000        0.8869204367        0.1064304524        0.0080895791
       57.7551020000        1.0000000000        1.0000000000       34.3050958957        0.0000000000        0.8869204367        0.1064304524        0.0162996522
       57.8571430000        1.0000000000        1.0000000000       30.0975547900        0.0000000000        0.8869204367        0.1064304524        0.0270057202
       57.9591840000        1.0000000000        1.0000000000       26.9451238832        0.0000000000        0.8869204367        0.1064304524        0.0394226456
       58.0612240000        1.0000000000        1.0000000000       24.5107280885        0.0000000000        0.8869204367        0.1064304524        0.0527977147
       58.1632650000        1.0000000000        1.0000000000       22.5850256848        0.0000000000        0.8869204367        0.1064304524        0.0665232956
       58.2653060000        1.0000000000        1.0000000000       21.0324616420        0.0000000000        0.8869204367        0.1064304524        0.0801467943
       58.3673470000        1.0000000000        1.0000000000       19.7631906308        0.0000000000        0.8869204367        0.1064304524        0.0933328750
       58.4693880000        1.0000000000        1.0000000000       18.7203194702        0.0000000000        0.8869204367        0.1064304524        0.1057752905
       58.5714290000        1.0000000000        1.0000000000       17.8919197243        0.0000000000        0.8869204367        0.1064304524        0.1168305871
       58.6734690000        1.0000000000        1.0000000000       17.4320456499        0.0000000000        0.8869204367        0.1064304524        0.1234590844
       58.7755100000        1.0000000000        1.0000000000       18.0345551041        0.0000000000        0.8869204367        0.1064304524        0.1148479026
       58.8775510000        1.0000000000        1.0000000000       20.8107994675        0.0000000000        0.8869204367        0.1064304524        0.0823072621
       58.9795920000        1.0000000000        1.0000000000       24.7441089652        0.0000000000        0.8869204367        0.1064304524        0.0513395907
       59.0816330000        1.0000000000        1.0000000000       25.5129804738        0.0000000000        0.8869204367        0.1064304524        0.0468147171
       59.1836730000        1.0000000000        1.0000000000       21.6857216036        0.0000000000        0.8869204367        0.1064304524        0.0741039388
       59.2857140000        1.0000000000        1.0000000000       17.2499571969        0.0000000000        0.8869204367        0.1064304524        0.1261864298
       59.3877550000        1.0000000000        1.0000000000       14.8523651859        0.0000000000        0.8869204367        0.1064304524        0.1682534472
       59.4897960000        1.0000000000        1.0000000000       13.9089160905        0.0000000000        0.8869204367        0.1064304524        0.1884222299
       59.5918370000        1.0000000000        1.0000000000       13.4578479026        0.0000000000        0.8869204367        0.1064304524        0.1989022565
       59.6938780000        1.0000000000        1.0000000000       13.1432173590        0.0000000000        0.8869204367        0.1064304524        0.2065555113
       59.7959180000        1.0000000000        1.0000000000       12.8830244219        0.0000000000        0.8869204367        0.1064304524        0.2131065656
       59.8979590000        1.0000000000        1.0000000000       12.6560270137        0.0000000000        0.8869204367        0.1064304524        0.2189913075
       60.0000000000        1.0000000000        1.0000000000       12.4534247119        0.0000000000        0.8869204367        0.1064304524        0.2243807338
