       55.0000000000        1.0000000000        1.0000000000        7.8173227178        0.0000000000        0.8869204367        0.1064304524        0.3913790598
       55.1020410000        1.0000000000        1.0000000000        7.8398080059        0.0000000000        0.8869204367        0.1064304524        0.3903244508
       55.2040820000        1.0000000000        1.0000000000        7.8719017626        0.0000000000        0.8869204367        0.1064304524        0.3888241044
       55.3061220000        1.0000000000        1.0000000000        7.9203245487        0.0000000000        0.8869204367        0.1064304524        0.3865713023
       55.4081630000        1.0000000000        1.0000000000        8.0120992736        0.0000000000        0.8869204367        0.1064304524        0.3823373623
       55.5102040000        1.0000000000        1.0000000000        8.2572270710        0.0000000000        0.8869204367        0.1064304524        0.3712545814
       55.6122450000        1.0000000000        1.0000000000        8.8808478493        0.0000000000        0.8869204367        0.1064304524        0.3444860296
       55.7142860000        1.0000000000        1.0000000000        9.8245022769        0.0000000000        0.8869204367        0.1064304524        0.3076045427
       55.8163270000        1.0000000000        1.0000000000       10.3291384929        0.0000000000        0.8869204367        0.1064304524        0.2895299251
       55.9183670000        1.0000000000        1.0000000000        9.9778138213        0.0000000000        0.8869204367        0.1064304524        0.3019971621
       56.0204080000        1.0000000000        1.0000000000        9.5051331674        0.0000000000        0.8869204367        0.1064304524        0.3196220803
       56.1224490000        1.0000000000        1.0000000000        9.5400335157        0.0000000000        0.8869204367        0.1064304524        0.3182862888
       56.2244900000        1.0000000000        1.0000000000       10.0755183727        0.0000000000        0.8869204367        0.1064304524        0.2984770586
       56.3265310000        1.0000000000        1.0000000000       11.0679026938        0.0000000000        0.8869204367        0.1064304524        0.2649674414
       56.4285710000        1.0000000000        1.0000000000       12.7497584252        0.0000000000        0.8869204367        0.1064304524        0.2165419446
       56.5306120000        1.0000000000        1.0000000000       15.8569830666        0.0000000000        0.8869204367        0.1064304524        0.1491447500
       56.6326530000        1.0000000000        1.0000000000       23.1219933151        0.0000000000        0.8869204367        0.1064304524        0.0623719766
       56.7346940000        1.0000000000        1.0000000000       47.7243150851        0.0000000000        0.8869204367        0.1064304524        0.0032571008
       56.8367350000        1.0000000000        1.0000000000      139.2645182018        0.0000000000        0.8869204367        0.1064304524        0.0000000552
       56.9387760000        1.0000000000        1.0000000000      380.4250735579        0.0000000000        0.8869204367        0.1064304524        0.0000000000
       57.0408160000        1.0000000000        1.0000000000      710.6586422270        0.0000000000        0.8869204367        0.1064304524        0.0000000000
       57.1428570000        1.0000000000        1.0000000000      816.9085055769        0.0000000000        0.8869204367        0.1064304524        0.0000000000
       57.2448980000        1.0000000000        1.0000000000      571.8026775565        0.0000000000        0.8869204367        0.1064304524        0.0000000000
       57.3469390000        1.0000000000        1.0000000000      262.6211414928        0.0000000000        0.8869204367        0.1064304524        0.0000000000
       57.4489800000        1.0000000000        1.0000000000       99.2277453563        0.0000000000        0.8869204367        0.1064304524        0.0000067408
       57.5510200000        1.0000000000        1.0000000000       45.6201994677        0.0000000000        0.8869204367        0.1064304524        0.0041926431
       57.6530610000        1.0000000000        1.0000000000       29.5053381801        0.0000000000        0.8869204367        0.1064304524        0.0289947476
       57.7551020000        1.0000000000        1.0000000000       22.9635720925        0.0000000000        0.8869204367        0.1064304524        0.0635690444
       57.8571430000        1.0000000000        1.0000000000       19.3790080817        0.0000000000        0.8869204367        0.1064304524        0.0977364245
       57.9591840000        1.0000000000        1.0000000000       17.1026884423        0.0000000000        0.8869204367        0.1064304524        0.1284362492
       58.0612240000        1.0000000000        1.0000000000       15.5406218158        0.0000000000        0.8869204367        0.1064304524        0.1549156323
       58.1632650000        1.0000000000        1.0000000000       14.4126902464        0.0000000000        0.8869204367        0.1064304524        0.1773690250
       58.2653060000        1.0000000000        1.0000000000       13.5684910984        0.0000000000        0.8869204367        0.1064304524        0.1962788490
       58.3673470000        1.0000000000        1.0000000000       12.9219875509        0.0000000000        0.8869204367        0.1064304524        0.2121124955
       58.4693880000        1.0000000000        1.0000000000       12.4259680843        0.0000000000        0.8869204367        0.1064304524        0.2251212417
       58.5714290000        1.0000000000        1.0000000000       12.0796573798        0.0000000000        0.8869204367        0.1064304524        0.2346737833
       58.6734690000        1.0000000000        1.0000000000       12.0485395771        0.0000000000        0.8869204367        0.1064304524        0.2355517253
       58.7755100000        1.0000000000        1.0000000000       13.0358174882        0.0000000000        0.8869204367        0.1064304524        0.2092348239
       58.8775510000        1.0000000000        1.0000000000       16.1498778112        0.0000000000        0.8869204367        0.1064304524        0.1439937566
       58.9795920000        1.0000000000        1.0000000000       20.3556005409        0.0000000000        0.8869204367        0.1064304524        0.0869282629
       59.0816330000        1.0000000000        1.0000000000       21.3362654653        0.0000000000        0.8869204367        0.1064304524        0.0772775451
       59.1836730000        1.0000000000        1.0000000000       17.7074375554        0.0000000000        0.8869204367        0.1064304524        0.1194458072
       59.2857140000        1.0000000000        1.0000000000       13.4823542661        0.0000000000        0.8869204367        0.1064304524        0.1983181912
       59.3877550000        1.0000000000        1.0000000000       11.2909700641        0.0000000000        0.8869204367        0.1064304524        0.2579688578
       59.4897960000        1.0000000000        1.0000000000       10.5343346484        0.0000000000        0.8869204367        0.1064304524        0.2824877315
       59.5918370000        1.0000000000        1.0000000000       10.2504868181        0.0000000000        0.8869204367        0.1064304524        0.2922755030
       59.6938780000        1.0000000000        1.0000000000       10.0870982612        0.0000000000        0.8869204367        0.1064304524        0.2980625869
       59.7959180000        1.0000000000        1.0000000000        9.9648962487        0.0000000000        0.8869204367        0.1064304524        0.3024656536
       59.8979590000        1.0000000000        1.0000000000        9.8645087339        0.0000000000        0.8869204367        0.1064304524        0.3061313416
       60.0000000000        1.0000000000        1.0000000000        9.7785478053        0.0000000000        0.8869204367        0.1064304524        0.3093055250
