       55.0000000000        1.0000000000        1.0000000000        7.8924771228        0.0000000000        0.8869204367        0.1064304524        0.3878652650
       55.1020410000        1.0000000000        1.0000000000        7.9229141651        0.0000000000        0.8869204367        0.1064304524        0.3864511924
       55.2040820000        1.0000000000        1.0000000000        7.9654983721        0.0000000000        0.8869204367        0.1064304524        0.3844814235
       55.3061220000        1.0000000000        1.0000000000        8.0279772737        0.0000000000        0.8869204367        0.1064304524        0.3816095655
       55.4081630000        1.0000000000        1.0000000000        8.1389051047        0.0000000000        0.8869204367        0.1064304524        0.3765634905
       55.5102040000        1.0000000000        1.0000000000        8.4106083785        0.0000000000        0.8869204367        0.1064304524        0.3644838611
       55.6122450000        1.0000000000        1.0000000000        9.0718252478        0.0000000000        0.8869204367        0.1064304524        0.3366811194
       55.7142860000        1.0000000000        1.0000000000       10.0698199642        0.0000000000        0.8869204367        0.1064304524        0.2986812297
       55.8163270000        1.0000000000        1.0000000000       10.6552394676        0.0000000000        0.8869204367        0.1064304524        0.2784188245
       55.9183670000        1.0000000000        1.0000000000       10.4281361139        0.0000000000        0.8869204367        0.1064304524        0.2861107419
       56.0204080000        1.0000000000        1.0000000000       10.1543364072        0.0000000000        0.8869204367        0.1064304524        0.2956673220
       56.1224490000        1.0000000000        1.0000000000       10.5247661945        0.0000000000        0.8869204367        0.1064304524        0.2828122742
       56.2244900000        1.0000000000        1.0000000000       11.6667427778        0.0000000000        0.8869204367        0.1064304524        0.2465947117
       56.3265310000        1.0000000000        1.0000000000       13.8900816068        0.0000000000        0.8869204367        0.1064304524        0.1888485717
       56.4285710000        1.0000000000        1.0000000000       18.7731408176        0.0000000000        0.8869204367        0.1064304524        0.1051069477
       56.5306120000        1.0000000000        1.0000000000       34.0379592655        0.0000000000        0.8869204367        0.1064304524        0.0168306254
       56.6326530000        1.0000000000        1.0000000000       92.5162964285        0.0000000000        0.8869204367        0.1064304524        0.0000150828
       56.7346940000        1.0000000000        1.0000000000      267.4830820373        0.0000000000        0.8869204367        0.1064304524        0.0000000000
       56.8367350000        1.0000000000        1.0000000000      560.8682247033        0.0000000000        0.8869204367        0.1064304524        0.0000000000
       56.9387760000        1.0000000000        1.0000000000      733.8168765031        0.0000000000        0.8869204367        0.1064304524        0.0000000000
       57.0408160000        1.0000000000        1.0000000000      580.4395976866        0.0000000000        0.8869204367        0.1064304524        0.0000000000
       57.1428570000        1.0000000000        1.0000000000      291.9019248269        0.0000000000        0.8869204367        0.1064304524        0.0000000000
       57.2448980000        1.0000000000        1.0000000000      111.7055422782        0.0000000000        0.8869204367        0.1064304524        0.0000015081
       57.3469390000        1.0000000000        1.0000000000       47.6113718396        0.0000000000        0.8869204367        0.1064304524        0.0033015454
       57.4489800000        1.0000000000        1.0000000000       28.9780355509        0.0000000000        0.8869204367        0.1064304524        0.0308887183
       57.5510200000        1.0000000000        1.0000000000       22.1226776913        0.0000000000        0.8869204367        0.1064304524        0.0703184321
       57.6530610000        1.0000000000        1.0000000000       18.5767395789        0.0000000000        0.8869204367        0.1064304524        0.1076135457
       57.7551020000        1.0000000000        1.0000000000       16.3821160817        0.0000000000        0.8869204367        0.1064304524        0.1400362544
       57.8571430000        1.0000000000        1.0000000000       14.8986370100        0.0000000000        0.8869204367        0.1064304524        0.1673217889
       57.9591840000        1.0000000000        1.0000000000       13.8379030303        0.0000000000        0.8869204367        0.1064304524        0.1900347434
       58.0612240000        1.0000000000        1.0000000000       13.0480834419        0.0000000000        0.8869204367        0.1064304524        0.2089270747
       58.1632650000        1.0000000000        1.0000000000       12.4421175205        0.0000000000        0.8869204367        0.1064304524        0.2246853944
       58.2653060000        1.0000000000        1.0000000000       11.9674934985        0.0000000000        0.8869204367        0.1064304524        0.2378537667
       58.3673470000        1.0000000000        1.0000000000       11.5924451616        0.0000000000        0.8869204367        0.1064304524        0.2488031097
       58.4693880000        1.0000000000        1.0000000000       11.3018873124        0.0000000000        0.8869204367        0.1064304524        0.2576311218
       58.5714290000        1.0000000000        1.0000000000       11.1151184487        0.0000000000        0.8869204367        0.1064304524        0.2634704099
       58.6734690000        1.0000000000        1.0000000000       11.2108007471        0.0000000000        0.8869204367        0.1064304524        0.2604625762
       58.7755100000        1.0000000000        1.0000000000       12.3009559206        0.0000000000        0.8869204367        0.1064304524        0.2285238471
       58.8775510000        1.0000000000        1.0000000000       15.4987969772        0.0000000000        0.8869204367        0.1064304524        0.1556951053
       58.9795920000        1.0000000000        1.0000000000       19.7705958226        0.0000000000        0.8869204367        0.1064304524        0.0932499741
       59.0816330000        1.0000000000        1.0000000000       20.8027519230        0.0000000000        0.8869204367        0.1064304524        0.0823867850
       59.1836730000        1.0000000000        1.0000000000       17.2182159469        0.0000000000        0.8869204367        0.1064304524        0.1266679842
       59.2857140000        1.0000000000        1.0000000000       13.0345326225        0.0000000000        0.8869204367        0.1064304524        0.2092670870
       59.3877550000        1.0000000000        1.0000000000       10.8806385602        0.0000000000        0.8869204367        0.1064304524        0.2709891144
       59.4897960000        1.0000000000        1.0000000000       10.1565520708        0.0000000000        0.8869204367        0.1064304524        0.2955887205
       59.5918370000        1.0000000000        1.0000000000        9.9008480101        0.0000000000        0.8869204367        0.1064304524        0.3047992971
       59.6938780000        1.0000000000        1.0000000000        9.7620519242        0.0000000000        0.8869204367        0.1064304524        0.3099184034
       59.7959180000        1.0000000000        1.0000000000        9.6615429062        0.0000000000        0.8869204367        0.1064304524        0.3136789875
       59.8979590000        1.0000000000        1.0000000000        9.5804273603        0.0000000000        0.8869204367        0.1064304524        0.3167472052
       60.0000000000        1.0000000000        1.0000000000        9.5116870115        0.0000000000        0.8869204367        0.1064304524        0.3193708088
