       55.0000000000        1.0000000000        1.0000000000       10.1344619954        0.0000000000        0.8869204367        0.1064304524        0.2963733092
       55.1020410000        1.0000000000        1.0000000000       10.7521680925        0.0000000000        0.8869204367        0.1064304524        0.2751991749
       55.2040820000        1.0000000000        1.0000000000       11.4782858930        0.0000000000        0.8869204367        0.1064304524        0.2522349443
       55.3061220000        1.0000000000        1.0000000000       12.3407692491        0.0000000000        0.8869204367        0.1064304524        0.2274346556
       55.4081630000        1.0000000000        1.0000000000       13.3943058599        0.0000000000        0.8869204367        0.1064304524        0.2004246921
       55.5102040000        1.0000000000        1.0000000000       14.7838606949        0.0000000000        0.8869204367        0.1064304524        0.1696422818
       55.6122450000        1.0000000000        1.0000000000       16.7708129216        0.0000000000        0.8869204367        0.1064304524        0.1336544487
       55.7142860000        1.0000000000        1.0000000000       19.3300629669        0.0000000000        0.8869204367        0.1064304524        0.0983121600
       55.8163270000        1.0000000000        1.0000000000       21.7736801925        0.0000000000        0.8869204367        0.1064304524        0.0733258829
       55.9183670000        1.0000000000        1.0000000000       23.8321232454        0.0000000000        0.8869204367        0.1064304524        0.0572770769
       56.0204080000        1.0000000000        1.0000000000       26.4148912802        0.0000000000        0.8869204367        0.1064304524        0.0420125476
       56.1224490000        1.0000000000        1.0000000000       30.3443976266        0.0000000000        0.8869204367        0.1064304524        0.0262175115
       56.2244900000        1.0000000000        1.0000000000       35.9054338697        0.0000000000        0.8869204367        0.1064304524        0.0134516694
       56.3265310000        1.0000000000        1.0000000000       43.5251620280        0.0000000000        0.8869204367        0.1064304524        0.0053910266
       56.4285710000        1.0000000000        1.0000000000       54.1775424972        0.0000000000        0.8869204367        0.1064304524        0.0015014783
       56.5306120000        1.0000000000        1.0000000000       69.7321924770        0.0000000000        0.8869204367        0.1064304524        0.0002322112
       56.6326530000        1.0000000000        1.0000000000       93.9966144504        0.0000000000        0.8869204367        0.1064304524        0.0000126280
       56.7346940000        1.0000000000        1.0000000000      136.3670635073        0.0000000000        0.8869204367        0.1064304524        0.0000000782
       56.8367350000        1.0000000000        1.0000000000      227.0162945666        0.0000000000        0.8869204367        0.1064304524        0.0000000000
       56.9387760000        1.0000000000        1.0000000000      470.9360939105        0.0000000000        0.8869204367        0.1064304524        0.0000000000
       57.0408160000        1.0000000000        1.0000000000     1121.8236252073        0.0000000000        0.8869204367        0.1064304524        0.0000000000
       57.1428570000        1.0000000000        1.0000000000     2336.8679430953        0.0000000000        0.8869204367        0.1064304524        0.0000000000
       57.2448980000        1.0000000000        1.0000000000     3444.5562734606        0.0000000000        0.8869204367        0.1064304524        0.0000000000
       57.3469390000        1.0000000000        1.0000000000     3287.1810133490        0.0000000000        0.8869204367        0.1064304524        0.0000000000
       57.4489800000        1.0000000000        1.0000000000     2036.8131650375        0.0000000000        0.8869204367        0.1064304524        0.0000000000
       57.5510200000        1.0000000000        1.0000000000      927.5729103487        0.0000000000        0.8869204367        0.1064304524        0.0000000000
       57.6530610000        1.0000000000        1.0000000000      507.7688065757        0.0000000000        0.8869204367        0.1064304524        0.0000000000
       57.7551020000        1.0000000000        1.0000000000      738.2227642827        0.0000000000        0.8869204367        0.1064304524        0.0000000000
       57.8571430000        1.0000000000        1.0000000000     1678.0268027778        0.0000000000        0.8869204367        0.1064304524        0.0000000000
       57.9591840000        1.0000000000        1.0000000000     3023.6991899799        0.0000000000        0.8869204367        0.1064304524        0.0000000000
       58.0612240000        1.0000000000        1.0000000000     3603.7287840214        0.0000000000        0.8869204367        0.1064304524        0.0000000000
       58.1632650000        1.0000000000        1.0000000000     2796.8539307272        0.0000000000        0.8869204367        0.1064304524        0.0000000000
       58.2653060000        1.0000000000        1.0000000000     1525.3642814371        0.0000000000        0.8869204367        0.1064304524        0.0000000000
       58.3673470000        1.0000000000        1.0000000000      706.9722230348        0.0000000000        0.8869204367        0.1064304524        0.0000000000
       58.4693880000        1.0000000000        1.0000000000      362.6877209585        0.0000000000        0.8869204367        0.1064304524        0.0000000000
       58.5714290000        1.0000000000        1.0000000000      229.6308710208        0.0000000000        0.8869204367        0.1064304524        0.0000000000
       58.6734690000        1.0000000000        1.0000000000      167.6774633625        0.0000000000        0.8869204367        0.1064304524        0.0000000018
       58.7755100000        1.0000000000        1.0000000000      132.8748771155        0.0000000000        0.8869204367        0.1064304524        0.0000001189
       58.8775510000        1.0000000000        1.0000000000      112.5894251085        0.0000000000        0.8869204367        0.1064304524        0.0000013563
       58.9795920000        1.0000000000        1.0000000000      100.5832386031        0.0000000000        0.8869204367        0.1064304524        0.0000057289
       59.0816330000        1.0000000000        1.0000000000       89.9085098171        0.0000000000        0.8869204367        0.1064304524        0.0000206247
       59.1836730000        1.0000000000        1.0000000000       77.3733184925        0.0000000000        0.8869204367        0.1064304524        0.0000928247
       59.2857140000        1.0000000000        1.0000000000       65.9229991100        0.0000000000        0.8869204367        0.1064304524        0.0003667758
       59.3877550000        1.0000000000        1.0000000000       57.7903796985        0.0000000000        0.8869204367        0.1064304524        0.0009732734
       59.4897960000        1.0000000000        1.0000000000       52.1599624085        0.0000000000        0.8869204367        0.1064304524        0.0019127840
       59.5918370000        1.0000000000        1.0000000000       47.8405730808        0.0000000000        0.8869204367        0.1064304524        0.0032119766
       59.6938780000        1.0000000000        1.0000000000       44.2867711775        0.0000000000        0.8869204367        0.1064304524        0.0049201683
       59.7959180000        1.0000000000        1.0000000000       41.2790193979        0.0000000000        0.8869204367        0.1064304524        0.0070587851
       59.8979590000        1.0000000000        1.0000000000       38.6961946220        0.0000000000        0.8869204367        0.1064304524        0.0096235375
       60.0000000000        1.0000000000        1.0000000000       36.4549578586        0.0000000000        0.8869204367        0.1064304524        0.0125932422
