       55.0000000000        1.0000000000        1.0000000000        7.4438394052        0.0000000000        0.8869204367        0.1064304524        0.4093188965
       55.1020410000        1.0000000000        1.0000000000        7.6333997703        0.0000000000        0.8869204367        0.1064304524        0.4001131198
       55.2040820000        1.0000000000        1.0000000000        7.8609315728        0.0000000000        0.8869204367        0.1064304524        0.3893362983
       55.3061220000        1.0000000000        1.0000000000        8.1387081591        0.0000000000        0.8869204367        0.1064304524        0.3765723901
       55.4081630000        1.0000000000        1.0000000000        8.5008786866        0.0000000000        0.8869204367        0.1064304524        0.3605569202
       55.5102040000        1.0000000000        1.0000000000        9.0659234450        0.0000000000        0.8869204367        0.1064304524        0.3369196470
       55.6122450000        1.0000000000        1.0000000000       10.0646536077        0.0000000000        0.8869204367        0.1064304524        0.2988664584
       55.7142860000        1.0000000000        1.0000000000       11.4375650287        0.0000000000        0.8869204367        0.1064304524        0.2534705076
       55.8163270000        1.0000000000        1.0000000000       12.4356522138        0.0000000000        0.8869204367        0.1064304524        0.2248597812
       55.9183670000        1.0000000000        1.0000000000       12.6792799792        0.0000000000        0.8869204367        0.1064304524        0.2183810956
       56.0204080000        1.0000000000        1.0000000000       12.9351246916        0.0000000000        0.8869204367        0.1064304524        0.2117783727
       56.1224490000        1.0000000000        1.0000000000       13.8395782822        0.0000000000        0.8869204367        0.1064304524        0.1899965445
       56.2244900000        1.0000000000        1.0000000000       15.3850171435        0.0000000000        0.8869204367        0.1064304524        0.1578354795
       56.3265310000        1.0000000000        1.0000000000       17.5073638796        0.0000000000        0.8869204367        0.1064304524        0.1223482655
       56.4285710000        1.0000000000        1.0000000000       20.3293728947        0.0000000000        0.8869204367        0.1064304524        0.0872022847
       56.5306120000        1.0000000000        1.0000000000       24.1325528979        0.0000000000        0.8869204367        0.1064304524        0.0552489277
       56.6326530000        1.0000000000        1.0000000000       29.3873398611        0.0000000000        0.8869204367        0.1064304524        0.0294082279
       56.7346940000        1.0000000000        1.0000000000       36.8901313260        0.0000000000        0.8869204367        0.1064304524        0.0119524887
       56.8367350000        1.0000000000        1.0000000000       48.0758549499        0.0000000000        0.8869204367        0.1064304524        0.0031225585
       56.9387760000        1.0000000000        1.0000000000       65.7903287375        0.0000000000        0.8869204367        0.1064304524        0.0003726617
       57.0408160000        1.0000000000        1.0000000000       96.6420202069        0.0000000000        0.8869204367        0.1064304524        0.0000091932
       57.1428570000        1.0000000000        1.0000000000      160.0980173243        0.0000000000        0.8869204367        0.1064304524        0.0000000045
       57.2448980000        1.0000000000        1.0000000000      325.1488318915        0.0000000000        0.8869204367        0.1064304524        0.0000000000
       57.3469390000        1.0000000000        1.0000000000      802.3157551124        0.0000000000        0.8869204367        0.1064304524        0.0000000000
       57.4489800000        1.0000000000        1.0000000000     1914.9995694630        0.0000000000        0.8869204367        0.1064304524        0.0000000000
       57.5510200000        1.0000000000        1.0000000000     3461.7331675320        0.0000000000        0.8869204367        0.1064304524        0.0000000000
       57.6530610000        1.0000000000        1.0000000000     4181.1248979014        0.0000000000        0.8869204367        0.1064304524        0.0000000000
       57.7551020000        1.0000000000        1.0000000000     3288.5997765339        0.0000000000        0.8869204367        0.1064304524        0.0000000000
       57.8571430000        1.0000000000        1.0000000000     1781.1312178450        0.0000000000        0.8869204367        0.1064304524        0.0000000000
       57.9591840000        1.0000000000        1.0000000000      781.2992572106        0.0000000000        0.8869204367        0.1064304524        0.0000000000
       58.0612240000        1.0000000000        1.0000000000      362.1460569171        0.0000000000        0.8869204367        0.1064304524        0.0000000000
       58.1632650000        1.0000000000        1.0000000000      208.7055776128        0.0000000000        0.8869204367        0.1064304524        0.0000000000
       58.2653060000        1.0000000000        1.0000000000      142.7699836245        0.0000000000        0.8869204367        0.1064304524        0.0000000363
       58.3673470000        1.0000000000        1.0000000000      107.2555522468        0.0000000000        0.8869204367        0.1064304524        0.0000025724
       58.4693880000        1.0000000000        1.0000000000       85.2134419336        0.0000000000        0.8869204367        0.1064304524        0.0000362304
       58.5714290000        1.0000000000        1.0000000000       70.4048582106        0.0000000000        0.8869204367        0.1064304524        0.0002142037
       58.6734690000        1.0000000000        1.0000000000       60.1013193118        0.0000000000        0.8869204367        0.1064304524        0.0007375635
       58.7755100000        1.0000000000        1.0000000000       53.4716085040        0.0000000000        0.8869204367        0.1064304524        0.0016342145
       58.8775510000        1.0000000000        1.0000000000       50.7842825589        0.0000000000        0.8869204367        0.1064304524        0.0022561084
       58.9795920000        1.0000000000        1.0000000000       50.5694417339        0.0000000000        0.8869204367        0.1064304524        0.0023150291
       59.0816330000        1.0000000000        1.0000000000       48.1645362849        0.0000000000        0.8869204367        0.1064304524        0.0030895051
       59.1836730000        1.0000000000        1.0000000000       41.7685023873        0.0000000000        0.8869204367        0.1064304524        0.0066561084
       59.2857140000        1.0000000000        1.0000000000       35.1350011500        0.0000000000        0.8869204367        0.1064304524        0.0147546036
       59.3877550000        1.0000000000        1.0000000000       30.8608703291        0.0000000000        0.8869204367        0.1064304524        0.0246419639
       59.4897960000        1.0000000000        1.0000000000       28.3388519916        0.0000000000        0.8869204367        0.1064304524        0.0333511762
       59.5918370000        1.0000000000        1.0000000000       26.5554572542        0.0000000000        0.8869204367        0.1064304524        0.0413098268
       59.6938780000        1.0000000000        1.0000000000       25.1037167582        0.0000000000        0.8869204367        0.1064304524        0.0491712581
       59.7959180000        1.0000000000        1.0000000000       23.8630553678        0.0000000000        0.8869204367        0.1064304524        0.0570648668
       59.8979590000        1.0000000000        1.0000000000       22.7834769774        0.0000000000        0.8869204367        0.1064304524        0.0649578139
       60.0000000000        1.0000000000        1.0000000000       21.8341128105        0.0000000000        0.8869204367        0.1064304524        0.0727960534
