       55.0000000000        1.0000000000        1.0000000000       16.4909755020        0.0000000000        0.8869204367        0.1064304524        0.1382188390
       55.1020410000        1.0000000000        1.0000000000       18.4683747774        0.0000000000        0.8869204367        0.1064304524        0.1090220664
       55.2040820000        1.0000000000        1.0000000000       20.9272185267        0.0000000000        0.8869204367        0.1064304524        0.0811654006
       55.3061220000        1.0000000000        1.0000000000       24.0279915204        0.0000000000        0.8869204367        0.1064304524        0.0559465235
       55.4081630000        1.0000000000        1.0000000000       28.0190330309        0.0000000000        0.8869204367        0.1064304524        0.0346560154
       55.5102040000        1.0000000000        1.0000000000       33.3339330262        0.0000000000        0.8869204367        0.1064304524        0.0183143209
       55.6122450000        1.0000000000        1.0000000000       40.6716877322        0.0000000000        0.8869204367        0.1064304524        0.0075924380
       55.7142860000        1.0000000000        1.0000000000       50.6968846459        0.0000000000        0.8869204367        0.1064304524        0.0022798944
       55.8163270000        1.0000000000        1.0000000000       63.9142301482        0.0000000000        0.8869204367        0.1064304524        0.0004667543
       55.9183670000        1.0000000000        1.0000000000       82.2122296955        0.0000000000        0.8869204367        0.1064304524        0.0000519376
       56.0204080000        1.0000000000        1.0000000000      110.6574526250        0.0000000000        0.8869204367        0.1064304524        0.0000017102
       56.1224490000        1.0000000000        1.0000000000      159.2933203008        0.0000000000        0.8869204367        0.1064304524        0.0000000050
       56.2244900000        1.0000000000        1.0000000000      252.9462597500        0.0000000000        0.8869204367        0.1064304524        0.0000000000
       56.3265310000        1.0000000000        1.0000000000      470.2499620358        0.0000000000        0.8869204367        0.1064304524        0.0000000000
       56.4285710000        1.0000000000        1.0000000000     1044.6161960343        0.0000000000        0.8869204367        0.1064304524        0.0000000000
       56.5306120000        1.0000000000        1.0000000000     2382.7913967333        0.0000000000        0.8869204367        0.1064304524        0.0000000000
       56.6326530000        1.0000000000        1.0000000000     4428.5635883208        0.0000000000        0.8869204367        0.1064304524        0.0000000000
       56.7346940000        1.0000000000        1.0000000000     5769.5431961795        0.0000000000        0.8869204367        0.1064304524        0.0000000000
       56.8367350000        1.0000000000        1.0000000000     5025.7611484985        0.0000000000        0.8869204367        0.1064304524        0.0000000000
       56.9387760000        1.0000000000        1.0000000000     3036.7739086071        0.0000000000        0.8869204367        0.1064304524        0.0000000000
       57.0408160000        1.0000000000        1.0000000000     1452.7726587908        0.0000000000        0.8869204367        0.1064304524        0.0000000000
       57.1428570000        1.0000000000        1.0000000000      690.9009010422        0.0000000000        0.8869204367        0.1064304524        0.0000000000
       57.2448980000        1.0000000000        1.0000000000      388.7455298837        0.0000000000        0.8869204367        0.1064304524        0.0000000000
       57.3469390000        1.0000000000        1.0000000000      257.7670447968        0.0000000000        0.8869204367        0.1064304524        0.0000000000
       57.4489800000        1.0000000000        1.0000000000      188.6665851942        0.0000000000        0.8869204367        0.1064304524        0.0000000001
       57.5510200000        1.0000000000        1.0000000000      146.5721904222        0.0000000000        0.8869204367        0.1064304524        0.0000000230
       57.6530610000        1.0000000000        1.0000000000      118.6146838663        0.0000000000        0.8869204367        0.1064304524        0.0000006582
       57.7551020000        1.0000000000        1.0000000000       98.9405760140        0.0000000000        0.8869204367        0.1064304524        0.0000069772
       57.8571430000        1.0000000000        1.0000000000       84.4905063383        0.0000000000        0.8869204367        0.1064304524        0.0000395138
       57.9591840000        1.0000000000        1.0000000000       73.5185337619        0.0000000000        0.8869204367        0.1064304524        0.0001474201
       58.0612240000        1.0000000000        1.0000000000       64.9624144682        0.0000000000        0.8869204367        0.1064304524        0.0004115872
       58.1632650000        1.0000000000        1.0000000000       58.1425738487        0.0000000000        0.8869204367        0.1064304524        0.0009329967
       58.2653060000        1.0000000000        1.0000000000       52.6070782906        0.0000000000        0.8869204367        0.1064304524        0.0018128603
       58.3673470000        1.0000000000        1.0000000000       48.0460865525        0.0000000000        0.8869204367        0.1064304524        0.0031337328
       58.4693880000        1.0000000000        1.0000000000       44.2451675254        0.0000000000        0.8869204367        0.1064304524        0.0049447934
       58.5714290000        1.0000000000        1.0000000000       41.0757909753        0.0000000000        0.8869204367        0.1064304524        0.0072330468
       58.6734690000        1.0000000000        1.0000000000       38.6018287808        0.0000000000        0.8869204367        0.1064304524        0.0097331329
       58.7755100000        1.0000000000        1.0000000000       37.4496736797        0.0000000000        0.8869204367        0.1064304524        0.0111762885
       58.8775510000        1.0000000000        1.0000000000       38.7083864830        0.0000000000        0.8869204367        0.1064304524        0.0096094684
       58.9795920000        1.0000000000        1.0000000000       41.3908852499        0.0000000000        0.8869204367        0.1064304524        0.0069646618
       59.0816330000        1.0000000000        1.0000000000       41.1483812771        0.0000000000        0.8869204367        0.1064304524        0.0071703146
       59.1836730000        1.0000000000        1.0000000000       36.4067633429        0.0000000000        0.8869204367        0.1064304524        0.0126662842
       59.2857140000        1.0000000000        1.0000000000       31.0705048544        0.0000000000        0.8869204367        0.1064304524        0.0240297993
       59.3877550000        1.0000000000        1.0000000000       27.8229804560        0.0000000000        0.8869204367        0.1064304524        0.0354810100
       59.4897960000        1.0000000000        1.0000000000       26.1154934279        0.0000000000        0.8869204367        0.1064304524        0.0435494062
       59.5918370000        1.0000000000        1.0000000000       24.9823664297        0.0000000000        0.8869204367        0.1064304524        0.0498925308
       59.6938780000        1.0000000000        1.0000000000       24.0537653736        0.0000000000        0.8869204367        0.1064304524        0.0557737559
       59.7959180000        1.0000000000        1.0000000000       23.2368170871        0.0000000000        0.8869204367        0.1064304524        0.0615184561
       59.8979590000        1.0000000000        1.0000000000       22.5023150838        0.0000000000        0.8869204367        0.1064304524        0.0671868450
       60.0000000000        1.0000000000        1.0000000000       21.8352219242        0.0000000000        0.8869204367        0.1064304524        0.0727863653
