       55.0000000000        1.0000000000        1.0000000000        7.8460282889        0.0000000000        0.8869204367        0.1064304524        0.3900332080
       55.1020410000        1.0000000000        1.0000000000        8.0638447397        0.0000000000        0.8869204367        0.1064304524        0.3799706110
       55.2040820000        1.0000000000        1.0000000000        8.3376147471        0.0000000000        0.8869204367        0.1064304524        0.3676904844
       55.3061220000        1.0000000000        1.0000000000        8.6874721007        0.0000000000        0.8869204367        0.1064304524        0.3525733293
       55.4081630000        1.0000000000        1.0000000000        9.1590126972        0.0000000000        0.8869204367        0.1064304524        0.3331769584
       55.5102040000        1.0000000000        1.0000000000        9.8877305212        0.0000000000        0.8869204367        0.1064304524        0.3052794591
       55.6122450000        1.0000000000        1.0000000000       11.1308301500        0.0000000000        0.8869204367        0.1064304524        0.2629741296
       55.7142860000        1.0000000000        1.0000000000       12.8703008422        0.0000000000        0.8869204367        0.1064304524        0.2134321915
       55.8163270000        1.0000000000        1.0000000000       14.4206338805        0.0000000000        0.8869204367        0.1064304524        0.1772000310
       55.9183670000        1.0000000000        1.0000000000       15.5010705678        0.0000000000        0.8869204367        0.1064304524        0.1556526327
       56.0204080000        1.0000000000        1.0000000000       17.0496257251        0.0000000000        0.8869204367        0.1064304524        0.1292566796
       56.1224490000        1.0000000000        1.0000000000       20.0156903978        0.0000000000        0.8869204367        0.1064304524        0.0905473059
       56.2244900000        1.0000000000        1.0000000000       24.9790916237        0.0000000000        0.8869204367        0.1064304524        0.0499121412
       56.3265310000        1.0000000000        1.0000000000       33.0924685920        0.0000000000        0.8869204367        0.1064304524        0.0188527548
       56.4285710000        1.0000000000        1.0000000000       47.4406648054        0.0000000000        0.8869204367        0.1064304524        0.0033698745
       56.5306120000        1.0000000000        1.0000000000       77.9816619673        0.0000000000        0.8869204367        0.1064304524        0.0000862898
       56.6326530000        1.0000000000        1.0000000000      165.1519110166        0.0000000000        0.8869204367        0.1064304524        0.0000000025
       56.7346940000        1.0000000000        1.0000000000      448.2569391803        0.0000000000        0.8869204367        0.1064304524        0.0000000000
       56.8367350000        1.0000000000        1.0000000000     1163.3283584921        0.0000000000        0.8869204367        0.1064304524        0.0000000000
       56.9387760000        1.0000000000        1.0000000000     2183.5458809988        0.0000000000        0.8869204367        0.1064304524        0.0000000000
       57.0408160000        1.0000000000        1.0000000000     2631.9154432079        0.0000000000        0.8869204367        0.1064304524        0.0000000000
       57.1428570000        1.0000000000        1.0000000000     1993.6893825375        0.0000000000        0.8869204367        0.1064304524        0.0000000000
       57.2448980000        1.0000000000        1.0000000000     1008.8684954907        0.0000000000        0.8869204367        0.1064304524        0.0000000000
       57.3469390000        1.0000000000        1.0000000000      408.8045431522        0.0000000000        0.8869204367        0.1064304524        0.0000000000
       57.4489800000        1.0000000000        1.0000000000      181.5725614141        0.0000000000        0.8869204367        0.1064304524        0.0000000003
       57.5510200000        1.0000000000        1.0000000000      105.5768365793        0.0000000000        0.8869204367        0.1064304524        0.0000031465
       57.6530610000        1.0000000000        1.0000000000       74.0846397167        0.0000000000        0.8869204367        0.1064304524        0.0001377381
       57.7551020000        1.0000000000        1.0000000000       57.1232706615        0.0000000000        0.8869204367        0.1064304524        0.0010543904
       57.8571430000        1.0000000000        1.0000000000       46.5268037701        0.0000000000        0.8869204367        0.1064304524        0.0037604507
       57.9591840000        1.0000000000        1.0000000000       39.3448636483        0.0000000000        0.8869204367        0.1064304524        0.0089028517
       58.0612240000        1.0000000000        1.0000000000       34.2059443812        0.0000000000        0.8869204367        0.1064304524        0.0164947468
       58.1632650000        1.0000000000        1.0000000000       30.3784174381        0.0000000000        0.8869204367        0.1064304524        0.0261106999
       58.2653060000        1.0000000000        1.0000000000       27.4385083399        0.0000000000        0.8869204367        0.1064304524        0.0371563349
       58.3673470000        1.0000000000        1.0000000000       25.1265216582        0.0000000000        0.8869204367        0.1064304524        0.0490368806
       58.4693880000        1.0000000000        1.0000000000       23.2801281609        0.0000000000        0.8869204367        0.1064304524        0.0611995539
       58.5714290000        1.0000000000        1.0000000000       21.8189717719        0.0000000000        0.8869204367        0.1064304524        0.0729284385
       58.6734690000        1.0000000000        1.0000000000       20.8507948079        0.0000000000        0.8869204367        0.1064304524        0.0819131797
       58.7755100000        1.0000000000        1.0000000000       21.0376119174        0.0000000000        0.8869204367        0.1064304524        0.0800972762
       58.8775510000        1.0000000000        1.0000000000       23.4724234122        0.0000000000        0.8869204367        0.1064304524        0.0598035169
       58.9795920000        1.0000000000        1.0000000000       27.1320509628        0.0000000000        0.8869204367        0.1064304524        0.0385481906
       59.0816330000        1.0000000000        1.0000000000       27.6833504033        0.0000000000        0.8869204367        0.1064304524        0.0360805244
       59.1836730000        1.0000000000        1.0000000000       23.6690786478        0.0000000000        0.8869204367        0.1064304524        0.0584087578
       59.2857140000        1.0000000000        1.0000000000       19.0613491739        0.0000000000        0.8869204367        0.1064304524        0.1015339655
       59.3877550000        1.0000000000        1.0000000000       16.5091397450        0.0000000000        0.8869204367        0.1064304524        0.1379178902
       59.4897960000        1.0000000000        1.0000000000       15.4311354107        0.0000000000        0.8869204367        0.1064304524        0.1569644003
       59.5918370000        1.0000000000        1.0000000000       14.8632797084        0.0000000000        0.8869204367        0.1064304524        0.1680332227
       59.6938780000        1.0000000000        1.0000000000       14.4463540571        0.0000000000        0.8869204367        0.1064304524        0.1766539602
       59.7959180000        1.0000000000        1.0000000000       14.0958144187        0.0000000000        0.8869204367        0.1064304524        0.1842433704
       59.8979590000        1.0000000000        1.0000000000       13.7885087702        0.0000000000        0.8869204367        0.1064304524        0.1911644833
       60.0000000000        1.0000000000        1.0000000000       13.5141397199        0.0000000000        0.8869204367        0.1064304524        0.1975631959
