       55.0000000000        1.0000000000        1.0000000000       14.8005125537        0.0000000000        0.8869204367        0.1064304524        0.1693036372
       55.1020410000        1.0000000000        1.0000000000       15.9464281525        0.0000000000        0.8869204367        0.1064304524        0.1475524788
       55.2040820000        1.0000000000        1.0000000000       17.2696773151        0.0000000000        0.8869204367        0.1064304524        0.1258881735
       55.3061220000        1.0000000000        1.0000000000       18.8097138749        0.0000000000        0.8869204367        0.1064304524        0.1046466685
       55.4081630000        1.0000000000        1.0000000000       20.6352438940        0.0000000000        0.8869204367        0.1064304524        0.0840595950
       55.5102040000        1.0000000000        1.0000000000       22.9076481594        0.0000000000        0.8869204367        0.1064304524        0.0639970827
       55.6122450000        1.0000000000        1.0000000000       25.9037415869        0.0000000000        0.8869204367        0.1064304524        0.0446701855
       55.7142860000        1.0000000000        1.0000000000       29.6102118151        0.0000000000        0.8869204367        0.1064304524        0.0286321399
       55.8163270000        1.0000000000        1.0000000000       33.3631103249        0.0000000000        0.8869204367        0.1064304524        0.0182503095
       55.9183670000        1.0000000000        1.0000000000       36.9406563055        0.0000000000        0.8869204367        0.1064304524        0.0118802401
       56.0204080000        1.0000000000        1.0000000000       41.2940223911        0.0000000000        0.8869204367        0.1064304524        0.0070460882
       56.1224490000        1.0000000000        1.0000000000       47.2634657590        0.0000000000        0.8869204367        0.1064304524        0.0034422984
       56.2244900000        1.0000000000        1.0000000000       55.1354336216        0.0000000000        0.8869204367        0.1064304524        0.0013384380
       56.3265310000        1.0000000000        1.0000000000       65.2971410994        0.0000000000        0.8869204367        0.1064304524        0.0003953825
       56.4285710000        1.0000000000        1.0000000000       78.5530745483        0.0000000000        0.8869204367        0.1064304524        0.0000805712
       56.5306120000        1.0000000000        1.0000000000       96.2476883662        0.0000000000        0.8869204367        0.1064304524        0.0000096387
       56.6326530000        1.0000000000        1.0000000000      120.5952223644        0.0000000000        0.8869204367        0.1064304524        0.0000005190
       56.7346940000        1.0000000000        1.0000000000      155.4544492650        0.0000000000        0.8869204367        0.1064304524        0.0000000079
       56.8367350000        1.0000000000        1.0000000000      208.2015079463        0.0000000000        0.8869204367        0.1064304524        0.0000000000
       56.9387760000        1.0000000000        1.0000000000      295.2190578697        0.0000000000        0.8869204367        0.1064304524        0.0000000000
       57.0408160000        1.0000000000        1.0000000000      460.9389370733        0.0000000000        0.8869204367        0.1064304524        0.0000000000
       57.1428570000        1.0000000000        1.0000000000      836.3266329615        0.0000000000        0.8869204367        0.1064304524        0.0000000000
       57.2448980000        1.0000000000        1.0000000000     1707.4005950932        0.0000000000        0.8869204367        0.1064304524        0.0000000000
       57.3469390000        1.0000000000        1.0000000000     3240.5393054214        0.0000000000        0.8869204367        0.1064304524        0.0000000000
       57.4489800000        1.0000000000        1.0000000000     4724.6571814953        0.0000000000        0.8869204367        0.1064304524        0.0000000000
       57.5510200000        1.0000000000        1.0000000000     5066.2640355901        0.0000000000        0.8869204367        0.1064304524        0.0000000000
       57.6530610000        1.0000000000        1.0000000000     4835.9433191118        0.0000000000        0.8869204367        0.1064304524        0.0000000000
       57.7551020000        1.0000000000        1.0000000000     5188.6436327646        0.0000000000        0.8869204367        0.1064304524        0.0000000000
       57.8571430000        1.0000000000        1.0000000000     5246.2751220088        0.0000000000        0.8869204367        0.1064304524        0.0000000000
       57.9591840000        1.0000000000        1.0000000000     3996.9162371545        0.0000000000        0.8869204367        0.1064304524        0.0000000000
       58.0612240000        1.0000000000        1.0000000000     2317.7042593512        0.0000000000        0.8869204367        0.1064304524        0.0000000000
       58.1632650000        1.0000000000        1.0000000000     1209.5350997799        0.0000000000        0.8869204367        0.1064304524        0.0000000000
       58.2653060000        1.0000000000        1.0000000000      690.0412111569        0.0000000000        0.8869204367        0.1064304524        0.0000000000
       58.3673470000        1.0000000000        1.0000000000      456.0280633243        0.0000000000        0.8869204367        0.1064304524        0.0000000000
       58.4693880000        1.0000000000        1.0000000000      333.7984906540        0.0000000000        0.8869204367        0.1064304524        0.0000000000
       58.5714290000        1.0000000000        1.0000000000      259.6016247994        0.0000000000        0.8869204367        0.1064304524        0.0000000000
       58.6734690000        1.0000000000        1.0000000000      210.2539414010        0.0000000000        0.8869204367        0.1064304524        0.0000000000
       58.7755100000        1.0000000000        1.0000000000      176.2170187343        0.0000000000        0.8869204367        0.1064304524        0.0000000007
       58.8775510000        1.0000000000        1.0000000000      153.4424553845        0.0000000000        0.8869204367        0.1064304524        0.0000000101
       58.9795920000        1.0000000000        1.0000000000      138.1847233585        0.0000000000        0.8869204367        0.1064304524        0.0000000629
       59.0816330000        1.0000000000        1.0000000000      124.3176022334        0.0000000000        0.8869204367        0.1064304524        0.0000003320
       59.1836730000        1.0000000000        1.0000000000      108.7983918618        0.0000000000        0.8869204367        0.1064304524        0.0000021376
       59.2857140000        1.0000000000        1.0000000000       94.5711969507        0.0000000000        0.8869204367        0.1064304524        0.0000117866
       59.3877550000        1.0000000000        1.0000000000       83.9235434856        0.0000000000        0.8869204367        0.1064304524        0.0000422957
       59.4897960000        1.0000000000        1.0000000000       76.0709149611        0.0000000000        0.8869204367        0.1064304524        0.0001085272
       59.5918370000        1.0000000000        1.0000000000       69.7999846877        0.0000000000        0.8869204367        0.1064304524        0.0002303298
       59.6938780000        1.0000000000        1.0000000000       64.5280349571        0.0000000000        0.8869204367        0.1064304524        0.0004336104
       59.7959180000        1.0000000000        1.0000000000       60.0018197243        0.0000000000        0.8869204367        0.1064304524        0.0007464228
       59.8979590000        1.0000000000        1.0000000000       56.0718138485        0.0000000000        0.8869204367        0.1064304524        0.0011961853
       60.0000000000        1.0000000000        1.0000000000       52.6307838606        0.0000000000        0.8869204367        0.1064304524        0.0018077107
