       55.0000000000        1.0000000000        1.0000000000        7.5549224485        0.0000000000        0.8869204367        0.1064304524        0.4038988944
       55.1020410000        1.0000000000        1.0000000000        7.5790214349        0.0000000000        0.8869204367        0.1064304524        0.4027325552
       55.2040820000        1.0000000000        1.0000000000        7.6133377546        0.0000000000        0.8869204367        0.1064304524        0.4010775293
       55.3061220000        1.0000000000        1.0000000000        7.6646448382        0.0000000000        0.8869204367        0.1064304524        0.3986157413
       55.4081630000        1.0000000000        1.0000000000        7.7600218531        0.0000000000        0.8869204367        0.1064304524        0.3940794965
       55.5102040000        1.0000000000        1.0000000000        8.0094436302        0.0000000000        0.8869204367        0.1064304524        0.3824592239
       55.6122450000        1.0000000000        1.0000000000        8.6373882408        0.0000000000        0.8869204367        0.1064304524        0.3546986977
       55.7142860000        1.0000000000        1.0000000000        9.5835023686        0.0000000000        0.8869204367        0.1064304524        0.3166303467
       55.8163270000        1.0000000000        1.0000000000       10.0872403364        0.0000000000        0.8869204367        0.1064304524        0.2980575053
       55.9183670000        1.0000000000        1.0000000000        9.7319557791        0.0000000000        0.8869204367        0.1064304524        0.3110397089
       56.0204080000        1.0000000000        1.0000000000        9.2500073663        0.0000000000        0.8869204367        0.1064304524        0.3295586698
       56.1224490000        1.0000000000        1.0000000000        9.2617167588        0.0000000000        0.8869204367        0.1064304524        0.3290959231
       56.2244900000        1.0000000000        1.0000000000        9.7436454656        0.0000000000        0.8869204367        0.1064304524        0.3106037000
       56.3265310000        1.0000000000        1.0000000000       10.6184575788        0.0000000000        0.8869204367        0.1064304524        0.2796504330
       56.4285710000        1.0000000000        1.0000000000       12.0375445785        0.0000000000        0.8869204367        0.1064304524        0.2358627173
       56.5306120000        1.0000000000        1.0000000000       14.4821430423        0.0000000000        0.8869204367        0.1064304524        0.1758969151
       56.6326530000        1.0000000000        1.0000000000       19.4538348923        0.0000000000        0.8869204367        0.1064304524        0.0968627562
       56.7346940000        1.0000000000        1.0000000000       33.6360141410        0.0000000000        0.8869204367        0.1064304524        0.0176623204
       56.8367350000        1.0000000000        1.0000000000       86.5404357727        0.0000000000        0.8869204367        0.1064304524        0.0000308970
       56.9387760000        1.0000000000        1.0000000000      253.4949825399        0.0000000000        0.8869204367        0.1064304524        0.0000000000
       57.0408160000        1.0000000000        1.0000000000      564.8256670827        0.0000000000        0.8869204367        0.1064304524        0.0000000000
       57.1428570000        1.0000000000        1.0000000000      798.5842571778        0.0000000000        0.8869204367        0.1064304524        0.0000000000
       57.2448980000        1.0000000000        1.0000000000      683.4002893140        0.0000000000        0.8869204367        0.1064304524        0.0000000000
       57.3469390000        1.0000000000        1.0000000000      366.6007155827        0.0000000000        0.8869204367        0.1064304524        0.0000000000
       57.4489800000        1.0000000000        1.0000000000      144.1422901485        0.0000000000        0.8869204367        0.1064304524        0.0000000308
       57.5510200000        1.0000000000        1.0000000000       63.0537440692        0.0000000000        0.8869204367        0.1064304524        0.0005175268
       57.6530610000        1.0000000000        1.0000000000       52.5036741761        0.0000000000        0.8869204367        0.1064304524        0.0018354953
       57.7551020000        1.0000000000        1.0000000000       97.9268416867        0.0000000000        0.8869204367        0.1064304524        0.0000078797
       57.8571430000        1.0000000000        1.0000000000      245.0187123530        0.0000000000        0.8869204367        0.1064304524        0.0000000000
       57.9591840000        1.0000000000        1.0000000000      472.4436437433        0.0000000000        0.8869204367        0.1064304524        0.0000000000
       58.0612240000        1.0000000000        1.0000000000      579.1333788075        0.0000000000        0.8869204367        0.1064304524        0.0000000000
       58.1632650000        1.0000000000        1.0000000000      437.3453484883        0.0000000000        0.8869204367        0.1064304524        0.0000000000
       58.2653060000        1.0000000000        1.0000000000      217.1766170618        0.0000000000        0.8869204367        0.1064304524        0.0000000000
       58.3673470000        1.0000000000        1.0000000000       87.8062630264        0.0000000000        0.8869204367        0.1064304524        0.0000265428
       58.4693880000        1.0000000000        1.0000000000       42.3663407451        0.0000000000        0.8869204367        0.1064304524        0.0061953214
       58.5714290000        1.0000000000        1.0000000000       28.5505913077        0.0000000000        0.8869204367        0.1064304524        0.0325144408
       58.6734690000        1.0000000000        1.0000000000       23.2811176638        0.0000000000        0.8869204367        0.1064304524        0.0611922874
       58.7755100000        1.0000000000        1.0000000000       21.4579914091        0.0000000000        0.8869204367        0.1064304524        0.0761569475
       58.8775510000        1.0000000000        1.0000000000       22.8004277014        0.0000000000        0.8869204367        0.1064304524        0.0648258183
       58.9795920000        1.0000000000        1.0000000000       25.8156063429        0.0000000000        0.8869204367        0.1064304524        0.0451451348
       59.0816330000        1.0000000000        1.0000000000       25.9649525298        0.0000000000        0.8869204367        0.1064304524        0.0443432711
       59.1836730000        1.0000000000        1.0000000000       21.7108349987        0.0000000000        0.8869204367        0.1064304524        0.0738809548
       59.2857140000        1.0000000000        1.0000000000       16.9795000930        0.0000000000        0.8869204367        0.1064304524        0.1303489738
       59.3877550000        1.0000000000        1.0000000000       14.3738301640        0.0000000000        0.8869204367        0.1064304524        0.1781980655
       59.4897960000        1.0000000000        1.0000000000       13.2810695138        0.0000000000        0.8869204367        0.1064304524        0.2031667230
       59.5918370000        1.0000000000        1.0000000000       12.7220999895        0.0000000000        0.8869204367        0.1064304524        0.2172618439
       59.6938780000        1.0000000000        1.0000000000       12.3297765653        0.0000000000        0.8869204367        0.1064304524        0.2277348677
       59.7959180000        1.0000000000        1.0000000000       12.0142609345        0.0000000000        0.8869204367        0.1064304524        0.2365226481
       59.8979590000        1.0000000000        1.0000000000       11.7486729152        0.0000000000        0.8869204367        0.1064304524        0.2441821661
       60.0000000000        1.0000000000        1.0000000000       11.5201059997        0.0000000000        0.8869204367        0.1064304524        0.2509722961
