       55.0000000000        1.0000000000        1.0000000000        6.5253786635        0.0000000000        0.8869204367        0.1064304524        0.4570120871
       55.1020410000        1.0000000000        1.0000000000        6.5509746366        0.0000000000        0.8869204367        0.1064304524        0.4556105204
       55.2040820000        1.0000000000        1.0000000000        6.5842845724        0.0000000000        0.8869204367        0.1064304524        0.4537929925
       55.3061220000        1.0000000000        1.0000000000        6.6308024449        0.0000000000        0.8869204367        0.1064304524        0.4512669113
       55.4081630000        1.0000000000        1.0000000000        6.7158996827        0.0000000000        0.8869204367        0.1064304524        0.4466821720
       55.5102040000        1.0000000000        1.0000000000        6.9469669617        0.0000000000        0.8869204367        0.1064304524        0.4344666746
       55.6122450000        1.0000000000        1.0000000000        7.5428507353        0.0000000000        0.8869204367        0.1064304524        0.4044844085
       55.7142860000        1.0000000000        1.0000000000        8.4322007053        0.0000000000        0.8869204367        0.1064304524        0.3635406770
       55.8163270000        1.0000000000        1.0000000000        8.8437181195        0.0000000000        0.8869204367        0.1064304524        0.3460243349
       55.9183670000        1.0000000000        1.0000000000        8.3549917100        0.0000000000        0.8869204367        0.1064304524        0.3669245620
       56.0204080000        1.0000000000        1.0000000000        7.6818404431        0.0000000000        0.8869204367        0.1064304524        0.3977940567
       56.1224490000        1.0000000000        1.0000000000        7.4043399677        0.0000000000        0.8869204367        0.1064304524        0.4112636458
       56.2244900000        1.0000000000        1.0000000000        7.4336715830        0.0000000000        0.8869204367        0.1064304524        0.4098186272
       56.3265310000        1.0000000000        1.0000000000        7.5810033355        0.0000000000        0.8869204367        0.1064304524        0.4026367854
       56.4285710000        1.0000000000        1.0000000000        7.7812405593        0.0000000000        0.8869204367        0.1064304524        0.3930773500
       56.5306120000        1.0000000000        1.0000000000        8.0261153406        0.0000000000        0.8869204367        0.1064304524        0.3816948388
       56.6326530000        1.0000000000        1.0000000000        8.3205407552        0.0000000000        0.8869204367        0.1064304524        0.3684446100
       56.7346940000        1.0000000000        1.0000000000        8.6736428249        0.0000000000        0.8869204367        0.1064304524        0.3531589151
       56.8367350000        1.0000000000        1.0000000000        9.0978601456        0.0000000000        0.8869204367        0.1064304524        0.3356309058
       56.9387760000        1.0000000000        1.0000000000        9.6094954360        0.0000000000        0.8869204367        0.1064304524        0.3156442621
       57.0408160000        1.0000000000        1.0000000000       10.2298523337        0.0000000000        0.8869204367        0.1064304524        0.2930001142
       57.1428570000        1.0000000000        1.0000000000       10.9870128718        0.0000000000        0.8869204367        0.1064304524        0.2675519450
       57.2448980000        1.0000000000        1.0000000000       11.9183994751        0.0000000000        0.8869204367        0.1064304524        0.2392591662
       57.3469390000        1.0000000000        1.0000000000       13.0746797456        0.0000000000        0.8869204367        0.1064304524        0.2082613350
       57.4489800000        1.0000000000        1.0000000000       14.5256756134        0.0000000000        0.8869204367        0.1064304524        0.1749804416
       57.5510200000        1.0000000000        1.0000000000       16.3695898493        0.0000000000        0.8869204367        0.1064304524        0.1402469079
       57.6530610000        1.0000000000        1.0000000000       18.7479896001        0.0000000000        0.8869204367        0.1064304524        0.1054246550
       57.7551020000        1.0000000000        1.0000000000       21.8706210435        0.0000000000        0.8869204367        0.1064304524        0.0724778323
       57.8571430000        1.0000000000        1.0000000000       26.0589711852        0.0000000000        0.8869204367        0.1064304524        0.0438457914
       57.9591840000        1.0000000000        1.0000000000       31.8262165386        0.0000000000        0.8869204367        0.1064304524        0.0219465356
       58.0612240000        1.0000000000        1.0000000000       40.0339747512        0.0000000000        0.8869204367        0.1064304524        0.0081962629
       58.1632650000        1.0000000000        1.0000000000       52.2283290349        0.0000000000        0.8869204367        0.1064304524        0.0018971558
       58.2653060000        1.0000000000        1.0000000000       71.4614480585        0.0000000000        0.8869204367        0.1064304524        0.0001886959
       58.3673470000        1.0000000000        1.0000000000      104.7666615747        0.0000000000        0.8869204367        0.1064304524        0.0000034678
       58.4693880000        1.0000000000        1.0000000000      172.4894481970        0.0000000000        0.8869204367        0.1064304524        0.0000000010
       58.5714290000        1.0000000000        1.0000000000      344.6135208291        0.0000000000        0.8869204367        0.1064304524        0.0000000000
       58.6734690000        1.0000000000        1.0000000000      829.2751875152        0.0000000000        0.8869204367        0.1064304524        0.0000000000
       58.7755100000        1.0000000000        1.0000000000     1946.1397111138        0.0000000000        0.8869204367        0.1064304524        0.0000000000
       58.8775510000        1.0000000000        1.0000000000     3521.0749495993        0.0000000000        0.8869204367        0.1064304524        0.0000000000
       58.9795920000        1.0000000000        1.0000000000     4332.7165402303        0.0000000000        0.8869204367        0.1064304524        0.0000000000
       59.0816330000        1.0000000000        1.0000000000     3522.1419640586        0.0000000000        0.8869204367        0.1064304524        0.0000000000
       59.1836730000        1.0000000000        1.0000000000     1984.1973585519        0.0000000000        0.8869204367        0.1064304524        0.0000000000
       59.2857140000        1.0000000000        1.0000000000      899.1653811853        0.0000000000        0.8869204367        0.1064304524        0.0000000000
       59.3877550000        1.0000000000        1.0000000000      418.4013850245        0.0000000000        0.8869204367        0.1064304524        0.0000000000
       59.4897960000        1.0000000000        1.0000000000      237.3722277563        0.0000000000        0.8869204367        0.1064304524        0.0000000000
       59.5918370000        1.0000000000        1.0000000000      160.1065972392        0.0000000000        0.8869204367        0.1064304524        0.0000000045
       59.6938780000        1.0000000000        1.0000000000      119.2280811701        0.0000000000        0.8869204367        0.1064304524        0.0000006115
       59.7959180000        1.0000000000        1.0000000000       94.1491799156        0.0000000000        0.8869204367        0.1064304524        0.0000123989
       59.8979590000        1.0000000000        1.0000000000       77.3562372287        0.0000000000        0.8869204367        0.1064304524        0.0000930151
       60.0000000000        1.0000000000        1.0000000000       65.4480658971        0.0000000000        0.8869204367        0.1064304524        0.0003882862
