       55.0000000000        1.0000000000        1.0000000000        6.8197876147        0.0000000000        0.8869204367        0.1064304524        0.4411481523
       55.1020410000        1.0000000000        1.0000000000        6.8347458405        0.0000000000        0.8869204367        0.1064304524        0.4403570073
       55.2040820000        1.0000000000        1.0000000000        6.8566573568        0.0000000000        0.8869204367        0.1064304524        0.4392006614
       55.3061220000        1.0000000000        1.0000000000        6.8909851066        0.0000000000        0.8869204367        0.1064304524        0.4373951702
       55.4081630000        1.0000000000        1.0000000000        6.9630212018        0.0000000000        0.8869204367        0.1064304524        0.4336304765
       55.5102040000        1.0000000000        1.0000000000        7.1801178938        0.0000000000        0.8869204367        0.1064304524        0.4224795874
       55.6122450000        1.0000000000        1.0000000000        7.7619052471        0.0000000000        0.8869204367        0.1064304524        0.3939904417
       55.7142860000        1.0000000000        1.0000000000        8.6393833592        0.0000000000        0.8869204367        0.1064304524        0.3546137879
       55.8163270000        1.0000000000        1.0000000000        9.0422243059        0.0000000000        0.8869204367        0.1064304524        0.3378791754
       55.9183670000        1.0000000000        1.0000000000        8.5448327916        0.0000000000        0.8869204367        0.1064304524        0.3586601720
       56.0204080000        1.0000000000        1.0000000000        7.8612432710        0.0000000000        0.8869204367        0.1064304524        0.3893217359
       56.1224490000        1.0000000000        1.0000000000        7.5741909698        0.0000000000        0.8869204367        0.1064304524        0.4029660691
       56.2244900000        1.0000000000        1.0000000000        7.5979400319        0.0000000000        0.8869204367        0.1064304524        0.4018192960
       56.3265310000        1.0000000000        1.0000000000        7.7458344897        0.0000000000        0.8869204367        0.1064304524        0.3947509818
       56.4285710000        1.0000000000        1.0000000000        7.9553428012        0.0000000000        0.8869204367        0.1064304524        0.3849502645
       56.5306120000        1.0000000000        1.0000000000        8.2219777129        0.0000000000        0.8869204367        0.1064304524        0.3728282856
       56.6326530000        1.0000000000        1.0000000000        8.5561742185        0.0000000000        0.8869204367        0.1064304524        0.3581723778
       56.7346940000        1.0000000000        1.0000000000        8.9750872768        0.0000000000        0.8869204367        0.1064304524        0.3406122746
       56.8367350000        1.0000000000        1.0000000000        9.5029237181        0.0000000000        0.8869204367        0.1064304524        0.3197068342
       56.9387760000        1.0000000000        1.0000000000       10.1734679076        0.0000000000        0.8869204367        0.1064304524        0.2949893134
       57.0408160000        1.0000000000        1.0000000000       11.0344356071        0.0000000000        0.8869204367        0.1064304524        0.2660337036
       57.1428570000        1.0000000000        1.0000000000       12.1546600032        0.0000000000        0.8869204367        0.1064304524        0.2325711218
       57.2448980000        1.0000000000        1.0000000000       13.6359993534        0.0000000000        0.8869204367        0.1064304524        0.1946952190
       57.3469390000        1.0000000000        1.0000000000       15.6341394033        0.0000000000        0.8869204367        0.1064304524        0.1531868703
       57.4489800000        1.0000000000        1.0000000000       18.3964894938        0.0000000000        0.8869204367        0.1064304524        0.1099665842
       57.5510200000        1.0000000000        1.0000000000       22.3356941308        0.0000000000        0.8869204367        0.1064304524        0.0685437333
       57.6530610000        1.0000000000        1.0000000000       28.1842614916        0.0000000000        0.8869204367        0.1064304524        0.0339756435
       57.7551020000        1.0000000000        1.0000000000       37.3581747977        0.0000000000        0.8869204367        0.1064304524        0.0112996788
       57.8571430000        1.0000000000        1.0000000000       53.0123070181        0.0000000000        0.8869204367        0.1064304524        0.0017268146
       57.9591840000        1.0000000000        1.0000000000       84.2232819758        0.0000000000        0.8869204367        0.1064304524        0.0000408014
       58.0612240000        1.0000000000        1.0000000000      165.1356514560        0.0000000000        0.8869204367        0.1064304524        0.0000000025
       58.1632650000        1.0000000000        1.0000000000      417.9201960872        0.0000000000        0.8869204367        0.1064304524        0.0000000000
       58.2653060000        1.0000000000        1.0000000000     1098.5369999038        0.0000000000        0.8869204367        0.1064304524        0.0000000000
       58.3673470000        1.0000000000        1.0000000000     2243.3922987014        0.0000000000        0.8869204367        0.1064304524        0.0000000000
       58.4693880000        1.0000000000        1.0000000000     3060.2833482082        0.0000000000        0.8869204367        0.1064304524        0.0000000000
       58.5714290000        1.0000000000        1.0000000000     2666.9574691352        0.0000000000        0.8869204367        0.1064304524        0.0000000000
       58.6734690000        1.0000000000        1.0000000000     1535.0311504332        0.0000000000        0.8869204367        0.1064304524        0.0000000000
       58.7755100000        1.0000000000        1.0000000000      665.5549908437        0.0000000000        0.8869204367        0.1064304524        0.0000000000
       58.8775510000        1.0000000000        1.0000000000      287.3418903483        0.0000000000        0.8869204367        0.1064304524        0.0000000000
       58.9795920000        1.0000000000        1.0000000000      160.7271972321        0.0000000000        0.8869204367        0.1064304524        0.0000000042
       59.0816330000        1.0000000000        1.0000000000      111.6502719387        0.0000000000        0.8869204367        0.1064304524        0.0000015181
       59.1836730000        1.0000000000        1.0000000000       82.9515981476        0.0000000000        0.8869204367        0.1064304524        0.0000475280
       59.2857140000        1.0000000000        1.0000000000       63.5110548890        0.0000000000        0.8869204367        0.1064304524        0.0004898915
       59.3877550000        1.0000000000        1.0000000000       51.1514574643        0.0000000000        0.8869204367        0.1064304524        0.0021588602
       59.4897960000        1.0000000000        1.0000000000       43.2471469958        0.0000000000        0.8869204367        0.1064304524        0.0055739148
       59.5918370000        1.0000000000        1.0000000000       37.7347774798        0.0000000000        0.8869204367        0.1064304524        0.0108003872
       59.6938780000        1.0000000000        1.0000000000       33.6128222481        0.0000000000        0.8869204367        0.1064304524        0.0177115436
       59.7959180000        1.0000000000        1.0000000000       30.4081837579        0.0000000000        0.8869204367        0.1064304524        0.0260175999
       59.8979590000        1.0000000000        1.0000000000       27.8524041690        0.0000000000        0.8869204367        0.1064304524        0.0353559530
       60.0000000000        1.0000000000        1.0000000000       25.7735263773        0.0000000000        0.8869204367        0.1064304524        0.0453736760
