       55.0000000000        1.0000000000        1.0000000000        7.7133011624        0.0000000000        0.8869204367        0.1064304524        0.3962951015
       55.1020410000        1.0000000000        1.0000000000        7.9585969937        0.0000000000        0.8869204367        0.1064304524        0.3847999696
       55.2040820000        1.0000000000        1.0000000000        8.2435207834        0.0000000000        0.8869204367        0.1064304524        0.3718657065
       55.3061220000        1.0000000000        1.0000000000        8.5794598756        0.0000000000        0.8869204367        0.1064304524        0.3571729413
       55.4081630000        1.0000000000        1.0000000000        8.9992779978        0.0000000000        0.8869204367        0.1064304524        0.3396249496
       55.5102040000        1.0000000000        1.0000000000        9.6193857754        0.0000000000        0.8869204367        0.1064304524        0.3152698649
       55.6122450000        1.0000000000        1.0000000000       10.6660673284        0.0000000000        0.8869204367        0.1064304524        0.2780572978
       55.7142860000        1.0000000000        1.0000000000       12.0711533987        0.0000000000        0.8869204367        0.1064304524        0.2349133849
       55.8163270000        1.0000000000        1.0000000000       13.0771680854        0.0000000000        0.8869204367        0.1064304524        0.2081991573
       55.9183670000        1.0000000000        1.0000000000       13.2996815885        0.0000000000        0.8869204367        0.1064304524        0.2027134668
       56.0204080000        1.0000000000        1.0000000000       13.4926233353        0.0000000000        0.8869204367        0.1064304524        0.1980739565
       56.1224490000        1.0000000000        1.0000000000       14.2634604839        0.0000000000        0.8869204367        0.1064304524        0.1805738835
       56.2244900000        1.0000000000        1.0000000000       15.5618391990        0.0000000000        0.8869204367        0.1064304524        0.1545217055
       56.3265310000        1.0000000000        1.0000000000       17.2603364840        0.0000000000        0.8869204367        0.1064304524        0.1260293607
       56.4285710000        1.0000000000        1.0000000000       19.3801280105        0.0000000000        0.8869204367        0.1064304524        0.0977232904
       56.5306120000        1.0000000000        1.0000000000       22.0328841726        0.0000000000        0.8869204367        0.1064304524        0.0710802257
       56.6326530000        1.0000000000        1.0000000000       25.3944874142        0.0000000000        0.8869204367        0.1064304524        0.0474851385
       56.7346940000        1.0000000000        1.0000000000       29.7253881873        0.0000000000        0.8869204367        0.1064304524        0.0282391326
       56.8367350000        1.0000000000        1.0000000000       35.4203645225        0.0000000000        0.8869204367        0.1064304524        0.0142579057
       56.9387760000        1.0000000000        1.0000000000       43.1021121252        0.0000000000        0.8869204367        0.1064304524        0.0056717733
       57.0408160000        1.0000000000        1.0000000000       53.8054966004        0.0000000000        0.8869204367        0.1064304524        0.0015700315
       57.1428570000        1.0000000000        1.0000000000       69.3772147176        0.0000000000        0.8869204367        0.1064304524        0.0002423165
       57.2448980000        1.0000000000        1.0000000000       93.4903814658        0.0000000000        0.8869204367        0.1064304524        0.0000134189
       57.3469390000        1.0000000000        1.0000000000      134.9856094179        0.0000000000        0.8869204367        0.1064304524        0.0000000923
       57.4489800000        1.0000000000        1.0000000000      221.5118365277        0.0000000000        0.8869204367        0.1064304524        0.0000000000
       57.5510200000        1.0000000000        1.0000000000      447.9112511419        0.0000000000        0.8869204367        0.1064304524        0.0000000000
       57.6530610000        1.0000000000        1.0000000000     1043.3390657162        0.0000000000        0.8869204367        0.1064304524        0.0000000000
       57.7551020000        1.0000000000        1.0000000000     2154.4178471594        0.0000000000        0.8869204367        0.1064304524        0.0000000000
       57.8571430000        1.0000000000        1.0000000000     3187.1136389949        0.0000000000        0.8869204367        0.1064304524        0.0000000000
       57.9591840000        1.0000000000        1.0000000000     3137.2713073140        0.0000000000        0.8869204367        0.1064304524        0.0000000000
       58.0612240000        1.0000000000        1.0000000000     2349.3836836953        0.0000000000        0.8869204367        0.1064304524        0.0000000000
       58.1632650000        1.0000000000        1.0000000000     2245.7758146596        0.0000000000        0.8869204367        0.1064304524        0.0000000000
       58.2653060000        1.0000000000        1.0000000000     3040.7708050290        0.0000000000        0.8869204367        0.1064304524        0.0000000000
       58.3673470000        1.0000000000        1.0000000000     3391.4942514595        0.0000000000        0.8869204367        0.1064304524        0.0000000000
       58.4693880000        1.0000000000        1.0000000000     2561.3284799621        0.0000000000        0.8869204367        0.1064304524        0.0000000000
       58.5714290000        1.0000000000        1.0000000000     1383.5682950448        0.0000000000        0.8869204367        0.1064304524        0.0000000000
       58.6734690000        1.0000000000        1.0000000000      651.2067337548        0.0000000000        0.8869204367        0.1064304524        0.0000000000
       58.7755100000        1.0000000000        1.0000000000      345.8374213601        0.0000000000        0.8869204367        0.1064304524        0.0000000000
       58.8775510000        1.0000000000        1.0000000000      227.4225526572        0.0000000000        0.8869204367        0.1064304524        0.0000000000
       58.9795920000        1.0000000000        1.0000000000      173.1422900304        0.0000000000        0.8869204367        0.1064304524        0.0000000009
       59.0816330000        1.0000000000        1.0000000000      139.9812033527        0.0000000000        0.8869204367        0.1064304524        0.0000000507
       59.1836730000        1.0000000000        1.0000000000      113.8018650661        0.0000000000        0.8869204367        0.1064304524        0.0000011727
       59.2857140000        1.0000000000        1.0000000000       93.3534717618        0.0000000000        0.8869204367        0.1064304524        0.0000136412
       59.3877550000        1.0000000000        1.0000000000       78.9732482347        0.0000000000        0.8869204367        0.1064304524        0.0000766095
       59.4897960000        1.0000000000        1.0000000000       68.8647135627        0.0000000000        0.8869204367        0.1064304524        0.0002576868
       59.5918370000        1.0000000000        1.0000000000       61.2466717642        0.0000000000        0.8869204367        0.1064304524        0.0006428491
       59.6938780000        1.0000000000        1.0000000000       55.2024932551        0.0000000000        0.8869204367        0.1064304524        0.0013277106
       59.7959180000        1.0000000000        1.0000000000       50.2748518265        0.0000000000        0.8869204367        0.1064304524        0.0023983310
       59.8979590000        1.0000000000        1.0000000000       46.1857387878        0.0000000000        0.8869204367        0.1064304524        0.0039175507
       60.0000000000        1.0000000000        1.0000000000       42.7449882910        0.0000000000        0.8869204367        0.1064304524        0.0059201198
