       55.0000000000        1.0000000000        1.0000000000        9.3379496196        0.0000000000        0.8869204367        0.1064304524        0.3260991006
       55.1020410000        1.0000000000        1.0000000000        9.9371448227        0.0000000000        0.8869204367        0.1064304524        0.3034745950
       55.2040820000        1.0000000000        1.0000000000       10.6891226432        0.0000000000        0.8869204367        0.1064304524        0.2772890771
       55.3061220000        1.0000000000        1.0000000000       11.6464722926        0.0000000000        0.8869204367        0.1064304524        0.2471952732
       55.4081630000        1.0000000000        1.0000000000       12.9016772979        0.0000000000        0.8869204367        0.1064304524        0.2126300930
       55.5102040000        1.0000000000        1.0000000000       14.6589070283        0.0000000000        0.8869204367        0.1064304524        0.1722051391
       55.6122450000        1.0000000000        1.0000000000       17.2756102939        0.0000000000        0.8869204367        0.1064304524        0.1257985784
       55.7142860000        1.0000000000        1.0000000000       20.8857057588        0.0000000000        0.8869204367        0.1064304524        0.0815707374
       55.8163270000        1.0000000000        1.0000000000       25.0684457539        0.0000000000        0.8869204367        0.1064304524        0.0493798175
       55.9183670000        1.0000000000        1.0000000000       30.0216663918        0.0000000000        0.8869204367        0.1064304524        0.0272527739
       56.0204080000        1.0000000000        1.0000000000       37.5534568714        0.0000000000        0.8869204367        0.1064304524        0.0110379624
       56.1224490000        1.0000000000        1.0000000000       50.3784067779        0.0000000000        0.8869204367        0.1064304524        0.0023687123
       56.2244900000        1.0000000000        1.0000000000       73.3247037943        0.0000000000        0.8869204367        0.1064304524        0.0001508892
       56.3265310000        1.0000000000        1.0000000000      121.1675386844        0.0000000000        0.8869204367        0.1064304524        0.0000004845
       56.4285710000        1.0000000000        1.0000000000      250.6065513752        0.0000000000        0.8869204367        0.1064304524        0.0000000000
       56.5306120000        1.0000000000        1.0000000000      646.7444252360        0.0000000000        0.8869204367        0.1064304524        0.0000000000
       56.6326530000        1.0000000000        1.0000000000     1611.9110781011        0.0000000000        0.8869204367        0.1064304524        0.0000000000
       56.7346940000        1.0000000000        1.0000000000     2973.7605684103        0.0000000000        0.8869204367        0.1064304524        0.0000000000
       56.8367350000        1.0000000000        1.0000000000     3591.0323152766        0.0000000000        0.8869204367        0.1064304524        0.0000000000
       56.9387760000        1.0000000000        1.0000000000     2769.3992422648        0.0000000000        0.8869204367        0.1064304524        0.0000000000
       57.0408160000        1.0000000000        1.0000000000     1447.8173188991        0.0000000000        0.8869204367        0.1064304524        0.0000000000
       57.1428570000        1.0000000000        1.0000000000      610.6401335134        0.0000000000        0.8869204367        0.1064304524        0.0000000000
       57.2448980000        1.0000000000        1.0000000000      277.5429656875        0.0000000000        0.8869204367        0.1064304524        0.0000000000
       57.3469390000        1.0000000000        1.0000000000      160.5654008466        0.0000000000        0.8869204367        0.1064304524        0.0000000043
       57.4489800000        1.0000000000        1.0000000000      110.9447190515        0.0000000000        0.8869204367        0.1064304524        0.0000016523
       57.5510200000        1.0000000000        1.0000000000       84.1500256589        0.0000000000        0.8869204367        0.1064304524        0.0000411617
       57.6530610000        1.0000000000        1.0000000000       67.4477014158        0.0000000000        0.8869204367        0.1064304524        0.0003054501
       57.7551020000        1.0000000000        1.0000000000       56.1570994369        0.0000000000        0.8869204367        0.1064304524        0.0011840057
       57.8571430000        1.0000000000        1.0000000000       48.0978341958        0.0000000000        0.8869204367        0.1064304524        0.0031143335
       57.9591840000        1.0000000000        1.0000000000       42.1075518796        0.0000000000        0.8869204367        0.1064304524        0.0063907335
       58.0612240000        1.0000000000        1.0000000000       37.5125805748        0.0000000000        0.8869204367        0.1064304524        0.0110922383
       58.1632650000        1.0000000000        1.0000000000       33.8978534489        0.0000000000        0.8869204367        0.1064304524        0.0171159857
       58.2653060000        1.0000000000        1.0000000000       30.9957346532        0.0000000000        0.8869204367        0.1064304524        0.0242463750
       58.3673470000        1.0000000000        1.0000000000       28.6279891994        0.0000000000        0.8869204367        0.1064304524        0.0322138529
       58.4693880000        1.0000000000        1.0000000000       26.6764285119        0.0000000000        0.8869204367        0.1064304524        0.0407144822
       58.5714290000        1.0000000000        1.0000000000       25.0850079059        0.0000000000        0.8869204367        0.1064304524        0.0492817747
       58.6734690000        1.0000000000        1.0000000000       23.9745255582        0.0000000000        0.8869204367        0.1064304524        0.0563066256
       58.7755100000        1.0000000000        1.0000000000       24.0144621618        0.0000000000        0.8869204367        0.1064304524        0.0560374277
       58.8775510000        1.0000000000        1.0000000000       26.3079178708        0.0000000000        0.8869204367        0.1064304524        0.0425553310
       58.9795920000        1.0000000000        1.0000000000       29.8478939282        0.0000000000        0.8869204367        0.1064304524        0.0278270344
       59.0816330000        1.0000000000        1.0000000000       30.3029736436        0.0000000000        0.8869204367        0.1064304524        0.0263481600
       59.1836730000        1.0000000000        1.0000000000       26.1925414532        0.0000000000        0.8869204367        0.1064304524        0.0431486143
       59.2857140000        1.0000000000        1.0000000000       21.4762046647        0.0000000000        0.8869204367        0.1064304524        0.0759906814
       59.3877550000        1.0000000000        1.0000000000       18.8135712945        0.0000000000        0.8869204367        0.1064304524        0.1045982398
       59.4897960000        1.0000000000        1.0000000000       17.6327750828        0.0000000000        0.8869204367        0.1064304524        0.1205207900
       59.5918370000        1.0000000000        1.0000000000       16.9707479690        0.0000000000        0.8869204367        0.1064304524        0.1304859454
       59.6938780000        1.0000000000        1.0000000000       16.4668846944        0.0000000000        0.8869204367        0.1064304524        0.1386189935
       59.7959180000        1.0000000000        1.0000000000       16.0355792180        0.0000000000        0.8869204367        0.1064304524        0.1459823571
       59.8979590000        1.0000000000        1.0000000000       15.6529793104        0.0000000000        0.8869204367        0.1064304524        0.1528409383
       60.0000000000        1.0000000000        1.0000000000       15.3082585889        0.0000000000        0.8869204367        0.1064304524        0.1592960226
