       55.0000000000        1.0000000000        1.0000000000        7.4178269027        0.0000000000        0.8869204367        0.1064304524        0.4105985818
       55.1020410000        1.0000000000        1.0000000000        7.4203498848        0.0000000000        0.8869204367        0.1064304524        0.4104742887
       55.2040820000        1.0000000000        1.0000000000        7.4274430586        0.0000000000        0.8869204367        0.1064304524        0.4101250495
       55.3061220000        1.0000000000        1.0000000000        7.4441498135        0.0000000000        0.8869204367        0.1064304524        0.4093036501
       55.4081630000        1.0000000000        1.0000000000        7.4951633975        0.0000000000        0.8869204367        0.1064304524        0.4068056981
       55.5102040000        1.0000000000        1.0000000000        7.6871815670        0.0000000000        0.8869204367        0.1064304524        0.3975391783
       55.6122450000        1.0000000000        1.0000000000        8.2404300355        0.0000000000        0.8869204367        0.1064304524        0.3720036532
       55.7142860000        1.0000000000        1.0000000000        9.0890214183        0.0000000000        0.8869204367        0.1064304524        0.3359870807
       55.8163270000        1.0000000000        1.0000000000        9.4631645239        0.0000000000        0.8869204367        0.1064304524        0.3212358332
       55.9183670000        1.0000000000        1.0000000000        8.9303356228        0.0000000000        0.8869204367        0.1064304524        0.3424463504
       56.0204080000        1.0000000000        1.0000000000        8.1995453099        0.0000000000        0.8869204367        0.1064304524        0.3738332498
       56.1224490000        1.0000000000        1.0000000000        7.8555808229        0.0000000000        0.8869204367        0.1064304524        0.3895863675
       56.2244900000        1.0000000000        1.0000000000        7.8148542395        0.0000000000        0.8869204367        0.1064304524        0.3914950103
       56.3265310000        1.0000000000        1.0000000000        7.8903864149        0.0000000000        0.8869204367        0.1064304524        0.3879625868
       56.4285710000        1.0000000000        1.0000000000        8.0187841849        0.0000000000        0.8869204367        0.1064304524        0.3820307783
       56.5306120000        1.0000000000        1.0000000000        8.1952231045        0.0000000000        0.8869204367        0.1064304524        0.3740271942
       56.6326530000        1.0000000000        1.0000000000        8.4307801616        0.0000000000        0.8869204367        0.1064304524        0.3636026533
       56.7346940000        1.0000000000        1.0000000000        8.7450049567        0.0000000000        0.8869204367        0.1064304524        0.3501475665
       56.8367350000        1.0000000000        1.0000000000        9.1678192743        0.0000000000        0.8869204367        0.1064304524        0.3328250465
       56.9387760000        1.0000000000        1.0000000000        9.7451288225        0.0000000000        0.8869204367        0.1064304524        0.3105484166
       57.0408160000        1.0000000000        1.0000000000       10.5494070225        0.0000000000        0.8869204367        0.1064304524        0.2819772619
       57.1428570000        1.0000000000        1.0000000000       11.7000365028        0.0000000000        0.8869204367        0.1064304524        0.2456114704
       57.2448980000        1.0000000000        1.0000000000       13.4048127194        0.0000000000        0.8869204367        0.1064304524        0.2001721513
       57.3469390000        1.0000000000        1.0000000000       16.0538935776        0.0000000000        0.8869204367        0.1064304524        0.1456618806
       57.4489800000        1.0000000000        1.0000000000       20.4728345466        0.0000000000        0.8869204367        0.1064304524        0.0857139109
       57.5510200000        1.0000000000        1.0000000000       28.8524176160        0.0000000000        0.8869204367        0.1064304524        0.0313578666
       57.6530610000        1.0000000000        1.0000000000       49.3988107173        0.0000000000        0.8869204367        0.1064304524        0.0026641845
       57.7551020000        1.0000000000        1.0000000000      117.7064258762        0.0000000000        0.8869204367        0.1064304524        0.0000007340
       57.8571430000        1.0000000000        1.0000000000      343.4627668514        0.0000000000        0.8869204367        0.1064304524        0.0000000000
       57.9591840000        1.0000000000        1.0000000000      849.6020721765        0.0000000000        0.8869204367        0.1064304524        0.0000000000
       58.0612240000        1.0000000000        1.0000000000     1417.8956675352        0.0000000000        0.8869204367        0.1064304524        0.0000000000
       58.1632650000        1.0000000000        1.0000000000     1474.3899551650        0.0000000000        0.8869204367        0.1064304524        0.0000000000
       58.2653060000        1.0000000000        1.0000000000      959.6353142276        0.0000000000        0.8869204367        0.1064304524        0.0000000000
       58.3673470000        1.0000000000        1.0000000000      428.0200350908        0.0000000000        0.8869204367        0.1064304524        0.0000000000
       58.4693880000        1.0000000000        1.0000000000      166.0422122332        0.0000000000        0.8869204367        0.1064304524        0.0000000022
       58.5714290000        1.0000000000        1.0000000000       79.1324268863        0.0000000000        0.8869204367        0.1064304524        0.0000751600
       58.6734690000        1.0000000000        1.0000000000       50.9026793851        0.0000000000        0.8869204367        0.1064304524        0.0022242811
       58.7755100000        1.0000000000        1.0000000000       39.6049397587        0.0000000000        0.8869204367        0.1064304524        0.0086292924
       58.8775510000        1.0000000000        1.0000000000       35.8420785727        0.0000000000        0.8869204367        0.1064304524        0.0135543272
       58.9795920000        1.0000000000        1.0000000000       35.7237708173        0.0000000000        0.8869204367        0.1064304524        0.0137481295
       59.0816330000        1.0000000000        1.0000000000       33.8136469745        0.0000000000        0.8869204367        0.1064304524        0.0172898157
       59.1836730000        1.0000000000        1.0000000000       28.1094475022        0.0000000000        0.8869204367        0.1064304524        0.0342820392
       59.2857140000        1.0000000000        1.0000000000       22.2889906705        0.0000000000        0.8869204367        0.1064304524        0.0689289593
       59.3877550000        1.0000000000        1.0000000000       18.8441384795        0.0000000000        0.8869204367        0.1064304524        0.1042152698
       59.4897960000        1.0000000000        1.0000000000       17.0998366632        0.0000000000        0.8869204367        0.1064304524        0.1284802093
       59.5918370000        1.0000000000        1.0000000000       16.0273150681        0.0000000000        0.8869204367        0.1064304524        0.1461271993
       59.6938780000        1.0000000000        1.0000000000       15.2225892836        0.0000000000        0.8869204367        0.1064304524        0.1609420826
       59.7959180000        1.0000000000        1.0000000000       14.5703932720        0.0000000000        0.8869204367        0.1064304524        0.1740439905
       59.8979590000        1.0000000000        1.0000000000       14.0261089479        0.0000000000        0.8869204367        0.1064304524        0.1857909664
       60.0000000000        1.0000000000        1.0000000000       13.5640926183        0.0000000000        0.8869204367        0.1064304524        0.1963824758
