       55.0000000000        1.0000000000        1.0000000000        7.3583449849        0.0000000000        0.8869204367        0.1064304524        0.4135398494
       55.1020410000        1.0000000000        1.0000000000        7.4129496269        0.0000000000        0.8869204367        0.1064304524        0.4108389645
       55.2040820000        1.0000000000        1.0000000000        7.4844876828        0.0000000000        0.8869204367        0.1064304524        0.4073271851
       55.3061220000        1.0000000000        1.0000000000        7.5813133867        0.0000000000        0.8869204367        0.1064304524        0.4026218052
       55.4081630000        1.0000000000        1.0000000000        7.7325898524        0.0000000000        0.8869204367        0.1064304524        0.3953788807
       55.5102040000        1.0000000000        1.0000000000        8.0508849360        0.0000000000        0.8869204367        0.1064304524        0.3805619921
       55.6122450000        1.0000000000        1.0000000000        8.7628609035        0.0000000000        0.8869204367        0.1064304524        0.3493981038
       55.7142860000        1.0000000000        1.0000000000        9.8090892538        0.0000000000        0.8869204367        0.1064304524        0.3081740031
       55.8163270000        1.0000000000        1.0000000000       10.4331238536        0.0000000000        0.8869204367        0.1064304524        0.2859395476
       55.9183670000        1.0000000000        1.0000000000       10.2297555345        0.0000000000        0.8869204367        0.1064304524        0.2930035177
       56.0204080000        1.0000000000        1.0000000000        9.9426951866        0.0000000000        0.8869204367        0.1064304524        0.3032725350
       56.1224490000        1.0000000000        1.0000000000       10.1992074293        0.0000000000        0.8869204367        0.1064304524        0.2940795731
       56.2244900000        1.0000000000        1.0000000000       10.9824192867        0.0000000000        0.8869204367        0.1064304524        0.2676994684
       56.3265310000        1.0000000000        1.0000000000       12.2175299484        0.0000000000        0.8869204367        0.1064304524        0.2308231159
       56.4285710000        1.0000000000        1.0000000000       14.0315717177        0.0000000000        0.8869204367        0.1064304524        0.1856692143
       56.5306120000        1.0000000000        1.0000000000       16.7611605116        0.0000000000        0.8869204367        0.1064304524        0.1338093489
       56.6326530000        1.0000000000        1.0000000000       21.0833582460        0.0000000000        0.8869204367        0.1064304524        0.0796587821
       56.7346940000        1.0000000000        1.0000000000       28.5149627493        0.0000000000        0.8869204367        0.1064304524        0.0326537515
       56.8367350000        1.0000000000        1.0000000000       43.5173619584        0.0000000000        0.8869204367        0.1064304524        0.0053960750
       56.9387760000        1.0000000000        1.0000000000       84.2879597440        0.0000000000        0.8869204367        0.1064304524        0.0000404860
       57.0408160000        1.0000000000        1.0000000000      224.2352824224        0.0000000000        0.8869204367        0.1064304524        0.0000000000
       57.1428570000        1.0000000000        1.0000000000      638.8944505679        0.0000000000        0.8869204367        0.1064304524        0.0000000000
       57.2448980000        1.0000000000        1.0000000000     1389.2568599018        0.0000000000        0.8869204367        0.1064304524        0.0000000000
       57.3469390000        1.0000000000        1.0000000000     1957.2418491497        0.0000000000        0.8869204367        0.1064304524        0.0000000000
       57.4489800000        1.0000000000        1.0000000000     1705.9583497524        0.0000000000        0.8869204367        0.1064304524        0.0000000000
       57.5510200000        1.0000000000        1.0000000000      950.4309539314        0.0000000000        0.8869204367        0.1064304524        0.0000000000
       57.6530610000        1.0000000000        1.0000000000      387.3894119146        0.0000000000        0.8869204367        0.1064304524        0.0000000000
       57.7551020000        1.0000000000        1.0000000000      156.6228178218        0.0000000000        0.8869204367        0.1064304524        0.0000000069
       57.8571430000        1.0000000000        1.0000000000       83.6176110893        0.0000000000        0.8869204367        0.1064304524        0.0000438773
       57.9591840000        1.0000000000        1.0000000000       57.0047190099        0.0000000000        0.8869204367        0.1064304524        0.0010694976
       58.0612240000        1.0000000000        1.0000000000       43.7596218503        0.0000000000        0.8869204367        0.1064304524        0.0052414630
       58.1632650000        1.0000000000        1.0000000000       35.7691665663        0.0000000000        0.8869204367        0.1064304524        0.0136734404
       58.2653060000        1.0000000000        1.0000000000       30.4622346829        0.0000000000        0.8869204367        0.1064304524        0.0258493929
       58.3673470000        1.0000000000        1.0000000000       26.7218850865        0.0000000000        0.8869204367        0.1064304524        0.0404929979
       58.4693880000        1.0000000000        1.0000000000       23.9781085135        0.0000000000        0.8869204367        0.1064304524        0.0562824215
       58.5714290000        1.0000000000        1.0000000000       21.9374338689        0.0000000000        0.8869204367        0.1064304524        0.0718990617
       58.6734690000        1.0000000000        1.0000000000       20.5887693854        0.0000000000        0.8869204367        0.1064304524        0.0845297001
       58.7755100000        1.0000000000        1.0000000000       20.5241451074        0.0000000000        0.8869204367        0.1064304524        0.0851877689
       58.8775510000        1.0000000000        1.0000000000       22.7910328236        0.0000000000        0.8869204367        0.1064304524        0.0648989432
       58.9795920000        1.0000000000        1.0000000000       26.3329394124        0.0000000000        0.8869204367        0.1064304524        0.0424277466
       59.0816330000        1.0000000000        1.0000000000       26.7985731461        0.0000000000        0.8869204367        0.1064304524        0.0401220678
       59.1836730000        1.0000000000        1.0000000000       22.7292837270        0.0000000000        0.8869204367        0.1064304524        0.0653816234
       59.2857140000        1.0000000000        1.0000000000       18.0945939090        0.0000000000        0.8869204367        0.1064304524        0.1140234364
       59.3877550000        1.0000000000        1.0000000000       15.5330823640        0.0000000000        0.8869204367        0.1064304524        0.1550558532
       59.4897960000        1.0000000000        1.0000000000       14.4551965490        0.0000000000        0.8869204367        0.1064304524        0.1764666123
       59.5918370000        1.0000000000        1.0000000000       13.8934529977        0.0000000000        0.8869204367        0.1064304524        0.1887721853
       59.6938780000        1.0000000000        1.0000000000       13.4870252083        0.0000000000        0.8869204367        0.1064304524        0.1982070624
       59.7959180000        1.0000000000        1.0000000000       13.1501730712        0.0000000000        0.8869204367        0.1064304524        0.2063831743
       59.8979590000        1.0000000000        1.0000000000       12.8587920161        0.0000000000        0.8869204367        0.1064304524        0.2137271576
       60.0000000000        1.0000000000        1.0000000000       12.6018530813        0.0000000000        0.8869204367        0.1064304524        0.2204195794
