       55.0000000000        1.0000000000        1.0000000000        9.0142392815        0.0000000000        0.8869204367        0.1064304524        0.3390157496
       55.1020410000        1.0000000000        1.0000000000        9.5791642637        0.0000000000        0.8869204367        0.1064304524        0.3167952187
       55.2040820000        1.0000000000        1.0000000000       10.3081444673        0.0000000000        0.8869204367        0.1064304524        0.2902602525
       55.3061220000        1.0000000000        1.0000000000       11.2670350941        0.0000000000        0.8869204367        0.1064304524        0.2587108601
       55.4081630000        1.0000000000        1.0000000000       12.5731257402        0.0000000000        0.8869204367        0.1064304524        0.2211807389
       55.5102040000        1.0000000000        1.0000000000       14.4779572047        0.0000000000        0.8869204367        0.1064304524        0.1759852904
       55.6122450000        1.0000000000        1.0000000000       17.4328648897        0.0000000000        0.8869204367        0.1064304524        0.1234469479
       55.7142860000        1.0000000000        1.0000000000       21.7655869458        0.0000000000        0.8869204367        0.1064304524        0.0733971308
       55.8163270000        1.0000000000        1.0000000000       27.4861486325        0.0000000000        0.8869204367        0.1064304524        0.0369445243
       55.9183670000        1.0000000000        1.0000000000       35.8902393183        0.0000000000        0.8869204367        0.1064304524        0.0134762188
       56.0204080000        1.0000000000        1.0000000000       52.4837332387        0.0000000000        0.8869204367        0.1064304524        0.0018398928
       56.1224490000        1.0000000000        1.0000000000       96.5676192706        0.0000000000        0.8869204367        0.1064304524        0.0000092757
       56.2244900000        1.0000000000        1.0000000000      242.7957390369        0.0000000000        0.8869204367        0.1064304524        0.0000000000
       56.3265310000        1.0000000000        1.0000000000      675.1411792447        0.0000000000        0.8869204367        0.1064304524        0.0000000000
       56.4285710000        1.0000000000        1.0000000000     1472.6185225561        0.0000000000        0.8869204367        0.1064304524        0.0000000000
       56.5306120000        1.0000000000        1.0000000000     2099.7132833333        0.0000000000        0.8869204367        0.1064304524        0.0000000000
       56.6326530000        1.0000000000        1.0000000000     1850.2039449132        0.0000000000        0.8869204367        0.1064304524        0.0000000000
       56.7346940000        1.0000000000        1.0000000000     1034.5952896534        0.0000000000        0.8869204367        0.1064304524        0.0000000000
       56.8367350000        1.0000000000        1.0000000000      416.8317479888        0.0000000000        0.8869204367        0.1064304524        0.0000000000
       56.9387760000        1.0000000000        1.0000000000      163.0379808633        0.0000000000        0.8869204367        0.1064304524        0.0000000032
       57.0408160000        1.0000000000        1.0000000000       84.1326635577        0.0000000000        0.8869204367        0.1064304524        0.0000412475
       57.1428570000        1.0000000000        1.0000000000       57.0051716437        0.0000000000        0.8869204367        0.1064304524        0.0010694395
       57.2448980000        1.0000000000        1.0000000000       45.3819702644        0.0000000000        0.8869204367        0.1064304524        0.0043142299
       57.3469390000        1.0000000000        1.0000000000       41.2070583916        0.0000000000        0.8869204367        0.1064304524        0.0071200039
       57.4489800000        1.0000000000        1.0000000000       44.2732929738        0.0000000000        0.8869204367        0.1064304524        0.0049281325
       57.5510200000        1.0000000000        1.0000000000       64.0580236750        0.0000000000        0.8869204367        0.1064304524        0.0004587694
       57.6530610000        1.0000000000        1.0000000000      146.0146715240        0.0000000000        0.8869204367        0.1064304524        0.0000000246
       57.7551020000        1.0000000000        1.0000000000      415.9029113613        0.0000000000        0.8869204367        0.1064304524        0.0000000000
       57.8571430000        1.0000000000        1.0000000000      964.6321924915        0.0000000000        0.8869204367        0.1064304524        0.0000000000
       57.9591840000        1.0000000000        1.0000000000     1474.9815631527        0.0000000000        0.8869204367        0.1064304524        0.0000000000
       58.0612240000        1.0000000000        1.0000000000     1399.9837066759        0.0000000000        0.8869204367        0.1064304524        0.0000000000
       58.1632650000        1.0000000000        1.0000000000      845.0607331058        0.0000000000        0.8869204367        0.1064304524        0.0000000000
       58.2653060000        1.0000000000        1.0000000000      366.5985352381        0.0000000000        0.8869204367        0.1064304524        0.0000000000
       58.3673470000        1.0000000000        1.0000000000      152.9788462995        0.0000000000        0.8869204367        0.1064304524        0.0000000107
       58.4693880000        1.0000000000        1.0000000000       83.2975431794        0.0000000000        0.8869204367        0.1064304524        0.0000455953
       58.5714290000        1.0000000000        1.0000000000       58.4204959155        0.0000000000        0.8869204367        0.1064304524        0.0009023938
       58.6734690000        1.0000000000        1.0000000000       46.4390476517        0.0000000000        0.8869204367        0.1064304524        0.0038002603
       58.7755100000        1.0000000000        1.0000000000       40.1975088200        0.0000000000        0.8869204367        0.1064304524        0.0080369867
       58.8775510000        1.0000000000        1.0000000000       38.4715103593        0.0000000000        0.8869204367        0.1064304524        0.0098865380
       58.9795920000        1.0000000000        1.0000000000       39.3001538339        0.0000000000        0.8869204367        0.1064304524        0.0089507454
       59.0816330000        1.0000000000        1.0000000000       37.8575327583        0.0000000000        0.8869204367        0.1064304524        0.0106424567
       59.1836730000        1.0000000000        1.0000000000       32.3518907811        0.0000000000        0.8869204367        0.1064304524        0.0206048892
       59.2857140000        1.0000000000        1.0000000000       26.5591482278        0.0000000000        0.8869204367        0.1064304524        0.0412915340
       59.3877550000        1.0000000000        1.0000000000       23.0517404520        0.0000000000        0.8869204367        0.1064304524        0.0629000164
       59.4897960000        1.0000000000        1.0000000000       21.2053185781        0.0000000000        0.8869204367        0.1064304524        0.0785014464
       59.5918370000        1.0000000000        1.0000000000       20.0129624832        0.0000000000        0.8869204367        0.1064304524        0.0905769514
       59.6938780000        1.0000000000        1.0000000000       19.0804101843        0.0000000000        0.8869204367        0.1064304524        0.1013019901
       59.7959180000        1.0000000000        1.0000000000       18.2980360176        0.0000000000        0.8869204367        0.1064304524        0.1112734802
       59.8979590000        1.0000000000        1.0000000000       17.6247246665        0.0000000000        0.8869204367        0.1064304524        0.1206372753
       60.0000000000        1.0000000000        1.0000000000       17.0369460770        0.0000000000        0.8869204367        0.1064304524        0.1294535008
