       55.0000000000        1.0000000000        1.0000000000        7.2164151157        0.0000000000        0.8869204367        0.1064304524        0.4206434089
       55.1020410000        1.0000000000        1.0000000000        7.3739467636        0.0000000000        0.8869204367        0.1064304524        0.4127663388
       55.2040820000        1.0000000000        1.0000000000        7.5628020519        0.0000000000        0.8869204367        0.1064304524        0.4035171673
       55.3061220000        1.0000000000        1.0000000000        7.7935564038        0.0000000000        0.8869204367        0.1064304524        0.3924968495
       55.4081630000        1.0000000000        1.0000000000        8.0981210465        0.0000000000        0.8869204367        0.1064304524        0.3784109421
       55.5102040000        1.0000000000        1.0000000000        8.5920386248        0.0000000000        0.8869204367        0.1064304524        0.3566342133
       55.6122450000        1.0000000000        1.0000000000        9.5024313389        0.0000000000        0.8869204367        0.1064304524        0.3197257248
       55.7142860000        1.0000000000        1.0000000000       10.7651686576        0.0000000000        0.8869204367        0.1064304524        0.2747701802
       55.8163270000        1.0000000000        1.0000000000       11.6241495333        0.0000000000        0.8869204367        0.1064304524        0.2478583305
       55.9183670000        1.0000000000        1.0000000000       11.6885987313        0.0000000000        0.8869204367        0.1064304524        0.2459488116
       56.0204080000        1.0000000000        1.0000000000       11.7101504573        0.0000000000        0.8869204367        0.1064304524        0.2453135588
       56.1224490000        1.0000000000        1.0000000000       12.3046527993        0.0000000000        0.8869204367        0.1064304524        0.2284224906
       56.2244900000        1.0000000000        1.0000000000       13.4338962324        0.0000000000        0.8869204367        0.1064304524        0.1994747638
       56.3265310000        1.0000000000        1.0000000000       14.9862092726        0.0000000000        0.8869204367        0.1064304524        0.1655726657
       56.4285710000        1.0000000000        1.0000000000       17.0089911112        0.0000000000        0.8869204367        0.1064304524        0.1298884942
       56.5306120000        1.0000000000        1.0000000000       19.6600684619        0.0000000000        0.8869204367        0.1064304524        0.0944950133
       56.6326530000        1.0000000000        1.0000000000       23.1974128585        0.0000000000        0.8869204367        0.1064304524        0.0618100354
       56.7346940000        1.0000000000        1.0000000000       28.0309435791        0.0000000000        0.8869204367        0.1064304524        0.0346065181
       56.8367350000        1.0000000000        1.0000000000       34.8380416453        0.0000000000        0.8869204367        0.1064304524        0.0152898664
       56.9387760000        1.0000000000        1.0000000000       44.8050152474        0.0000000000        0.8869204367        0.1064304524        0.0046235067
       57.0408160000        1.0000000000        1.0000000000       60.1824483522        0.0000000000        0.8869204367        0.1064304524        0.0007304178
       57.1428570000        1.0000000000        1.0000000000       85.8164814043        0.0000000000        0.8869204367        0.1064304524        0.0000337012
       57.2448980000        1.0000000000        1.0000000000      134.6639662522        0.0000000000        0.8869204367        0.1064304524        0.0000000959
       57.3469390000        1.0000000000        1.0000000000      250.9236323983        0.0000000000        0.8869204367        0.1064304524        0.0000000000
       57.4489800000        1.0000000000        1.0000000000      584.9222766552        0.0000000000        0.8869204367        0.1064304524        0.0000000000
       57.5510200000        1.0000000000        1.0000000000     1461.4983872057        0.0000000000        0.8869204367        0.1064304524        0.0000000000
       57.6530610000        1.0000000000        1.0000000000     2988.4545998965        0.0000000000        0.8869204367        0.1064304524        0.0000000000
       57.7551020000        1.0000000000        1.0000000000     4228.0770731527        0.0000000000        0.8869204367        0.1064304524        0.0000000000
       57.8571430000        1.0000000000        1.0000000000     3903.2875107206        0.0000000000        0.8869204367        0.1064304524        0.0000000000
       57.9591840000        1.0000000000        1.0000000000     2407.3992585963        0.0000000000        0.8869204367        0.1064304524        0.0000000000
       58.0612240000        1.0000000000        1.0000000000     1117.2966256027        0.0000000000        0.8869204367        0.1064304524        0.0000000000
       58.1632650000        1.0000000000        1.0000000000      493.4650181786        0.0000000000        0.8869204367        0.1064304524        0.0000000000
       58.2653060000        1.0000000000        1.0000000000      261.0106431587        0.0000000000        0.8869204367        0.1064304524        0.0000000000
       58.3673470000        1.0000000000        1.0000000000      168.7852204968        0.0000000000        0.8869204367        0.1064304524        0.0000000016
       58.4693880000        1.0000000000        1.0000000000      122.9400979969        0.0000000000        0.8869204367        0.1064304524        0.0000003917
       58.5714290000        1.0000000000        1.0000000000       95.8238448605        0.0000000000        0.8869204367        0.1064304524        0.0000101416
       58.6734690000        1.0000000000        1.0000000000       78.2863582803        0.0000000000        0.8869204367        0.1064304524        0.0000831917
       58.7755100000        1.0000000000        1.0000000000       67.0516601978        0.0000000000        0.8869204367        0.1064304524        0.0003203171
       58.8775510000        1.0000000000        1.0000000000       61.2684767356        0.0000000000        0.8869204367        0.1064304524        0.0006411692
       58.9795920000        1.0000000000        1.0000000000       58.9015505376        0.0000000000        0.8869204367        0.1064304524        0.0008517768
       59.0816330000        1.0000000000        1.0000000000       54.9602858185        0.0000000000        0.8869204367        0.1064304524        0.0013668666
       59.1836730000        1.0000000000        1.0000000000       47.4175720175        0.0000000000        0.8869204367        0.1064304524        0.0033792258
       59.2857140000        1.0000000000        1.0000000000       39.8879646477        0.0000000000        0.8869204367        0.1064304524        0.0083411369
       59.3877550000        1.0000000000        1.0000000000       34.9028796883        0.0000000000        0.8869204367        0.1064304524        0.0151713642
       59.4897960000        1.0000000000        1.0000000000       31.8154005161        0.0000000000        0.8869204367        0.1064304524        0.0219750390
       59.5918370000        1.0000000000        1.0000000000       29.5775751779        0.0000000000        0.8869204367        0.1064304524        0.0287444946
       59.6938780000        1.0000000000        1.0000000000       27.7554090136        0.0000000000        0.8869204367        0.1064304524        0.0357698800
       59.7959180000        1.0000000000        1.0000000000       26.2088498127        0.0000000000        0.8869204367        0.1064304524        0.0430642549
       59.8979590000        1.0000000000        1.0000000000       24.8738137519        0.0000000000        0.8869204367        0.1064304524        0.0505466983
       60.0000000000        1.0000000000        1.0000000000       23.7090117946        0.0000000000        0.8869204367        0.1064304524        0.0581295339
