       55.0000000000        1.0000000000        1.0000000000        9.8028141787        0.0000000000        0.8869204367        0.1064304524        0.3084061483
       55.1020410000        1.0000000000        1.0000000000       10.5188561480        0.0000000000        0.8869204367        0.1064304524        0.2830129174
       55.2040820000        1.0000000000        1.0000000000       11.4184481122        0.0000000000        0.8869204367        0.1064304524        0.2540526440
       55.3061220000        1.0000000000        1.0000000000       12.5650092485        0.0000000000        0.8869204367        0.1064304524        0.2213962692
       55.4081630000        1.0000000000        1.0000000000       14.0669436251        0.0000000000        0.8869204367        0.1064304524        0.1848827876
       55.5102040000        1.0000000000        1.0000000000       16.1522686719        0.0000000000        0.8869204367        0.1064304524        0.1439524502
       55.6122450000        1.0000000000        1.0000000000       19.2144680171        0.0000000000        0.8869204367        0.1064304524        0.0996853890
       55.7142860000        1.0000000000        1.0000000000       23.4443561638        0.0000000000        0.8869204367        0.1064304524        0.0600052789
       55.8163270000        1.0000000000        1.0000000000       28.5228260240        0.0000000000        0.8869204367        0.1064304524        0.0326229542
       55.9183670000        1.0000000000        1.0000000000       34.8379658864        0.0000000000        0.8869204367        0.1064304524        0.0152900054
       56.0204080000        1.0000000000        1.0000000000       44.5714981097        0.0000000000        0.8869204367        0.1064304524        0.0047548992
       56.1224490000        1.0000000000        1.0000000000       61.3022902822        0.0000000000        0.8869204367        0.1064304524        0.0006385728
       56.2244900000        1.0000000000        1.0000000000       92.4060890626        0.0000000000        0.8869204367        0.1064304524        0.0000152836
       56.3265310000        1.0000000000        1.0000000000      162.1898545280        0.0000000000        0.8869204367        0.1064304524        0.0000000035
       56.4285710000        1.0000000000        1.0000000000      361.6958180970        0.0000000000        0.8869204367        0.1064304524        0.0000000000
       56.5306120000        1.0000000000        1.0000000000      944.7573126681        0.0000000000        0.8869204367        0.1064304524        0.0000000000
       56.6326530000        1.0000000000        1.0000000000     2174.8244371189        0.0000000000        0.8869204367        0.1064304524        0.0000000000
       56.7346940000        1.0000000000        1.0000000000     3541.7961906953        0.0000000000        0.8869204367        0.1064304524        0.0000000000
       56.8367350000        1.0000000000        1.0000000000     3724.8691007482        0.0000000000        0.8869204367        0.1064304524        0.0000000000
       56.9387760000        1.0000000000        1.0000000000     2530.7522359823        0.0000000000        0.8869204367        0.1064304524        0.0000000000
       57.0408160000        1.0000000000        1.0000000000     1215.8202912708        0.0000000000        0.8869204367        0.1064304524        0.0000000000
       57.1428570000        1.0000000000        1.0000000000      512.2383846864        0.0000000000        0.8869204367        0.1064304524        0.0000000000
       57.2448980000        1.0000000000        1.0000000000      250.3797678311        0.0000000000        0.8869204367        0.1064304524        0.0000000000
       57.3469390000        1.0000000000        1.0000000000      154.4102729679        0.0000000000        0.8869204367        0.1064304524        0.0000000090
       57.4489800000        1.0000000000        1.0000000000      110.1440088831        0.0000000000        0.8869204367        0.1064304524        0.0000018189
       57.5510200000        1.0000000000        1.0000000000       84.9484467961        0.0000000000        0.8869204367        0.1064304524        0.0000374010
       57.6530610000        1.0000000000        1.0000000000       68.7934886708        0.0000000000        0.8869204367        0.1064304524        0.0002598987
       57.7551020000        1.0000000000        1.0000000000       57.6721469070        0.0000000000        0.8869204367        0.1064304524        0.0009871805
       57.8571430000        1.0000000000        1.0000000000       49.6278768290        0.0000000000        0.8869204367        0.1064304524        0.0025919489
       57.9591840000        1.0000000000        1.0000000000       43.5877368192        0.0000000000        0.8869204367        0.1064304524        0.0053506971
       58.0612240000        1.0000000000        1.0000000000       38.9170612259        0.0000000000        0.8869204367        0.1064304524        0.0093718258
       58.1632650000        1.0000000000        1.0000000000       35.2185861329        0.0000000000        0.8869204367        0.1064304524        0.0146073517
       58.2653060000        1.0000000000        1.0000000000       32.2329095165        0.0000000000        0.8869204367        0.1064304524        0.0209011909
       58.3673470000        1.0000000000        1.0000000000       29.7854871728        0.0000000000        0.8869204367        0.1064304524        0.0280362080
       58.4693880000        1.0000000000        1.0000000000       27.7595811192        0.0000000000        0.8869204367        0.1064304524        0.0357519762
       58.5714290000        1.0000000000        1.0000000000       26.0994281528        0.0000000000        0.8869204367        0.1064304524        0.0436334431
       58.6734690000        1.0000000000        1.0000000000       24.9254185868        0.0000000000        0.8869204367        0.1064304524        0.0502346511
       58.7755100000        1.0000000000        1.0000000000       24.9065117612        0.0000000000        0.8869204367        0.1064304524        0.0503487538
       58.8775510000        1.0000000000        1.0000000000       27.1469556753        0.0000000000        0.8869204367        0.1064304524        0.0384793063
       58.9795920000        1.0000000000        1.0000000000       30.6432250833        0.0000000000        0.8869204367        0.1064304524        0.0252940267
       59.0816330000        1.0000000000        1.0000000000       31.0635789547        0.0000000000        0.8869204367        0.1064304524        0.0240497789
       59.1836730000        1.0000000000        1.0000000000       26.9200963961        0.0000000000        0.8869204367        0.1064304524        0.0395412216
       59.2857140000        1.0000000000        1.0000000000       22.1683686948        0.0000000000        0.8869204367        0.1064304524        0.0699339367
       59.3877550000        1.0000000000        1.0000000000       19.4707630281        0.0000000000        0.8869204367        0.1064304524        0.0966661912
       59.4897960000        1.0000000000        1.0000000000       18.2579150358        0.0000000000        0.8869204367        0.1064304524        0.1118105001
       59.5918370000        1.0000000000        1.0000000000       17.5668778964        0.0000000000        0.8869204367        0.1064304524        0.1214776058
       59.6938780000        1.0000000000        1.0000000000       17.0365236111        0.0000000000        0.8869204367        0.1064304524        0.1294600638
       59.7959180000        1.0000000000        1.0000000000       16.5808462417        0.0000000000        0.8869204367        0.1064304524        0.1367362284
       59.8979590000        1.0000000000        1.0000000000       16.1757196810        0.0000000000        0.8869204367        0.1064304524        0.1435479201
       60.0000000000        1.0000000000        1.0000000000       15.8101093485        0.0000000000        0.8869204367        0.1064304524        0.1499860301
