       55.0000000000        1.0000000000        1.0000000000        7.9765539541        0.0000000000        0.8869204367        0.1064304524        0.3839716818
       55.1020410000        1.0000000000        1.0000000000        8.1090592125        0.0000000000        0.8869204367        0.1064304524        0.3779145733
       55.2040820000        1.0000000000        1.0000000000        8.2863767839        0.0000000000        0.8869204367        0.1064304524        0.3699582143
       55.3061220000        1.0000000000        1.0000000000        8.5292286279        0.0000000000        0.8869204367        0.1064304524        0.3593323922
       55.4081630000        1.0000000000        1.0000000000        8.8859186186        0.0000000000        0.8869204367        0.1064304524        0.3442764763
       55.5102040000        1.0000000000        1.0000000000        9.4994472368        0.0000000000        0.8869204367        0.1064304524        0.3198402366
       55.6122450000        1.0000000000        1.0000000000       10.6464659566        0.0000000000        0.8869204367        0.1064304524        0.2787121041
       55.7142860000        1.0000000000        1.0000000000       12.3532250881        0.0000000000        0.8869204367        0.1064304524        0.2270949628
       55.8163270000        1.0000000000        1.0000000000       14.0217186160        0.0000000000        0.8869204367        0.1064304524        0.1858888743
       55.9183670000        1.0000000000        1.0000000000       15.5613623951        0.0000000000        0.8869204367        0.1064304524        0.1545305469
       56.0204080000        1.0000000000        1.0000000000       18.4344206873        0.0000000000        0.8869204367        0.1064304524        0.1094671820
       56.1224490000        1.0000000000        1.0000000000       25.4592511982        0.0000000000        0.8869204367        0.1064304524        0.0471175308
       56.2244900000        1.0000000000        1.0000000000       46.0809283240        0.0000000000        0.8869204367        0.1064304524        0.0039671338
       56.3265310000        1.0000000000        1.0000000000      121.6735761299        0.0000000000        0.8869204367        0.1064304524        0.0000004560
       56.4285710000        1.0000000000        1.0000000000      360.4377415798        0.0000000000        0.8869204367        0.1064304524        0.0000000000
       56.5306120000        1.0000000000        1.0000000000      815.0498787877        0.0000000000        0.8869204367        0.1064304524        0.0000000000
       56.6326530000        1.0000000000        1.0000000000     1175.5979658718        0.0000000000        0.8869204367        0.1064304524        0.0000000000
       56.7346940000        1.0000000000        1.0000000000     1029.8088616234        0.0000000000        0.8869204367        0.1064304524        0.0000000000
       56.8367350000        1.0000000000        1.0000000000      565.7207725601        0.0000000000        0.8869204367        0.1064304524        0.0000000000
       56.9387760000        1.0000000000        1.0000000000      224.0177275897        0.0000000000        0.8869204367        0.1064304524        0.0000000000
       57.0408160000        1.0000000000        1.0000000000       89.0287073284        0.0000000000        0.8869204367        0.1064304524        0.0000229213
       57.1428570000        1.0000000000        1.0000000000       48.5375165989        0.0000000000        0.8869204367        0.1064304524        0.0029542750
       57.2448980000        1.0000000000        1.0000000000       34.3238046233        0.0000000000        0.8869204367        0.1064304524        0.0162630998
       57.3469390000        1.0000000000        1.0000000000       27.3058215781        0.0000000000        0.8869204367        0.1064304524        0.0377526884
       57.4489800000        1.0000000000        1.0000000000       23.0669554149        0.0000000000        0.8869204367        0.1064304524        0.0627852786
       57.5510200000        1.0000000000        1.0000000000       20.2448953069        0.0000000000        0.8869204367        0.1064304524        0.0880907772
       57.6530610000        1.0000000000        1.0000000000       18.2485415296        0.0000000000        0.8869204367        0.1064304524        0.1119363376
       57.7551020000        1.0000000000        1.0000000000       16.7728621743        0.0000000000        0.8869204367        0.1064304524        0.1336215858
       57.8571430000        1.0000000000        1.0000000000       15.6447472260        0.0000000000        0.8869204367        0.1064304524        0.1529919969
       57.9591840000        1.0000000000        1.0000000000       14.7592129242        0.0000000000        0.8869204367        0.1064304524        0.1701447811
       58.0612240000        1.0000000000        1.0000000000       14.0493503130        0.0000000000        0.8869204367        0.1064304524        0.1852735240
       58.1632650000        1.0000000000        1.0000000000       13.4709734425        0.0000000000        0.8869204367        0.1064304524        0.1985892191
       58.2653060000        1.0000000000        1.0000000000       12.9945155843        0.0000000000        0.8869204367        0.1064304524        0.2102744135
       58.3673470000        1.0000000000        1.0000000000       12.6010141541        0.0000000000        0.8869204367        0.1064304524        0.2204417705
       58.4693880000        1.0000000000        1.0000000000       12.2827143484        0.0000000000        0.8869204367        0.1064304524        0.2290246311
       58.5714290000        1.0000000000        1.0000000000       12.0630969017        0.0000000000        0.8869204367        0.1064304524        0.2351406042
       58.6734690000        1.0000000000        1.0000000000       12.1230330545        0.0000000000        0.8869204367        0.1064304524        0.2334554607
       58.7755100000        1.0000000000        1.0000000000       13.1759135231        0.0000000000        0.8869204367        0.1064304524        0.2057466703
       58.8775510000        1.0000000000        1.0000000000       16.3381495117        0.0000000000        0.8869204367        0.1064304524        0.1407770365
       58.9795920000        1.0000000000        1.0000000000       20.5819807156        0.0000000000        0.8869204367        0.1064304524        0.0845985894
       59.0816330000        1.0000000000        1.0000000000       21.5941159985        0.0000000000        0.8869204367        0.1064304524        0.0749230329
       59.1836730000        1.0000000000        1.0000000000       17.9880622560        0.0000000000        0.8869204367        0.1064304524        0.1154904460
       59.2857140000        1.0000000000        1.0000000000       13.7765583638        0.0000000000        0.8869204367        0.1064304524        0.1914388191
       59.3877550000        1.0000000000        1.0000000000       11.5929518891        0.0000000000        0.8869204367        0.1064304524        0.2487879811
       59.4897960000        1.0000000000        1.0000000000       10.8410871649        0.0000000000        0.8869204367        0.1064304524        0.2722783311
       59.5918370000        1.0000000000        1.0000000000       10.5599824275        0.0000000000        0.8869204367        0.1064304524        0.2816196461
       59.6938780000        1.0000000000        1.0000000000       10.3976851003        0.0000000000        0.8869204367        0.1064304524        0.2871581378
       59.7959180000        1.0000000000        1.0000000000       10.2752339285        0.0000000000        0.8869204367        0.1064304524        0.2914088336
       59.8979590000        1.0000000000        1.0000000000       10.1735369515        0.0000000000        0.8869204367        0.1064304524        0.2949868694
       60.0000000000        1.0000000000        1.0000000000       10.0854398908        0.0000000000        0.8869204367        0.1064304524        0.2981219086
