       55.0000000000        1.0000000000        1.0000000000       12.0134844816        0.0000000000        0.8869204367        0.1064304524        0.2365446869
       55.1020410000        1.0000000000        1.0000000000       12.9378386735        0.0000000000        0.8869204367        0.1064304524        0.2117094124
       55.2040820000        1.0000000000        1.0000000000       14.0311333890        0.0000000000        0.8869204367        0.1064304524        0.1856789807
       55.3061220000        1.0000000000        1.0000000000       15.3369707895        0.0000000000        0.8869204367        0.1064304524        0.1587481183
       55.4081630000        1.0000000000        1.0000000000       16.9309811824        0.0000000000        0.8869204367        0.1064304524        0.1311101143
       55.5102040000        1.0000000000        1.0000000000       18.9861433801        0.0000000000        0.8869204367        0.1064304524        0.1024544258
       55.6122450000        1.0000000000        1.0000000000       21.7999757638        0.0000000000        0.8869204367        0.1064304524        0.0730948701
       55.7142860000        1.0000000000        1.0000000000       25.3945864478        0.0000000000        0.8869204367        0.1064304524        0.0474845742
       55.8163270000        1.0000000000        1.0000000000       29.1568650978        0.0000000000        0.8869204367        0.1064304524        0.0302329221
       55.9183670000        1.0000000000        1.0000000000       32.9380966076        0.0000000000        0.8869204367        0.1064304524        0.0192052501
       56.0204080000        1.0000000000        1.0000000000       37.8213932276        0.0000000000        0.8869204367        0.1064304524        0.0106887105
       56.1224490000        1.0000000000        1.0000000000       44.8886146338        0.0000000000        0.8869204367        0.1064304524        0.0045773559
       56.2244900000        1.0000000000        1.0000000000       54.8485931561        0.0000000000        0.8869204367        0.1064304524        0.0013853102
       56.3265310000        1.0000000000        1.0000000000       68.8687908965        0.0000000000        0.8869204367        0.1064304524        0.0002575608
       56.4285710000        1.0000000000        1.0000000000       89.2961289114        0.0000000000        0.8869204367        0.1064304524        0.0000221974
       56.5306120000        1.0000000000        1.0000000000      120.8263624382        0.0000000000        0.8869204367        0.1064304524        0.0000005048
       56.6326530000        1.0000000000        1.0000000000      174.1455994581        0.0000000000        0.8869204367        0.1064304524        0.0000000008
       56.7346940000        1.0000000000        1.0000000000      279.3904326638        0.0000000000        0.8869204367        0.1064304524        0.0000000000
       56.8367350000        1.0000000000        1.0000000000      535.1202963199        0.0000000000        0.8869204367        0.1064304524        0.0000000000
       56.9387760000        1.0000000000        1.0000000000     1210.8790648302        0.0000000000        0.8869204367        0.1064304524        0.0000000000
       57.0408160000        1.0000000000        1.0000000000     2647.9409580236        0.0000000000        0.8869204367        0.1064304524        0.0000000000
       57.1428570000        1.0000000000        1.0000000000     4453.6425455500        0.0000000000        0.8869204367        0.1064304524        0.0000000000
       57.2448980000        1.0000000000        1.0000000000     5084.4076407089        0.0000000000        0.8869204367        0.1064304524        0.0000000000
       57.3469390000        1.0000000000        1.0000000000     3830.7109285677        0.0000000000        0.8869204367        0.1064304524        0.0000000000
       57.4489800000        1.0000000000        1.0000000000     2012.0062780939        0.0000000000        0.8869204367        0.1064304524        0.0000000000
       57.5510200000        1.0000000000        1.0000000000      878.0302308827        0.0000000000        0.8869204367        0.1064304524        0.0000000000
       57.6530610000        1.0000000000        1.0000000000      497.0235746177        0.0000000000        0.8869204367        0.1064304524        0.0000000000
       57.7551020000        1.0000000000        1.0000000000      671.6930730466        0.0000000000        0.8869204367        0.1064304524        0.0000000000
       57.8571430000        1.0000000000        1.0000000000     1388.7287325417        0.0000000000        0.8869204367        0.1064304524        0.0000000000
       57.9591840000        1.0000000000        1.0000000000     2236.2578985164        0.0000000000        0.8869204367        0.1064304524        0.0000000000
       58.0612240000        1.0000000000        1.0000000000     2330.0205451803        0.0000000000        0.8869204367        0.1064304524        0.0000000000
       58.1632650000        1.0000000000        1.0000000000     1580.7365870193        0.0000000000        0.8869204367        0.1064304524        0.0000000000
       58.2653060000        1.0000000000        1.0000000000      790.0806667496        0.0000000000        0.8869204367        0.1064304524        0.0000000000
       58.3673470000        1.0000000000        1.0000000000      376.9487298125        0.0000000000        0.8869204367        0.1064304524        0.0000000000
       58.4693880000        1.0000000000        1.0000000000      219.7745232756        0.0000000000        0.8869204367        0.1064304524        0.0000000000
       58.5714290000        1.0000000000        1.0000000000      156.2516163056        0.0000000000        0.8869204367        0.1064304524        0.0000000072
       58.6734690000        1.0000000000        1.0000000000      123.0981634271        0.0000000000        0.8869204367        0.1064304524        0.0000003843
       58.7755100000        1.0000000000        1.0000000000      103.0592920268        0.0000000000        0.8869204367        0.1064304524        0.0000042563
       58.8775510000        1.0000000000        1.0000000000       91.5012103307        0.0000000000        0.8869204367        0.1064304524        0.0000170366
       58.9795920000        1.0000000000        1.0000000000       85.0702656029        0.0000000000        0.8869204367        0.1064304524        0.0000368582
       59.0816330000        1.0000000000        1.0000000000       78.1429289239        0.0000000000        0.8869204367        0.1064304524        0.0000846359
       59.1836730000        1.0000000000        1.0000000000       68.2459154888        0.0000000000        0.8869204367        0.1064304524        0.0002775499
       59.2857140000        1.0000000000        1.0000000000       58.7332035450        0.0000000000        0.8869204367        0.1064304524        0.0008691590
       59.3877550000        1.0000000000        1.0000000000       52.0589999502        0.0000000000        0.8869204367        0.1064304524        0.0019360993
       59.4897960000        1.0000000000        1.0000000000       47.5412247747        0.0000000000        0.8869204367        0.1064304524        0.0033294539
       59.5918370000        1.0000000000        1.0000000000       44.0832917562        0.0000000000        0.8869204367        0.1064304524        0.0050417854
       59.6938780000        1.0000000000        1.0000000000       41.2067331414        0.0000000000        0.8869204367        0.1064304524        0.0071202818
       59.7959180000        1.0000000000        1.0000000000       38.7386790472        0.0000000000        0.8869204367        0.1064304524        0.0095746003
       59.8979590000        1.0000000000        1.0000000000       36.5909952480        0.0000000000        0.8869204367        0.1064304524        0.0123893329
       60.0000000000        1.0000000000        1.0000000000       34.7041667733        0.0000000000        0.8869204367        0.1064304524        0.0155374815
