       55.0000000000        1.0000000000        1.0000000000        8.6842564186        0.0000000000        0.8869204367        0.1064304524        0.3527094072
       55.1020410000        1.0000000000        1.0000000000        9.0947076034        0.0000000000        0.8869204367        0.1064304524        0.3357579007
       55.2040820000        1.0000000000        1.0000000000        9.5787840458        0.0000000000        0.8869204367        0.1064304524        0.3168096732
       55.3061220000        1.0000000000        1.0000000000       10.1562727767        0.0000000000        0.8869204367        0.1064304524        0.2955986274
       55.4081630000        1.0000000000        1.0000000000       10.8710257587        0.0000000000        0.8869204367        0.1064304524        0.2713018905
       55.5102040000        1.0000000000        1.0000000000       11.8537351477        0.0000000000        0.8869204367        0.1064304524        0.2411229722
       55.6122450000        1.0000000000        1.0000000000       13.3482589292        0.0000000000        0.8869204367        0.1064304524        0.2015352305
       55.7142860000        1.0000000000        1.0000000000       15.3079262685        0.0000000000        0.8869204367        0.1064304524        0.1593023752
       55.8163270000        1.0000000000        1.0000000000       17.0085596939        0.0000000000        0.8869204367        0.1064304524        0.1298952187
       55.9183670000        1.0000000000        1.0000000000       18.1186452452        0.0000000000        0.8869204367        0.1064304524        0.1136948209
       56.0204080000        1.0000000000        1.0000000000       19.4620197899        0.0000000000        0.8869204367        0.1064304524        0.0967676655
       56.1224490000        1.0000000000        1.0000000000       21.7390089411        0.0000000000        0.8869204367        0.1064304524        0.0736315945
       56.2244900000        1.0000000000        1.0000000000       25.0360622836        0.0000000000        0.8869204367        0.1064304524        0.0495720816
       56.3265310000        1.0000000000        1.0000000000       29.4367436422        0.0000000000        0.8869204367        0.1064304524        0.0292343984
       56.4285710000        1.0000000000        1.0000000000       35.2923071076        0.0000000000        0.8869204367        0.1064304524        0.0144786974
       56.5306120000        1.0000000000        1.0000000000       43.2497756993        0.0000000000        0.8869204367        0.1064304524        0.0055721568
       56.6326530000        1.0000000000        1.0000000000       54.3953391848        0.0000000000        0.8869204367        0.1064304524        0.0014627447
       56.7346940000        1.0000000000        1.0000000000       70.6343473734        0.0000000000        0.8869204367        0.1064304524        0.0002083853
       56.8367350000        1.0000000000        1.0000000000       95.5897206451        0.0000000000        0.8869204367        0.1064304524        0.0000104306
       56.9387760000        1.0000000000        1.0000000000      137.1163979319        0.0000000000        0.8869204367        0.1064304524        0.0000000715
       57.0408160000        1.0000000000        1.0000000000      216.3359934211        0.0000000000        0.8869204367        0.1064304524        0.0000000000
       57.1428570000        1.0000000000        1.0000000000      402.1786727037        0.0000000000        0.8869204367        0.1064304524        0.0000000000
       57.2448980000        1.0000000000        1.0000000000      898.5576411798        0.0000000000        0.8869204367        0.1064304524        0.0000000000
       57.3469390000        1.0000000000        1.0000000000     2046.0153405995        0.0000000000        0.8869204367        0.1064304524        0.0000000000
       57.4489800000        1.0000000000        1.0000000000     3790.3397714918        0.0000000000        0.8869204367        0.1064304524        0.0000000000
       57.5510200000        1.0000000000        1.0000000000     5078.4290116107        0.0000000000        0.8869204367        0.1064304524        0.0000000000
       57.6530610000        1.0000000000        1.0000000000     4806.6735037201        0.0000000000        0.8869204367        0.1064304524        0.0000000000
       57.7551020000        1.0000000000        1.0000000000     3298.9315575748        0.0000000000        0.8869204367        0.1064304524        0.0000000000
       57.8571430000        1.0000000000        1.0000000000     1754.4550672256        0.0000000000        0.8869204367        0.1064304524        0.0000000000
       57.9591840000        1.0000000000        1.0000000000      832.2312598732        0.0000000000        0.8869204367        0.1064304524        0.0000000000
       58.0612240000        1.0000000000        1.0000000000      430.9235935131        0.0000000000        0.8869204367        0.1064304524        0.0000000000
       58.1632650000        1.0000000000        1.0000000000      267.5105450243        0.0000000000        0.8869204367        0.1064304524        0.0000000000
       58.2653060000        1.0000000000        1.0000000000      189.6636795962        0.0000000000        0.8869204367        0.1064304524        0.0000000001
       58.3673470000        1.0000000000        1.0000000000      144.9936319987        0.0000000000        0.8869204367        0.1064304524        0.0000000278
       58.4693880000        1.0000000000        1.0000000000      116.2114297556        0.0000000000        0.8869204367        0.1064304524        0.0000008782
       58.5714290000        1.0000000000        1.0000000000       96.3616433630        0.0000000000        0.8869204367        0.1064304524        0.0000095078
       58.6734690000        1.0000000000        1.0000000000       82.1954769803        0.0000000000        0.8869204367        0.1064304524        0.0000520421
       58.7755100000        1.0000000000        1.0000000000       72.5356486403        0.0000000000        0.8869204367        0.1064304524        0.0001658747
       58.8775510000        1.0000000000        1.0000000000       67.4364201274        0.0000000000        0.8869204367        0.1064304524        0.0003058639
       58.9795920000        1.0000000000        1.0000000000       65.3121937026        0.0000000000        0.8869204367        0.1064304524        0.0003946690
       59.0816330000        1.0000000000        1.0000000000       61.3942944915        0.0000000000        0.8869204367        0.1064304524        0.0006315614
       59.1836730000        1.0000000000        1.0000000000       53.7338877171        0.0000000000        0.8869204367        0.1064304524        0.0015835810
       59.2857140000        1.0000000000        1.0000000000       45.9876820817        0.0000000000        0.8869204367        0.1064304524        0.0040117736
       59.3877550000        1.0000000000        1.0000000000       40.7398841211        0.0000000000        0.8869204367        0.1064304524        0.0075305583
       59.4897960000        1.0000000000        1.0000000000       37.3803243692        0.0000000000        0.8869204367        0.1064304524        0.0112696847
       59.5918370000        1.0000000000        1.0000000000       34.8755069854        0.0000000000        0.8869204367        0.1064304524        0.0152212799
       59.6938780000        1.0000000000        1.0000000000       32.7966039398        0.0000000000        0.8869204367        0.1064304524        0.0195341225
       59.7959180000        1.0000000000        1.0000000000       31.0060406662        0.0000000000        0.8869204367        0.1064304524        0.0242164075
       59.8979590000        1.0000000000        1.0000000000       29.4408917398        0.0000000000        0.8869204367        0.1064304524        0.0292198499
       60.0000000000        1.0000000000        1.0000000000       28.0601654118        0.0000000000        0.8869204367        0.1064304524        0.0344853787
