       55.0000000000        1.0000000000        1.0000000000        8.5962320239        0.0000000000        0.8869204367        0.1064304524        0.3564547973
       55.1020410000        1.0000000000        1.0000000000        9.0232846299        0.0000000000        0.8869204367        0.1064304524        0.3386479673
       55.2040820000        1.0000000000        1.0000000000        9.5611375726        0.0000000000        0.8869204367        0.1064304524        0.3174812528
       55.3061220000        1.0000000000        1.0000000000       10.2486294047        0.0000000000        0.8869204367        0.1064304524        0.2923406554
       55.4081630000        1.0000000000        1.0000000000       11.1584469567        0.0000000000        0.8869204367        0.1064304524        0.2621040715
       55.5102040000        1.0000000000        1.0000000000       12.4658341554        0.0000000000        0.8869204367        0.1064304524        0.2240468497
       55.6122450000        1.0000000000        1.0000000000       14.4860161111        0.0000000000        0.8869204367        0.1064304524        0.1758151828
       55.7142860000        1.0000000000        1.0000000000       17.2887915330        0.0000000000        0.8869204367        0.1064304524        0.1255997539
       55.8163270000        1.0000000000        1.0000000000       20.3416097210        0.0000000000        0.8869204367        0.1064304524        0.0870743292
       55.9183670000        1.0000000000        1.0000000000       23.6395885196        0.0000000000        0.8869204367        0.1064304524        0.0586158218
       56.0204080000        1.0000000000        1.0000000000       28.6181660632        0.0000000000        0.8869204367        0.1064304524        0.0322518482
       56.1224490000        1.0000000000        1.0000000000       37.2199845565        0.0000000000        0.8869204367        0.1064304524        0.0114886217
       56.2244900000        1.0000000000        1.0000000000       52.3353936924        0.0000000000        0.8869204367        0.1064304524        0.0018729375
       56.3265310000        1.0000000000        1.0000000000       82.1557365244        0.0000000000        0.8869204367        0.1064304524        0.0000522909
       56.4285710000        1.0000000000        1.0000000000      157.8702597557        0.0000000000        0.8869204367        0.1064304524        0.0000000059
       56.5306120000        1.0000000000        1.0000000000      395.5813847737        0.0000000000        0.8869204367        0.1064304524        0.0000000000
       56.6326530000        1.0000000000        1.0000000000     1058.6760240801        0.0000000000        0.8869204367        0.1064304524        0.0000000000
       56.7346940000        1.0000000000        1.0000000000     2227.8071056285        0.0000000000        0.8869204367        0.1064304524        0.0000000000
       56.8367350000        1.0000000000        1.0000000000     3118.6266915365        0.0000000000        0.8869204367        0.1064304524        0.0000000000
       56.9387760000        1.0000000000        1.0000000000     2758.7427756204        0.0000000000        0.8869204367        0.1064304524        0.0000000000
       57.0408160000        1.0000000000        1.0000000000     1590.9414634774        0.0000000000        0.8869204367        0.1064304524        0.0000000000
       57.1428570000        1.0000000000        1.0000000000      685.5122014742        0.0000000000        0.8869204367        0.1064304524        0.0000000000
       57.2448980000        1.0000000000        1.0000000000      290.0301406771        0.0000000000        0.8869204367        0.1064304524        0.0000000000
       57.3469390000        1.0000000000        1.0000000000      154.4830636988        0.0000000000        0.8869204367        0.1064304524        0.0000000089
       57.4489800000        1.0000000000        1.0000000000      102.3420941248        0.0000000000        0.8869204367        0.1064304524        0.0000046388
       57.5510200000        1.0000000000        1.0000000000       76.2301114805        0.0000000000        0.8869204367        0.1064304524        0.0001064736
       57.6530610000        1.0000000000        1.0000000000       60.5803344810        0.0000000000        0.8869204367        0.1064304524        0.0006963625
       57.7551020000        1.0000000000        1.0000000000       50.2309536692        0.0000000000        0.8869204367        0.1064304524        0.0024109982
       57.8571430000        1.0000000000        1.0000000000       42.9505622683        0.0000000000        0.8869204367        0.1064304524        0.0057758637
       57.9591840000        1.0000000000        1.0000000000       37.5970869550        0.0000000000        0.8869204367        0.1064304524        0.0109803229
       58.0612240000        1.0000000000        1.0000000000       33.5246186319        0.0000000000        0.8869204367        0.1064304524        0.0179000059
       58.1632650000        1.0000000000        1.0000000000       30.3421978947        0.0000000000        0.8869204367        0.1064304524        0.0262244330
       58.2653060000        1.0000000000        1.0000000000       27.8012648813        0.0000000000        0.8869204367        0.1064304524        0.0355735895
       58.3673470000        1.0000000000        1.0000000000       25.7383238393        0.0000000000        0.8869204367        0.1064304524        0.0455657537
       58.4693880000        1.0000000000        1.0000000000       24.0465678655        0.0000000000        0.8869204367        0.1064304524        0.0558219485
       58.5714290000        1.0000000000        1.0000000000       22.6789047346        0.0000000000        0.8869204367        0.1064304524        0.0657780839
       58.6734690000        1.0000000000        1.0000000000       21.7634604677        0.0000000000        0.8869204367        0.1064304524        0.0734158625
       58.7755100000        1.0000000000        1.0000000000       21.9753268318        0.0000000000        0.8869204367        0.1064304524        0.0715728677
       58.8775510000        1.0000000000        1.0000000000       24.4185881643        0.0000000000        0.8869204367        0.1064304524        0.0533847273
       58.9795920000        1.0000000000        1.0000000000       28.0816834287        0.0000000000        0.8869204367        0.1064304524        0.0343964468
       59.0816330000        1.0000000000        1.0000000000       28.6355785765        0.0000000000        0.8869204367        0.1064304524        0.0321845283
       59.1836730000        1.0000000000        1.0000000000       24.6155378179        0.0000000000        0.8869204367        0.1064304524        0.0521378275
       59.2857140000        1.0000000000        1.0000000000       19.9902177479        0.0000000000        0.8869204367        0.1064304524        0.0908245069
       59.3877550000        1.0000000000        1.0000000000       17.4145238263        0.0000000000        0.8869204367        0.1064304524        0.1237189449
       59.4897960000        1.0000000000        1.0000000000       16.3121976291        0.0000000000        0.8869204367        0.1064304524        0.1412161314
       59.5918370000        1.0000000000        1.0000000000       15.7203971431        0.0000000000        0.8869204367        0.1064304524        0.1516094220
       59.6938780000        1.0000000000        1.0000000000       15.2799348255        0.0000000000        0.8869204367        0.1064304524        0.1598383672
       59.7959180000        1.0000000000        1.0000000000       14.9063043930        0.0000000000        0.8869204367        0.1064304524        0.1671679092
       59.8979590000        1.0000000000        1.0000000000       14.5764442523        0.0000000000        0.8869204367        0.1064304524        0.1739176600
       60.0000000000        1.0000000000        1.0000000000       14.2801416883        0.0000000000        0.8869204367        0.1064304524        0.1802127823
