       55.0000000000        1.0000000000        1.0000000000        7.2580138182        0.0000000000        0.8869204367        0.1064304524        0.4185488547
       55.1020410000        1.0000000000        1.0000000000        7.3320158480        0.0000000000        0.8869204367        0.1064304524        0.4148484933
       55.2040820000        1.0000000000        1.0000000000        7.4262469736        0.0000000000        0.8869204367        0.1064304524        0.4101839190
       55.3061220000        1.0000000000        1.0000000000        7.5496998957        0.0000000000        0.8869204367        0.1064304524        0.4041520997
       55.4081630000        1.0000000000        1.0000000000        7.7323662004        0.0000000000        0.8869204367        0.1064304524        0.3953894921
       55.5102040000        1.0000000000        1.0000000000        8.0878046353        0.0000000000        0.8869204367        0.1064304524        0.3788796933
       55.6122450000        1.0000000000        1.0000000000        8.8432877241        0.0000000000        0.8869204367        0.1064304524        0.3460422066
       55.7142860000        1.0000000000        1.0000000000        9.9391183893        0.0000000000        0.8869204367        0.1064304524        0.3034027322
       55.8163270000        1.0000000000        1.0000000000       10.6201015640        0.0000000000        0.8869204367        0.1064304524        0.2795952695
       55.9183670000        1.0000000000        1.0000000000       10.4860614234        0.0000000000        0.8869204367        0.1064304524        0.2841288715
       56.0204080000        1.0000000000        1.0000000000       10.2855097403        0.0000000000        0.8869204367        0.1064304524        0.2910497196
       56.1224490000        1.0000000000        1.0000000000       10.6483775772        0.0000000000        0.8869204367        0.1064304524        0.2786481764
       56.2244900000        1.0000000000        1.0000000000       11.5620810982        0.0000000000        0.8869204367        0.1064304524        0.2497113241
       56.3265310000        1.0000000000        1.0000000000       12.9603729966        0.0000000000        0.8869204367        0.1064304524        0.2111376983
       56.4285710000        1.0000000000        1.0000000000       14.9859685528        0.0000000000        0.8869204367        0.1064304524        0.1655774486
       56.5306120000        1.0000000000        1.0000000000       18.0097873533        0.0000000000        0.8869204367        0.1064304524        0.1151897532
       56.6326530000        1.0000000000        1.0000000000       22.8162695770        0.0000000000        0.8869204367        0.1064304524        0.0647026999
       56.7346940000        1.0000000000        1.0000000000       31.4549805986        0.0000000000        0.8869204367        0.1064304524        0.0229463207
       56.8367350000        1.0000000000        1.0000000000       51.5920663051        0.0000000000        0.8869204367        0.1064304524        0.0020476797
       56.9387760000        1.0000000000        1.0000000000      114.8919908081        0.0000000000        0.8869204367        0.1064304524        0.0000010289
       57.0408160000        1.0000000000        1.0000000000      305.7557534255        0.0000000000        0.8869204367        0.1064304524        0.0000000000
       57.1428570000        1.0000000000        1.0000000000      678.5844630006        0.0000000000        0.8869204367        0.1064304524        0.0000000000
       57.2448980000        1.0000000000        1.0000000000     1022.1332832446        0.0000000000        0.8869204367        0.1064304524        0.0000000000
       57.3469390000        1.0000000000        1.0000000000     1065.4664480559        0.0000000000        0.8869204367        0.1064304524        0.0000000000
       57.4489800000        1.0000000000        1.0000000000     1087.3869442047        0.0000000000        0.8869204367        0.1064304524        0.0000000000
       57.5510200000        1.0000000000        1.0000000000     1440.1800788755        0.0000000000        0.8869204367        0.1064304524        0.0000000000
       57.6530610000        1.0000000000        1.0000000000     1680.0823717150        0.0000000000        0.8869204367        0.1064304524        0.0000000000
       57.7551020000        1.0000000000        1.0000000000     1306.0679552866        0.0000000000        0.8869204367        0.1064304524        0.0000000000
       57.8571430000        1.0000000000        1.0000000000      676.5397883118        0.0000000000        0.8869204367        0.1064304524        0.0000000000
       57.9591840000        1.0000000000        1.0000000000      278.2590725381        0.0000000000        0.8869204367        0.1064304524        0.0000000000
       58.0612240000        1.0000000000        1.0000000000      126.6925261671        0.0000000000        0.8869204367        0.1064304524        0.0000002497
       58.1632650000        1.0000000000        1.0000000000       76.8266379857        0.0000000000        0.8869204367        0.1064304524        0.0000991183
       58.2653060000        1.0000000000        1.0000000000       56.1892737134        0.0000000000        0.8869204367        0.1064304524        0.0011794432
       58.3673470000        1.0000000000        1.0000000000       44.8388927631        0.0000000000        0.8869204367        0.1064304524        0.0046047489
       58.4693880000        1.0000000000        1.0000000000       37.5819718414        0.0000000000        0.8869204367        0.1064304524        0.0110002572
       58.5714290000        1.0000000000        1.0000000000       32.6026815216        0.0000000000        0.8869204367        0.1064304524        0.0199940253
       58.6734690000        1.0000000000        1.0000000000       29.2185614370        0.0000000000        0.8869204367        0.1064304524        0.0300099174
       58.7755100000        1.0000000000        1.0000000000       27.6766554215        0.0000000000        0.8869204367        0.1064304524        0.0361095231
       58.8775510000        1.0000000000        1.0000000000       28.8385391099        0.0000000000        0.8869204367        0.1064304524        0.0314101342
       58.9795920000        1.0000000000        1.0000000000       31.5504957948        0.0000000000        0.8869204367        0.1064304524        0.0226848156
       59.0816330000        1.0000000000        1.0000000000       31.3881374299        0.0000000000        0.8869204367        0.1064304524        0.0231311175
       59.1836730000        1.0000000000        1.0000000000       26.8120576884        0.0000000000        0.8869204367        0.1064304524        0.0400571969
       59.2857140000        1.0000000000        1.0000000000       21.7417821267        0.0000000000        0.8869204367        0.1064304524        0.0736070952
       59.3877550000        1.0000000000        1.0000000000       18.8074966945        0.0000000000        0.8869204367        0.1064304524        0.1046745147
       59.4897960000        1.0000000000        1.0000000000       17.4164336178        0.0000000000        0.8869204367        0.1064304524        0.1236905949
       59.5918370000        1.0000000000        1.0000000000       16.5907940538        0.0000000000        0.8869204367        0.1064304524        0.1365730986
       59.6938780000        1.0000000000        1.0000000000       15.9592919134        0.0000000000        0.8869204367        0.1064304524        0.1473248849
       59.7959180000        1.0000000000        1.0000000000       15.4283516759        0.0000000000        0.8869204367        0.1064304524        0.1570168427
       59.8979590000        1.0000000000        1.0000000000       14.9680928978        0.0000000000        0.8869204367        0.1064304524        0.1659330064
       60.0000000000        1.0000000000        1.0000000000       14.5630873908        0.0000000000        0.8869204367        0.1064304524        0.1741966428
