       55.0000000000        1.0000000000        1.0000000000        7.0888128982        0.0000000000        0.8869204367        0.1064304524        0.4271339786
       55.1020410000        1.0000000000        1.0000000000        7.1069005476        0.0000000000        0.8869204367        0.1064304524        0.4262078820
       55.2040820000        1.0000000000        1.0000000000        7.1332116387        0.0000000000        0.8869204367        0.1064304524        0.4248643249
       55.3061220000        1.0000000000        1.0000000000        7.1736620781        0.0000000000        0.8869204367        0.1064304524        0.4228070082
       55.4081630000        1.0000000000        1.0000000000        7.2541337093        0.0000000000        0.8869204367        0.1064304524        0.4187437819
       55.5102040000        1.0000000000        1.0000000000        7.4828091426        0.0000000000        0.8869204367        0.1064304524        0.4074092392
       55.6122450000        1.0000000000        1.0000000000        8.0808572961        0.0000000000        0.8869204367        0.1064304524        0.3791956897
       55.7142860000        1.0000000000        1.0000000000        8.9820196822        0.0000000000        0.8869204367        0.1064304524        0.3403290409
       55.8163270000        1.0000000000        1.0000000000        9.4187266747        0.0000000000        0.8869204367        0.1064304524        0.3229534122
       55.9183670000        1.0000000000        1.0000000000        8.9671014990        0.0000000000        0.8869204367        0.1064304524        0.3409388375
       56.0204080000        1.0000000000        1.0000000000        8.3450490034        0.0000000000        0.8869204367        0.1064304524        0.3673626101
       56.1224490000        1.0000000000        1.0000000000        8.1436879446        0.0000000000        0.8869204367        0.1064304524        0.3763474273
       56.2244900000        1.0000000000        1.0000000000        8.2895208108        0.0000000000        0.8869204367        0.1064304524        0.3698186616
       56.3265310000        1.0000000000        1.0000000000        8.6138576849        0.0000000000        0.8869204367        0.1064304524        0.3557016639
       56.4285710000        1.0000000000        1.0000000000        9.0828995671        0.0000000000        0.8869204367        0.1064304524        0.3362339949
       56.5306120000        1.0000000000        1.0000000000        9.7406615474        0.0000000000        0.8869204367        0.1064304524        0.3107149378
       56.6326530000        1.0000000000        1.0000000000       10.6839189815        0.0000000000        0.8869204367        0.1064304524        0.2774622814
       56.7346940000        1.0000000000        1.0000000000       12.0954371387        0.0000000000        0.8869204367        0.1064304524        0.2342298322
       56.8367350000        1.0000000000        1.0000000000       14.3591900268        0.0000000000        0.8869204367        0.1064304524        0.1785114020
       56.9387760000        1.0000000000        1.0000000000       18.5179100095        0.0000000000        0.8869204367        0.1064304524        0.1083759367
       57.0408160000        1.0000000000        1.0000000000       28.7694624694        0.0000000000        0.8869204367        0.1064304524        0.0316715811
       57.1428570000        1.0000000000        1.0000000000       64.1469304759        0.0000000000        0.8869204367        0.1064304524        0.0004539009
       57.2448980000        1.0000000000        1.0000000000      181.0153679006        0.0000000000        0.8869204367        0.1064304524        0.0000000004
       57.3469390000        1.0000000000        1.0000000000      427.6279450923        0.0000000000        0.8869204367        0.1064304524        0.0000000000
       57.4489800000        1.0000000000        1.0000000000      664.8582319887        0.0000000000        0.8869204367        0.1064304524        0.0000000000
       57.5510200000        1.0000000000        1.0000000000      630.9114253081        0.0000000000        0.8869204367        0.1064304524        0.0000000000
       57.6530610000        1.0000000000        1.0000000000      371.7223759059        0.0000000000        0.8869204367        0.1064304524        0.0000000000
       57.7551020000        1.0000000000        1.0000000000      156.1275695453        0.0000000000        0.8869204367        0.1064304524        0.0000000073
       57.8571430000        1.0000000000        1.0000000000       72.7098590093        0.0000000000        0.8869204367        0.1064304524        0.0001624430
       57.9591840000        1.0000000000        1.0000000000       66.9534535086        0.0000000000        0.8869204367        0.1064304524        0.0003241143
       58.0612240000        1.0000000000        1.0000000000      127.1575110156        0.0000000000        0.8869204367        0.1064304524        0.0000002361
       58.1632650000        1.0000000000        1.0000000000      355.8381885685        0.0000000000        0.8869204367        0.1064304524        0.0000000000
       58.2653060000        1.0000000000        1.0000000000      905.2999565388        0.0000000000        0.8869204367        0.1064304524        0.0000000000
       58.3673470000        1.0000000000        1.0000000000     1583.3610575220        0.0000000000        0.8869204367        0.1064304524        0.0000000000
       58.4693880000        1.0000000000        1.0000000000     1741.1812588973        0.0000000000        0.8869204367        0.1064304524        0.0000000000
       58.5714290000        1.0000000000        1.0000000000     1200.6420581312        0.0000000000        0.8869204367        0.1064304524        0.0000000000
       58.6734690000        1.0000000000        1.0000000000      563.1368593405        0.0000000000        0.8869204367        0.1064304524        0.0000000000
       58.7755100000        1.0000000000        1.0000000000      224.7801790325        0.0000000000        0.8869204367        0.1064304524        0.0000000000
       58.8775510000        1.0000000000        1.0000000000      109.8826417251        0.0000000000        0.8869204367        0.1064304524        0.0000018768
       58.9795920000        1.0000000000        1.0000000000       75.4577478554        0.0000000000        0.8869204367        0.1064304524        0.0001168138
       59.0816330000        1.0000000000        1.0000000000       59.9465800727        0.0000000000        0.8869204367        0.1064304524        0.0007513871
       59.1836730000        1.0000000000        1.0000000000       47.1117988898        0.0000000000        0.8869204367        0.1064304524        0.0035055219
       59.2857140000        1.0000000000        1.0000000000       36.8881443388        0.0000000000        0.8869204367        0.1064304524        0.0119553390
       59.3877550000        1.0000000000        1.0000000000       30.4871647243        0.0000000000        0.8869204367        0.1064304524        0.0257721773
       59.4897960000        1.0000000000        1.0000000000       26.6655341080        0.0000000000        0.8869204367        0.1064304524        0.0407677442
       59.5918370000        1.0000000000        1.0000000000       24.0766686831        0.0000000000        0.8869204367        0.1064304524        0.0556206779
       59.6938780000        1.0000000000        1.0000000000       22.1267579271        0.0000000000        0.8869204367        0.1064304524        0.0702840106
       59.7959180000        1.0000000000        1.0000000000       20.5848827314        0.0000000000        0.8869204367        0.1064304524        0.0845691338
       59.8979590000        1.0000000000        1.0000000000       19.3332451797        0.0000000000        0.8869204367        0.1064304524        0.0982746252
       60.0000000000        1.0000000000        1.0000000000       18.2979204464        0.0000000000        0.8869204367        0.1064304524        0.1112750234
