       55.0000000000        1.0000000000        1.0000000000        7.8312887033        0.0000000000        0.8869204367        0.1064304524        0.3907236898
       55.1020410000        1.0000000000        1.0000000000        8.0945938797        0.0000000000        0.8869204367        0.1064304524        0.3785711422
       55.2040820000        1.0000000000        1.0000000000        8.4227793043        0.0000000000        0.8869204367        0.1064304524        0.3639519169
       55.3061220000        1.0000000000        1.0000000000        8.8389191115        0.0000000000        0.8869204367        0.1064304524        0.3462236611
       55.4081630000        1.0000000000        1.0000000000        9.3931457547        0.0000000000        0.8869204367        0.1064304524        0.3239463088
       55.5102040000        1.0000000000        1.0000000000       10.2280548926        0.0000000000        0.8869204367        0.1064304524        0.2930633191
       55.6122450000        1.0000000000        1.0000000000       11.6116553136        0.0000000000        0.8869204367        0.1064304524        0.2482302248
       55.7142860000        1.0000000000        1.0000000000       13.5435763971        0.0000000000        0.8869204367        0.1064304524        0.1968665546
       55.8163270000        1.0000000000        1.0000000000       15.3749379380        0.0000000000        0.8869204367        0.1064304524        0.1580264978
       55.9183670000        1.0000000000        1.0000000000       16.9026800652        0.0000000000        0.8869204367        0.1064304524        0.1315561387
       56.0204080000        1.0000000000        1.0000000000       19.2255659924        0.0000000000        0.8869204367        0.1064304524        0.0995527207
       56.1224490000        1.0000000000        1.0000000000       23.6752893796        0.0000000000        0.8869204367        0.1064304524        0.0583652427
       56.2244900000        1.0000000000        1.0000000000       31.9989137903        0.0000000000        0.8869204367        0.1064304524        0.0214964031
       56.3265310000        1.0000000000        1.0000000000       50.5777782710        0.0000000000        0.8869204367        0.1064304524        0.0023127144
       56.4285710000        1.0000000000        1.0000000000      108.4803790794        0.0000000000        0.8869204367        0.1064304524        0.0000022208
       56.5306120000        1.0000000000        1.0000000000      300.5360113692        0.0000000000        0.8869204367        0.1064304524        0.0000000000
       56.6326530000        1.0000000000        1.0000000000      743.6283493880        0.0000000000        0.8869204367        0.1064304524        0.0000000000
       56.7346940000        1.0000000000        1.0000000000     1251.1165404647        0.0000000000        0.8869204367        0.1064304524        0.0000000000
       56.8367350000        1.0000000000        1.0000000000     1301.1202633182        0.0000000000        0.8869204367        0.1064304524        0.0000000000
       56.9387760000        1.0000000000        1.0000000000      833.0822998406        0.0000000000        0.8869204367        0.1064304524        0.0000000000
       57.0408160000        1.0000000000        1.0000000000      361.2882204946        0.0000000000        0.8869204367        0.1064304524        0.0000000000
       57.1428570000        1.0000000000        1.0000000000      144.7249887296        0.0000000000        0.8869204367        0.1064304524        0.0000000287
       57.2448980000        1.0000000000        1.0000000000       94.4681858462        0.0000000000        0.8869204367        0.1064304524        0.0000119332
       57.3469390000        1.0000000000        1.0000000000      128.9762439682        0.0000000000        0.8869204367        0.1064304524        0.0000001898
       57.4489800000        1.0000000000        1.0000000000      308.0735354394        0.0000000000        0.8869204367        0.1064304524        0.0000000000
       57.5510200000        1.0000000000        1.0000000000      835.1899451183        0.0000000000        0.8869204367        0.1064304524        0.0000000000
       57.6530610000        1.0000000000        1.0000000000     1747.3074007232        0.0000000000        0.8869204367        0.1064304524        0.0000000000
       57.7551020000        1.0000000000        1.0000000000     2395.1030547432        0.0000000000        0.8869204367        0.1064304524        0.0000000000
       57.8571430000        1.0000000000        1.0000000000     2064.4886904801        0.0000000000        0.8869204367        0.1064304524        0.0000000000
       57.9591840000        1.0000000000        1.0000000000     1165.0771037992        0.0000000000        0.8869204367        0.1064304524        0.0000000000
       58.0612240000        1.0000000000        1.0000000000      498.2653768137        0.0000000000        0.8869204367        0.1064304524        0.0000000000
       58.1632650000        1.0000000000        1.0000000000      216.9183867572        0.0000000000        0.8869204367        0.1064304524        0.0000000000
       58.2653060000        1.0000000000        1.0000000000      121.9258020167        0.0000000000        0.8869204367        0.1064304524        0.0000004424
       58.3673470000        1.0000000000        1.0000000000       84.7090419025        0.0000000000        0.8869204367        0.1064304524        0.0000384910
       58.4693880000        1.0000000000        1.0000000000       65.3871867357        0.0000000000        0.8869204367        0.1064304524        0.0003911332
       58.5714290000        1.0000000000        1.0000000000       53.4847127348        0.0000000000        0.8869204367        0.1064304524        0.0016316467
       58.6734690000        1.0000000000        1.0000000000       45.6668826693        0.0000000000        0.8869204367        0.1064304524        0.0041692216
       58.7755100000        1.0000000000        1.0000000000       41.0792284716        0.0000000000        0.8869204367        0.1064304524        0.0072300638
       58.8775510000        1.0000000000        1.0000000000       40.0499436133        0.0000000000        0.8869204367        0.1064304524        0.0081805718
       58.9795920000        1.0000000000        1.0000000000       41.1571900783        0.0000000000        0.8869204367        0.1064304524        0.0071627391
       59.0816330000        1.0000000000        1.0000000000       39.8009802912        0.0000000000        0.8869204367        0.1064304524        0.0084286587
       59.1836730000        1.0000000000        1.0000000000       34.2791874139        0.0000000000        0.8869204367        0.1064304524        0.0163504070
       59.2857140000        1.0000000000        1.0000000000       28.4111929766        0.0000000000        0.8869204367        0.1064304524        0.0330629104
       59.3877550000        1.0000000000        1.0000000000       24.8023915151        0.0000000000        0.8869204367        0.1064304524        0.0509817791
       59.4897960000        1.0000000000        1.0000000000       22.8482758970        0.0000000000        0.8869204367        0.1064304524        0.0644546691
       59.5918370000        1.0000000000        1.0000000000       21.5500946761        0.0000000000        0.8869204367        0.1064304524        0.0753198655
       59.6938780000        1.0000000000        1.0000000000       20.5167204766        0.0000000000        0.8869204367        0.1064304524        0.0852637013
       59.7959180000        1.0000000000        1.0000000000       19.6398933770        0.0000000000        0.8869204367        0.1064304524        0.0947240638
       59.8979590000        1.0000000000        1.0000000000       18.8789921838        0.0000000000        0.8869204367        0.1064304524        0.1037803054
       60.0000000000        1.0000000000        1.0000000000       18.2104827635        0.0000000000        0.8869204367        0.1064304524        0.1124487258
