       55.0000000000        1.0000000000        1.0000000000        7.8171918616        0.0000000000        0.8869204367        0.1064304524        0.3913852056
       55.1020410000        1.0000000000        1.0000000000        8.0851227094        0.0000000000        0.8869204367        0.1064304524        0.3790016482
       55.2040820000        1.0000000000        1.0000000000        8.4069343275        0.0000000000        0.8869204367        0.1064304524        0.3646445924
       55.3061220000        1.0000000000        1.0000000000        8.7989476390        0.0000000000        0.8869204367        0.1064304524        0.3478883386
       55.4081630000        1.0000000000        1.0000000000        9.3006932858        0.0000000000        0.8869204367        0.1064304524        0.3275602752
       55.5102040000        1.0000000000        1.0000000000       10.0377338795        0.0000000000        0.8869204367        0.1064304524        0.2998334679
       55.6122450000        1.0000000000        1.0000000000       11.2494874585        0.0000000000        0.8869204367        0.1064304524        0.2592562057
       55.7142860000        1.0000000000        1.0000000000       12.8867882987        0.0000000000        0.8869204367        0.1064304524        0.2130103345
       55.8163270000        1.0000000000        1.0000000000       14.2178418112        0.0000000000        0.8869204367        0.1064304524        0.1815650990
       55.9183670000        1.0000000000        1.0000000000       14.8923819800        0.0000000000        0.8869204367        0.1064304524        0.1674474283
       56.0204080000        1.0000000000        1.0000000000       15.7164055519        0.0000000000        0.8869204367        0.1064304524        0.1516820590
       56.1224490000        1.0000000000        1.0000000000       17.3793019534        0.0000000000        0.8869204367        0.1064304524        0.1242429651
       56.2244900000        1.0000000000        1.0000000000       19.9551165827        0.0000000000        0.8869204367        0.1064304524        0.0912078793
       56.3265310000        1.0000000000        1.0000000000       23.5125665376        0.0000000000        0.8869204367        0.1064304524        0.0595161256
       56.4285710000        1.0000000000        1.0000000000       28.3949220654        0.0000000000        0.8869204367        0.1064304524        0.0331275291
       56.5306120000        1.0000000000        1.0000000000       35.2678736534        0.0000000000        0.8869204367        0.1064304524        0.0145212115
       56.6326530000        1.0000000000        1.0000000000       45.3154856901        0.0000000000        0.8869204367        0.1064304524        0.0043487872
       56.7346940000        1.0000000000        1.0000000000       60.7804397951        0.0000000000        0.8869204367        0.1064304524        0.0006798402
       56.8367350000        1.0000000000        1.0000000000       86.4620091360        0.0000000000        0.8869204367        0.1064304524        0.0000311891
       56.9387760000        1.0000000000        1.0000000000      135.0513461049        0.0000000000        0.8869204367        0.1064304524        0.0000000916
       57.0408160000        1.0000000000        1.0000000000      249.4335615694        0.0000000000        0.8869204367        0.1064304524        0.0000000000
       57.1428570000        1.0000000000        1.0000000000      576.2716268078        0.0000000000        0.8869204367        0.1064304524        0.0000000000
       57.2448980000        1.0000000000        1.0000000000     1440.6028044288        0.0000000000        0.8869204367        0.1064304524        0.0000000000
       57.3469390000        1.0000000000        1.0000000000     2973.3637344975        0.0000000000        0.8869204367        0.1064304524        0.0000000000
       57.4489800000        1.0000000000        1.0000000000     4260.6048345413        0.0000000000        0.8869204367        0.1064304524        0.0000000000
       57.5510200000        1.0000000000        1.0000000000     3982.9500913022        0.0000000000        0.8869204367        0.1064304524        0.0000000000
       57.6530610000        1.0000000000        1.0000000000     2481.6970840566        0.0000000000        0.8869204367        0.1064304524        0.0000000000
       57.7551020000        1.0000000000        1.0000000000     1158.2818266978        0.0000000000        0.8869204367        0.1064304524        0.0000000000
       57.8571430000        1.0000000000        1.0000000000      511.1121826262        0.0000000000        0.8869204367        0.1064304524        0.0000000000
       57.9591840000        1.0000000000        1.0000000000      269.0581070533        0.0000000000        0.8869204367        0.1064304524        0.0000000000
       58.0612240000        1.0000000000        1.0000000000      173.2905327113        0.0000000000        0.8869204367        0.1064304524        0.0000000009
       58.1632650000        1.0000000000        1.0000000000      125.8830778456        0.0000000000        0.8869204367        0.1064304524        0.0000002751
       58.2653060000        1.0000000000        1.0000000000       97.8810368002        0.0000000000        0.8869204367        0.1064304524        0.0000079231
       58.3673470000        1.0000000000        1.0000000000       79.5635724165        0.0000000000        0.8869204367        0.1064304524        0.0000713703
       58.4693880000        1.0000000000        1.0000000000       66.7963351329        0.0000000000        0.8869204367        0.1064304524        0.0003302832
       58.5714290000        1.0000000000        1.0000000000       57.5187665267        0.0000000000        0.8869204367        0.1064304524        0.0010055185
       58.6734690000        1.0000000000        1.0000000000       50.7406691907        0.0000000000        0.8869204367        0.1064304524        0.0022679469
       58.7755100000        1.0000000000        1.0000000000       46.4729605234        0.0000000000        0.8869204367        0.1064304524        0.0037848264
       58.8775510000        1.0000000000        1.0000000000       45.4287679877        0.0000000000        0.8869204367        0.1064304524        0.0042900703
       58.9795920000        1.0000000000        1.0000000000       46.3847700136        0.0000000000        0.8869204367        0.1064304524        0.0038250934
       59.0816330000        1.0000000000        1.0000000000       44.8313178410        0.0000000000        0.8869204367        0.1064304524        0.0046089365
       59.1836730000        1.0000000000        1.0000000000       39.0758445653        0.0000000000        0.8869204367        0.1064304524        0.0091949455
       59.2857140000        1.0000000000        1.0000000000       32.9414405534        0.0000000000        0.8869204367        0.1064304524        0.0191975451
       59.3877550000        1.0000000000        1.0000000000       29.0610848519        0.0000000000        0.8869204367        0.1064304524        0.0305824127
       59.4897960000        1.0000000000        1.0000000000       26.8506674383        0.0000000000        0.8869204367        0.1064304524        0.0398720344
       59.5918370000        1.0000000000        1.0000000000       25.3160186888        0.0000000000        0.8869204367        0.1064304524        0.0479343821
       59.6938780000        1.0000000000        1.0000000000       24.0651631164        0.0000000000        0.8869204367        0.1064304524        0.0556975246
       59.7959180000        1.0000000000        1.0000000000       22.9884722087        0.0000000000        0.8869204367        0.1064304524        0.0633793827
       59.8979590000        1.0000000000        1.0000000000       22.0439790691        0.0000000000        0.8869204367        0.1064304524        0.0709856533
       60.0000000000        1.0000000000        1.0000000000       21.2068128362        0.0000000000        0.8869204367        0.1064304524        0.0784873715
