       55.0000000000        1.0000000000        1.0000000000        8.0902901751        0.0000000000        0.8869204367        0.1064304524        0.3787667037
       55.1020410000        1.0000000000        1.0000000000        8.4132041529        0.0000000000        0.8869204367        0.1064304524        0.3643703446
       55.2040820000        1.0000000000        1.0000000000        8.8013487452        0.0000000000        0.8869204367        0.1064304524        0.3477881151
       55.3061220000        1.0000000000        1.0000000000        9.2743602777        0.0000000000        0.8869204367        0.1064304524        0.3285969901
       55.4081630000        1.0000000000        1.0000000000        9.8764009589        0.0000000000        0.8869204367        0.1064304524        0.3056947833
       55.5102040000        1.0000000000        1.0000000000       10.7395207765        0.0000000000        0.8869204367        0.1064304524        0.2756171557
       55.6122450000        1.0000000000        1.0000000000       12.1119170542        0.0000000000        0.8869204367        0.1064304524        0.2337670794
       55.7142860000        1.0000000000        1.0000000000       13.9565688523        0.0000000000        0.8869204367        0.1064304524        0.1873478439
       55.8163270000        1.0000000000        1.0000000000       15.5621519076        0.0000000000        0.8869204367        0.1064304524        0.1545159072
       55.9183670000        1.0000000000        1.0000000000       16.6135373592        0.0000000000        0.8869204367        0.1064304524        0.1362008720
       56.0204080000        1.0000000000        1.0000000000       17.9715412536        0.0000000000        0.8869204367        0.1064304524        0.1157196353
       56.1224490000        1.0000000000        1.0000000000       20.4157143774        0.0000000000        0.8869204367        0.1064304524        0.0863034482
       56.2244900000        1.0000000000        1.0000000000       24.1817934982        0.0000000000        0.8869204367        0.1064304524        0.0549234314
       56.3265310000        1.0000000000        1.0000000000       29.6512588843        0.0000000000        0.8869204367        0.1064304524        0.0284914549
       56.4285710000        1.0000000000        1.0000000000       37.8232710884        0.0000000000        0.8869204367        0.1064304524        0.0106863021
       56.5306120000        1.0000000000        1.0000000000       50.9564298045        0.0000000000        0.8869204367        0.1064304524        0.0022099805
       56.6326530000        1.0000000000        1.0000000000       75.2973376944        0.0000000000        0.8869204367        0.1064304524        0.0001190841
       56.7346940000        1.0000000000        1.0000000000      134.2933670806        0.0000000000        0.8869204367        0.1064304524        0.0000001003
       56.8367350000        1.0000000000        1.0000000000      315.4023651706        0.0000000000        0.8869204367        0.1064304524        0.0000000000
       56.9387760000        1.0000000000        1.0000000000      810.2824455821        0.0000000000        0.8869204367        0.1064304524        0.0000000000
       57.0408160000        1.0000000000        1.0000000000     1646.5972266063        0.0000000000        0.8869204367        0.1064304524        0.0000000000
       57.1428570000        1.0000000000        1.0000000000     2210.1481637393        0.0000000000        0.8869204367        0.1064304524        0.0000000000
       57.2448980000        1.0000000000        1.0000000000     1852.3000988363        0.0000000000        0.8869204367        0.1064304524        0.0000000000
       57.3469390000        1.0000000000        1.0000000000     1006.3992249777        0.0000000000        0.8869204367        0.1064304524        0.0000000000
       57.4489800000        1.0000000000        1.0000000000      449.4011632635        0.0000000000        0.8869204367        0.1064304524        0.0000000000
       57.5510200000        1.0000000000        1.0000000000      379.5343012367        0.0000000000        0.8869204367        0.1064304524        0.0000000000
       57.6530610000        1.0000000000        1.0000000000      820.4211524618        0.0000000000        0.8869204367        0.1064304524        0.0000000000
       57.7551020000        1.0000000000        1.0000000000     1818.5348809798        0.0000000000        0.8869204367        0.1064304524        0.0000000000
       57.8571430000        1.0000000000        1.0000000000     2791.7016579743        0.0000000000        0.8869204367        0.1064304524        0.0000000000
       57.9591840000        1.0000000000        1.0000000000     2730.7597049007        0.0000000000        0.8869204367        0.1064304524        0.0000000000
       58.0612240000        1.0000000000        1.0000000000     1737.5683954763        0.0000000000        0.8869204367        0.1064304524        0.0000000000
       58.1632650000        1.0000000000        1.0000000000      810.9353219337        0.0000000000        0.8869204367        0.1064304524        0.0000000000
       58.2653060000        1.0000000000        1.0000000000      357.6091764595        0.0000000000        0.8869204367        0.1064304524        0.0000000000
       58.3673470000        1.0000000000        1.0000000000      193.2197211469        0.0000000000        0.8869204367        0.1064304524        0.0000000001
       58.4693880000        1.0000000000        1.0000000000      129.7881824820        0.0000000000        0.8869204367        0.1064304524        0.0000001722
       58.5714290000        1.0000000000        1.0000000000       98.1478364512        0.0000000000        0.8869204367        0.1064304524        0.0000076735
       58.6734690000        1.0000000000        1.0000000000       79.2237959817        0.0000000000        0.8869204367        0.1064304524        0.0000743404
       58.7755100000        1.0000000000        1.0000000000       67.5333176079        0.0000000000        0.8869204367        0.1064304524        0.0003023280
       58.8775510000        1.0000000000        1.0000000000       61.6211585341        0.0000000000        0.8869204367        0.1064304524        0.0006145999
       58.9795920000        1.0000000000        1.0000000000       59.2479982531        0.0000000000        0.8869204367        0.1064304524        0.0008170912
       59.0816330000        1.0000000000        1.0000000000       55.3441427463        0.0000000000        0.8869204367        0.1064304524        0.0013053330
       59.1836730000        1.0000000000        1.0000000000       47.8482620504        0.0000000000        0.8869204367        0.1064304524        0.0032090143
       59.2857140000        1.0000000000        1.0000000000       40.3609258492        0.0000000000        0.8869204367        0.1064304524        0.0078809163
       59.3877550000        1.0000000000        1.0000000000       35.4103730074        0.0000000000        0.8869204367        0.1064304524        0.0142750109
       59.4897960000        1.0000000000        1.0000000000       32.3499050691        0.0000000000        0.8869204367        0.1064304524        0.0206097996
       59.5918370000        1.0000000000        1.0000000000       30.1321898271        0.0000000000        0.8869204367        0.1064304524        0.0268937119
       59.6938780000        1.0000000000        1.0000000000       28.3240428420        0.0000000000        0.8869204367        0.1064304524        0.0334104972
       59.7959180000        1.0000000000        1.0000000000       26.7863532788        0.0000000000        0.8869204367        0.1064304524        0.0401809453
       59.8979590000        1.0000000000        1.0000000000       25.4559587871        0.0000000000        0.8869204367        0.1064304524        0.0471361501
       60.0000000000        1.0000000000        1.0000000000       24.2923902913        0.0000000000        0.8869204367        0.1064304524        0.0541993244
