       55.0000000000        1.0000000000        1.0000000000        9.0411335455        0.0000000000        0.8869204367        0.1064304524        0.3379234037
       55.1020410000        1.0000000000        1.0000000000        9.4985651997        0.0000000000        0.8869204367        0.1064304524        0.3198740917
       55.2040820000        1.0000000000        1.0000000000       10.0365728095        0.0000000000        0.8869204367        0.1064304524        0.2998752461
       55.3061220000        1.0000000000        1.0000000000       10.6763424691        0.0000000000        0.8869204367        0.1064304524        0.2777146597
       55.4081630000        1.0000000000        1.0000000000       11.4635198858        0.0000000000        0.8869204367        0.1064304524        0.2526822809
       55.5102040000        1.0000000000        1.0000000000       12.5310515245        0.0000000000        0.8869204367        0.1064304524        0.2223002834
       55.6122450000        1.0000000000        1.0000000000       14.1252885411        0.0000000000        0.8869204367        0.1064304524        0.1835928720
       55.7142860000        1.0000000000        1.0000000000       16.2021960795        0.0000000000        0.8869204367        0.1064304524        0.1430925680
       55.8163270000        1.0000000000        1.0000000000       18.0423137458        0.0000000000        0.8869204367        0.1064304524        0.1147410247
       55.9183670000        1.0000000000        1.0000000000       19.3226790428        0.0000000000        0.8869204367        0.1064304524        0.0983993102
       56.0204080000        1.0000000000        1.0000000000       20.8775173819        0.0000000000        0.8869204367        0.1064304524        0.0816509287
       56.1224490000        1.0000000000        1.0000000000       23.4194121149        0.0000000000        0.8869204367        0.1064304524        0.0601851609
       56.2244900000        1.0000000000        1.0000000000       27.0529596497        0.0000000000        0.8869204367        0.1064304524        0.0389157916
       56.3265310000        1.0000000000        1.0000000000       31.8902392251        0.0000000000        0.8869204367        0.1064304524        0.0217785725
       56.4285710000        1.0000000000        1.0000000000       38.3272796383        0.0000000000        0.8869204367        0.1064304524        0.0100591405
       56.5306120000        1.0000000000        1.0000000000       47.0842495974        0.0000000000        0.8869204367        0.1064304524        0.0035171300
       56.6326530000        1.0000000000        1.0000000000       59.3738889992        0.0000000000        0.8869204367        0.1064304524        0.0008048403
       56.7346940000        1.0000000000        1.0000000000       77.3387001809        0.0000000000        0.8869204367        0.1064304524        0.0000932111
       56.8367350000        1.0000000000        1.0000000000      105.1068356539        0.0000000000        0.8869204367        0.1064304524        0.0000033291
       56.9387760000        1.0000000000        1.0000000000      151.8004495162        0.0000000000        0.8869204367        0.1064304524        0.0000000123
       57.0408160000        1.0000000000        1.0000000000      242.0242011577        0.0000000000        0.8869204367        0.1064304524        0.0000000000
       57.1428570000        1.0000000000        1.0000000000      454.6688048854        0.0000000000        0.8869204367        0.1064304524        0.0000000000
       57.2448980000        1.0000000000        1.0000000000     1020.0511611520        0.0000000000        0.8869204367        0.1064304524        0.0000000000
       57.3469390000        1.0000000000        1.0000000000     2313.7602034224        0.0000000000        0.8869204367        0.1064304524        0.0000000000
       57.4489800000        1.0000000000        1.0000000000     4210.7009598695        0.0000000000        0.8869204367        0.1064304524        0.0000000000
       57.5510200000        1.0000000000        1.0000000000     5331.0409077142        0.0000000000        0.8869204367        0.1064304524        0.0000000000
       57.6530610000        1.0000000000        1.0000000000     4502.6435141927        0.0000000000        0.8869204367        0.1064304524        0.0000000000
       57.7551020000        1.0000000000        1.0000000000     2638.9468996776        0.0000000000        0.8869204367        0.1064304524        0.0000000000
       57.8571430000        1.0000000000        1.0000000000     1243.0413335779        0.0000000000        0.8869204367        0.1064304524        0.0000000000
       57.9591840000        1.0000000000        1.0000000000      652.3359010607        0.0000000000        0.8869204367        0.1064304524        0.0000000000
       58.0612240000        1.0000000000        1.0000000000      576.9909218002        0.0000000000        0.8869204367        0.1064304524        0.0000000000
       58.1632650000        1.0000000000        1.0000000000      700.3546152702        0.0000000000        0.8869204367        0.1064304524        0.0000000000
       58.2653060000        1.0000000000        1.0000000000      704.3810056179        0.0000000000        0.8869204367        0.1064304524        0.0000000000
       58.3673470000        1.0000000000        1.0000000000      500.5289304501        0.0000000000        0.8869204367        0.1064304524        0.0000000000
       58.4693880000        1.0000000000        1.0000000000      279.4384758201        0.0000000000        0.8869204367        0.1064304524        0.0000000000
       58.5714290000        1.0000000000        1.0000000000      159.7199035421        0.0000000000        0.8869204367        0.1064304524        0.0000000047
       58.6734690000        1.0000000000        1.0000000000      111.3060023085        0.0000000000        0.8869204367        0.1064304524        0.0000015822
       58.7755100000        1.0000000000        1.0000000000       90.0412428019        0.0000000000        0.8869204367        0.1064304524        0.0000202988
       58.8775510000        1.0000000000        1.0000000000       79.6986940734        0.0000000000        0.8869204367        0.1064304524        0.0000702224
       58.9795920000        1.0000000000        1.0000000000       74.5843443049        0.0000000000        0.8869204367        0.1064304524        0.0001297214
       59.0816330000        1.0000000000        1.0000000000       68.7547395546        0.0000000000        0.8869204367        0.1064304524        0.0002611100
       59.1836730000        1.0000000000        1.0000000000       59.7717190012        0.0000000000        0.8869204367        0.1064304524        0.0007673203
       59.2857140000        1.0000000000        1.0000000000       51.0482009515        0.0000000000        0.8869204367        0.1064304524        0.0021857765
       59.3877550000        1.0000000000        1.0000000000       45.0532970061        0.0000000000        0.8869204367        0.1064304524        0.0044877867
       59.4897960000        1.0000000000        1.0000000000       41.1131319397        0.0000000000        0.8869204367        0.1064304524        0.0072007087
       59.5918370000        1.0000000000        1.0000000000       38.1484875501        0.0000000000        0.8869204367        0.1064304524        0.0102772917
       59.6938780000        1.0000000000        1.0000000000       35.6980937448        0.0000000000        0.8869204367        0.1064304524        0.0137905563
       59.7959180000        1.0000000000        1.0000000000       33.6021755355        0.0000000000        0.8869204367        0.1064304524        0.0177341865
       59.8979590000        1.0000000000        1.0000000000       31.7823654138        0.0000000000        0.8869204367        0.1064304524        0.0220623256
       60.0000000000        1.0000000000        1.0000000000       30.1866169515        0.0000000000        0.8869204367        0.1064304524        0.0267186345
