       55.0000000000        1.0000000000        1.0000000000        7.2964186629        0.0000000000        0.8869204367        0.1064304524        0.4166243762
       55.1020410000        1.0000000000        1.0000000000        7.4028740436        0.0000000000        0.8869204367        0.1064304524        0.4113359979
       55.2040820000        1.0000000000        1.0000000000        7.5357522032        0.0000000000        0.8869204367        0.1064304524        0.4048291048
       55.3061220000        1.0000000000        1.0000000000        7.7054682939        0.0000000000        0.8869204367        0.1064304524        0.3966677719
       55.4081630000        1.0000000000        1.0000000000        7.9438774588        0.0000000000        0.8869204367        0.1064304524        0.3854802594
       55.5102040000        1.0000000000        1.0000000000        8.3668937964        0.0000000000        0.8869204367        0.1064304524        0.3664008759
       55.6122450000        1.0000000000        1.0000000000        9.2041569973        0.0000000000        0.8869204367        0.1064304524        0.3313769136
       55.7142860000        1.0000000000        1.0000000000       10.3979628097        0.0000000000        0.8869204367        0.1064304524        0.2871485684
       55.8163270000        1.0000000000        1.0000000000       11.1976370503        0.0000000000        0.8869204367        0.1064304524        0.2608743393
       55.9183670000        1.0000000000        1.0000000000       11.2128007834        0.0000000000        0.8869204367        0.1064304524        0.2604000715
       56.0204080000        1.0000000000        1.0000000000       11.2030507171        0.0000000000        0.8869204367        0.1064304524        0.2607049200
       56.1224490000        1.0000000000        1.0000000000       11.8091391614        0.0000000000        0.8869204367        0.1064304524        0.2424168051
       56.2244900000        1.0000000000        1.0000000000       13.0333187904        0.0000000000        0.8869204367        0.1064304524        0.2092975710
       56.3265310000        1.0000000000        1.0000000000       14.8303522466        0.0000000000        0.8869204367        0.1064304524        0.1686984851
       56.4285710000        1.0000000000        1.0000000000       17.3678076600        0.0000000000        0.8869204367        0.1064304524        0.1244144536
       56.5306120000        1.0000000000        1.0000000000       21.0330835078        0.0000000000        0.8869204367        0.1064304524        0.0801408137
       56.6326530000        1.0000000000        1.0000000000       26.5486748799        0.0000000000        0.8869204367        0.1064304524        0.0413434619
       56.7346940000        1.0000000000        1.0000000000       35.3493078514        0.0000000000        0.8869204367        0.1064304524        0.0143799998
       56.8367350000        1.0000000000        1.0000000000       50.7659713863        0.0000000000        0.8869204367        0.1064304524        0.0022610713
       56.9387760000        1.0000000000        1.0000000000       83.1228617384        0.0000000000        0.8869204367        0.1064304524        0.0000465612
       57.0408160000        1.0000000000        1.0000000000      173.5564215814        0.0000000000        0.8869204367        0.1064304524        0.0000000009
       57.1428570000        1.0000000000        1.0000000000      464.1549721081        0.0000000000        0.8869204367        0.1064304524        0.0000000000
       57.2448980000        1.0000000000        1.0000000000     1204.8548039847        0.0000000000        0.8869204367        0.1064304524        0.0000000000
       57.3469390000        1.0000000000        1.0000000000     2294.2449936485        0.0000000000        0.8869204367        0.1064304524        0.0000000000
       57.4489800000        1.0000000000        1.0000000000     2830.5425404515        0.0000000000        0.8869204367        0.1064304524        0.0000000000
       57.5510200000        1.0000000000        1.0000000000     2205.1205479372        0.0000000000        0.8869204367        0.1064304524        0.0000000000
       57.6530610000        1.0000000000        1.0000000000     1146.0901803951        0.0000000000        0.8869204367        0.1064304524        0.0000000000
       57.7551020000        1.0000000000        1.0000000000      470.7215545895        0.0000000000        0.8869204367        0.1064304524        0.0000000000
       57.8571430000        1.0000000000        1.0000000000      207.0959993848        0.0000000000        0.8869204367        0.1064304524        0.0000000000
       57.9591840000        1.0000000000        1.0000000000      118.3760677669        0.0000000000        0.8869204367        0.1064304524        0.0000006773
       58.0612240000        1.0000000000        1.0000000000       82.1218894649        0.0000000000        0.8869204367        0.1064304524        0.0000525037
       58.1632650000        1.0000000000        1.0000000000       62.8364655111        0.0000000000        0.8869204367        0.1064304524        0.0005311979
       58.2653060000        1.0000000000        1.0000000000       50.8719395955        0.0000000000        0.8869204367        0.1064304524        0.0022325011
       58.3673470000        1.0000000000        1.0000000000       42.8032713607        0.0000000000        0.8869204367        0.1064304524        0.0058788591
       58.4693880000        1.0000000000        1.0000000000       37.0620604696        0.0000000000        0.8869204367        0.1064304524        0.0117084174
       58.5714290000        1.0000000000        1.0000000000       32.8462684291        0.0000000000        0.8869204367        0.1064304524        0.0194180504
       58.6734690000        1.0000000000        1.0000000000       29.8590303025        0.0000000000        0.8869204367        0.1064304524        0.0277898721
       58.7755100000        1.0000000000        1.0000000000       28.5214062651        0.0000000000        0.8869204367        0.1064304524        0.0326285126
       58.8775510000        1.0000000000        1.0000000000       29.7833857465        0.0000000000        0.8869204367        0.1064304524        0.0280432788
       58.9795920000        1.0000000000        1.0000000000       32.5420186280        0.0000000000        0.8869204367        0.1064304524        0.0201401038
       59.0816330000        1.0000000000        1.0000000000       32.3985095540        0.0000000000        0.8869204367        0.1064304524        0.0204899420
       59.1836730000        1.0000000000        1.0000000000       27.8187210139        0.0000000000        0.8869204367        0.1064304524        0.0354991502
       59.2857140000        1.0000000000        1.0000000000       22.7258047340        0.0000000000        0.8869204367        0.1064304524        0.0654089246
       59.3877550000        1.0000000000        1.0000000000       19.7592300801        0.0000000000        0.8869204367        0.1064304524        0.0933772434
       59.4897960000        1.0000000000        1.0000000000       18.3331290095        0.0000000000        0.8869204367        0.1064304524        0.1108058752
       59.5918370000        1.0000000000        1.0000000000       17.4721760277        0.0000000000        0.8869204367        0.1064304524        0.1228659785
       59.6938780000        1.0000000000        1.0000000000       16.8058989441        0.0000000000        0.8869204367        0.1064304524        0.1330929033
       59.7959180000        1.0000000000        1.0000000000       16.2411898900        0.0000000000        0.8869204367        0.1064304524        0.1424245652
       59.8979590000        1.0000000000        1.0000000000       15.7484721837        0.0000000000        0.8869204367        0.1064304524        0.1510995086
       60.0000000000        1.0000000000        1.0000000000       15.3124900301        0.0000000000        0.8869204367        0.1064304524        0.1592151569
