       55.0000000000        1.0000000000        1.0000000000        7.5104993431        0.0000000000        0.8869204367        0.1064304524        0.4060577366
       55.1020410000        1.0000000000        1.0000000000        7.6686110338        0.0000000000        0.8869204367        0.1064304524        0.3984260679
       55.2040820000        1.0000000000        1.0000000000        7.8634526265        0.0000000000        0.8869204367        0.1064304524        0.3892185316
       55.3061220000        1.0000000000        1.0000000000        8.1080695843        0.0000000000        0.8869204367        0.1064304524        0.3779594553
       55.4081630000        1.0000000000        1.0000000000        8.4378394100        0.0000000000        0.8869204367        0.1064304524        0.3632947724
       55.5102040000        1.0000000000        1.0000000000        8.9733382016        0.0000000000        0.8869204367        0.1064304524        0.3406837729
       55.6122450000        1.0000000000        1.0000000000        9.9498301848        0.0000000000        0.8869204367        0.1064304524        0.3030129842
       55.7142860000        1.0000000000        1.0000000000       11.3162997460        0.0000000000        0.8869204367        0.1064304524        0.2571859359
       55.8163270000        1.0000000000        1.0000000000       12.3336703731        0.0000000000        0.8869204367        0.1064304524        0.2276284818
       55.9183670000        1.0000000000        1.0000000000       12.6321274221        0.0000000000        0.8869204367        0.1064304524        0.2196202653
       56.0204080000        1.0000000000        1.0000000000       12.9991915147        0.0000000000        0.8869204367        0.1064304524        0.2101564592
       56.1224490000        1.0000000000        1.0000000000       14.1140224293        0.0000000000        0.8869204367        0.1064304524        0.1838412452
       56.2244900000        1.0000000000        1.0000000000       16.0402680532        0.0000000000        0.8869204367        0.1064304524        0.1459002418
       56.3265310000        1.0000000000        1.0000000000       18.8371830125        0.0000000000        0.8869204367        0.1064304524        0.1043022900
       56.4285710000        1.0000000000        1.0000000000       22.8563799490        0.0000000000        0.8869204367        0.1064304524        0.0643920182
       56.5306120000        1.0000000000        1.0000000000       28.8321502515        0.0000000000        0.8869204367        0.1064304524        0.0314342244
       56.6326530000        1.0000000000        1.0000000000       38.2088627320        0.0000000000        0.8869204367        0.1064304524        0.0102031016
       56.7346940000        1.0000000000        1.0000000000       54.2047108461        0.0000000000        0.8869204367        0.1064304524        0.0014965912
       56.8367350000        1.0000000000        1.0000000000       86.0458106435        0.0000000000        0.8869204367        0.1064304524        0.0000327864
       56.9387760000        1.0000000000        1.0000000000      168.3929706981        0.0000000000        0.8869204367        0.1064304524        0.0000000017
       57.0408160000        1.0000000000        1.0000000000      425.4494335064        0.0000000000        0.8869204367        0.1064304524        0.0000000000
       57.1428570000        1.0000000000        1.0000000000     1116.1322275451        0.0000000000        0.8869204367        0.1064304524        0.0000000000
       57.2448980000        1.0000000000        1.0000000000     2265.6391328915        0.0000000000        0.8869204367        0.1064304524        0.0000000000
       57.3469390000        1.0000000000        1.0000000000     3053.6622684551        0.0000000000        0.8869204367        0.1064304524        0.0000000000
       57.4489800000        1.0000000000        1.0000000000     2615.2959188828        0.0000000000        0.8869204367        0.1064304524        0.0000000000
       57.5510200000        1.0000000000        1.0000000000     1477.4992851945        0.0000000000        0.8869204367        0.1064304524        0.0000000000
       57.6530610000        1.0000000000        1.0000000000      633.2002620230        0.0000000000        0.8869204367        0.1064304524        0.0000000000
       57.7551020000        1.0000000000        1.0000000000      272.0978899238        0.0000000000        0.8869204367        0.1064304524        0.0000000000
       57.8571430000        1.0000000000        1.0000000000      148.0462933464        0.0000000000        0.8869204367        0.1064304524        0.0000000193
       57.9591840000        1.0000000000        1.0000000000       99.3757420091        0.0000000000        0.8869204367        0.1064304524        0.0000066222
       58.0612240000        1.0000000000        1.0000000000       74.5029652001        0.0000000000        0.8869204367        0.1064304524        0.0001309944
       58.1632650000        1.0000000000        1.0000000000       59.4175890332        0.0000000000        0.8869204367        0.1064304524        0.0008006308
       58.2653060000        1.0000000000        1.0000000000       49.3861071507        0.0000000000        0.8869204367        0.1064304524        0.0026682489
       58.3673470000        1.0000000000        1.0000000000       42.3115859332        0.0000000000        0.8869204367        0.1064304524        0.0062361622
       58.4693880000        1.0000000000        1.0000000000       37.1114780482        0.0000000000        0.8869204367        0.1064304524        0.0116391907
       58.5714290000        1.0000000000        1.0000000000       33.1986480722        0.0000000000        0.8869204367        0.1064304524        0.0186140656
       58.6734690000        1.0000000000        1.0000000000       30.3815321427        0.0000000000        0.8869204367        0.1064304524        0.0261009424
       58.7755100000        1.0000000000        1.0000000000       29.1366269773        0.0000000000        0.8869204367        0.1064304524        0.0303064343
       58.8775510000        1.0000000000        1.0000000000       30.4460537708        0.0000000000        0.8869204367        0.1064304524        0.0258996337
       58.9795920000        1.0000000000        1.0000000000       33.2278976933        0.0000000000        0.8869204367        0.1064304524        0.0185488456
       59.0816330000        1.0000000000        1.0000000000       33.0943575753        0.0000000000        0.8869204367        0.1064304524        0.0188484818
       59.1836730000        1.0000000000        1.0000000000       28.5124403356        0.0000000000        0.8869204367        0.1064304524        0.0326636369
       59.2857140000        1.0000000000        1.0000000000       23.4064547305        0.0000000000        0.8869204367        0.1064304524        0.0602788148
       59.3877550000        1.0000000000        1.0000000000       20.4209322314        0.0000000000        0.8869204367        0.1064304524        0.0862494269
       59.4897960000        1.0000000000        1.0000000000       18.9739530382        0.0000000000        0.8869204367        0.1064304524        0.1026044100
       59.5918370000        1.0000000000        1.0000000000       18.0916344696        0.0000000000        0.8869204367        0.1064304524        0.1140639371
       59.6938780000        1.0000000000        1.0000000000       17.4040078127        0.0000000000        0.8869204367        0.1064304524        0.1238751671
       59.7959180000        1.0000000000        1.0000000000       16.8182825524        0.0000000000        0.8869204367        0.1064304524        0.1328952698
       59.8979590000        1.0000000000        1.0000000000       16.3051083216        0.0000000000        0.8869204367        0.1064304524        0.1413363175
       60.0000000000        1.0000000000        1.0000000000       15.8493766988        0.0000000000        0.8869204367        0.1064304524        0.1492809461
