       55.0000000000        1.0000000000        1.0000000000        8.0531326379        0.0000000000        0.8869204367        0.1064304524        0.3804593591
       55.1020410000        1.0000000000        1.0000000000        8.1811588289        0.0000000000        0.8869204367        0.1064304524        0.3746589777
       55.2040820000        1.0000000000        1.0000000000        8.3542348876        0.0000000000        0.8869204367        0.1064304524        0.3669578871
       55.3061220000        1.0000000000        1.0000000000        8.5941008809        0.0000000000        0.8869204367        0.1064304524        0.3565459677
       55.4081630000        1.0000000000        1.0000000000        8.9511389461        0.0000000000        0.8869204367        0.1064304524        0.3415925339
       55.5102040000        1.0000000000        1.0000000000        9.5726542872        0.0000000000        0.8869204367        0.1064304524        0.3170427949
       55.6122450000        1.0000000000        1.0000000000       10.7446399188        0.0000000000        0.8869204367        0.1064304524        0.2754478969
       55.7142860000        1.0000000000        1.0000000000       12.5139709214        0.0000000000        0.8869204367        0.1064304524        0.2227563935
       55.8163270000        1.0000000000        1.0000000000       14.3295836480        0.0000000000        0.8869204367        0.1064304524        0.1791467390
       55.9183670000        1.0000000000        1.0000000000       16.2235927987        0.0000000000        0.8869204367        0.1064304524        0.1427256339
       56.0204080000        1.0000000000        1.0000000000       20.1105555145        0.0000000000        0.8869204367        0.1064304524        0.0895223771
       56.1224490000        1.0000000000        1.0000000000       31.3246367317        0.0000000000        0.8869204367        0.1064304524        0.0233080518
       56.2244900000        1.0000000000        1.0000000000       72.2872600297        0.0000000000        0.8869204367        0.1064304524        0.0001708933
       56.3265310000        1.0000000000        1.0000000000      217.3880525856        0.0000000000        0.8869204367        0.1064304524        0.0000000000
       56.4285710000        1.0000000000        1.0000000000      555.5048706883        0.0000000000        0.8869204367        0.1064304524        0.0000000000
       56.5306120000        1.0000000000        1.0000000000      933.8834885717        0.0000000000        0.8869204367        0.1064304524        0.0000000000
       56.6326530000        1.0000000000        1.0000000000      956.5842882207        0.0000000000        0.8869204367        0.1064304524        0.0000000000
       56.7346940000        1.0000000000        1.0000000000      601.1378526438        0.0000000000        0.8869204367        0.1064304524        0.0000000000
       56.8367350000        1.0000000000        1.0000000000      256.6975757932        0.0000000000        0.8869204367        0.1064304524        0.0000000000
       56.9387760000        1.0000000000        1.0000000000       97.8217703764        0.0000000000        0.8869204367        0.1064304524        0.0000079797
       57.0408160000        1.0000000000        1.0000000000       48.3099977012        0.0000000000        0.8869204367        0.1064304524        0.0030360446
       57.1428570000        1.0000000000        1.0000000000       32.4941598157        0.0000000000        0.8869204367        0.1064304524        0.0202561024
       57.2448980000        1.0000000000        1.0000000000       25.4593330495        0.0000000000        0.8869204367        0.1064304524        0.0471170680
       57.3469390000        1.0000000000        1.0000000000       21.4247668766        0.0000000000        0.8869204367        0.1064304524        0.0764611871
       57.4489800000        1.0000000000        1.0000000000       18.8069265891        0.0000000000        0.8869204367        0.1064304524        0.1046816760
       57.5510200000        1.0000000000        1.0000000000       16.9850404860        0.0000000000        0.8869204367        0.1064304524        0.1302623405
       57.6530610000        1.0000000000        1.0000000000       15.6542012803        0.0000000000        0.8869204367        0.1064304524        0.1528185279
       57.7551020000        1.0000000000        1.0000000000       14.6460140888        0.0000000000        0.8869204367        0.1064304524        0.1724717730
       57.8571430000        1.0000000000        1.0000000000       13.8602022968        0.0000000000        0.8869204367        0.1064304524        0.1895269069
       57.9591840000        1.0000000000        1.0000000000       13.2336892793        0.0000000000        0.8869204367        0.1064304524        0.2043251434
       58.0612240000        1.0000000000        1.0000000000       12.7251510254        0.0000000000        0.8869204367        0.1064304524        0.2171823137
       58.1632650000        1.0000000000        1.0000000000       12.3067898400        0.0000000000        0.8869204367        0.1064304524        0.2283639203
       58.2653060000        1.0000000000        1.0000000000       11.9599503403        0.0000000000        0.8869204367        0.1064304524        0.2380691644
       58.3673470000        1.0000000000        1.0000000000       11.6731901550        0.0000000000        0.8869204367        0.1064304524        0.2464039988
       58.4693880000        1.0000000000        1.0000000000       11.4441038821        0.0000000000        0.8869204367        0.1064304524        0.2532716969
       58.5714290000        1.0000000000        1.0000000000       11.3001242459        0.0000000000        0.8869204367        0.1064304524        0.2576856341
       58.6734690000        1.0000000000        1.0000000000       11.4252005915        0.0000000000        0.8869204367        0.1064304524        0.2538468692
       58.7755100000        1.0000000000        1.0000000000       12.5349800515        0.0000000000        0.8869204367        0.1064304524        0.2221955106
       58.8775510000        1.0000000000        1.0000000000       15.7461702033        0.0000000000        0.8869204367        0.1064304524        0.1511412537
       58.9795920000        1.0000000000        1.0000000000       20.0290684813        0.0000000000        0.8869204367        0.1064304524        0.0904020606
       59.0816330000        1.0000000000        1.0000000000       21.0713824671        0.0000000000        0.8869204367        0.1064304524        0.0797733416
       59.1836730000        1.0000000000        1.0000000000       17.4930861066        0.0000000000        0.8869204367        0.1064304524        0.1225580685
       59.2857140000        1.0000000000        1.0000000000       13.3104326203        0.0000000000        0.8869204367        0.1064304524        0.2024521100
       59.3877550000        1.0000000000        1.0000000000       11.1546787495        0.0000000000        0.8869204367        0.1064304524        0.2622226177
       59.4897960000        1.0000000000        1.0000000000       10.4278051148        0.0000000000        0.8869204367        0.1064304524        0.2861221064
       59.5918370000        1.0000000000        1.0000000000       10.1688822937        0.0000000000        0.8869204367        0.1064304524        0.2951516830
       59.6938780000        1.0000000000        1.0000000000       10.0264901103        0.0000000000        0.8869204367        0.1064304524        0.3002382919
       59.7959180000        1.0000000000        1.0000000000        9.9220681486        0.0000000000        0.8869204367        0.1064304524        0.3040241385
       59.8979590000        1.0000000000        1.0000000000        9.8368024627        0.0000000000        0.8869204367        0.1064304524        0.3071508465
       60.0000000000        1.0000000000        1.0000000000        9.7637492764        0.0000000000        0.8869204367        0.1064304524        0.3098552850
