       55.0000000000        1.0000000000        1.0000000000        7.9015116228        0.0000000000        0.8869204367        0.1064304524        0.3874449926
       55.1020410000        1.0000000000        1.0000000000        8.1798460982        0.0000000000        0.8869204367        0.1064304524        0.3747180015
       55.2040820000        1.0000000000        1.0000000000        8.5184390679        0.0000000000        0.8869204367        0.1064304524        0.3597979381
       55.3061220000        1.0000000000        1.0000000000        8.9362080867        0.0000000000        0.8869204367        0.1064304524        0.3422051149
       55.4081630000        1.0000000000        1.0000000000        9.4763796245        0.0000000000        0.8869204367        0.1064304524        0.3207268172
       55.5102040000        1.0000000000        1.0000000000       10.2698626992        0.0000000000        0.8869204367        0.1064304524        0.2915967210
       55.6122450000        1.0000000000        1.0000000000       11.5640853413        0.0000000000        0.8869204367        0.1064304524        0.2496512735
       55.7142860000        1.0000000000        1.0000000000       13.3220144001        0.0000000000        0.8869204367        0.1064304524        0.2021709347
       55.8163270000        1.0000000000        1.0000000000       14.8298031156        0.0000000000        0.8869204367        0.1064304524        0.1687096019
       55.9183670000        1.0000000000        1.0000000000       15.7639136476        0.0000000000        0.8869204367        0.1064304524        0.1508197841
       56.0204080000        1.0000000000        1.0000000000       16.9738992452        0.0000000000        0.8869204367        0.1064304524        0.1304366110
       56.1224490000        1.0000000000        1.0000000000       19.2229498941        0.0000000000        0.8869204367        0.1064304524        0.0995839783
       56.2244900000        1.0000000000        1.0000000000       22.7105633217        0.0000000000        0.8869204367        0.1064304524        0.0655286650
       56.3265310000        1.0000000000        1.0000000000       27.7314217512        0.0000000000        0.8869204367        0.1064304524        0.0358729909
       56.4285710000        1.0000000000        1.0000000000       35.0621450970        0.0000000000        0.8869204367        0.1064304524        0.0148841646
       56.5306120000        1.0000000000        1.0000000000       46.2740935215        0.0000000000        0.8869204367        0.1064304524        0.0038762340
       56.6326530000        1.0000000000        1.0000000000       64.7346172930        0.0000000000        0.8869204367        0.1064304524        0.0004229934
       56.7346940000        1.0000000000        1.0000000000       99.4628838015        0.0000000000        0.8869204367        0.1064304524        0.0000065533
       56.8367350000        1.0000000000        1.0000000000      181.9381166138        0.0000000000        0.8869204367        0.1064304524        0.0000000003
       56.9387760000        1.0000000000        1.0000000000      420.5524838583        0.0000000000        0.8869204367        0.1064304524        0.0000000000
       57.0408160000        1.0000000000        1.0000000000     1051.0627569711        0.0000000000        0.8869204367        0.1064304524        0.0000000000
       57.1428570000        1.0000000000        1.0000000000     2197.0638003097        0.0000000000        0.8869204367        0.1064304524        0.0000000000
       57.2448980000        1.0000000000        1.0000000000     3346.7021650242        0.0000000000        0.8869204367        0.1064304524        0.0000000000
       57.3469390000        1.0000000000        1.0000000000     3558.5624518615        0.0000000000        0.8869204367        0.1064304524        0.0000000000
       57.4489800000        1.0000000000        1.0000000000     2632.9382986192        0.0000000000        0.8869204367        0.1064304524        0.0000000000
       57.5510200000        1.0000000000        1.0000000000     1407.2483107074        0.0000000000        0.8869204367        0.1064304524        0.0000000000
       57.6530610000        1.0000000000        1.0000000000      620.3051643915        0.0000000000        0.8869204367        0.1064304524        0.0000000000
       57.7551020000        1.0000000000        1.0000000000      290.1895213713        0.0000000000        0.8869204367        0.1064304524        0.0000000000
       57.8571430000        1.0000000000        1.0000000000      169.8819139748        0.0000000000        0.8869204367        0.1064304524        0.0000000014
       57.9591840000        1.0000000000        1.0000000000      118.2430824172        0.0000000000        0.8869204367        0.1064304524        0.0000006882
       58.0612240000        1.0000000000        1.0000000000       90.1442837930        0.0000000000        0.8869204367        0.1064304524        0.0000200493
       58.1632650000        1.0000000000        1.0000000000       72.4836962316        0.0000000000        0.8869204367        0.1064304524        0.0001669120
       58.2653060000        1.0000000000        1.0000000000       60.4608666711        0.0000000000        0.8869204367        0.1064304524        0.0007064176
       58.3673470000        1.0000000000        1.0000000000       51.8328248948        0.0000000000        0.8869204367        0.1064304524        0.0019893666
       58.4693880000        1.0000000000        1.0000000000       45.4013411125        0.0000000000        0.8869204367        0.1064304524        0.0043042132
       58.5714290000        1.0000000000        1.0000000000       40.4957044515        0.0000000000        0.8869204367        0.1064304524        0.0077544800
       58.6734690000        1.0000000000        1.0000000000       36.8640063732        0.0000000000        0.8869204367        0.1064304524        0.0119900185
       58.7755100000        1.0000000000        1.0000000000       34.9396644166        0.0000000000        0.8869204367        0.1064304524        0.0151045428
       58.8775510000        1.0000000000        1.0000000000       35.6815994008        0.0000000000        0.8869204367        0.1064304524        0.0138178792
       58.9795920000        1.0000000000        1.0000000000       38.0040287378        0.0000000000        0.8869204367        0.1064304524        0.0104570023
       59.0816330000        1.0000000000        1.0000000000       37.5029779709        0.0000000000        0.8869204367        0.1064304524        0.0111050274
       59.1836730000        1.0000000000        1.0000000000       32.5999901405        0.0000000000        0.8869204367        0.1064304524        0.0200004838
       59.2857140000        1.0000000000        1.0000000000       27.1918744256        0.0000000000        0.8869204367        0.1064304524        0.0382724512
       59.3877550000        1.0000000000        1.0000000000       23.9298350394        0.0000000000        0.8869204367        0.1064304524        0.0566094014
       59.4897960000        1.0000000000        1.0000000000       22.2391230114        0.0000000000        0.8869204367        0.1064304524        0.0693426750
       59.5918370000        1.0000000000        1.0000000000       21.1428259304        0.0000000000        0.8869204367        0.1064304524        0.0790923508
       59.6938780000        1.0000000000        1.0000000000       20.2656504681        0.0000000000        0.8869204367        0.1064304524        0.0878716496
       59.7959180000        1.0000000000        1.0000000000       19.5106507002        0.0000000000        0.8869204367        0.1064304524        0.0962046021
       59.8979590000        1.0000000000        1.0000000000       18.8453773424        0.0000000000        0.8869204367        0.1064304524        0.1041997779
       60.0000000000        1.0000000000        1.0000000000       18.2522936762        0.0000000000        0.8869204367        0.1064304524        0.1118859488
