       55.0000000000        1.0000000000        1.0000000000        7.1259246123        0.0000000000        0.8869204367        0.1064304524        0.4252360071
       55.1020410000        1.0000000000        1.0000000000        7.1942843417        0.0000000000        0.8869204367        0.1064304524        0.4217619933
       55.2040820000        1.0000000000        1.0000000000        7.2806570062        0.0000000000        0.8869204367        0.1064304524        0.4174131248
       55.3061220000        1.0000000000        1.0000000000        7.3931878652        0.0000000000        0.8869204367        0.1064304524        0.4118143888
       55.4081630000        1.0000000000        1.0000000000        7.5606806944        0.0000000000        0.8869204367        0.1064304524        0.4036199009
       55.5102040000        1.0000000000        1.0000000000        7.8949867802        0.0000000000        0.8869204367        0.1064304524        0.3877484735
       55.6122450000        1.0000000000        1.0000000000        8.6207437015        0.0000000000        0.8869204367        0.1064304524        0.3554078612
       55.7142860000        1.0000000000        1.0000000000        9.6741555063        0.0000000000        0.8869204367        0.1064304524        0.3132045897
       55.8163270000        1.0000000000        1.0000000000       10.2943458562        0.0000000000        0.8869204367        0.1064304524        0.2907412732
       55.9183670000        1.0000000000        1.0000000000       10.0733947048        0.0000000000        0.8869204367        0.1064304524        0.2985531322
       56.0204080000        1.0000000000        1.0000000000        9.7469676882        0.0000000000        0.8869204367        0.1064304524        0.3104798973
       56.1224490000        1.0000000000        1.0000000000        9.9228571801        0.0000000000        0.8869204367        0.1064304524        0.3039953537
       56.2244900000        1.0000000000        1.0000000000       10.5517434836        0.0000000000        0.8869204367        0.1064304524        0.2818982136
       56.3265310000        1.0000000000        1.0000000000       11.5031277344        0.0000000000        0.8869204367        0.1064304524        0.2514841463
       56.4285710000        1.0000000000        1.0000000000       12.7999881931        0.0000000000        0.8869204367        0.1064304524        0.2152406481
       56.5306120000        1.0000000000        1.0000000000       14.5714074732        0.0000000000        0.8869204367        0.1064304524        0.1740228099
       56.6326530000        1.0000000000        1.0000000000       17.0450105696        0.0000000000        0.8869204367        0.1064304524        0.1293282842
       56.7346940000        1.0000000000        1.0000000000       20.6094718191        0.0000000000        0.8869204367        0.1064304524        0.0843199642
       56.8367350000        1.0000000000        1.0000000000       25.9667628247        0.0000000000        0.8869204367        0.1064304524        0.0443336393
       56.9387760000        1.0000000000        1.0000000000       34.5036540059        0.0000000000        0.8869204367        0.1064304524        0.0159158712
       57.0408160000        1.0000000000        1.0000000000       49.4268714611        0.0000000000        0.8869204367        0.1064304524        0.0026552285
       57.1428570000        1.0000000000        1.0000000000       80.6285494046        0.0000000000        0.8869204367        0.1064304524        0.0000628081
       57.2448980000        1.0000000000        1.0000000000      167.5397867187        0.0000000000        0.8869204367        0.1064304524        0.0000000019
       57.3469390000        1.0000000000        1.0000000000      447.6924461700        0.0000000000        0.8869204367        0.1064304524        0.0000000000
       57.4489800000        1.0000000000        1.0000000000     1169.1719701969        0.0000000000        0.8869204367        0.1064304524        0.0000000000
       57.5510200000        1.0000000000        1.0000000000     2249.2398691967        0.0000000000        0.8869204367        0.1064304524        0.0000000000
       57.6530610000        1.0000000000        1.0000000000     2808.7863733828        0.0000000000        0.8869204367        0.1064304524        0.0000000000
       57.7551020000        1.0000000000        1.0000000000     2214.8810208476        0.0000000000        0.8869204367        0.1064304524        0.0000000000
       57.8571430000        1.0000000000        1.0000000000     1161.9894762459        0.0000000000        0.8869204367        0.1064304524        0.0000000000
       57.9591840000        1.0000000000        1.0000000000      478.0364603792        0.0000000000        0.8869204367        0.1064304524        0.0000000000
       58.0612240000        1.0000000000        1.0000000000      208.6759294041        0.0000000000        0.8869204367        0.1064304524        0.0000000000
       58.1632650000        1.0000000000        1.0000000000      118.3303769826        0.0000000000        0.8869204367        0.1064304524        0.0000006810
       58.2653060000        1.0000000000        1.0000000000       81.8012769156        0.0000000000        0.8869204367        0.1064304524        0.0000545631
       58.3673470000        1.0000000000        1.0000000000       62.5085373652        0.0000000000        0.8869204367        0.1064304524        0.0005525180
       58.4693880000        1.0000000000        1.0000000000       50.5902206074        0.0000000000        0.8869204367        0.1064304524        0.0023092639
       58.5714290000        1.0000000000        1.0000000000       42.6132382244        0.0000000000        0.8869204367        0.1064304524        0.0060144607
       58.6734690000        1.0000000000        1.0000000000       37.1791626105        0.0000000000        0.8869204367        0.1064304524        0.0115450384
       58.7755100000        1.0000000000        1.0000000000       34.1686762610        0.0000000000        0.8869204367        0.1064304524        0.0165686794
       58.8775510000        1.0000000000        1.0000000000       34.2447853985        0.0000000000        0.8869204367        0.1064304524        0.0164180449
       58.9795920000        1.0000000000        1.0000000000       36.1466925764        0.0000000000        0.8869204367        0.1064304524        0.0130678128
       59.0816330000        1.0000000000        1.0000000000       35.3737299054        0.0000000000        0.8869204367        0.1064304524        0.0143379188
       59.1836730000        1.0000000000        1.0000000000       30.3110706866        0.0000000000        0.8869204367        0.1064304524        0.0263225713
       59.2857140000        1.0000000000        1.0000000000       24.8307999295        0.0000000000        0.8869204367        0.1064304524        0.0508082777
       59.3877550000        1.0000000000        1.0000000000       21.5508715564        0.0000000000        0.8869204367        0.1064304524        0.0753128441
       59.4897960000        1.0000000000        1.0000000000       19.8721804354        0.0000000000        0.8869204367        0.1064304524        0.0921201429
       59.5918370000        1.0000000000        1.0000000000       18.8061385294        0.0000000000        0.8869204367        0.1064304524        0.1046915759
       59.6938780000        1.0000000000        1.0000000000       17.9712829348        0.0000000000        0.8869204367        0.1064304524        0.1157232225
       59.7959180000        1.0000000000        1.0000000000       17.2664282503        0.0000000000        0.8869204367        0.1064304524        0.1259372654
       59.8979590000        1.0000000000        1.0000000000       16.6560659472        0.0000000000        0.8869204367        0.1064304524        0.1355075509
       60.0000000000        1.0000000000        1.0000000000       16.1204855943        0.0000000000        0.8869204367        0.1064304524        0.1445025288
