       55.0000000000        1.0000000000        1.0000000000        7.2269433553        0.0000000000        0.8869204367        0.1064304524        0.4201123083
       55.1020410000        1.0000000000        1.0000000000        7.2340608165        0.0000000000        0.8869204367        0.1064304524        0.4197536456
       55.2040820000        1.0000000000        1.0000000000        7.2469774277        0.0000000000        0.8869204367        0.1064304524        0.4191035342
       55.3061220000        1.0000000000        1.0000000000        7.2710113358        0.0000000000        0.8869204367        0.1064304524        0.4178965520
       55.4081630000        1.0000000000        1.0000000000        7.3312323356        0.0000000000        0.8869204367        0.1064304524        0.4148874998
       55.5102040000        1.0000000000        1.0000000000        7.5347863599        0.0000000000        0.8869204367        0.1064304524        0.4048760277
       55.6122450000        1.0000000000        1.0000000000        8.1019799658        0.0000000000        0.8869204367        0.1064304524        0.3782357517
       55.7142860000        1.0000000000        1.0000000000        8.9662150291        0.0000000000        0.8869204367        0.1064304524        0.3409751073
       55.8163270000        1.0000000000        1.0000000000        9.3580135976        0.0000000000        0.8869204367        0.1064304524        0.3253149036
       55.9183670000        1.0000000000        1.0000000000        8.8479508087        0.0000000000        0.8869204367        0.1064304524        0.3458486259
       56.0204080000        1.0000000000        1.0000000000        8.1477262762        0.0000000000        0.8869204367        0.1064304524        0.3761650936
       56.1224490000        1.0000000000        1.0000000000        7.8426951709        0.0000000000        0.8869204367        0.1064304524        0.3901892424
       56.2244900000        1.0000000000        1.0000000000        7.8502795115        0.0000000000        0.8869204367        0.1064304524        0.3898342846
       56.3265310000        1.0000000000        1.0000000000        7.9860979429        0.0000000000        0.8869204367        0.1064304524        0.3835321789
       56.4285710000        1.0000000000        1.0000000000        8.1906138599        0.0000000000        0.8869204367        0.1064304524        0.3742341293
       56.5306120000        1.0000000000        1.0000000000        8.4642990643        0.0000000000        0.8869204367        0.1064304524        0.3621430832
       56.6326530000        1.0000000000        1.0000000000        8.8256959867        0.0000000000        0.8869204367        0.1064304524        0.3467734763
       56.7346940000        1.0000000000        1.0000000000        9.3052116853        0.0000000000        0.8869204367        0.1064304524        0.3273827176
       56.8367350000        1.0000000000        1.0000000000        9.9490520850        0.0000000000        0.8869204367        0.1064304524        0.3030412785
       56.9387760000        1.0000000000        1.0000000000       10.8284188227        0.0000000000        0.8869204367        0.1064304524        0.2726925637
       57.0408160000        1.0000000000        1.0000000000       12.0567664772        0.0000000000        0.8869204367        0.1064304524        0.2353192968
       57.1428570000        1.0000000000        1.0000000000       13.8234511605        0.0000000000        0.8869204367        0.1064304524        0.1903645922
       57.2448980000        1.0000000000        1.0000000000       16.4639678940        0.0000000000        0.8869204367        0.1064304524        0.1386675209
       57.3469390000        1.0000000000        1.0000000000       20.6244021235        0.0000000000        0.8869204367        0.1064304524        0.0841690288
       57.4489800000        1.0000000000        1.0000000000       27.7342595245        0.0000000000        0.8869204367        0.1064304524        0.0358607770
       57.5510200000        1.0000000000        1.0000000000       41.9256709185        0.0000000000        0.8869204367        0.1064304524        0.0065317491
       57.6530610000        1.0000000000        1.0000000000       79.7583961872        0.0000000000        0.8869204367        0.1064304524        0.0000697211
       57.7551020000        1.0000000000        1.0000000000      208.2393591871        0.0000000000        0.8869204367        0.1064304524        0.0000000000
       57.8571430000        1.0000000000        1.0000000000      593.3054149817        0.0000000000        0.8869204367        0.1064304524        0.0000000000
       57.9591840000        1.0000000000        1.0000000000     1314.1942104568        0.0000000000        0.8869204367        0.1064304524        0.0000000000
       58.0612240000        1.0000000000        1.0000000000     1907.4386595400        0.0000000000        0.8869204367        0.1064304524        0.0000000000
       58.1632650000        1.0000000000        1.0000000000     1723.4836051028        0.0000000000        0.8869204367        0.1064304524        0.0000000000
       58.2653060000        1.0000000000        1.0000000000      995.1108482764        0.0000000000        0.8869204367        0.1064304524        0.0000000000
       58.3673470000        1.0000000000        1.0000000000      414.6479476313        0.0000000000        0.8869204367        0.1064304524        0.0000000000
       58.4693880000        1.0000000000        1.0000000000      166.1219186146        0.0000000000        0.8869204367        0.1064304524        0.0000000022
       58.5714290000        1.0000000000        1.0000000000       86.5520290972        0.0000000000        0.8869204367        0.1064304524        0.0000308540
       58.6734690000        1.0000000000        1.0000000000       58.4785293442        0.0000000000        0.8869204367        0.1064304524        0.0008961314
       58.7755100000        1.0000000000        1.0000000000       45.9340164184        0.0000000000        0.8869204367        0.1064304524        0.0040376923
       58.8775510000        1.0000000000        1.0000000000       41.0477201921        0.0000000000        0.8869204367        0.1064304524        0.0072574524
       58.9795920000        1.0000000000        1.0000000000       40.0861278280        0.0000000000        0.8869204367        0.1064304524        0.0081451279
       59.0816330000        1.0000000000        1.0000000000       37.5548306307        0.0000000000        0.8869204367        0.1064304524        0.0110361429
       59.1836730000        1.0000000000        1.0000000000       31.3684227834        0.0000000000        0.8869204367        0.1064304524        0.0231859049
       59.2857140000        1.0000000000        1.0000000000       25.1506055990        0.0000000000        0.8869204367        0.1064304524        0.0488953650
       59.3877550000        1.0000000000        1.0000000000       21.3766558443        0.0000000000        0.8869204367        0.1064304524        0.0769038990
       59.4897960000        1.0000000000        1.0000000000       19.3625949303        0.0000000000        0.8869204367        0.1064304524        0.0979291137
       59.5918370000        1.0000000000        1.0000000000       18.0674510922        0.0000000000        0.8869204367        0.1064304524        0.1143954320
       59.6938780000        1.0000000000        1.0000000000       17.0763384345        0.0000000000        0.8869204367        0.1064304524        0.1288430075
       59.7959180000        1.0000000000        1.0000000000       16.2660358911        0.0000000000        0.8869204367        0.1064304524        0.1420005559
       59.8979590000        1.0000000000        1.0000000000       15.5861663484        0.0000000000        0.8869204367        0.1064304524        0.1540712746
       60.0000000000        1.0000000000        1.0000000000       15.0067918024        0.0000000000        0.8869204367        0.1064304524        0.1651642218
