       55.0000000000        1.0000000000        1.0000000000        9.4334381007        0.0000000000        0.8869204367        0.1064304524        0.3223837825
       55.1020410000        1.0000000000        1.0000000000       10.0256150849        0.0000000000        0.8869204367        0.1064304524        0.3002698195
       55.2040820000        1.0000000000        1.0000000000       10.7514136929        0.0000000000        0.8869204367        0.1064304524        0.2752240892
       55.3061220000        1.0000000000        1.0000000000       11.6520936971        0.0000000000        0.8869204367        0.1064304524        0.2470285792
       55.4081630000        1.0000000000        1.0000000000       12.8020799160        0.0000000000        0.8869204367        0.1064304524        0.2151866281
       55.5102040000        1.0000000000        1.0000000000       14.3761454212        0.0000000000        0.8869204367        0.1064304524        0.1781485635
       55.6122450000        1.0000000000        1.0000000000       16.6823614250        0.0000000000        0.8869204367        0.1064304524        0.1350806366
       55.7142860000        1.0000000000        1.0000000000       19.7695864275        0.0000000000        0.8869204367        0.1064304524        0.0932612699
       55.8163270000        1.0000000000        1.0000000000       23.0651967947        0.0000000000        0.8869204367        0.1064304524        0.0627985299
       55.9183670000        1.0000000000        1.0000000000       26.4833472195        0.0000000000        0.8869204367        0.1064304524        0.0416688402
       56.0204080000        1.0000000000        1.0000000000       31.2551877848        0.0000000000        0.8869204367        0.1064304524        0.0235031098
       56.1224490000        1.0000000000        1.0000000000       38.7967410938        0.0000000000        0.8869204367        0.1064304524        0.0095081217
       56.2244900000        1.0000000000        1.0000000000       50.5262987595        0.0000000000        0.8869204367        0.1064304524        0.0023270455
       56.3265310000        1.0000000000        1.0000000000       69.2789669556        0.0000000000        0.8869204367        0.1064304524        0.0002451903
       56.4285710000        1.0000000000        1.0000000000      102.0394853750        0.0000000000        0.8869204367        0.1064304524        0.0000048104
       56.5306120000        1.0000000000        1.0000000000      169.6369972284        0.0000000000        0.8869204367        0.1064304524        0.0000000014
       56.6326530000        1.0000000000        1.0000000000      345.9425232959        0.0000000000        0.8869204367        0.1064304524        0.0000000000
       56.7346940000        1.0000000000        1.0000000000      854.7256801186        0.0000000000        0.8869204367        0.1064304524        0.0000000000
       56.8367350000        1.0000000000        1.0000000000     2030.1316436669        0.0000000000        0.8869204367        0.1064304524        0.0000000000
       56.9387760000        1.0000000000        1.0000000000     3630.8828897827        0.0000000000        0.8869204367        0.1064304524        0.0000000000
       57.0408160000        1.0000000000        1.0000000000     4320.5520547243        0.0000000000        0.8869204367        0.1064304524        0.0000000000
       57.1428570000        1.0000000000        1.0000000000     3341.6126975377        0.0000000000        0.8869204367        0.1064304524        0.0000000000
       57.2448980000        1.0000000000        1.0000000000     1784.5027623125        0.0000000000        0.8869204367        0.1064304524        0.0000000000
       57.3469390000        1.0000000000        1.0000000000      779.8928426589        0.0000000000        0.8869204367        0.1064304524        0.0000000000
       57.4489800000        1.0000000000        1.0000000000      364.8475709456        0.0000000000        0.8869204367        0.1064304524        0.0000000000
       57.5510200000        1.0000000000        1.0000000000      212.4536739368        0.0000000000        0.8869204367        0.1064304524        0.0000000000
       57.6530610000        1.0000000000        1.0000000000      146.0758027152        0.0000000000        0.8869204367        0.1064304524        0.0000000244
       57.7551020000        1.0000000000        1.0000000000      109.9710580399        0.0000000000        0.8869204367        0.1064304524        0.0000018570
       57.8571430000        1.0000000000        1.0000000000       87.4399967368        0.0000000000        0.8869204367        0.1064304524        0.0000277354
       57.9591840000        1.0000000000        1.0000000000       72.2116743268        0.0000000000        0.8869204367        0.1064304524        0.0001724504
       58.0612240000        1.0000000000        1.0000000000       61.3484152179        0.0000000000        0.8869204367        0.1064304524        0.0006350481
       58.1632650000        1.0000000000        1.0000000000       53.2810652896        0.0000000000        0.8869204367        0.1064304524        0.0016720116
       58.2653060000        1.0000000000        1.0000000000       47.0999653941        0.0000000000        0.8869204367        0.1064304524        0.0035105033
       58.3673470000        1.0000000000        1.0000000000       42.2457086945        0.0000000000        0.8869204367        0.1064304524        0.0062856561
       58.4693880000        1.0000000000        1.0000000000       38.3618217965        0.0000000000        0.8869204367        0.1064304524        0.0100175311
       58.5714290000        1.0000000000        1.0000000000       35.2365474697        0.0000000000        0.8869204367        0.1064304524        0.0145759015
       58.6734690000        1.0000000000        1.0000000000       32.8845410481        0.0000000000        0.8869204367        0.1064304524        0.0193290733
       58.7755100000        1.0000000000        1.0000000000       31.9018058331        0.0000000000        0.8869204367        0.1064304524        0.0217483649
       58.8775510000        1.0000000000        1.0000000000       33.3492576453        0.0000000000        0.8869204367        0.1064304524        0.0182806726
       58.9795920000        1.0000000000        1.0000000000       36.2058617352        0.0000000000        0.8869204367        0.1064304524        0.0129753561
       59.0816330000        1.0000000000        1.0000000000       36.1134661544        0.0000000000        0.8869204367        0.1064304524        0.0131200204
       59.1836730000        1.0000000000        1.0000000000       31.5301075785        0.0000000000        0.8869204367        0.1064304524        0.0227403839
       59.2857140000        1.0000000000        1.0000000000       26.3776048483        0.0000000000        0.8869204367        0.1064304524        0.0422009485
       59.3877550000        1.0000000000        1.0000000000       23.3211511050        0.0000000000        0.8869204367        0.1064304524        0.0608990239
       59.4897960000        1.0000000000        1.0000000000       21.7957434527        0.0000000000        0.8869204367        0.1064304524        0.0731320027
       59.5918370000        1.0000000000        1.0000000000       20.8329481661        0.0000000000        0.8869204367        0.1064304524        0.0820887927
       59.6938780000        1.0000000000        1.0000000000       20.0642837528        0.0000000000        0.8869204367        0.1064304524        0.0900208427
       59.7959180000        1.0000000000        1.0000000000       19.3979832405        0.0000000000        0.8869204367        0.1064304524        0.0975141300
       59.8979590000        1.0000000000        1.0000000000       18.8055476550        0.0000000000        0.8869204367        0.1064304524        0.1046989993
       60.0000000000        1.0000000000        1.0000000000       18.2724939390        0.0000000000        0.8869204367        0.1064304524        0.1116150621
