       55.0000000000        1.0000000000        1.0000000000       14.2842994366        0.0000000000        0.8869204367        0.1064304524        0.1801228912
       55.1020410000        1.0000000000        1.0000000000       15.8284049670        0.0000000000        0.8869204367        0.1064304524        0.1496571009
       55.2040820000        1.0000000000        1.0000000000       17.7399270255        0.0000000000        0.8869204367        0.1064304524        0.1189810261
       55.3061220000        1.0000000000        1.0000000000       20.1381737256        0.0000000000        0.8869204367        0.1064304524        0.0892261744
       55.4081630000        1.0000000000        1.0000000000       23.2104187924        0.0000000000        0.8869204367        0.1064304524        0.0617136429
       55.5102040000        1.0000000000        1.0000000000       27.2975204475        0.0000000000        0.8869204367        0.1064304524        0.0377903140
       55.6122450000        1.0000000000        1.0000000000       32.9543937518        0.0000000000        0.8869204367        0.1064304524        0.0191677279
       55.7142860000        1.0000000000        1.0000000000       40.6115221228        0.0000000000        0.8869204367        0.1064304524        0.0076474528
       55.8163270000        1.0000000000        1.0000000000       50.3554034688        0.0000000000        0.8869204367        0.1064304524        0.0023752599
       55.9183670000        1.0000000000        1.0000000000       63.2857179469        0.0000000000        0.8869204367        0.1064304524        0.0005033191
       56.0204080000        1.0000000000        1.0000000000       82.8491488220        0.0000000000        0.8869204367        0.1064304524        0.0000481159
       56.1224490000        1.0000000000        1.0000000000      115.1707401595        0.0000000000        0.8869204367        0.1064304524        0.0000009950
       56.2244900000        1.0000000000        1.0000000000      173.7941502677        0.0000000000        0.8869204367        0.1064304524        0.0000000009
       56.3265310000        1.0000000000        1.0000000000      300.9447337452        0.0000000000        0.8869204367        0.1064304524        0.0000000000
       56.4285710000        1.0000000000        1.0000000000      633.2364372120        0.0000000000        0.8869204367        0.1064304524        0.0000000000
       56.5306120000        1.0000000000        1.0000000000     1473.6000479730        0.0000000000        0.8869204367        0.1064304524        0.0000000000
       56.6326530000        1.0000000000        1.0000000000     3015.1673377220        0.0000000000        0.8869204367        0.1064304524        0.0000000000
       56.7346940000        1.0000000000        1.0000000000     4636.8149854018        0.0000000000        0.8869204367        0.1064304524        0.0000000000
       56.8367350000        1.0000000000        1.0000000000     5091.5158012731        0.0000000000        0.8869204367        0.1064304524        0.0000000000
       56.9387760000        1.0000000000        1.0000000000     4004.0313941900        0.0000000000        0.8869204367        0.1064304524        0.0000000000
       57.0408160000        1.0000000000        1.0000000000     2333.9182064052        0.0000000000        0.8869204367        0.1064304524        0.0000000000
       57.1428570000        1.0000000000        1.0000000000     1121.5714338417        0.0000000000        0.8869204367        0.1064304524        0.0000000000
       57.2448980000        1.0000000000        1.0000000000      543.6781782261        0.0000000000        0.8869204367        0.1064304524        0.0000000000
       57.3469390000        1.0000000000        1.0000000000      313.2085441830        0.0000000000        0.8869204367        0.1064304524        0.0000000000
       57.4489800000        1.0000000000        1.0000000000      212.1934358643        0.0000000000        0.8869204367        0.1064304524        0.0000000000
       57.5510200000        1.0000000000        1.0000000000      158.0721806295        0.0000000000        0.8869204367        0.1064304524        0.0000000058
       57.6530610000        1.0000000000        1.0000000000      124.5740733824        0.0000000000        0.8869204367        0.1064304524        0.0000003219
       57.7551020000        1.0000000000        1.0000000000      101.9998523393        0.0000000000        0.8869204367        0.1064304524        0.0000048333
       57.8571430000        1.0000000000        1.0000000000       85.9172344463        0.0000000000        0.8869204367        0.1064304524        0.0000332962
       57.9591840000        1.0000000000        1.0000000000       73.9840198854        0.0000000000        0.8869204367        0.1064304524        0.0001394112
       58.0612240000        1.0000000000        1.0000000000       64.8457145157        0.0000000000        0.8869204367        0.1064304524        0.0004173916
       58.1632650000        1.0000000000        1.0000000000       57.6680120015        0.0000000000        0.8869204367        0.1064304524        0.0009876705
       58.2653060000        1.0000000000        1.0000000000       51.9122934611        0.0000000000        0.8869204367        0.1064304524        0.0019704857
       58.3673470000        1.0000000000        1.0000000000       47.2179274249        0.0000000000        0.8869204367        0.1064304524        0.0034611607
       58.4693880000        1.0000000000        1.0000000000       43.3396560866        0.0000000000        0.8869204367        0.1064304524        0.0055123804
       58.5714290000        1.0000000000        1.0000000000       40.1297478715        0.0000000000        0.8869204367        0.1064304524        0.0081026043
       58.6734690000        1.0000000000        1.0000000000       37.6399625093        0.0000000000        0.8869204367        0.1064304524        0.0109239735
       58.7755100000        1.0000000000        1.0000000000       36.4887576566        0.0000000000        0.8869204367        0.1064304524        0.0125422678
       58.8775510000        1.0000000000        1.0000000000       37.7582890919        0.0000000000        0.8869204367        0.1064304524        0.0107699580
       58.9795920000        1.0000000000        1.0000000000       40.4539873162        0.0000000000        0.8869204367        0.1064304524        0.0077933967
       59.0816330000        1.0000000000        1.0000000000       40.2242577809        0.0000000000        0.8869204367        0.1064304524        0.0080112303
       59.1836730000        1.0000000000        1.0000000000       35.4998598984        0.0000000000        0.8869204367        0.1064304524        0.0141225398
       59.2857140000        1.0000000000        1.0000000000       30.1877474607        0.0000000000        0.8869204367        0.1064304524        0.0267150101
       59.3877550000        1.0000000000        1.0000000000       26.9675869965        0.0000000000        0.8869204367        0.1064304524        0.0393165221
       59.4897960000        1.0000000000        1.0000000000       25.2873903763        0.0000000000        0.8869204367        0.1064304524        0.0480993390
       59.5918370000        1.0000000000        1.0000000000       24.1806778498        0.0000000000        0.8869204367        0.1064304524        0.0549307849
       59.6938780000        1.0000000000        1.0000000000       23.2776133793        0.0000000000        0.8869204367        0.1064304524        0.0612180251
       59.7959180000        1.0000000000        1.0000000000       22.4853300155        0.0000000000        0.8869204367        0.1064304524        0.0673239254
       59.8979590000        1.0000000000        1.0000000000       21.7745956855        0.0000000000        0.8869204367        0.1064304524        0.0733178278
       60.0000000000        1.0000000000        1.0000000000       21.1303504790        0.0000000000        0.8869204367        0.1064304524        0.0792108450
