       55.0000000000        1.0000000000        1.0000000000       11.7206771136        0.0000000000        0.8869204367        0.1064304524        0.2450038747
       55.1020410000        1.0000000000        1.0000000000       12.7238130226        0.0000000000        0.8869204367        0.1064304524        0.2172171873
       55.2040820000        1.0000000000        1.0000000000       13.9487272947        0.0000000000        0.8869204367        0.1064304524        0.1875242187
       55.3061220000        1.0000000000        1.0000000000       15.4639579911        0.0000000000        0.8869204367        0.1064304524        0.1563473790
       55.4081630000        1.0000000000        1.0000000000       17.3831422528        0.0000000000        0.8869204367        0.1064304524        0.1241857227
       55.5102040000        1.0000000000        1.0000000000       19.9384316945        0.0000000000        0.8869204367        0.1064304524        0.0913906774
       55.6122450000        1.0000000000        1.0000000000       23.5221196403        0.0000000000        0.8869204367        0.1064304524        0.0594479371
       55.7142860000        1.0000000000        1.0000000000       28.3125834086        0.0000000000        0.8869204367        0.1064304524        0.0334564726
       55.8163270000        1.0000000000        1.0000000000       33.9672028092        0.0000000000        0.8869204367        0.1064304524        0.0169741389
       55.9183670000        1.0000000000        1.0000000000       40.8266720028        0.0000000000        0.8869204367        0.1064304524        0.0074525379
       56.0204080000        1.0000000000        1.0000000000       50.9349278130        0.0000000000        0.8869204367        0.1064304524        0.0022156902
       56.1224490000        1.0000000000        1.0000000000       67.5002485528        0.0000000000        0.8869204367        0.1064304524        0.0003035301
       56.2244900000        1.0000000000        1.0000000000       96.9145794933        0.0000000000        0.8869204367        0.1064304524        0.0000088974
       56.3265310000        1.0000000000        1.0000000000      160.4830445530        0.0000000000        0.8869204367        0.1064304524        0.0000000043
       56.4285710000        1.0000000000        1.0000000000      337.7225747546        0.0000000000        0.8869204367        0.1064304524        0.0000000000
       56.5306120000        1.0000000000        1.0000000000      836.3476674254        0.0000000000        0.8869204367        0.1064304524        0.0000000000
       56.6326530000        1.0000000000        1.0000000000     1812.6266676078        0.0000000000        0.8869204367        0.1064304524        0.0000000000
       56.7346940000        1.0000000000        1.0000000000     2740.4008349461        0.0000000000        0.8869204367        0.1064304524        0.0000000000
       56.8367350000        1.0000000000        1.0000000000     2636.3466642973        0.0000000000        0.8869204367        0.1064304524        0.0000000000
       56.9387760000        1.0000000000        1.0000000000     1623.9434020278        0.0000000000        0.8869204367        0.1064304524        0.0000000000
       57.0408160000        1.0000000000        1.0000000000      754.7032531402        0.0000000000        0.8869204367        0.1064304524        0.0000000000
       57.1428570000        1.0000000000        1.0000000000      533.1028124487        0.0000000000        0.8869204367        0.1064304524        0.0000000000
       57.2448980000        1.0000000000        1.0000000000     1016.8997390120        0.0000000000        0.8869204367        0.1064304524        0.0000000000
       57.3469390000        1.0000000000        1.0000000000     2175.2815310360        0.0000000000        0.8869204367        0.1064304524        0.0000000000
       57.4489800000        1.0000000000        1.0000000000     3258.8432675528        0.0000000000        0.8869204367        0.1064304524        0.0000000000
       57.5510200000        1.0000000000        1.0000000000     3127.0997070097        0.0000000000        0.8869204367        0.1064304524        0.0000000000
       57.6530610000        1.0000000000        1.0000000000     1973.7186458331        0.0000000000        0.8869204367        0.1064304524        0.0000000000
       57.7551020000        1.0000000000        1.0000000000      933.5995846138        0.0000000000        0.8869204367        0.1064304524        0.0000000000
       57.8571430000        1.0000000000        1.0000000000      427.2934539073        0.0000000000        0.8869204367        0.1064304524        0.0000000000
       57.9591840000        1.0000000000        1.0000000000      238.8582657627        0.0000000000        0.8869204367        0.1064304524        0.0000000000
       58.0612240000        1.0000000000        1.0000000000      162.7441653276        0.0000000000        0.8869204367        0.1064304524        0.0000000033
       58.1632650000        1.0000000000        1.0000000000      123.4574986214        0.0000000000        0.8869204367        0.1064304524        0.0000003681
       58.2653060000        1.0000000000        1.0000000000       99.2694632775        0.0000000000        0.8869204367        0.1064304524        0.0000067072
       58.3673470000        1.0000000000        1.0000000000       82.8675417600        0.0000000000        0.8869204367        0.1064304524        0.0000480098
       58.4693880000        1.0000000000        1.0000000000       71.0701095208        0.0000000000        0.8869204367        0.1064304524        0.0001977686
       58.5714290000        1.0000000000        1.0000000000       62.2554921427        0.0000000000        0.8869204367        0.1064304524        0.0005695528
       58.6734690000        1.0000000000        1.0000000000       55.6554861270        0.0000000000        0.8869204367        0.1064304524        0.0012574639
       58.7755100000        1.0000000000        1.0000000000       51.4010048722        0.0000000000        0.8869204367        0.1064304524        0.0020951700
       58.8775510000        1.0000000000        1.0000000000       50.2805401570        0.0000000000        0.8869204367        0.1064304524        0.0023966944
       58.9795920000        1.0000000000        1.0000000000       51.1286997063        0.0000000000        0.8869204367        0.1064304524        0.0021647639
       59.0816330000        1.0000000000        1.0000000000       49.4616043887        0.0000000000        0.8869204367        0.1064304524        0.0026441846
       59.1836730000        1.0000000000        1.0000000000       43.5707603059        0.0000000000        0.8869204367        0.1064304524        0.0053616086
       59.2857140000        1.0000000000        1.0000000000       37.2709841453        0.0000000000        0.8869204367        0.1064304524        0.0114185267
       59.3877550000        1.0000000000        1.0000000000       33.2140473634        0.0000000000        0.8869204367        0.1064304524        0.0185797002
       59.4897960000        1.0000000000        1.0000000000       30.8318556190        0.0000000000        0.8869204367        0.1064304524        0.0247279110
       59.5918370000        1.0000000000        1.0000000000       29.1341555738        0.0000000000        0.8869204367        0.1064304524        0.0303154235
       59.6938780000        1.0000000000        1.0000000000       27.7288418501        0.0000000000        0.8869204367        0.1064304524        0.0358840984
       59.7959180000        1.0000000000        1.0000000000       26.5059564495        0.0000000000        0.8869204367        0.1064304524        0.0415559414
       59.8979590000        1.0000000000        1.0000000000       25.4232831198        0.0000000000        0.8869204367        0.1064304524        0.0473213375
       60.0000000000        1.0000000000        1.0000000000       24.4556717319        0.0000000000        0.8869204367        0.1064304524        0.0531476916
