       55.0000000000        1.0000000000        1.0000000000        9.1471223182        0.0000000000        0.8869204367        0.1064304524        0.3336526897
       55.1020410000        1.0000000000        1.0000000000        9.7240559543        0.0000000000        0.8869204367        0.1064304524        0.3113347078
       55.2040820000        1.0000000000        1.0000000000       10.4973637330        0.0000000000        0.8869204367        0.1064304524        0.2837437752
       55.3061220000        1.0000000000        1.0000000000       11.5575087959        0.0000000000        0.8869204367        0.1064304524        0.2498483724
       55.4081630000        1.0000000000        1.0000000000       13.0665445437        0.0000000000        0.8869204367        0.1064304524        0.2084647441
       55.5102040000        1.0000000000        1.0000000000       15.3612920208        0.0000000000        0.8869204367        0.1064304524        0.1582854797
       55.6122450000        1.0000000000        1.0000000000       19.0662996931        0.0000000000        0.8869204367        0.1064304524        0.1014736659
       55.7142860000        1.0000000000        1.0000000000       24.8909494169        0.0000000000        0.8869204367        0.1064304524        0.0504428670
       55.8163270000        1.0000000000        1.0000000000       33.8388583615        0.0000000000        0.8869204367        0.1064304524        0.0172375867
       55.9183670000        1.0000000000        1.0000000000       50.7620284656        0.0000000000        0.8869204367        0.1064304524        0.0022621413
       56.0204080000        1.0000000000        1.0000000000       97.9888777543        0.0000000000        0.8869204367        0.1064304524        0.0000078213
       56.1224490000        1.0000000000        1.0000000000      262.0557654186        0.0000000000        0.8869204367        0.1064304524        0.0000000000
       56.2244900000        1.0000000000        1.0000000000      736.6001443470        0.0000000000        0.8869204367        0.1064304524        0.0000000000
       56.3265310000        1.0000000000        1.0000000000     1555.2296753704        0.0000000000        0.8869204367        0.1064304524        0.0000000000
       56.4285710000        1.0000000000        1.0000000000     2109.1746541689        0.0000000000        0.8869204367        0.1064304524        0.0000000000
       56.5306120000        1.0000000000        1.0000000000     1763.6522860059        0.0000000000        0.8869204367        0.1064304524        0.0000000000
       56.6326530000        1.0000000000        1.0000000000      947.2902992010        0.0000000000        0.8869204367        0.1064304524        0.0000000000
       56.7346940000        1.0000000000        1.0000000000      380.5625842764        0.0000000000        0.8869204367        0.1064304524        0.0000000000
       56.8367350000        1.0000000000        1.0000000000      157.3610709073        0.0000000000        0.8869204367        0.1064304524        0.0000000063
       56.9387760000        1.0000000000        1.0000000000       86.5604475564        0.0000000000        0.8869204367        0.1064304524        0.0000308229
       57.0408160000        1.0000000000        1.0000000000       59.7305130277        0.0000000000        0.8869204367        0.1064304524        0.0007711238
       57.1428570000        1.0000000000        1.0000000000       45.9887949202        0.0000000000        0.8869204367        0.1064304524        0.0040112379
       57.2448980000        1.0000000000        1.0000000000       37.5939781644        0.0000000000        0.8869204367        0.1064304524        0.0109844199
       57.3469390000        1.0000000000        1.0000000000       31.9780514681        0.0000000000        0.8869204367        0.1064304524        0.0215502863
       57.4489800000        1.0000000000        1.0000000000       27.9949791397        0.0000000000        0.8869204367        0.1064304524        0.0347561934
       57.5510200000        1.0000000000        1.0000000000       25.0463909318        0.0000000000        0.8869204367        0.1064304524        0.0495106782
       57.6530610000        1.0000000000        1.0000000000       22.7901083086        0.0000000000        0.8869204367        0.1064304524        0.0649061436
       57.7551020000        1.0000000000        1.0000000000       21.0173999186        0.0000000000        0.8869204367        0.1064304524        0.0802917831
       57.8571430000        1.0000000000        1.0000000000       19.5942898009        0.0000000000        0.8869204367        0.1064304524        0.0952438555
       57.9591840000        1.0000000000        1.0000000000       18.4312945720        0.0000000000        0.8869204367        0.1064304524        0.1095082545
       58.0612240000        1.0000000000        1.0000000000       17.4667526627        0.0000000000        0.8869204367        0.1064304524        0.1229459662
       58.1632650000        1.0000000000        1.0000000000       16.6571916486        0.0000000000        0.8869204367        0.1064304524        0.1354892473
       58.2653060000        1.0000000000        1.0000000000       15.9718066267        0.0000000000        0.8869204367        0.1064304524        0.1471038035
       58.3673470000        1.0000000000        1.0000000000       15.3896050714        0.0000000000        0.8869204367        0.1064304524        0.1577486069
       58.4693880000        1.0000000000        1.0000000000       14.9005151367        0.0000000000        0.8869204367        0.1064304524        0.1672840829
       58.5714290000        1.0000000000        1.0000000000       14.5255201201        0.0000000000        0.8869204367        0.1064304524        0.1749837066
       58.6734690000        1.0000000000        1.0000000000       14.4426876778        0.0000000000        0.8869204367        0.1064304524        0.1767316990
       58.7755100000        1.0000000000        1.0000000000       15.3632455235        0.0000000000        0.8869204367        0.1064304524        0.1582483788
       58.8775510000        1.0000000000        1.0000000000       18.4070390452        0.0000000000        0.8869204367        0.1064304524        0.1098274605
       58.9795920000        1.0000000000        1.0000000000       22.5569061439        0.0000000000        0.8869204367        0.1064304524        0.0667481473
       59.0816330000        1.0000000000        1.0000000000       23.4985053969        0.0000000000        0.8869204367        0.1064304524        0.0596166341
       59.1836730000        1.0000000000        1.0000000000       19.8233540339        0.0000000000        0.8869204367        0.1064304524        0.0926614747
       59.2857140000        1.0000000000        1.0000000000       15.5325976289        0.0000000000        0.8869204367        0.1064304524        0.1550648728
       59.3877550000        1.0000000000        1.0000000000       13.2684577185        0.0000000000        0.8869204367        0.1064304524        0.2034744314
       59.4897960000        1.0000000000        1.0000000000       12.4426132593        0.0000000000        0.8869204367        0.1064304524        0.2246720285
       59.5918370000        1.0000000000        1.0000000000       12.0946363254        0.0000000000        0.8869204367        0.1064304524        0.2342523422
       59.6938780000        1.0000000000        1.0000000000       11.8711914807        0.0000000000        0.8869204367        0.1064304524        0.2406184061
       59.7959180000        1.0000000000        1.0000000000       11.6923030026        0.0000000000        0.8869204367        0.1064304524        0.2458395085
       59.8979590000        1.0000000000        1.0000000000       11.5382291433        0.0000000000        0.8869204367        0.1064304524        0.2504270804
       60.0000000000        1.0000000000        1.0000000000       11.4013447855        0.0000000000        0.8869204367        0.1064304524        0.2545745969
