       55.0000000000        1.0000000000        1.0000000000        6.8583399902        0.0000000000        0.8869204367        0.1064304524        0.4391119887
       55.1020410000        1.0000000000        1.0000000000        6.9252418713        0.0000000000        0.8869204367        0.1064304524        0.4356008117
       55.2040820000        1.0000000000        1.0000000000        7.0079715774        0.0000000000        0.8869204367        0.1064304524        0.4312977512
       55.3061220000        1.0000000000        1.0000000000        7.1138619809        0.0000000000        0.8869204367        0.1064304524        0.4258519886
       55.4081630000        1.0000000000        1.0000000000        7.2706517873        0.0000000000        0.8869204367        0.1064304524        0.4179145829
       55.5102040000        1.0000000000        1.0000000000        7.5887197232        0.0000000000        0.8869204367        0.1064304524        0.4022641298
       55.6122450000        1.0000000000        1.0000000000        8.2902258342        0.0000000000        0.8869204367        0.1064304524        0.3697873752
       55.7142860000        1.0000000000        1.0000000000        9.3072621914        0.0000000000        0.8869204367        0.1064304524        0.3273021715
       55.8163270000        1.0000000000        1.0000000000        9.8745380939        0.0000000000        0.8869204367        0.1064304524        0.3057631271
       55.9183670000        1.0000000000        1.0000000000        9.5805565109        0.0000000000        0.8869204367        0.1064304524        0.3167422963
       56.0204080000        1.0000000000        1.0000000000        9.1542826889        0.0000000000        0.8869204367        0.1064304524        0.3333661236
       56.1224490000        1.0000000000        1.0000000000        9.1907142587        0.0000000000        0.8869204367        0.1064304524        0.3319118986
       56.2244900000        1.0000000000        1.0000000000        9.6222794826        0.0000000000        0.8869204367        0.1064304524        0.3151604080
       56.3265310000        1.0000000000        1.0000000000       10.2923107838        0.0000000000        0.8869204367        0.1064304524        0.2908122834
       56.4285710000        1.0000000000        1.0000000000       11.1837653648        0.0000000000        0.8869204367        0.1064304524        0.2613089530
       56.5306120000        1.0000000000        1.0000000000       12.3621031541        0.0000000000        0.8869204367        0.1064304524        0.2268531520
       56.6326530000        1.0000000000        1.0000000000       13.9503399206        0.0000000000        0.8869204367        0.1064304524        0.1874879335
       56.7346940000        1.0000000000        1.0000000000       16.1577089059        0.0000000000        0.8869204367        0.1064304524        0.1438585047
       56.8367350000        1.0000000000        1.0000000000       19.3623108920        0.0000000000        0.8869204367        0.1064304524        0.0979324516
       56.9387760000        1.0000000000        1.0000000000       24.3348084237        0.0000000000        0.8869204367        0.1064304524        0.0539241413
       57.0408160000        1.0000000000        1.0000000000       33.0706640855        0.0000000000        0.8869204367        0.1064304524        0.0189021484
       57.1428570000        1.0000000000        1.0000000000       53.0235547298        0.0000000000        0.8869204367        0.1064304524        0.0017244854
       57.2448980000        1.0000000000        1.0000000000      115.9902639797        0.0000000000        0.8869204367        0.1064304524        0.0000009018
       57.3469390000        1.0000000000        1.0000000000      313.4800197227        0.0000000000        0.8869204367        0.1064304524        0.0000000000
       57.4489800000        1.0000000000        1.0000000000      723.2052956597        0.0000000000        0.8869204367        0.1064304524        0.0000000000
       57.5510200000        1.0000000000        1.0000000000     1120.0573883616        0.0000000000        0.8869204367        0.1064304524        0.0000000000
       57.6530610000        1.0000000000        1.0000000000     1071.8879483250        0.0000000000        0.8869204367        0.1064304524        0.0000000000
       57.7551020000        1.0000000000        1.0000000000      642.1323442422        0.0000000000        0.8869204367        0.1064304524        0.0000000000
       57.8571430000        1.0000000000        1.0000000000      278.4863151640        0.0000000000        0.8869204367        0.1064304524        0.0000000000
       57.9591840000        1.0000000000        1.0000000000      146.8085443757        0.0000000000        0.8869204367        0.1064304524        0.0000000223
       58.0612240000        1.0000000000        1.0000000000      185.2856257864        0.0000000000        0.8869204367        0.1064304524        0.0000000002
       58.1632650000        1.0000000000        1.0000000000      448.0212694482        0.0000000000        0.8869204367        0.1064304524        0.0000000000
       58.2653060000        1.0000000000        1.0000000000     1158.5900262911        0.0000000000        0.8869204367        0.1064304524        0.0000000000
       58.3673470000        1.0000000000        1.0000000000     2250.8212490614        0.0000000000        0.8869204367        0.1064304524        0.0000000000
       58.4693880000        1.0000000000        1.0000000000     2870.1117636969        0.0000000000        0.8869204367        0.1064304524        0.0000000000
       58.5714290000        1.0000000000        1.0000000000     2335.0782867342        0.0000000000        0.8869204367        0.1064304524        0.0000000000
       58.6734690000        1.0000000000        1.0000000000     1275.7140299647        0.0000000000        0.8869204367        0.1064304524        0.0000000000
       58.7755100000        1.0000000000        1.0000000000      549.6722629631        0.0000000000        0.8869204367        0.1064304524        0.0000000000
       58.8775510000        1.0000000000        1.0000000000      252.0071614503        0.0000000000        0.8869204367        0.1064304524        0.0000000000
       58.9795920000        1.0000000000        1.0000000000      151.9872667228        0.0000000000        0.8869204367        0.1064304524        0.0000000120
       59.0816330000        1.0000000000        1.0000000000      110.4490907215        0.0000000000        0.8869204367        0.1064304524        0.0000017535
       59.1836730000        1.0000000000        1.0000000000       84.2555415726        0.0000000000        0.8869204367        0.1064304524        0.0000406438
       59.2857140000        1.0000000000        1.0000000000       65.8034306226        0.0000000000        0.8869204367        0.1064304524        0.0003720763
       59.3877550000        1.0000000000        1.0000000000       53.8387717733        0.0000000000        0.8869204367        0.1064304524        0.0015637748
       59.4897960000        1.0000000000        1.0000000000       46.0613754653        0.0000000000        0.8869204367        0.1064304524        0.0039764530
       59.5918370000        1.0000000000        1.0000000000       40.5471729741        0.0000000000        0.8869204367        0.1064304524        0.0077067342
       59.6938780000        1.0000000000        1.0000000000       36.3600229060        0.0000000000        0.8869204367        0.1064304524        0.0127375272
       59.7959180000        1.0000000000        1.0000000000       33.0597617488        0.0000000000        0.8869204367        0.1064304524        0.0189268939
       59.8979590000        1.0000000000        1.0000000000       30.3952460897        0.0000000000        0.8869204367        0.1064304524        0.0260580241
       60.0000000000        1.0000000000        1.0000000000       28.2038355353        0.0000000000        0.8869204367        0.1064304524        0.0338959323
