       55.0000000000        1.0000000000        1.0000000000        7.1738744458        0.0000000000        0.8869204367        0.1064304524        0.4227962335
       55.1020410000        1.0000000000        1.0000000000        7.2714004076        0.0000000000        0.8869204367        0.1064304524        0.4178770415
       55.2040820000        1.0000000000        1.0000000000        7.3929148519        0.0000000000        0.8869204367        0.1064304524        0.4118278807
       55.3061220000        1.0000000000        1.0000000000        7.5480437364        0.0000000000        0.8869204367        0.1064304524        0.4042324285
       55.4081630000        1.0000000000        1.0000000000        7.7675597540        0.0000000000        0.8869204367        0.1064304524        0.3937231938
       55.5102040000        1.0000000000        1.0000000000        8.1658673294        0.0000000000        0.8869204367        0.1064304524        0.3753471006
       55.6122450000        1.0000000000        1.0000000000        8.9704131898        0.0000000000        0.8869204367        0.1064304524        0.3408033744
       55.7142860000        1.0000000000        1.0000000000       10.1202636186        0.0000000000        0.8869204367        0.1064304524        0.2968787020
       55.8163270000        1.0000000000        1.0000000000       10.8601783879        0.0000000000        0.8869204367        0.1064304524        0.2716552699
       55.9183670000        1.0000000000        1.0000000000       10.7933630989        0.0000000000        0.8869204367        0.1064304524        0.2738421121
       56.0204080000        1.0000000000        1.0000000000       10.6693728373        0.0000000000        0.8869204367        0.1064304524        0.2779470251
       56.1224490000        1.0000000000        1.0000000000       11.1126312825        0.0000000000        0.8869204367        0.1064304524        0.2635490570
       56.2244900000        1.0000000000        1.0000000000       12.0992005288        0.0000000000        0.8869204367        0.1064304524        0.2341240763
       56.3265310000        1.0000000000        1.0000000000       13.5398354211        0.0000000000        0.8869204367        0.1064304524        0.1969549512
       56.4285710000        1.0000000000        1.0000000000       15.5244697812        0.0000000000        0.8869204367        0.1064304524        0.1552161878
       56.5306120000        1.0000000000        1.0000000000       18.2952274601        0.0000000000        0.8869204367        0.1064304524        0.1113109887
       56.6326530000        1.0000000000        1.0000000000       22.2818611079        0.0000000000        0.8869204367        0.1064304524        0.0689879565
       56.7346940000        1.0000000000        1.0000000000       28.2622427170        0.0000000000        0.8869204367        0.1064304524        0.0336591910
       56.8367350000        1.0000000000        1.0000000000       37.7701917088        0.0000000000        0.8869204367        0.1064304524        0.0107545861
       56.9387760000        1.0000000000        1.0000000000       54.3359918993        0.0000000000        0.8869204367        0.1064304524        0.0014731990
       57.0408160000        1.0000000000        1.0000000000       88.7270294087        0.0000000000        0.8869204367        0.1064304524        0.0000237663
       57.1428570000        1.0000000000        1.0000000000      183.2807956069        0.0000000000        0.8869204367        0.1064304524        0.0000000003
       57.2448980000        1.0000000000        1.0000000000      484.7427339277        0.0000000000        0.8869204367        0.1064304524        0.0000000000
       57.3469390000        1.0000000000        1.0000000000     1258.8760602546        0.0000000000        0.8869204367        0.1064304524        0.0000000000
       57.4489800000        1.0000000000        1.0000000000     2422.8948217959        0.0000000000        0.8869204367        0.1064304524        0.0000000000
       57.5510200000        1.0000000000        1.0000000000     3038.6580614423        0.0000000000        0.8869204367        0.1064304524        0.0000000000
       57.6530610000        1.0000000000        1.0000000000     2412.4116609605        0.0000000000        0.8869204367        0.1064304524        0.0000000000
       57.7551020000        1.0000000000        1.0000000000     1276.1940364727        0.0000000000        0.8869204367        0.1064304524        0.0000000000
       57.8571430000        1.0000000000        1.0000000000      529.1505910948        0.0000000000        0.8869204367        0.1064304524        0.0000000000
       57.9591840000        1.0000000000        1.0000000000      231.6136619660        0.0000000000        0.8869204367        0.1064304524        0.0000000000
       58.0612240000        1.0000000000        1.0000000000      130.9201032218        0.0000000000        0.8869204367        0.1064304524        0.0000001503
       58.1632650000        1.0000000000        1.0000000000       90.0811206909        0.0000000000        0.8869204367        0.1064304524        0.0000202019
       58.2653060000        1.0000000000        1.0000000000       68.5236349267        0.0000000000        0.8869204367        0.1064304524        0.0002684526
       58.3673470000        1.0000000000        1.0000000000       55.2113891653        0.0000000000        0.8869204367        0.1064304524        0.0013262940
       58.4693880000        1.0000000000        1.0000000000       46.2674281116        0.0000000000        0.8869204367        0.1064304524        0.0038793356
       58.5714290000        1.0000000000        1.0000000000       39.9514319509        0.0000000000        0.8869204367        0.1064304524        0.0082778514
       58.6734690000        1.0000000000        1.0000000000       35.5121816993        0.0000000000        0.8869204367        0.1064304524        0.0141016735
       58.7755100000        1.0000000000        1.0000000000       33.1277538078        0.0000000000        0.8869204367        0.1064304524        0.0187730968
       58.8775510000        1.0000000000        1.0000000000       33.6130792148        0.0000000000        0.8869204367        0.1064304524        0.0177109975
       58.9795920000        1.0000000000        1.0000000000       35.7912321160        0.0000000000        0.8869204367        0.1064304524        0.0136372828
       59.0816330000        1.0000000000        1.0000000000       35.2098275875        0.0000000000        0.8869204367        0.1064304524        0.0146227125
       59.1836730000        1.0000000000        1.0000000000       30.2811454367        0.0000000000        0.8869204367        0.1064304524        0.0264172664
       59.2857140000        1.0000000000        1.0000000000       24.8945145033        0.0000000000        0.8869204367        0.1064304524        0.0504212916
       59.3877550000        1.0000000000        1.0000000000       21.6806215348        0.0000000000        0.8869204367        0.1064304524        0.0741493049
       59.4897960000        1.0000000000        1.0000000000       20.0489888186        0.0000000000        0.8869204367        0.1064304524        0.0901862179
       59.5918370000        1.0000000000        1.0000000000       19.0165053788        0.0000000000        0.8869204367        0.1064304524        0.1020818185
       59.6938780000        1.0000000000        1.0000000000       18.2053645656        0.0000000000        0.8869204367        0.1064304524        0.1125178112
       59.7959180000        1.0000000000        1.0000000000       17.5169699197        0.0000000000        0.8869204367        0.1064304524        0.1222073129
       59.8979590000        1.0000000000        1.0000000000       16.9176825113        0.0000000000        0.8869204367        0.1064304524        0.1313195121
       60.0000000000        1.0000000000        1.0000000000       16.3891547384        0.0000000000        0.8869204367        0.1064304524        0.1399180243
