       55.0000000000        1.0000000000        1.0000000000        7.3993160243        0.0000000000        0.8869204367        0.1064304524        0.4115116604
       55.1020410000        1.0000000000        1.0000000000        7.5805773788        0.0000000000        0.8869204367        0.1064304524        0.4026573667
       55.2040820000        1.0000000000        1.0000000000        7.7985578491        0.0000000000        0.8869204367        0.1064304524        0.3922613540
       55.3061220000        1.0000000000        1.0000000000        8.0653175480        0.0000000000        0.8869204367        0.1064304524        0.3799034621
       55.4081630000        1.0000000000        1.0000000000        8.4147498472        0.0000000000        0.8869204367        0.1064304524        0.3643027663
       55.5102040000        1.0000000000        1.0000000000        8.9650500285        0.0000000000        0.8869204367        0.1064304524        0.3410227790
       55.6122450000        1.0000000000        1.0000000000        9.9468333122        0.0000000000        0.8869204367        0.1064304524        0.3031219748
       55.7142860000        1.0000000000        1.0000000000       11.3006077482        0.0000000000        0.8869204367        0.1064304524        0.2576706835
       55.8163270000        1.0000000000        1.0000000000       12.2771818013        0.0000000000        0.8869204367        0.1064304524        0.2291767323
       55.9183670000        1.0000000000        1.0000000000       12.4962309929        0.0000000000        0.8869204367        0.1064304524        0.2232311005
       56.0204080000        1.0000000000        1.0000000000       12.7242371531        0.0000000000        0.8869204367        0.1064304524        0.2172061322
       56.1224490000        1.0000000000        1.0000000000       13.5986993133        0.0000000000        0.8869204367        0.1064304524        0.1955686290
       56.2244900000        1.0000000000        1.0000000000       15.1145792828        0.0000000000        0.8869204367        0.1064304524        0.1630416623
       56.3265310000        1.0000000000        1.0000000000       17.2133871284        0.0000000000        0.8869204367        0.1064304524        0.1267414042
       56.4285710000        1.0000000000        1.0000000000       20.0304962147        0.0000000000        0.8869204367        0.1064304524        0.0903865735
       56.5306120000        1.0000000000        1.0000000000       23.8763044512        0.0000000000        0.8869204367        0.1064304524        0.0569742120
       56.6326530000        1.0000000000        1.0000000000       29.2897824832        0.0000000000        0.8869204367        0.1064304524        0.0297545298
       56.7346940000        1.0000000000        1.0000000000       37.2428890864        0.0000000000        0.8869204367        0.1064304524        0.0114570881
       56.8367350000        1.0000000000        1.0000000000       49.7009585082        0.0000000000        0.8869204367        0.1064304524        0.0025693174
       56.9387760000        1.0000000000        1.0000000000       71.6576035992        0.0000000000        0.8869204367        0.1064304524        0.0001843061
       57.0408160000        1.0000000000        1.0000000000      120.4699239492        0.0000000000        0.8869204367        0.1064304524        0.0000005268
       57.1428570000        1.0000000000        1.0000000000      259.5390628560        0.0000000000        0.8869204367        0.1064304524        0.0000000000
       57.2448980000        1.0000000000        1.0000000000      633.1346340979        0.0000000000        0.8869204367        0.1064304524        0.0000000000
       57.3469390000        1.0000000000        1.0000000000     1292.0201081366        0.0000000000        0.8869204367        0.1064304524        0.0000000000
       57.4489800000        1.0000000000        1.0000000000     1878.1215783448        0.0000000000        0.8869204367        0.1064304524        0.0000000000
       57.5510200000        1.0000000000        1.0000000000     2121.7370985066        0.0000000000        0.8869204367        0.1064304524        0.0000000000
       57.6530610000        1.0000000000        1.0000000000     2478.7980054629        0.0000000000        0.8869204367        0.1064304524        0.0000000000
       57.7551020000        1.0000000000        1.0000000000     2937.5870523406        0.0000000000        0.8869204367        0.1064304524        0.0000000000
       57.8571430000        1.0000000000        1.0000000000     2635.3329209167        0.0000000000        0.8869204367        0.1064304524        0.0000000000
       57.9591840000        1.0000000000        1.0000000000     1615.5936652229        0.0000000000        0.8869204367        0.1064304524        0.0000000000
       58.0612240000        1.0000000000        1.0000000000      748.4880209551        0.0000000000        0.8869204367        0.1064304524        0.0000000000
       58.1632650000        1.0000000000        1.0000000000      338.0129496518        0.0000000000        0.8869204367        0.1064304524        0.0000000000
       58.2653060000        1.0000000000        1.0000000000      187.8084407236        0.0000000000        0.8869204367        0.1064304524        0.0000000002
       58.3673470000        1.0000000000        1.0000000000      127.4100184295        0.0000000000        0.8869204367        0.1064304524        0.0000002291
       58.4693880000        1.0000000000        1.0000000000       96.2507510734        0.0000000000        0.8869204367        0.1064304524        0.0000096352
       58.5714290000        1.0000000000        1.0000000000       77.1703189090        0.0000000000        0.8869204367        0.1064304524        0.0000951136
       58.6734690000        1.0000000000        1.0000000000       64.5411416707        0.0000000000        0.8869204367        0.1064304524        0.0004329289
       58.7755100000        1.0000000000        1.0000000000       56.5271889949        0.0000000000        0.8869204367        0.1064304524        0.0011325736
       58.8775510000        1.0000000000        1.0000000000       52.9644042985        0.0000000000        0.8869204367        0.1064304524        0.0017367695
       58.9795920000        1.0000000000        1.0000000000       52.1724839543        0.0000000000        0.8869204367        0.1064304524        0.0019099121
       59.0816330000        1.0000000000        1.0000000000       49.3744129667        0.0000000000        0.8869204367        0.1064304524        0.0026719959
       59.1836730000        1.0000000000        1.0000000000       42.6998796172        0.0000000000        0.8869204367        0.1064304524        0.0059522525
       59.2857140000        1.0000000000        1.0000000000       35.8612602885        0.0000000000        0.8869204367        0.1064304524        0.0135231637
       59.3877550000        1.0000000000        1.0000000000       31.4330329144        0.0000000000        0.8869204367        0.1064304524        0.0230068346
       59.4897960000        1.0000000000        1.0000000000       28.7941788219        0.0000000000        0.8869204367        0.1064304524        0.0315777835
       59.5918370000        1.0000000000        1.0000000000       26.9210670316        0.0000000000        0.8869204367        0.1064304524        0.0395366162
       59.6938780000        1.0000000000        1.0000000000       25.3994279714        0.0000000000        0.8869204367        0.1064304524        0.0474569945
       59.7959180000        1.0000000000        1.0000000000       24.1035875734        0.0000000000        0.8869204367        0.1064304524        0.0554412982
       59.8979590000        1.0000000000        1.0000000000       22.9799498739        0.0000000000        0.8869204367        0.1064304524        0.0634442327
       60.0000000000        1.0000000000        1.0000000000       21.9950528081        0.0000000000        0.8869204367        0.1064304524        0.0714036467
