       55.0000000000        1.0000000000        1.0000000000        7.2581059990        0.0000000000        0.8869204367        0.1064304524        0.4185442249
       55.1020410000        1.0000000000        1.0000000000        7.2768806058        0.0000000000        0.8869204367        0.1064304524        0.4176023259
       55.2040820000        1.0000000000        1.0000000000        7.3038549662        0.0000000000        0.8869204367        0.1064304524        0.4162527646
       55.3061220000        1.0000000000        1.0000000000        7.3449191396        0.0000000000        0.8869204367        0.1064304524        0.4142066410
       55.4081630000        1.0000000000        1.0000000000        7.4258949354        0.0000000000        0.8869204367        0.1064304524        0.4102012475
       55.5102040000        1.0000000000        1.0000000000        7.6548812812        0.0000000000        0.8869204367        0.1064304524        0.3990830439
       55.6122450000        1.0000000000        1.0000000000        8.2531348540        0.0000000000        0.8869204367        0.1064304524        0.3714369367
       55.7142860000        1.0000000000        1.0000000000        9.1548337140        0.0000000000        0.8869204367        0.1064304524        0.3333440812
       55.8163270000        1.0000000000        1.0000000000        9.5923184339        0.0000000000        0.8869204367        0.1064304524        0.3162955518
       55.9183670000        1.0000000000        1.0000000000        9.1402113790        0.0000000000        0.8869204367        0.1064304524        0.3339295069
       56.0204080000        1.0000000000        1.0000000000        8.5148514261        0.0000000000        0.8869204367        0.1064304524        0.3599528706
       56.1224490000        1.0000000000        1.0000000000        8.3062446078        0.0000000000        0.8869204367        0.1064304524        0.3690772331
       56.2244900000        1.0000000000        1.0000000000        8.4385425390        0.0000000000        0.8869204367        0.1064304524        0.3632641205
       56.3265310000        1.0000000000        1.0000000000        8.7378806956        0.0000000000        0.8869204367        0.1064304524        0.3504470396
       56.4285710000        1.0000000000        1.0000000000        9.1604259969        0.0000000000        0.8869204367        0.1064304524        0.3331204577
       56.5306120000        1.0000000000        1.0000000000        9.7304031149        0.0000000000        0.8869204367        0.1064304524        0.3110976672
       56.6326530000        1.0000000000        1.0000000000       10.5034376928        0.0000000000        0.8869204367        0.1064304524        0.2835370368
       56.7346940000        1.0000000000        1.0000000000       11.5700952373        0.0000000000        0.8869204367        0.1064304524        0.2494712930
       56.8367350000        1.0000000000        1.0000000000       13.0786955105        0.0000000000        0.8869204367        0.1064304524        0.2081609998
       56.9387760000        1.0000000000        1.0000000000       15.2837570036        0.0000000000        0.8869204367        0.1064304524        0.1597650724
       57.0408160000        1.0000000000        1.0000000000       18.6523395055        0.0000000000        0.8869204367        0.1064304524        0.1066416916
       57.1428570000        1.0000000000        1.0000000000       24.1300788842        0.0000000000        0.8869204367        0.1064304524        0.0552653325
       57.2448980000        1.0000000000        1.0000000000       34.0154150835        0.0000000000        0.8869204367        0.1064304524        0.0168762190
       57.3469390000        1.0000000000        1.0000000000       56.1268906090        0.0000000000        0.8869204367        0.1064304524        0.0011883056
       57.4489800000        1.0000000000        1.0000000000      124.1100317636        0.0000000000        0.8869204367        0.1064304524        0.0000003404
       57.5510200000        1.0000000000        1.0000000000      353.1222842457        0.0000000000        0.8869204367        0.1064304524        0.0000000000
       57.6530610000        1.0000000000        1.0000000000      921.3824484049        0.0000000000        0.8869204367        0.1064304524        0.0000000000
       57.7551020000        1.0000000000        1.0000000000     1683.9614560782        0.0000000000        0.8869204367        0.1064304524        0.0000000000
       57.8571430000        1.0000000000        1.0000000000     1946.9615106586        0.0000000000        0.8869204367        0.1064304524        0.0000000000
       57.9591840000        1.0000000000        1.0000000000     1406.2521795370        0.0000000000        0.8869204367        0.1064304524        0.0000000000
       58.0612240000        1.0000000000        1.0000000000      679.2875287113        0.0000000000        0.8869204367        0.1064304524        0.0000000000
       58.1632650000        1.0000000000        1.0000000000      266.9873497891        0.0000000000        0.8869204367        0.1064304524        0.0000000000
       58.2653060000        1.0000000000        1.0000000000      119.2383007117        0.0000000000        0.8869204367        0.1064304524        0.0000006107
       58.3673470000        1.0000000000        1.0000000000       71.3041323685        0.0000000000        0.8869204367        0.1064304524        0.0001922919
       58.4693880000        1.0000000000        1.0000000000       51.4320626317        0.0000000000        0.8869204367        0.1064304524        0.0020873760
       58.5714290000        1.0000000000        1.0000000000       40.6679083546        0.0000000000        0.8869204367        0.1064304524        0.0075958821
       58.6734690000        1.0000000000        1.0000000000       34.1416901198        0.0000000000        0.8869204367        0.1064304524        0.0166224213
       58.7755100000        1.0000000000        1.0000000000       30.7356093170        0.0000000000        0.8869204367        0.1064304524        0.0250151630
       58.8775510000        1.0000000000        1.0000000000       30.7272311337        0.0000000000        0.8869204367        0.1064304524        0.0250403254
       58.9795920000        1.0000000000        1.0000000000       32.6728084913        0.0000000000        0.8869204367        0.1064304524        0.0198264769
       59.0816330000        1.0000000000        1.0000000000       31.9913280235        0.0000000000        0.8869204367        0.1064304524        0.0215159800
       59.1836730000        1.0000000000        1.0000000000       27.0572550518        0.0000000000        0.8869204367        0.1064304524        0.0388957377
       59.2857140000        1.0000000000        1.0000000000       21.7378959972        0.0000000000        0.8869204367        0.1064304524        0.0736414288
       59.3877550000        1.0000000000        1.0000000000       18.6280615551        0.0000000000        0.8869204367        0.1064304524        0.1069528296
       59.4897960000        1.0000000000        1.0000000000       17.1118096745        0.0000000000        0.8869204367        0.1064304524        0.1282957465
       59.5918370000        1.0000000000        1.0000000000       16.1965079333        0.0000000000        0.8869204367        0.1064304524        0.1431902731
       59.6938780000        1.0000000000        1.0000000000       15.5009843908        0.0000000000        0.8869204367        0.1064304524        0.1556542423
       59.7959180000        1.0000000000        1.0000000000       14.9247692453        0.0000000000        0.8869204367        0.1064304524        0.1667979116
       59.8979590000        1.0000000000        1.0000000000       14.4330768023        0.0000000000        0.8869204367        0.1064304524        0.1769356421
       60.0000000000        1.0000000000        1.0000000000       14.0069441252        0.0000000000        0.8869204367        0.1064304524        0.1862187362
