       55.0000000000        1.0000000000        1.0000000000       10.8488910862        0.0000000000        0.8869204367        0.1064304524        0.2720234698
       55.1020410000        1.0000000000        1.0000000000       11.5588610398        0.0000000000        0.8869204367        0.1064304524        0.2498078330
       55.2040820000        1.0000000000        1.0000000000       12.3893106151        0.0000000000        0.8869204367        0.1064304524        0.2261137079
       55.3061220000        1.0000000000        1.0000000000       13.3698510188        0.0000000000        0.8869204367        0.1064304524        0.2010137184
       55.4081630000        1.0000000000        1.0000000000       14.5569866482        0.0000000000        0.8869204367        0.1064304524        0.1743242170
       55.5102040000        1.0000000000        1.0000000000       16.0974300704        0.0000000000        0.8869204367        0.1064304524        0.1449028721
       55.6122450000        1.0000000000        1.0000000000       18.2531970225        0.0000000000        0.8869204367        0.1064304524        0.1118738208
       55.7142860000        1.0000000000        1.0000000000       20.9975614023        0.0000000000        0.8869204367        0.1064304524        0.0804831552
       55.8163270000        1.0000000000        1.0000000000       23.6408562187        0.0000000000        0.8869204367        0.1064304524        0.0586069056
       55.9183670000        1.0000000000        1.0000000000       25.9123677805        0.0000000000        0.8869204367        0.1064304524        0.0446239694
       56.0204080000        1.0000000000        1.0000000000       28.7113981263        0.0000000000        0.8869204367        0.1064304524        0.0318930304
       56.1224490000        1.0000000000        1.0000000000       32.8304985790        0.0000000000        0.8869204367        0.1064304524        0.0194548316
       56.2244900000        1.0000000000        1.0000000000       38.4935780366        0.0000000000        0.8869204367        0.1064304524        0.0098603919
       56.3265310000        1.0000000000        1.0000000000       46.0014951841        0.0000000000        0.8869204367        0.1064304524        0.0040051293
       56.4285710000        1.0000000000        1.0000000000       56.0521330522        0.0000000000        0.8869204367        0.1064304524        0.0011990137
       56.5306120000        1.0000000000        1.0000000000       69.8725391239        0.0000000000        0.8869204367        0.1064304524        0.0002283332
       56.6326530000        1.0000000000        1.0000000000       89.5903467035        0.0000000000        0.8869204367        0.1064304524        0.0000214274
       56.7346940000        1.0000000000        1.0000000000      119.1906430341        0.0000000000        0.8869204367        0.1064304524        0.0000006142
       56.8367350000        1.0000000000        1.0000000000      167.2507767042        0.0000000000        0.8869204367        0.1064304524        0.0000000019
       56.9387760000        1.0000000000        1.0000000000      256.6609599877        0.0000000000        0.8869204367        0.1064304524        0.0000000000
       57.0408160000        1.0000000000        1.0000000000      459.6203366269        0.0000000000        0.8869204367        0.1064304524        0.0000000000
       57.1428570000        1.0000000000        1.0000000000      967.5301645162        0.0000000000        0.8869204367        0.1064304524        0.0000000000
       57.2448980000        1.0000000000        1.0000000000     2010.1414327190        0.0000000000        0.8869204367        0.1064304524        0.0000000000
       57.3469390000        1.0000000000        1.0000000000     3367.2420832739        0.0000000000        0.8869204367        0.1064304524        0.0000000000
       57.4489800000        1.0000000000        1.0000000000     4366.3463426058        0.0000000000        0.8869204367        0.1064304524        0.0000000000
       57.5510200000        1.0000000000        1.0000000000     4913.3623127652        0.0000000000        0.8869204367        0.1064304524        0.0000000000
       57.6530610000        1.0000000000        1.0000000000     4990.0132047476        0.0000000000        0.8869204367        0.1064304524        0.0000000000
       57.7551020000        1.0000000000        1.0000000000     4028.1681341251        0.0000000000        0.8869204367        0.1064304524        0.0000000000
       57.8571430000        1.0000000000        1.0000000000     2425.3285162064        0.0000000000        0.8869204367        0.1064304524        0.0000000000
       57.9591840000        1.0000000000        1.0000000000     1211.9803087237        0.0000000000        0.8869204367        0.1064304524        0.0000000000
       58.0612240000        1.0000000000        1.0000000000      623.4556170197        0.0000000000        0.8869204367        0.1064304524        0.0000000000
       58.1632650000        1.0000000000        1.0000000000      378.2983382222        0.0000000000        0.8869204367        0.1064304524        0.0000000000
       58.2653060000        1.0000000000        1.0000000000      263.8413675110        0.0000000000        0.8869204367        0.1064304524        0.0000000000
       58.3673470000        1.0000000000        1.0000000000      199.6157413072        0.0000000000        0.8869204367        0.1064304524        0.0000000000
       58.4693880000        1.0000000000        1.0000000000      158.7471192611        0.0000000000        0.8869204367        0.1064304524        0.0000000053
       58.5714290000        1.0000000000        1.0000000000      130.7157122019        0.0000000000        0.8869204367        0.1064304524        0.0000001541
       58.6734690000        1.0000000000        1.0000000000      110.6783446270        0.0000000000        0.8869204367        0.1064304524        0.0000017059
       58.7755100000        1.0000000000        1.0000000000       96.6245081356        0.0000000000        0.8869204367        0.1064304524        0.0000092126
       58.8775510000        1.0000000000        1.0000000000       88.1439207723        0.0000000000        0.8869204367        0.1064304524        0.0000254888
       58.9795920000        1.0000000000        1.0000000000       83.3968701303        0.0000000000        0.8869204367        0.1064304524        0.0000450551
       59.0816330000        1.0000000000        1.0000000000       77.4268071327        0.0000000000        0.8869204367        0.1064304524        0.0000922308
       59.1836730000        1.0000000000        1.0000000000       68.0850129528        0.0000000000        0.8869204367        0.1064304524        0.0002829610
       59.2857140000        1.0000000000        1.0000000000       58.8956556204        0.0000000000        0.8869204367        0.1064304524        0.0008523795
       59.3877550000        1.0000000000        1.0000000000       52.4070589735        0.0000000000        0.8869204367        0.1064304524        0.0018568996
       59.4897960000        1.0000000000        1.0000000000       47.9910845035        0.0000000000        0.8869204367        0.1064304524        0.0031544846
       59.5918370000        1.0000000000        1.0000000000       44.5834413511        0.0000000000        0.8869204367        0.1064304524        0.0047480895
       59.6938780000        1.0000000000        1.0000000000       41.7253796617        0.0000000000        0.8869204367        0.1064304524        0.0066906412
       59.7959180000        1.0000000000        1.0000000000       39.2562780424        0.0000000000        0.8869204367        0.1064304524        0.0089979963
       59.8979590000        1.0000000000        1.0000000000       37.0957104262        0.0000000000        0.8869204367        0.1064304524        0.0116612342
       60.0000000000        1.0000000000        1.0000000000       35.1890649129        0.0000000000        0.8869204367        0.1064304524        0.0146591907
