       55.0000000000        1.0000000000        1.0000000000        7.2386257615        0.0000000000        0.8869204367        0.1064304524        0.4195237703
       55.1020410000        1.0000000000        1.0000000000        7.2559921974        0.0000000000        0.8869204367        0.1064304524        0.4186504047
       55.2040820000        1.0000000000        1.0000000000        7.2814340737        0.0000000000        0.8869204367        0.1064304524        0.4173742036
       55.3061220000        1.0000000000        1.0000000000        7.3208301673        0.0000000000        0.8869204367        0.1064304524        0.4154057107
       55.4081630000        1.0000000000        1.0000000000        7.3999911067        0.0000000000        0.8869204367        0.1064304524        0.4114783252
       55.5102040000        1.0000000000        1.0000000000        7.6270053725        0.0000000000        0.8869204367        0.1064304524        0.4004202555
       55.6122450000        1.0000000000        1.0000000000        8.2231175982        0.0000000000        0.8869204367        0.1064304524        0.3727772913
       55.7142860000        1.0000000000        1.0000000000        9.1224889308        0.0000000000        0.8869204367        0.1064304524        0.3346404284
       55.8163270000        1.0000000000        1.0000000000        9.5574524828        0.0000000000        0.8869204367        0.1064304524        0.3176216775
       55.9183670000        1.0000000000        1.0000000000        9.1026550699        0.0000000000        0.8869204367        0.1064304524        0.3354378424
       56.0204080000        1.0000000000        1.0000000000        8.4744791909        0.0000000000        0.8869204367        0.1064304524        0.3617009538
       56.1224490000        1.0000000000        1.0000000000        8.2629897524        0.0000000000        0.8869204367        0.1064304524        0.3709979395
       56.2244900000        1.0000000000        1.0000000000        8.3924522655        0.0000000000        0.8869204367        0.1064304524        0.3652788400
       56.3265310000        1.0000000000        1.0000000000        8.6892253569        0.0000000000        0.8869204367        0.1064304524        0.3524991589
       56.4285710000        1.0000000000        1.0000000000        9.1098846505        0.0000000000        0.8869204367        0.1064304524        0.3351469596
       56.5306120000        1.0000000000        1.0000000000        9.6793972357        0.0000000000        0.8869204367        0.1064304524        0.3130076436
       56.6326530000        1.0000000000        1.0000000000       10.4547591834        0.0000000000        0.8869204367        0.1064304524        0.2851981429
       56.7346940000        1.0000000000        1.0000000000       11.5291394227        0.0000000000        0.8869204367        0.1064304524        0.2507003869
       56.8367350000        1.0000000000        1.0000000000       13.0560169247        0.0000000000        0.8869204367        0.1064304524        0.2087282670
       56.9387760000        1.0000000000        1.0000000000       15.3007505066        0.0000000000        0.8869204367        0.1064304524        0.1594396081
       57.0408160000        1.0000000000        1.0000000000       18.7551084893        0.0000000000        0.8869204367        0.1064304524        0.1053346327
       57.1428570000        1.0000000000        1.0000000000       24.4296640063        0.0000000000        0.8869204367        0.1064304524        0.0533138207
       57.2448980000        1.0000000000        1.0000000000       34.8583851983        0.0000000000        0.8869204367        0.1064304524        0.0152525859
       57.3469390000        1.0000000000        1.0000000000       59.0888073805        0.0000000000        0.8869204367        0.1064304524        0.0008328501
       57.4489800000        1.0000000000        1.0000000000      136.5102295687        0.0000000000        0.8869204367        0.1064304524        0.0000000769
       57.5510200000        1.0000000000        1.0000000000      395.3837662361        0.0000000000        0.8869204367        0.1064304524        0.0000000000
       57.6530610000        1.0000000000        1.0000000000     1006.1967957017        0.0000000000        0.8869204367        0.1064304524        0.0000000000
       57.7551020000        1.0000000000        1.0000000000     1753.9919184272        0.0000000000        0.8869204367        0.1064304524        0.0000000000
       57.8571430000        1.0000000000        1.0000000000     1919.0511401958        0.0000000000        0.8869204367        0.1064304524        0.0000000000
       57.9591840000        1.0000000000        1.0000000000     1312.8192124449        0.0000000000        0.8869204367        0.1064304524        0.0000000000
       58.0612240000        1.0000000000        1.0000000000      608.1566743841        0.0000000000        0.8869204367        0.1064304524        0.0000000000
       58.1632650000        1.0000000000        1.0000000000      236.9902609763        0.0000000000        0.8869204367        0.1064304524        0.0000000000
       58.2653060000        1.0000000000        1.0000000000      109.0132195797        0.0000000000        0.8869204367        0.1064304524        0.0000020832
       58.3673470000        1.0000000000        1.0000000000       67.1205031779        0.0000000000        0.8869204367        0.1064304524        0.0003176818
       58.4693880000        1.0000000000        1.0000000000       49.1483246876        0.0000000000        0.8869204367        0.1064304524        0.0027454811
       58.5714290000        1.0000000000        1.0000000000       39.1985111344        0.0000000000        0.8869204367        0.1064304524        0.0090605873
       58.6734690000        1.0000000000        1.0000000000       33.1125053164        0.0000000000        0.8869204367        0.1064304524        0.0188074796
       58.7755100000        1.0000000000        1.0000000000       29.9745424252        0.0000000000        0.8869204367        0.1064304524        0.0274073216
       58.8775510000        1.0000000000        1.0000000000       30.1416699931        0.0000000000        0.8869204367        0.1064304524        0.0268631344
       58.9795920000        1.0000000000        1.0000000000       32.2074224256        0.0000000000        0.8869204367        0.1064304524        0.0209652140
       59.0816330000        1.0000000000        1.0000000000       31.6111089031        0.0000000000        0.8869204367        0.1064304524        0.0225204145
       59.1836730000        1.0000000000        1.0000000000       26.7402359316        0.0000000000        0.8869204367        0.1064304524        0.0404039264
       59.2857140000        1.0000000000        1.0000000000       21.4699653668        0.0000000000        0.8869204367        0.1064304524        0.0760475981
       59.3877550000        1.0000000000        1.0000000000       18.3989647751        0.0000000000        0.8869204367        0.1064304524        0.1099339253
       59.4897960000        1.0000000000        1.0000000000       16.9136285331        0.0000000000        0.8869204367        0.1064304524        0.1313834117
       59.5918370000        1.0000000000        1.0000000000       16.0232403861        0.0000000000        0.8869204367        0.1064304524        0.1461986674
       59.6938780000        1.0000000000        1.0000000000       15.3480944152        0.0000000000        0.8869204367        0.1064304524        0.1585363571
       59.7959180000        1.0000000000        1.0000000000       14.7887715279        0.0000000000        0.8869204367        0.1064304524        0.1695423411
       59.8979590000        1.0000000000        1.0000000000       14.3112445086        0.0000000000        0.8869204367        0.1064304524        0.1795414208
       60.0000000000        1.0000000000        1.0000000000       13.8971105106        0.0000000000        0.8869204367        0.1064304524        0.1886893511
