       55.0000000000        1.0000000000        1.0000000000        9.5686685656        0.0000000000        0.8869204367        0.1064304524        0.3171944685
       55.1020410000        1.0000000000        1.0000000000       10.1124078841        0.0000000000        0.8869204367        0.1064304524        0.2971586980
       55.2040820000        1.0000000000        1.0000000000       10.7545134081        0.0000000000        0.8869204367        0.1064304524        0.2751217343
       55.3061220000        1.0000000000        1.0000000000       11.5209028893        0.0000000000        0.8869204367        0.1064304524        0.2509482976
       55.4081630000        1.0000000000        1.0000000000       12.4635748067        0.0000000000        0.8869204367        0.1064304524        0.2241076019
       55.5102040000        1.0000000000        1.0000000000       13.7240065439        0.0000000000        0.8869204367        0.1064304524        0.1926498888
       55.6122450000        1.0000000000        1.0000000000       15.5596416116        0.0000000000        0.8869204367        0.1064304524        0.1545624599
       55.7142860000        1.0000000000        1.0000000000       17.9410327262        0.0000000000        0.8869204367        0.1064304524        0.1161440640
       55.8163270000        1.0000000000        1.0000000000       20.1716082854        0.0000000000        0.8869204367        0.1064304524        0.0888689031
       55.9183670000        1.0000000000        1.0000000000       21.9649955112        0.0000000000        0.8869204367        0.1064304524        0.0716616558
       56.0204080000        1.0000000000        1.0000000000       24.2080100451        0.0000000000        0.8869204367        0.1064304524        0.0547509146
       56.1224490000        1.0000000000        1.0000000000       27.6914795102        0.0000000000        0.8869204367        0.1064304524        0.0360453453
       56.2244900000        1.0000000000        1.0000000000       32.6459602154        0.0000000000        0.8869204367        0.1064304524        0.0198904567
       56.3265310000        1.0000000000        1.0000000000       39.3984246628        0.0000000000        0.8869204367        0.1064304524        0.0088458137
       56.4285710000        1.0000000000        1.0000000000       48.7290030290        0.0000000000        0.8869204367        0.1064304524        0.0028871646
       56.5306120000        1.0000000000        1.0000000000       62.0967333444        0.0000000000        0.8869204367        0.1064304524        0.0005805074
       56.6326530000        1.0000000000        1.0000000000       82.3020741625        0.0000000000        0.8869204367        0.1064304524        0.0000513807
       56.7346940000        1.0000000000        1.0000000000      115.5957305791        0.0000000000        0.8869204367        0.1064304524        0.0000009456
       56.8367350000        1.0000000000        1.0000000000      179.8886197953        0.0000000000        0.8869204367        0.1064304524        0.0000000004
       56.9387760000        1.0000000000        1.0000000000      337.1436642075        0.0000000000        0.8869204367        0.1064304524        0.0000000000
       57.0408160000        1.0000000000        1.0000000000      763.7503295434        0.0000000000        0.8869204367        0.1064304524        0.0000000000
       57.1428570000        1.0000000000        1.0000000000     1673.3696981795        0.0000000000        0.8869204367        0.1064304524        0.0000000000
       57.2448980000        1.0000000000        1.0000000000     2769.2324942749        0.0000000000        0.8869204367        0.1064304524        0.0000000000
       57.3469390000        1.0000000000        1.0000000000     3153.7392708741        0.0000000000        0.8869204367        0.1064304524        0.0000000000
       57.4489800000        1.0000000000        1.0000000000     2865.8561128285        0.0000000000        0.8869204367        0.1064304524        0.0000000000
       57.5510200000        1.0000000000        1.0000000000     3041.9913718730        0.0000000000        0.8869204367        0.1064304524        0.0000000000
       57.6530610000        1.0000000000        1.0000000000     3574.5238099442        0.0000000000        0.8869204367        0.1064304524        0.0000000000
       57.7551020000        1.0000000000        1.0000000000     3220.5044655373        0.0000000000        0.8869204367        0.1064304524        0.0000000000
       57.8571430000        1.0000000000        1.0000000000     2017.2361851449        0.0000000000        0.8869204367        0.1064304524        0.0000000000
       57.9591840000        1.0000000000        1.0000000000      986.1799624284        0.0000000000        0.8869204367        0.1064304524        0.0000000000
       58.0612240000        1.0000000000        1.0000000000      480.0615001042        0.0000000000        0.8869204367        0.1064304524        0.0000000000
       58.1632650000        1.0000000000        1.0000000000      280.9579273024        0.0000000000        0.8869204367        0.1064304524        0.0000000000
       58.2653060000        1.0000000000        1.0000000000      194.3916366565        0.0000000000        0.8869204367        0.1064304524        0.0000000001
       58.3673470000        1.0000000000        1.0000000000      147.5916336178        0.0000000000        0.8869204367        0.1064304524        0.0000000203
       58.4693880000        1.0000000000        1.0000000000      118.1862543936        0.0000000000        0.8869204367        0.1064304524        0.0000006929
       58.5714290000        1.0000000000        1.0000000000       98.1000649690        0.0000000000        0.8869204367        0.1064304524        0.0000077176
       58.6734690000        1.0000000000        1.0000000000       83.8123814664        0.0000000000        0.8869204367        0.1064304524        0.0000428637
       58.7755100000        1.0000000000        1.0000000000       74.0679576337        0.0000000000        0.8869204367        0.1064304524        0.0001380141
       58.8775510000        1.0000000000        1.0000000000       68.8973210149        0.0000000000        0.8869204367        0.1064304524        0.0002566805
       58.9795920000        1.0000000000        1.0000000000       66.7102184075        0.0000000000        0.8869204367        0.1064304524        0.0003337140
       59.0816330000        1.0000000000        1.0000000000       62.7362757053        0.0000000000        0.8869204367        0.1064304524        0.0005376229
       59.1836730000        1.0000000000        1.0000000000       55.0207563835        0.0000000000        0.8869204367        0.1064304524        0.0013569839
       59.2857140000        1.0000000000        1.0000000000       47.2171067232        0.0000000000        0.8869204367        0.1064304524        0.0034615016
       59.3877550000        1.0000000000        1.0000000000       41.9120760523        0.0000000000        0.8869204367        0.1064304524        0.0065424136
       59.4897960000        1.0000000000        1.0000000000       38.4980780715        0.0000000000        0.8869204367        0.1064304524        0.0098550687
       59.5918370000        1.0000000000        1.0000000000       35.9421475164        0.0000000000        0.8869204367        0.1064304524        0.0133925365
       59.6938780000        1.0000000000        1.0000000000       33.8152756790        0.0000000000        0.8869204367        0.1064304524        0.0172864369
       59.7959180000        1.0000000000        1.0000000000       31.9796914296        0.0000000000        0.8869204367        0.1064304524        0.0215460457
       59.8979590000        1.0000000000        1.0000000000       30.3723047132        0.0000000000        0.8869204367        0.1064304524        0.0261298598
       60.0000000000        1.0000000000        1.0000000000       28.9519668052        0.0000000000        0.8869204367        0.1064304524        0.0309854972
