       55.0000000000        1.0000000000        1.0000000000        7.1934575132        0.0000000000        0.8869204367        0.1064304524        0.4218038423
       55.1020410000        1.0000000000        1.0000000000        7.2227728061        0.0000000000        0.8869204367        0.1064304524        0.4203226129
       55.2040820000        1.0000000000        1.0000000000        7.2622974425        0.0000000000        0.8869204367        0.1064304524        0.4183337613
       55.3061220000        1.0000000000        1.0000000000        7.3183555866        0.0000000000        0.8869204367        0.1064304524        0.4155290836
       55.4081630000        1.0000000000        1.0000000000        7.4173422043        0.0000000000        0.8869204367        0.1064304524        0.4106224645
       55.5102040000        1.0000000000        1.0000000000        7.6680605100        0.0000000000        0.8869204367        0.1064304524        0.3984523899
       55.6122450000        1.0000000000        1.0000000000        8.2922718141        0.0000000000        0.8869204367        0.1064304524        0.3696965971
       55.7142860000        1.0000000000        1.0000000000        9.2241559917        0.0000000000        0.8869204367        0.1064304524        0.3305826025
       55.8163270000        1.0000000000        1.0000000000        9.6970925805        0.0000000000        0.8869204367        0.1064304524        0.3123436954
       55.9183670000        1.0000000000        1.0000000000        9.2892575778        0.0000000000        0.8869204367        0.1064304524        0.3280100898
       56.0204080000        1.0000000000        1.0000000000        8.7205729094        0.0000000000        0.8869204367        0.1064304524        0.3511756515
       56.1224490000        1.0000000000        1.0000000000        8.5834788262        0.0000000000        0.8869204367        0.1064304524        0.3570007276
       56.2244900000        1.0000000000        1.0000000000        8.8057408645        0.0000000000        0.8869204367        0.1064304524        0.3476048601
       56.3265310000        1.0000000000        1.0000000000        9.2196731286        0.0000000000        0.8869204367        0.1064304524        0.3307604851
       56.4285710000        1.0000000000        1.0000000000        9.7906391738        0.0000000000        0.8869204367        0.1064304524        0.3088570592
       56.5306120000        1.0000000000        1.0000000000       10.5564909711        0.0000000000        0.8869204367        0.1064304524        0.2817376623
       56.6326530000        1.0000000000        1.0000000000       11.5937670744        0.0000000000        0.8869204367        0.1064304524        0.2487636453
       56.7346940000        1.0000000000        1.0000000000       13.0265286304        0.0000000000        0.8869204367        0.1064304524        0.2094681802
       56.8367350000        1.0000000000        1.0000000000       15.0595133598        0.0000000000        0.8869204367        0.1064304524        0.1641225945
       56.9387760000        1.0000000000        1.0000000000       18.0485314349        0.0000000000        0.8869204367        0.1064304524        0.1146554457
       57.0408160000        1.0000000000        1.0000000000       22.6596707509        0.0000000000        0.8869204367        0.1064304524        0.0659300802
       57.1428570000        1.0000000000        1.0000000000       30.2958295769        0.0000000000        0.8869204367        0.1064304524        0.0263707576
       57.2448980000        1.0000000000        1.0000000000       44.6257090672        0.0000000000        0.8869204367        0.1064304524        0.0047240675
       57.3469390000        1.0000000000        1.0000000000       78.8309056405        0.0000000000        0.8869204367        0.1064304524        0.0000779293
       57.4489800000        1.0000000000        1.0000000000      186.9135304255        0.0000000000        0.8869204367        0.1064304524        0.0000000002
       57.5510200000        1.0000000000        1.0000000000      527.0172813360        0.0000000000        0.8869204367        0.1064304524        0.0000000000
       57.6530610000        1.0000000000        1.0000000000     1263.4506053502        0.0000000000        0.8869204367        0.1064304524        0.0000000000
       57.7551020000        1.0000000000        1.0000000000     2068.5257018280        0.0000000000        0.8869204367        0.1064304524        0.0000000000
       57.8571430000        1.0000000000        1.0000000000     2134.5997967697        0.0000000000        0.8869204367        0.1064304524        0.0000000000
       57.9591840000        1.0000000000        1.0000000000     1395.5258013590        0.0000000000        0.8869204367        0.1064304524        0.0000000000
       58.0612240000        1.0000000000        1.0000000000      634.1241981438        0.0000000000        0.8869204367        0.1064304524        0.0000000000
       58.1632650000        1.0000000000        1.0000000000      252.6453552032        0.0000000000        0.8869204367        0.1064304524        0.0000000000
       58.2653060000        1.0000000000        1.0000000000      121.3171753225        0.0000000000        0.8869204367        0.1064304524        0.0000004759
       58.3673470000        1.0000000000        1.0000000000       76.2931942689        0.0000000000        0.8869204367        0.1064304524        0.0001056707
       58.4693880000        1.0000000000        1.0000000000       56.0435682560        0.0000000000        0.8869204367        0.1064304524        0.0012002467
       58.5714290000        1.0000000000        1.0000000000       44.5763394512        0.0000000000        0.8869204367        0.1064304524        0.0047521376
       58.6734690000        1.0000000000        1.0000000000       37.4480143234        0.0000000000        0.8869204367        0.1064304524        0.0111785142
       58.7755100000        1.0000000000        1.0000000000       33.5606598149        0.0000000000        0.8869204367        0.1064304524        0.0178227566
       58.8775510000        1.0000000000        1.0000000000       33.1709760036        0.0000000000        0.8869204367        0.1064304524        0.0186759791
       58.9795920000        1.0000000000        1.0000000000       34.8195292116        0.0000000000        0.8869204367        0.1064304524        0.0153238705
       59.0816330000        1.0000000000        1.0000000000       33.9074776248        0.0000000000        0.8869204367        0.1064304524        0.0170962299
       59.1836730000        1.0000000000        1.0000000000       28.7827223882        0.0000000000        0.8869204367        0.1064304524        0.0316212256
       59.2857140000        1.0000000000        1.0000000000       23.2956927770        0.0000000000        0.8869204367        0.1064304524        0.0610853548
       59.3877550000        1.0000000000        1.0000000000       20.0398547395        0.0000000000        0.8869204367        0.1064304524        0.0902851243
       59.4897960000        1.0000000000        1.0000000000       18.3992843619        0.0000000000        0.8869204367        0.1064304524        0.1099297093
       59.5918370000        1.0000000000        1.0000000000       17.3780162465        0.0000000000        0.8869204367        0.1064304524        0.1242621354
       59.6938780000        1.0000000000        1.0000000000       16.5911832133        0.0000000000        0.8869204367        0.1064304524        0.1365667210
       59.7959180000        1.0000000000        1.0000000000       15.9354990645        0.0000000000        0.8869204367        0.1064304524        0.1477461194
       59.8979590000        1.0000000000        1.0000000000       15.3740798174        0.0000000000        0.8869204367        0.1064304524        0.1580427713
       60.0000000000        1.0000000000        1.0000000000       14.8863458943        0.0000000000        0.8869204367        0.1064304524        0.1675687595
