       55.0000000000        1.0000000000        1.0000000000        8.0220143770        0.0000000000        0.8869204367        0.1064304524        0.3818827230
       55.1020410000        1.0000000000        1.0000000000        8.3106373062        0.0000000000        0.8869204367        0.1064304524        0.3688827350
       55.2040820000        1.0000000000        1.0000000000        8.6435488641        0.0000000000        0.8869204367        0.1064304524        0.3544365747
       55.3061220000        1.0000000000        1.0000000000        9.0327381996        0.0000000000        0.8869204367        0.1064304524        0.3382640133
       55.4081630000        1.0000000000        1.0000000000        9.5117986880        0.0000000000        0.8869204367        0.1064304524        0.3193665288
       55.5102040000        1.0000000000        1.0000000000       10.1979229793        0.0000000000        0.8869204367        0.1064304524        0.2941249042
       55.6122450000        1.0000000000        1.0000000000       11.3175748712        0.0000000000        0.8869204367        0.1064304524        0.2571465856
       55.7142860000        1.0000000000        1.0000000000       12.8015774634        0.0000000000        0.8869204367        0.1064304524        0.2151996030
       55.8163270000        1.0000000000        1.0000000000       13.8928069801        0.0000000000        0.8869204367        0.1064304524        0.1887868199
       55.9183670000        1.0000000000        1.0000000000       14.2107311682        0.0000000000        0.8869204367        0.1064304524        0.1817200905
       56.0204080000        1.0000000000        1.0000000000       14.5118774144        0.0000000000        0.8869204367        0.1064304524        0.1752704114
       56.1224490000        1.0000000000        1.0000000000       15.4024422835        0.0000000000        0.8869204367        0.1064304524        0.1575057877
       56.2244900000        1.0000000000        1.0000000000       16.8301104130        0.0000000000        0.8869204367        0.1064304524        0.1327067796
       56.3265310000        1.0000000000        1.0000000000       18.6653620312        0.0000000000        0.8869204367        0.1064304524        0.1064751724
       56.4285710000        1.0000000000        1.0000000000       20.9250235995        0.0000000000        0.8869204367        0.1064304524        0.0811867817
       56.5306120000        1.0000000000        1.0000000000       23.7115677092        0.0000000000        0.8869204367        0.1064304524        0.0581117077
       56.6326530000        1.0000000000        1.0000000000       27.1826561226        0.0000000000        0.8869204367        0.1064304524        0.0383148115
       56.7346940000        1.0000000000        1.0000000000       31.5633719860        0.0000000000        0.8869204367        0.1064304524        0.0226497914
       56.8367350000        1.0000000000        1.0000000000       37.1793412764        0.0000000000        0.8869204367        0.1064304524        0.0115447908
       56.9387760000        1.0000000000        1.0000000000       44.5145104753        0.0000000000        0.8869204367        0.1064304524        0.0047875271
       57.0408160000        1.0000000000        1.0000000000       54.3128549239        0.0000000000        0.8869204367        0.1064304524        0.0014772950
       57.1428570000        1.0000000000        1.0000000000       67.7673470119        0.0000000000        0.8869204367        0.1064304524        0.0002939557
       57.2448980000        1.0000000000        1.0000000000       86.8922663696        0.0000000000        0.8869204367        0.1064304524        0.0000296197
       57.3469390000        1.0000000000        1.0000000000      115.3293056277        0.0000000000        0.8869204367        0.1064304524        0.0000009763
       57.4489800000        1.0000000000        1.0000000000      160.3411039327        0.0000000000        0.8869204367        0.1064304524        0.0000000044
       57.5510200000        1.0000000000        1.0000000000      238.7768468883        0.0000000000        0.8869204367        0.1064304524        0.0000000000
       57.6530610000        1.0000000000        1.0000000000      397.8215997576        0.0000000000        0.8869204367        0.1064304524        0.0000000000
       57.7551020000        1.0000000000        1.0000000000      780.5912309635        0.0000000000        0.8869204367        0.1064304524        0.0000000000
       57.8571430000        1.0000000000        1.0000000000     1727.7002287400        0.0000000000        0.8869204367        0.1064304524        0.0000000000
       57.9591840000        1.0000000000        1.0000000000     3566.3743148365        0.0000000000        0.8869204367        0.1064304524        0.0000000000
       58.0612240000        1.0000000000        1.0000000000     5675.1482841277        0.0000000000        0.8869204367        0.1064304524        0.0000000000
       58.1632650000        1.0000000000        1.0000000000     6295.3405345109        0.0000000000        0.8869204367        0.1064304524        0.0000000000
       58.2653060000        1.0000000000        1.0000000000     4802.3059247685        0.0000000000        0.8869204367        0.1064304524        0.0000000000
       58.3673470000        1.0000000000        1.0000000000     2693.1891538679        0.0000000000        0.8869204367        0.1064304524        0.0000000000
       58.4693880000        1.0000000000        1.0000000000     1304.6273754691        0.0000000000        0.8869204367        0.1064304524        0.0000000000
       58.5714290000        1.0000000000        1.0000000000      670.6525117273        0.0000000000        0.8869204367        0.1064304524        0.0000000000
       58.6734690000        1.0000000000        1.0000000000      405.5974974231        0.0000000000        0.8869204367        0.1064304524        0.0000000000
       58.7755100000        1.0000000000        1.0000000000      280.7439832249        0.0000000000        0.8869204367        0.1064304524        0.0000000000
       58.8775510000        1.0000000000        1.0000000000      213.3309738025        0.0000000000        0.8869204367        0.1064304524        0.0000000000
       58.9795920000        1.0000000000        1.0000000000      173.4691985589        0.0000000000        0.8869204367        0.1064304524        0.0000000009
       59.0816330000        1.0000000000        1.0000000000      144.9946969351        0.0000000000        0.8869204367        0.1064304524        0.0000000278
       59.1836730000        1.0000000000        1.0000000000      120.3626990635        0.0000000000        0.8869204367        0.1064304524        0.0000005337
       59.2857140000        1.0000000000        1.0000000000      100.2401584069        0.0000000000        0.8869204367        0.1064304524        0.0000059697
       59.3877550000        1.0000000000        1.0000000000       85.6846460155        0.0000000000        0.8869204367        0.1064304524        0.0000342386
       59.4897960000        1.0000000000        1.0000000000       75.2068839454        0.0000000000        0.8869204367        0.1064304524        0.0001203837
       59.5918370000        1.0000000000        1.0000000000       67.1587384930        0.0000000000        0.8869204367        0.1064304524        0.0003162275
       59.6938780000        1.0000000000        1.0000000000       60.6812935220        0.0000000000        0.8869204367        0.1064304524        0.0006879770
       59.7959180000        1.0000000000        1.0000000000       55.3421616307        0.0000000000        0.8869204367        0.1064304524        0.0013056433
       59.8979590000        1.0000000000        1.0000000000       50.8730743582        0.0000000000        0.8869204367        0.1064304524        0.0022321971
       60.0000000000        1.0000000000        1.0000000000       47.0863931921        0.0000000000        0.8869204367        0.1064304524        0.0035162254
