       55.0000000000        1.0000000000        1.0000000000        7.7290431543        0.0000000000        0.8869204367        0.1064304524        0.3955471912
       55.1020410000        1.0000000000        1.0000000000        7.9544323137        0.0000000000        0.8869204367        0.1064304524        0.3849923259
       55.2040820000        1.0000000000        1.0000000000        8.2315941613        0.0000000000        0.8869204367        0.1064304524        0.3723982997
       55.3061220000        1.0000000000        1.0000000000        8.5777895132        0.0000000000        0.8869204367        0.1064304524        0.3572445415
       55.4081630000        1.0000000000        1.0000000000        9.0341517194        0.0000000000        0.8869204367        0.1064304524        0.3382066410
       55.5102040000        1.0000000000        1.0000000000        9.7290710223        0.0000000000        0.8869204367        0.1064304524        0.3111474004
       55.6122450000        1.0000000000        1.0000000000       10.9077449284        0.0000000000        0.8869204367        0.1064304524        0.2701090827
       55.7142860000        1.0000000000        1.0000000000       12.5318343575        0.0000000000        0.8869204367        0.1064304524        0.2222794015
       55.8163270000        1.0000000000        1.0000000000       13.8837876070        0.0000000000        0.8869204367        0.1064304524        0.1889912592
       55.9183670000        1.0000000000        1.0000000000       14.6311465530        0.0000000000        0.8869204367        0.1064304524        0.1727797553
       56.0204080000        1.0000000000        1.0000000000       15.6154148384        0.0000000000        0.8869204367        0.1064304524        0.1535314602
       56.1224490000        1.0000000000        1.0000000000       17.5964938474        0.0000000000        0.8869204367        0.1064304524        0.1210466511
       56.2244900000        1.0000000000        1.0000000000       20.7737509276        0.0000000000        0.8869204367        0.1064304524        0.0826740004
       56.3265310000        1.0000000000        1.0000000000       25.4508963468        0.0000000000        0.8869204367        0.1064304524        0.0471647937
       56.4285710000        1.0000000000        1.0000000000       32.4457852950        0.0000000000        0.8869204367        0.1064304524        0.0203740299
       56.5306120000        1.0000000000        1.0000000000       43.4730637362        0.0000000000        0.8869204367        0.1064304524        0.0054248358
       56.6326530000        1.0000000000        1.0000000000       62.4224906824        0.0000000000        0.8869204367        0.1064304524        0.0005582527
       56.7346940000        1.0000000000        1.0000000000      100.6613047031        0.0000000000        0.8869204367        0.1064304524        0.0000056755
       56.8367350000        1.0000000000        1.0000000000      201.0645377764        0.0000000000        0.8869204367        0.1064304524        0.0000000000
       56.9387760000        1.0000000000        1.0000000000      512.2594627767        0.0000000000        0.8869204367        0.1064304524        0.0000000000
       57.0408160000        1.0000000000        1.0000000000     1319.6326661939        0.0000000000        0.8869204367        0.1064304524        0.0000000000
       57.1428570000        1.0000000000        1.0000000000     2588.5082865905        0.0000000000        0.8869204367        0.1064304524        0.0000000000
       57.2448980000        1.0000000000        1.0000000000     3355.8962011776        0.0000000000        0.8869204367        0.1064304524        0.0000000000
       57.3469390000        1.0000000000        1.0000000000     2771.0590211697        0.0000000000        0.8869204367        0.1064304524        0.0000000000
       57.4489800000        1.0000000000        1.0000000000     1523.8199683312        0.0000000000        0.8869204367        0.1064304524        0.0000000000
       57.5510200000        1.0000000000        1.0000000000      648.9799313024        0.0000000000        0.8869204367        0.1064304524        0.0000000000
       57.6530610000        1.0000000000        1.0000000000      284.2587843054        0.0000000000        0.8869204367        0.1064304524        0.0000000000
       57.7551020000        1.0000000000        1.0000000000      158.0848563503        0.0000000000        0.8869204367        0.1064304524        0.0000000058
       57.8571430000        1.0000000000        1.0000000000      107.1590013721        0.0000000000        0.8869204367        0.1064304524        0.0000026024
       57.9591840000        1.0000000000        1.0000000000       80.5841650395        0.0000000000        0.8869204367        0.1064304524        0.0000631436
       58.0612240000        1.0000000000        1.0000000000       64.3027555821        0.0000000000        0.8869204367        0.1064304524        0.0004454923
       58.1632650000        1.0000000000        1.0000000000       53.4120119611        0.0000000000        0.8869204367        0.1064304524        0.0016459436
       58.2653060000        1.0000000000        1.0000000000       45.6975791912        0.0000000000        0.8869204367        0.1064304524        0.0041538922
       58.3673470000        1.0000000000        1.0000000000       40.0005756308        0.0000000000        0.8869204367        0.1064304524        0.0082291786
       58.4693880000        1.0000000000        1.0000000000       35.6628228921        0.0000000000        0.8869204367        0.1064304524        0.0138490485
       58.5714290000        1.0000000000        1.0000000000       32.3109926222        0.0000000000        0.8869204367        0.1064304524        0.0207062620
       58.6734690000        1.0000000000        1.0000000000       29.8694664491        0.0000000000        0.8869204367        0.1064304524        0.0277550916
       58.7755100000        1.0000000000        1.0000000000       28.8814282475        0.0000000000        0.8869204367        0.1064304524        0.0312488911
       58.8775510000        1.0000000000        1.0000000000       30.3701181958        0.0000000000        0.8869204367        0.1064304524        0.0261367167
       58.9795920000        1.0000000000        1.0000000000       33.2809486162        0.0000000000        0.8869204367        0.1064304524        0.0184311367
       59.0816330000        1.0000000000        1.0000000000       33.2425063485        0.0000000000        0.8869204367        0.1064304524        0.0185163573
       59.1836730000        1.0000000000        1.0000000000       28.7286856974        0.0000000000        0.8869204367        0.1064304524        0.0318269366
       59.2857140000        1.0000000000        1.0000000000       23.6690954163        0.0000000000        0.8869204367        0.1064304524        0.0584086403
       59.3877550000        1.0000000000        1.0000000000       20.7151175159        0.0000000000        0.8869204367        0.1064304524        0.0832577466
       59.4897960000        1.0000000000        1.0000000000       19.2899696646        0.0000000000        0.8869204367        0.1064304524        0.0987862988
       59.5918370000        1.0000000000        1.0000000000       18.4225445523        0.0000000000        0.8869204367        0.1064304524        0.1096232989
       59.6938780000        1.0000000000        1.0000000000       17.7445727285        0.0000000000        0.8869204367        0.1064304524        0.1189147145
       59.7959180000        1.0000000000        1.0000000000       17.1645246808        0.0000000000        0.8869204367        0.1064304524        0.1274867347
       59.8979590000        1.0000000000        1.0000000000       16.6540155980        0.0000000000        0.8869204367        0.1064304524        0.1355408956
       60.0000000000        1.0000000000        1.0000000000       16.1986716829        0.0000000000        0.8869204367        0.1064304524        0.1431530986
