       55.0000000000        1.0000000000        1.0000000000        8.4550692569        0.0000000000        0.8869204367        0.1064304524        0.3625444067
       55.1020410000        1.0000000000        1.0000000000        8.8434400129        0.0000000000        0.8869204367        0.1064304524        0.3460358829
       55.2040820000        1.0000000000        1.0000000000        9.3047848489        0.0000000000        0.8869204367        0.1064304524        0.3273994867
       55.3061220000        1.0000000000        1.0000000000        9.8593476229        0.0000000000        0.8869204367        0.1064304524        0.3063209977
       55.4081630000        1.0000000000        1.0000000000       10.5517019127        0.0000000000        0.8869204367        0.1064304524        0.2818996198
       55.5102040000        1.0000000000        1.0000000000       11.5137043233        0.0000000000        0.8869204367        0.1064304524        0.2511651674
       55.6122450000        1.0000000000        1.0000000000       12.9912916027        0.0000000000        0.8869204367        0.1064304524        0.2103557798
       55.7142860000        1.0000000000        1.0000000000       14.9413353451        0.0000000000        0.8869204367        0.1064304524        0.1664666581
       55.8163270000        1.0000000000        1.0000000000       16.6443225619        0.0000000000        0.8869204367        0.1064304524        0.1356986436
       55.9183670000        1.0000000000        1.0000000000       17.7746434705        0.0000000000        0.8869204367        0.1064304524        0.1184863854
       56.0204080000        1.0000000000        1.0000000000       19.1667319952        0.0000000000        0.8869204367        0.1064304524        0.1002580578
       56.1224490000        1.0000000000        1.0000000000       21.5400256378        0.0000000000        0.8869204367        0.1064304524        0.0754109283
       56.2244900000        1.0000000000        1.0000000000       25.0120877047        0.0000000000        0.8869204367        0.1064304524        0.0497149034
       56.3265310000        1.0000000000        1.0000000000       29.7190323672        0.0000000000        0.8869204367        0.1064304524        0.0282606787
       56.4285710000        1.0000000000        1.0000000000       36.1053831342        0.0000000000        0.8869204367        0.1064304524        0.0131327525
       56.5306120000        1.0000000000        1.0000000000       44.9921174058        0.0000000000        0.8869204367        0.1064304524        0.0045208552
       56.6326530000        1.0000000000        1.0000000000       57.8100182612        0.0000000000        0.8869204367        0.1064304524        0.0009709824
       56.7346940000        1.0000000000        1.0000000000       77.2078427105        0.0000000000        0.8869204367        0.1064304524        0.0000946863
       56.8367350000        1.0000000000        1.0000000000      108.6522633470        0.0000000000        0.8869204367        0.1064304524        0.0000021755
       56.9387760000        1.0000000000        1.0000000000      165.6622684354        0.0000000000        0.8869204367        0.1064304524        0.0000000023
       57.0408160000        1.0000000000        1.0000000000      290.2033396660        0.0000000000        0.8869204367        0.1064304524        0.0000000000
       57.1428570000        1.0000000000        1.0000000000      621.8135362535        0.0000000000        0.8869204367        0.1064304524        0.0000000000
       57.2448980000        1.0000000000        1.0000000000     1496.4738577758        0.0000000000        0.8869204367        0.1064304524        0.0000000000
       57.3469390000        1.0000000000        1.0000000000     3170.9930903198        0.0000000000        0.8869204367        0.1064304524        0.0000000000
       57.4489800000        1.0000000000        1.0000000000     4875.7154637812        0.0000000000        0.8869204367        0.1064304524        0.0000000000
       57.5510200000        1.0000000000        1.0000000000     5001.9615393870        0.0000000000        0.8869204367        0.1064304524        0.0000000000
       57.6530610000        1.0000000000        1.0000000000     3436.0424825763        0.0000000000        0.8869204367        0.1064304524        0.0000000000
       57.7551020000        1.0000000000        1.0000000000     1731.8364661672        0.0000000000        0.8869204367        0.1064304524        0.0000000000
       57.8571430000        1.0000000000        1.0000000000      781.4132273395        0.0000000000        0.8869204367        0.1064304524        0.0000000000
       57.9591840000        1.0000000000        1.0000000000      399.3544016526        0.0000000000        0.8869204367        0.1064304524        0.0000000000
       58.0612240000        1.0000000000        1.0000000000      248.1651157239        0.0000000000        0.8869204367        0.1064304524        0.0000000000
       58.1632650000        1.0000000000        1.0000000000      175.7738899338        0.0000000000        0.8869204367        0.1064304524        0.0000000007
       58.2653060000        1.0000000000        1.0000000000      134.1444112739        0.0000000000        0.8869204367        0.1064304524        0.0000001021
       58.3673470000        1.0000000000        1.0000000000      107.3844686992        0.0000000000        0.8869204367        0.1064304524        0.0000025329
       58.4693880000        1.0000000000        1.0000000000       88.9612491671        0.0000000000        0.8869204367        0.1064304524        0.0000231076
       58.5714290000        1.0000000000        1.0000000000       75.6825396750        0.0000000000        0.8869204367        0.1064304524        0.0001137048
       58.6734690000        1.0000000000        1.0000000000       65.9531252052        0.0000000000        0.8869204367        0.1064304524        0.0003654522
       58.7755100000        1.0000000000        1.0000000000       59.4340033438        0.0000000000        0.8869204367        0.1064304524        0.0007990553
       58.8775510000        1.0000000000        1.0000000000       56.6354131503        0.0000000000        0.8869204367        0.1064304524        0.0011179601
       58.9795920000        1.0000000000        1.0000000000       56.2250479320        0.0000000000        0.8869204367        0.1064304524        0.0011743908
       59.0816330000        1.0000000000        1.0000000000       53.6031669519        0.0000000000        0.8869204367        0.1064304524        0.0016086177
       59.1836730000        1.0000000000        1.0000000000       46.9652002640        0.0000000000        0.8869204367        0.1064304524        0.0035677361
       59.2857140000        1.0000000000        1.0000000000       40.0617619840        0.0000000000        0.8869204367        0.1064304524        0.0081689783
       59.3877550000        1.0000000000        1.0000000000       35.5139747311        0.0000000000        0.8869204367        0.1064304524        0.0140986396
       59.4897960000        1.0000000000        1.0000000000       32.7336053092        0.0000000000        0.8869204367        0.1064304524        0.0196823568
       59.5918370000        1.0000000000        1.0000000000       30.7111941449        0.0000000000        0.8869204367        0.1064304524        0.0250885604
       59.6938780000        1.0000000000        1.0000000000       29.0387188827        0.0000000000        0.8869204367        0.1064304524        0.0306646036
       59.7959180000        1.0000000000        1.0000000000       27.5942097199        0.0000000000        0.8869204367        0.1064304524        0.0364685452
       59.8979590000        1.0000000000        1.0000000000       26.3263888876        0.0000000000        0.8869204367        0.1064304524        0.0424611106
       60.0000000000        1.0000000000        1.0000000000       25.2031524644        0.0000000000        0.8869204367        0.1064304524        0.0485880193
