       55.0000000000        1.0000000000        1.0000000000        7.1312016406        0.0000000000        0.8869204367        0.1064304524        0.4249668144
       55.1020410000        1.0000000000        1.0000000000        7.2119469226        0.0000000000        0.8869204367        0.1064304524        0.4208690113
       55.2040820000        1.0000000000        1.0000000000        7.3125140216        0.0000000000        0.8869204367        0.1064304524        0.4158204666
       55.3061220000        1.0000000000        1.0000000000        7.4413635870        0.0000000000        0.8869204367        0.1064304524        0.4094405225
       55.4081630000        1.0000000000        1.0000000000        7.6276992072        0.0000000000        0.8869204367        0.1064304524        0.4003869178
       55.5102040000        1.0000000000        1.0000000000        7.9838379228        0.0000000000        0.8869204367        0.1064304524        0.3836362079
       55.6122450000        1.0000000000        1.0000000000        8.7346853900        0.0000000000        0.8869204367        0.1064304524        0.3505814396
       55.7142860000        1.0000000000        1.0000000000        9.8162725175        0.0000000000        0.8869204367        0.1064304524        0.3079084741
       55.8163270000        1.0000000000        1.0000000000       10.4682171662        0.0000000000        0.8869204367        0.1064304524        0.2847379316
       55.9183670000        1.0000000000        1.0000000000       10.2847700738        0.0000000000        0.8869204367        0.1064304524        0.2910755543
       56.0204080000        1.0000000000        1.0000000000       10.0034592466        0.0000000000        0.8869204367        0.1064304524        0.3010692093
       56.1224490000        1.0000000000        1.0000000000       10.2325702353        0.0000000000        0.8869204367        0.1064304524        0.2929045684
       56.2244900000        1.0000000000        1.0000000000       10.9233223958        0.0000000000        0.8869204367        0.1064304524        0.2696046405
       56.3265310000        1.0000000000        1.0000000000       11.9461694932        0.0000000000        0.8869204367        0.1064304524        0.2384631855
       56.4285710000        1.0000000000        1.0000000000       13.3245989524        0.0000000000        0.8869204367        0.1064304524        0.2021082419
       56.5306120000        1.0000000000        1.0000000000       15.1864525244        0.0000000000        0.8869204367        0.1064304524        0.1616415091
       56.6326530000        1.0000000000        1.0000000000       17.7535588372        0.0000000000        0.8869204367        0.1064304524        0.1187865540
       56.7346940000        1.0000000000        1.0000000000       21.3970770058        0.0000000000        0.8869204367        0.1064304524        0.0767156737
       56.8367350000        1.0000000000        1.0000000000       26.7699840287        0.0000000000        0.8869204367        0.1064304524        0.0402599507
       56.9387760000        1.0000000000        1.0000000000       35.1157226081        0.0000000000        0.8869204367        0.1064304524        0.0147887768
       57.0408160000        1.0000000000        1.0000000000       49.1276156269        0.0000000000        0.8869204367        0.1064304524        0.0027523123
       57.1428570000        1.0000000000        1.0000000000       76.1782940147        0.0000000000        0.8869204367        0.1064304524        0.0001071377
       57.2448980000        1.0000000000        1.0000000000      143.1645609018        0.0000000000        0.8869204367        0.1064304524        0.0000000346
       57.3469390000        1.0000000000        1.0000000000      350.8711790427        0.0000000000        0.8869204367        0.1064304524        0.0000000000
       57.4489800000        1.0000000000        1.0000000000      940.6617866740        0.0000000000        0.8869204367        0.1064304524        0.0000000000
       57.5510200000        1.0000000000        1.0000000000     2031.7438396528        0.0000000000        0.8869204367        0.1064304524        0.0000000000
       57.6530610000        1.0000000000        1.0000000000     2961.6522226876        0.0000000000        0.8869204367        0.1064304524        0.0000000000
       57.7551020000        1.0000000000        1.0000000000     2746.9018901623        0.0000000000        0.8869204367        0.1064304524        0.0000000000
       57.8571430000        1.0000000000        1.0000000000     1657.8383142313        0.0000000000        0.8869204367        0.1064304524        0.0000000000
       57.9591840000        1.0000000000        1.0000000000      733.8525366915        0.0000000000        0.8869204367        0.1064304524        0.0000000000
       58.0612240000        1.0000000000        1.0000000000      307.3697579204        0.0000000000        0.8869204367        0.1064304524        0.0000000000
       58.1632650000        1.0000000000        1.0000000000      158.9688822619        0.0000000000        0.8869204367        0.1064304524        0.0000000052
       58.2653060000        1.0000000000        1.0000000000      103.3648469782        0.0000000000        0.8869204367        0.1064304524        0.0000041030
       58.3673470000        1.0000000000        1.0000000000       76.3234270675        0.0000000000        0.8869204367        0.1064304524        0.0001052880
       58.4693880000        1.0000000000        1.0000000000       60.3839764177        0.0000000000        0.8869204367        0.1064304524        0.0007129658
       58.5714290000        1.0000000000        1.0000000000       49.9858742332        0.0000000000        0.8869204367        0.1064304524        0.0024829575
       58.6734690000        1.0000000000        1.0000000000       42.9621701839        0.0000000000        0.8869204367        0.1064304524        0.0057678238
       58.7755100000        1.0000000000        1.0000000000       38.8445790670        0.0000000000        0.8869204367        0.1064304524        0.0094536961
       58.8775510000        1.0000000000        1.0000000000       38.1182073174        0.0000000000        0.8869204367        0.1064304524        0.0103147035
       58.9795920000        1.0000000000        1.0000000000       39.4288232886        0.0000000000        0.8869204367        0.1064304524        0.0088136044
       59.0816330000        1.0000000000        1.0000000000       38.2136307044        0.0000000000        0.8869204367        0.1064304524        0.0101972655
       59.1836730000        1.0000000000        1.0000000000       32.8017180023        0.0000000000        0.8869204367        0.1064304524        0.0195221383
       59.2857140000        1.0000000000        1.0000000000       27.0300170659        0.0000000000        0.8869204367        0.1064304524        0.0390230786
       59.3877550000        1.0000000000        1.0000000000       23.5059119412        0.0000000000        0.8869204367        0.1064304524        0.0595636713
       59.4897960000        1.0000000000        1.0000000000       21.6246078806        0.0000000000        0.8869204367        0.1064304524        0.0746493886
       59.5918370000        1.0000000000        1.0000000000       20.3894760444        0.0000000000        0.8869204367        0.1064304524        0.0865756115
       59.6938780000        1.0000000000        1.0000000000       19.4117277558        0.0000000000        0.8869204367        0.1064304524        0.0973534284
       59.7959180000        1.0000000000        1.0000000000       18.5847316617        0.0000000000        0.8869204367        0.1064304524        0.1075103884
       59.8979590000        1.0000000000        1.0000000000       17.8689648753        0.0000000000        0.8869204367        0.1064304524        0.1171528502
       60.0000000000        1.0000000000        1.0000000000       17.2416749907        0.0000000000        0.8869204367        0.1064304524        0.1263119044
