       55.0000000000        1.0000000000        1.0000000000        6.9067831168        0.0000000000        0.8869204367        0.1064304524        0.4365667589
       55.1020410000        1.0000000000        1.0000000000        7.0127366022        0.0000000000        0.8869204367        0.1064304524        0.4310512044
       55.2040820000        1.0000000000        1.0000000000        7.1393865117        0.0000000000        0.8869204367        0.1064304524        0.4245496235
       55.3061220000        1.0000000000        1.0000000000        7.2947889046        0.0000000000        0.8869204367        0.1064304524        0.4167058638
       55.4081630000        1.0000000000        1.0000000000        7.5075932157        0.0000000000        0.8869204367        0.1064304524        0.4061993679
       55.5102040000        1.0000000000        1.0000000000        7.8891815076        0.0000000000        0.8869204367        0.1064304524        0.3880186859
       55.6122450000        1.0000000000        1.0000000000        8.6618638939        0.0000000000        0.8869204367        0.1064304524        0.3536584482
       55.7142860000        1.0000000000        1.0000000000        9.7561456698        0.0000000000        0.8869204367        0.1064304524        0.3101381361
       55.8163270000        1.0000000000        1.0000000000       10.4071197822        0.0000000000        0.8869204367        0.1064304524        0.2868332123
       55.9183670000        1.0000000000        1.0000000000       10.2089923034        0.0000000000        0.8869204367        0.1064304524        0.2937344719
       56.0204080000        1.0000000000        1.0000000000        9.8947812538        0.0000000000        0.8869204367        0.1064304524        0.3050212751
       56.1224490000        1.0000000000        1.0000000000       10.0580399315        0.0000000000        0.8869204367        0.1064304524        0.2991037452
       56.2244900000        1.0000000000        1.0000000000       10.6288782398        0.0000000000        0.8869204367        0.1064304524        0.2793009544
       56.3265310000        1.0000000000        1.0000000000       11.4482839427        0.0000000000        0.8869204367        0.1064304524        0.2531446858
       56.4285710000        1.0000000000        1.0000000000       12.4935021396        0.0000000000        0.8869204367        0.1064304524        0.2233042122
       56.5306120000        1.0000000000        1.0000000000       13.8161415344        0.0000000000        0.8869204367        0.1064304524        0.1905316447
       56.6326530000        1.0000000000        1.0000000000       15.5081101999        0.0000000000        0.8869204367        0.1064304524        0.1555211997
       56.7346940000        1.0000000000        1.0000000000       17.7092236549        0.0000000000        0.8869204367        0.1064304524        0.1194202089
       56.8367350000        1.0000000000        1.0000000000       20.6359603922        0.0000000000        0.8869204367        0.1064304524        0.0840523679
       56.9387760000        1.0000000000        1.0000000000       24.6387825649        0.0000000000        0.8869204367        0.1064304524        0.0519925985
       57.0408160000        1.0000000000        1.0000000000       30.3210971870        0.0000000000        0.8869204367        0.1064304524        0.0262909196
       57.1428570000        1.0000000000        1.0000000000       38.8173042956        0.0000000000        0.8869204367        0.1064304524        0.0094846885
       57.2448980000        1.0000000000        1.0000000000       52.6091766934        0.0000000000        0.8869204367        0.1064304524        0.0018124039
       57.3469390000        1.0000000000        1.0000000000       78.9416740235        0.0000000000        0.8869204367        0.1064304524        0.0000769003
       57.4489800000        1.0000000000        1.0000000000      145.9309226630        0.0000000000        0.8869204367        0.1064304524        0.0000000248
       57.5510200000        1.0000000000        1.0000000000      351.5866133455        0.0000000000        0.8869204367        0.1064304524        0.0000000000
       57.6530610000        1.0000000000        1.0000000000      872.4810711679        0.0000000000        0.8869204367        0.1064304524        0.0000000000
       57.7551020000        1.0000000000        1.0000000000     1641.1607622666        0.0000000000        0.8869204367        0.1064304524        0.0000000000
       57.8571430000        1.0000000000        1.0000000000     2013.0119907141        0.0000000000        0.8869204367        0.1064304524        0.0000000000
       57.9591840000        1.0000000000        1.0000000000     1553.7452196687        0.0000000000        0.8869204367        0.1064304524        0.0000000000
       58.0612240000        1.0000000000        1.0000000000      824.7886254159        0.0000000000        0.8869204367        0.1064304524        0.0000000000
       58.1632650000        1.0000000000        1.0000000000      505.4355825640        0.0000000000        0.8869204367        0.1064304524        0.0000000000
       58.2653060000        1.0000000000        1.0000000000      820.7001454656        0.0000000000        0.8869204367        0.1064304524        0.0000000000
       58.3673470000        1.0000000000        1.0000000000     1784.9518793106        0.0000000000        0.8869204367        0.1064304524        0.0000000000
       58.4693880000        1.0000000000        1.0000000000     2835.9123660333        0.0000000000        0.8869204367        0.1064304524        0.0000000000
       58.5714290000        1.0000000000        1.0000000000     2907.5090148857        0.0000000000        0.8869204367        0.1064304524        0.0000000000
       58.6734690000        1.0000000000        1.0000000000     1941.7220574188        0.0000000000        0.8869204367        0.1064304524        0.0000000000
       58.7755100000        1.0000000000        1.0000000000      938.5268616620        0.0000000000        0.8869204367        0.1064304524        0.0000000000
       58.8775510000        1.0000000000        1.0000000000      416.7843900821        0.0000000000        0.8869204367        0.1064304524        0.0000000000
       58.9795920000        1.0000000000        1.0000000000      225.6535195619        0.0000000000        0.8869204367        0.1064304524        0.0000000000
       59.0816330000        1.0000000000        1.0000000000      152.8103914566        0.0000000000        0.8869204367        0.1064304524        0.0000000109
       59.1836730000        1.0000000000        1.0000000000      113.4899922443        0.0000000000        0.8869204367        0.1064304524        0.0000012174
       59.2857140000        1.0000000000        1.0000000000       87.8789116862        0.0000000000        0.8869204367        0.1064304524        0.0000263124
       59.3877550000        1.0000000000        1.0000000000       71.3624823283        0.0000000000        0.8869204367        0.1064304524        0.0001909502
       59.4897960000        1.0000000000        1.0000000000       60.4567537712        0.0000000000        0.8869204367        0.1064304524        0.0007067663
       59.5918370000        1.0000000000        1.0000000000       52.6773612680        0.0000000000        0.8869204367        0.1064304524        0.0017976350
       59.6938780000        1.0000000000        1.0000000000       46.7822616326        0.0000000000        0.8869204367        0.1064304524        0.0036469233
       59.7959180000        1.0000000000        1.0000000000       42.1529336619        0.0000000000        0.8869204367        0.1064304524        0.0063560254
       59.8979590000        1.0000000000        1.0000000000       38.4281893959        0.0000000000        0.8869204367        0.1064304524        0.0099380672
       60.0000000000        1.0000000000        1.0000000000       35.3739216107        0.0000000000        0.8869204367        0.1064304524        0.0143375889
