       55.0000000000        1.0000000000        1.0000000000        9.7473095400        0.0000000000        0.8869204367        0.1064304524        0.3104671610
       55.1020410000        1.0000000000        1.0000000000       10.3152206860        0.0000000000        0.8869204367        0.1064304524        0.2900138837
       55.2040820000        1.0000000000        1.0000000000       10.9826925090        0.0000000000        0.8869204367        0.1064304524        0.2676906915
       55.3061220000        1.0000000000        1.0000000000       11.7753740016        0.0000000000        0.8869204367        0.1064304524        0.2434010267
       55.4081630000        1.0000000000        1.0000000000       12.7448105286        0.0000000000        0.8869204367        0.1064304524        0.2166705540
       55.5102040000        1.0000000000        1.0000000000       14.0316667597        0.0000000000        0.8869204367        0.1064304524        0.1856670968
       55.6122450000        1.0000000000        1.0000000000       15.8915942023        0.0000000000        0.8869204367        0.1064304524        0.1485265863
       55.7142860000        1.0000000000        1.0000000000       18.2916922467        0.0000000000        0.8869204367        0.1064304524        0.1113582197
       55.8163270000        1.0000000000        1.0000000000       20.5313295459        0.0000000000        0.8869204367        0.1064304524        0.0851143574
       55.9183670000        1.0000000000        1.0000000000       22.3199491314        0.0000000000        0.8869204367        0.1064304524        0.0686733622
       56.0204080000        1.0000000000        1.0000000000       24.5352048633        0.0000000000        0.8869204367        0.1064304524        0.0526428641
       56.1224490000        1.0000000000        1.0000000000       27.9488033733        0.0000000000        0.8869204367        0.1064304524        0.0349493152
       56.2244900000        1.0000000000        1.0000000000       32.7581492848        0.0000000000        0.8869204367        0.1064304524        0.0196244721
       56.3265310000        1.0000000000        1.0000000000       39.2295473618        0.0000000000        0.8869204367        0.1064304524        0.0090269053
       56.4285710000        1.0000000000        1.0000000000       48.0223905822        0.0000000000        0.8869204367        0.1064304524        0.0031426563
       56.5306120000        1.0000000000        1.0000000000       60.3327326630        0.0000000000        0.8869204367        0.1064304524        0.0007173635
       56.6326530000        1.0000000000        1.0000000000       78.3022111487        0.0000000000        0.8869204367        0.1064304524        0.0000830336
       56.7346940000        1.0000000000        1.0000000000      106.1043221831        0.0000000000        0.8869204367        0.1064304524        0.0000029535
       56.8367350000        1.0000000000        1.0000000000      153.1682239735        0.0000000000        0.8869204367        0.1064304524        0.0000000104
       56.9387760000        1.0000000000        1.0000000000      245.9142896682        0.0000000000        0.8869204367        0.1064304524        0.0000000000
       57.0408160000        1.0000000000        1.0000000000      471.4585934076        0.0000000000        0.8869204367        0.1064304524        0.0000000000
       57.1428570000        1.0000000000        1.0000000000     1077.6418779609        0.0000000000        0.8869204367        0.1064304524        0.0000000000
       57.2448980000        1.0000000000        1.0000000000     2416.7410053389        0.0000000000        0.8869204367        0.1064304524        0.0000000000
       57.3469390000        1.0000000000        1.0000000000     4212.2718755696        0.0000000000        0.8869204367        0.1064304524        0.0000000000
       57.4489800000        1.0000000000        1.0000000000     5007.2390851040        0.0000000000        0.8869204367        0.1064304524        0.0000000000
       57.5510200000        1.0000000000        1.0000000000     3932.3980799862        0.0000000000        0.8869204367        0.1064304524        0.0000000000
       57.6530610000        1.0000000000        1.0000000000     2142.5213047630        0.0000000000        0.8869204367        0.1064304524        0.0000000000
       57.7551020000        1.0000000000        1.0000000000      943.3978611655        0.0000000000        0.8869204367        0.1064304524        0.0000000000
       57.8571430000        1.0000000000        1.0000000000      431.7837833696        0.0000000000        0.8869204367        0.1064304524        0.0000000000
       57.9591840000        1.0000000000        1.0000000000      262.1452445462        0.0000000000        0.8869204367        0.1064304524        0.0000000000
       58.0612240000        1.0000000000        1.0000000000      282.8850925093        0.0000000000        0.8869204367        0.1064304524        0.0000000000
       58.1632650000        1.0000000000        1.0000000000      580.8735240932        0.0000000000        0.8869204367        0.1064304524        0.0000000000
       58.2653060000        1.0000000000        1.0000000000     1222.7727594519        0.0000000000        0.8869204367        0.1064304524        0.0000000000
       58.3673470000        1.0000000000        1.0000000000     1786.1521582439        0.0000000000        0.8869204367        0.1064304524        0.0000000000
       58.4693880000        1.0000000000        1.0000000000     1654.5224472473        0.0000000000        0.8869204367        0.1064304524        0.0000000000
       58.5714290000        1.0000000000        1.0000000000     1007.9839731488        0.0000000000        0.8869204367        0.1064304524        0.0000000000
       58.6734690000        1.0000000000        1.0000000000      472.3605434164        0.0000000000        0.8869204367        0.1064304524        0.0000000000
       58.7755100000        1.0000000000        1.0000000000      231.2096753109        0.0000000000        0.8869204367        0.1064304524        0.0000000000
       58.8775510000        1.0000000000        1.0000000000      148.0447985914        0.0000000000        0.8869204367        0.1064304524        0.0000000193
       58.9795920000        1.0000000000        1.0000000000      116.6915332538        0.0000000000        0.8869204367        0.1064304524        0.0000008291
       59.0816330000        1.0000000000        1.0000000000       98.2819137536        0.0000000000        0.8869204367        0.1064304524        0.0000075510
       59.1836730000        1.0000000000        1.0000000000       81.9387753966        0.0000000000        0.8869204367        0.1064304524        0.0000536702
       59.2857140000        1.0000000000        1.0000000000       68.4035420344        0.0000000000        0.8869204367        0.1064304524        0.0002723493
       59.3877550000        1.0000000000        1.0000000000       59.0593124801        0.0000000000        0.8869204367        0.1064304524        0.0008358031
       59.4897960000        1.0000000000        1.0000000000       52.6997539604        0.0000000000        0.8869204367        0.1064304524        0.0017928110
       59.5918370000        1.0000000000        1.0000000000       47.9310944616        0.0000000000        0.8869204367        0.1064304524        0.0031772751
       59.6938780000        1.0000000000        1.0000000000       44.0964455800        0.0000000000        0.8869204367        0.1064304524        0.0050338334
       59.7959180000        1.0000000000        1.0000000000       40.9124182706        0.0000000000        0.8869204367        0.1064304524        0.0073762478
       59.8979590000        1.0000000000        1.0000000000       38.2199571585        0.0000000000        0.8869204367        0.1064304524        0.0101895269
       60.0000000000        1.0000000000        1.0000000000       35.9124224853        0.0000000000        0.8869204367        0.1064304524        0.0134403931
