       55.0000000000        1.0000000000        1.0000000000        7.9959759203        0.0000000000        0.8869204367        0.1064304524        0.3830778256
       55.1020410000        1.0000000000        1.0000000000        8.2911968926        0.0000000000        0.8869204367        0.1064304524        0.3697442875
       55.2040820000        1.0000000000        1.0000000000        8.6415967148        0.0000000000        0.8869204367        0.1064304524        0.3545196140
       55.3061220000        1.0000000000        1.0000000000        9.0630848044        0.0000000000        0.8869204367        0.1064304524        0.3370344338
       55.4081630000        1.0000000000        1.0000000000        9.5945101692        0.0000000000        0.8869204367        0.1064304524        0.3162123744
       55.5102040000        1.0000000000        1.0000000000       10.3602628131        0.0000000000        0.8869204367        0.1064304524        0.2884505713
       55.6122450000        1.0000000000        1.0000000000       11.5973851524        0.0000000000        0.8869204367        0.1064304524        0.2486556632
       55.7142860000        1.0000000000        1.0000000000       13.2523337570        0.0000000000        0.8869204367        0.1064304524        0.2038685102
       55.8163270000        1.0000000000        1.0000000000       14.5879699806        0.0000000000        0.8869204367        0.1064304524        0.1736772829
       55.9183670000        1.0000000000        1.0000000000       15.2481686654        0.0000000000        0.8869204367        0.1064304524        0.1604488242
       56.0204080000        1.0000000000        1.0000000000       16.0272973855        0.0000000000        0.8869204367        0.1064304524        0.1461275094
       56.1224490000        1.0000000000        1.0000000000       17.5921280276        0.0000000000        0.8869204367        0.1064304524        0.1211100838
       56.2244900000        1.0000000000        1.0000000000       19.9796478114        0.0000000000        0.8869204367        0.1064304524        0.0909397811
       56.3265310000        1.0000000000        1.0000000000       23.1957764460        0.0000000000        0.8869204367        0.1064304524        0.0618221742
       56.4285710000        1.0000000000        1.0000000000       27.4710405572        0.0000000000        0.8869204367        0.1064304524        0.0370115643
       56.5306120000        1.0000000000        1.0000000000       33.2579726019        0.0000000000        0.8869204367        0.1064304524        0.0184820237
       56.6326530000        1.0000000000        1.0000000000       41.3119998443        0.0000000000        0.8869204367        0.1064304524        0.0070309041
       56.7346940000        1.0000000000        1.0000000000       52.9349411539        0.0000000000        0.8869204367        0.1064304524        0.0017429208
       56.8367350000        1.0000000000        1.0000000000       70.5351848958        0.0000000000        0.8869204367        0.1064304524        0.0002108798
       56.9387760000        1.0000000000        1.0000000000       99.0872448160        0.0000000000        0.8869204367        0.1064304524        0.0000068554
       57.0408160000        1.0000000000        1.0000000000      150.9250038449        0.0000000000        0.8869204367        0.1064304524        0.0000000136
       57.1428570000        1.0000000000        1.0000000000      264.5997701043        0.0000000000        0.8869204367        0.1064304524        0.0000000000
       57.2448980000        1.0000000000        1.0000000000      569.6137637226        0.0000000000        0.8869204367        0.1064304524        0.0000000000
       57.3469390000        1.0000000000        1.0000000000     1381.3470145671        0.0000000000        0.8869204367        0.1064304524        0.0000000000
       57.4489800000        1.0000000000        1.0000000000     2947.1958623970        0.0000000000        0.8869204367        0.1064304524        0.0000000000
       57.5510200000        1.0000000000        1.0000000000     4552.1758233109        0.0000000000        0.8869204367        0.1064304524        0.0000000000
       57.6530610000        1.0000000000        1.0000000000     4679.4979381056        0.0000000000        0.8869204367        0.1064304524        0.0000000000
       57.7551020000        1.0000000000        1.0000000000     3212.1073673697        0.0000000000        0.8869204367        0.1064304524        0.0000000000
       57.8571430000        1.0000000000        1.0000000000     1612.5244939286        0.0000000000        0.8869204367        0.1064304524        0.0000000000
       57.9591840000        1.0000000000        1.0000000000      723.0202007540        0.0000000000        0.8869204367        0.1064304524        0.0000000000
       58.0612240000        1.0000000000        1.0000000000      367.8137619654        0.0000000000        0.8869204367        0.1064304524        0.0000000000
       58.1632650000        1.0000000000        1.0000000000      228.3302113999        0.0000000000        0.8869204367        0.1064304524        0.0000000000
       58.2653060000        1.0000000000        1.0000000000      161.8521495335        0.0000000000        0.8869204367        0.1064304524        0.0000000037
       58.3673470000        1.0000000000        1.0000000000      123.6887713015        0.0000000000        0.8869204367        0.1064304524        0.0000003580
       58.4693880000        1.0000000000        1.0000000000       99.1781263067        0.0000000000        0.8869204367        0.1064304524        0.0000067811
       58.5714290000        1.0000000000        1.0000000000       82.3416084211        0.0000000000        0.8869204367        0.1064304524        0.0000511375
       58.6734690000        1.0000000000        1.0000000000       70.4025561174        0.0000000000        0.8869204367        0.1064304524        0.0002142629
       58.7755100000        1.0000000000        1.0000000000       62.4478015441        0.0000000000        0.8869204367        0.1064304524        0.0005565597
       58.8775510000        1.0000000000        1.0000000000       58.6830656008        0.0000000000        0.8869204367        0.1064304524        0.0008744042
       58.9795920000        1.0000000000        1.0000000000       57.6039325264        0.0000000000        0.8869204367        0.1064304524        0.0009952945
       59.0816330000        1.0000000000        1.0000000000       54.5080863477        0.0000000000        0.8869204367        0.1064304524        0.0014430875
       59.1836730000        1.0000000000        1.0000000000       47.5287757081        0.0000000000        0.8869204367        0.1064304524        0.0033344315
       59.2857140000        1.0000000000        1.0000000000       40.3764674704        0.0000000000        0.8869204367        0.1064304524        0.0078662321
       59.3877550000        1.0000000000        1.0000000000       35.6449471205        0.0000000000        0.8869204367        0.1064304524        0.0138787879
       59.4897960000        1.0000000000        1.0000000000       32.7275782118        0.0000000000        0.8869204367        0.1064304524        0.0196965973
       59.5918370000        1.0000000000        1.0000000000       30.6023455142        0.0000000000        0.8869204367        0.1064304524        0.0254184126
       59.6938780000        1.0000000000        1.0000000000       28.8524274494        0.0000000000        0.8869204367        0.1064304524        0.0313578296
       59.7959180000        1.0000000000        1.0000000000       27.3495334621        0.0000000000        0.8869204367        0.1064304524        0.0375551780
       59.8979590000        1.0000000000        1.0000000000       26.0377798058        0.0000000000        0.8869204367        0.1064304524        0.0439574316
       60.0000000000        1.0000000000        1.0000000000       24.8816671528        0.0000000000        0.8869204367        0.1064304524        0.0504990852
