       55.0000000000        1.0000000000        1.0000000000        9.4469518682        0.0000000000        0.8869204367        0.1064304524        0.3218614118
       55.1020410000        1.0000000000        1.0000000000       10.0878678982        0.0000000000        0.8869204367        0.1064304524        0.2980350602
       55.2040820000        1.0000000000        1.0000000000       10.9112683010        0.0000000000        0.8869204367        0.1064304524        0.2699949035
       55.3061220000        1.0000000000        1.0000000000       11.9871062845        0.0000000000        0.8869204367        0.1064304524        0.2372946279
       55.4081630000        1.0000000000        1.0000000000       13.4366548896        0.0000000000        0.8869204367        0.1064304524        0.1994087408
       55.5102040000        1.0000000000        1.0000000000       15.5132468368        0.0000000000        0.8869204367        0.1064304524        0.1554253666
       55.6122450000        1.0000000000        1.0000000000       18.6615867237        0.0000000000        0.8869204367        0.1064304524        0.1065234205
       55.7142860000        1.0000000000        1.0000000000       23.1773726246        0.0000000000        0.8869204367        0.1064304524        0.0619588568
       55.8163270000        1.0000000000        1.0000000000       28.9616215277        0.0000000000        0.8869204367        0.1064304524        0.0309496192
       55.9183670000        1.0000000000        1.0000000000       36.9066385305        0.0000000000        0.8869204367        0.1064304524        0.0119288359
       56.0204080000        1.0000000000        1.0000000000       50.5789528354        0.0000000000        0.8869204367        0.1064304524        0.0023123884
       56.1224490000        1.0000000000        1.0000000000       78.5520823608        0.0000000000        0.8869204367        0.1064304524        0.0000805808
       56.2244900000        1.0000000000        1.0000000000      150.5480569922        0.0000000000        0.8869204367        0.1064304524        0.0000000143
       56.3265310000        1.0000000000        1.0000000000      377.9837904224        0.0000000000        0.8869204367        0.1064304524        0.0000000000
       56.4285710000        1.0000000000        1.0000000000     1015.7482538934        0.0000000000        0.8869204367        0.1064304524        0.0000000000
       56.5306120000        1.0000000000        1.0000000000     2143.6061227766        0.0000000000        0.8869204367        0.1064304524        0.0000000000
       56.6326530000        1.0000000000        1.0000000000     3001.8560280161        0.0000000000        0.8869204367        0.1064304524        0.0000000000
       56.7346940000        1.0000000000        1.0000000000     2649.2013914869        0.0000000000        0.8869204367        0.1064304524        0.0000000000
       56.8367350000        1.0000000000        1.0000000000     1521.5222063789        0.0000000000        0.8869204367        0.1064304524        0.0000000000
       56.9387760000        1.0000000000        1.0000000000      650.3041086362        0.0000000000        0.8869204367        0.1064304524        0.0000000000
       57.0408160000        1.0000000000        1.0000000000      273.9457752242        0.0000000000        0.8869204367        0.1064304524        0.0000000000
       57.1428570000        1.0000000000        1.0000000000      146.4066841389        0.0000000000        0.8869204367        0.1064304524        0.0000000234
       57.2448980000        1.0000000000        1.0000000000       97.5208624759        0.0000000000        0.8869204367        0.1064304524        0.0000082731
       57.3469390000        1.0000000000        1.0000000000       72.8901726625        0.0000000000        0.8869204367        0.1064304524        0.0001589659
       57.4489800000        1.0000000000        1.0000000000       58.0491416696        0.0000000000        0.8869204367        0.1064304524        0.0009435162
       57.5510200000        1.0000000000        1.0000000000       48.2164686986        0.0000000000        0.8869204367        0.1064304524        0.0030703115
       57.6530610000        1.0000000000        1.0000000000       41.2953457131        0.0000000000        0.8869204367        0.1064304524        0.0070449693
       57.7551020000        1.0000000000        1.0000000000       36.2040483261        0.0000000000        0.8869204367        0.1064304524        0.0129781799
       57.8571430000        1.0000000000        1.0000000000       32.3293654630        0.0000000000        0.8869204367        0.1064304524        0.0206606603
       57.9591840000        1.0000000000        1.0000000000       29.2997472123        0.0000000000        0.8869204367        0.1064304524        0.0297189715
       58.0612240000        1.0000000000        1.0000000000       26.8782433417        0.0000000000        0.8869204367        0.1064304524        0.0397403116
       58.1632650000        1.0000000000        1.0000000000       24.9075086169        0.0000000000        0.8869204367        0.1064304524        0.0503427313
       58.2653060000        1.0000000000        1.0000000000       23.2800666666        0.0000000000        0.8869204367        0.1064304524        0.0612000055
       58.3673470000        1.0000000000        1.0000000000       21.9216133352        0.0000000000        0.8869204367        0.1064304524        0.0720356891
       58.4693880000        1.0000000000        1.0000000000       20.7839135121        0.0000000000        0.8869204367        0.1064304524        0.0825732400
       58.5714290000        1.0000000000        1.0000000000       19.8596931873        0.0000000000        0.8869204367        0.1064304524        0.0922582857
       58.6734690000        1.0000000000        1.0000000000       19.3051136775        0.0000000000        0.8869204367        0.1064304524        0.0986069393
       58.7755100000        1.0000000000        1.0000000000       19.8151434177        0.0000000000        0.8869204367        0.1064304524        0.0927528166
       58.8775510000        1.0000000000        1.0000000000       22.5053148417        0.0000000000        0.8869204367        0.1064304524        0.0671626640
       58.9795920000        1.0000000000        1.0000000000       26.3677416534        0.0000000000        0.8869204367        0.1064304524        0.0422509264
       59.0816330000        1.0000000000        1.0000000000       27.0811438003        0.0000000000        0.8869204367        0.1064304524        0.0387843969
       59.1836730000        1.0000000000        1.0000000000       23.1987490825        0.0000000000        0.8869204367        0.1064304524        0.0618001251
       59.2857140000        1.0000000000        1.0000000000       18.7001407550        0.0000000000        0.8869204367        0.1064304524        0.1060317299
       59.3877550000        1.0000000000        1.0000000000       16.2384848091        0.0000000000        0.8869204367        0.1064304524        0.1424708051
       59.4897960000        1.0000000000        1.0000000000       15.2355363957        0.0000000000        0.8869204367        0.1064304524        0.1606922285
       59.5918370000        1.0000000000        1.0000000000       14.7300837930        0.0000000000        0.8869204367        0.1064304524        0.1707405621
       59.6938780000        1.0000000000        1.0000000000       14.3652904611        0.0000000000        0.8869204367        0.1064304524        0.1783807701
       59.7959180000        1.0000000000        1.0000000000       14.0584876541        0.0000000000        0.8869204367        0.1064304524        0.1850704865
       59.8979590000        1.0000000000        1.0000000000       13.7880024442        0.0000000000        0.8869204367        0.1064304524        0.1911760986
       60.0000000000        1.0000000000        1.0000000000       13.5447170076        0.0000000000        0.8869204367        0.1064304524        0.1968396107
