       55.0000000000        1.0000000000        1.0000000000       10.5382666395        0.0000000000        0.8869204367        0.1064304524        0.2823544742
       55.1020410000        1.0000000000        1.0000000000       11.1286565231        0.0000000000        0.8869204367        0.1064304524        0.2630427315
       55.2040820000        1.0000000000        1.0000000000       11.8037430331        0.0000000000        0.8869204367        0.1064304524        0.2425738294
       55.3061220000        1.0000000000        1.0000000000       12.5827099027        0.0000000000        0.8869204367        0.1064304524        0.2209265052
       55.4081630000        1.0000000000        1.0000000000       13.5081702497        0.0000000000        0.8869204367        0.1064304524        0.1977047684
       55.5102040000        1.0000000000        1.0000000000       14.7082193691        0.0000000000        0.8869204367        0.1064304524        0.1711891276
       55.6122450000        1.0000000000        1.0000000000       16.4198399012        0.0000000000        0.8869204367        0.1064304524        0.1394037628
       55.7142860000        1.0000000000        1.0000000000       18.5823264867        0.0000000000        0.8869204367        0.1064304524        0.1075414227
       55.8163270000        1.0000000000        1.0000000000       20.4574763825        0.0000000000        0.8869204367        0.1064304524        0.0858720256
       55.9183670000        1.0000000000        1.0000000000       21.7047975138        0.0000000000        0.8869204367        0.1064304524        0.0739345008
       56.0204080000        1.0000000000        1.0000000000       23.1233895787        0.0000000000        0.8869204367        0.1064304524        0.0623615269
       56.1224490000        1.0000000000        1.0000000000       25.3578207050        0.0000000000        0.8869204367        0.1064304524        0.0476945337
       56.2244900000        1.0000000000        1.0000000000       28.4089278464        0.0000000000        0.8869204367        0.1064304524        0.0330718986
       56.3265310000        1.0000000000        1.0000000000       32.2270809743        0.0000000000        0.8869204367        0.1064304524        0.0209158148
       56.4285710000        1.0000000000        1.0000000000       36.9411235882        0.0000000000        0.8869204367        0.1064304524        0.0118795739
       56.5306120000        1.0000000000        1.0000000000       42.8111951491        0.0000000000        0.8869204367        0.1064304524        0.0058732718
       56.6326530000        1.0000000000        1.0000000000       50.2226745529        0.0000000000        0.8869204367        0.1064304524        0.0024133947
       56.7346940000        1.0000000000        1.0000000000       59.7400167891        0.0000000000        0.8869204367        0.1064304524        0.0007702449
       56.8367350000        1.0000000000        1.0000000000       72.2128631373        0.0000000000        0.8869204367        0.1064304524        0.0001724258
       56.9387760000        1.0000000000        1.0000000000       88.9695862756        0.0000000000        0.8869204367        0.1064304524        0.0000230845
       57.0408160000        1.0000000000        1.0000000000      112.1890263611        0.0000000000        0.8869204367        0.1064304524        0.0000014231
       57.1428570000        1.0000000000        1.0000000000      145.6797364937        0.0000000000        0.8869204367        0.1064304524        0.0000000256
       57.2448980000        1.0000000000        1.0000000000      196.7452499040        0.0000000000        0.8869204367        0.1064304524        0.0000000001
       57.3469390000        1.0000000000        1.0000000000      281.6904090577        0.0000000000        0.8869204367        0.1064304524        0.0000000000
       57.4489800000        1.0000000000        1.0000000000      444.6950449194        0.0000000000        0.8869204367        0.1064304524        0.0000000000
       57.5510200000        1.0000000000        1.0000000000      810.8068747172        0.0000000000        0.8869204367        0.1064304524        0.0000000000
       57.6530610000        1.0000000000        1.0000000000     1629.5043498273        0.0000000000        0.8869204367        0.1064304524        0.0000000000
       57.7551020000        1.0000000000        1.0000000000     3052.1018114172        0.0000000000        0.8869204367        0.1064304524        0.0000000000
       57.8571430000        1.0000000000        1.0000000000     4746.2356179909        0.0000000000        0.8869204367        0.1064304524        0.0000000000
       57.9591840000        1.0000000000        1.0000000000     6137.7352941105        0.0000000000        0.8869204367        0.1064304524        0.0000000000
       58.0612240000        1.0000000000        1.0000000000     6626.9167781749        0.0000000000        0.8869204367        0.1064304524        0.0000000000
       58.1632650000        1.0000000000        1.0000000000     5600.2080460206        0.0000000000        0.8869204367        0.1064304524        0.0000000000
       58.2653060000        1.0000000000        1.0000000000     3587.6526516834        0.0000000000        0.8869204367        0.1064304524        0.0000000000
       58.3673470000        1.0000000000        1.0000000000     1900.5691549250        0.0000000000        0.8869204367        0.1064304524        0.0000000000
       58.4693880000        1.0000000000        1.0000000000      997.4029380778        0.0000000000        0.8869204367        0.1064304524        0.0000000000
       58.5714290000        1.0000000000        1.0000000000      595.1670105365        0.0000000000        0.8869204367        0.1064304524        0.0000000000
       58.6734690000        1.0000000000        1.0000000000      405.1297833111        0.0000000000        0.8869204367        0.1064304524        0.0000000000
       58.7755100000        1.0000000000        1.0000000000      301.1752058211        0.0000000000        0.8869204367        0.1064304524        0.0000000000
       58.8775510000        1.0000000000        1.0000000000      238.7838781386        0.0000000000        0.8869204367        0.1064304524        0.0000000000
       58.9795920000        1.0000000000        1.0000000000      199.1237830042        0.0000000000        0.8869204367        0.1064304524        0.0000000000
       59.0816330000        1.0000000000        1.0000000000      169.3571376697        0.0000000000        0.8869204367        0.1064304524        0.0000000015
       59.1836730000        1.0000000000        1.0000000000      142.9720468479        0.0000000000        0.8869204367        0.1064304524        0.0000000354
       59.2857140000        1.0000000000        1.0000000000      120.9911835246        0.0000000000        0.8869204367        0.1064304524        0.0000004949
       59.3877550000        1.0000000000        1.0000000000      104.6538821052        0.0000000000        0.8869204367        0.1064304524        0.0000035150
       59.4897960000        1.0000000000        1.0000000000       92.5548797153        0.0000000000        0.8869204367        0.1064304524        0.0000150131
       59.5918370000        1.0000000000        1.0000000000       83.0607532006        0.0000000000        0.8869204367        0.1064304524        0.0000469095
       59.6938780000        1.0000000000        1.0000000000       75.3007527390        0.0000000000        0.8869204367        0.1064304524        0.0001190353
       59.7959180000        1.0000000000        1.0000000000       68.8249619501        0.0000000000        0.8869204367        0.1064304524        0.0002589190
       59.8979590000        1.0000000000        1.0000000000       63.3473405142        0.0000000000        0.8869204367        0.1064304524        0.0004996110
       60.0000000000        1.0000000000        1.0000000000       58.6638072574        0.0000000000        0.8869204367        0.1064304524        0.0008764272
