       55.0000000000        1.0000000000        1.0000000000       11.7251910714        0.0000000000        0.8869204367        0.1064304524        0.2448711981
       55.1020410000        1.0000000000        1.0000000000       12.9706725791        0.0000000000        0.8869204367        0.1064304524        0.2108769039
       55.2040820000        1.0000000000        1.0000000000       14.6005295740        0.0000000000        0.8869204367        0.1064304524        0.1734157222
       55.3061220000        1.0000000000        1.0000000000       16.7895731863        0.0000000000        0.8869204367        0.1064304524        0.1333539000
       55.4081630000        1.0000000000        1.0000000000       19.8447229131        0.0000000000        0.8869204367        0.1064304524        0.0924241705
       55.5102040000        1.0000000000        1.0000000000       24.3726391941        0.0000000000        0.8869204367        0.1064304524        0.0536798971
       55.6122450000        1.0000000000        1.0000000000       31.5623030291        0.0000000000        0.8869204367        0.1064304524        0.0226526970
       55.7142860000        1.0000000000        1.0000000000       43.5960926498        0.0000000000        0.8869204367        0.1064304524        0.0053453347
       55.8163270000        1.0000000000        1.0000000000       67.1509521889        0.0000000000        0.8869204367        0.1064304524        0.0003165231
       55.9183670000        1.0000000000        1.0000000000      133.5929614259        0.0000000000        0.8869204367        0.1064304524        0.0000001091
       56.0204080000        1.0000000000        1.0000000000      351.4434698055        0.0000000000        0.8869204367        0.1064304524        0.0000000000
       56.1224490000        1.0000000000        1.0000000000      875.8991891443        0.0000000000        0.8869204367        0.1064304524        0.0000000000
       56.2244900000        1.0000000000        1.0000000000     1524.6427793445        0.0000000000        0.8869204367        0.1064304524        0.0000000000
       56.3265310000        1.0000000000        1.0000000000     1653.0268110612        0.0000000000        0.8869204367        0.1064304524        0.0000000000
       56.4285710000        1.0000000000        1.0000000000     1100.2572122300        0.0000000000        0.8869204367        0.1064304524        0.0000000000
       56.5306120000        1.0000000000        1.0000000000      489.4542592130        0.0000000000        0.8869204367        0.1064304524        0.0000000000
       56.6326530000        1.0000000000        1.0000000000      197.4978063884        0.0000000000        0.8869204367        0.1064304524        0.0000000001
       56.7346940000        1.0000000000        1.0000000000      136.2251099901        0.0000000000        0.8869204367        0.1064304524        0.0000000795
       56.8367350000        1.0000000000        1.0000000000      213.9027345150        0.0000000000        0.8869204367        0.1064304524        0.0000000000
       56.9387760000        1.0000000000        1.0000000000      547.1128124696        0.0000000000        0.8869204367        0.1064304524        0.0000000000
       57.0408160000        1.0000000000        1.0000000000     1397.1436261496        0.0000000000        0.8869204367        0.1064304524        0.0000000000
       57.1428570000        1.0000000000        1.0000000000     2596.0216455739        0.0000000000        0.8869204367        0.1064304524        0.0000000000
       57.2448980000        1.0000000000        1.0000000000     3119.3035574055        0.0000000000        0.8869204367        0.1064304524        0.0000000000
       57.3469390000        1.0000000000        1.0000000000     2383.4032170630        0.0000000000        0.8869204367        0.1064304524        0.0000000000
       57.4489800000        1.0000000000        1.0000000000     1239.6183418628        0.0000000000        0.8869204367        0.1064304524        0.0000000000
       57.5510200000        1.0000000000        1.0000000000      529.4644395042        0.0000000000        0.8869204367        0.1064304524        0.0000000000
       57.6530610000        1.0000000000        1.0000000000      250.0005971639        0.0000000000        0.8869204367        0.1064304524        0.0000000000
       57.7551020000        1.0000000000        1.0000000000      151.0490933471        0.0000000000        0.8869204367        0.1064304524        0.0000000134
       57.8571430000        1.0000000000        1.0000000000      107.9186150824        0.0000000000        0.8869204367        0.1064304524        0.0000023757
       57.9591840000        1.0000000000        1.0000000000       83.9532356048        0.0000000000        0.8869204367        0.1064304524        0.0000421453
       58.0612240000        1.0000000000        1.0000000000       68.6512573795        0.0000000000        0.8869204367        0.1064304524        0.0002643727
       58.1632650000        1.0000000000        1.0000000000       58.0894822544        0.0000000000        0.8869204367        0.1064304524        0.0009389598
       58.2653060000        1.0000000000        1.0000000000       50.4104915684        0.0000000000        0.8869204367        0.1064304524        0.0023596099
       58.3673470000        1.0000000000        1.0000000000       44.6106800554        0.0000000000        0.8869204367        0.1064304524        0.0047325950
       58.4693880000        1.0000000000        1.0000000000       40.1056203156        0.0000000000        0.8869204367        0.1064304524        0.0081260979
       58.5714290000        1.0000000000        1.0000000000       36.5585755533        0.0000000000        0.8869204367        0.1064304524        0.0124376257
       58.6734690000        1.0000000000        1.0000000000       33.9119511410        0.0000000000        0.8869204367        0.1064304524        0.0170870547
       58.7755100000        1.0000000000        1.0000000000       32.7182161600        0.0000000000        0.8869204367        0.1064304524        0.0197187378
       58.8775510000        1.0000000000        1.0000000000       34.0117826524        0.0000000000        0.8869204367        0.1064304524        0.0168835768
       58.9795920000        1.0000000000        1.0000000000       36.7557659094        0.0000000000        0.8869204367        0.1064304524        0.0121467710
       59.0816330000        1.0000000000        1.0000000000       36.5805097261        0.0000000000        0.8869204367        0.1064304524        0.0124049317
       59.1836730000        1.0000000000        1.0000000000       31.9335457226        0.0000000000        0.8869204367        0.1064304524        0.0216656876
       59.2857140000        1.0000000000        1.0000000000       26.7298432220        0.0000000000        0.8869204367        0.1064304524        0.0404543465
       59.3877550000        1.0000000000        1.0000000000       23.6320211474        0.0000000000        0.8869204367        0.1064304524        0.0586690741
       59.4897960000        1.0000000000        1.0000000000       22.0735155177        0.0000000000        0.8869204367        0.1064304524        0.0707344990
       59.5918370000        1.0000000000        1.0000000000       21.0841075452        0.0000000000        0.8869204367        0.1064304524        0.0796516199
       59.6938780000        1.0000000000        1.0000000000       20.2937741728        0.0000000000        0.8869204367        0.1064304524        0.0875755963
       59.7959180000        1.0000000000        1.0000000000       19.6096098615        0.0000000000        0.8869204367        0.1064304524        0.0950689194
       59.8979590000        1.0000000000        1.0000000000       19.0022820058        0.0000000000        0.8869204367        0.1064304524        0.1022562010
       60.0000000000        1.0000000000        1.0000000000       18.4566846142        0.0000000000        0.8869204367        0.1064304524        0.1091751120
