       55.0000000000        1.0000000000        1.0000000000        8.0940487546        0.0000000000        0.8869204367        0.1064304524        0.3785959072
       55.1020410000        1.0000000000        1.0000000000        8.1560634360        0.0000000000        0.8869204367        0.1064304524        0.3757889440
       55.2040820000        1.0000000000        1.0000000000        8.2417616102        0.0000000000        0.8869204367        0.1064304524        0.3719442159
       55.3061220000        1.0000000000        1.0000000000        8.3644191242        0.0000000000        0.8869204367        0.1064304524        0.3665096987
       55.4081630000        1.0000000000        1.0000000000        8.5614928819        0.0000000000        0.8869204367        0.1064304524        0.3579438509
       55.5102040000        1.0000000000        1.0000000000        8.9601285098        0.0000000000        0.8869204367        0.1064304524        0.3412242405
       55.6122450000        1.0000000000        1.0000000000        9.8147139145        0.0000000000        0.8869204367        0.1064304524        0.3079660684
       55.7142860000        1.0000000000        1.0000000000       11.1194427651        0.0000000000        0.8869204367        0.1064304524        0.2633337258
       55.8163270000        1.0000000000        1.0000000000       12.2196989876        0.0000000000        0.8869204367        0.1064304524        0.2307630440
       55.9183670000        1.0000000000        1.0000000000       12.9303579322        0.0000000000        0.8869204367        0.1064304524        0.2118995469
       56.0204080000        1.0000000000        1.0000000000       14.6449479191        0.0000000000        0.8869204367        0.1064304524        0.1724938405
       56.1224490000        1.0000000000        1.0000000000       20.7713785555        0.0000000000        0.8869204367        0.1064304524        0.0826975397
       56.2244900000        1.0000000000        1.0000000000       44.6922758670        0.0000000000        0.8869204367        0.1064304524        0.0046864819
       56.3265310000        1.0000000000        1.0000000000      129.9552797769        0.0000000000        0.8869204367        0.1064304524        0.0000001688
       56.4285710000        1.0000000000        1.0000000000      324.1694875884        0.0000000000        0.8869204367        0.1064304524        0.0000000000
       56.5306120000        1.0000000000        1.0000000000      531.3722871822        0.0000000000        0.8869204367        0.1064304524        0.0000000000
       56.6326530000        1.0000000000        1.0000000000      527.4298599469        0.0000000000        0.8869204367        0.1064304524        0.0000000000
       56.7346940000        1.0000000000        1.0000000000      321.0496504128        0.0000000000        0.8869204367        0.1064304524        0.0000000000
       56.8367350000        1.0000000000        1.0000000000      133.9937584292        0.0000000000        0.8869204367        0.1064304524        0.0000001040
       56.9387760000        1.0000000000        1.0000000000       52.4282730071        0.0000000000        0.8869204367        0.1064304524        0.0018521785
       57.0408160000        1.0000000000        1.0000000000       28.1906634018        0.0000000000        0.8869204367        0.1064304524        0.0339495524
       57.1428570000        1.0000000000        1.0000000000       20.5614569222        0.0000000000        0.8869204367        0.1064304524        0.0848072003
       57.2448980000        1.0000000000        1.0000000000       17.0956185542        0.0000000000        0.8869204367        0.1064304524        0.1285452590
       57.3469390000        1.0000000000        1.0000000000       15.0703730237        0.0000000000        0.8869204367        0.1064304524        0.1639088558
       57.4489800000        1.0000000000        1.0000000000       13.7444666040        0.0000000000        0.8869204367        0.1064304524        0.1921774736
       57.5510200000        1.0000000000        1.0000000000       12.8169223161        0.0000000000        0.8869204367        0.1064304524        0.2148037028
       57.6530610000        1.0000000000        1.0000000000       12.1367982415        0.0000000000        0.8869204367        0.1064304524        0.2330701520
       57.7551020000        1.0000000000        1.0000000000       11.6200743065        0.0000000000        0.8869204367        0.1064304524        0.2479795696
       57.8571430000        1.0000000000        1.0000000000       11.2165252864        0.0000000000        0.8869204367        0.1064304524        0.2602837142
       57.9591840000        1.0000000000        1.0000000000       10.8945189018        0.0000000000        0.8869204367        0.1064304524        0.2705381195
       58.0612240000        1.0000000000        1.0000000000       10.6334026152        0.0000000000        0.8869204367        0.1064304524        0.2791493561
       58.1632650000        1.0000000000        1.0000000000       10.4194926829        0.0000000000        0.8869204367        0.1064304524        0.2864076533
       58.2653060000        1.0000000000        1.0000000000       10.2440708824        0.0000000000        0.8869204367        0.1064304524        0.2925006161
       58.3673470000        1.0000000000        1.0000000000       10.1029012300        0.0000000000        0.8869204367        0.1064304524        0.2974978897
       58.4693880000        1.0000000000        1.0000000000        9.9989629664        0.0000000000        0.8869204367        0.1064304524        0.3012316961
       58.5714290000        1.0000000000        1.0000000000        9.9638966209        0.0000000000        0.8869204367        0.1064304524        0.3025019381
       58.6734690000        1.0000000000        1.0000000000       10.1851796337        0.0000000000        0.8869204367        0.1064304524        0.2945750245
       58.7755100000        1.0000000000        1.0000000000       11.3810646554        0.0000000000        0.8869204367        0.1064304524        0.2551948881
       58.8775510000        1.0000000000        1.0000000000       14.6674491924        0.0000000000        0.8869204367        0.1064304524        0.1720287090
       58.9795920000        1.0000000000        1.0000000000       19.0097158217        0.0000000000        0.8869204367        0.1064304524        0.1021650232
       59.0816330000        1.0000000000        1.0000000000       20.0967923301        0.0000000000        0.8869204367        0.1064304524        0.0896703528
       59.1836730000        1.0000000000        1.0000000000       16.5609649739        0.0000000000        0.8869204367        0.1064304524        0.1370628366
       59.2857140000        1.0000000000        1.0000000000       12.4250107878        0.0000000000        0.8869204367        0.1064304524        0.2251471041
       59.3877550000        1.0000000000        1.0000000000       10.3156264086        0.0000000000        0.8869204367        0.1064304524        0.2899997642
       59.4897960000        1.0000000000        1.0000000000        9.6307820707        0.0000000000        0.8869204367        0.1064304524        0.3148390105
       59.5918370000        1.0000000000        1.0000000000        9.4094235287        0.0000000000        0.8869204367        0.1064304524        0.3233141514
       59.6938780000        1.0000000000        1.0000000000        9.3010065800        0.0000000000        0.8869204367        0.1064304524        0.3275479607
       59.7959180000        1.0000000000        1.0000000000        9.2276182642        0.0000000000        0.8869204367        0.1064304524        0.3304452830
       59.8979590000        1.0000000000        1.0000000000        9.1708745249        0.0000000000        0.8869204367        0.1064304524        0.3327030452
       60.0000000000        1.0000000000        1.0000000000        9.1241490823        0.0000000000        0.8869204367        0.1064304524        0.3345737686
