       55.0000000000        1.0000000000        1.0000000000        8.0793587418        0.0000000000        0.8869204367        0.1064304524        0.3792638853
       55.1020410000        1.0000000000        1.0000000000        8.3844841272        0.0000000000        0.8869204367        0.1064304524        0.3656282781
       55.2040820000        1.0000000000        1.0000000000        8.7560642326        0.0000000000        0.8869204367        0.1064304524        0.3496831893
       55.3061220000        1.0000000000        1.0000000000        9.2148640257        0.0000000000        0.8869204367        0.1064304524        0.3309514196
       55.4081630000        1.0000000000        1.0000000000        9.8066536337        0.0000000000        0.8869204367        0.1064304524        0.3082640876
       55.5102040000        1.0000000000        1.0000000000       10.6658696373        0.0000000000        0.8869204367        0.1064304524        0.2780638942
       55.6122450000        1.0000000000        1.0000000000       12.0447964629        0.0000000000        0.8869204367        0.1064304524        0.2356575527
       55.7142860000        1.0000000000        1.0000000000       13.9132104858        0.0000000000        0.8869204367        0.1064304524        0.1883251557
       55.8163270000        1.0000000000        1.0000000000       15.5678943363        0.0000000000        0.8869204367        0.1064304524        0.1544094683
       55.9183670000        1.0000000000        1.0000000000       16.7021940282        0.0000000000        0.8869204367        0.1064304524        0.1347595387
       56.0204080000        1.0000000000        1.0000000000       18.1916543788        0.0000000000        0.8869204367        0.1064304524        0.1127030804
       56.1224490000        1.0000000000        1.0000000000       20.8413440405        0.0000000000        0.8869204367        0.1064304524        0.0820061295
       56.2244900000        1.0000000000        1.0000000000       24.9220727673        0.0000000000        0.8869204367        0.1064304524        0.0502548242
       56.3265310000        1.0000000000        1.0000000000       30.8582577296        0.0000000000        0.8869204367        0.1064304524        0.0246496907
       56.4285710000        1.0000000000        1.0000000000       39.6785955056        0.0000000000        0.8869204367        0.1064304524        0.0085533568
       56.5306120000        1.0000000000        1.0000000000       53.4946260853        0.0000000000        0.8869204367        0.1064304524        0.0016297068
       56.6326530000        1.0000000000        1.0000000000       77.0342732295        0.0000000000        0.8869204367        0.1064304524        0.0000966792
       56.7346940000        1.0000000000        1.0000000000      123.7304023354        0.0000000000        0.8869204367        0.1064304524        0.0000003562
       56.8367350000        1.0000000000        1.0000000000      242.1355886357        0.0000000000        0.8869204367        0.1064304524        0.0000000000
       56.9387760000        1.0000000000        1.0000000000      595.5953968004        0.0000000000        0.8869204367        0.1064304524        0.0000000000
       57.0408160000        1.0000000000        1.0000000000     1496.5656732802        0.0000000000        0.8869204367        0.1064304524        0.0000000000
       57.1428570000        1.0000000000        1.0000000000     2920.6093046712        0.0000000000        0.8869204367        0.1064304524        0.0000000000
       57.2448980000        1.0000000000        1.0000000000     3825.5390222417        0.0000000000        0.8869204367        0.1064304524        0.0000000000
       57.3469390000        1.0000000000        1.0000000000     3227.8420739497        0.0000000000        0.8869204367        0.1064304524        0.0000000000
       57.4489800000        1.0000000000        1.0000000000     1827.5054509822        0.0000000000        0.8869204367        0.1064304524        0.0000000000
       57.5510200000        1.0000000000        1.0000000000      804.4764899529        0.0000000000        0.8869204367        0.1064304524        0.0000000000
       57.6530610000        1.0000000000        1.0000000000      358.2844660279        0.0000000000        0.8869204367        0.1064304524        0.0000000000
       57.7551020000        1.0000000000        1.0000000000      197.9807209264        0.0000000000        0.8869204367        0.1064304524        0.0000000000
       57.8571430000        1.0000000000        1.0000000000      132.4848954691        0.0000000000        0.8869204367        0.1064304524        0.0000001246
       57.9591840000        1.0000000000        1.0000000000       98.5709481630        0.0000000000        0.8869204367        0.1064304524        0.0000072936
       58.0612240000        1.0000000000        1.0000000000       77.9627972951        0.0000000000        0.8869204367        0.1064304524        0.0000864853
       58.1632650000        1.0000000000        1.0000000000       64.2399190624        0.0000000000        0.8869204367        0.1064304524        0.0004488641
       58.2653060000        1.0000000000        1.0000000000       54.5473880729        0.0000000000        0.8869204367        0.1064304524        0.0014362976
       58.3673470000        1.0000000000        1.0000000000       47.4051742160        0.0000000000        0.8869204367        0.1064304524        0.0033842570
       58.4693880000        1.0000000000        1.0000000000       41.9743724492        0.0000000000        0.8869204367        0.1064304524        0.0064936877
       58.5714290000        1.0000000000        1.0000000000       37.7721810178        0.0000000000        0.8869204367        0.1064304524        0.0107520191
       58.6734690000        1.0000000000        1.0000000000       34.6526740451        0.0000000000        0.8869204367        0.1064304524        0.0156337868
       58.7755100000        1.0000000000        1.0000000000       33.1124619290        0.0000000000        0.8869204367        0.1064304524        0.0188075775
       58.8775510000        1.0000000000        1.0000000000       34.1481233603        0.0000000000        0.8869204367        0.1064304524        0.0166095939
       58.9795920000        1.0000000000        1.0000000000       36.6951508195        0.0000000000        0.8869204367        0.1064304524        0.0122354464
       59.0816330000        1.0000000000        1.0000000000       36.3666051092        0.0000000000        0.8869204367        0.1064304524        0.0127274702
       59.1836730000        1.0000000000        1.0000000000       31.6031768661        0.0000000000        0.8869204367        0.1064304524        0.0225418607
       59.2857140000        1.0000000000        1.0000000000       26.3139614712        0.0000000000        0.8869204367        0.1064304524        0.0425244797
       59.3877550000        1.0000000000        1.0000000000       23.1529265565        0.0000000000        0.8869204367        0.1064304524        0.0621408817
       59.4897960000        1.0000000000        1.0000000000       21.5467310979        0.0000000000        0.8869204367        0.1064304524        0.0753502729
       59.5918370000        1.0000000000        1.0000000000       20.5213463880        0.0000000000        0.8869204367        0.1064304524        0.0852163837
       59.6938780000        1.0000000000        1.0000000000       19.7042968881        0.0000000000        0.8869204367        0.1064304524        0.0939948179
       59.7959180000        1.0000000000        1.0000000000       19.0007766725        0.0000000000        0.8869204367        0.1064304524        0.1022746742
       59.8979590000        1.0000000000        1.0000000000       18.3799399370        0.0000000000        0.8869204367        0.1064304524        0.1101851890
       60.0000000000        1.0000000000        1.0000000000       17.8254844095        0.0000000000        0.8869204367        0.1064304524        0.1177657109
