       55.0000000000        1.0000000000        1.0000000000        6.8554304234        0.0000000000        0.8869204367        0.1064304524        0.4392653306
       55.1020410000        1.0000000000        1.0000000000        6.9619321699        0.0000000000        0.8869204367        0.1064304524        0.4336871487
       55.2040820000        1.0000000000        1.0000000000        7.0882480371        0.0000000000        0.8869204367        0.1064304524        0.4271629321
       55.3061220000        1.0000000000        1.0000000000        7.2421438475        0.0000000000        0.8869204367        0.1064304524        0.4193466971
       55.4081630000        1.0000000000        1.0000000000        7.4519017740        0.0000000000        0.8869204367        0.1064304524        0.4089230784
       55.5102040000        1.0000000000        1.0000000000        7.8284132061        0.0000000000        0.8869204367        0.1064304524        0.3908585361
       55.6122450000        1.0000000000        1.0000000000        8.5931779465        0.0000000000        0.8869204367        0.1064304524        0.3565854581
       55.7142860000        1.0000000000        1.0000000000        9.6753760110        0.0000000000        0.8869204367        0.1064304524        0.3131587209
       55.8163270000        1.0000000000        1.0000000000       10.3087687129        0.0000000000        0.8869204367        0.1064304524        0.2902385101
       55.9183670000        1.0000000000        1.0000000000       10.0866692229        0.0000000000        0.8869204367        0.1064304524        0.2980779329
       56.0204080000        1.0000000000        1.0000000000        9.7403398926        0.0000000000        0.8869204367        0.1064304524        0.3107269312
       56.1224490000        1.0000000000        1.0000000000        9.8598529562        0.0000000000        0.8869204367        0.1064304524        0.3063024230
       56.2244900000        1.0000000000        1.0000000000       10.3705951558        0.0000000000        0.8869204367        0.1064304524        0.2880931485
       56.3265310000        1.0000000000        1.0000000000       11.1072075550        0.0000000000        0.8869204367        0.1064304524        0.2637206430
       56.4285710000        1.0000000000        1.0000000000       12.0377311252        0.0000000000        0.8869204367        0.1064304524        0.2358574375
       56.5306120000        1.0000000000        1.0000000000       13.1998892825        0.0000000000        0.8869204367        0.1064304524        0.2051555691
       56.6326530000        1.0000000000        1.0000000000       14.6640289827        0.0000000000        0.8869204367        0.1064304524        0.1720993284
       56.7346940000        1.0000000000        1.0000000000       16.5352292352        0.0000000000        0.8869204367        0.1064304524        0.1374867805
       56.8367350000        1.0000000000        1.0000000000       18.9713653799        0.0000000000        0.8869204367        0.1064304524        0.1026362756
       56.9387760000        1.0000000000        1.0000000000       22.2180763719        0.0000000000        0.8869204367        0.1064304524        0.0695180280
       57.0408160000        1.0000000000        1.0000000000       26.6764332705        0.0000000000        0.8869204367        0.1064304524        0.0407144590
       57.1428570000        1.0000000000        1.0000000000       33.0445659632        0.0000000000        0.8869204367        0.1064304524        0.0189614385
       57.2448980000        1.0000000000        1.0000000000       42.6504046246        0.0000000000        0.8869204367        0.1064304524        0.0059876962
       57.3469390000        1.0000000000        1.0000000000       58.4358933841        0.0000000000        0.8869204367        0.1064304524        0.0009007280
       57.4489800000        1.0000000000        1.0000000000       89.0370388783        0.0000000000        0.8869204367        0.1064304524        0.0000228984
       57.5510200000        1.0000000000        1.0000000000      167.6897904390        0.0000000000        0.8869204367        0.1064304524        0.0000000018
       57.6530610000        1.0000000000        1.0000000000      409.2033431858        0.0000000000        0.8869204367        0.1064304524        0.0000000000
       57.7551020000        1.0000000000        1.0000000000     1021.4329972338        0.0000000000        0.8869204367        0.1064304524        0.0000000000
       57.8571430000        1.0000000000        1.0000000000     1934.9130581236        0.0000000000        0.8869204367        0.1064304524        0.0000000000
       57.9591840000        1.0000000000        1.0000000000     2400.5661658659        0.0000000000        0.8869204367        0.1064304524        0.0000000000
       58.0612240000        1.0000000000        1.0000000000     1873.9488140017        0.0000000000        0.8869204367        0.1064304524        0.0000000000
       58.1632650000        1.0000000000        1.0000000000      959.3123872526        0.0000000000        0.8869204367        0.1064304524        0.0000000000
       58.2653060000        1.0000000000        1.0000000000      381.4336821802        0.0000000000        0.8869204367        0.1064304524        0.0000000000
       58.3673470000        1.0000000000        1.0000000000      182.0167832761        0.0000000000        0.8869204367        0.1064304524        0.0000000003
       58.4693880000        1.0000000000        1.0000000000      175.7945639750        0.0000000000        0.8869204367        0.1064304524        0.0000000007
       58.5714290000        1.0000000000        1.0000000000      352.0072877983        0.0000000000        0.8869204367        0.1064304524        0.0000000000
       58.6734690000        1.0000000000        1.0000000000      921.9754076413        0.0000000000        0.8869204367        0.1064304524        0.0000000000
       58.7755100000        1.0000000000        1.0000000000     2021.0185286077        0.0000000000        0.8869204367        0.1064304524        0.0000000000
       58.8775510000        1.0000000000        1.0000000000     3031.7191512798        0.0000000000        0.8869204367        0.1064304524        0.0000000000
       58.9795920000        1.0000000000        1.0000000000     2934.3573206079        0.0000000000        0.8869204367        0.1064304524        0.0000000000
       59.0816330000        1.0000000000        1.0000000000     1877.0868475812        0.0000000000        0.8869204367        0.1064304524        0.0000000000
       59.1836730000        1.0000000000        1.0000000000      891.3867542169        0.0000000000        0.8869204367        0.1064304524        0.0000000000
       59.2857140000        1.0000000000        1.0000000000      400.2427134963        0.0000000000        0.8869204367        0.1064304524        0.0000000000
       59.3877550000        1.0000000000        1.0000000000      216.4416464686        0.0000000000        0.8869204367        0.1064304524        0.0000000000
       59.4897960000        1.0000000000        1.0000000000      144.2925248350        0.0000000000        0.8869204367        0.1064304524        0.0000000302
       59.5918370000        1.0000000000        1.0000000000      108.3899177519        0.0000000000        0.8869204367        0.1064304524        0.0000022450
       59.6938780000        1.0000000000        1.0000000000       86.8240979608        0.0000000000        0.8869204367        0.1064304524        0.0000298630
       59.7959180000        1.0000000000        1.0000000000       72.4169482932        0.0000000000        0.8869204367        0.1064304524        0.0001682543
       59.8979590000        1.0000000000        1.0000000000       62.1453151815        0.0000000000        0.8869204367        0.1064304524        0.0005771330
       60.0000000000        1.0000000000        1.0000000000       54.4848844206        0.0000000000        0.8869204367        0.1064304524        0.0014471110
