       55.0000000000        1.0000000000        1.0000000000        8.3065191000        0.0000000000        0.8869204367        0.1064304524        0.3690650763
       55.1020410000        1.0000000000        1.0000000000        8.6533009907        0.0000000000        0.8869204367        0.1064304524        0.3540220361
       55.2040820000        1.0000000000        1.0000000000        9.0613655890        0.0000000000        0.8869204367        0.1064304524        0.3371039731
       55.3061220000        1.0000000000        1.0000000000        9.5474632277        0.0000000000        0.8869204367        0.1064304524        0.3180026422
       55.4081630000        1.0000000000        1.0000000000       10.1514460432        0.0000000000        0.8869204367        0.1064304524        0.2957698901
       55.5102040000        1.0000000000        1.0000000000       10.9987782085        0.0000000000        0.8869204367        0.1064304524        0.2671744709
       55.6122450000        1.0000000000        1.0000000000       12.3269064728        0.0000000000        0.8869204367        0.1064304524        0.2278133156
       55.7142860000        1.0000000000        1.0000000000       14.0813402001        0.0000000000        0.8869204367        0.1064304524        0.1845636619
       55.8163270000        1.0000000000        1.0000000000       15.5253909196        0.0000000000        0.8869204367        0.1064304524        0.1551990317
       55.9183670000        1.0000000000        1.0000000000       16.3070503291        0.0000000000        0.8869204367        0.1064304524        0.1413033841
       56.0204080000        1.0000000000        1.0000000000       17.2228374764        0.0000000000        0.8869204367        0.1064304524        0.1265977557
       56.1224490000        1.0000000000        1.0000000000       18.9363281119        0.0000000000        0.8869204367        0.1064304524        0.1030687154
       56.2244900000        1.0000000000        1.0000000000       21.4784629961        0.0000000000        0.8869204367        0.1064304524        0.0759700907
       56.3265310000        1.0000000000        1.0000000000       24.8447378481        0.0000000000        0.8869204367        0.1064304524        0.0507233693
       56.4285710000        1.0000000000        1.0000000000       29.2441154740        0.0000000000        0.8869204367        0.1064304524        0.0299180334
       56.5306120000        1.0000000000        1.0000000000       35.0839016120        0.0000000000        0.8869204367        0.1064304524        0.0148453559
       56.6326530000        1.0000000000        1.0000000000       43.0238015018        0.0000000000        0.8869204367        0.1064304524        0.0057253238
       56.7346940000        1.0000000000        1.0000000000       54.1553898636        0.0000000000        0.8869204367        0.1064304524        0.0015054750
       56.8367350000        1.0000000000        1.0000000000       70.3907953800        0.0000000000        0.8869204367        0.1064304524        0.0002145655
       56.9387760000        1.0000000000        1.0000000000       95.3616150626        0.0000000000        0.8869204367        0.1064304524        0.0000107201
       57.0408160000        1.0000000000        1.0000000000      136.9007457173        0.0000000000        0.8869204367        0.1064304524        0.0000000733
       57.1428570000        1.0000000000        1.0000000000      215.7778355774        0.0000000000        0.8869204367        0.1064304524        0.0000000000
       57.2448980000        1.0000000000        1.0000000000      398.9212544953        0.0000000000        0.8869204367        0.1064304524        0.0000000000
       57.3469390000        1.0000000000        1.0000000000      887.6693208382        0.0000000000        0.8869204367        0.1064304524        0.0000000000
       57.4489800000        1.0000000000        1.0000000000     2044.1766725761        0.0000000000        0.8869204367        0.1064304524        0.0000000000
       57.5510200000        1.0000000000        1.0000000000     3872.0677638968        0.0000000000        0.8869204367        0.1064304524        0.0000000000
       57.6530610000        1.0000000000        1.0000000000     5245.0520816594        0.0000000000        0.8869204367        0.1064304524        0.0000000000
       57.7551020000        1.0000000000        1.0000000000     4844.7453747419        0.0000000000        0.8869204367        0.1064304524        0.0000000000
       57.8571430000        1.0000000000        1.0000000000     3119.2647501082        0.0000000000        0.8869204367        0.1064304524        0.0000000000
       57.9591840000        1.0000000000        1.0000000000     1549.1753970574        0.0000000000        0.8869204367        0.1064304524        0.0000000000
       58.0612240000        1.0000000000        1.0000000000      722.5779856591        0.0000000000        0.8869204367        0.1064304524        0.0000000000
       58.1632650000        1.0000000000        1.0000000000      388.0051217786        0.0000000000        0.8869204367        0.1064304524        0.0000000000
       58.2653060000        1.0000000000        1.0000000000      249.3701118037        0.0000000000        0.8869204367        0.1064304524        0.0000000000
       58.3673470000        1.0000000000        1.0000000000      179.8783374817        0.0000000000        0.8869204367        0.1064304524        0.0000000004
       58.4693880000        1.0000000000        1.0000000000      138.7589703330        0.0000000000        0.8869204367        0.1064304524        0.0000000587
       58.5714290000        1.0000000000        1.0000000000      111.8913839400        0.0000000000        0.8869204367        0.1064304524        0.0000014748
       58.6734690000        1.0000000000        1.0000000000       93.3837065674        0.0000000000        0.8869204367        0.1064304524        0.0000135918
       58.7755100000        1.0000000000        1.0000000000       80.8755403965        0.0000000000        0.8869204367        0.1064304524        0.0000609739
       58.8775510000        1.0000000000        1.0000000000       73.8247653544        0.0000000000        0.8869204367        0.1064304524        0.0001421011
       58.9795920000        1.0000000000        1.0000000000       70.3252640565        0.0000000000        0.8869204367        0.1064304524        0.0002162595
       59.0816330000        1.0000000000        1.0000000000       65.4154890660        0.0000000000        0.8869204367        0.1064304524        0.0003898070
       59.1836730000        1.0000000000        1.0000000000       57.0134210524        0.0000000000        0.8869204367        0.1064304524        0.0010683814
       59.2857140000        1.0000000000        1.0000000000       48.6914742090        0.0000000000        0.8869204367        0.1064304524        0.0029001962
       59.3877550000        1.0000000000        1.0000000000       42.9901966197        0.0000000000        0.8869204367        0.1064304524        0.0057484582
       59.4897960000        1.0000000000        1.0000000000       39.2719363644        0.0000000000        0.8869204367        0.1064304524        0.0089811049
       59.5918370000        1.0000000000        1.0000000000       36.4805852294        0.0000000000        0.8869204367        0.1064304524        0.0125545739
       59.6938780000        1.0000000000        1.0000000000       34.1698869969        0.0000000000        0.8869204367        0.1064304524        0.0165662723
       59.7959180000        1.0000000000        1.0000000000       32.1896172532        0.0000000000        0.8869204367        0.1064304524        0.0210100566
       59.8979590000        1.0000000000        1.0000000000       30.4676234357        0.0000000000        0.8869204367        0.1064304524        0.0258326828
       60.0000000000        1.0000000000        1.0000000000       28.9560541828        0.0000000000        0.8869204367        0.1064304524        0.0309703030
