       55.0000000000        1.0000000000        1.0000000000       15.2842133774        0.0000000000        0.8869204367        0.1064304524        0.1597563231
       55.1020410000        1.0000000000        1.0000000000       16.6261212128        0.0000000000        0.8869204367        0.1064304524        0.1359953554
       55.2040820000        1.0000000000        1.0000000000       18.2029588072        0.0000000000        0.8869204367        0.1064304524        0.1125502988
       55.3061220000        1.0000000000        1.0000000000       20.0720487473        0.0000000000        0.8869204367        0.1064304524        0.0899370004
       55.4081630000        1.0000000000        1.0000000000       22.3264796249        0.0000000000        0.8869204367        0.1064304524        0.0686195668
       55.5102040000        1.0000000000        1.0000000000       25.1611469327        0.0000000000        0.8869204367        0.1064304524        0.0488335534
       55.6122450000        1.0000000000        1.0000000000       28.8990017356        0.0000000000        0.8869204367        0.1064304524        0.0311830622
       55.7142860000        1.0000000000        1.0000000000       33.5911508983        0.0000000000        0.8869204367        0.1064304524        0.0177576635
       55.8163270000        1.0000000000        1.0000000000       38.6699648311        0.0000000000        0.8869204367        0.1064304524        0.0096538761
       55.9183670000        1.0000000000        1.0000000000       44.0592895012        0.0000000000        0.8869204367        0.1064304524        0.0050563281
       56.0204080000        1.0000000000        1.0000000000       50.9289780969        0.0000000000        0.8869204367        0.1064304524        0.0022172727
       56.1224490000        1.0000000000        1.0000000000       60.4601655740        0.0000000000        0.8869204367        0.1064304524        0.0007064770
       56.2244900000        1.0000000000        1.0000000000       73.4893070554        0.0000000000        0.8869204367        0.1064304524        0.0001479381
       56.3265310000        1.0000000000        1.0000000000       91.3401999435        0.0000000000        0.8869204367        0.1064304524        0.0000173690
       56.4285710000        1.0000000000        1.0000000000      116.4946898398        0.0000000000        0.8869204367        0.1064304524        0.0000008489
       56.5306120000        1.0000000000        1.0000000000      153.5277695199        0.0000000000        0.8869204367        0.1064304524        0.0000000100
       56.6326530000        1.0000000000        1.0000000000      211.6036413640        0.0000000000        0.8869204367        0.1064304524        0.0000000000
       56.7346940000        1.0000000000        1.0000000000      312.4439596601        0.0000000000        0.8869204367        0.1064304524        0.0000000000
       56.8367350000        1.0000000000        1.0000000000      518.0688560079        0.0000000000        0.8869204367        0.1064304524        0.0000000000
       56.9387760000        1.0000000000        1.0000000000     1000.4843541848        0.0000000000        0.8869204367        0.1064304524        0.0000000000
       57.0408160000        1.0000000000        1.0000000000     2057.7668639051        0.0000000000        0.8869204367        0.1064304524        0.0000000000
       57.1428570000        1.0000000000        1.0000000000     3743.4671803156        0.0000000000        0.8869204367        0.1064304524        0.0000000000
       57.2448980000        1.0000000000        1.0000000000     5448.9064796957        0.0000000000        0.8869204367        0.1064304524        0.0000000000
       57.3469390000        1.0000000000        1.0000000000     6401.4414366097        0.0000000000        0.8869204367        0.1064304524        0.0000000000
       57.4489800000        1.0000000000        1.0000000000     6104.0593199961        0.0000000000        0.8869204367        0.1064304524        0.0000000000
       57.5510200000        1.0000000000        1.0000000000     4518.2842332265        0.0000000000        0.8869204367        0.1064304524        0.0000000000
       57.6530610000        1.0000000000        1.0000000000     2608.7750872960        0.0000000000        0.8869204367        0.1064304524        0.0000000000
       57.7551020000        1.0000000000        1.0000000000     1333.3180841666        0.0000000000        0.8869204367        0.1064304524        0.0000000000
       57.8571430000        1.0000000000        1.0000000000      728.7090868089        0.0000000000        0.8869204367        0.1064304524        0.0000000000
       57.9591840000        1.0000000000        1.0000000000      462.4221224052        0.0000000000        0.8869204367        0.1064304524        0.0000000000
       58.0612240000        1.0000000000        1.0000000000      328.8283813586        0.0000000000        0.8869204367        0.1064304524        0.0000000000
       58.1632650000        1.0000000000        1.0000000000      250.4774735269        0.0000000000        0.8869204367        0.1064304524        0.0000000000
       58.2653060000        1.0000000000        1.0000000000      199.5218671913        0.0000000000        0.8869204367        0.1064304524        0.0000000000
       58.3673470000        1.0000000000        1.0000000000      164.1368902764        0.0000000000        0.8869204367        0.1064304524        0.0000000028
       58.4693880000        1.0000000000        1.0000000000      138.4034110168        0.0000000000        0.8869204367        0.1064304524        0.0000000612
       58.5714290000        1.0000000000        1.0000000000      119.0470345888        0.0000000000        0.8869204367        0.1064304524        0.0000006249
       58.6734690000        1.0000000000        1.0000000000      104.2638859206        0.0000000000        0.8869204367        0.1064304524        0.0000036834
       58.7755100000        1.0000000000        1.0000000000       93.5128356547        0.0000000000        0.8869204367        0.1064304524        0.0000133828
       58.8775510000        1.0000000000        1.0000000000       87.1647020989        0.0000000000        0.8869204367        0.1064304524        0.0000286670
       58.9795920000        1.0000000000        1.0000000000       83.8259318560        0.0000000000        0.8869204367        0.1064304524        0.0000427940
       59.0816330000        1.0000000000        1.0000000000       78.8023980939        0.0000000000        0.8869204367        0.1064304524        0.0000781963
       59.1836730000        1.0000000000        1.0000000000       70.0917304121        0.0000000000        0.8869204367        0.1064304524        0.0002224056
       59.2857140000        1.0000000000        1.0000000000       61.3114514287        0.0000000000        0.8869204367        0.1064304524        0.0006378712
       59.3877550000        1.0000000000        1.0000000000       55.0818023097        0.0000000000        0.8869204367        0.1064304524        0.0013470796
       59.4897960000        1.0000000000        1.0000000000       50.8243430998        0.0000000000        0.8869204367        0.1064304524        0.0022452887
       59.5918370000        1.0000000000        1.0000000000       47.5058637914        0.0000000000        0.8869204367        0.1064304524        0.0033436119
       59.6938780000        1.0000000000        1.0000000000       44.6879733334        0.0000000000        0.8869204367        0.1064304524        0.0046889022
       59.7959180000        1.0000000000        1.0000000000       42.2243172211        0.0000000000        0.8869204367        0.1064304524        0.0063018120
       59.8979590000        1.0000000000        1.0000000000       40.0446662437        0.0000000000        0.8869204367        0.1064304524        0.0081857540
       60.0000000000        1.0000000000        1.0000000000       38.1017413502        0.0000000000        0.8869204367        0.1064304524        0.0103351046
