       55.0000000000        1.0000000000        1.0000000000        7.2431057626        0.0000000000        0.8869204367        0.1064304524        0.4192982948
       55.1020410000        1.0000000000        1.0000000000        7.4078925841        0.0000000000        0.8869204367        0.1064304524        0.4110883558
       55.2040820000        1.0000000000        1.0000000000        7.6030393067        0.0000000000        0.8869204367        0.1064304524        0.4015734928
       55.3061220000        1.0000000000        1.0000000000        7.8385572232        0.0000000000        0.8869204367        0.1064304524        0.3903830405
       55.4081630000        1.0000000000        1.0000000000        8.1455868381        0.0000000000        0.8869204367        0.1064304524        0.3762616799
       55.5102040000        1.0000000000        1.0000000000        8.6385743592        0.0000000000        0.8869204367        0.1064304524        0.3546482155
       55.6122450000        1.0000000000        1.0000000000        9.5428417881        0.0000000000        0.8869204367        0.1064304524        0.3181790467
       55.7142860000        1.0000000000        1.0000000000       10.7913504511        0.0000000000        0.8869204367        0.1064304524        0.2739082578
       55.8163270000        1.0000000000        1.0000000000       11.6246192865        0.0000000000        0.8869204367        0.1064304524        0.2478443590
       55.9183670000        1.0000000000        1.0000000000       11.6484649183        0.0000000000        0.8869204367        0.1064304524        0.2471361721
       56.0204080000        1.0000000000        1.0000000000       11.6085946761        0.0000000000        0.8869204367        0.1064304524        0.2483214107
       56.1224490000        1.0000000000        1.0000000000       12.1103528796        0.0000000000        0.8869204367        0.1064304524        0.2338109618
       56.2244900000        1.0000000000        1.0000000000       13.1001803898        0.0000000000        0.8869204367        0.1064304524        0.2076250133
       56.3265310000        1.0000000000        1.0000000000       14.4436107153        0.0000000000        0.8869204367        0.1064304524        0.1767121245
       56.4285710000        1.0000000000        1.0000000000       16.1524771959        0.0000000000        0.8869204367        0.1064304524        0.1439488482
       56.5306120000        1.0000000000        1.0000000000       18.3272077376        0.0000000000        0.8869204367        0.1064304524        0.1108846365
       56.6326530000        1.0000000000        1.0000000000       21.1301108448        0.0000000000        0.8869204367        0.1064304524        0.0792131228
       56.7346940000        1.0000000000        1.0000000000       24.8051374336        0.0000000000        0.8869204367        0.1064304524        0.0509649829
       56.8367350000        1.0000000000        1.0000000000       29.7270257212        0.0000000000        0.8869204367        0.1064304524        0.0282335840
       56.9387760000        1.0000000000        1.0000000000       36.4940529080        0.0000000000        0.8869204367        0.1064304524        0.0125343005
       57.0408160000        1.0000000000        1.0000000000       46.1102108815        0.0000000000        0.8869204367        0.1064304524        0.0039532182
       57.1428570000        1.0000000000        1.0000000000       60.3751707153        0.0000000000        0.8869204367        0.1064304524        0.0007137195
       57.2448980000        1.0000000000        1.0000000000       82.8338231480        0.0000000000        0.8869204367        0.1064304524        0.0000482045
       57.3469390000        1.0000000000        1.0000000000      121.6118871562        0.0000000000        0.8869204367        0.1064304524        0.0000004594
       57.4489800000        1.0000000000        1.0000000000      199.9420624857        0.0000000000        0.8869204367        0.1064304524        0.0000000000
       57.5510200000        1.0000000000        1.0000000000      396.4845430534        0.0000000000        0.8869204367        0.1064304524        0.0000000000
       57.6530610000        1.0000000000        1.0000000000      942.0135212574        0.0000000000        0.8869204367        0.1064304524        0.0000000000
       57.7551020000        1.0000000000        1.0000000000     2183.4489308304        0.0000000000        0.8869204367        0.1064304524        0.0000000000
       57.8571430000        1.0000000000        1.0000000000     3907.4660681858        0.0000000000        0.8869204367        0.1064304524        0.0000000000
       57.9591840000        1.0000000000        1.0000000000     4756.0690297243        0.0000000000        0.8869204367        0.1064304524        0.0000000000
       58.0612240000        1.0000000000        1.0000000000     3825.9306817030        0.0000000000        0.8869204367        0.1064304524        0.0000000000
       58.1632650000        1.0000000000        1.0000000000     2141.6130153776        0.0000000000        0.8869204367        0.1064304524        0.0000000000
       58.2653060000        1.0000000000        1.0000000000      974.5847493316        0.0000000000        0.8869204367        0.1064304524        0.0000000000
       58.3673470000        1.0000000000        1.0000000000      460.1003639339        0.0000000000        0.8869204367        0.1064304524        0.0000000000
       58.4693880000        1.0000000000        1.0000000000      264.0660463375        0.0000000000        0.8869204367        0.1064304524        0.0000000000
       58.5714290000        1.0000000000        1.0000000000      178.7997499954        0.0000000000        0.8869204367        0.1064304524        0.0000000005
       58.6734690000        1.0000000000        1.0000000000      133.3742068185        0.0000000000        0.8869204367        0.1064304524        0.0000001120
       58.7755100000        1.0000000000        1.0000000000      106.3826175595        0.0000000000        0.8869204367        0.1064304524        0.0000028565
       58.8775510000        1.0000000000        1.0000000000       90.7668007200        0.0000000000        0.8869204367        0.1064304524        0.0000186062
       58.9795920000        1.0000000000        1.0000000000       81.8946888209        0.0000000000        0.8869204367        0.1064304524        0.0000539549
       59.0816330000        1.0000000000        1.0000000000       73.4662172714        0.0000000000        0.8869204367        0.1064304524        0.0001483485
       59.1836730000        1.0000000000        1.0000000000       62.6694100857        0.0000000000        0.8869204367        0.1064304524        0.0005419541
       59.2857140000        1.0000000000        1.0000000000       52.6601149472        0.0000000000        0.8869204367        0.1064304524        0.0018013592
       59.3877550000        1.0000000000        1.0000000000       45.7432814868        0.0000000000        0.8869204367        0.1064304524        0.0041311735
       59.4897960000        1.0000000000        1.0000000000       41.1379037050        0.0000000000        0.8869204367        0.1064304524        0.0071793355
       59.5918370000        1.0000000000        1.0000000000       37.6907822881        0.0000000000        0.8869204367        0.1064304524        0.0108575578
       59.6938780000        1.0000000000        1.0000000000       34.8893156697        0.0000000000        0.8869204367        0.1064304524        0.0151960785
       59.7959180000        1.0000000000        1.0000000000       32.5379678332        0.0000000000        0.8869204367        0.1064304524        0.0201498962
       59.8979590000        1.0000000000        1.0000000000       30.5331472755        0.0000000000        0.8869204367        0.1064304524        0.0256303605
       60.0000000000        1.0000000000        1.0000000000       28.8047580696        0.0000000000        0.8869204367        0.1064304524        0.0315377207
