       55.0000000000        1.0000000000        1.0000000000       11.1803229565        0.0000000000        0.8869204367        0.1064304524        0.2614169191
       55.1020410000        1.0000000000        1.0000000000       12.1242296799        0.0000000000        0.8869204367        0.1064304524        0.2334219401
       55.2040820000        1.0000000000        1.0000000000       13.2859162458        0.0000000000        0.8869204367        0.1064304524        0.2030485940
       55.3061220000        1.0000000000        1.0000000000       14.7336677028        0.0000000000        0.8869204367        0.1064304524        0.1706671477
       55.4081630000        1.0000000000        1.0000000000       16.5804435328        0.0000000000        0.8869204367        0.1064304524        0.1367428364
       55.5102040000        1.0000000000        1.0000000000       19.0567026272        0.0000000000        0.8869204367        0.1064304524        0.1015905952
       55.6122450000        1.0000000000        1.0000000000       22.5509516610        0.0000000000        0.8869204367        0.1064304524        0.0667958585
       55.7142860000        1.0000000000        1.0000000000       27.2322550794        0.0000000000        0.8869204367        0.1064304524        0.0380874438
       55.8163270000        1.0000000000        1.0000000000       32.7312753601        0.0000000000        0.8869204367        0.1064304524        0.0196878607
       55.9183670000        1.0000000000        1.0000000000       39.3169406059        0.0000000000        0.8869204367        0.1064304524        0.0089327331
       56.0204080000        1.0000000000        1.0000000000       48.8416890081        0.0000000000        0.8869204367        0.1064304524        0.0028483862
       56.1224490000        1.0000000000        1.0000000000       63.9146306839        0.0000000000        0.8869204367        0.1064304524        0.0004667318
       56.2244900000        1.0000000000        1.0000000000       88.5526803013        0.0000000000        0.8869204367        0.1064304524        0.0000242687
       56.3265310000        1.0000000000        1.0000000000      132.5842170049        0.0000000000        0.8869204367        0.1064304524        0.0000001231
       56.4285710000        1.0000000000        1.0000000000      226.9500691819        0.0000000000        0.8869204367        0.1064304524        0.0000000000
       56.5306120000        1.0000000000        1.0000000000      477.5272419334        0.0000000000        0.8869204367        0.1064304524        0.0000000000
       56.6326530000        1.0000000000        1.0000000000     1153.9188863503        0.0000000000        0.8869204367        0.1064304524        0.0000000000
       56.7346940000        1.0000000000        1.0000000000     2519.0740522369        0.0000000000        0.8869204367        0.1064304524        0.0000000000
       56.8367350000        1.0000000000        1.0000000000     4109.0597046468        0.0000000000        0.8869204367        0.1064304524        0.0000000000
       56.9387760000        1.0000000000        1.0000000000     4638.3680143569        0.0000000000        0.8869204367        0.1064304524        0.0000000000
       57.0408160000        1.0000000000        1.0000000000     3608.6216493840        0.0000000000        0.8869204367        0.1064304524        0.0000000000
       57.1428570000        1.0000000000        1.0000000000     2029.4165489734        0.0000000000        0.8869204367        0.1064304524        0.0000000000
       57.2448980000        1.0000000000        1.0000000000      936.1801771370        0.0000000000        0.8869204367        0.1064304524        0.0000000000
       57.3469390000        1.0000000000        1.0000000000      443.8585382610        0.0000000000        0.8869204367        0.1064304524        0.0000000000
       57.4489800000        1.0000000000        1.0000000000      255.3570152885        0.0000000000        0.8869204367        0.1064304524        0.0000000000
       57.5510200000        1.0000000000        1.0000000000      173.9433922555        0.0000000000        0.8869204367        0.1064304524        0.0000000009
       57.6530610000        1.0000000000        1.0000000000      130.2324741731        0.0000000000        0.8869204367        0.1064304524        0.0000001633
       57.7551020000        1.0000000000        1.0000000000      103.0871940409        0.0000000000        0.8869204367        0.1064304524        0.0000042421
       57.8571430000        1.0000000000        1.0000000000       84.7729097702        0.0000000000        0.8869204367        0.1064304524        0.0000381972
       57.9591840000        1.0000000000        1.0000000000       71.7197618559        0.0000000000        0.8869204367        0.1064304524        0.0001829365
       58.0612240000        1.0000000000        1.0000000000       62.0311090715        0.0000000000        0.8869204367        0.1064304524        0.0005850969
       58.1632650000        1.0000000000        1.0000000000       54.6090342992        0.0000000000        0.8869204367        0.1064304524        0.0014257118
       58.2653060000        1.0000000000        1.0000000000       48.7781672193        0.0000000000        0.8869204367        0.1064304524        0.0028701813
       58.3673470000        1.0000000000        1.0000000000       44.1034584411        0.0000000000        0.8869204367        0.1064304524        0.0050295990
       58.4693880000        1.0000000000        1.0000000000       40.2977538384        0.0000000000        0.8869204367        0.1064304524        0.0079408857
       58.5714290000        1.0000000000        1.0000000000       37.1893124986        0.0000000000        0.8869204367        0.1064304524        0.0115309852
       58.6734690000        1.0000000000        1.0000000000       34.8162933211        0.0000000000        0.8869204367        0.1064304524        0.0153298220
       58.7755100000        1.0000000000        1.0000000000       33.7891005021        0.0000000000        0.8869204367        0.1064304524        0.0173408193
       58.8775510000        1.0000000000        1.0000000000       35.1809929531        0.0000000000        0.8869204367        0.1064304524        0.0146733970
       58.9795920000        1.0000000000        1.0000000000       37.9846541979        0.0000000000        0.8869204367        0.1064304524        0.0104813425
       59.0816330000        1.0000000000        1.0000000000       37.8461171721        0.0000000000        0.8869204367        0.1064304524        0.0106570455
       59.1836730000        1.0000000000        1.0000000000       33.2120982313        0.0000000000        0.8869204367        0.1064304524        0.0185840464
       59.2857140000        1.0000000000        1.0000000000       27.9984600103        0.0000000000        0.8869204367        0.1064304524        0.0347416786
       59.3877550000        1.0000000000        1.0000000000       24.8773812210        0.0000000000        0.8869204367        0.1064304524        0.0505250641
       59.4897960000        1.0000000000        1.0000000000       23.2900272637        0.0000000000        0.8869204367        0.1064304524        0.0611268985
       59.5918370000        1.0000000000        1.0000000000       22.2690916324        0.0000000000        0.8869204367        0.1064304524        0.0690937503
       59.6938780000        1.0000000000        1.0000000000       21.4456840929        0.0000000000        0.8869204367        0.1064304524        0.0762695051
       59.7959180000        1.0000000000        1.0000000000       20.7277004830        0.0000000000        0.8869204367        0.1064304524        0.0831321260
       59.8979590000        1.0000000000        1.0000000000       20.0864357059        0.0000000000        0.8869204367        0.1064304524        0.0897818639
       60.0000000000        1.0000000000        1.0000000000       19.5072449789        0.0000000000        0.8869204367        0.1064304524        0.0962439276
