       55.0000000000        1.0000000000        1.0000000000        7.1434767359        0.0000000000        0.8869204367        0.1064304524        0.4243412942
       55.1020410000        1.0000000000        1.0000000000        7.1921653225        0.0000000000        0.8869204367        0.1064304524        0.4218692535
       55.2040820000        1.0000000000        1.0000000000        7.2549254208        0.0000000000        0.8869204367        0.1064304524        0.4187040009
       55.3061220000        1.0000000000        1.0000000000        7.3389723863        0.0000000000        0.8869204367        0.1064304524        0.4145023287
       55.4081630000        1.0000000000        1.0000000000        7.4718796172        0.0000000000        0.8869204367        0.1064304524        0.4079439245
       55.5102040000        1.0000000000        1.0000000000        7.7639337588        0.0000000000        0.8869204367        0.1064304524        0.3938945477
       55.6122450000        1.0000000000        1.0000000000        8.4382370772        0.0000000000        0.8869204367        0.1064304524        0.3632774363
       55.7142860000        1.0000000000        1.0000000000        9.4297820129        0.0000000000        0.8869204367        0.1064304524        0.3225252531
       55.8163270000        1.0000000000        1.0000000000        9.9746315089        0.0000000000        0.8869204367        0.1064304524        0.3021125101
       55.9183670000        1.0000000000        1.0000000000        9.6578398275        0.0000000000        0.8869204367        0.1064304524        0.3138184079
       56.0204080000        1.0000000000        1.0000000000        9.2069463575        0.0000000000        0.8869204367        0.1064304524        0.3312660126
       56.1224490000        1.0000000000        1.0000000000        9.2214040045        0.0000000000        0.8869204367        0.1064304524        0.3306917916
       56.2244900000        1.0000000000        1.0000000000        9.6394088388        0.0000000000        0.8869204367        0.1064304524        0.3145132540
       56.3265310000        1.0000000000        1.0000000000       10.3102712597        0.0000000000        0.8869204367        0.1064304524        0.2901861831
       56.4285710000        1.0000000000        1.0000000000       11.2254351977        0.0000000000        0.8869204367        0.1064304524        0.2600055704
       56.5306120000        1.0000000000        1.0000000000       12.4634580266        0.0000000000        0.8869204367        0.1064304524        0.2241107425
       56.6326530000        1.0000000000        1.0000000000       14.1671373758        0.0000000000        0.8869204367        0.1064304524        0.1826732054
       56.7346940000        1.0000000000        1.0000000000       16.5741518697        0.0000000000        0.8869204367        0.1064304524        0.1368461161
       56.8367350000        1.0000000000        1.0000000000       20.0970553256        0.0000000000        0.8869204367        0.1064304524        0.0896675229
       56.9387760000        1.0000000000        1.0000000000       25.5068075475        0.0000000000        0.8869204367        0.1064304524        0.0468494080
       57.0408160000        1.0000000000        1.0000000000       34.4300191569        0.0000000000        0.8869204367        0.1064304524        0.0160571299
       57.1428570000        1.0000000000        1.0000000000       51.1840324907        0.0000000000        0.8869204367        0.1064304524        0.0021504377
       57.2448980000        1.0000000000        1.0000000000       91.3927307068        0.0000000000        0.8869204367        0.1064304524        0.0000172598
       57.3469390000        1.0000000000        1.0000000000      215.8772143900        0.0000000000        0.8869204367        0.1064304524        0.0000000000
       57.4489800000        1.0000000000        1.0000000000      586.7097756333        0.0000000000        0.8869204367        0.1064304524        0.0000000000
       57.5510200000        1.0000000000        1.0000000000     1353.8468408558        0.0000000000        0.8869204367        0.1064304524        0.0000000000
       57.6530610000        1.0000000000        1.0000000000     2210.6877979373        0.0000000000        0.8869204367        0.1064304524        0.0000000000
       57.7551020000        1.0000000000        1.0000000000     2394.4944495084        0.0000000000        0.8869204367        0.1064304524        0.0000000000
       57.8571430000        1.0000000000        1.0000000000     1717.1633724665        0.0000000000        0.8869204367        0.1064304524        0.0000000000
       57.9591840000        1.0000000000        1.0000000000      862.5126695619        0.0000000000        0.8869204367        0.1064304524        0.0000000000
       58.0612240000        1.0000000000        1.0000000000      356.8746607367        0.0000000000        0.8869204367        0.1064304524        0.0000000000
       58.1632650000        1.0000000000        1.0000000000      162.3561772772        0.0000000000        0.8869204367        0.1064304524        0.0000000035
       58.2653060000        1.0000000000        1.0000000000       96.0016111029        0.0000000000        0.8869204367        0.1064304524        0.0000099276
       58.3673470000        1.0000000000        1.0000000000       68.2314462523        0.0000000000        0.8869204367        0.1064304524        0.0002780322
       58.4693880000        1.0000000000        1.0000000000       53.1592003845        0.0000000000        0.8869204367        0.1064304524        0.0016966424
       58.5714290000        1.0000000000        1.0000000000       43.7147642129        0.0000000000        0.8869204367        0.1064304524        0.0052697534
       58.6734690000        1.0000000000        1.0000000000       37.5191474193        0.0000000000        0.8869204367        0.1064304524        0.0110835008
       58.7755100000        1.0000000000        1.0000000000       34.0915344547        0.0000000000        0.8869204367        0.1064304524        0.0167227680
       58.8775510000        1.0000000000        1.0000000000       33.9319534387        0.0000000000        0.8869204367        0.1064304524        0.0170460902
       58.9795920000        1.0000000000        1.0000000000       35.6961392652        0.0000000000        0.8869204367        0.1064304524        0.0137937911
       59.0816330000        1.0000000000        1.0000000000       34.8406193700        0.0000000000        0.8869204367        0.1064304524        0.0152851376
       59.1836730000        1.0000000000        1.0000000000       29.7331686147        0.0000000000        0.8869204367        0.1064304524        0.0282127794
       59.2857140000        1.0000000000        1.0000000000       24.2353821771        0.0000000000        0.8869204367        0.1064304524        0.0545713717
       59.3877550000        1.0000000000        1.0000000000       20.9539951796        0.0000000000        0.8869204367        0.1064304524        0.0809050187
       59.4897960000        1.0000000000        1.0000000000       19.2821615591        0.0000000000        0.8869204367        0.1064304524        0.0988789023
       59.5918370000        1.0000000000        1.0000000000       18.2276484670        0.0000000000        0.8869204367        0.1064304524        0.1122173329
       59.6938780000        1.0000000000        1.0000000000       17.4071389782        0.0000000000        0.8869204367        0.1064304524        0.1238286310
       59.7959180000        1.0000000000        1.0000000000       16.7182455362        0.0000000000        0.8869204367        0.1064304524        0.1345002173
       59.8979590000        1.0000000000        1.0000000000       16.1246403251        0.0000000000        0.8869204367        0.1064304524        0.1444305025
       60.0000000000        1.0000000000        1.0000000000       15.6060637132        0.0000000000        0.8869204367        0.1064304524        0.1537038399
