       55.0000000000        1.0000000000        1.0000000000        7.8989371288        0.0000000000        0.8869204367        0.1064304524        0.3875647081
       55.1020410000        1.0000000000        1.0000000000        8.1737652501        0.0000000000        0.8869204367        0.1064304524        0.3749915337
       55.2040820000        1.0000000000        1.0000000000        8.4913212966        0.0000000000        0.8869204367        0.1064304524        0.3609706754
       55.3061220000        1.0000000000        1.0000000000        8.8634676828        0.0000000000        0.8869204367        0.1064304524        0.3452052463
       55.4081630000        1.0000000000        1.0000000000        9.3236866340        0.0000000000        0.8869204367        0.1064304524        0.3266577161
       55.5102040000        1.0000000000        1.0000000000        9.9891213724        0.0000000000        0.8869204367        0.1064304524        0.3015876582
       55.6122450000        1.0000000000        1.0000000000       11.0864393000        0.0000000000        0.8869204367        0.1064304524        0.2643787048
       55.7142860000        1.0000000000        1.0000000000       12.5471197167        0.0000000000        0.8869204367        0.1064304524        0.2218720608
       55.8163270000        1.0000000000        1.0000000000       13.6147001578        0.0000000000        0.8869204367        0.1064304524        0.1951934777
       55.9183670000        1.0000000000        1.0000000000       13.9090135873        0.0000000000        0.8869204367        0.1064304524        0.1884200254
       56.0204080000        1.0000000000        1.0000000000       14.1880560391        0.0000000000        0.8869204367        0.1064304524        0.1822152270
       56.1224490000        1.0000000000        1.0000000000       15.0617121167        0.0000000000        0.8869204367        0.1064304524        0.1640792963
       56.2244900000        1.0000000000        1.0000000000       16.4836948158        0.0000000000        0.8869204367        0.1064304524        0.1383396511
       56.3265310000        1.0000000000        1.0000000000       18.3343280754        0.0000000000        0.8869204367        0.1064304524        0.1107899327
       56.4285710000        1.0000000000        1.0000000000       20.6473513350        0.0000000000        0.8869204367        0.1064304524        0.0839375541
       56.5306120000        1.0000000000        1.0000000000       23.5549905647        0.0000000000        0.8869204367        0.1064304524        0.0592139059
       56.6326530000        1.0000000000        1.0000000000       27.2684513594        0.0000000000        0.8869204367        0.1064304524        0.0379223677
       56.7346940000        1.0000000000        1.0000000000       32.1123179469        0.0000000000        0.8869204367        0.1064304524        0.0212058508
       56.8367350000        1.0000000000        1.0000000000       38.6052781348        0.0000000000        0.8869204367        0.1064304524        0.0097291049
       56.9387760000        1.0000000000        1.0000000000       47.6282399901        0.0000000000        0.8869204367        0.1064304524        0.0032948692
       57.0408160000        1.0000000000        1.0000000000       60.8136065692        0.0000000000        0.8869204367        0.1064304524        0.0006771398
       57.1428570000        1.0000000000        1.0000000000       81.6777726661        0.0000000000        0.8869204367        0.1064304524        0.0000553777
       57.2448980000        1.0000000000        1.0000000000      120.2295035359        0.0000000000        0.8869204367        0.1064304524        0.0000005422
       57.3469390000        1.0000000000        1.0000000000      213.6048894453        0.0000000000        0.8869204367        0.1064304524        0.0000000000
       57.4489800000        1.0000000000        1.0000000000      483.5083954024        0.0000000000        0.8869204367        0.1064304524        0.0000000000
       57.5510200000        1.0000000000        1.0000000000     1128.1137610120        0.0000000000        0.8869204367        0.1064304524        0.0000000000
       57.6530610000        1.0000000000        1.0000000000     2019.3818393994        0.0000000000        0.8869204367        0.1064304524        0.0000000000
       57.7551020000        1.0000000000        1.0000000000     2378.7338905021        0.0000000000        0.8869204367        0.1064304524        0.0000000000
       57.8571430000        1.0000000000        1.0000000000     1774.6884147524        0.0000000000        0.8869204367        0.1064304524        0.0000000000
       57.9591840000        1.0000000000        1.0000000000      911.0500165700        0.0000000000        0.8869204367        0.1064304524        0.0000000000
       58.0612240000        1.0000000000        1.0000000000      500.4245307860        0.0000000000        0.8869204367        0.1064304524        0.0000000000
       58.1632650000        1.0000000000        1.0000000000      682.4912499538        0.0000000000        0.8869204367        0.1064304524        0.0000000000
       58.2653060000        1.0000000000        1.0000000000     1595.7753827510        0.0000000000        0.8869204367        0.1064304524        0.0000000000
       58.3673470000        1.0000000000        1.0000000000     3260.4261410023        0.0000000000        0.8869204367        0.1064304524        0.0000000000
       58.4693880000        1.0000000000        1.0000000000     4666.0401505414        0.0000000000        0.8869204367        0.1064304524        0.0000000000
       58.5714290000        1.0000000000        1.0000000000     4422.0764418150        0.0000000000        0.8869204367        0.1064304524        0.0000000000
       58.6734690000        1.0000000000        1.0000000000     2855.6772240853        0.0000000000        0.8869204367        0.1064304524        0.0000000000
       58.7755100000        1.0000000000        1.0000000000     1418.6109934598        0.0000000000        0.8869204367        0.1064304524        0.0000000000
       58.8775510000        1.0000000000        1.0000000000      678.7551144186        0.0000000000        0.8869204367        0.1064304524        0.0000000000
       58.9795920000        1.0000000000        1.0000000000      385.8192984861        0.0000000000        0.8869204367        0.1064304524        0.0000000000
       59.0816330000        1.0000000000        1.0000000000      261.8713556958        0.0000000000        0.8869204367        0.1064304524        0.0000000000
       59.1836730000        1.0000000000        1.0000000000      193.8540178189        0.0000000000        0.8869204367        0.1064304524        0.0000000001
       59.2857140000        1.0000000000        1.0000000000      150.2372791381        0.0000000000        0.8869204367        0.1064304524        0.0000000148
       59.3877550000        1.0000000000        1.0000000000      121.4997167973        0.0000000000        0.8869204367        0.1064304524        0.0000004656
       59.4897960000        1.0000000000        1.0000000000      101.8846182955        0.0000000000        0.8869204367        0.1064304524        0.0000049006
       59.5918370000        1.0000000000        1.0000000000       87.6580435994        0.0000000000        0.8869204367        0.1064304524        0.0000270191
       59.6938780000        1.0000000000        1.0000000000       76.8351846924        0.0000000000        0.8869204367        0.1064304524        0.0000990167
       59.7959180000        1.0000000000        1.0000000000       68.3393906210        0.0000000000        0.8869204367        0.1064304524        0.0002744540
       59.8979590000        1.0000000000        1.0000000000       61.5152102430        0.0000000000        0.8869204367        0.1064304524        0.0006224637
       60.0000000000        1.0000000000        1.0000000000       55.9318023261        0.0000000000        0.8869204367        0.1064304524        0.0012164527
