       55.0000000000        1.0000000000        1.0000000000       20.0925061996        0.0000000000        0.8869204367        0.1064304524        0.0897164853
       55.1020410000        1.0000000000        1.0000000000       23.2042917077        0.0000000000        0.8869204367        0.1064304524        0.0617590346
       55.2040820000        1.0000000000        1.0000000000       27.2943914625        0.0000000000        0.8869204367        0.1064304524        0.0378045061
       55.3061220000        1.0000000000        1.0000000000       32.8223737208        0.0000000000        0.8869204367        0.1064304524        0.0194738090
       55.4081630000        1.0000000000        1.0000000000       40.5828573741        0.0000000000        0.8869204367        0.1064304524        0.0076738036
       55.5102040000        1.0000000000        1.0000000000       52.0826549233        0.0000000000        0.8869204367        0.1064304524        0.0019306113
       55.6122450000        1.0000000000        1.0000000000       70.3761379527        0.0000000000        0.8869204367        0.1064304524        0.0002149432
       55.7142860000        1.0000000000        1.0000000000      102.4096286235        0.0000000000        0.8869204367        0.1064304524        0.0000046014
       55.8163270000        1.0000000000        1.0000000000      170.9601415303        0.0000000000        0.8869204367        0.1064304524        0.0000000012
       55.9183670000        1.0000000000        1.0000000000      363.1971585543        0.0000000000        0.8869204367        0.1064304524        0.0000000000
       56.0204080000        1.0000000000        1.0000000000      907.3573590638        0.0000000000        0.8869204367        0.1064304524        0.0000000000
       56.1224490000        1.0000000000        1.0000000000     1967.0033233938        0.0000000000        0.8869204367        0.1064304524        0.0000000000
       56.2244900000        1.0000000000        1.0000000000     2945.3583518719        0.0000000000        0.8869204367        0.1064304524        0.0000000000
       56.3265310000        1.0000000000        1.0000000000     2791.5027883914        0.0000000000        0.8869204367        0.1064304524        0.0000000000
       56.4285710000        1.0000000000        1.0000000000     1681.4282523674        0.0000000000        0.8869204367        0.1064304524        0.0000000000
       56.5306120000        1.0000000000        1.0000000000      717.0662467412        0.0000000000        0.8869204367        0.1064304524        0.0000000000
       56.6326530000        1.0000000000        1.0000000000      297.8908726832        0.0000000000        0.8869204367        0.1064304524        0.0000000000
       56.7346940000        1.0000000000        1.0000000000      218.8857638239        0.0000000000        0.8869204367        0.1064304524        0.0000000000
       56.8367350000        1.0000000000        1.0000000000      381.0305378991        0.0000000000        0.8869204367        0.1064304524        0.0000000000
       56.9387760000        1.0000000000        1.0000000000      986.6106936455        0.0000000000        0.8869204367        0.1064304524        0.0000000000
       57.0408160000        1.0000000000        1.0000000000     2220.5321280380        0.0000000000        0.8869204367        0.1064304524        0.0000000000
       57.1428570000        1.0000000000        1.0000000000     3429.4931987941        0.0000000000        0.8869204367        0.1064304524        0.0000000000
       57.2448980000        1.0000000000        1.0000000000     3393.4602481303        0.0000000000        0.8869204367        0.1064304524        0.0000000000
       57.3469390000        1.0000000000        1.0000000000     2200.0208798917        0.0000000000        0.8869204367        0.1064304524        0.0000000000
       57.4489800000        1.0000000000        1.0000000000     1054.2359703108        0.0000000000        0.8869204367        0.1064304524        0.0000000000
       57.5510200000        1.0000000000        1.0000000000      477.2914818742        0.0000000000        0.8869204367        0.1064304524        0.0000000000
       57.6530610000        1.0000000000        1.0000000000      260.7084469864        0.0000000000        0.8869204367        0.1064304524        0.0000000000
       57.7551020000        1.0000000000        1.0000000000      174.7474456820        0.0000000000        0.8869204367        0.1064304524        0.0000000008
       57.8571430000        1.0000000000        1.0000000000      131.3650856546        0.0000000000        0.8869204367        0.1064304524        0.0000001425
       57.9591840000        1.0000000000        1.0000000000      105.0495651577        0.0000000000        0.8869204367        0.1064304524        0.0000033520
       58.0612240000        1.0000000000        1.0000000000       87.3716715655        0.0000000000        0.8869204367        0.1064304524        0.0000279638
       58.1632650000        1.0000000000        1.0000000000       74.7300945613        0.0000000000        0.8869204367        0.1064304524        0.0001274723
       58.2653060000        1.0000000000        1.0000000000       65.2847539322        0.0000000000        0.8869204367        0.1064304524        0.0003959706
       58.3673470000        1.0000000000        1.0000000000       57.9914312115        0.0000000000        0.8869204367        0.1064304524        0.0009500730
       58.4693880000        1.0000000000        1.0000000000       52.2183064041        0.0000000000        0.8869204367        0.1064304524        0.0018994389
       58.5714290000        1.0000000000        1.0000000000       47.5861679600        0.0000000000        0.8869204367        0.1064304524        0.0033115459
       58.6734690000        1.0000000000        1.0000000000       44.0012469315        0.0000000000        0.8869204367        0.1064304524        0.0050916689
       58.7755100000        1.0000000000        1.0000000000       41.9874489539        0.0000000000        0.8869204367        0.1064304524        0.0064835059
       58.8775510000        1.0000000000        1.0000000000       42.5689538407        0.0000000000        0.8869204367        0.1064304524        0.0060465074
       58.9795920000        1.0000000000        1.0000000000       44.7207054496        0.0000000000        0.8869204367        0.1064304524        0.0046705210
       59.0816330000        1.0000000000        1.0000000000       44.0613164496        0.0000000000        0.8869204367        0.1064304524        0.0050550983
       59.1836730000        1.0000000000        1.0000000000       38.9775106329        0.0000000000        0.8869204367        0.1064304524        0.0093040892
       59.2857140000        1.0000000000        1.0000000000       33.3477639968        0.0000000000        0.8869204367        0.1064304524        0.0182839495
       59.3877550000        1.0000000000        1.0000000000       29.8491969114        0.0000000000        0.8869204367        0.1064304524        0.0278226837
       59.4897960000        1.0000000000        1.0000000000       27.9297629986        0.0000000000        0.8869204367        0.1064304524        0.0350292602
       59.5918370000        1.0000000000        1.0000000000       26.6172919390        0.0000000000        0.8869204367        0.1064304524        0.0410044356
       59.6938780000        1.0000000000        1.0000000000       25.5355589967        0.0000000000        0.8869204367        0.1064304524        0.0466880480
       59.7959180000        1.0000000000        1.0000000000       24.5867449568        0.0000000000        0.8869204367        0.1064304524        0.0523182827
       59.8979590000        1.0000000000        1.0000000000       23.7378693503        0.0000000000        0.8869204367        0.1064304524        0.0579285849
       60.0000000000        1.0000000000        1.0000000000       22.9709464694        0.0000000000        0.8869204367        0.1064304524        0.0635128154
