       55.0000000000        1.0000000000        1.0000000000        8.3862490466        0.0000000000        0.8869204367        0.1064304524        0.3655508498
       55.1020410000        1.0000000000        1.0000000000        8.7618998950        0.0000000000        0.8869204367        0.1064304524        0.3494383990
       55.2040820000        1.0000000000        1.0000000000        9.2178509219        0.0000000000        0.8869204367        0.1064304524        0.3308328187
       55.3061220000        1.0000000000        1.0000000000        9.7784026648        0.0000000000        0.8869204367        0.1064304524        0.3093109121
       55.4081630000        1.0000000000        1.0000000000       10.4940719284        0.0000000000        0.8869204367        0.1064304524        0.2838558809
       55.5102040000        1.0000000000        1.0000000000       11.5056149205        0.0000000000        0.8869204367        0.1064304524        0.2514090989
       55.6122450000        1.0000000000        1.0000000000       13.0731040184        0.0000000000        0.8869204367        0.1064304524        0.2083007183
       55.7142860000        1.0000000000        1.0000000000       15.1758980964        0.0000000000        0.8869204367        0.1064304524        0.1618463628
       55.8163270000        1.0000000000        1.0000000000       17.1271676102        0.0000000000        0.8869204367        0.1064304524        0.1280595213
       55.9183670000        1.0000000000        1.0000000000       18.6488687366        0.0000000000        0.8869204367        0.1064304524        0.1066861163
       56.0204080000        1.0000000000        1.0000000000       20.6565823141        0.0000000000        0.8869204367        0.1064304524        0.0838446265
       56.1224490000        1.0000000000        1.0000000000       24.0131462266        0.0000000000        0.8869204367        0.1064304524        0.0560462774
       56.2244900000        1.0000000000        1.0000000000       29.0849930537        0.0000000000        0.8869204367        0.1064304524        0.0304947980
       56.3265310000        1.0000000000        1.0000000000       36.4666847443        0.0000000000        0.8869204367        0.1064304524        0.0125755331
       56.4285710000        1.0000000000        1.0000000000       47.5091785894        0.0000000000        0.8869204367        0.1064304524        0.0033422821
       56.5306120000        1.0000000000        1.0000000000       65.0163313931        0.0000000000        0.8869204367        0.1064304524        0.0004089328
       56.6326530000        1.0000000000        1.0000000000       95.5324283196        0.0000000000        0.8869204367        0.1064304524        0.0000105026
       56.7346940000        1.0000000000        1.0000000000      158.3916981491        0.0000000000        0.8869204367        0.1064304524        0.0000000056
       56.8367350000        1.0000000000        1.0000000000      322.5833555431        0.0000000000        0.8869204367        0.1064304524        0.0000000000
       56.9387760000        1.0000000000        1.0000000000      800.3907104074        0.0000000000        0.8869204367        0.1064304524        0.0000000000
       57.0408160000        1.0000000000        1.0000000000     1919.7241354006        0.0000000000        0.8869204367        0.1064304524        0.0000000000
       57.1428570000        1.0000000000        1.0000000000     3474.4736698819        0.0000000000        0.8869204367        0.1064304524        0.0000000000
       57.2448980000        1.0000000000        1.0000000000     4183.2749798420        0.0000000000        0.8869204367        0.1064304524        0.0000000000
       57.3469390000        1.0000000000        1.0000000000     3267.4501274640        0.0000000000        0.8869204367        0.1064304524        0.0000000000
       57.4489800000        1.0000000000        1.0000000000     1753.9799690095        0.0000000000        0.8869204367        0.1064304524        0.0000000000
       57.5510200000        1.0000000000        1.0000000000      764.2408022311        0.0000000000        0.8869204367        0.1064304524        0.0000000000
       57.6530610000        1.0000000000        1.0000000000      354.1578484770        0.0000000000        0.8869204367        0.1064304524        0.0000000000
       57.7551020000        1.0000000000        1.0000000000      204.7834023917        0.0000000000        0.8869204367        0.1064304524        0.0000000000
       57.8571430000        1.0000000000        1.0000000000      140.4420355698        0.0000000000        0.8869204367        0.1064304524        0.0000000480
       57.9591840000        1.0000000000        1.0000000000      105.6671468140        0.0000000000        0.8869204367        0.1064304524        0.0000031126
       58.0612240000        1.0000000000        1.0000000000       84.0304131831        0.0000000000        0.8869204367        0.1064304524        0.0000417567
       58.1632650000        1.0000000000        1.0000000000       69.4315490881        0.0000000000        0.8869204367        0.1064304524        0.0002407417
       58.2653060000        1.0000000000        1.0000000000       59.0304822668        0.0000000000        0.8869204367        0.1064304524        0.0008386997
       58.3673470000        1.0000000000        1.0000000000       51.3165124765        0.0000000000        0.8869204367        0.1064304524        0.0021165212
       58.4693880000        1.0000000000        1.0000000000       45.4203367691        0.0000000000        0.8869204367        0.1064304524        0.0042944130
       58.5714290000        1.0000000000        1.0000000000       40.8348322837        0.0000000000        0.8869204367        0.1064304524        0.0074452437
       58.6734690000        1.0000000000        1.0000000000       37.3952331998        0.0000000000        0.8869204367        0.1064304524        0.0112495406
       58.7755100000        1.0000000000        1.0000000000       35.5840669793        0.0000000000        0.8869204367        0.1064304524        0.0139805523
       58.8775510000        1.0000000000        1.0000000000       36.3906872688        0.0000000000        0.8869204367        0.1064304524        0.0126907427
       58.9795920000        1.0000000000        1.0000000000       38.7505956594        0.0000000000        0.8869204367        0.1064304524        0.0095609185
       59.0816330000        1.0000000000        1.0000000000       38.2712048711        0.0000000000        0.8869204367        0.1064304524        0.0101270564
       59.1836730000        1.0000000000        1.0000000000       33.3748909447        0.0000000000        0.8869204367        0.1064304524        0.0182245278
       59.2857140000        1.0000000000        1.0000000000       27.9596633589        0.0000000000        0.8869204367        0.1064304524        0.0349037990
       59.3877550000        1.0000000000        1.0000000000       24.6825871382        0.0000000000        0.8869204367        0.1064304524        0.0517200139
       59.4897960000        1.0000000000        1.0000000000       22.9735650385        0.0000000000        0.8869204367        0.1064304524        0.0634928610
       59.5918370000        1.0000000000        1.0000000000       21.8574752276        0.0000000000        0.8869204367        0.1064304524        0.0725922562
       59.6938780000        1.0000000000        1.0000000000       20.9597321179        0.0000000000        0.8869204367        0.1064304524        0.0808493402
       59.7959180000        1.0000000000        1.0000000000       20.1838725615        0.0000000000        0.8869204367        0.1064304524        0.0887382097
       59.8979590000        1.0000000000        1.0000000000       19.4978115297        0.0000000000        0.8869204367        0.1064304524        0.0963529388
       60.0000000000        1.0000000000        1.0000000000       18.8842714085        0.0000000000        0.8869204367        0.1064304524        0.1037145807
