       55.0000000000        1.0000000000        1.0000000000        7.6914044892        0.0000000000        0.8869204367        0.1064304524        0.3973377761
       55.1020410000        1.0000000000        1.0000000000        7.7404120573        0.0000000000        0.8869204367        0.1064304524        0.3950079266
       55.2040820000        1.0000000000        1.0000000000        7.8064996426        0.0000000000        0.8869204367        0.1064304524        0.3918877011
       55.3061220000        1.0000000000        1.0000000000        7.8987287642        0.0000000000        0.8869204367        0.1064304524        0.3875743988
       55.4081630000        1.0000000000        1.0000000000        8.0474203318        0.0000000000        0.8869204367        0.1064304524        0.3807202446
       55.5102040000        1.0000000000        1.0000000000        8.3671634581        0.0000000000        0.8869204367        0.1064304524        0.3663890196
       55.6122450000        1.0000000000        1.0000000000        9.0888373187        0.0000000000        0.8869204367        0.1064304524        0.3359945033
       55.7142860000        1.0000000000        1.0000000000       10.1611504743        0.0000000000        0.8869204367        0.1064304524        0.2954256572
       55.8163270000        1.0000000000        1.0000000000       10.8387463919        0.0000000000        0.8869204367        0.1064304524        0.2723548228
       55.9183670000        1.0000000000        1.0000000000       10.7311263588        0.0000000000        0.8869204367        0.1064304524        0.2758949331
       56.0204080000        1.0000000000        1.0000000000       10.6129111494        0.0000000000        0.8869204367        0.1064304524        0.2798366223
       56.1224490000        1.0000000000        1.0000000000       11.1770351720        0.0000000000        0.8869204367        0.1064304524        0.2615200774
       56.2244900000        1.0000000000        1.0000000000       12.5367722178        0.0000000000        0.8869204367        0.1064304524        0.2221477304
       56.3265310000        1.0000000000        1.0000000000       14.9012512364        0.0000000000        0.8869204367        0.1064304524        0.1672693071
       56.4285710000        1.0000000000        1.0000000000       19.1361633783        0.0000000000        0.8869204367        0.1064304524        0.1006265031
       56.5306120000        1.0000000000        1.0000000000       28.2593408547        0.0000000000        0.8869204367        0.1064304524        0.0336709139
       56.6326530000        1.0000000000        1.0000000000       55.9750250837        0.0000000000        0.8869204367        0.1064304524        0.0012101596
       56.7346940000        1.0000000000        1.0000000000      157.9444610713        0.0000000000        0.8869204367        0.1064304524        0.0000000059
       56.8367350000        1.0000000000        1.0000000000      452.7042965256        0.0000000000        0.8869204367        0.1064304524        0.0000000000
       56.9387760000        1.0000000000        1.0000000000      933.8668646243        0.0000000000        0.8869204367        0.1064304524        0.0000000000
       57.0408160000        1.0000000000        1.0000000000     1208.1355106105        0.0000000000        0.8869204367        0.1064304524        0.0000000000
       57.1428570000        1.0000000000        1.0000000000      952.0186106218        0.0000000000        0.8869204367        0.1064304524        0.0000000000
       57.2448980000        1.0000000000        1.0000000000      480.4730141600        0.0000000000        0.8869204367        0.1064304524        0.0000000000
       57.3469390000        1.0000000000        1.0000000000      184.5950755763        0.0000000000        0.8869204367        0.1064304524        0.0000000002
       57.4489800000        1.0000000000        1.0000000000       77.2244252446        0.0000000000        0.8869204367        0.1064304524        0.0000944981
       57.5510200000        1.0000000000        1.0000000000       44.9694642189        0.0000000000        0.8869204367        0.1064304524        0.0045331614
       57.6530610000        1.0000000000        1.0000000000       32.8137345580        0.0000000000        0.8869204367        0.1064304524        0.0194940079
       57.7551020000        1.0000000000        1.0000000000       26.4900671472        0.0000000000        0.8869204367        0.1064304524        0.0416352524
       57.8571430000        1.0000000000        1.0000000000       22.5763658027        0.0000000000        0.8869204367        0.1064304524        0.0665924616
       57.9591840000        1.0000000000        1.0000000000       19.9329582871        0.0000000000        0.8869204367        0.1064304524        0.0914507233
       58.0612240000        1.0000000000        1.0000000000       18.0445131339        0.0000000000        0.8869204367        0.1064304524        0.1147107455
       58.1632650000        1.0000000000        1.0000000000       16.6395009522        0.0000000000        0.8869204367        0.1064304524        0.1357771807
       58.2653060000        1.0000000000        1.0000000000       15.5623527700        0.0000000000        0.8869204367        0.1064304524        0.1545121828
       58.3673470000        1.0000000000        1.0000000000       14.7195875055        0.0000000000        0.8869204367        0.1064304524        0.1709557547
       58.4693880000        1.0000000000        1.0000000000       14.0570726701        0.0000000000        0.8869204367        0.1064304524        0.1851019138
       58.5714290000        1.0000000000        1.0000000000       13.5681480730        0.0000000000        0.8869204367        0.1064304524        0.1962869286
       58.6734690000        1.0000000000        1.0000000000       13.4132926983        0.0000000000        0.8869204367        0.1064304524        0.1999685602
       58.7755100000        1.0000000000        1.0000000000       14.2918809290        0.0000000000        0.8869204367        0.1064304524        0.1799590936
       58.8775510000        1.0000000000        1.0000000000       17.3120711807        0.0000000000        0.8869204367        0.1064304524        0.1252493734
       58.9795920000        1.0000000000        1.0000000000       21.4427682058        0.0000000000        0.8869204367        0.1064304524        0.0762961970
       59.0816330000        1.0000000000        1.0000000000       22.3654543445        0.0000000000        0.8869204367        0.1064304524        0.0682993847
       59.1836730000        1.0000000000        1.0000000000       18.6831408581        0.0000000000        0.8869204367        0.1064304524        0.1062482541
       59.2857140000        1.0000000000        1.0000000000       14.4022435749        0.0000000000        0.8869204367        0.1064304524        0.1775915144
       59.3877550000        1.0000000000        1.0000000000       12.1568469018        0.0000000000        0.8869204367        0.1064304524        0.2325100967
       59.4897960000        1.0000000000        1.0000000000       11.3516819100        0.0000000000        0.8869204367        0.1064304524        0.2560962755
       59.5918370000        1.0000000000        1.0000000000       11.0247121340        0.0000000000        0.8869204367        0.1064304524        0.2663442974
       59.6938780000        1.0000000000        1.0000000000       10.8225868644        0.0000000000        0.8869204367        0.1064304524        0.2728834703
       59.7959180000        1.0000000000        1.0000000000       10.6652632405        0.0000000000        0.8869204367        0.1064304524        0.2780841290
       59.8979590000        1.0000000000        1.0000000000       10.5328360491        0.0000000000        0.8869204367        0.1064304524        0.2825385363
       60.0000000000        1.0000000000        1.0000000000       10.4175139187        0.0000000000        0.8869204367        0.1064304524        0.2864756693
