       55.0000000000        1.0000000000        1.0000000000        7.1137745650        0.0000000000        0.8869204367        0.1064304524        0.4258564558
       55.1020410000        1.0000000000        1.0000000000        7.1976133680        0.0000000000        0.8869204367        0.1064304524        0.4215935401
       55.2040820000        1.0000000000        1.0000000000        7.3023447546        0.0000000000        0.8869204367        0.1064304524        0.4163282070
       55.3061220000        1.0000000000        1.0000000000        7.4367568842        0.0000000000        0.8869204367        0.1064304524        0.4096669256
       55.4081630000        1.0000000000        1.0000000000        7.6304989215        0.0000000000        0.8869204367        0.1064304524        0.4002524241
       55.5102040000        1.0000000000        1.0000000000        7.9964837463        0.0000000000        0.8869204367        0.1064304524        0.3830544819
       55.6122450000        1.0000000000        1.0000000000        8.7603288572        0.0000000000        0.8869204367        0.1064304524        0.3495042830
       55.7142860000        1.0000000000        1.0000000000        9.8588870815        0.0000000000        0.8869204367        0.1064304524        0.3063379270
       55.8163270000        1.0000000000        1.0000000000       10.5332322307        0.0000000000        0.8869204367        0.1064304524        0.2825251043
       55.9183670000        1.0000000000        1.0000000000       10.3802612668        0.0000000000        0.8869204367        0.1064304524        0.2877591734
       56.0204080000        1.0000000000        1.0000000000       10.1410099031        0.0000000000        0.8869204367        0.1064304524        0.2961405257
       56.1224490000        1.0000000000        1.0000000000       10.4283479462        0.0000000000        0.8869204367        0.1064304524        0.2861034691
       56.2244900000        1.0000000000        1.0000000000       11.2005278113        0.0000000000        0.8869204367        0.1064304524        0.2607838600
       56.3265310000        1.0000000000        1.0000000000       12.3393801309        0.0000000000        0.8869204367        0.1064304524        0.2274725708
       56.4285710000        1.0000000000        1.0000000000       13.8869540870        0.0000000000        0.8869204367        0.1064304524        0.1889194604
       56.5306120000        1.0000000000        1.0000000000       16.0025069159        0.0000000000        0.8869204367        0.1064304524        0.1465628650
       56.6326530000        1.0000000000        1.0000000000       18.9637556400        0.0000000000        0.8869204367        0.1064304524        0.1027300426
       56.7346940000        1.0000000000        1.0000000000       23.2477331793        0.0000000000        0.8869204367        0.1064304524        0.0614379239
       56.8367350000        1.0000000000        1.0000000000       29.7248844827        0.0000000000        0.8869204367        0.1064304524        0.0282408395
       56.9387760000        1.0000000000        1.0000000000       40.1423959882        0.0000000000        0.8869204367        0.1064304524        0.0080903158
       57.0408160000        1.0000000000        1.0000000000       58.6643492869        0.0000000000        0.8869204367        0.1064304524        0.0008763702
       57.1428570000        1.0000000000        1.0000000000       98.6806581566        0.0000000000        0.8869204367        0.1064304524        0.0000071982
       57.2448980000        1.0000000000        1.0000000000      213.4375023558        0.0000000000        0.8869204367        0.1064304524        0.0000000000
       57.3469390000        1.0000000000        1.0000000000      575.1719551996        0.0000000000        0.8869204367        0.1064304524        0.0000000000
       57.4489800000        1.0000000000        1.0000000000     1441.9805297101        0.0000000000        0.8869204367        0.1064304524        0.0000000000
       57.5510200000        1.0000000000        1.0000000000     2598.7732562733        0.0000000000        0.8869204367        0.1064304524        0.0000000000
       57.6530610000        1.0000000000        1.0000000000     3023.7945246017        0.0000000000        0.8869204367        0.1064304524        0.0000000000
       57.7551020000        1.0000000000        1.0000000000     2235.5874451121        0.0000000000        0.8869204367        0.1064304524        0.0000000000
       57.8571430000        1.0000000000        1.0000000000     1122.0867821187        0.0000000000        0.8869204367        0.1064304524        0.0000000000
       57.9591840000        1.0000000000        1.0000000000      460.2787756617        0.0000000000        0.8869204367        0.1064304524        0.0000000000
       58.0612240000        1.0000000000        1.0000000000      208.9705559271        0.0000000000        0.8869204367        0.1064304524        0.0000000000
       58.1632650000        1.0000000000        1.0000000000      122.8326105019        0.0000000000        0.8869204367        0.1064304524        0.0000003968
       58.2653060000        1.0000000000        1.0000000000       86.2520353420        0.0000000000        0.8869204367        0.1064304524        0.0000319850
       58.3673470000        1.0000000000        1.0000000000       66.3264794564        0.0000000000        0.8869204367        0.1064304524        0.0003494404
       58.4693880000        1.0000000000        1.0000000000       53.8274551166        0.0000000000        0.8869204367        0.1064304524        0.0015658999
       58.5714290000        1.0000000000        1.0000000000       45.3798201029        0.0000000000        0.8869204367        0.1064304524        0.0043153432
       58.6734690000        1.0000000000        1.0000000000       39.5690734876        0.0000000000        0.8869204367        0.1064304524        0.0086665125
       58.7755100000        1.0000000000        1.0000000000       36.2546238480        0.0000000000        0.8869204367        0.1064304524        0.0128996531
       58.8775510000        1.0000000000        1.0000000000       36.0845894346        0.0000000000        0.8869204367        0.1064304524        0.0131655629
       58.9795920000        1.0000000000        1.0000000000       37.7911965044        0.0000000000        0.8869204367        0.1064304524        0.0107275124
       59.0816330000        1.0000000000        1.0000000000       36.8642840591        0.0000000000        0.8869204367        0.1064304524        0.0119896190
       59.1836730000        1.0000000000        1.0000000000       31.6711835156        0.0000000000        0.8869204367        0.1064304524        0.0223586497
       59.2857140000        1.0000000000        1.0000000000       26.0728505295        0.0000000000        0.8869204367        0.1064304524        0.0437728261
       59.3877550000        1.0000000000        1.0000000000       22.6878547849        0.0000000000        0.8869204367        0.1064304524        0.0657074757
       59.4897960000        1.0000000000        1.0000000000       20.9183005967        0.0000000000        0.8869204367        0.1064304524        0.0812523064
       59.5918370000        1.0000000000        1.0000000000       19.7737764893        0.0000000000        0.8869204367        0.1064304524        0.0932143892
       59.6938780000        1.0000000000        1.0000000000       18.8704616235        0.0000000000        0.8869204367        0.1064304524        0.1038865963
       59.7959180000        1.0000000000        1.0000000000       18.1053492351        0.0000000000        0.8869204367        0.1064304524        0.1138763682
       59.8979590000        1.0000000000        1.0000000000       17.4415675207        0.0000000000        0.8869204367        0.1064304524        0.1233180976
       60.0000000000        1.0000000000        1.0000000000       16.8583452918        0.0000000000        0.8869204367        0.1064304524        0.1322579052
