       55.0000000000        1.0000000000        1.0000000000        6.9532758211        0.0000000000        0.8869204367        0.1064304524        0.4341378804
       55.1020410000        1.0000000000        1.0000000000        7.0082509440        0.0000000000        0.8869204367        0.1064304524        0.4312832926
       55.2040820000        1.0000000000        1.0000000000        7.0775048738        0.0000000000        0.8869204367        0.1064304524        0.4277139770
       55.3061220000        1.0000000000        1.0000000000        7.1681059088        0.0000000000        0.8869204367        0.1064304524        0.4230890047
       55.4081630000        1.0000000000        1.0000000000        7.3074325618        0.0000000000        0.8869204367        0.1064304524        0.4160741009
       55.5102040000        1.0000000000        1.0000000000        7.6054381019        0.0000000000        0.8869204367        0.1064304524        0.4014579143
       55.6122450000        1.0000000000        1.0000000000        8.2842143775        0.0000000000        0.8869204367        0.1064304524        0.3700542267
       55.7142860000        1.0000000000        1.0000000000        9.2765270264        0.0000000000        0.8869204367        0.1064304524        0.3285115627
       55.8163270000        1.0000000000        1.0000000000        9.8166973614        0.0000000000        0.8869204367        0.1064304524        0.3078927770
       55.9183670000        1.0000000000        1.0000000000        9.4900716265        0.0000000000        0.8869204367        0.1064304524        0.3202002828
       56.0204080000        1.0000000000        1.0000000000        9.0227495211        0.0000000000        0.8869204367        0.1064304524        0.3386697137
       56.1224490000        1.0000000000        1.0000000000        9.0086055855        0.0000000000        0.8869204367        0.1064304524        0.3392450165
       56.2244900000        1.0000000000        1.0000000000        9.3778852994        0.0000000000        0.8869204367        0.1064304524        0.3245400805
       56.3265310000        1.0000000000        1.0000000000        9.9689897628        0.0000000000        0.8869204367        0.1064304524        0.3023171124
       56.4285710000        1.0000000000        1.0000000000       10.7563106054        0.0000000000        0.8869204367        0.1064304524        0.2750624070
       56.5306120000        1.0000000000        1.0000000000       11.7903270874        0.0000000000        0.8869204367        0.1064304524        0.2429646668
       56.6326530000        1.0000000000        1.0000000000       13.1661008717        0.0000000000        0.8869204367        0.1064304524        0.2059890834
       56.7346940000        1.0000000000        1.0000000000       15.0366407294        0.0000000000        0.8869204367        0.1064304524        0.1645736831
       56.8367350000        1.0000000000        1.0000000000       17.6556087045        0.0000000000        0.8869204367        0.1064304524        0.1201910109
       56.9387760000        1.0000000000        1.0000000000       21.4706494027        0.0000000000        0.8869204367        0.1064304524        0.0760413560
       57.0408160000        1.0000000000        1.0000000000       27.3493004650        0.0000000000        0.8869204367        0.1064304524        0.0375562280
       57.1428570000        1.0000000000        1.0000000000       37.2938783564        0.0000000000        0.8869204367        0.1064304524        0.0113871995
       57.2448980000        1.0000000000        1.0000000000       57.7674596859        0.0000000000        0.8869204367        0.1064304524        0.0009759539
       57.3469390000        1.0000000000        1.0000000000      115.9387949389        0.0000000000        0.8869204367        0.1064304524        0.0000009074
       57.4489800000        1.0000000000        1.0000000000      304.5075360647        0.0000000000        0.8869204367        0.1064304524        0.0000000000
       57.5510200000        1.0000000000        1.0000000000      765.5706089512        0.0000000000        0.8869204367        0.1064304524        0.0000000000
       57.6530610000        1.0000000000        1.0000000000     1374.3785730248        0.0000000000        0.8869204367        0.1064304524        0.0000000000
       57.7551020000        1.0000000000        1.0000000000     1567.6086262357        0.0000000000        0.8869204367        0.1064304524        0.0000000000
       57.8571430000        1.0000000000        1.0000000000     1138.4959834378        0.0000000000        0.8869204367        0.1064304524        0.0000000000
       57.9591840000        1.0000000000        1.0000000000      684.6666388510        0.0000000000        0.8869204367        0.1064304524        0.0000000000
       58.0612240000        1.0000000000        1.0000000000      772.5256278544        0.0000000000        0.8869204367        0.1064304524        0.0000000000
       58.1632650000        1.0000000000        1.0000000000     1387.2698512034        0.0000000000        0.8869204367        0.1064304524        0.0000000000
       58.2653060000        1.0000000000        1.0000000000     1886.6587163333        0.0000000000        0.8869204367        0.1064304524        0.0000000000
       58.3673470000        1.0000000000        1.0000000000     1635.6291278170        0.0000000000        0.8869204367        0.1064304524        0.0000000000
       58.4693880000        1.0000000000        1.0000000000      929.6175929858        0.0000000000        0.8869204367        0.1064304524        0.0000000000
       58.5714290000        1.0000000000        1.0000000000      402.4185148807        0.0000000000        0.8869204367        0.1064304524        0.0000000000
       58.6734690000        1.0000000000        1.0000000000      179.8713437150        0.0000000000        0.8869204367        0.1064304524        0.0000000004
       58.7755100000        1.0000000000        1.0000000000      105.6478657839        0.0000000000        0.8869204367        0.1064304524        0.0000031198
       58.8775510000        1.0000000000        1.0000000000       78.9884507124        0.0000000000        0.8869204367        0.1064304524        0.0000764698
       58.9795920000        1.0000000000        1.0000000000       67.6105935843        0.0000000000        0.8869204367        0.1064304524        0.0002995374
       59.0816330000        1.0000000000        1.0000000000       58.9917595524        0.0000000000        0.8869204367        0.1064304524        0.0008426060
       59.1836730000        1.0000000000        1.0000000000       48.8032231652        0.0000000000        0.8869204367        0.1064304524        0.0028615645
       59.2857140000        1.0000000000        1.0000000000       39.7114626354        0.0000000000        0.8869204367        0.1064304524        0.0085196884
       59.3877550000        1.0000000000        1.0000000000       33.7802260700        0.0000000000        0.8869204367        0.1064304524        0.0173592959
       59.4897960000        1.0000000000        1.0000000000       30.1135289810        0.0000000000        0.8869204367        0.1064304524        0.0269540025
       59.5918370000        1.0000000000        1.0000000000       27.5233277630        0.0000000000        0.8869204367        0.1064304524        0.0367800636
       59.6938780000        1.0000000000        1.0000000000       25.4931896717        0.0000000000        0.8869204367        0.1064304524        0.0469260294
       59.7959180000        1.0000000000        1.0000000000       23.8324263980        0.0000000000        0.8869204367        0.1064304524        0.0572749933
       59.8979590000        1.0000000000        1.0000000000       22.4449101165        0.0000000000        0.8869204367        0.1064304524        0.0676512658
       60.0000000000        1.0000000000        1.0000000000       21.2685836942        0.0000000000        0.8869204367        0.1064304524        0.0779077345
