       55.0000000000        1.0000000000        1.0000000000        7.2437110495        0.0000000000        0.8869204367        0.1064304524        0.4192678404
       55.1020410000        1.0000000000        1.0000000000        7.2558618498        0.0000000000        0.8869204367        0.1064304524        0.4186569531
       55.2040820000        1.0000000000        1.0000000000        7.2747106627        0.0000000000        0.8869204367        0.1064304524        0.4177110809
       55.3061220000        1.0000000000        1.0000000000        7.3057703511        0.0000000000        0.8869204367        0.1064304524        0.4161571015
       55.4081630000        1.0000000000        1.0000000000        7.3743640952        0.0000000000        0.8869204367        0.1064304524        0.4127456681
       55.5102040000        1.0000000000        1.0000000000        7.5879524275        0.0000000000        0.8869204367        0.1064304524        0.4023011702
       55.6122450000        1.0000000000        1.0000000000        8.1671262387        0.0000000000        0.8869204367        0.1064304524        0.3752904015
       55.7142860000        1.0000000000        1.0000000000        9.0454608853        0.0000000000        0.8869204367        0.1064304524        0.3377479721
       55.8163270000        1.0000000000        1.0000000000        9.4540165080        0.0000000000        0.8869204367        0.1064304524        0.3215886672
       55.9183670000        1.0000000000        1.0000000000        8.9647252967        0.0000000000        0.8869204367        0.1064304524        0.3410360681
       56.0204080000        1.0000000000        1.0000000000        8.2907493291        0.0000000000        0.8869204367        0.1064304524        0.3697641461
       56.1224490000        1.0000000000        1.0000000000        8.0187043022        0.0000000000        0.8869204367        0.1064304524        0.3820344404
       56.2244900000        1.0000000000        1.0000000000        8.0678116667        0.0000000000        0.8869204367        0.1064304524        0.3797897761
       56.3265310000        1.0000000000        1.0000000000        8.2565272820        0.0000000000        0.8869204367        0.1064304524        0.3712857587
       56.4285710000        1.0000000000        1.0000000000        8.5294400871        0.0000000000        0.8869204367        0.1064304524        0.3593232742
       56.5306120000        1.0000000000        1.0000000000        8.8930307114        0.0000000000        0.8869204367        0.1064304524        0.3439827785
       56.6326530000        1.0000000000        1.0000000000        9.3748319680        0.0000000000        0.8869204367        0.1064304524        0.3246590137
       56.7346940000        1.0000000000        1.0000000000       10.0191426212        0.0000000000        0.8869204367        0.1064304524        0.3005031284
       56.8367350000        1.0000000000        1.0000000000       10.8944276157        0.0000000000        0.8869204367        0.1064304524        0.2705410831
       56.9387760000        1.0000000000        1.0000000000       12.1091334654        0.0000000000        0.8869204367        0.1064304524        0.2338451778
       57.0408160000        1.0000000000        1.0000000000       13.8424233893        0.0000000000        0.8869204367        0.1064304524        0.1899316883
       57.1428570000        1.0000000000        1.0000000000       16.4076669310        0.0000000000        0.8869204367        0.1064304524        0.1396075466
       57.2448980000        1.0000000000        1.0000000000       20.3971120090        0.0000000000        0.8869204367        0.1064304524        0.0864963173
       57.3469390000        1.0000000000        1.0000000000       27.0786870871        0.0000000000        0.8869204367        0.1064304524        0.0387958324
       57.4489800000        1.0000000000        1.0000000000       39.8839879828        0.0000000000        0.8869204367        0.1064304524        0.0083451182
       57.5510200000        1.0000000000        1.0000000000       71.7181166326        0.0000000000        0.8869204367        0.1064304524        0.0001829726
       57.6530610000        1.0000000000        1.0000000000      176.0153451852        0.0000000000        0.8869204367        0.1064304524        0.0000000007
       57.7551020000        1.0000000000        1.0000000000      502.7784884688        0.0000000000        0.8869204367        0.1064304524        0.0000000000
       57.8571430000        1.0000000000        1.0000000000     1182.4282586179        0.0000000000        0.8869204367        0.1064304524        0.0000000000
       57.9591840000        1.0000000000        1.0000000000     1866.7603478476        0.0000000000        0.8869204367        0.1064304524        0.0000000000
       58.0612240000        1.0000000000        1.0000000000     1845.4989664787        0.0000000000        0.8869204367        0.1064304524        0.0000000000
       58.1632650000        1.0000000000        1.0000000000     1156.1569411921        0.0000000000        0.8869204367        0.1064304524        0.0000000000
       58.2653060000        1.0000000000        1.0000000000      508.5689896776        0.0000000000        0.8869204367        0.1064304524        0.0000000000
       58.3673470000        1.0000000000        1.0000000000      201.6566631265        0.0000000000        0.8869204367        0.1064304524        0.0000000000
       58.4693880000        1.0000000000        1.0000000000       99.1915529619        0.0000000000        0.8869204367        0.1064304524        0.0000067702
       58.5714290000        1.0000000000        1.0000000000       63.9894392502        0.0000000000        0.8869204367        0.1064304524        0.0004625607
       58.6734690000        1.0000000000        1.0000000000       48.0971705567        0.0000000000        0.8869204367        0.1064304524        0.0031145816
       58.7755100000        1.0000000000        1.0000000000       40.0071165780        0.0000000000        0.8869204367        0.1064304524        0.0082227219
       58.8775510000        1.0000000000        1.0000000000       37.2864411292        0.0000000000        0.8869204367        0.1064304524        0.0113973668
       58.9795920000        1.0000000000        1.0000000000       37.5357418918        0.0000000000        0.8869204367        0.1064304524        0.0110614518
       59.0816330000        1.0000000000        1.0000000000       35.7371750912        0.0000000000        0.8869204367        0.1064304524        0.0137260333
       59.1836730000        1.0000000000        1.0000000000       30.0249594086        0.0000000000        0.8869204367        0.1064304524        0.0272420068
       59.2857140000        1.0000000000        1.0000000000       24.1332513267        0.0000000000        0.8869204367        0.1064304524        0.0552442974
       59.3877550000        1.0000000000        1.0000000000       20.5915549787        0.0000000000        0.8869204367        0.1064304524        0.0845014489
       59.4897960000        1.0000000000        1.0000000000       18.7459785233        0.0000000000        0.8869204367        0.1064304524        0.1054501001
       59.5918370000        1.0000000000        1.0000000000       17.5755649638        0.0000000000        0.8869204367        0.1064304524        0.1213510377
       59.6938780000        1.0000000000        1.0000000000       16.6787788478        0.0000000000        0.8869204367        0.1064304524        0.1351387215
       59.7959180000        1.0000000000        1.0000000000       15.9411658820        0.0000000000        0.8869204367        0.1064304524        0.1476456835
       59.8979590000        1.0000000000        1.0000000000       15.3182177662        0.0000000000        0.8869204367        0.1064304524        0.1591057614
       60.0000000000        1.0000000000        1.0000000000       14.7840363587        0.0000000000        0.8869204367        0.1064304524        0.1696387059
