       55.0000000000        1.0000000000        1.0000000000        7.0847331485        0.0000000000        0.8869204367        0.1064304524        0.4273431418
       55.1020410000        1.0000000000        1.0000000000        7.0829673453        0.0000000000        0.8869204367        0.1064304524        0.4274337038
       55.2040820000        1.0000000000        1.0000000000        7.0851460405        0.0000000000        0.8869204367        0.1064304524        0.4273219687
       55.3061220000        1.0000000000        1.0000000000        7.0961538312        0.0000000000        0.8869204367        0.1064304524        0.4267578768
       55.4081630000        1.0000000000        1.0000000000        7.1405049739        0.0000000000        0.8869204367        0.1064304524        0.4244926462
       55.5102040000        1.0000000000        1.0000000000        7.3246472019        0.0000000000        0.8869204367        0.1064304524        0.4152154801
       55.6122450000        1.0000000000        1.0000000000        7.8681120592        0.0000000000        0.8869204367        0.1064304524        0.3890009679
       55.7142860000        1.0000000000        1.0000000000        8.7035004740        0.0000000000        0.8869204367        0.1064304524        0.3518958398
       55.8163270000        1.0000000000        1.0000000000        9.0599845537        0.0000000000        0.8869204367        0.1064304524        0.3371598440
       55.9183670000        1.0000000000        1.0000000000        8.5057347920        0.0000000000        0.8869204367        0.1064304524        0.3603468731
       56.0204080000        1.0000000000        1.0000000000        7.7496037689        0.0000000000        0.8869204367        0.1064304524        0.3945724709
       56.1224490000        1.0000000000        1.0000000000        7.3738365176        0.0000000000        0.8869204367        0.1064304524        0.4127717996
       56.2244900000        1.0000000000        1.0000000000        7.2916134233        0.0000000000        0.8869204367        0.1064304524        0.4168646831
       56.3265310000        1.0000000000        1.0000000000        7.3124193943        0.0000000000        0.8869204367        0.1064304524        0.4158251884
       56.4285710000        1.0000000000        1.0000000000        7.3681029466        0.0000000000        0.8869204367        0.1064304524        0.4130558961
       56.5306120000        1.0000000000        1.0000000000        7.4469409024        0.0000000000        0.8869204367        0.1064304524        0.4091665847
       56.6326530000        1.0000000000        1.0000000000        7.5498730592        0.0000000000        0.8869204367        0.1064304524        0.4041437017
       56.7346940000        1.0000000000        1.0000000000        7.6812856741        0.0000000000        0.8869204367        0.1064304524        0.3978205396
       56.8367350000        1.0000000000        1.0000000000        7.8478783208        0.0000000000        0.8869204367        0.1064304524        0.3899466288
       56.9387760000        1.0000000000        1.0000000000        8.0589514719        0.0000000000        0.8869204367        0.1064304524        0.3801937923
       57.0408160000        1.0000000000        1.0000000000        8.3272299822        0.0000000000        0.8869204367        0.1064304524        0.3681489756
       57.1428570000        1.0000000000        1.0000000000        8.6702473930        0.0000000000        0.8869204367        0.1064304524        0.3533028396
       57.2448980000        1.0000000000        1.0000000000        9.1124971781        0.0000000000        0.8869204367        0.1064304524        0.3350419064
       57.3469390000        1.0000000000        1.0000000000        9.6888928779        0.0000000000        0.8869204367        0.1064304524        0.3126511817
       57.4489800000        1.0000000000        1.0000000000       10.4504094143        0.0000000000        0.8869204367        0.1064304524        0.2853470473
       57.5510200000        1.0000000000        1.0000000000       11.4736427717        0.0000000000        0.8869204367        0.1064304524        0.2523755224
       57.6530610000        1.0000000000        1.0000000000       12.8778253716        0.0000000000        0.8869204367        0.1064304524        0.2132395612
       57.7551020000        1.0000000000        1.0000000000       14.8565578191        0.0000000000        0.8869204367        0.1064304524        0.1681688175
       57.8571430000        1.0000000000        1.0000000000       17.7415816674        0.0000000000        0.8869204367        0.1064304524        0.1189574039
       57.9591840000        1.0000000000        1.0000000000       22.1423655890        0.0000000000        0.8869204367        0.1064304524        0.0701524975
       58.0612240000        1.0000000000        1.0000000000       29.2975226763        0.0000000000        0.8869204367        0.1064304524        0.0297269059
       58.1632650000        1.0000000000        1.0000000000       42.2453189074        0.0000000000        0.8869204367        0.1064304524        0.0062859502
       58.2653060000        1.0000000000        1.0000000000       71.3157148201        0.0000000000        0.8869204367        0.1064304524        0.0001920248
       58.3673470000        1.0000000000        1.0000000000      159.4231325290        0.0000000000        0.8869204367        0.1064304524        0.0000000049
       58.4693880000        1.0000000000        1.0000000000      445.1541263241        0.0000000000        0.8869204367        0.1064304524        0.0000000000
       58.5714290000        1.0000000000        1.0000000000     1124.8458264890        0.0000000000        0.8869204367        0.1064304524        0.0000000000
       58.6734690000        1.0000000000        1.0000000000     2002.5531656358        0.0000000000        0.8869204367        0.1064304524        0.0000000000
       58.7755100000        1.0000000000        1.0000000000     2282.7874214408        0.0000000000        0.8869204367        0.1064304524        0.0000000000
       58.8775510000        1.0000000000        1.0000000000     1650.7639772034        0.0000000000        0.8869204367        0.1064304524        0.0000000000
       58.9795920000        1.0000000000        1.0000000000      813.6487585568        0.0000000000        0.8869204367        0.1064304524        0.0000000000
       59.0816330000        1.0000000000        1.0000000000      333.9926200014        0.0000000000        0.8869204367        0.1064304524        0.0000000000
       59.1836730000        1.0000000000        1.0000000000      153.9714411184        0.0000000000        0.8869204367        0.1064304524        0.0000000095
       59.2857140000        1.0000000000        1.0000000000       90.6614498003        0.0000000000        0.8869204367        0.1064304524        0.0000188429
       59.3877550000        1.0000000000        1.0000000000       63.4545965239        0.0000000000        0.8869204367        0.1064304524        0.0004932218
       59.4897960000        1.0000000000        1.0000000000       49.0937290244        0.0000000000        0.8869204367        0.1064304524        0.0027635271
       59.5918370000        1.0000000000        1.0000000000       40.3063377191        0.0000000000        0.8869204367        0.1064304524        0.0079327103
       59.6938780000        1.0000000000        1.0000000000       34.3817938775        0.0000000000        0.8869204367        0.1064304524        0.0161503224
       59.7959180000        1.0000000000        1.0000000000       30.1366977537        0.0000000000        0.8869204367        0.1064304524        0.0268791676
       59.8979590000        1.0000000000        1.0000000000       26.9648279285        0.0000000000        0.8869204367        0.1064304524        0.0393295415
       60.0000000000        1.0000000000        1.0000000000       24.5187683912        0.0000000000        0.8869204367        0.1064304524        0.0527467982
