       55.0000000000        1.0000000000        1.0000000000        8.6300718571        0.0000000000        0.8869204367        0.1064304524        0.3550102478
       55.1020410000        1.0000000000        1.0000000000        9.0601568666        0.0000000000        0.8869204367        0.1064304524        0.3371528725
       55.2040820000        1.0000000000        1.0000000000        9.6005503338        0.0000000000        0.8869204367        0.1064304524        0.3159832605
       55.3061220000        1.0000000000        1.0000000000       10.2895627285        0.0000000000        0.8869204367        0.1064304524        0.2909081994
       55.4081630000        1.0000000000        1.0000000000       11.1989802014        0.0000000000        0.8869204367        0.1064304524        0.2608322955
       55.5102040000        1.0000000000        1.0000000000       12.5024918653        0.0000000000        0.8869204367        0.1064304524        0.2230634489
       55.6122450000        1.0000000000        1.0000000000       14.5125775668        0.0000000000        0.8869204367        0.1064304524        0.1752556861
       55.7142860000        1.0000000000        1.0000000000       17.2940819876        0.0000000000        0.8869204367        0.1064304524        0.1255200417
       55.8163270000        1.0000000000        1.0000000000       20.3051330923        0.0000000000        0.8869204367        0.1064304524        0.0874563059
       55.9183670000        1.0000000000        1.0000000000       23.5224520611        0.0000000000        0.8869204367        0.1064304524        0.0594455657
       56.0204080000        1.0000000000        1.0000000000       28.3420528894        0.0000000000        0.8869204367        0.1064304524        0.0333383682
       56.1224490000        1.0000000000        1.0000000000       36.6123894356        0.0000000000        0.8869204367        0.1064304524        0.0123575665
       56.2244900000        1.0000000000        1.0000000000       50.9542347727        0.0000000000        0.8869204367        0.1064304524        0.0022105627
       56.3265310000        1.0000000000        1.0000000000       78.4801509228        0.0000000000        0.8869204367        0.1064304524        0.0000812794
       56.4285710000        1.0000000000        1.0000000000      145.2967529288        0.0000000000        0.8869204367        0.1064304524        0.0000000268
       56.5306120000        1.0000000000        1.0000000000      350.5348806746        0.0000000000        0.8869204367        0.1064304524        0.0000000000
       56.6326530000        1.0000000000        1.0000000000      942.6230312518        0.0000000000        0.8869204367        0.1064304524        0.0000000000
       56.7346940000        1.0000000000        1.0000000000     2074.1852751016        0.0000000000        0.8869204367        0.1064304524        0.0000000000
       56.8367350000        1.0000000000        1.0000000000     3091.6360971479        0.0000000000        0.8869204367        0.1064304524        0.0000000000
       56.9387760000        1.0000000000        1.0000000000     2923.6481388247        0.0000000000        0.8869204367        0.1064304524        0.0000000000
       57.0408160000        1.0000000000        1.0000000000     1788.3744365551        0.0000000000        0.8869204367        0.1064304524        0.0000000000
       57.1428570000        1.0000000000        1.0000000000      795.8810305873        0.0000000000        0.8869204367        0.1064304524        0.0000000000
       57.2448980000        1.0000000000        1.0000000000      332.1619945560        0.0000000000        0.8869204367        0.1064304524        0.0000000000
       57.3469390000        1.0000000000        1.0000000000      170.4852190654        0.0000000000        0.8869204367        0.1064304524        0.0000000013
       57.4489800000        1.0000000000        1.0000000000      110.1635491037        0.0000000000        0.8869204367        0.1064304524        0.0000018146
       57.5510200000        1.0000000000        1.0000000000       80.9643786038        0.0000000000        0.8869204367        0.1064304524        0.0000603273
       57.6530610000        1.0000000000        1.0000000000       63.7951816391        0.0000000000        0.8869204367        0.1064304524        0.0004734701
       57.7551020000        1.0000000000        1.0000000000       52.5673279043        0.0000000000        0.8869204367        0.1064304524        0.0018215284
       57.8571430000        1.0000000000        1.0000000000       44.7300840357        0.0000000000        0.8869204367        0.1064304524        0.0046652676
       57.9591840000        1.0000000000        1.0000000000       39.0009051194        0.0000000000        0.8869204367        0.1064304524        0.0092780061
       58.0612240000        1.0000000000        1.0000000000       34.6627964587        0.0000000000        0.8869204367        0.1064304524        0.0156148081
       58.1632650000        1.0000000000        1.0000000000       31.2854999052        0.0000000000        0.8869204367        0.1064304524        0.0234177736
       58.2653060000        1.0000000000        1.0000000000       28.5972701693        0.0000000000        0.8869204367        0.1064304524        0.0323328215
       58.3673470000        1.0000000000        1.0000000000       26.4201964579        0.0000000000        0.8869204367        0.1064304524        0.0419858100
       58.4693880000        1.0000000000        1.0000000000       24.6381155590        0.0000000000        0.8869204367        0.1064304524        0.0519967602
       58.5714290000        1.0000000000        1.0000000000       23.1976225039        0.0000000000        0.8869204367        0.1064304524        0.0618084804
       58.6734690000        1.0000000000        1.0000000000       22.2224135855        0.0000000000        0.8869204367        0.1064304524        0.0694818557
       58.7755100000        1.0000000000        1.0000000000       22.3844488829        0.0000000000        0.8869204367        0.1064304524        0.0681438841
       58.8775510000        1.0000000000        1.0000000000       24.7860780305        0.0000000000        0.8869204367        0.1064304524        0.0510816798
       58.9795920000        1.0000000000        1.0000000000       28.4153303077        0.0000000000        0.8869204367        0.1064304524        0.0330464994
       59.0816330000        1.0000000000        1.0000000000       28.9419792728        0.0000000000        0.8869204367        0.1064304524        0.0310226557
       59.1836730000        1.0000000000        1.0000000000       24.8981931173        0.0000000000        0.8869204367        0.1064304524        0.0503990389
       59.2857140000        1.0000000000        1.0000000000       20.2507439141        0.0000000000        0.8869204367        0.1064304524        0.0880289739
       59.3877550000        1.0000000000        1.0000000000       17.6549205463        0.0000000000        0.8869204367        0.1064304524        0.1202009365
       59.4897960000        1.0000000000        1.0000000000       16.5348882893        0.0000000000        0.8869204367        0.1064304524        0.1374924057
       59.5918370000        1.0000000000        1.0000000000       15.9275637916        0.0000000000        0.8869204367        0.1064304524        0.1478868751
       59.6938780000        1.0000000000        1.0000000000       15.4733745626        0.0000000000        0.8869204367        0.1064304524        0.1561708080
       59.7959180000        1.0000000000        1.0000000000       15.0875125903        0.0000000000        0.8869204367        0.1064304524        0.1635720831
       59.8979590000        1.0000000000        1.0000000000       14.7466889442        0.0000000000        0.8869204367        0.1064304524        0.1704006801
       60.0000000000        1.0000000000        1.0000000000       14.4405116276        0.0000000000        0.8869204367        0.1064304524        0.1767778543
