       55.0000000000        1.0000000000        1.0000000000        7.2910399644        0.0000000000        0.8869204367        0.1064304524        0.4168933707
       55.1020410000        1.0000000000        1.0000000000        7.3532483511        0.0000000000        0.8869204367        0.1064304524        0.4137928461
       55.2040820000        1.0000000000        1.0000000000        7.4330500824        0.0000000000        0.8869204367        0.1064304524        0.4098491926
       55.3061220000        1.0000000000        1.0000000000        7.5387261874        0.0000000000        0.8869204367        0.1064304524        0.4046846559
       55.4081630000        1.0000000000        1.0000000000        7.6992927838        0.0000000000        0.8869204367        0.1064304524        0.3969618359
       55.5102040000        1.0000000000        1.0000000000        8.0270024092        0.0000000000        0.8869204367        0.1064304524        0.3816542102
       55.6122450000        1.0000000000        1.0000000000        8.7476392918        0.0000000000        0.8869204367        0.1064304524        0.3500368953
       55.7142860000        1.0000000000        1.0000000000        9.7998916736        0.0000000000        0.8869204367        0.1064304524        0.3085143255
       55.8163270000        1.0000000000        1.0000000000       10.4252384151        0.0000000000        0.8869204367        0.1064304524        0.2862102467
       55.9183670000        1.0000000000        1.0000000000       10.2167550351        0.0000000000        0.8869204367        0.1064304524        0.2934609775
       56.0204080000        1.0000000000        1.0000000000        9.9137697958        0.0000000000        0.8869204367        0.1064304524        0.3043270372
       56.1224490000        1.0000000000        1.0000000000       10.1335775730        0.0000000000        0.8869204367        0.1064304524        0.2964047652
       56.2244900000        1.0000000000        1.0000000000       10.8420914315        0.0000000000        0.8869204367        0.1064304524        0.2722455203
       56.3265310000        1.0000000000        1.0000000000       11.9336358176        0.0000000000        0.8869204367        0.1064304524        0.2388221137
       56.4285710000        1.0000000000        1.0000000000       13.4754130729        0.0000000000        0.8869204367        0.1064304524        0.1984834478
       56.5306120000        1.0000000000        1.0000000000       15.6798416331        0.0000000000        0.8869204367        0.1064304524        0.1523490520
       56.6326530000        1.0000000000        1.0000000000       18.9411270544        0.0000000000        0.8869204367        0.1064304524        0.1030093780
       56.7346940000        1.0000000000        1.0000000000       24.0101653920        0.0000000000        0.8869204367        0.1064304524        0.0560663288
       56.8367350000        1.0000000000        1.0000000000       32.4987693534        0.0000000000        0.8869204367        0.1064304524        0.0202449009
       56.9387760000        1.0000000000        1.0000000000       48.7716073873        0.0000000000        0.8869204367        0.1064304524        0.0028724416
       57.0408160000        1.0000000000        1.0000000000       89.0925699568        0.0000000000        0.8869204367        0.1064304524        0.0000227463
       57.1428570000        1.0000000000        1.0000000000      219.2874995945        0.0000000000        0.8869204367        0.1064304524        0.0000000000
       57.2448980000        1.0000000000        1.0000000000      617.8259075533        0.0000000000        0.8869204367        0.1064304524        0.0000000000
       57.3469390000        1.0000000000        1.0000000000     1423.4098414526        0.0000000000        0.8869204367        0.1064304524        0.0000000000
       57.4489800000        1.0000000000        1.0000000000     2199.2916053634        0.0000000000        0.8869204367        0.1064304524        0.0000000000
       57.5510200000        1.0000000000        1.0000000000     2130.5596194338        0.0000000000        0.8869204367        0.1064304524        0.0000000000
       57.6530610000        1.0000000000        1.0000000000     1313.8309488240        0.0000000000        0.8869204367        0.1064304524        0.0000000000
       57.7551020000        1.0000000000        1.0000000000      575.3731090788        0.0000000000        0.8869204367        0.1064304524        0.0000000000
       57.8571430000        1.0000000000        1.0000000000      231.1185254858        0.0000000000        0.8869204367        0.1064304524        0.0000000000
       57.9591840000        1.0000000000        1.0000000000      115.5079295873        0.0000000000        0.8869204367        0.1064304524        0.0000009556
       58.0612240000        1.0000000000        1.0000000000       74.6653912879        0.0000000000        0.8869204367        0.1064304524        0.0001284659
       58.1632650000        1.0000000000        1.0000000000       55.5130902538        0.0000000000        0.8869204367        0.1064304524        0.0012791355
       58.2653060000        1.0000000000        1.0000000000       44.3729424246        0.0000000000        0.8869204367        0.1064304524        0.0048695532
       58.3673470000        1.0000000000        1.0000000000       37.1211684744        0.0000000000        0.8869204367        0.1064304524        0.0116256639
       58.4693880000        1.0000000000        1.0000000000       32.0828981161        0.0000000000        0.8869204367        0.1064304524        0.0212808478
       58.5714290000        1.0000000000        1.0000000000       28.4549613032        0.0000000000        0.8869204367        0.1064304524        0.0328897126
       58.6734690000        1.0000000000        1.0000000000       25.9586822372        0.0000000000        0.8869204367        0.1064304524        0.0443766491
       58.7755100000        1.0000000000        1.0000000000       25.0340949171        0.0000000000        0.8869204367        0.1064304524        0.0495837862
       58.8775510000        1.0000000000        1.0000000000       26.6421377022        0.0000000000        0.8869204367        0.1064304524        0.0408823633
       58.9795920000        1.0000000000        1.0000000000       29.6805467688        0.0000000000        0.8869204367        0.1064304524        0.0283914961
       59.0816330000        1.0000000000        1.0000000000       29.7600636544        0.0000000000        0.8869204367        0.1064304524        0.0281218721
       59.1836730000        1.0000000000        1.0000000000       25.3750961445        0.0000000000        0.8869204367        0.1064304524        0.0475957629
       59.2857140000        1.0000000000        1.0000000000       20.4659113072        0.0000000000        0.8869204367        0.1064304524        0.0857851506
       59.3877550000        1.0000000000        1.0000000000       17.6674588247        0.0000000000        0.8869204367        0.1064304524        0.1200202190
       59.4897960000        1.0000000000        1.0000000000       16.3892024644        0.0000000000        0.8869204367        0.1064304524        0.1399172230
       59.5918370000        1.0000000000        1.0000000000       15.6576973466        0.0000000000        0.8869204367        0.1064304524        0.1527544297
       59.6938780000        1.0000000000        1.0000000000       15.1058135017        0.0000000000        0.8869204367        0.1064304524        0.1632132550
       59.7959180000        1.0000000000        1.0000000000       14.6430425401        0.0000000000        0.8869204367        0.1064304524        0.1725332850
       59.8979590000        1.0000000000        1.0000000000       14.2417395784        0.0000000000        0.8869204367        0.1064304524        0.1810451648
       60.0000000000        1.0000000000        1.0000000000       13.8881587147        0.0000000000        0.8869204367        0.1064304524        0.1888921530
