       55.0000000000        1.0000000000        1.0000000000        7.3636226685        0.0000000000        0.8869204367        0.1064304524        0.4132780284
       55.1020410000        1.0000000000        1.0000000000        7.3839455796        0.0000000000        0.8869204367        0.1064304524        0.4122713749
       55.2040820000        1.0000000000        1.0000000000        7.4130811612        0.0000000000        0.8869204367        0.1064304524        0.4108324798
       55.3061220000        1.0000000000        1.0000000000        7.4571549009        0.0000000000        0.8869204367        0.1064304524        0.4086653847
       55.4081630000        1.0000000000        1.0000000000        7.5423058910        0.0000000000        0.8869204367        0.1064304524        0.4045108551
       55.5102040000        1.0000000000        1.0000000000        7.7770839612        0.0000000000        0.8869204367        0.1064304524        0.3932734627
       55.6122450000        1.0000000000        1.0000000000        8.3835171083        0.0000000000        0.8869204367        0.1064304524        0.3656707089
       55.7142860000        1.0000000000        1.0000000000        9.2970824585        0.0000000000        0.8869204367        0.1064304524        0.3277022376
       55.8163270000        1.0000000000        1.0000000000        9.7515950320        0.0000000000        0.8869204367        0.1064304524        0.3103075415
       55.9183670000        1.0000000000        1.0000000000        9.3230420448        0.0000000000        0.8869204367        0.1064304524        0.3266829843
       56.0204080000        1.0000000000        1.0000000000        8.7302788669        0.0000000000        0.8869204367        0.1064304524        0.3507668701
       56.1224490000        1.0000000000        1.0000000000        8.5680553047        0.0000000000        0.8869204367        0.1064304524        0.3576620844
       56.2244900000        1.0000000000        1.0000000000        8.7676358473        0.0000000000        0.8869204367        0.1064304524        0.3491979584
       56.3265310000        1.0000000000        1.0000000000        9.1660104550        0.0000000000        0.8869204367        0.1064304524        0.3328972968
       56.4285710000        1.0000000000        1.0000000000        9.7369347176        0.0000000000        0.8869204367        0.1064304524        0.3108539267
       56.5306120000        1.0000000000        1.0000000000       10.5343809478        0.0000000000        0.8869204367        0.1064304524        0.2824861620
       56.6326530000        1.0000000000        1.0000000000       11.6664922142        0.0000000000        0.8869204367        0.1064304524        0.2466021263
       56.7346940000        1.0000000000        1.0000000000       13.3217461092        0.0000000000        0.8869204367        0.1064304524        0.2021774437
       56.8367350000        1.0000000000        1.0000000000       15.8443133543        0.0000000000        0.8869204367        0.1064304524        0.1493716770
       56.9387760000        1.0000000000        1.0000000000       19.9221500704        0.0000000000        0.8869204367        0.1064304524        0.0915694106
       57.0408160000        1.0000000000        1.0000000000       27.1838260374        0.0000000000        0.8869204367        0.1064304524        0.0383094329
       57.1428570000        1.0000000000        1.0000000000       42.9862942788        0.0000000000        0.8869204367        0.1064304524        0.0057511508
       57.2448980000        1.0000000000        1.0000000000       90.7906435313        0.0000000000        0.8869204367        0.1064304524        0.0000185530
       57.3469390000        1.0000000000        1.0000000000      258.1544709944        0.0000000000        0.8869204367        0.1064304524        0.0000000000
       57.4489800000        1.0000000000        1.0000000000      707.6224470405        0.0000000000        0.8869204367        0.1064304524        0.0000000000
       57.5510200000        1.0000000000        1.0000000000     1381.9949574119        0.0000000000        0.8869204367        0.1064304524        0.0000000000
       57.6530610000        1.0000000000        1.0000000000     1706.1878492103        0.0000000000        0.8869204367        0.1064304524        0.0000000000
       57.7551020000        1.0000000000        1.0000000000     1302.2550433036        0.0000000000        0.8869204367        0.1064304524        0.0000000000
       57.8571430000        1.0000000000        1.0000000000      650.0029762351        0.0000000000        0.8869204367        0.1064304524        0.0000000000
       57.9591840000        1.0000000000        1.0000000000      253.5143404779        0.0000000000        0.8869204367        0.1064304524        0.0000000000
       58.0612240000        1.0000000000        1.0000000000      108.5835888272        0.0000000000        0.8869204367        0.1064304524        0.0000021935
       58.1632650000        1.0000000000        1.0000000000       63.1536124470        0.0000000000        0.8869204367        0.1064304524        0.0005113616
       58.2653060000        1.0000000000        1.0000000000       45.2702833700        0.0000000000        0.8869204367        0.1064304524        0.0043724403
       58.3673470000        1.0000000000        1.0000000000       35.8064768672        0.0000000000        0.8869204367        0.1064304524        0.0136123580
       58.4693880000        1.0000000000        1.0000000000       29.9308671594        0.0000000000        0.8869204367        0.1064304524        0.0275513413
       58.5714290000        1.0000000000        1.0000000000       26.0050932857        0.0000000000        0.8869204367        0.1064304524        0.0441301881
       58.6734690000        1.0000000000        1.0000000000       23.4499880083        0.0000000000        0.8869204367        0.1064304524        0.0599647397
       58.7755100000        1.0000000000        1.0000000000       22.5773800561        0.0000000000        0.8869204367        0.1064304524        0.0665843571
       58.8775510000        1.0000000000        1.0000000000       24.2841176827        0.0000000000        0.8869204367        0.1064304524        0.0542531555
       58.9795920000        1.0000000000        1.0000000000       27.4281038039        0.0000000000        0.8869204367        0.1064304524        0.0372027552
       59.0816330000        1.0000000000        1.0000000000       27.6051227547        0.0000000000        0.8869204367        0.1064304524        0.0364208185
       59.1836730000        1.0000000000        1.0000000000       23.3211742163        0.0000000000        0.8869204367        0.1064304524        0.0608988550
       59.2857140000        1.0000000000        1.0000000000       18.5229588126        0.0000000000        0.8869204367        0.1064304524        0.1083102963
       59.3877550000        1.0000000000        1.0000000000       15.8354015253        0.0000000000        0.8869204367        0.1064304524        0.1495315034
       59.4897960000        1.0000000000        1.0000000000       14.6598126188        0.0000000000        0.8869204367        0.1064304524        0.1721864265
       59.5918370000        1.0000000000        1.0000000000       14.0217464719        0.0000000000        0.8869204367        0.1064304524        0.1858882529
       59.6938780000        1.0000000000        1.0000000000       13.5551960805        0.0000000000        0.8869204367        0.1064304524        0.1965922426
       59.7959180000        1.0000000000        1.0000000000       13.1706437834        0.0000000000        0.8869204367        0.1064304524        0.2058768192
       59.8979590000        1.0000000000        1.0000000000       12.8412037676        0.0000000000        0.8869204367        0.1064304524        0.2141787243
       60.0000000000        1.0000000000        1.0000000000       12.5537684198        0.0000000000        0.8869204367        0.1064304524        0.2216951120
