       55.0000000000        1.0000000000        1.0000000000       29.6461170028        0.0000000000        0.8869204367        0.1064304524        0.0285090402
       55.1020410000        1.0000000000        1.0000000000       32.7497148960        0.0000000000        0.8869204367        0.1064304524        0.0196443446
       55.2040820000        1.0000000000        1.0000000000       36.3822096179        0.0000000000        0.8869204367        0.1064304524        0.0127036598
       55.3061220000        1.0000000000        1.0000000000       40.6686130649        0.0000000000        0.8869204367        0.1064304524        0.0075952398
       55.4081630000        1.0000000000        1.0000000000       45.7907564287        0.0000000000        0.8869204367        0.1064304524        0.0041077051
       55.5102040000        1.0000000000        1.0000000000       52.0598501645        0.0000000000        0.8869204367        0.1064304524        0.0019359018
       55.6122450000        1.0000000000        1.0000000000       59.9467641075        0.0000000000        0.8869204367        0.1064304524        0.0007513705
       55.7142860000        1.0000000000        1.0000000000       69.6939510455        0.0000000000        0.8869204367        0.1064304524        0.0002332793
       55.8163270000        1.0000000000        1.0000000000       81.0300412349        0.0000000000        0.8869204367        0.1064304524        0.0000598538
       55.9183670000        1.0000000000        1.0000000000       94.3433492912        0.0000000000        0.8869204367        0.1064304524        0.0000121134
       56.0204080000        1.0000000000        1.0000000000      111.4573897292        0.0000000000        0.8869204367        0.1064304524        0.0000015537
       56.1224490000        1.0000000000        1.0000000000      134.5153854464        0.0000000000        0.8869204367        0.1064304524        0.0000000977
       56.2244900000        1.0000000000        1.0000000000      165.9029015853        0.0000000000        0.8869204367        0.1064304524        0.0000000023
       56.3265310000        1.0000000000        1.0000000000      209.6139194957        0.0000000000        0.8869204367        0.1064304524        0.0000000000
       56.4285710000        1.0000000000        1.0000000000      273.0594201465        0.0000000000        0.8869204367        0.1064304524        0.0000000000
       56.5306120000        1.0000000000        1.0000000000      371.0407524516        0.0000000000        0.8869204367        0.1064304524        0.0000000000
       56.6326530000        1.0000000000        1.0000000000      537.5668567931        0.0000000000        0.8869204367        0.1064304524        0.0000000000
       56.7346940000        1.0000000000        1.0000000000      862.8548153686        0.0000000000        0.8869204367        0.1064304524        0.0000000000
       56.8367350000        1.0000000000        1.0000000000     1574.9446810710        0.0000000000        0.8869204367        0.1064304524        0.0000000000
       56.9387760000        1.0000000000        1.0000000000     3012.3118348936        0.0000000000        0.8869204367        0.1064304524        0.0000000000
       57.0408160000        1.0000000000        1.0000000000     5013.8979772519        0.0000000000        0.8869204367        0.1064304524        0.0000000000
       57.1428570000        1.0000000000        1.0000000000     6284.8199865219        0.0000000000        0.8869204367        0.1064304524        0.0000000000
       57.2448980000        1.0000000000        1.0000000000     6055.9024369468        0.0000000000        0.8869204367        0.1064304524        0.0000000000
       57.3469390000        1.0000000000        1.0000000000     5775.2474295693        0.0000000000        0.8869204367        0.1064304524        0.0000000000
       57.4489800000        1.0000000000        1.0000000000     6270.9652665404        0.0000000000        0.8869204367        0.1064304524        0.0000000000
       57.5510200000        1.0000000000        1.0000000000     5992.6604579103        0.0000000000        0.8869204367        0.1064304524        0.0000000000
       57.6530610000        1.0000000000        1.0000000000     4302.8183137681        0.0000000000        0.8869204367        0.1064304524        0.0000000000
       57.7551020000        1.0000000000        1.0000000000     2482.1799784790        0.0000000000        0.8869204367        0.1064304524        0.0000000000
       57.8571430000        1.0000000000        1.0000000000     1375.9910515240        0.0000000000        0.8869204367        0.1064304524        0.0000000000
       57.9591840000        1.0000000000        1.0000000000      846.8864993087        0.0000000000        0.8869204367        0.1064304524        0.0000000000
       58.0612240000        1.0000000000        1.0000000000      587.2306994130        0.0000000000        0.8869204367        0.1064304524        0.0000000000
       58.1632650000        1.0000000000        1.0000000000      440.6108002855        0.0000000000        0.8869204367        0.1064304524        0.0000000000
       58.2653060000        1.0000000000        1.0000000000      347.3670129324        0.0000000000        0.8869204367        0.1064304524        0.0000000000
       58.3673470000        1.0000000000        1.0000000000      283.3542556629        0.0000000000        0.8869204367        0.1064304524        0.0000000000
       58.4693880000        1.0000000000        1.0000000000      237.0989045846        0.0000000000        0.8869204367        0.1064304524        0.0000000000
       58.5714290000        1.0000000000        1.0000000000      202.4172475630        0.0000000000        0.8869204367        0.1064304524        0.0000000000
       58.6734690000        1.0000000000        1.0000000000      175.8185584665        0.0000000000        0.8869204367        0.1064304524        0.0000000007
       58.7755100000        1.0000000000        1.0000000000      155.7174408121        0.0000000000        0.8869204367        0.1064304524        0.0000000077
       58.8775510000        1.0000000000        1.0000000000      141.8440605909        0.0000000000        0.8869204367        0.1064304524        0.0000000405
       58.9795920000        1.0000000000        1.0000000000      132.4460824504        0.0000000000        0.8869204367        0.1064304524        0.0000001252
       59.0816330000        1.0000000000        1.0000000000      122.5279662760        0.0000000000        0.8869204367        0.1064304524        0.0000004115
       59.1836730000        1.0000000000        1.0000000000      109.7027670049        0.0000000000        0.8869204367        0.1064304524        0.0000019178
       59.2857140000        1.0000000000        1.0000000000       97.3204574753        0.0000000000        0.8869204367        0.1064304524        0.0000084744
       59.3877550000        1.0000000000        1.0000000000       87.9382432787        0.0000000000        0.8869204367        0.1064304524        0.0000261257
       59.4897960000        1.0000000000        1.0000000000       80.9500210918        0.0000000000        0.8869204367        0.1064304524        0.0000604314
       59.5918370000        1.0000000000        1.0000000000       75.2609490059        0.0000000000        0.8869204367        0.1064304524        0.0001196052
       59.6938780000        1.0000000000        1.0000000000       70.3688927972        0.0000000000        0.8869204367        0.1064304524        0.0002151302
       59.7959180000        1.0000000000        1.0000000000       66.0769665853        0.0000000000        0.8869204367        0.1064304524        0.0003600614
       59.8979590000        1.0000000000        1.0000000000       62.2756782295        0.0000000000        0.8869204367        0.1064304524        0.0005681748
       60.0000000000        1.0000000000        1.0000000000       58.8865591126        0.0000000000        0.8869204367        0.1064304524        0.0008533105
