       55.0000000000        1.0000000000        1.0000000000        7.2297027462        0.0000000000        0.8869204367        0.1064304524        0.4199732209
       55.1020410000        1.0000000000        1.0000000000        7.3827737527        0.0000000000        0.8869204367        0.1064304524        0.4123293522
       55.2040820000        1.0000000000        1.0000000000        7.5652890489        0.0000000000        0.8869204367        0.1064304524        0.4033967597
       55.3061220000        1.0000000000        1.0000000000        7.7872429566        0.0000000000        0.8869204367        0.1064304524        0.3927943232
       55.4081630000        1.0000000000        1.0000000000        8.0797691457        0.0000000000        0.8869204367        0.1064304524        0.3792452075
       55.5102040000        1.0000000000        1.0000000000        8.5573739963        0.0000000000        0.8869204367        0.1064304524        0.3581208142
       55.6122450000        1.0000000000        1.0000000000        9.4458543288        0.0000000000        0.8869204367        0.1064304524        0.3219038053
       55.7142860000        1.0000000000        1.0000000000       10.6793961716        0.0000000000        0.8869204367        0.1064304524        0.2776129114
       55.8163270000        1.0000000000        1.0000000000       11.4993489796        0.0000000000        0.8869204367        0.1064304524        0.2515982078
       55.9183670000        1.0000000000        1.0000000000       11.5109655493        0.0000000000        0.8869204367        0.1064304524        0.2512477271
       56.0204080000        1.0000000000        1.0000000000       11.4604632706        0.0000000000        0.8869204367        0.1064304524        0.2527749802
       56.1224490000        1.0000000000        1.0000000000       11.9562763055        0.0000000000        0.8869204367        0.1064304524        0.2381741485
       56.2244900000        1.0000000000        1.0000000000       12.9492910544        0.0000000000        0.8869204367        0.1064304524        0.2114186630
       56.3265310000        1.0000000000        1.0000000000       14.3111348721        0.0000000000        0.8869204367        0.1064304524        0.1795437829
       56.4285710000        1.0000000000        1.0000000000       16.0632950148        0.0000000000        0.8869204367        0.1064304524        0.1454976416
       56.5306120000        1.0000000000        1.0000000000       18.3222348570        0.0000000000        0.8869204367        0.1064304524        0.1109508262
       56.6326530000        1.0000000000        1.0000000000       21.2775027441        0.0000000000        0.8869204367        0.1064304524        0.0778243956
       56.7346940000        1.0000000000        1.0000000000       25.2207659268        0.0000000000        0.8869204367        0.1064304524        0.0484854313
       56.8367350000        1.0000000000        1.0000000000       30.6137916656        0.0000000000        0.8869204367        0.1064304524        0.0253835234
       56.9387760000        1.0000000000        1.0000000000       38.2220345214        0.0000000000        0.8869204367        0.1064304524        0.0101869872
       57.0408160000        1.0000000000        1.0000000000       49.3930935521        0.0000000000        0.8869204367        0.1064304524        0.0026660129
       57.1428570000        1.0000000000        1.0000000000       66.7044244151        0.0000000000        0.8869204367        0.1064304524        0.0003339461
       57.2448980000        1.0000000000        1.0000000000       95.7767810415        0.0000000000        0.8869204367        0.1064304524        0.0000101991
       57.3469390000        1.0000000000        1.0000000000      151.9048402124        0.0000000000        0.8869204367        0.1064304524        0.0000000121
       57.4489800000        1.0000000000        1.0000000000      287.2590738217        0.0000000000        0.8869204367        0.1064304524        0.0000000000
       57.5510200000        1.0000000000        1.0000000000      672.0062837271        0.0000000000        0.8869204367        0.1064304524        0.0000000000
       57.6530610000        1.0000000000        1.0000000000     1640.5120002933        0.0000000000        0.8869204367        0.1064304524        0.0000000000
       57.7551020000        1.0000000000        1.0000000000     3222.1176154956        0.0000000000        0.8869204367        0.1064304524        0.0000000000
       57.8571430000        1.0000000000        1.0000000000     4364.0808406277        0.0000000000        0.8869204367        0.1064304524        0.0000000000
       57.9591840000        1.0000000000        1.0000000000     3876.5516973688        0.0000000000        0.8869204367        0.1064304524        0.0000000000
       58.0612240000        1.0000000000        1.0000000000     2329.5762075403        0.0000000000        0.8869204367        0.1064304524        0.0000000000
       58.1632650000        1.0000000000        1.0000000000     1077.0678315644        0.0000000000        0.8869204367        0.1064304524        0.0000000000
       58.2653060000        1.0000000000        1.0000000000      485.8968815862        0.0000000000        0.8869204367        0.1064304524        0.0000000000
       58.3673470000        1.0000000000        1.0000000000      263.6693928382        0.0000000000        0.8869204367        0.1064304524        0.0000000000
       58.4693880000        1.0000000000        1.0000000000      172.8832375966        0.0000000000        0.8869204367        0.1064304524        0.0000000010
       58.5714290000        1.0000000000        1.0000000000      126.7273894351        0.0000000000        0.8869204367        0.1064304524        0.0000002486
       58.6734690000        1.0000000000        1.0000000000       99.2900147520        0.0000000000        0.8869204367        0.1064304524        0.0000066906
       58.7755100000        1.0000000000        1.0000000000       82.2048698906        0.0000000000        0.8869204367        0.1064304524        0.0000519835
       58.8775510000        1.0000000000        1.0000000000       72.6814200948        0.0000000000        0.8869204367        0.1064304524        0.0001629984
       58.9795920000        1.0000000000        1.0000000000       67.8037087091        0.0000000000        0.8869204367        0.1064304524        0.0002926758
       59.0816330000        1.0000000000        1.0000000000       62.1139162245        0.0000000000        0.8869204367        0.1064304524        0.0005793117
       59.1836730000        1.0000000000        1.0000000000       53.2958216935        0.0000000000        0.8869204367        0.1064304524        0.0016690535
       59.2857140000        1.0000000000        1.0000000000       44.7918451514        0.0000000000        0.8869204367        0.1064304524        0.0046308195
       59.3877550000        1.0000000000        1.0000000000       39.0469464609        0.0000000000        0.8869204367        0.1064304524        0.0092268868
       59.4897960000        1.0000000000        1.0000000000       35.3622250295        0.0000000000        0.8869204367        0.1064304524        0.0143577272
       59.5918370000        1.0000000000        1.0000000000       32.6487438476        0.0000000000        0.8869204367        0.1064304524        0.0198838137
       59.6938780000        1.0000000000        1.0000000000       30.4417882381        0.0000000000        0.8869204367        0.1064304524        0.0259128942
       59.7959180000        1.0000000000        1.0000000000       28.5795156952        0.0000000000        0.8869204367        0.1064304524        0.0324017812
       59.8979590000        1.0000000000        1.0000000000       26.9822582382        0.0000000000        0.8869204367        0.1064304524        0.0392473643
       60.0000000000        1.0000000000        1.0000000000       25.5973266506        0.0000000000        0.8869204367        0.1064304524        0.0463432700
