       55.0000000000        1.0000000000        1.0000000000        8.4033294397        0.0000000000        0.8869204367        0.1064304524        0.3648023668
       55.1020410000        1.0000000000        1.0000000000        8.7348573681        0.0000000000        0.8869204367        0.1064304524        0.3505742046
       55.2040820000        1.0000000000        1.0000000000        9.1771338235        0.0000000000        0.8869204367        0.1064304524        0.3324532405
       55.3061220000        1.0000000000        1.0000000000        9.7796282203        0.0000000000        0.8869204367        0.1064304524        0.3092654262
       55.4081630000        1.0000000000        1.0000000000       10.6363336194        0.0000000000        0.8869204367        0.1064304524        0.2790511908
       55.5102040000        1.0000000000        1.0000000000       11.9654537298        0.0000000000        0.8869204367        0.1064304524        0.2379119938
       55.6122450000        1.0000000000        1.0000000000       14.1720046504        0.0000000000        0.8869204367        0.1064304524        0.1825665421
       55.7142860000        1.0000000000        1.0000000000       17.5179311950        0.0000000000        0.8869204367        0.1064304524        0.1221932167
       55.8163270000        1.0000000000        1.0000000000       21.9035593481        0.0000000000        0.8869204367        0.1064304524        0.0721919221
       55.9183670000        1.0000000000        1.0000000000       28.4754949385        0.0000000000        0.8869204367        0.1064304524        0.0328087709
       56.0204080000        1.0000000000        1.0000000000       42.9649523355        0.0000000000        0.8869204367        0.1064304524        0.0057658985
       56.1224490000        1.0000000000        1.0000000000       87.9808334112        0.0000000000        0.8869204367        0.1064304524        0.0000259926
       56.2244900000        1.0000000000        1.0000000000      248.5798670208        0.0000000000        0.8869204367        0.1064304524        0.0000000000
       56.3265310000        1.0000000000        1.0000000000      694.6717903166        0.0000000000        0.8869204367        0.1064304524        0.0000000000
       56.4285710000        1.0000000000        1.0000000000     1391.7005989794        0.0000000000        0.8869204367        0.1064304524        0.0000000000
       56.5306120000        1.0000000000        1.0000000000     1753.6027998223        0.0000000000        0.8869204367        0.1064304524        0.0000000000
       56.6326530000        1.0000000000        1.0000000000     1353.4338519725        0.0000000000        0.8869204367        0.1064304524        0.0000000000
       56.7346940000        1.0000000000        1.0000000000      676.2254543599        0.0000000000        0.8869204367        0.1064304524        0.0000000000
       56.8367350000        1.0000000000        1.0000000000      261.8366973678        0.0000000000        0.8869204367        0.1064304524        0.0000000000
       56.9387760000        1.0000000000        1.0000000000      111.3027142463        0.0000000000        0.8869204367        0.1064304524        0.0000015828
       57.0408160000        1.0000000000        1.0000000000       64.5185540947        0.0000000000        0.8869204367        0.1064304524        0.0004341040
       57.1428570000        1.0000000000        1.0000000000       46.1378115095        0.0000000000        0.8869204367        0.1064304524        0.0039401465
       57.2448980000        1.0000000000        1.0000000000       36.4016164303        0.0000000000        0.8869204367        0.1064304524        0.0126741097
       57.3469390000        1.0000000000        1.0000000000       30.3436500216        0.0000000000        0.8869204367        0.1064304524        0.0262198636
       57.4489800000        1.0000000000        1.0000000000       26.2426176968        0.0000000000        0.8869204367        0.1064304524        0.0428901054
       57.5510200000        1.0000000000        1.0000000000       23.3081188468        0.0000000000        0.8869204367        0.1064304524        0.0609943366
       57.6530610000        1.0000000000        1.0000000000       21.1205099915        0.0000000000        0.8869204367        0.1064304524        0.0793044371
       57.7551020000        1.0000000000        1.0000000000       19.4370600313        0.0000000000        0.8869204367        0.1064304524        0.0970579357
       57.8571430000        1.0000000000        1.0000000000       18.1082753145        0.0000000000        0.8869204367        0.1064304524        0.1138363899
       57.9591840000        1.0000000000        1.0000000000       17.0375601954        0.0000000000        0.8869204367        0.1064304524        0.1294439612
       58.0612240000        1.0000000000        1.0000000000       16.1601376785        0.0000000000        0.8869204367        0.1064304524        0.1438165829
       58.1632650000        1.0000000000        1.0000000000       15.4313752345        0.0000000000        0.8869204367        0.1064304524        0.1569598831
       58.2653060000        1.0000000000        1.0000000000       14.8202685420        0.0000000000        0.8869204367        0.1064304524        0.1689027413
       58.3673470000        1.0000000000        1.0000000000       14.3061004452        0.0000000000        0.8869204367        0.1064304524        0.1796522837
       58.4693880000        1.0000000000        1.0000000000       13.8793144370        0.0000000000        0.8869204367        0.1064304524        0.1890927332
       58.5714290000        1.0000000000        1.0000000000       13.5615745359        0.0000000000        0.8869204367        0.1064304524        0.1964418256
       58.6734690000        1.0000000000        1.0000000000       13.5318177945        0.0000000000        0.8869204367        0.1064304524        0.1971445357
       58.7755100000        1.0000000000        1.0000000000       14.5019496553        0.0000000000        0.8869204367        0.1064304524        0.1754793409
       58.8775510000        1.0000000000        1.0000000000       17.5903857005        0.0000000000        0.8869204367        0.1064304524        0.1211354081
       58.9795920000        1.0000000000        1.0000000000       21.7758041631        0.0000000000        0.8869204367        0.1064304524        0.0733071963
       59.0816330000        1.0000000000        1.0000000000       22.7441788702        0.0000000000        0.8869204367        0.1064304524        0.0652648636
       59.1836730000        1.0000000000        1.0000000000       19.0954054398        0.0000000000        0.8869204367        0.1064304524        0.1011198681
       59.2857140000        1.0000000000        1.0000000000       14.8350550764        0.0000000000        0.8869204367        0.1064304524        0.1686033087
       59.3877550000        1.0000000000        1.0000000000       12.6019249587        0.0000000000        0.8869204367        0.1064304524        0.2204176783
       59.4897960000        1.0000000000        1.0000000000       11.8046611090        0.0000000000        0.8869204367        0.1064304524        0.2425471067
       59.5918370000        1.0000000000        1.0000000000       11.4825996894        0.0000000000        0.8869204367        0.1064304524        0.2521044073
       59.6938780000        1.0000000000        1.0000000000       11.2829192335        0.0000000000        0.8869204367        0.1064304524        0.2582182018
       59.7959180000        1.0000000000        1.0000000000       11.1260210606        0.0000000000        0.8869204367        0.1064304524        0.2631259334
       59.8979590000        1.0000000000        1.0000000000       10.9924033351        0.0000000000        0.8869204367        0.1064304524        0.2673789335
       60.0000000000        1.0000000000        1.0000000000       10.8746142079        0.0000000000        0.8869204367        0.1064304524        0.2711850893
