       55.0000000000        1.0000000000        1.0000000000        7.5978743999        0.0000000000        0.8869204367        0.1064304524        0.4018224607
       55.1020410000        1.0000000000        1.0000000000        7.7759442238        0.0000000000        0.8869204367        0.1064304524        0.3933272538
       55.2040820000        1.0000000000        1.0000000000        7.9979045502        0.0000000000        0.8869204367        0.1064304524        0.3829891780
       55.3061220000        1.0000000000        1.0000000000        8.2795096385        0.0000000000        0.8869204367        0.1064304524        0.3702632068
       55.4081630000        1.0000000000        1.0000000000        8.6600452938        0.0000000000        0.8869204367        0.1064304524        0.3537356362
       55.5102040000        1.0000000000        1.0000000000        9.2657901256        0.0000000000        0.8869204367        0.1064304524        0.3289350990
       55.6122450000        1.0000000000        1.0000000000       10.3403636924        0.0000000000        0.8869204367        0.1064304524        0.2891401839
       55.7142860000        1.0000000000        1.0000000000       11.8452507789        0.0000000000        0.8869204367        0.1064304524        0.2413685903
       55.8163270000        1.0000000000        1.0000000000       13.0616315129        0.0000000000        0.8869204367        0.1064304524        0.2085876835
       55.9183670000        1.0000000000        1.0000000000       13.6532836904        0.0000000000        0.8869204367        0.1064304524        0.1942918162
       56.0204080000        1.0000000000        1.0000000000       14.4639405769        0.0000000000        0.8869204367        0.1064304524        0.1762815459
       56.1224490000        1.0000000000        1.0000000000       16.2723666831        0.0000000000        0.8869204367        0.1064304524        0.1418927197
       56.2244900000        1.0000000000        1.0000000000       19.3294965774        0.0000000000        0.8869204367        0.1064304524        0.0983188422
       56.3265310000        1.0000000000        1.0000000000       24.0824210120        0.0000000000        0.8869204367        0.1064304524        0.0555822973
       56.4285710000        1.0000000000        1.0000000000       31.8161686466        0.0000000000        0.8869204367        0.1064304524        0.0219730135
       56.5306120000        1.0000000000        1.0000000000       46.2950347541        0.0000000000        0.8869204367        0.1064304524        0.0038665054
       56.6326530000        1.0000000000        1.0000000000       82.2468061774        0.0000000000        0.8869204367        0.1064304524        0.0000517225
       56.7346940000        1.0000000000        1.0000000000      195.3627768332        0.0000000000        0.8869204367        0.1064304524        0.0000000001
       56.8367350000        1.0000000000        1.0000000000      503.0781284264        0.0000000000        0.8869204367        0.1064304524        0.0000000000
       56.9387760000        1.0000000000        1.0000000000     1014.2680976896        0.0000000000        0.8869204367        0.1064304524        0.0000000000
       57.0408160000        1.0000000000        1.0000000000     1419.7875728280        0.0000000000        0.8869204367        0.1064304524        0.0000000000
       57.1428570000        1.0000000000        1.0000000000     1577.9874368257        0.0000000000        0.8869204367        0.1064304524        0.0000000000
       57.2448980000        1.0000000000        1.0000000000     1819.7423298444        0.0000000000        0.8869204367        0.1064304524        0.0000000000
       57.3469390000        1.0000000000        1.0000000000     1979.9387269056        0.0000000000        0.8869204367        0.1064304524        0.0000000000
       57.4489800000        1.0000000000        1.0000000000     1553.4658867040        0.0000000000        0.8869204367        0.1064304524        0.0000000000
       57.5510200000        1.0000000000        1.0000000000      831.4070634572        0.0000000000        0.8869204367        0.1064304524        0.0000000000
       57.6530610000        1.0000000000        1.0000000000      352.3373097979        0.0000000000        0.8869204367        0.1064304524        0.0000000000
       57.7551020000        1.0000000000        1.0000000000      161.5744525593        0.0000000000        0.8869204367        0.1064304524        0.0000000038
       57.8571430000        1.0000000000        1.0000000000       96.7915461624        0.0000000000        0.8869204367        0.1064304524        0.0000090298
       57.9591840000        1.0000000000        1.0000000000       69.7564052663        0.0000000000        0.8869204367        0.1064304524        0.0002315375
       58.0612240000        1.0000000000        1.0000000000       54.9238289476        0.0000000000        0.8869204367        0.1064304524        0.0013728595
       58.1632650000        1.0000000000        1.0000000000       45.4583934517        0.0000000000        0.8869204367        0.1064304524        0.0042748459
       58.2653060000        1.0000000000        1.0000000000       38.9211416275        0.0000000000        0.8869204367        0.1064304524        0.0093672380
       58.3673470000        1.0000000000        1.0000000000       34.1702767176        0.0000000000        0.8869204367        0.1064304524        0.0165654976
       58.4693880000        1.0000000000        1.0000000000       30.5936949612        0.0000000000        0.8869204367        0.1064304524        0.0254448123
       58.5714290000        1.0000000000        1.0000000000       27.8600815238        0.0000000000        0.8869204367        0.1064304524        0.0353233951
       58.6734690000        1.0000000000        1.0000000000       25.9273757521        0.0000000000        0.8869204367        0.1064304524        0.0445436759
       58.7755100000        1.0000000000        1.0000000000       25.3639925862        0.0000000000        0.8869204367        0.1064304524        0.0476592230
       58.8775510000        1.0000000000        1.0000000000       27.2071616277        0.0000000000        0.8869204367        0.1064304524        0.0382023061
       58.9795920000        1.0000000000        1.0000000000       30.4048858399        0.0000000000        0.8869204367        0.1064304524        0.0260278984
       59.0816330000        1.0000000000        1.0000000000       30.5959368042        0.0000000000        0.8869204367        0.1064304524        0.0254379680
       59.1836730000        1.0000000000        1.0000000000       26.2820976746        0.0000000000        0.8869204367        0.1064304524        0.0426873899
       59.2857140000        1.0000000000        1.0000000000       21.4098503452        0.0000000000        0.8869204367        0.1064304524        0.0765981739
       59.3877550000        1.0000000000        1.0000000000       18.6267109384        0.0000000000        0.8869204367        0.1064304524        0.1069701653
       59.4897960000        1.0000000000        1.0000000000       17.3517406225        0.0000000000        0.8869204367        0.1064304524        0.1246545616
       59.5918370000        1.0000000000        1.0000000000       16.6158329287        0.0000000000        0.8869204367        0.1064304524        0.1361633581
       59.6938780000        1.0000000000        1.0000000000       16.0540723502        0.0000000000        0.8869204367        0.1064304524        0.1456587558
       59.7959180000        1.0000000000        1.0000000000       15.5775466595        0.0000000000        0.8869204367        0.1064304524        0.1542307226
       59.8979590000        1.0000000000        1.0000000000       15.1598279243        0.0000000000        0.8869204367        0.1064304524        0.1621587718
       60.0000000000        1.0000000000        1.0000000000       14.7880772554        0.0000000000        0.8869204367        0.1064304524        0.1695564667
