       55.0000000000        1.0000000000        1.0000000000        7.9338908145        0.0000000000        0.8869204367        0.1064304524        0.3859424948
       55.1020410000        1.0000000000        1.0000000000        7.9915880843        0.0000000000        0.8869204367        0.1064304524        0.3832795846
       55.2040820000        1.0000000000        1.0000000000        8.0702620581        0.0000000000        0.8869204367        0.1064304524        0.3796781165
       55.3061220000        1.0000000000        1.0000000000        8.1811624293        0.0000000000        0.8869204367        0.1064304524        0.3746588159
       55.4081630000        1.0000000000        1.0000000000        8.3581346873        0.0000000000        0.8869204367        0.1064304524        0.3667861998
       55.5102040000        1.0000000000        1.0000000000        8.7216343474        0.0000000000        0.8869204367        0.1064304524        0.3511309242
       55.6122450000        1.0000000000        1.0000000000        9.5128930731        0.0000000000        0.8869204367        0.1064304524        0.3193245904
       55.7142860000        1.0000000000        1.0000000000       10.6992567431        0.0000000000        0.8869204367        0.1064304524        0.2769520731
       55.8163270000        1.0000000000        1.0000000000       11.5685881738        0.0000000000        0.8869204367        0.1064304524        0.2495164134
       55.9183670000        1.0000000000        1.0000000000       11.7932288317        0.0000000000        0.8869204367        0.1064304524        0.2428800789
       56.0204080000        1.0000000000        1.0000000000       12.2845821450        0.0000000000        0.8869204367        0.1064304524        0.2289733043
       56.1224490000        1.0000000000        1.0000000000       14.0800653600        0.0000000000        0.8869204367        0.1064304524        0.1845918988
       56.2244900000        1.0000000000        1.0000000000       18.4342532573        0.0000000000        0.8869204367        0.1064304524        0.1094693814
       56.3265310000        1.0000000000        1.0000000000       31.0115224910        0.0000000000        0.8869204367        0.1064304524        0.0242004827
       56.4285710000        1.0000000000        1.0000000000       78.3042863433        0.0000000000        0.8869204367        0.1064304524        0.0000830129
       56.5306120000        1.0000000000        1.0000000000      233.2006083005        0.0000000000        0.8869204367        0.1064304524        0.0000000000
       56.6326530000        1.0000000000        1.0000000000      539.3071262471        0.0000000000        0.8869204367        0.1064304524        0.0000000000
       56.7346940000        1.0000000000        1.0000000000      795.4264866208        0.0000000000        0.8869204367        0.1064304524        0.0000000000
       56.8367350000        1.0000000000        1.0000000000      709.2125556681        0.0000000000        0.8869204367        0.1064304524        0.0000000000
       56.9387760000        1.0000000000        1.0000000000      393.7015340672        0.0000000000        0.8869204367        0.1064304524        0.0000000000
       57.0408160000        1.0000000000        1.0000000000      156.1008744959        0.0000000000        0.8869204367        0.1064304524        0.0000000073
       57.1428570000        1.0000000000        1.0000000000       62.1079614071        0.0000000000        0.8869204367        0.1064304524        0.0005797258
       57.2448980000        1.0000000000        1.0000000000       34.5289681271        0.0000000000        0.8869204367        0.1064304524        0.0158675970
       57.3469390000        1.0000000000        1.0000000000       25.1569480552        0.0000000000        0.8869204367        0.1064304524        0.0488581652
       57.4489800000        1.0000000000        1.0000000000       20.6009932880        0.0000000000        0.8869204367        0.1064304524        0.0844057970
       57.5510200000        1.0000000000        1.0000000000       17.8606908965        0.0000000000        0.8869204367        0.1064304524        0.1172692264
       57.6530610000        1.0000000000        1.0000000000       16.0390451344        0.0000000000        0.8869204367        0.1064304524        0.1459216542
       57.7551020000        1.0000000000        1.0000000000       14.7514525908        0.0000000000        0.8869204367        0.1064304524        0.1703033005
       57.8571430000        1.0000000000        1.0000000000       13.8002588568        0.0000000000        0.8869204367        0.1064304524        0.1908951293
       57.9591840000        1.0000000000        1.0000000000       13.0736755554        0.0000000000        0.8869204367        0.1064304524        0.2082864326
       58.0612240000        1.0000000000        1.0000000000       12.5041998470        0.0000000000        0.8869204367        0.1064304524        0.2230177350
       58.1632650000        1.0000000000        1.0000000000       12.0491670227        0.0000000000        0.8869204367        0.1064304524        0.2355339905
       58.2653060000        1.0000000000        1.0000000000       11.6811073238        0.0000000000        0.8869204367        0.1064304524        0.2461700113
       58.3673470000        1.0000000000        1.0000000000       11.3831707024        0.0000000000        0.8869204367        0.1064304524        0.2551304020
       58.4693880000        1.0000000000        1.0000000000       11.1495525744        0.0000000000        0.8869204367        0.1064304524        0.2623839713
       58.5714290000        1.0000000000        1.0000000000       11.0055350069        0.0000000000        0.8869204367        0.1064304524        0.2669579294
       58.6734690000        1.0000000000        1.0000000000       11.1337495816        0.0000000000        0.8869204367        0.1064304524        0.2628820176
       58.7755100000        1.0000000000        1.0000000000       12.2489332392        0.0000000000        0.8869204367        0.1064304524        0.2299549201
       58.8775510000        1.0000000000        1.0000000000       15.4662997985        0.0000000000        0.8869204367        0.1064304524        0.1563034489
       58.9795920000        1.0000000000        1.0000000000       19.7537103400        0.0000000000        0.8869204367        0.1064304524        0.0934391141
       59.0816330000        1.0000000000        1.0000000000       20.7985540544        0.0000000000        0.8869204367        0.1064304524        0.0824282974
       59.1836730000        1.0000000000        1.0000000000       17.2240888797        0.0000000000        0.8869204367        0.1064304524        0.1265787461
       59.2857140000        1.0000000000        1.0000000000       13.0481896649        0.0000000000        0.8869204367        0.1064304524        0.2089244115
       59.3877550000        1.0000000000        1.0000000000       10.9003958537        0.0000000000        0.8869204367        0.1064304524        0.2703473940
       59.4897960000        1.0000000000        1.0000000000       10.1812061426        0.0000000000        0.8869204367        0.1064304524        0.2947155170
       59.5918370000        1.0000000000        1.0000000000        9.9294597743        0.0000000000        0.8869204367        0.1064304524        0.3037545901
       59.6938780000        1.0000000000        1.0000000000        9.7938540714        0.0000000000        0.8869204367        0.1064304524        0.3087379289
       59.7959180000        1.0000000000        1.0000000000        9.6959058632        0.0000000000        0.8869204367        0.1064304524        0.3123881782
       59.8979590000        1.0000000000        1.0000000000        9.6168347251        0.0000000000        0.8869204367        0.1064304524        0.3153663920
       60.0000000000        1.0000000000        1.0000000000        9.5497142791        0.0000000000        0.8869204367        0.1064304524        0.3179167530
