       55.0000000000        1.0000000000        1.0000000000        7.2965552302        0.0000000000        0.8869204367        0.1064304524        0.4166175486
       55.1020410000        1.0000000000        1.0000000000        7.3015303067        0.0000000000        0.8869204367        0.1064304524        0.4163688983
       55.2040820000        1.0000000000        1.0000000000        7.3117621258        0.0000000000        0.8869204367        0.1064304524        0.4158579867
       55.3061220000        1.0000000000        1.0000000000        7.3324472228        0.0000000000        0.8869204367        0.1064304524        0.4148270192
       55.4081630000        1.0000000000        1.0000000000        7.3884899874        0.0000000000        0.8869204367        0.1064304524        0.4120466127
       55.5102040000        1.0000000000        1.0000000000        7.5868380080        0.0000000000        0.8869204367        0.1064304524        0.4023549737
       55.6122450000        1.0000000000        1.0000000000        8.1477383577        0.0000000000        0.8869204367        0.1064304524        0.3761645483
       55.7142860000        1.0000000000        1.0000000000        9.0048374832        0.0000000000        0.8869204367        0.1064304524        0.3393984483
       55.8163270000        1.0000000000        1.0000000000        9.3884851449        0.0000000000        0.8869204367        0.1064304524        0.3241275339
       55.9183670000        1.0000000000        1.0000000000        8.8679685857        0.0000000000        0.8869204367        0.1064304524        0.3450188484
       56.0204080000        1.0000000000        1.0000000000        8.1538396891        0.0000000000        0.8869204367        0.1064304524        0.3758892365
       56.1224490000        1.0000000000        1.0000000000        7.8311106257        0.0000000000        0.8869204367        0.1064304524        0.3907320394
       56.2244900000        1.0000000000        1.0000000000        7.8166402013        0.0000000000        0.8869204367        0.1064304524        0.3914111159
       56.3265310000        1.0000000000        1.0000000000        7.9247880133        0.0000000000        0.8869204367        0.1064304524        0.3863643041
       56.4285710000        1.0000000000        1.0000000000        8.0941585100        0.0000000000        0.8869204367        0.1064304524        0.3785909209
       56.5306120000        1.0000000000        1.0000000000        8.3226369724        0.0000000000        0.8869204367        0.1064304524        0.3683519409
       56.6326530000        1.0000000000        1.0000000000        8.6250708758        0.0000000000        0.8869204367        0.1064304524        0.3552233597
       56.7346940000        1.0000000000        1.0000000000        9.0264202550        0.0000000000        0.8869204367        0.1064304524        0.3385205665
       56.8367350000        1.0000000000        1.0000000000        9.5646001611        0.0000000000        0.8869204367        0.1064304524        0.3173493634
       56.9387760000        1.0000000000        1.0000000000       10.2977185171        0.0000000000        0.8869204367        0.1064304524        0.2906236284
       57.0408160000        1.0000000000        1.0000000000       11.3176140184        0.0000000000        0.8869204367        0.1064304524        0.2571453777
       57.1428570000        1.0000000000        1.0000000000       12.7759236746        0.0000000000        0.8869204367        0.1064304524        0.2158631060
       57.2448980000        1.0000000000        1.0000000000       14.9375198487        0.0000000000        0.8869204367        0.1064304524        0.1665428939
       57.3469390000        1.0000000000        1.0000000000       18.3023580401        0.0000000000        0.8869204367        0.1064304524        0.1112157840
       57.4489800000        1.0000000000        1.0000000000       23.9381159029        0.0000000000        0.8869204367        0.1064304524        0.0565531764
       57.5510200000        1.0000000000        1.0000000000       34.7265569853        0.0000000000        0.8869204367        0.1064304524        0.0154957910
       57.6530610000        1.0000000000        1.0000000000       61.5799563430        0.0000000000        0.8869204367        0.1064304524        0.0006176462
       57.7551020000        1.0000000000        1.0000000000      150.7385862527        0.0000000000        0.8869204367        0.1064304524        0.0000000139
       57.8571430000        1.0000000000        1.0000000000      436.6878762777        0.0000000000        0.8869204367        0.1064304524        0.0000000000
       57.9591840000        1.0000000000        1.0000000000     1047.8231517266        0.0000000000        0.8869204367        0.1064304524        0.0000000000
       58.0612240000        1.0000000000        1.0000000000     1686.0420016891        0.0000000000        0.8869204367        0.1064304524        0.0000000000
       58.1632650000        1.0000000000        1.0000000000     1693.0516160267        0.0000000000        0.8869204367        0.1064304524        0.0000000000
       58.2653060000        1.0000000000        1.0000000000     1071.2057188967        0.0000000000        0.8869204367        0.1064304524        0.0000000000
       58.3673470000        1.0000000000        1.0000000000      471.2378488729        0.0000000000        0.8869204367        0.1064304524        0.0000000000
       58.4693880000        1.0000000000        1.0000000000      184.5933066371        0.0000000000        0.8869204367        0.1064304524        0.0000000002
       58.5714290000        1.0000000000        1.0000000000       89.7307824033        0.0000000000        0.8869204367        0.1064304524        0.0000210693
       58.6734690000        1.0000000000        1.0000000000       58.0487324749        0.0000000000        0.8869204367        0.1064304524        0.0009435626
       58.7755100000        1.0000000000        1.0000000000       44.8429298821        0.0000000000        0.8869204367        0.1064304524        0.0046025187
       58.8775510000        1.0000000000        1.0000000000       39.8966619099        0.0000000000        0.8869204367        0.1064304524        0.0083324360
       58.9795920000        1.0000000000        1.0000000000       38.9964541968        0.0000000000        0.8869204367        0.1064304524        0.0092829629
       59.0816330000        1.0000000000        1.0000000000       36.5466352070        0.0000000000        0.8869204367        0.1064304524        0.0124554597
       59.1836730000        1.0000000000        1.0000000000       30.4436247010        0.0000000000        0.8869204367        0.1064304524        0.0259071843
       59.2857140000        1.0000000000        1.0000000000       24.3078112155        0.0000000000        0.8869204367        0.1064304524        0.0540991207
       59.3877550000        1.0000000000        1.0000000000       20.6093682484        0.0000000000        0.8869204367        0.1064304524        0.0843210122
       59.4897960000        1.0000000000        1.0000000000       18.6614907302        0.0000000000        0.8869204367        0.1064304524        0.1065246476
       59.5918370000        1.0000000000        1.0000000000       17.4237140330        0.0000000000        0.8869204367        0.1064304524        0.1235825798
       59.6938780000        1.0000000000        1.0000000000       16.4825406141        0.0000000000        0.8869204367        0.1064304524        0.1383588130
       59.7959180000        1.0000000000        1.0000000000       15.7159668935        0.0000000000        0.8869204367        0.1064304524        0.1516900436
       59.8979590000        1.0000000000        1.0000000000       15.0745962566        0.0000000000        0.8869204367        0.1064304524        0.1638258098
       60.0000000000        1.0000000000        1.0000000000       14.5292899692        0.0000000000        0.8869204367        0.1064304524        0.1749045651
