       55.0000000000        1.0000000000        1.0000000000        7.5027144178        0.0000000000        0.8869204367        0.1064304524        0.4064372493
       55.1020410000        1.0000000000        1.0000000000        7.6777837304        0.0000000000        0.8869204367        0.1064304524        0.3979877522
       55.2040820000        1.0000000000        1.0000000000        7.8930406372        0.0000000000        0.8869204367        0.1064304524        0.3878390378
       55.3061220000        1.0000000000        1.0000000000        8.1623797035        0.0000000000        0.8869204367        0.1064304524        0.3755042219
       55.4081630000        1.0000000000        1.0000000000        8.5223118742        0.0000000000        0.8869204367        0.1064304524        0.3596307656
       55.5102040000        1.0000000000        1.0000000000        9.0948817626        0.0000000000        0.8869204367        0.1064304524        0.3357508837
       55.6122450000        1.0000000000        1.0000000000       10.1169193827        0.0000000000        0.8869204367        0.1064304524        0.2969978658
       55.7142860000        1.0000000000        1.0000000000       11.5389159548        0.0000000000        0.8869204367        0.1064304524        0.2504064417
       55.8163270000        1.0000000000        1.0000000000       12.6250282501        0.0000000000        0.8869204367        0.1064304524        0.2198074397
       55.9183670000        1.0000000000        1.0000000000       13.0121834034        0.0000000000        0.8869204367        0.1064304524        0.2098290750
       56.0204080000        1.0000000000        1.0000000000       13.4962857070        0.0000000000        0.8869204367        0.1064304524        0.1979869252
       56.1224490000        1.0000000000        1.0000000000       14.7664921485        0.0000000000        0.8869204367        0.1064304524        0.1699962233
       56.2244900000        1.0000000000        1.0000000000       16.9021854674        0.0000000000        0.8869204367        0.1064304524        0.1315639471
       56.3265310000        1.0000000000        1.0000000000       19.9892305369        0.0000000000        0.8869204367        0.1064304524        0.0908352671
       56.4285710000        1.0000000000        1.0000000000       24.4246605849        0.0000000000        0.8869204367        0.1064304524        0.0533458405
       56.5306120000        1.0000000000        1.0000000000       31.0250994642        0.0000000000        0.8869204367        0.1064304524        0.0241610865
       56.6326530000        1.0000000000        1.0000000000       41.3988435732        0.0000000000        0.8869204367        0.1064304524        0.0069580137
       56.7346940000        1.0000000000        1.0000000000       59.1470938938        0.0000000000        0.8869204367        0.1064304524        0.0008270452
       56.8367350000        1.0000000000        1.0000000000       94.6737049777        0.0000000000        0.8869204367        0.1064304524        0.0000116425
       56.9387760000        1.0000000000        1.0000000000      187.1075405909        0.0000000000        0.8869204367        0.1064304524        0.0000000002
       57.0408160000        1.0000000000        1.0000000000      474.5974106102        0.0000000000        0.8869204367        0.1064304524        0.0000000000
       57.1428570000        1.0000000000        1.0000000000     1235.2706744587        0.0000000000        0.8869204367        0.1064304524        0.0000000000
       57.2448980000        1.0000000000        1.0000000000     2471.0130449053        0.0000000000        0.8869204367        0.1064304524        0.0000000000
       57.3469390000        1.0000000000        1.0000000000     3276.8666255561        0.0000000000        0.8869204367        0.1064304524        0.0000000000
       57.4489800000        1.0000000000        1.0000000000     2764.9515556157        0.0000000000        0.8869204367        0.1064304524        0.0000000000
       57.5510200000        1.0000000000        1.0000000000     1545.2482330956        0.0000000000        0.8869204367        0.1064304524        0.0000000000
       57.6530610000        1.0000000000        1.0000000000      660.5762778778        0.0000000000        0.8869204367        0.1064304524        0.0000000000
       57.7551020000        1.0000000000        1.0000000000      286.0339309262        0.0000000000        0.8869204367        0.1064304524        0.0000000000
       57.8571430000        1.0000000000        1.0000000000      156.9754543598        0.0000000000        0.8869204367        0.1064304524        0.0000000066
       57.9591840000        1.0000000000        1.0000000000      105.7253451339        0.0000000000        0.8869204367        0.1064304524        0.0000030909
       58.0612240000        1.0000000000        1.0000000000       79.2915032583        0.0000000000        0.8869204367        0.1064304524        0.0000737389
       58.1632650000        1.0000000000        1.0000000000       63.1892455330        0.0000000000        0.8869204367        0.1064304524        0.0005091797
       58.2653060000        1.0000000000        1.0000000000       52.4561414310        0.0000000000        0.8869204367        0.1064304524        0.0018459948
       58.3673470000        1.0000000000        1.0000000000       44.8742979743        0.0000000000        0.8869204367        0.1064304524        0.0045852266
       58.4693880000        1.0000000000        1.0000000000       39.2934788871        0.0000000000        0.8869204367        0.1064304524        0.0089579178
       58.5714290000        1.0000000000        1.0000000000       35.0861551421        0.0000000000        0.8869204367        0.1064304524        0.0148413420
       58.6734690000        1.0000000000        1.0000000000       32.0351465790        0.0000000000        0.8869204367        0.1064304524        0.0214031411
       58.7755100000        1.0000000000        1.0000000000       30.6001901625        0.0000000000        0.8869204367        0.1064304524        0.0254249877
       58.8775510000        1.0000000000        1.0000000000       31.7542057726        0.0000000000        0.8869204367        0.1064304524        0.0221370038
       58.9795920000        1.0000000000        1.0000000000       34.4124612773        0.0000000000        0.8869204367        0.1064304524        0.0160909970
       59.0816330000        1.0000000000        1.0000000000       34.1816518555        0.0000000000        0.8869204367        0.1064304524        0.0165429008
       59.1836730000        1.0000000000        1.0000000000       29.5158500909        0.0000000000        0.8869204367        0.1064304524        0.0289581959
       59.2857140000        1.0000000000        1.0000000000       24.3316018205        0.0000000000        0.8869204367        0.1064304524        0.0539448949
       59.3877550000        1.0000000000        1.0000000000       21.2750119293        0.0000000000        0.8869204367        0.1064304524        0.0778476606
       59.4897960000        1.0000000000        1.0000000000       19.7659153435        0.0000000000        0.8869204367        0.1064304524        0.0933023633
       59.5918370000        1.0000000000        1.0000000000       18.8294915358        0.0000000000        0.8869204367        0.1064304524        0.1043986031
       59.6938780000        1.0000000000        1.0000000000       18.0942654127        0.0000000000        0.8869204367        0.1064304524        0.1140279313
       59.7959180000        1.0000000000        1.0000000000       17.4662856438        0.0000000000        0.8869204367        0.1064304524        0.1229528565
       59.8979590000        1.0000000000        1.0000000000       16.9153440589        0.0000000000        0.8869204367        0.1064304524        0.1313563674
       60.0000000000        1.0000000000        1.0000000000       16.4256665815        0.0000000000        0.8869204367        0.1064304524        0.1393063255
