       55.0000000000        1.0000000000        1.0000000000        9.4763808782        0.0000000000        0.8869204367        0.1064304524        0.3207267690
       55.1020410000        1.0000000000        1.0000000000       10.0221969395        0.0000000000        0.8869204367        0.1064304524        0.3003930087
       55.2040820000        1.0000000000        1.0000000000       10.6704946220        0.0000000000        0.8869204367        0.1064304524        0.2779096121
       55.3061220000        1.0000000000        1.0000000000       11.4491950705        0.0000000000        0.8869204367        0.1064304524        0.2531170096
       55.4081630000        1.0000000000        1.0000000000       12.4132739617        0.0000000000        0.8869204367        0.1064304524        0.2254644290
       55.5102040000        1.0000000000        1.0000000000       13.7086845238        0.0000000000        0.8869204367        0.1064304524        0.1930044289
       55.6122450000        1.0000000000        1.0000000000       15.5997034204        0.0000000000        0.8869204367        0.1064304524        0.1538211969
       55.7142860000        1.0000000000        1.0000000000       18.0674670062        0.0000000000        0.8869204367        0.1064304524        0.1143952135
       55.8163270000        1.0000000000        1.0000000000       20.4323617171        0.0000000000        0.8869204367        0.1064304524        0.0861312136
       55.9183670000        1.0000000000        1.0000000000       22.4356784516        0.0000000000        0.8869204367        0.1064304524        0.0677262514
       56.0204080000        1.0000000000        1.0000000000       25.0111728986        0.0000000000        0.8869204367        0.1064304524        0.0497203612
       56.1224490000        1.0000000000        1.0000000000       29.0331140659        0.0000000000        0.8869204367        0.1064304524        0.0306852349
       56.2244900000        1.0000000000        1.0000000000       34.8854740364        0.0000000000        0.8869204367        0.1064304524        0.0152030854
       56.3265310000        1.0000000000        1.0000000000       43.1986331713        0.0000000000        0.8869204367        0.1064304524        0.0056064588
       56.4285710000        1.0000000000        1.0000000000       55.4068942339        0.0000000000        0.8869204367        0.1064304524        0.0012955405
       56.5306120000        1.0000000000        1.0000000000       74.6066404575        0.0000000000        0.8869204367        0.1064304524        0.0001293748
       56.6326530000        1.0000000000        1.0000000000      108.9305505321        0.0000000000        0.8869204367        0.1064304524        0.0000021040
       56.7346940000        1.0000000000        1.0000000000      186.9283990437        0.0000000000        0.8869204367        0.1064304524        0.0000000002
       56.8367350000        1.0000000000        1.0000000000      410.5770115127        0.0000000000        0.8869204367        0.1064304524        0.0000000000
       56.9387760000        1.0000000000        1.0000000000     1001.5024322167        0.0000000000        0.8869204367        0.1064304524        0.0000000000
       57.0408160000        1.0000000000        1.0000000000     1998.7061820881        0.0000000000        0.8869204367        0.1064304524        0.0000000000
       57.1428570000        1.0000000000        1.0000000000     2694.1733527953        0.0000000000        0.8869204367        0.1064304524        0.0000000000
       57.2448980000        1.0000000000        1.0000000000     2303.8129827393        0.0000000000        0.8869204367        0.1064304524        0.0000000000
       57.3469390000        1.0000000000        1.0000000000     1338.6351471961        0.0000000000        0.8869204367        0.1064304524        0.0000000000
       57.4489800000        1.0000000000        1.0000000000      863.5398227755        0.0000000000        0.8869204367        0.1064304524        0.0000000000
       57.5510200000        1.0000000000        1.0000000000     1345.0320781293        0.0000000000        0.8869204367        0.1064304524        0.0000000000
       57.6530610000        1.0000000000        1.0000000000     2600.0986241839        0.0000000000        0.8869204367        0.1064304524        0.0000000000
       57.7551020000        1.0000000000        1.0000000000     3579.5301061337        0.0000000000        0.8869204367        0.1064304524        0.0000000000
       57.8571430000        1.0000000000        1.0000000000     3195.2322865799        0.0000000000        0.8869204367        0.1064304524        0.0000000000
       57.9591840000        1.0000000000        1.0000000000     1922.4835115135        0.0000000000        0.8869204367        0.1064304524        0.0000000000
       58.0612240000        1.0000000000        1.0000000000      904.2095248320        0.0000000000        0.8869204367        0.1064304524        0.0000000000
       58.1632650000        1.0000000000        1.0000000000      429.8218026062        0.0000000000        0.8869204367        0.1064304524        0.0000000000
       58.2653060000        1.0000000000        1.0000000000      249.8537695117        0.0000000000        0.8869204367        0.1064304524        0.0000000000
       58.3673470000        1.0000000000        1.0000000000      173.0770099654        0.0000000000        0.8869204367        0.1064304524        0.0000000010
       58.4693880000        1.0000000000        1.0000000000      131.9073943587        0.0000000000        0.8869204367        0.1064304524        0.0000001335
       58.5714290000        1.0000000000        1.0000000000      106.1642622904        0.0000000000        0.8869204367        0.1064304524        0.0000029323
       58.6734690000        1.0000000000        1.0000000000       88.7952711250        0.0000000000        0.8869204367        0.1064304524        0.0000235724
       58.7755100000        1.0000000000        1.0000000000       77.2400975380        0.0000000000        0.8869204367        0.1064304524        0.0000943205
       58.8775510000        1.0000000000        1.0000000000       70.9486197711        0.0000000000        0.8869204367        0.1064304524        0.0002006729
       58.9795920000        1.0000000000        1.0000000000       68.0418382087        0.0000000000        0.8869204367        0.1064304524        0.0002844308
       59.0816330000        1.0000000000        1.0000000000       63.5921162271        0.0000000000        0.8869204367        0.1064304524        0.0004851493
       59.1836730000        1.0000000000        1.0000000000       55.5535174954        0.0000000000        0.8869204367        0.1064304524        0.0012729451
       59.2857140000        1.0000000000        1.0000000000       47.5251535260        0.0000000000        0.8869204367        0.1064304524        0.0033358811
       59.3877550000        1.0000000000        1.0000000000       42.0616195908        0.0000000000        0.8869204367        0.1064304524        0.0064260557
       59.4897960000        1.0000000000        1.0000000000       38.5351550568        0.0000000000        0.8869204367        0.1064304524        0.0098113185
       59.5918370000        1.0000000000        1.0000000000       35.8990411925        0.0000000000        0.8869204367        0.1064304524        0.0134619924
       59.6938780000        1.0000000000        1.0000000000       33.7148432142        0.0000000000        0.8869204367        0.1064304524        0.0174960317
       59.7959180000        1.0000000000        1.0000000000       31.8383236919        0.0000000000        0.8869204367        0.1064304524        0.0219146735
       59.8979590000        1.0000000000        1.0000000000       30.2018977925        0.0000000000        0.8869204367        0.1064304524        0.0266696854
       60.0000000000        1.0000000000        1.0000000000       28.7612421249        0.0000000000        0.8869204367        0.1064304524        0.0317028386
