       55.0000000000        1.0000000000        1.0000000000        7.0441953598        0.0000000000        0.8869204367        0.1064304524        0.4294270317
       55.1020410000        1.0000000000        1.0000000000        7.1547023701        0.0000000000        0.8869204367        0.1064304524        0.4237700591
       55.2040820000        1.0000000000        1.0000000000        7.2893012594        0.0000000000        0.8869204367        0.1064304524        0.4169803623
       55.3061220000        1.0000000000        1.0000000000        7.4572334988        0.0000000000        0.8869204367        0.1064304524        0.4086615303
       55.4081630000        1.0000000000        1.0000000000        7.6887352765        0.0000000000        0.8869204367        0.1064304524        0.3974650659
       55.5102040000        1.0000000000        1.0000000000        8.0973709117        0.0000000000        0.8869204367        0.1064304524        0.3784450067
       55.6122450000        1.0000000000        1.0000000000        8.9087360230        0.0000000000        0.8869204367        0.1064304524        0.3433351062
       55.7142860000        1.0000000000        1.0000000000       10.0583142128        0.0000000000        0.8869204367        0.1064304524        0.2990939008
       55.8163270000        1.0000000000        1.0000000000       10.7874640182        0.0000000000        0.8869204367        0.1064304524        0.2740360307
       55.9183670000        1.0000000000        1.0000000000       10.6978126663        0.0000000000        0.8869204367        0.1064304524        0.2770000700
       56.0204080000        1.0000000000        1.0000000000       10.5342907529        0.0000000000        0.8869204367        0.1064304524        0.2824892195
       56.1224490000        1.0000000000        1.0000000000       10.9102894189        0.0000000000        0.8869204367        0.1064304524        0.2700266205
       56.2244900000        1.0000000000        1.0000000000       11.7859089586        0.0000000000        0.8869204367        0.1064304524        0.2430935148
       56.3265310000        1.0000000000        1.0000000000       13.0491204587        0.0000000000        0.8869204367        0.1064304524        0.2089010770
       56.4285710000        1.0000000000        1.0000000000       14.7548430980        0.0000000000        0.8869204367        0.1064304524        0.1702340249
       56.5306120000        1.0000000000        1.0000000000       17.0902743789        0.0000000000        0.8869204367        0.1064304524        0.1286277217
       56.6326530000        1.0000000000        1.0000000000       20.4001550456        0.0000000000        0.8869204367        0.1064304524        0.0864647376
       56.7346940000        1.0000000000        1.0000000000       25.3435645428        0.0000000000        0.8869204367        0.1064304524        0.0477761965
       56.8367350000        1.0000000000        1.0000000000       33.4229989009        0.0000000000        0.8869204367        0.1064304524        0.0181196215
       56.9387760000        1.0000000000        1.0000000000       49.5520496369        0.0000000000        0.8869204367        0.1064304524        0.0026156413
       57.0408160000        1.0000000000        1.0000000000       94.8877964887        0.0000000000        0.8869204367        0.1064304524        0.0000113472
       57.1428570000        1.0000000000        1.0000000000      241.1751672775        0.0000000000        0.8869204367        0.1064304524        0.0000000000
       57.2448980000        1.0000000000        1.0000000000      590.4264691442        0.0000000000        0.8869204367        0.1064304524        0.0000000000
       57.3469390000        1.0000000000        1.0000000000     1025.0504417939        0.0000000000        0.8869204367        0.1064304524        0.0000000000
       57.4489800000        1.0000000000        1.0000000000     1120.9867417637        0.0000000000        0.8869204367        0.1064304524        0.0000000000
       57.5510200000        1.0000000000        1.0000000000      775.4171767367        0.0000000000        0.8869204367        0.1064304524        0.0000000000
       57.6530610000        1.0000000000        1.0000000000      432.9373018377        0.0000000000        0.8869204367        0.1064304524        0.0000000000
       57.7551020000        1.0000000000        1.0000000000      465.6302814852        0.0000000000        0.8869204367        0.1064304524        0.0000000000
       57.8571430000        1.0000000000        1.0000000000     1061.4605593228        0.0000000000        0.8869204367        0.1064304524        0.0000000000
       57.9591840000        1.0000000000        1.0000000000     2169.4285188117        0.0000000000        0.8869204367        0.1064304524        0.0000000000
       58.0612240000        1.0000000000        1.0000000000     2977.6055842820        0.0000000000        0.8869204367        0.1064304524        0.0000000000
       58.1632650000        1.0000000000        1.0000000000     2602.8273747249        0.0000000000        0.8869204367        0.1064304524        0.0000000000
       58.2653060000        1.0000000000        1.0000000000     1504.6589996545        0.0000000000        0.8869204367        0.1064304524        0.0000000000
       58.3673470000        1.0000000000        1.0000000000      661.5692095461        0.0000000000        0.8869204367        0.1064304524        0.0000000000
       58.4693880000        1.0000000000        1.0000000000      291.7888920349        0.0000000000        0.8869204367        0.1064304524        0.0000000000
       58.5714290000        1.0000000000        1.0000000000      162.3772179251        0.0000000000        0.8869204367        0.1064304524        0.0000000034
       58.6734690000        1.0000000000        1.0000000000      111.1371832224        0.0000000000        0.8869204367        0.1064304524        0.0000016145
       58.7755100000        1.0000000000        1.0000000000       85.6490841572        0.0000000000        0.8869204367        0.1064304524        0.0000343850
       58.8775510000        1.0000000000        1.0000000000       72.5396241550        0.0000000000        0.8869204367        0.1064304524        0.0001657956
       58.9795920000        1.0000000000        1.0000000000       65.9980040785        0.0000000000        0.8869204367        0.1064304524        0.0003634894
       59.0816330000        1.0000000000        1.0000000000       59.5193367751        0.0000000000        0.8869204367        0.1064304524        0.0007909147
       59.1836730000        1.0000000000        1.0000000000       50.3574397091        0.0000000000        0.8869204367        0.1064304524        0.0023746796
       59.2857140000        1.0000000000        1.0000000000       41.7525456543        0.0000000000        0.8869204367        0.1064304524        0.0066688658
       59.3877550000        1.0000000000        1.0000000000       36.0334804252        0.0000000000        0.8869204367        0.1064304524        0.0132465564
       59.4897960000        1.0000000000        1.0000000000       32.4363506066        0.0000000000        0.8869204367        0.1064304524        0.0203971096
       59.5918370000        1.0000000000        1.0000000000       29.8394848407        0.0000000000        0.8869204367        0.1064304524        0.0278551285
       59.6938780000        1.0000000000        1.0000000000       27.7613178540        0.0000000000        0.8869204367        0.1064304524        0.0357445259
       59.7959180000        1.0000000000        1.0000000000       26.0306627139        0.0000000000        0.8869204367        0.1064304524        0.0439949895
       59.8979590000        1.0000000000        1.0000000000       24.5626271323        0.0000000000        0.8869204367        0.1064304524        0.0524699184
       60.0000000000        1.0000000000        1.0000000000       23.3017033668        0.0000000000        0.8869204367        0.1064304524        0.0610413116
