       55.0000000000        1.0000000000        1.0000000000        8.8969219673        0.0000000000        0.8869204367        0.1064304524        0.3438221930
       55.1020410000        1.0000000000        1.0000000000        9.3832625261        0.0000000000        0.8869204367        0.1064304524        0.3243307329
       55.2040820000        1.0000000000        1.0000000000       10.0337492172        0.0000000000        0.8869204367        0.1064304524        0.2999768704
       55.3061220000        1.0000000000        1.0000000000       10.9231550874        0.0000000000        0.8869204367        0.1064304524        0.2696100534
       55.4081630000        1.0000000000        1.0000000000       12.1872731674        0.0000000000        0.8869204367        0.1064304524        0.2316627149
       55.5102040000        1.0000000000        1.0000000000       14.1166770734        0.0000000000        0.8869204367        0.1064304524        0.1837826906
       55.6122450000        1.0000000000        1.0000000000       17.2491184003        0.0000000000        0.8869204367        0.1064304524        0.1261991319
       55.7142860000        1.0000000000        1.0000000000       22.1136887859        0.0000000000        0.8869204367        0.1064304524        0.0703943233
       55.8163270000        1.0000000000        1.0000000000       29.2551506661        0.0000000000        0.8869204367        0.1064304524        0.0298784415
       55.9183670000        1.0000000000        1.0000000000       41.8913250232        0.0000000000        0.8869204367        0.1064304524        0.0065587253
       56.0204080000        1.0000000000        1.0000000000       74.8468999718        0.0000000000        0.8869204367        0.1064304524        0.0001256980
       56.1224490000        1.0000000000        1.0000000000      188.0790071956        0.0000000000        0.8869204367        0.1064304524        0.0000000002
       56.2244900000        1.0000000000        1.0000000000      542.8302691035        0.0000000000        0.8869204367        0.1064304524        0.0000000000
       56.3265310000        1.0000000000        1.0000000000     1253.3691044629        0.0000000000        0.8869204367        0.1064304524        0.0000000000
       56.4285710000        1.0000000000        1.0000000000     1900.3314624499        0.0000000000        0.8869204367        0.1064304524        0.0000000000
       56.5306120000        1.0000000000        1.0000000000     1776.9161815852        0.0000000000        0.8869204367        0.1064304524        0.0000000000
       56.6326530000        1.0000000000        1.0000000000     1047.0752155560        0.0000000000        0.8869204367        0.1064304524        0.0000000000
       56.7346940000        1.0000000000        1.0000000000      437.9974864689        0.0000000000        0.8869204367        0.1064304524        0.0000000000
       56.8367350000        1.0000000000        1.0000000000      173.5332360758        0.0000000000        0.8869204367        0.1064304524        0.0000000009
       56.9387760000        1.0000000000        1.0000000000       89.1172623603        0.0000000000        0.8869204367        0.1064304524        0.0000226790
       57.0408160000        1.0000000000        1.0000000000       59.3900115581        0.0000000000        0.8869204367        0.1064304524        0.0008032847
       57.1428570000        1.0000000000        1.0000000000       45.0672736705        0.0000000000        0.8869204367        0.1064304524        0.0044802661
       57.2448980000        1.0000000000        1.0000000000       36.5685664839        0.0000000000        0.8869204367        0.1064304524        0.0124227231
       57.3469390000        1.0000000000        1.0000000000       30.9770557659        0.0000000000        0.8869204367        0.1064304524        0.0243007834
       57.4489800000        1.0000000000        1.0000000000       27.0571366765        0.0000000000        0.8869204367        0.1064304524        0.0388962902
       57.5510200000        1.0000000000        1.0000000000       24.1804884689        0.0000000000        0.8869204367        0.1064304524        0.0549320333
       57.6530610000        1.0000000000        1.0000000000       21.9941727182        0.0000000000        0.8869204367        0.1064304524        0.0714111881
       57.7551020000        1.0000000000        1.0000000000       20.2857970307        0.0000000000        0.8869204367        0.1064304524        0.0876594688
       57.8571430000        1.0000000000        1.0000000000       18.9204903293        0.0000000000        0.8869204367        0.1064304524        0.1032647872
       57.9591840000        1.0000000000        1.0000000000       17.8089523836        0.0000000000        0.8869204367        0.1064304524        0.1179995715
       58.0612240000        1.0000000000        1.0000000000       16.8900937157        0.0000000000        0.8869204367        0.1064304524        0.1317549863
       58.1632650000        1.0000000000        1.0000000000       16.1211180181        0.0000000000        0.8869204367        0.1064304524        0.1444915628
       58.2653060000        1.0000000000        1.0000000000       15.4718816991        0.0000000000        0.8869204367        0.1064304524        0.1561987875
       58.3673470000        1.0000000000        1.0000000000       14.9219999458        0.0000000000        0.8869204367        0.1064304524        0.1668533504
       58.4693880000        1.0000000000        1.0000000000       14.4619512755        0.0000000000        0.8869204367        0.1064304524        0.1763236322
       58.5714290000        1.0000000000        1.0000000000       14.1132379777        0.0000000000        0.8869204367        0.1064304524        0.1838585518
       58.6734690000        1.0000000000        1.0000000000       14.0544611114        0.0000000000        0.8869204367        0.1064304524        0.1851599314
       58.7755100000        1.0000000000        1.0000000000       14.9972519442        0.0000000000        0.8869204367        0.1064304524        0.1653534073
       58.8775510000        1.0000000000        1.0000000000       18.0609069852        0.0000000000        0.8869204367        0.1064304524        0.1144853012
       58.9795920000        1.0000000000        1.0000000000       22.2265039022        0.0000000000        0.8869204367        0.1064304524        0.0694477597
       59.0816330000        1.0000000000        1.0000000000       23.1798864167        0.0000000000        0.8869204367        0.1064304524        0.0619401694
       59.1836730000        1.0000000000        1.0000000000       19.5162651333        0.0000000000        0.8869204367        0.1064304524        0.0961398078
       59.2857140000        1.0000000000        1.0000000000       15.2387363529        0.0000000000        0.8869204367        0.1064304524        0.1606305354
       59.3877550000        1.0000000000        1.0000000000       12.9880384795        0.0000000000        0.8869204367        0.1064304524        0.2104379134
       59.4897960000        1.0000000000        1.0000000000       12.1745386943        0.0000000000        0.8869204367        0.1064304524        0.2320169979
       59.5918370000        1.0000000000        1.0000000000       11.8377169978        0.0000000000        0.8869204367        0.1064304524        0.2415868992
       59.6938780000        1.0000000000        1.0000000000       11.6244703860        0.0000000000        0.8869204367        0.1064304524        0.2478487876
       59.7959180000        1.0000000000        1.0000000000       11.4549936043        0.0000000000        0.8869204367        0.1064304524        0.2529409460
       59.8979590000        1.0000000000        1.0000000000       11.3096540289        0.0000000000        0.8869204367        0.1064304524        0.2573911199
       60.0000000000        1.0000000000        1.0000000000       11.1809055179        0.0000000000        0.8869204367        0.1064304524        0.2613986448
