       55.0000000000        1.0000000000        1.0000000000       12.2169185159        0.0000000000        0.8869204367        0.1064304524        0.2308400525
       55.1020410000        1.0000000000        1.0000000000       13.5019691126        0.0000000000        0.8869204367        0.1064304524        0.1978519424
       55.2040820000        1.0000000000        1.0000000000       15.1479864372        0.0000000000        0.8869204367        0.1064304524        0.1623893597
       55.3061220000        1.0000000000        1.0000000000       17.2964962811        0.0000000000        0.8869204367        0.1064304524        0.1254836819
       55.4081630000        1.0000000000        1.0000000000       20.1816428543        0.0000000000        0.8869204367        0.1064304524        0.0887619562
       55.5102040000        1.0000000000        1.0000000000       24.2428398890        0.0000000000        0.8869204367        0.1064304524        0.0545225563
       55.6122450000        1.0000000000        1.0000000000       30.2483433541        0.0000000000        0.8869204367        0.1064304524        0.0265214563
       55.7142860000        1.0000000000        1.0000000000       39.1108271478        0.0000000000        0.8869204367        0.1064304524        0.0091564269
       55.8163270000        1.0000000000        1.0000000000       52.1371836468        0.0000000000        0.8869204367        0.1064304524        0.0019180197
       55.9183670000        1.0000000000        1.0000000000       74.3872520665        0.0000000000        0.8869204367        0.1064304524        0.0001328260
       56.0204080000        1.0000000000        1.0000000000      126.3540006277        0.0000000000        0.8869204367        0.1064304524        0.0000002600
       56.1224490000        1.0000000000        1.0000000000      283.6893738136        0.0000000000        0.8869204367        0.1064304524        0.0000000000
       56.2244900000        1.0000000000        1.0000000000      719.5972889899        0.0000000000        0.8869204367        0.1064304524        0.0000000000
       56.3265310000        1.0000000000        1.0000000000     1482.7192649760        0.0000000000        0.8869204367        0.1064304524        0.0000000000
       56.4285710000        1.0000000000        1.0000000000     2044.1088231354        0.0000000000        0.8869204367        0.1064304524        0.0000000000
       56.5306120000        1.0000000000        1.0000000000     1844.6457332630        0.0000000000        0.8869204367        0.1064304524        0.0000000000
       56.6326530000        1.0000000000        1.0000000000     1454.7419851123        0.0000000000        0.8869204367        0.1064304524        0.0000000000
       56.7346940000        1.0000000000        1.0000000000     1796.5415929633        0.0000000000        0.8869204367        0.1064304524        0.0000000000
       56.8367350000        1.0000000000        1.0000000000     2565.0181839239        0.0000000000        0.8869204367        0.1064304524        0.0000000000
       56.9387760000        1.0000000000        1.0000000000     2590.7318159395        0.0000000000        0.8869204367        0.1064304524        0.0000000000
       57.0408160000        1.0000000000        1.0000000000     1705.6878557714        0.0000000000        0.8869204367        0.1064304524        0.0000000000
       57.1428570000        1.0000000000        1.0000000000      810.9132357239        0.0000000000        0.8869204367        0.1064304524        0.0000000000
       57.2448980000        1.0000000000        1.0000000000      357.4339284037        0.0000000000        0.8869204367        0.1064304524        0.0000000000
       57.3469390000        1.0000000000        1.0000000000      191.4479781805        0.0000000000        0.8869204367        0.1064304524        0.0000000001
       57.4489800000        1.0000000000        1.0000000000      127.7480944155        0.0000000000        0.8869204367        0.1064304524        0.0000002200
       57.5510200000        1.0000000000        1.0000000000       96.0908875878        0.0000000000        0.8869204367        0.1064304524        0.0000098218
       57.6530610000        1.0000000000        1.0000000000       76.9591064505        0.0000000000        0.8869204367        0.1064304524        0.0000975551
       57.7551020000        1.0000000000        1.0000000000       64.1315275781        0.0000000000        0.8869204367        0.1064304524        0.0004547406
       57.8571430000        1.0000000000        1.0000000000       54.9793976662        0.0000000000        0.8869204367        0.1064304524        0.0013637354
       57.9591840000        1.0000000000        1.0000000000       48.1595715555        0.0000000000        0.8869204367        0.1064304524        0.0030913463
       58.0612240000        1.0000000000        1.0000000000       42.9079727210        0.0000000000        0.8869204367        0.1064304524        0.0058054582
       58.1632650000        1.0000000000        1.0000000000       38.7581235874        0.0000000000        0.8869204367        0.1064304524        0.0095522855
       58.2653060000        1.0000000000        1.0000000000       35.4104497440        0.0000000000        0.8869204367        0.1064304524        0.0142748794
       58.3673470000        1.0000000000        1.0000000000       32.6654700941        0.0000000000        0.8869204367        0.1064304524        0.0198439439
       58.4693880000        1.0000000000        1.0000000000       30.3900626913        0.0000000000        0.8869204367        0.1064304524        0.0260742375
       58.5714290000        1.0000000000        1.0000000000       28.5170792715        0.0000000000        0.8869204367        0.1064304524        0.0326454590
       58.6734690000        1.0000000000        1.0000000000       27.1584566086        0.0000000000        0.8869204367        0.1064304524        0.0384262372
       58.7755100000        1.0000000000        1.0000000000       26.9770503865        0.0000000000        0.8869204367        0.1064304524        0.0392718993
       58.8775510000        1.0000000000        1.0000000000       29.0757657455        0.0000000000        0.8869204367        0.1064304524        0.0305285829
       58.9795920000        1.0000000000        1.0000000000       32.4552451682        0.0000000000        0.8869204367        0.1064304524        0.0203509147
       59.0816330000        1.0000000000        1.0000000000       32.7815433080        0.0000000000        0.8869204367        0.1064304524        0.0195694579
       59.1836730000        1.0000000000        1.0000000000       28.5517590057        0.0000000000        0.8869204367        0.1064304524        0.0325098850
       59.2857140000        1.0000000000        1.0000000000       23.7128552368        0.0000000000        0.8869204367        0.1064304524        0.0581027300
       59.3877550000        1.0000000000        1.0000000000       20.9316200290        0.0000000000        0.8869204367        0.1064304524        0.0811225420
       59.4897960000        1.0000000000        1.0000000000       19.6428996172        0.0000000000        0.8869204367        0.1064304524        0.0946898984
       59.5918370000        1.0000000000        1.0000000000       18.8835989034        0.0000000000        0.8869204367        0.1064304524        0.1037229509
       59.6938780000        1.0000000000        1.0000000000       18.2912960328        0.0000000000        0.8869204367        0.1064304524        0.1113635144
       59.7959180000        1.0000000000        1.0000000000       17.7789805758        0.0000000000        0.8869204367        0.1064304524        0.1184247349
       59.8979590000        1.0000000000        1.0000000000       17.3218080251        0.0000000000        0.8869204367        0.1064304524        0.1251031148
       60.0000000000        1.0000000000        1.0000000000       16.9081880988        0.0000000000        0.8869204367        0.1064304524        0.1314692136
