       55.0000000000        1.0000000000        1.0000000000        8.4279983800        0.0000000000        0.8869204367        0.1064304524        0.3637240491
       55.1020410000        1.0000000000        1.0000000000        8.8093792252        0.0000000000        0.8869204367        0.1064304524        0.3474531278
       55.2040820000        1.0000000000        1.0000000000        9.2644423473        0.0000000000        0.8869204367        0.1064304524        0.3289883031
       55.3061220000        1.0000000000        1.0000000000        9.8140277137        0.0000000000        0.8869204367        0.1064304524        0.3079914286
       55.4081630000        1.0000000000        1.0000000000       10.5035842010        0.0000000000        0.8869204367        0.1064304524        0.2835320520
       55.5102040000        1.0000000000        1.0000000000       11.4662970942        0.0000000000        0.8869204367        0.1064304524        0.2525980847
       55.6122450000        1.0000000000        1.0000000000       12.9503457017        0.0000000000        0.8869204367        0.1064304524        0.2113919080
       55.7142860000        1.0000000000        1.0000000000       14.9163185537        0.0000000000        0.8869204367        0.1064304524        0.1669671443
       55.8163270000        1.0000000000        1.0000000000       16.6496406714        0.0000000000        0.8869204367        0.1064304524        0.1356120720
       55.9183670000        1.0000000000        1.0000000000       17.8310156844        0.0000000000        0.8869204367        0.1064304524        0.1176875695
       56.0204080000        1.0000000000        1.0000000000       19.3059856461        0.0000000000        0.8869204367        0.1064304524        0.0985966220
       56.1224490000        1.0000000000        1.0000000000       21.8139456458        0.0000000000        0.8869204367        0.1064304524        0.0729724375
       56.2244900000        1.0000000000        1.0000000000       25.5053761338        0.0000000000        0.8869204367        0.1064304524        0.0468574560
       56.3265310000        1.0000000000        1.0000000000       30.5730668513        0.0000000000        0.8869204367        0.1064304524        0.0255078757
       56.4285710000        1.0000000000        1.0000000000       37.5647588662        0.0000000000        0.8869204367        0.1064304524        0.0110230024
       56.5306120000        1.0000000000        1.0000000000       47.5010229899        0.0000000000        0.8869204367        0.1064304524        0.0033455547
       56.6326530000        1.0000000000        1.0000000000       62.2300252279        0.0000000000        0.8869204367        0.1064304524        0.0005712960
       56.7346940000        1.0000000000        1.0000000000       85.3882684790        0.0000000000        0.8869204367        0.1064304524        0.0000354782
       56.8367350000        1.0000000000        1.0000000000      125.2758364567        0.0000000000        0.8869204367        0.1064304524        0.0000002959
       56.9387760000        1.0000000000        1.0000000000      205.4899791337        0.0000000000        0.8869204367        0.1064304524        0.0000000000
       57.0408160000        1.0000000000        1.0000000000      405.9109254349        0.0000000000        0.8869204367        0.1064304524        0.0000000000
       57.1428570000        1.0000000000        1.0000000000      963.3035786790        0.0000000000        0.8869204367        0.1064304524        0.0000000000
       57.2448980000        1.0000000000        1.0000000000     2241.8077904423        0.0000000000        0.8869204367        0.1064304524        0.0000000000
       57.3469390000        1.0000000000        1.0000000000     4035.4920620262        0.0000000000        0.8869204367        0.1064304524        0.0000000000
       57.4489800000        1.0000000000        1.0000000000     4933.7350929881        0.0000000000        0.8869204367        0.1064304524        0.0000000000
       57.5510200000        1.0000000000        1.0000000000     3975.7552423114        0.0000000000        0.8869204367        0.1064304524        0.0000000000
       57.6530610000        1.0000000000        1.0000000000     2223.7784719642        0.0000000000        0.8869204367        0.1064304524        0.0000000000
       57.7551020000        1.0000000000        1.0000000000     1010.2799018597        0.0000000000        0.8869204367        0.1064304524        0.0000000000
       57.8571430000        1.0000000000        1.0000000000      476.6320710659        0.0000000000        0.8869204367        0.1064304524        0.0000000000
       57.9591840000        1.0000000000        1.0000000000      273.5630537657        0.0000000000        0.8869204367        0.1064304524        0.0000000000
       58.0612240000        1.0000000000        1.0000000000      185.1309336613        0.0000000000        0.8869204367        0.1064304524        0.0000000002
       58.1632650000        1.0000000000        1.0000000000      137.7355595247        0.0000000000        0.8869204367        0.1064304524        0.0000000664
       58.2653060000        1.0000000000        1.0000000000      108.4972634075        0.0000000000        0.8869204367        0.1064304524        0.0000022163
       58.3673470000        1.0000000000        1.0000000000       88.8748509537        0.0000000000        0.8869204367        0.1064304524        0.0000233484
       58.4693880000        1.0000000000        1.0000000000       74.9545793921        0.0000000000        0.8869204367        0.1064304524        0.0001240843
       58.5714290000        1.0000000000        1.0000000000       64.7004889109        0.0000000000        0.8869204367        0.1064304524        0.0004247292
       58.6734690000        1.0000000000        1.0000000000       57.1022819160        0.0000000000        0.8869204367        0.1064304524        0.0010570494
       58.7755100000        1.0000000000        1.0000000000       52.1435652709        0.0000000000        0.8869204367        0.1064304524        0.0019165514
       58.8775510000        1.0000000000        1.0000000000       50.5186259744        0.0000000000        0.8869204367        0.1064304524        0.0023291891
       58.9795920000        1.0000000000        1.0000000000       50.9984703906        0.0000000000        0.8869204367        0.1064304524        0.0021988595
       59.0816330000        1.0000000000        1.0000000000       49.0582775735        0.0000000000        0.8869204367        0.1064304524        0.0027753087
       59.1836730000        1.0000000000        1.0000000000       42.9675255344        0.0000000000        0.8869204367        0.1064304524        0.0057641184
       59.2857140000        1.0000000000        1.0000000000       36.5250028586        0.0000000000        0.8869204367        0.1064304524        0.0124878346
       59.3877550000        1.0000000000        1.0000000000       32.3664385176        0.0000000000        0.8869204367        0.1064304524        0.0205689500
       59.4897960000        1.0000000000        1.0000000000       29.9116446413        0.0000000000        0.8869204367        0.1064304524        0.0276149674
       59.5918370000        1.0000000000        1.0000000000       28.1628246178        0.0000000000        0.8869204367        0.1064304524        0.0340631558
       59.6938780000        1.0000000000        1.0000000000       26.7227775962        0.0000000000        0.8869204367        0.1064304524        0.0404886613
       59.7959180000        1.0000000000        1.0000000000       25.4777281828        0.0000000000        0.8869204367        0.1064304524        0.0470131757
       59.8979590000        1.0000000000        1.0000000000       24.3825396238        0.0000000000        0.8869204367        0.1064304524        0.0536161605
       60.0000000000        1.0000000000        1.0000000000       23.4098249803        0.0000000000        0.8869204367        0.1064304524        0.0602544411
