       55.0000000000        1.0000000000        1.0000000000       10.7548743511        0.0000000000        0.8869204367        0.1064304524        0.2751098182
       55.1020410000        1.0000000000        1.0000000000       11.7753060046        0.0000000000        0.8869204367        0.1064304524        0.2434030128
       55.2040820000        1.0000000000        1.0000000000       13.1157140331        0.0000000000        0.8869204367        0.1064304524        0.2072383531
       55.3061220000        1.0000000000        1.0000000000       14.9129083743        0.0000000000        0.8869204367        0.1064304524        0.1670354849
       55.4081630000        1.0000000000        1.0000000000       17.3985486592        0.0000000000        0.8869204367        0.1064304524        0.1239563441
       55.5102040000        1.0000000000        1.0000000000       21.0162688217        0.0000000000        0.8869204367        0.1064304524        0.0803026820
       55.6122450000        1.0000000000        1.0000000000       26.5566491653        0.0000000000        0.8869204367        0.1064304524        0.0413039187
       55.7142860000        1.0000000000        1.0000000000       34.9955673839        0.0000000000        0.8869204367        0.1064304524        0.0150035553
       55.8163270000        1.0000000000        1.0000000000       47.7769663942        0.0000000000        0.8869204367        0.1064304524        0.0032365868
       55.9183670000        1.0000000000        1.0000000000       70.1116451016        0.0000000000        0.8869204367        0.1064304524        0.0002218748
       56.0204080000        1.0000000000        1.0000000000      121.8050262283        0.0000000000        0.8869204367        0.1064304524        0.0000004488
       56.1224490000        1.0000000000        1.0000000000      278.5235828452        0.0000000000        0.8869204367        0.1064304524        0.0000000000
       56.2244900000        1.0000000000        1.0000000000      756.7915005954        0.0000000000        0.8869204367        0.1064304524        0.0000000000
       56.3265310000        1.0000000000        1.0000000000     1786.5878405938        0.0000000000        0.8869204367        0.1064304524        0.0000000000
       56.4285710000        1.0000000000        1.0000000000     2924.9711672295        0.0000000000        0.8869204367        0.1064304524        0.0000000000
       56.5306120000        1.0000000000        1.0000000000     3040.9095605379        0.0000000000        0.8869204367        0.1064304524        0.0000000000
       56.6326530000        1.0000000000        1.0000000000     2014.0898224585        0.0000000000        0.8869204367        0.1064304524        0.0000000000
       56.7346940000        1.0000000000        1.0000000000      934.5468587805        0.0000000000        0.8869204367        0.1064304524        0.0000000000
       56.8367350000        1.0000000000        1.0000000000      382.1576637791        0.0000000000        0.8869204367        0.1064304524        0.0000000000
       56.9387760000        1.0000000000        1.0000000000      185.6071767749        0.0000000000        0.8869204367        0.1064304524        0.0000000002
       57.0408160000        1.0000000000        1.0000000000      115.5918968167        0.0000000000        0.8869204367        0.1064304524        0.0000009460
       57.1428570000        1.0000000000        1.0000000000       83.4496304054        0.0000000000        0.8869204367        0.1064304524        0.0000447707
       57.2448980000        1.0000000000        1.0000000000       65.0910300870        0.0000000000        0.8869204367        0.1064304524        0.0004052836
       57.3469390000        1.0000000000        1.0000000000       53.2770130354        0.0000000000        0.8869204367        0.1064304524        0.0016728248
       57.4489800000        1.0000000000        1.0000000000       45.1192478377        0.0000000000        0.8869204367        0.1064304524        0.0044524101
       57.5510200000        1.0000000000        1.0000000000       39.2030646626        0.0000000000        0.8869204367        0.1064304524        0.0090556377
       57.6530610000        1.0000000000        1.0000000000       34.7502372915        0.0000000000        0.8869204367        0.1064304524        0.0154518201
       57.7551020000        1.0000000000        1.0000000000       31.2993105816        0.0000000000        0.8869204367        0.1064304524        0.0233789959
       57.8571430000        1.0000000000        1.0000000000       28.5606601070        0.0000000000        0.8869204367        0.1064304524        0.0324751787
       57.9591840000        1.0000000000        1.0000000000       26.3442741607        0.0000000000        0.8869204367        0.1064304524        0.0423700769
       58.0612240000        1.0000000000        1.0000000000       24.5209961517        0.0000000000        0.8869204367        0.1064304524        0.0527326992
       58.1632650000        1.0000000000        1.0000000000       23.0005102950        0.0000000000        0.8869204367        0.1064304524        0.0632878928
       58.2653060000        1.0000000000        1.0000000000       21.7186117780        0.0000000000        0.8869204367        0.1064304524        0.0738120403
       58.3673470000        1.0000000000        1.0000000000       20.6298564575        0.0000000000        0.8869204367        0.1064304524        0.0841139565
       58.4693880000        1.0000000000        1.0000000000       19.7057976371        0.0000000000        0.8869204367        0.1064304524        0.0939778919
       58.5714290000        1.0000000000        1.0000000000       18.9530787933        0.0000000000        0.8869204367        0.1064304524        0.1028617469
       58.6734690000        1.0000000000        1.0000000000       18.5378970693        0.0000000000        0.8869204367        0.1064304524        0.1081163142
       58.7755100000        1.0000000000        1.0000000000       19.1625302057        0.0000000000        0.8869204367        0.1064304524        0.1003086221
       58.8775510000        1.0000000000        1.0000000000       21.9473604090        0.0000000000        0.8869204367        0.1064304524        0.0718134676
       58.9795920000        1.0000000000        1.0000000000       25.8872327823        0.0000000000        0.8869204367        0.1064304524        0.0447587674
       59.0816330000        1.0000000000        1.0000000000       26.6639157820        0.0000000000        0.8869204367        0.1064304524        0.0407756621
       59.1836730000        1.0000000000        1.0000000000       22.8352882315        0.0000000000        0.8869204367        0.1064304524        0.0645552013
       59.2857140000        1.0000000000        1.0000000000       18.3840019278        0.0000000000        0.8869204367        0.1064304524        0.1101314935
       59.3877550000        1.0000000000        1.0000000000       15.9636729700        0.0000000000        0.8869204367        0.1064304524        0.1472474526
       59.4897960000        1.0000000000        1.0000000000       14.9962887916        0.0000000000        0.8869204367        0.1064304524        0.1653725197
       59.5918370000        1.0000000000        1.0000000000       14.5214412005        0.0000000000        0.8869204367        0.1064304524        0.1750693769
       59.6938780000        1.0000000000        1.0000000000       14.1831436614        0.0000000000        0.8869204367        0.1064304524        0.1823226719
       59.7959180000        1.0000000000        1.0000000000       13.8994066642        0.0000000000        0.8869204367        0.1064304524        0.1886373671
       59.8979590000        1.0000000000        1.0000000000       13.6490924806        0.0000000000        0.8869204367        0.1064304524        0.1943895589
       60.0000000000        1.0000000000        1.0000000000       13.4235150220        0.0000000000        0.8869204367        0.1064304524        0.1997234134
