       55.0000000000        1.0000000000        1.0000000000        7.1800305655        0.0000000000        0.8869204367        0.1064304524        0.4224840147
       55.1020410000        1.0000000000        1.0000000000        7.2565576676        0.0000000000        0.8869204367        0.1064304524        0.4186219975
       55.2040820000        1.0000000000        1.0000000000        7.3534305124        0.0000000000        0.8869204367        0.1064304524        0.4137838009
       55.3061220000        1.0000000000        1.0000000000        7.4795119344        0.0000000000        0.8869204367        0.1064304524        0.4075704686
       55.4081630000        1.0000000000        1.0000000000        7.6645817400        0.0000000000        0.8869204367        0.1064304524        0.3986187595
       55.5102040000        1.0000000000        1.0000000000        8.0218188348        0.0000000000        0.8869204367        0.1064304524        0.3818916841
       55.6122450000        1.0000000000        1.0000000000        8.7776161970        0.0000000000        0.8869204367        0.1064304524        0.3487799946
       55.7142860000        1.0000000000        1.0000000000        9.8705084588        0.0000000000        0.8869204367        0.1064304524        0.3059110165
       55.8163270000        1.0000000000        1.0000000000       10.5432054028        0.0000000000        0.8869204367        0.1064304524        0.2821871859
       55.9183670000        1.0000000000        1.0000000000       10.3934254561        0.0000000000        0.8869204367        0.1064304524        0.2873049583
       56.0204080000        1.0000000000        1.0000000000       10.1649263560        0.0000000000        0.8869204367        0.1064304524        0.2952918284
       56.1224490000        1.0000000000        1.0000000000       10.4773682001        0.0000000000        0.8869204367        0.1064304524        0.2844254257
       56.2244900000        1.0000000000        1.0000000000       11.2999243239        0.0000000000        0.8869204367        0.1064304524        0.2576918162
       56.3265310000        1.0000000000        1.0000000000       12.5322971536        0.0000000000        0.8869204367        0.1064304524        0.2222670575
       56.4285710000        1.0000000000        1.0000000000       14.2482927200        0.0000000000        0.8869204367        0.1064304524        0.1809028510
       56.5306120000        1.0000000000        1.0000000000       16.6666339877        0.0000000000        0.8869204367        0.1064304524        0.1353358140
       56.6326530000        1.0000000000        1.0000000000       20.1826801148        0.0000000000        0.8869204367        0.1064304524        0.0887509085
       56.7346940000        1.0000000000        1.0000000000       25.5240972525        0.0000000000        0.8869204367        0.1064304524        0.0467523073
       56.8367350000        1.0000000000        1.0000000000       34.1597292668        0.0000000000        0.8869204367        0.1064304524        0.0165864777
       56.9387760000        1.0000000000        1.0000000000       49.6272999058        0.0000000000        0.8869204367        0.1064304524        0.0025921283
       57.0408160000        1.0000000000        1.0000000000       83.5964475663        0.0000000000        0.8869204367        0.1064304524        0.0000439889
       57.1428570000        1.0000000000        1.0000000000      183.9734035390        0.0000000000        0.8869204367        0.1064304524        0.0000000003
       57.2448980000        1.0000000000        1.0000000000      508.4103380890        0.0000000000        0.8869204367        0.1064304524        0.0000000000
       57.3469390000        1.0000000000        1.0000000000     1291.9221771067        0.0000000000        0.8869204367        0.1064304524        0.0000000000
       57.4489800000        1.0000000000        1.0000000000     2326.8572551609        0.0000000000        0.8869204367        0.1064304524        0.0000000000
       57.5510200000        1.0000000000        1.0000000000     2678.1122449787        0.0000000000        0.8869204367        0.1064304524        0.0000000000
       57.6530610000        1.0000000000        1.0000000000     1943.8949864244        0.0000000000        0.8869204367        0.1064304524        0.0000000000
       57.7551020000        1.0000000000        1.0000000000      953.5680716173        0.0000000000        0.8869204367        0.1064304524        0.0000000000
       57.8571430000        1.0000000000        1.0000000000      383.5978736491        0.0000000000        0.8869204367        0.1064304524        0.0000000000
       57.9591840000        1.0000000000        1.0000000000      173.5497325930        0.0000000000        0.8869204367        0.1064304524        0.0000000009
       58.0612240000        1.0000000000        1.0000000000      102.9307643631        0.0000000000        0.8869204367        0.1064304524        0.0000043224
       58.1632650000        1.0000000000        1.0000000000       73.0018031746        0.0000000000        0.8869204367        0.1064304524        0.0001568507
       58.2653060000        1.0000000000        1.0000000000       56.6297539557        0.0000000000        0.8869204367        0.1064304524        0.0011187196
       58.3673470000        1.0000000000        1.0000000000       46.3174437459        0.0000000000        0.8869204367        0.1064304524        0.0038561221
       58.4693880000        1.0000000000        1.0000000000       39.3017298143        0.0000000000        0.8869204367        0.1064304524        0.0089490529
       58.5714290000        1.0000000000        1.0000000000       34.3108312780        0.0000000000        0.8869204367        0.1064304524        0.0162884379
       58.6734690000        1.0000000000        1.0000000000       30.8283908970        0.0000000000        0.8869204367        0.1064304524        0.0247381942
       58.7755100000        1.0000000000        1.0000000000       29.1622585552        0.0000000000        0.8869204367        0.1064304524        0.0302133613
       58.8775510000        1.0000000000        1.0000000000       30.1998471498        0.0000000000        0.8869204367        0.1064304524        0.0266762491
       58.9795920000        1.0000000000        1.0000000000       32.8017402642        0.0000000000        0.8869204367        0.1064304524        0.0195220861
       59.0816330000        1.0000000000        1.0000000000       32.5466359153        0.0000000000        0.8869204367        0.1064304524        0.0201289478
       59.1836730000        1.0000000000        1.0000000000       27.8861397081        0.0000000000        0.8869204367        0.1064304524        0.0352131120
       59.2857140000        1.0000000000        1.0000000000       22.7341556620        0.0000000000        0.8869204367        0.1064304524        0.0653434104
       59.3877550000        1.0000000000        1.0000000000       19.7240213254        0.0000000000        0.8869204367        0.1064304524        0.0937726016
       59.4897960000        1.0000000000        1.0000000000       18.2656744262        0.0000000000        0.8869204367        0.1064304524        0.1117064388
       59.5918370000        1.0000000000        1.0000000000       17.3808100210        0.0000000000        0.8869204367        0.1064304524        0.1242204831
       59.6938780000        1.0000000000        1.0000000000       16.6968262045        0.0000000000        0.8869204367        0.1064304524        0.1348463705
       59.7959180000        1.0000000000        1.0000000000       16.1190765830        0.0000000000        0.8869204367        0.1064304524        0.1445269635
       59.8979590000        1.0000000000        1.0000000000       15.6168586882        0.0000000000        0.8869204367        0.1064304524        0.1535048613
       60.0000000000        1.0000000000        1.0000000000       15.1740830251        0.0000000000        0.8869204367        0.1064304524        0.1618816182
