       55.0000000000        1.0000000000        1.0000000000        7.4733482660        0.0000000000        0.8869204367        0.1064304524        0.4078720356
       55.1020410000        1.0000000000        1.0000000000        7.6852592217        0.0000000000        0.8869204367        0.1064304524        0.3976308938
       55.2040820000        1.0000000000        1.0000000000        7.9329824275        0.0000000000        0.8869204367        0.1064304524        0.3859845673
       55.3061220000        1.0000000000        1.0000000000        8.2273120996        0.0000000000        0.8869204367        0.1064304524        0.3725897048
       55.4081630000        1.0000000000        1.0000000000        8.6003637157        0.0000000000        0.8869204367        0.1064304524        0.3562781098
       55.5102040000        1.0000000000        1.0000000000        9.1676710736        0.0000000000        0.8869204367        0.1064304524        0.3328309656
       55.6122450000        1.0000000000        1.0000000000       10.1549357481        0.0000000000        0.8869204367        0.1064304524        0.2956460581
       55.7142860000        1.0000000000        1.0000000000       11.4940543929        0.0000000000        0.8869204367        0.1064304524        0.2517581116
       55.8163270000        1.0000000000        1.0000000000       12.4263597233        0.0000000000        0.8869204367        0.1064304524        0.2251106620
       55.9183670000        1.0000000000        1.0000000000       12.5632974737        0.0000000000        0.8869204367        0.1064304524        0.2214417515
       56.0204080000        1.0000000000        1.0000000000       12.6549389384        0.0000000000        0.8869204367        0.1064304524        0.2190199029
       56.1224490000        1.0000000000        1.0000000000       13.3065892419        0.0000000000        0.8869204367        0.1064304524        0.2025455035
       56.2244900000        1.0000000000        1.0000000000       14.4646375008        0.0000000000        0.8869204367        0.1064304524        0.1762668040
       56.3265310000        1.0000000000        1.0000000000       15.9958856583        0.0000000000        0.8869204367        0.1064304524        0.1466793629
       56.4285710000        1.0000000000        1.0000000000       17.9130147057        0.0000000000        0.8869204367        0.1064304524        0.1165352164
       56.5306120000        1.0000000000        1.0000000000       20.3152685165        0.0000000000        0.8869204367        0.1064304524        0.0873500018
       56.6326530000        1.0000000000        1.0000000000       23.3595216153        0.0000000000        0.8869204367        0.1064304524        0.0606192613
       56.7346940000        1.0000000000        1.0000000000       27.2755837747        0.0000000000        0.8869204367        0.1064304524        0.0378899243
       56.8367350000        1.0000000000        1.0000000000       32.4058833574        0.0000000000        0.8869204367        0.1064304524        0.0204718194
       56.9387760000        1.0000000000        1.0000000000       39.2773888501        0.0000000000        0.8869204367        0.1064304524        0.0089752305
       57.0408160000        1.0000000000        1.0000000000       48.7350446167        0.0000000000        0.8869204367        0.1064304524        0.0028850722
       57.1428570000        1.0000000000        1.0000000000       62.2062940465        0.0000000000        0.8869204367        0.1064304524        0.0005729253
       57.2448980000        1.0000000000        1.0000000000       82.2713518313        0.0000000000        0.8869204367        0.1064304524        0.0000515704
       57.3469390000        1.0000000000        1.0000000000      114.0787854516        0.0000000000        0.8869204367        0.1064304524        0.0000011343
       57.4489800000        1.0000000000        1.0000000000      169.6436150459        0.0000000000        0.8869204367        0.1064304524        0.0000000014
       57.5510200000        1.0000000000        1.0000000000      283.5805650539        0.0000000000        0.8869204367        0.1064304524        0.0000000000
       57.6530610000        1.0000000000        1.0000000000      568.1253229994        0.0000000000        0.8869204367        0.1064304524        0.0000000000
       57.7551020000        1.0000000000        1.0000000000     1317.3465994543        0.0000000000        0.8869204367        0.1064304524        0.0000000000
       57.8571430000        1.0000000000        1.0000000000     2872.4588514137        0.0000000000        0.8869204367        0.1064304524        0.0000000000
       57.9591840000        1.0000000000        1.0000000000     4777.0120717743        0.0000000000        0.8869204367        0.1064304524        0.0000000000
       58.0612240000        1.0000000000        1.0000000000     5436.7583204395        0.0000000000        0.8869204367        0.1064304524        0.0000000000
       58.1632650000        1.0000000000        1.0000000000     4162.8200383837        0.0000000000        0.8869204367        0.1064304524        0.0000000000
       58.2653060000        1.0000000000        1.0000000000     2286.1405030454        0.0000000000        0.8869204367        0.1064304524        0.0000000000
       58.3673470000        1.0000000000        1.0000000000     1063.3823558304        0.0000000000        0.8869204367        0.1064304524        0.0000000000
       58.4693880000        1.0000000000        1.0000000000      526.4423392856        0.0000000000        0.8869204367        0.1064304524        0.0000000000
       58.5714290000        1.0000000000        1.0000000000      312.8944037550        0.0000000000        0.8869204367        0.1064304524        0.0000000000
       58.6734690000        1.0000000000        1.0000000000      215.2136320212        0.0000000000        0.8869204367        0.1064304524        0.0000000000
       58.7755100000        1.0000000000        1.0000000000      162.2703422136        0.0000000000        0.8869204367        0.1064304524        0.0000000035
       58.8775510000        1.0000000000        1.0000000000      131.6506949237        0.0000000000        0.8869204367        0.1064304524        0.0000001377
       58.9795920000        1.0000000000        1.0000000000      113.2911597062        0.0000000000        0.8869204367        0.1064304524        0.0000012468
       59.0816330000        1.0000000000        1.0000000000       98.5045602207        0.0000000000        0.8869204367        0.1064304524        0.0000073519
       59.1836730000        1.0000000000        1.0000000000       83.1959951467        0.0000000000        0.8869204367        0.1064304524        0.0000461543
       59.2857140000        1.0000000000        1.0000000000       69.8075147177        0.0000000000        0.8869204367        0.1064304524        0.0002301218
       59.3877550000        1.0000000000        1.0000000000       60.2893987171        0.0000000000        0.8869204367        0.1064304524        0.0007211035
       59.4897960000        1.0000000000        1.0000000000       53.6556080988        0.0000000000        0.8869204367        0.1064304524        0.0015985266
       59.5918370000        1.0000000000        1.0000000000       48.6007818347        0.0000000000        0.8869204367        0.1064304524        0.0029319316
       59.6938780000        1.0000000000        1.0000000000       44.5020065790        0.0000000000        0.8869204367        0.1064304524        0.0047947161
       59.7959180000        1.0000000000        1.0000000000       41.0870151262        0.0000000000        0.8869204367        0.1064304524        0.0072233112
       59.8979590000        1.0000000000        1.0000000000       38.1981803659        0.0000000000        0.8869204367        0.1064304524        0.0102161892
       60.0000000000        1.0000000000        1.0000000000       35.7263817370        0.0000000000        0.8869204367        0.1064304524        0.0137438228
