       55.0000000000        1.0000000000        1.0000000000        7.6127372669        0.0000000000        0.8869204367        0.1064304524        0.4011064314
       55.1020410000        1.0000000000        1.0000000000        7.8472115042        0.0000000000        0.8869204367        0.1064304524        0.3899778328
       55.2040820000        1.0000000000        1.0000000000        8.1232186183        0.0000000000        0.8869204367        0.1064304524        0.3772729930
       55.3061220000        1.0000000000        1.0000000000        8.4531408029        0.0000000000        0.8869204367        0.1064304524        0.3626283145
       55.4081630000        1.0000000000        1.0000000000        8.8711948333        0.0000000000        0.8869204367        0.1064304524        0.3448853003
       55.5102040000        1.0000000000        1.0000000000        9.4957028666        0.0000000000        0.8869204367        0.1064304524        0.3199839809
       55.6122450000        1.0000000000        1.0000000000       10.5560350970        0.0000000000        0.8869204367        0.1064304524        0.2817530752
       55.7142860000        1.0000000000        1.0000000000       11.9889451492        0.0000000000        0.8869204367        0.1064304524        0.2372422714
       55.8163270000        1.0000000000        1.0000000000       13.0427482244        0.0000000000        0.8869204367        0.1064304524        0.2090608780
       55.9183670000        1.0000000000        1.0000000000       13.3390303485        0.0000000000        0.8869204367        0.1064304524        0.2017585403
       56.0204080000        1.0000000000        1.0000000000       13.6420156761        0.0000000000        0.8869204367        0.1064304524        0.1945547079
       56.1224490000        1.0000000000        1.0000000000       14.5771758660        0.0000000000        0.8869204367        0.1064304524        0.1739023918
       56.2244900000        1.0000000000        1.0000000000       16.1205604357        0.0000000000        0.8869204367        0.1064304524        0.1445012310
       56.3265310000        1.0000000000        1.0000000000       18.1842167601        0.0000000000        0.8869204367        0.1064304524        0.1128037144
       56.4285710000        1.0000000000        1.0000000000       20.8513086441        0.0000000000        0.8869204367        0.1064304524        0.0819081290
       56.5306120000        1.0000000000        1.0000000000       24.3344334858        0.0000000000        0.8869204367        0.1064304524        0.0539265675
       56.6326530000        1.0000000000        1.0000000000       28.9798262372        0.0000000000        0.8869204367        0.1064304524        0.0308820815
       56.7346940000        1.0000000000        1.0000000000       35.3488898719        0.0000000000        0.8869204367        0.1064304524        0.0143807211
       56.8367350000        1.0000000000        1.0000000000       44.3998651780        0.0000000000        0.8869204367        0.1064304524        0.0048538464
       56.9387760000        1.0000000000        1.0000000000       57.8971689039        0.0000000000        0.8869204367        0.1064304524        0.0009608807
       57.0408160000        1.0000000000        1.0000000000       79.4997785332        0.0000000000        0.8869204367        0.1064304524        0.0000719188
       57.1428570000        1.0000000000        1.0000000000      118.5566477824        0.0000000000        0.8869204367        0.1064304524        0.0000006628
       57.2448980000        1.0000000000        1.0000000000      206.2662367215        0.0000000000        0.8869204367        0.1064304524        0.0000000000
       57.3469390000        1.0000000000        1.0000000000      452.7862073722        0.0000000000        0.8869204367        0.1064304524        0.0000000000
       57.4489800000        1.0000000000        1.0000000000     1119.4507103318        0.0000000000        0.8869204367        0.1064304524        0.0000000000
       57.5510200000        1.0000000000        1.0000000000     2349.9695829926        0.0000000000        0.8869204367        0.1064304524        0.0000000000
       57.6530610000        1.0000000000        1.0000000000     3439.5714118386        0.0000000000        0.8869204367        0.1064304524        0.0000000000
       57.7551020000        1.0000000000        1.0000000000     3250.2240759665        0.0000000000        0.8869204367        0.1064304524        0.0000000000
       57.8571430000        1.0000000000        1.0000000000     2000.8467044582        0.0000000000        0.8869204367        0.1064304524        0.0000000000
       57.9591840000        1.0000000000        1.0000000000      901.0257136169        0.0000000000        0.8869204367        0.1064304524        0.0000000000
       58.0612240000        1.0000000000        1.0000000000      447.2300141349        0.0000000000        0.8869204367        0.1064304524        0.0000000000
       58.1632650000        1.0000000000        1.0000000000      548.6050737339        0.0000000000        0.8869204367        0.1064304524        0.0000000000
       58.2653060000        1.0000000000        1.0000000000     1176.2255260822        0.0000000000        0.8869204367        0.1064304524        0.0000000000
       58.3673470000        1.0000000000        1.0000000000     2027.8338795797        0.0000000000        0.8869204367        0.1064304524        0.0000000000
       58.4693880000        1.0000000000        1.0000000000     2267.6542055126        0.0000000000        0.8869204367        0.1064304524        0.0000000000
       58.5714290000        1.0000000000        1.0000000000     1626.4780214929        0.0000000000        0.8869204367        0.1064304524        0.0000000000
       58.6734690000        1.0000000000        1.0000000000      822.0303737295        0.0000000000        0.8869204367        0.1064304524        0.0000000000
       58.7755100000        1.0000000000        1.0000000000      369.3258667315        0.0000000000        0.8869204367        0.1064304524        0.0000000000
       58.8775510000        1.0000000000        1.0000000000      199.8984631000        0.0000000000        0.8869204367        0.1064304524        0.0000000000
       58.9795920000        1.0000000000        1.0000000000      140.2472335979        0.0000000000        0.8869204367        0.1064304524        0.0000000491
       59.0816330000        1.0000000000        1.0000000000      110.9497961932        0.0000000000        0.8869204367        0.1064304524        0.0000016513
       59.1836730000        1.0000000000        1.0000000000       89.2039350844        0.0000000000        0.8869204367        0.1064304524        0.0000224443
       59.2857140000        1.0000000000        1.0000000000       72.5419646441        0.0000000000        0.8869204367        0.1064304524        0.0001657490
       59.3877550000        1.0000000000        1.0000000000       61.2426762202        0.0000000000        0.8869204367        0.1064304524        0.0006431574
       59.4897960000        1.0000000000        1.0000000000       53.6076448917        0.0000000000        0.8869204367        0.1064304524        0.0016077535
       59.5918370000        1.0000000000        1.0000000000       47.9824663931        0.0000000000        0.8869204367        0.1064304524        0.0031577486
       59.6938780000        1.0000000000        1.0000000000       43.5608943175        0.0000000000        0.8869204367        0.1064304524        0.0053679601
       59.7959180000        1.0000000000        1.0000000000       39.9696057083        0.0000000000        0.8869204367        0.1064304524        0.0082598183
       59.8979590000        1.0000000000        1.0000000000       36.9930749309        0.0000000000        0.8869204367        0.1064304524        0.0118057451
       60.0000000000        1.0000000000        1.0000000000       34.4878797207        0.0000000000        0.8869204367        0.1064304524        0.0159460271
