       55.0000000000        1.0000000000        1.0000000000        8.0555725572        0.0000000000        0.8869204367        0.1064304524        0.3803479806
       55.1020410000        1.0000000000        1.0000000000        8.2773618403        0.0000000000        0.8869204367        0.1064304524        0.3703586491
       55.2040820000        1.0000000000        1.0000000000        8.5702890354        0.0000000000        0.8869204367        0.1064304524        0.3575662268
       55.3061220000        1.0000000000        1.0000000000        8.9651975459        0.0000000000        0.8869204367        0.1064304524        0.3410167422
       55.4081630000        1.0000000000        1.0000000000        9.5258622783        0.0000000000        0.8869204367        0.1064304524        0.3188280106
       55.5102040000        1.0000000000        1.0000000000       10.4195586194        0.0000000000        0.8869204367        0.1064304524        0.2864053871
       55.6122450000        1.0000000000        1.0000000000       11.9616135608        0.0000000000        0.8869204367        0.1064304524        0.2380216538
       55.7142860000        1.0000000000        1.0000000000       14.2442762734        0.0000000000        0.8869204367        0.1064304524        0.1809900625
       55.8163270000        1.0000000000        1.0000000000       16.8020999524        0.0000000000        0.8869204367        0.1064304524        0.1331535914
       55.9183670000        1.0000000000        1.0000000000       19.8371968977        0.0000000000        0.8869204367        0.1064304524        0.0925076784
       56.0204080000        1.0000000000        1.0000000000       25.6048455171        0.0000000000        0.8869204367        0.1064304524        0.0463014749
       56.1224490000        1.0000000000        1.0000000000       40.2423322455        0.0000000000        0.8869204367        0.1064304524        0.0079938733
       56.2244900000        1.0000000000        1.0000000000       89.0120691411        0.0000000000        0.8869204367        0.1064304524        0.0000229671
       56.3265310000        1.0000000000        1.0000000000      259.6757901126        0.0000000000        0.8869204367        0.1064304524        0.0000000000
       56.4285710000        1.0000000000        1.0000000000      677.6893653577        0.0000000000        0.8869204367        0.1064304524        0.0000000000
       56.5306120000        1.0000000000        1.0000000000     1198.4285230298        0.0000000000        0.8869204367        0.1064304524        0.0000000000
       56.6326530000        1.0000000000        1.0000000000     1306.6680010738        0.0000000000        0.8869204367        0.1064304524        0.0000000000
       56.7346940000        1.0000000000        1.0000000000      877.4856710058        0.0000000000        0.8869204367        0.1064304524        0.0000000000
       56.8367350000        1.0000000000        1.0000000000      414.4711006573        0.0000000000        0.8869204367        0.1064304524        0.0000000000
       56.9387760000        1.0000000000        1.0000000000      248.7435761734        0.0000000000        0.8869204367        0.1064304524        0.0000000000
       57.0408160000        1.0000000000        1.0000000000      333.4885229508        0.0000000000        0.8869204367        0.1064304524        0.0000000000
       57.1428570000        1.0000000000        1.0000000000      460.8829626045        0.0000000000        0.8869204367        0.1064304524        0.0000000000
       57.2448980000        1.0000000000        1.0000000000      422.3218886674        0.0000000000        0.8869204367        0.1064304524        0.0000000000
       57.3469390000        1.0000000000        1.0000000000      249.5795102585        0.0000000000        0.8869204367        0.1064304524        0.0000000000
       57.4489800000        1.0000000000        1.0000000000      111.0432316959        0.0000000000        0.8869204367        0.1064304524        0.0000016328
       57.5510200000        1.0000000000        1.0000000000       52.9865246081        0.0000000000        0.8869204367        0.1064304524        0.0017321654
       57.6530610000        1.0000000000        1.0000000000       34.5394142239        0.0000000000        0.8869204367        0.1064304524        0.0158477189
       57.7551020000        1.0000000000        1.0000000000       27.4796053182        0.0000000000        0.8869204367        0.1064304524        0.0369735444
       57.8571430000        1.0000000000        1.0000000000       23.6183898938        0.0000000000        0.8869204367        0.1064304524        0.0587651206
       57.9591840000        1.0000000000        1.0000000000       21.0652791916        0.0000000000        0.8869204367        0.1064304524        0.0798317884
       58.0612240000        1.0000000000        1.0000000000       19.2297550128        0.0000000000        0.8869204367        0.1064304524        0.0995026898
       58.1632650000        1.0000000000        1.0000000000       17.8436811299        0.0000000000        0.8869204367        0.1064304524        0.1175088375
       58.2653060000        1.0000000000        1.0000000000       16.7617295528        0.0000000000        0.8869204367        0.1064304524        0.1338002121
       58.3673470000        1.0000000000        1.0000000000       15.8988253991        0.0000000000        0.8869204367        0.1064304524        0.1483977592
       58.4693880000        1.0000000000        1.0000000000       15.2066872120        0.0000000000        0.8869204367        0.1064304524        0.1612494933
       58.5714290000        1.0000000000        1.0000000000       14.6824129850        0.0000000000        0.8869204367        0.1064304524        0.1717200820
       58.6734690000        1.0000000000        1.0000000000       14.4886240241        0.0000000000        0.8869204367        0.1064304524        0.1757601701
       58.7755100000        1.0000000000        1.0000000000       15.3261392275        0.0000000000        0.8869204367        0.1064304524        0.1589545912
       58.8775510000        1.0000000000        1.0000000000       18.3067048401        0.0000000000        0.8869204367        0.1064304524        0.1111577872
       58.9795920000        1.0000000000        1.0000000000       22.4059737540        0.0000000000        0.8869204367        0.1064304524        0.0679680967
       59.0816330000        1.0000000000        1.0000000000       23.3058875773        0.0000000000        0.8869204367        0.1064304524        0.0610106702
       59.1836730000        1.0000000000        1.0000000000       19.5989606158        0.0000000000        0.8869204367        0.1064304524        0.0951904865
       59.2857140000        1.0000000000        1.0000000000       15.2862342602        0.0000000000        0.8869204367        0.1064304524        0.1597175859
       59.3877550000        1.0000000000        1.0000000000       13.0067438143        0.0000000000        0.8869204367        0.1064304524        0.2099660858
       59.4897960000        1.0000000000        1.0000000000       12.1695449176        0.0000000000        0.8869204367        0.1064304524        0.2321560765
       59.5918370000        1.0000000000        1.0000000000       11.8131361790        0.0000000000        0.8869204367        0.1064304524        0.2423005596
       59.6938780000        1.0000000000        1.0000000000       11.5836576020        0.0000000000        0.8869204367        0.1064304524        0.2490656127
       59.7959180000        1.0000000000        1.0000000000       11.4007034196        0.0000000000        0.8869204367        0.1064304524        0.2545941907
       59.8979590000        1.0000000000        1.0000000000       11.2441598991        0.0000000000        0.8869204367        0.1064304524        0.2594220030
       60.0000000000        1.0000000000        1.0000000000       11.1060937816        0.0000000000        0.8869204367        0.1064304524        0.2637558923
