       55.0000000000        1.0000000000        1.0000000000        9.0181784306        0.0000000000        0.8869204367        0.1064304524        0.3388555354
       55.1020410000        1.0000000000        1.0000000000        9.5074549599        0.0000000000        0.8869204367        0.1064304524        0.3195330412
       55.2040820000        1.0000000000        1.0000000000       10.0979411018        0.0000000000        0.8869204367        0.1064304524        0.2976750177
       55.3061220000        1.0000000000        1.0000000000       10.8190347993        0.0000000000        0.8869204367        0.1064304524        0.2729998111
       55.4081630000        1.0000000000        1.0000000000       11.7280250543        0.0000000000        0.8869204367        0.1064304524        0.2447879370
       55.5102040000        1.0000000000        1.0000000000       12.9745982192        0.0000000000        0.8869204367        0.1064304524        0.2107775881
       55.6122450000        1.0000000000        1.0000000000       14.8298005569        0.0000000000        0.8869204367        0.1064304524        0.1687096537
       55.7142860000        1.0000000000        1.0000000000       17.2864731948        0.0000000000        0.8869204367        0.1064304524        0.1256347007
       55.8163270000        1.0000000000        1.0000000000       19.6803036751        0.0000000000        0.8869204367        0.1064304524        0.0942658364
       55.9183670000        1.0000000000        1.0000000000       21.7716583395        0.0000000000        0.8869204367        0.1064304524        0.0733436756
       56.0204080000        1.0000000000        1.0000000000       24.5291480285        0.0000000000        0.8869204367        0.1064304524        0.0526811399
       56.1224490000        1.0000000000        1.0000000000       28.8909577029        0.0000000000        0.8869204367        0.1064304524        0.0312131773
       56.2244900000        1.0000000000        1.0000000000       35.3457568523        0.0000000000        0.8869204367        0.1064304524        0.0143861287
       56.3265310000        1.0000000000        1.0000000000       44.7005580686        0.0000000000        0.8869204367        0.1064304524        0.0046818265
       56.4285710000        1.0000000000        1.0000000000       58.6961281761        0.0000000000        0.8869204367        0.1064304524        0.0008730346
       56.5306120000        1.0000000000        1.0000000000       80.9287405099        0.0000000000        0.8869204367        0.1064304524        0.0000605859
       56.6326530000        1.0000000000        1.0000000000      119.8451573743        0.0000000000        0.8869204367        0.1064304524        0.0000005678
       56.7346940000        1.0000000000        1.0000000000      200.3824584704        0.0000000000        0.8869204367        0.1064304524        0.0000000000
       56.8367350000        1.0000000000        1.0000000000      408.7786930290        0.0000000000        0.8869204367        0.1064304524        0.0000000000
       56.9387760000        1.0000000000        1.0000000000      993.3077796470        0.0000000000        0.8869204367        0.1064304524        0.0000000000
       57.0408160000        1.0000000000        1.0000000000     2290.1213124504        0.0000000000        0.8869204367        0.1064304524        0.0000000000
       57.1428570000        1.0000000000        1.0000000000     3973.5926175137        0.0000000000        0.8869204367        0.1064304524        0.0000000000
       57.2448980000        1.0000000000        1.0000000000     4616.8415163095        0.0000000000        0.8869204367        0.1064304524        0.0000000000
       57.3469390000        1.0000000000        1.0000000000     3522.1463671806        0.0000000000        0.8869204367        0.1064304524        0.0000000000
       57.4489800000        1.0000000000        1.0000000000     1881.3939237072        0.0000000000        0.8869204367        0.1064304524        0.0000000000
       57.5510200000        1.0000000000        1.0000000000      835.6072344515        0.0000000000        0.8869204367        0.1064304524        0.0000000000
       57.6530610000        1.0000000000        1.0000000000      399.3979834078        0.0000000000        0.8869204367        0.1064304524        0.0000000000
       57.7551020000        1.0000000000        1.0000000000      235.2657203564        0.0000000000        0.8869204367        0.1064304524        0.0000000000
       57.8571430000        1.0000000000        1.0000000000      162.2312932934        0.0000000000        0.8869204367        0.1064304524        0.0000000035
       57.9591840000        1.0000000000        1.0000000000      122.1093251673        0.0000000000        0.8869204367        0.1064304524        0.0000004327
       58.0612240000        1.0000000000        1.0000000000       96.9638978658        0.0000000000        0.8869204367        0.1064304524        0.0000088449
       58.1632650000        1.0000000000        1.0000000000       79.9281022704        0.0000000000        0.8869204367        0.1064304524        0.0000683156
       58.2653060000        1.0000000000        1.0000000000       67.7581578136        0.0000000000        0.8869204367        0.1064304524        0.0002942800
       58.3673470000        1.0000000000        1.0000000000       58.7148490063        0.0000000000        0.8869204367        0.1064304524        0.0008710755
       58.4693880000        1.0000000000        1.0000000000       51.7910869109        0.0000000000        0.8869204367        0.1064304524        0.0019993554
       58.5714290000        1.0000000000        1.0000000000       46.3921526708        0.0000000000        0.8869204367        0.1064304524        0.0038217061
       58.6734690000        1.0000000000        1.0000000000       42.2948286349        0.0000000000        0.8869204367        0.1064304524        0.0062487150
       58.7755100000        1.0000000000        1.0000000000       39.9417544586        0.0000000000        0.8869204367        0.1064304524        0.0082874701
       58.8775510000        1.0000000000        1.0000000000       40.2992880041        0.0000000000        0.8869204367        0.1064304524        0.0079394239
       58.9795920000        1.0000000000        1.0000000000       42.2948945247        0.0000000000        0.8869204367        0.1064304524        0.0062486656
       59.0816330000        1.0000000000        1.0000000000       41.5221059641        0.0000000000        0.8869204367        0.1064304524        0.0068558518
       59.1836730000        1.0000000000        1.0000000000       36.3720029612        0.0000000000        0.8869204367        0.1064304524        0.0127192288
       59.2857140000        1.0000000000        1.0000000000       30.7229813040        0.0000000000        0.8869204367        0.1064304524        0.0250530988
       59.3877550000        1.0000000000        1.0000000000       27.2345351776        0.0000000000        0.8869204367        0.1064304524        0.0380770241
       59.4897960000        1.0000000000        1.0000000000       25.3398967125        0.0000000000        0.8869204367        0.1064304524        0.0477972293
       59.5918370000        1.0000000000        1.0000000000       24.0611658787        0.0000000000        0.8869204367        0.1064304524        0.0557242474
       59.6938780000        1.0000000000        1.0000000000       23.0197016663        0.0000000000        0.8869204367        0.1064304524        0.0631423107
       59.7959180000        1.0000000000        1.0000000000       22.1158528743        0.0000000000        0.8869204367        0.1064304524        0.0703760449
       59.8979590000        1.0000000000        1.0000000000       21.3151202944        0.0000000000        0.8869204367        0.1064304524        0.0774738797
       60.0000000000        1.0000000000        1.0000000000       20.5983218348        0.0000000000        0.8869204367        0.1064304524        0.0844328597
