       55.0000000000        1.0000000000        1.0000000000        7.7244216769        0.0000000000        0.8869204367        0.1064304524        0.3957666135
       55.1020410000        1.0000000000        1.0000000000        7.9656273654        0.0000000000        0.8869204367        0.1064304524        0.3844754721
       55.2040820000        1.0000000000        1.0000000000        8.2596181750        0.0000000000        0.8869204367        0.1064304524        0.3711480717
       55.3061220000        1.0000000000        1.0000000000        8.6233481056        0.0000000000        0.8869204367        0.1064304524        0.3552968035
       55.4081630000        1.0000000000        1.0000000000        9.0973936686        0.0000000000        0.8869204367        0.1064304524        0.3356496940
       55.5102040000        1.0000000000        1.0000000000        9.8091066599        0.0000000000        0.8869204367        0.1064304524        0.3081733594
       55.6122450000        1.0000000000        1.0000000000       11.0014332365        0.0000000000        0.8869204367        0.1064304524        0.2670893617
       55.7142860000        1.0000000000        1.0000000000       12.6316679839        0.0000000000        0.8869204367        0.1064304524        0.2196323739
       55.8163270000        1.0000000000        1.0000000000       13.9764498859        0.0000000000        0.8869204367        0.1064304524        0.1869014164
       55.9183670000        1.0000000000        1.0000000000       14.6959297347        0.0000000000        0.8869204367        0.1064304524        0.1714417761
       56.0204080000        1.0000000000        1.0000000000       15.6163729033        0.0000000000        0.8869204367        0.1064304524        0.1535138100
       56.1224490000        1.0000000000        1.0000000000       17.4665364254        0.0000000000        0.8869204367        0.1064304524        0.1229491565
       56.2244900000        1.0000000000        1.0000000000       20.3885605468        0.0000000000        0.8869204367        0.1064304524        0.0865851232
       56.3265310000        1.0000000000        1.0000000000       24.5746409101        0.0000000000        0.8869204367        0.1064304524        0.0523943295
       56.4285710000        1.0000000000        1.0000000000       30.6071859799        0.0000000000        0.8869204367        0.1064304524        0.0254036525
       56.5306120000        1.0000000000        1.0000000000       39.6493014392        0.0000000000        0.8869204367        0.1064304524        0.0085834773
       56.6326530000        1.0000000000        1.0000000000       54.0292250606        0.0000000000        0.8869204367        0.1064304524        0.0015284410
       56.7346940000        1.0000000000        1.0000000000       79.1553411031        0.0000000000        0.8869204367        0.1064304524        0.0000749536
       56.8367350000        1.0000000000        1.0000000000      131.5001234326        0.0000000000        0.8869204367        0.1064304524        0.0000001402
       56.9387760000        1.0000000000        1.0000000000      272.8976702754        0.0000000000        0.8869204367        0.1064304524        0.0000000000
       57.0408160000        1.0000000000        1.0000000000      698.7099475805        0.0000000000        0.8869204367        0.1064304524        0.0000000000
       57.1428570000        1.0000000000        1.0000000000     1712.2028448535        0.0000000000        0.8869204367        0.1064304524        0.0000000000
       57.2448980000        1.0000000000        1.0000000000     3113.9805123507        0.0000000000        0.8869204367        0.1064304524        0.0000000000
       57.3469390000        1.0000000000        1.0000000000     3740.9329971433        0.0000000000        0.8869204367        0.1064304524        0.0000000000
       57.4489800000        1.0000000000        1.0000000000     2900.9796765994        0.0000000000        0.8869204367        0.1064304524        0.0000000000
       57.5510200000        1.0000000000        1.0000000000     1537.3715452165        0.0000000000        0.8869204367        0.1064304524        0.0000000000
       57.6530610000        1.0000000000        1.0000000000      657.2163891669        0.0000000000        0.8869204367        0.1064304524        0.0000000000
       57.7551020000        1.0000000000        1.0000000000      299.5923929511        0.0000000000        0.8869204367        0.1064304524        0.0000000000
       57.8571430000        1.0000000000        1.0000000000      172.5553073081        0.0000000000        0.8869204367        0.1064304524        0.0000000010
       57.9591840000        1.0000000000        1.0000000000      118.7545624378        0.0000000000        0.8869204367        0.1064304524        0.0000006472
       58.0612240000        1.0000000000        1.0000000000       89.8136041331        0.0000000000        0.8869204367        0.1064304524        0.0000208609
       58.1632650000        1.0000000000        1.0000000000       71.8103451121        0.0000000000        0.8869204367        0.1064304524        0.0001809588
       58.2653060000        1.0000000000        1.0000000000       59.6561366314        0.0000000000        0.8869204367        0.1064304524        0.0007780371
       58.3673470000        1.0000000000        1.0000000000       50.9924021371        0.0000000000        0.8869204367        0.1064304524        0.0022004613
       58.4693880000        1.0000000000        1.0000000000       44.5700381581        0.0000000000        0.8869204367        0.1064304524        0.0047557323
       58.5714290000        1.0000000000        1.0000000000       39.6944197328        0.0000000000        0.8869204367        0.1064304524        0.0085371302
       58.6734690000        1.0000000000        1.0000000000       36.1019969266        0.0000000000        0.8869204367        0.1064304524        0.0131380900
       58.7755100000        1.0000000000        1.0000000000       34.2203284374        0.0000000000        0.8869204367        0.1064304524        0.0164663000
       58.8775510000        1.0000000000        1.0000000000       35.0043257855        0.0000000000        0.8869204367        0.1064304524        0.0149877947
       58.9795920000        1.0000000000        1.0000000000       37.3642244628        0.0000000000        0.8869204367        0.1064304524        0.0112914787
       59.0816330000        1.0000000000        1.0000000000       36.8951953792        0.0000000000        0.8869204367        0.1064304524        0.0119452276
       59.1836730000        1.0000000000        1.0000000000       32.0228072125        0.0000000000        0.8869204367        0.1064304524        0.0214348567
       59.2857140000        1.0000000000        1.0000000000       26.6461956812        0.0000000000        0.8869204367        0.1064304524        0.0408624602
       59.3877550000        1.0000000000        1.0000000000       23.4147748910        0.0000000000        0.8869204367        0.1064304524        0.0602186613
       59.4897960000        1.0000000000        1.0000000000       21.7521876215        0.0000000000        0.8869204367        0.1064304524        0.0735152424
       59.5918370000        1.0000000000        1.0000000000       20.6814387367        0.0000000000        0.8869204367        0.1064304524        0.0835949098
       59.6938780000        1.0000000000        1.0000000000       19.8275895486        0.0000000000        0.8869204367        0.1064304524        0.0926143904
       59.7959180000        1.0000000000        1.0000000000       19.0939882937        0.0000000000        0.8869204367        0.1064304524        0.1011370658
       59.8979590000        1.0000000000        1.0000000000       18.4484065090        0.0000000000        0.8869204367        0.1064304524        0.1092836175
       60.0000000000        1.0000000000        1.0000000000       17.8734873510        0.0000000000        0.8869204367        0.1064304524        0.1170892889
