       55.0000000000        1.0000000000        1.0000000000        7.4864527936        0.0000000000        0.8869204367        0.1064304524        0.4072311432
       55.1020410000        1.0000000000        1.0000000000        7.6193680135        0.0000000000        0.8869204367        0.1064304524        0.4007874021
       55.2040820000        1.0000000000        1.0000000000        7.7858594787        0.0000000000        0.8869204367        0.1064304524        0.3928595393
       55.3061220000        1.0000000000        1.0000000000        7.9986633795        0.0000000000        0.8869204367        0.1064304524        0.3829543048
       55.4081630000        1.0000000000        1.0000000000        8.2928669494        0.0000000000        0.8869204367        0.1064304524        0.3696701957
       55.5102040000        1.0000000000        1.0000000000        8.7889200291        0.0000000000        0.8869204367        0.1064304524        0.3483072092
       55.6122450000        1.0000000000        1.0000000000        9.7228050316        0.0000000000        0.8869204367        0.1064304524        0.3113814460
       55.7142860000        1.0000000000        1.0000000000       11.0458304566        0.0000000000        0.8869204367        0.1064304524        0.2656701825
       55.8163270000        1.0000000000        1.0000000000       12.0213440489        0.0000000000        0.8869204367        0.1064304524        0.2363216954
       55.9183670000        1.0000000000        1.0000000000       12.2811691322        0.0000000000        0.8869204367        0.1064304524        0.2290671021
       56.0204080000        1.0000000000        1.0000000000       12.6194127166        0.0000000000        0.8869204367        0.1064304524        0.2199556099
       56.1224490000        1.0000000000        1.0000000000       13.7327847784        0.0000000000        0.8869204367        0.1064304524        0.1924470605
       56.2244900000        1.0000000000        1.0000000000       15.7186453037        0.0000000000        0.8869204367        0.1064304524        0.1516412968
       56.3265310000        1.0000000000        1.0000000000       18.7039533754        0.0000000000        0.8869204367        0.1064304524        0.1059832300
       56.4285710000        1.0000000000        1.0000000000       23.1881768092        0.0000000000        0.8869204367        0.1064304524        0.0618785790
       56.5306120000        1.0000000000        1.0000000000       30.2604926600        0.0000000000        0.8869204367        0.1064304524        0.0264828184
       56.6326530000        1.0000000000        1.0000000000       42.3826276328        0.0000000000        0.8869204367        0.1064304524        0.0061832249
       56.7346940000        1.0000000000        1.0000000000       66.7285578313        0.0000000000        0.8869204367        0.1064304524        0.0003329804
       56.8367350000        1.0000000000        1.0000000000      131.2673158956        0.0000000000        0.8869204367        0.1064304524        0.0000001442
       56.9387760000        1.0000000000        1.0000000000      340.8020676005        0.0000000000        0.8869204367        0.1064304524        0.0000000000
       57.0408160000        1.0000000000        1.0000000000      923.4615480535        0.0000000000        0.8869204367        0.1064304524        0.0000000000
       57.1428570000        1.0000000000        1.0000000000     1915.6851608958        0.0000000000        0.8869204367        0.1064304524        0.0000000000
       57.2448980000        1.0000000000        1.0000000000     2605.9240583623        0.0000000000        0.8869204367        0.1064304524        0.0000000000
       57.3469390000        1.0000000000        1.0000000000     2225.7805614555        0.0000000000        0.8869204367        0.1064304524        0.0000000000
       57.4489800000        1.0000000000        1.0000000000     1238.8239778273        0.0000000000        0.8869204367        0.1064304524        0.0000000000
       57.5510200000        1.0000000000        1.0000000000      517.5270839011        0.0000000000        0.8869204367        0.1064304524        0.0000000000
       57.6530610000        1.0000000000        1.0000000000      217.4909015827        0.0000000000        0.8869204367        0.1064304524        0.0000000000
       57.7551020000        1.0000000000        1.0000000000      117.9696967988        0.0000000000        0.8869204367        0.1064304524        0.0000007112
       57.8571430000        1.0000000000        1.0000000000       79.8012630382        0.0000000000        0.8869204367        0.1064304524        0.0000693634
       57.9591840000        1.0000000000        1.0000000000       60.3853092273        0.0000000000        0.8869204367        0.1064304524        0.0007128517
       58.0612240000        1.0000000000        1.0000000000       48.6021534093        0.0000000000        0.8869204367        0.1064304524        0.0029314491
       58.1632650000        1.0000000000        1.0000000000       40.7574774994        0.0000000000        0.8869204367        0.1064304524        0.0075146765
       58.2653060000        1.0000000000        1.0000000000       35.2173545480        0.0000000000        0.8869204367        0.1064304524        0.0146095107
       58.3673470000        1.0000000000        1.0000000000       31.1354561344        0.0000000000        0.8869204367        0.1064304524        0.0238432353
       58.4693880000        1.0000000000        1.0000000000       28.0359047788        0.0000000000        0.8869204367        0.1064304524        0.0345859215
       58.5714290000        1.0000000000        1.0000000000       25.6585451648        0.0000000000        0.8869204367        0.1064304524        0.0460040695
       58.6734690000        1.0000000000        1.0000000000       24.0020137584        0.0000000000        0.8869204367        0.1064304524        0.0561211995
       58.7755100000        1.0000000000        1.0000000000       23.6593706679        0.0000000000        0.8869204367        0.1064304524        0.0584768412
       58.8775510000        1.0000000000        1.0000000000       25.6810623146        0.0000000000        0.8869204367        0.1064304524        0.0458799316
       58.9795920000        1.0000000000        1.0000000000       29.0196246962        0.0000000000        0.8869204367        0.1064304524        0.0307349461
       59.0816330000        1.0000000000        1.0000000000       29.3208463308        0.0000000000        0.8869204367        0.1064304524        0.0296438214
       59.1836730000        1.0000000000        1.0000000000       25.1018036843        0.0000000000        0.8869204367        0.1064304524        0.0491825476
       59.2857140000        1.0000000000        1.0000000000       20.3180984623        0.0000000000        0.8869204367        0.1064304524        0.0873203433
       59.3877550000        1.0000000000        1.0000000000       17.6154607478        0.0000000000        0.8869204367        0.1064304524        0.1207714588
       59.4897960000        1.0000000000        1.0000000000       16.4109185724        0.0000000000        0.8869204367        0.1064304524        0.1395530827
       59.5918370000        1.0000000000        1.0000000000       15.7364336996        0.0000000000        0.8869204367        0.1064304524        0.1513179474
       59.6938780000        1.0000000000        1.0000000000       15.2288082054        0.0000000000        0.8869204367        0.1064304524        0.1608220211
       59.7959180000        1.0000000000        1.0000000000       14.8004441590        0.0000000000        0.8869204367        0.1064304524        0.1693050267
       59.8979590000        1.0000000000        1.0000000000       14.4258775586        0.0000000000        0.8869204367        0.1064304524        0.1770885645
       60.0000000000        1.0000000000        1.0000000000       14.0930132199        0.0000000000        0.8869204367        0.1064304524        0.1843053131
