       55.0000000000        1.0000000000        1.0000000000       26.5149905231        0.0000000000        0.8869204367        0.1064304524        0.0415109155
       55.1020410000        1.0000000000        1.0000000000       29.4568853583        0.0000000000        0.8869204367        0.1064304524        0.0291638240
       55.2040820000        1.0000000000        1.0000000000       32.9586158947        0.0000000000        0.8869204367        0.1064304524        0.0191580189
       55.3061220000        1.0000000000        1.0000000000       37.1714617918        0.0000000000        0.8869204367        0.1064304524        0.0115557120
       55.4081630000        1.0000000000        1.0000000000       42.3195893510        0.0000000000        0.8869204367        0.1064304524        0.0062301758
       55.5102040000        1.0000000000        1.0000000000       48.7832221742        0.0000000000        0.8869204367        0.1064304524        0.0028684408
       55.6122450000        1.0000000000        1.0000000000       57.1481376614        0.0000000000        0.8869204367        0.1064304524        0.0010512488
       55.7142860000        1.0000000000        1.0000000000       67.8510380488        0.0000000000        0.8869204367        0.1064304524        0.0002910183
       55.8163270000        1.0000000000        1.0000000000       80.9578805562        0.0000000000        0.8869204367        0.1064304524        0.0000603744
       55.9183670000        1.0000000000        1.0000000000       97.4623575997        0.0000000000        0.8869204367        0.1064304524        0.0000083314
       56.0204080000        1.0000000000        1.0000000000      120.3510204692        0.0000000000        0.8869204367        0.1064304524        0.0000005344
       56.1224490000        1.0000000000        1.0000000000      154.1742445484        0.0000000000        0.8869204367        0.1064304524        0.0000000092
       56.2244900000        1.0000000000        1.0000000000      206.7677544125        0.0000000000        0.8869204367        0.1064304524        0.0000000000
       56.3265310000        1.0000000000        1.0000000000      296.9206842542        0.0000000000        0.8869204367        0.1064304524        0.0000000000
       56.4285710000        1.0000000000        1.0000000000      480.2135692903        0.0000000000        0.8869204367        0.1064304524        0.0000000000
       56.5306120000        1.0000000000        1.0000000000      925.5287197054        0.0000000000        0.8869204367        0.1064304524        0.0000000000
       56.6326530000        1.0000000000        1.0000000000     1983.3938174656        0.0000000000        0.8869204367        0.1064304524        0.0000000000
       56.7346940000        1.0000000000        1.0000000000     3778.7896306306        0.0000000000        0.8869204367        0.1064304524        0.0000000000
       56.8367350000        1.0000000000        1.0000000000     5277.4679877723        0.0000000000        0.8869204367        0.1064304524        0.0000000000
       56.9387760000        1.0000000000        1.0000000000     4938.2031776874        0.0000000000        0.8869204367        0.1064304524        0.0000000000
       57.0408160000        1.0000000000        1.0000000000     3088.0737437496        0.0000000000        0.8869204367        0.1064304524        0.0000000000
       57.1428570000        1.0000000000        1.0000000000     1411.1245494234        0.0000000000        0.8869204367        0.1064304524        0.0000000000
       57.2448980000        1.0000000000        1.0000000000      600.0779147643        0.0000000000        0.8869204367        0.1064304524        0.0000000000
       57.3469390000        1.0000000000        1.0000000000      384.4370413919        0.0000000000        0.8869204367        0.1064304524        0.0000000000
       57.4489800000        1.0000000000        1.0000000000      554.1701628970        0.0000000000        0.8869204367        0.1064304524        0.0000000000
       57.5510200000        1.0000000000        1.0000000000     1307.6332133660        0.0000000000        0.8869204367        0.1064304524        0.0000000000
       57.6530610000        1.0000000000        1.0000000000     2969.1733225655        0.0000000000        0.8869204367        0.1064304524        0.0000000000
       57.7551020000        1.0000000000        1.0000000000     4982.7037919996        0.0000000000        0.8869204367        0.1064304524        0.0000000000
       57.8571430000        1.0000000000        1.0000000000     5644.3158783809        0.0000000000        0.8869204367        0.1064304524        0.0000000000
       57.9591840000        1.0000000000        1.0000000000     4331.9373658756        0.0000000000        0.8869204367        0.1064304524        0.0000000000
       58.0612240000        1.0000000000        1.0000000000     2458.3333455060        0.0000000000        0.8869204367        0.1064304524        0.0000000000
       58.1632650000        1.0000000000        1.0000000000     1238.5505274756        0.0000000000        0.8869204367        0.1064304524        0.0000000000
       58.2653060000        1.0000000000        1.0000000000      684.4807980072        0.0000000000        0.8869204367        0.1064304524        0.0000000000
       58.3673470000        1.0000000000        1.0000000000      445.9598848233        0.0000000000        0.8869204367        0.1064304524        0.0000000000
       58.4693880000        1.0000000000        1.0000000000      326.1174652918        0.0000000000        0.8869204367        0.1064304524        0.0000000000
       58.5714290000        1.0000000000        1.0000000000      254.8819750855        0.0000000000        0.8869204367        0.1064304524        0.0000000000
       58.6734690000        1.0000000000        1.0000000000      207.9280898686        0.0000000000        0.8869204367        0.1064304524        0.0000000000
       58.7755100000        1.0000000000        1.0000000000      175.6656321903        0.0000000000        0.8869204367        0.1064304524        0.0000000007
       58.8775510000        1.0000000000        1.0000000000      154.1728535172        0.0000000000        0.8869204367        0.1064304524        0.0000000092
       58.9795920000        1.0000000000        1.0000000000      139.8379961684        0.0000000000        0.8869204367        0.1064304524        0.0000000516
       59.0816330000        1.0000000000        1.0000000000      126.6361022012        0.0000000000        0.8869204367        0.1064304524        0.0000002514
       59.1836730000        1.0000000000        1.0000000000      111.5835504959        0.0000000000        0.8869204367        0.1064304524        0.0000015303
       59.2857140000        1.0000000000        1.0000000000       97.6685470288        0.0000000000        0.8869204367        0.1064304524        0.0000081278
       59.3877550000        1.0000000000        1.0000000000       87.2227702433        0.0000000000        0.8869204367        0.1064304524        0.0000284679
       59.4897960000        1.0000000000        1.0000000000       79.4954826084        0.0000000000        0.8869204367        0.1064304524        0.0000719558
       59.5918370000        1.0000000000        1.0000000000       73.2947381230        0.0000000000        0.8869204367        0.1064304524        0.0001514328
       59.6938780000        1.0000000000        1.0000000000       68.0522026558        0.0000000000        0.8869204367        0.1064304524        0.0002840773
       59.7959180000        1.0000000000        1.0000000000       63.5252448725        0.0000000000        0.8869204367        0.1064304524        0.0004890580
       59.8979590000        1.0000000000        1.0000000000       59.5723221143        0.0000000000        0.8869204367        0.1064304524        0.0007859018
       60.0000000000        1.0000000000        1.0000000000       56.0922042220        0.0000000000        0.8869204367        0.1064304524        0.0011932620
