       55.0000000000        1.0000000000        1.0000000000       11.8194761034        0.0000000000        0.8869204367        0.1064304524        0.2421162897
       55.1020410000        1.0000000000        1.0000000000       12.7078022391        0.0000000000        0.8869204367        0.1064304524        0.2176349266
       55.2040820000        1.0000000000        1.0000000000       13.7581867988        0.0000000000        0.8869204367        0.1064304524        0.1918613284
       55.3061220000        1.0000000000        1.0000000000       15.0130553638        0.0000000000        0.8869204367        0.1064304524        0.1650401265
       55.4081630000        1.0000000000        1.0000000000       16.5467551011        0.0000000000        0.8869204367        0.1064304524        0.1372967535
       55.5102040000        1.0000000000        1.0000000000       18.5310010345        0.0000000000        0.8869204367        0.1064304524        0.1082058201
       55.6122450000        1.0000000000        1.0000000000       21.2624492998        0.0000000000        0.8869204367        0.1064304524        0.0779651056
       55.7142860000        1.0000000000        1.0000000000       24.7633540684        0.0000000000        0.8869204367        0.1064304524        0.0512211632
       55.8163270000        1.0000000000        1.0000000000       28.4221520598        0.0000000000        0.8869204367        0.1064304524        0.0330194583
       55.9183670000        1.0000000000        1.0000000000       32.0947172004        0.0000000000        0.8869204367        0.1064304524        0.0212506868
       56.0204080000        1.0000000000        1.0000000000       36.8774724837        0.0000000000        0.8869204367        0.1064304524        0.0119706591
       56.1224490000        1.0000000000        1.0000000000       43.8850927558        0.0000000000        0.8869204367        0.1064304524        0.0051631360
       56.2244900000        1.0000000000        1.0000000000       53.9006354224        0.0000000000        0.8869204367        0.1064304524        0.0015522089
       56.3265310000        1.0000000000        1.0000000000       68.2652618358        0.0000000000        0.8869204367        0.1064304524        0.0002769063
       56.4285710000        1.0000000000        1.0000000000       89.7611349589        0.0000000000        0.8869204367        0.1064304524        0.0000209927
       56.5306120000        1.0000000000        1.0000000000      124.3403558903        0.0000000000        0.8869204367        0.1064304524        0.0000003311
       56.6326530000        1.0000000000        1.0000000000      187.2765308240        0.0000000000        0.8869204367        0.1064304524        0.0000000002
       56.7346940000        1.0000000000        1.0000000000      327.9761427239        0.0000000000        0.8869204367        0.1064304524        0.0000000000
       56.8367350000        1.0000000000        1.0000000000      708.0808947799        0.0000000000        0.8869204367        0.1064304524        0.0000000000
       56.9387760000        1.0000000000        1.0000000000     1670.2527270587        0.0000000000        0.8869204367        0.1064304524        0.0000000000
       57.0408160000        1.0000000000        1.0000000000     3320.5052493435        0.0000000000        0.8869204367        0.1064304524        0.0000000000
       57.1428570000        1.0000000000        1.0000000000     4645.0324368150        0.0000000000        0.8869204367        0.1064304524        0.0000000000
       57.2448980000        1.0000000000        1.0000000000     4264.3442823035        0.0000000000        0.8869204367        0.1064304524        0.0000000000
       57.3469390000        1.0000000000        1.0000000000     2608.1101941891        0.0000000000        0.8869204367        0.1064304524        0.0000000000
       57.4489800000        1.0000000000        1.0000000000     1183.2562841981        0.0000000000        0.8869204367        0.1064304524        0.0000000000
       57.5510200000        1.0000000000        1.0000000000      496.5847323922        0.0000000000        0.8869204367        0.1064304524        0.0000000000
       57.6530610000        1.0000000000        1.0000000000      245.0905425354        0.0000000000        0.8869204367        0.1064304524        0.0000000000
       57.7551020000        1.0000000000        1.0000000000      150.7756273856        0.0000000000        0.8869204367        0.1064304524        0.0000000139
       57.8571430000        1.0000000000        1.0000000000      110.5710752292        0.0000000000        0.8869204367        0.1064304524        0.0000017280
       57.9591840000        1.0000000000        1.0000000000       97.3664820110        0.0000000000        0.8869204367        0.1064304524        0.0000084278
       58.0612240000        1.0000000000        1.0000000000      112.8348862090        0.0000000000        0.8869204367        0.1064304524        0.0000013170
       58.1632650000        1.0000000000        1.0000000000      200.4429676193        0.0000000000        0.8869204367        0.1064304524        0.0000000000
       58.2653060000        1.0000000000        1.0000000000      519.5448125899        0.0000000000        0.8869204367        0.1064304524        0.0000000000
       58.3673470000        1.0000000000        1.0000000000     1348.3707859419        0.0000000000        0.8869204367        0.1064304524        0.0000000000
       58.4693880000        1.0000000000        1.0000000000     2585.9803267986        0.0000000000        0.8869204367        0.1064304524        0.0000000000
       58.5714290000        1.0000000000        1.0000000000     3257.2484623470        0.0000000000        0.8869204367        0.1064304524        0.0000000000
       58.6734690000        1.0000000000        1.0000000000     2645.8302672572        0.0000000000        0.8869204367        0.1064304524        0.0000000000
       58.7755100000        1.0000000000        1.0000000000     1476.9838730261        0.0000000000        0.8869204367        0.1064304524        0.0000000000
       58.8775510000        1.0000000000        1.0000000000      676.8061794011        0.0000000000        0.8869204367        0.1064304524        0.0000000000
       58.9795920000        1.0000000000        1.0000000000      340.2936780437        0.0000000000        0.8869204367        0.1064304524        0.0000000000
       59.0816330000        1.0000000000        1.0000000000      215.5047833808        0.0000000000        0.8869204367        0.1064304524        0.0000000000
       59.1836730000        1.0000000000        1.0000000000      156.4974193836        0.0000000000        0.8869204367        0.1064304524        0.0000000070
       59.2857140000        1.0000000000        1.0000000000      121.0598778456        0.0000000000        0.8869204367        0.1064304524        0.0000004908
       59.3877550000        1.0000000000        1.0000000000       98.5496021680        0.0000000000        0.8869204367        0.1064304524        0.0000073123
       59.4897960000        1.0000000000        1.0000000000       83.5845892860        0.0000000000        0.8869204367        0.1064304524        0.0000440515
       59.5918370000        1.0000000000        1.0000000000       72.8637382141        0.0000000000        0.8869204367        0.1064304524        0.0001594710
       59.6938780000        1.0000000000        1.0000000000       64.7273401668        0.0000000000        0.8869204367        0.1064304524        0.0004233629
       59.7959180000        1.0000000000        1.0000000000       58.3243949106        0.0000000000        0.8869204367        0.1064304524        0.0009128606
       59.8979590000        1.0000000000        1.0000000000       53.1551948987        0.0000000000        0.8869204367        0.1064304524        0.0016974581
       60.0000000000        1.0000000000        1.0000000000       48.8979710805        0.0000000000        0.8869204367        0.1064304524        0.0028292135
