       55.0000000000        1.0000000000        1.0000000000        6.9435085238        0.0000000000        0.8869204367        0.1064304524        0.4346470212
       55.1020410000        1.0000000000        1.0000000000        6.9903681239        0.0000000000        0.8869204367        0.1064304524        0.4322097938
       55.2040820000        1.0000000000        1.0000000000        7.0500417636        0.0000000000        0.8869204367        0.1064304524        0.4291258649
       55.3061220000        1.0000000000        1.0000000000        7.1292832106        0.0000000000        0.8869204367        0.1064304524        0.4250646579
       55.4081630000        1.0000000000        1.0000000000        7.2550608496        0.0000000000        0.8869204367        0.1064304524        0.4186971964
       55.5102040000        1.0000000000        1.0000000000        7.5368203276        0.0000000000        0.8869204367        0.1064304524        0.4047772192
       55.6122450000        1.0000000000        1.0000000000        8.1962144121        0.0000000000        0.8869204367        0.1064304524        0.3739827037
       55.7142860000        1.0000000000        1.0000000000        9.1657836868        0.0000000000        0.8869204367        0.1064304524        0.3329063558
       55.8163270000        1.0000000000        1.0000000000        9.6789974067        0.0000000000        0.8869204367        0.1064304524        0.3130226619
       55.9183670000        1.0000000000        1.0000000000        9.3189233381        0.0000000000        0.8869204367        0.1064304524        0.3268444855
       56.0204080000        1.0000000000        1.0000000000        8.8092354768        0.0000000000        0.8869204367        0.1064304524        0.3474591214
       56.1224490000        1.0000000000        1.0000000000        8.7417828370        0.0000000000        0.8869204367        0.1064304524        0.3502829788
       56.2244900000        1.0000000000        1.0000000000        9.0438599015        0.0000000000        0.8869204367        0.1064304524        0.3378128658
       56.3265310000        1.0000000000        1.0000000000        9.5490872060        0.0000000000        0.8869204367        0.1064304524        0.3179406767
       56.4285710000        1.0000000000        1.0000000000       10.2247274093        0.0000000000        0.8869204367        0.1064304524        0.2931803621
       56.5306120000        1.0000000000        1.0000000000       11.1105197230        0.0000000000        0.8869204367        0.1064304524        0.2636158454
       56.6326530000        1.0000000000        1.0000000000       12.2846772588        0.0000000000        0.8869204367        0.1064304524        0.2289706909
       56.7346940000        1.0000000000        1.0000000000       13.8723919114        0.0000000000        0.8869204367        0.1064304524        0.1892498784
       56.8367350000        1.0000000000        1.0000000000       16.0783865289        0.0000000000        0.8869204367        0.1064304524        0.1452343864
       56.9387760000        1.0000000000        1.0000000000       19.2566906758        0.0000000000        0.8869204367        0.1064304524        0.0991815886
       57.0408160000        1.0000000000        1.0000000000       24.0719103487        0.0000000000        0.8869204367        0.1064304524        0.0556524464
       57.1428570000        1.0000000000        1.0000000000       31.9581540650        0.0000000000        0.8869204367        0.1064304524        0.0216018032
       57.2448980000        1.0000000000        1.0000000000       46.9694838684        0.0000000000        0.8869204367        0.1064304524        0.0035659026
       57.3469390000        1.0000000000        1.0000000000       85.0028355101        0.0000000000        0.8869204367        0.1064304524        0.0000371577
       57.4489800000        1.0000000000        1.0000000000      208.1126419562        0.0000000000        0.8869204367        0.1064304524        0.0000000000
       57.5510200000        1.0000000000        1.0000000000      559.5788509843        0.0000000000        0.8869204367        0.1064304524        0.0000000000
       57.6530610000        1.0000000000        1.0000000000     1178.0576912530        0.0000000000        0.8869204367        0.1064304524        0.0000000000
       57.7551020000        1.0000000000        1.0000000000     1626.3965018559        0.0000000000        0.8869204367        0.1064304524        0.0000000000
       57.8571430000        1.0000000000        1.0000000000     1397.3886295740        0.0000000000        0.8869204367        0.1064304524        0.0000000000
       57.9591840000        1.0000000000        1.0000000000      780.5213419730        0.0000000000        0.8869204367        0.1064304524        0.0000000000
       58.0612240000        1.0000000000        1.0000000000      382.9053105001        0.0000000000        0.8869204367        0.1064304524        0.0000000000
       58.1632650000        1.0000000000        1.0000000000      422.9507505682        0.0000000000        0.8869204367        0.1064304524        0.0000000000
       58.2653060000        1.0000000000        1.0000000000      906.7996631870        0.0000000000        0.8869204367        0.1064304524        0.0000000000
       58.3673470000        1.0000000000        1.0000000000     1558.4931636689        0.0000000000        0.8869204367        0.1064304524        0.0000000000
       58.4693880000        1.0000000000        1.0000000000     1716.1883039134        0.0000000000        0.8869204367        0.1064304524        0.0000000000
       58.5714290000        1.0000000000        1.0000000000     1194.0641472115        0.0000000000        0.8869204367        0.1064304524        0.0000000000
       58.6734690000        1.0000000000        1.0000000000      573.0785101414        0.0000000000        0.8869204367        0.1064304524        0.0000000000
       58.7755100000        1.0000000000        1.0000000000      239.9752864476        0.0000000000        0.8869204367        0.1064304524        0.0000000000
       58.8775510000        1.0000000000        1.0000000000      124.0056268977        0.0000000000        0.8869204367        0.1064304524        0.0000003447
       58.9795920000        1.0000000000        1.0000000000       87.3752216750        0.0000000000        0.8869204367        0.1064304524        0.0000279519
       59.0816330000        1.0000000000        1.0000000000       70.0376163356        0.0000000000        0.8869204367        0.1064304524        0.0002238546
       59.1836730000        1.0000000000        1.0000000000       55.7960991147        0.0000000000        0.8869204367        0.1064304524        0.0012364241
       59.2857140000        1.0000000000        1.0000000000       44.4471984644        0.0000000000        0.8869204367        0.1064304524        0.0048263547
       59.3877550000        1.0000000000        1.0000000000       37.1334679036        0.0000000000        0.8869204367        0.1064304524        0.0116085179
       59.4897960000        1.0000000000        1.0000000000       32.5710804683        0.0000000000        0.8869204367        0.1064304524        0.0200699892
       59.5918370000        1.0000000000        1.0000000000       29.3746104833        0.0000000000        0.8869204367        0.1064304524        0.0294531840
       59.6938780000        1.0000000000        1.0000000000       26.9186683449        0.0000000000        0.8869204367        0.1064304524        0.0395479982
       59.7959180000        1.0000000000        1.0000000000       24.9495826234        0.0000000000        0.8869204367        0.1064304524        0.0500891974
       59.8979590000        1.0000000000        1.0000000000       23.3331428564        0.0000000000        0.8869204367        0.1064304524        0.0608114526
       60.0000000000        1.0000000000        1.0000000000       21.9832586036        0.0000000000        0.8869204367        0.1064304524        0.0715047761
