       55.0000000000        1.0000000000        1.0000000000        7.2613536698        0.0000000000        0.8869204367        0.1064304524        0.4183811414
       55.1020410000        1.0000000000        1.0000000000        7.3527718281        0.0000000000        0.8869204367        0.1064304524        0.4138165086
       55.2040820000        1.0000000000        1.0000000000        7.4671990214        0.0000000000        0.8869204367        0.1064304524        0.4081731193
       55.3061220000        1.0000000000        1.0000000000        7.6141192079        0.0000000000        0.8869204367        0.1064304524        0.4010399202
       55.4081630000        1.0000000000        1.0000000000        7.8241289425        0.0000000000        0.8869204367        0.1064304524        0.3910595327
       55.5102040000        1.0000000000        1.0000000000        8.2114635452        0.0000000000        0.8869204367        0.1064304524        0.3732989800
       55.6122450000        1.0000000000        1.0000000000        9.0037334740        0.0000000000        0.8869204367        0.1064304524        0.3394434152
       55.7142860000        1.0000000000        1.0000000000       10.1408273215        0.0000000000        0.8869204367        0.1064304524        0.2961470141
       55.8163270000        1.0000000000        1.0000000000       10.8678506313        0.0000000000        0.8869204367        0.1064304524        0.2714052804
       55.9183670000        1.0000000000        1.0000000000       10.7868585657        0.0000000000        0.8869204367        0.1064304524        0.2740559414
       56.0204080000        1.0000000000        1.0000000000       10.6471733252        0.0000000000        0.8869204367        0.1064304524        0.2786884469
       56.1224490000        1.0000000000        1.0000000000       11.0755000032        0.0000000000        0.8869204367        0.1064304524        0.2647259867
       56.2244900000        1.0000000000        1.0000000000       12.0517750545        0.0000000000        0.8869204367        0.1064304524        0.2354602884
       56.3265310000        1.0000000000        1.0000000000       13.4931559674        0.0000000000        0.8869204367        0.1064304524        0.1980612969
       56.4285710000        1.0000000000        1.0000000000       15.5021305039        0.0000000000        0.8869204367        0.1064304524        0.1556328361
       56.5306120000        1.0000000000        1.0000000000       18.3468730346        0.0000000000        0.8869204367        0.1064304524        0.1106232755
       56.6326530000        1.0000000000        1.0000000000       22.5139678609        0.0000000000        0.8869204367        0.1064304524        0.0670929610
       56.7346940000        1.0000000000        1.0000000000       28.9166734778        0.0000000000        0.8869204367        0.1064304524        0.0311170052
       56.8367350000        1.0000000000        1.0000000000       39.4721562298        0.0000000000        0.8869204367        0.1064304524        0.0087678930
       56.9387760000        1.0000000000        1.0000000000       59.1405304664        0.0000000000        0.8869204367        0.1064304524        0.0008276968
       57.0408160000        1.0000000000        1.0000000000      105.2527712025        0.0000000000        0.8869204367        0.1064304524        0.0000032713
       57.1428570000        1.0000000000        1.0000000000      246.2660878967        0.0000000000        0.8869204367        0.1064304524        0.0000000000
       57.2448980000        1.0000000000        1.0000000000      676.4550440956        0.0000000000        0.8869204367        0.1064304524        0.0000000000
       57.3469390000        1.0000000000        1.0000000000     1588.3585887388        0.0000000000        0.8869204367        0.1064304524        0.0000000000
       57.4489800000        1.0000000000        1.0000000000     2569.9953922381        0.0000000000        0.8869204367        0.1064304524        0.0000000000
       57.5510200000        1.0000000000        1.0000000000     2641.5329912171        0.0000000000        0.8869204367        0.1064304524        0.0000000000
       57.6530610000        1.0000000000        1.0000000000     1733.9053862657        0.0000000000        0.8869204367        0.1064304524        0.0000000000
       57.7551020000        1.0000000000        1.0000000000      798.7237321959        0.0000000000        0.8869204367        0.1064304524        0.0000000000
       57.8571430000        1.0000000000        1.0000000000      324.6936721675        0.0000000000        0.8869204367        0.1064304524        0.0000000000
       57.9591840000        1.0000000000        1.0000000000      157.5223732101        0.0000000000        0.8869204367        0.1064304524        0.0000000062
       58.0612240000        1.0000000000        1.0000000000       98.5522234473        0.0000000000        0.8869204367        0.1064304524        0.0000073100
       58.1632650000        1.0000000000        1.0000000000       71.6142338454        0.0000000000        0.8869204367        0.1064304524        0.0001852678
       58.2653060000        1.0000000000        1.0000000000       56.2371809874        0.0000000000        0.8869204367        0.1064304524        0.0011726821
       58.3673470000        1.0000000000        1.0000000000       46.3391329987        0.0000000000        0.8869204367        0.1064304524        0.0038460987
       58.4693880000        1.0000000000        1.0000000000       39.5118835623        0.0000000000        0.8869204367        0.1064304524        0.0087261935
       58.5714290000        1.0000000000        1.0000000000       34.6070856860        0.0000000000        0.8869204367        0.1064304524        0.0157195474
       58.6734690000        1.0000000000        1.0000000000       31.1605636591        0.0000000000        0.8869204367        0.1064304524        0.0237715061
       58.7755100000        1.0000000000        1.0000000000       29.5045920032        0.0000000000        0.8869204367        0.1064304524        0.0289973440
       58.8775510000        1.0000000000        1.0000000000       30.5391977162        0.0000000000        0.8869204367        0.1064304524        0.0256117583
       58.9795920000        1.0000000000        1.0000000000       33.1323514656        0.0000000000        0.8869204367        0.1064304524        0.0187627422
       59.0816330000        1.0000000000        1.0000000000       32.8663742826        0.0000000000        0.8869204367        0.1064304524        0.0193712569
       59.1836730000        1.0000000000        1.0000000000       28.1931774824        0.0000000000        0.8869204367        0.1064304524        0.0339393117
       59.2857140000        1.0000000000        1.0000000000       23.0267947165        0.0000000000        0.8869204367        0.1064304524        0.0630885890
       59.3877550000        1.0000000000        1.0000000000       20.0018560778        0.0000000000        0.8869204367        0.1064304524        0.0906977500
       59.4897960000        1.0000000000        1.0000000000       18.5293030288        0.0000000000        0.8869204367        0.1064304524        0.1082278704
       59.5918370000        1.0000000000        1.0000000000       17.6311030539        0.0000000000        0.8869204367        0.1064304524        0.1205449741
       59.6938780000        1.0000000000        1.0000000000       16.9346593295        0.0000000000        0.8869204367        0.1064304524        0.1310522580
       59.7959180000        1.0000000000        1.0000000000       16.3452934595        0.0000000000        0.8869204367        0.1064304524        0.1406564038
       59.8979590000        1.0000000000        1.0000000000       15.8322627011        0.0000000000        0.8869204367        0.1064304524        0.1495878364
       60.0000000000        1.0000000000        1.0000000000       15.3794307995        0.0000000000        0.8869204367        0.1064304524        0.1579413218
