       55.0000000000        1.0000000000        1.0000000000       10.1921611527        0.0000000000        0.8869204367        0.1064304524        0.2943283382
       55.1020410000        1.0000000000        1.0000000000       10.7539022273        0.0000000000        0.8869204367        0.1064304524        0.2751419130
       55.2040820000        1.0000000000        1.0000000000       11.3994230593        0.0000000000        0.8869204367        0.1064304524        0.2546333104
       55.3061220000        1.0000000000        1.0000000000       12.1484830340        0.0000000000        0.8869204367        0.1064304524        0.2327435759
       55.4081630000        1.0000000000        1.0000000000       13.0446047437        0.0000000000        0.8869204367        0.1064304524        0.2090143082
       55.5102040000        1.0000000000        1.0000000000       14.2173501067        0.0000000000        0.8869204367        0.1064304524        0.1815758125
       55.6122450000        1.0000000000        1.0000000000       15.9063297465        0.0000000000        0.8869204367        0.1064304524        0.1482641840
       55.7142860000        1.0000000000        1.0000000000       18.0553154985        0.0000000000        0.8869204367        0.1064304524        0.1145621441
       55.8163270000        1.0000000000        1.0000000000       19.9318787944        0.0000000000        0.8869204367        0.1064304524        0.0914625706
       55.9183670000        1.0000000000        1.0000000000       21.2025796743        0.0000000000        0.8869204367        0.1064304524        0.0785272516
       56.0204080000        1.0000000000        1.0000000000       22.6791131139        0.0000000000        0.8869204367        0.1064304524        0.0657764391
       56.1224490000        1.0000000000        1.0000000000       25.0285708666        0.0000000000        0.8869204367        0.1064304524        0.0496166655
       56.2244900000        1.0000000000        1.0000000000       28.2874785225        0.0000000000        0.8869204367        0.1064304524        0.0335574151
       56.3265310000        1.0000000000        1.0000000000       32.4644363455        0.0000000000        0.8869204367        0.1064304524        0.0203284812
       56.4285710000        1.0000000000        1.0000000000       37.7875615751        0.0000000000        0.8869204367        0.1064304524        0.0107321927
       56.5306120000        1.0000000000        1.0000000000       44.6931279717        0.0000000000        0.8869204367        0.1064304524        0.0046860027
       56.6326530000        1.0000000000        1.0000000000       53.8937746829        0.0000000000        0.8869204367        0.1064304524        0.0015534874
       56.7346940000        1.0000000000        1.0000000000       66.6002881173        0.0000000000        0.8869204367        0.1064304524        0.0003381454
       56.8367350000        1.0000000000        1.0000000000       85.0558896857        0.0000000000        0.8869204367        0.1064304524        0.0000369219
       56.9387760000        1.0000000000        1.0000000000      114.1074421508        0.0000000000        0.8869204367        0.1064304524        0.0000011305
       57.0408160000        1.0000000000        1.0000000000      167.5688197566        0.0000000000        0.8869204367        0.1064304524        0.0000000018
       57.1428570000        1.0000000000        1.0000000000      295.2736316922        0.0000000000        0.8869204367        0.1064304524        0.0000000000
       57.2448980000        1.0000000000        1.0000000000      649.4602599835        0.0000000000        0.8869204367        0.1064304524        0.0000000000
       57.3469390000        1.0000000000        1.0000000000     1442.2308899871        0.0000000000        0.8869204367        0.1064304524        0.0000000000
       57.4489800000        1.0000000000        1.0000000000     2440.8698302591        0.0000000000        0.8869204367        0.1064304524        0.0000000000
       57.5510200000        1.0000000000        1.0000000000     2721.5732565687        0.0000000000        0.8869204367        0.1064304524        0.0000000000
       57.6530610000        1.0000000000        1.0000000000     1937.3865412869        0.0000000000        0.8869204367        0.1064304524        0.0000000000
       57.7551020000        1.0000000000        1.0000000000      982.4071618560        0.0000000000        0.8869204367        0.1064304524        0.0000000000
       57.8571430000        1.0000000000        1.0000000000      601.5337501905        0.0000000000        0.8869204367        0.1064304524        0.0000000000
       57.9591840000        1.0000000000        1.0000000000      915.4113571667        0.0000000000        0.8869204367        0.1064304524        0.0000000000
       58.0612240000        1.0000000000        1.0000000000     2083.2287491076        0.0000000000        0.8869204367        0.1064304524        0.0000000000
       58.1632650000        1.0000000000        1.0000000000     4070.0229155985        0.0000000000        0.8869204367        0.1064304524        0.0000000000
       58.2653060000        1.0000000000        1.0000000000     5648.5188274231        0.0000000000        0.8869204367        0.1064304524        0.0000000000
       58.3673470000        1.0000000000        1.0000000000     5300.9060195701        0.0000000000        0.8869204367        0.1064304524        0.0000000000
       58.4693880000        1.0000000000        1.0000000000     3472.7243487217        0.0000000000        0.8869204367        0.1064304524        0.0000000000
       58.5714290000        1.0000000000        1.0000000000     1792.0629633454        0.0000000000        0.8869204367        0.1064304524        0.0000000000
       58.6734690000        1.0000000000        1.0000000000      894.2463045525        0.0000000000        0.8869204367        0.1064304524        0.0000000000
       58.7755100000        1.0000000000        1.0000000000      514.0253857643        0.0000000000        0.8869204367        0.1064304524        0.0000000000
       58.8775510000        1.0000000000        1.0000000000      347.6876977310        0.0000000000        0.8869204367        0.1064304524        0.0000000000
       58.9795920000        1.0000000000        1.0000000000      262.6720777749        0.0000000000        0.8869204367        0.1064304524        0.0000000000
       59.0816330000        1.0000000000        1.0000000000      209.6517246415        0.0000000000        0.8869204367        0.1064304524        0.0000000000
       59.1836730000        1.0000000000        1.0000000000      169.9621467776        0.0000000000        0.8869204367        0.1064304524        0.0000000014
       59.2857140000        1.0000000000        1.0000000000      139.7704419838        0.0000000000        0.8869204367        0.1064304524        0.0000000520
       59.3877550000        1.0000000000        1.0000000000      118.0925624954        0.0000000000        0.8869204367        0.1064304524        0.0000007008
       59.4897960000        1.0000000000        1.0000000000      102.3937333986        0.0000000000        0.8869204367        0.1064304524        0.0000046102
       59.5918370000        1.0000000000        1.0000000000       90.3992272945        0.0000000000        0.8869204367        0.1064304524        0.0000194453
       59.6938780000        1.0000000000        1.0000000000       80.8559196966        0.0000000000        0.8869204367        0.1064304524        0.0000611176
       59.7959180000        1.0000000000        1.0000000000       73.0790608477        0.0000000000        0.8869204367        0.1064304524        0.0001554032
       59.8979590000        1.0000000000        1.0000000000       66.6338044651        0.0000000000        0.8869204367        0.1064304524        0.0003367881
       60.0000000000        1.0000000000        1.0000000000       61.2187801388        0.0000000000        0.8869204367        0.1064304524        0.0006450043
