       55.0000000000        1.0000000000        1.0000000000       11.4129480286        0.0000000000        0.8869204367        0.1064304524        0.2542203767
       55.1020410000        1.0000000000        1.0000000000       12.6681663755        0.0000000000        0.8869204367        0.1064304524        0.2186725300
       55.2040820000        1.0000000000        1.0000000000       14.3667585961        0.0000000000        0.8869204367        0.1064304524        0.1783493465
       55.3061220000        1.0000000000        1.0000000000       16.7267224156        0.0000000000        0.8869204367        0.1064304524        0.1343634698
       55.4081630000        1.0000000000        1.0000000000       20.1308524056        0.0000000000        0.8869204367        0.1064304524        0.0893045993
       55.5102040000        1.0000000000        1.0000000000       25.3233151361        0.0000000000        0.8869204367        0.1064304524        0.0478924304
       55.6122450000        1.0000000000        1.0000000000       33.7501430764        0.0000000000        0.8869204367        0.1064304524        0.0174220755
       55.7142860000        1.0000000000        1.0000000000       48.0497050595        0.0000000000        0.8869204367        0.1064304524        0.0031323724
       55.8163270000        1.0000000000        1.0000000000       75.2713262491        0.0000000000        0.8869204367        0.1064304524        0.0001194564
       55.9183670000        1.0000000000        1.0000000000      145.0916335936        0.0000000000        0.8869204367        0.1064304524        0.0000000274
       56.0204080000        1.0000000000        1.0000000000      371.1664084934        0.0000000000        0.8869204367        0.1064304524        0.0000000000
       56.1224490000        1.0000000000        1.0000000000     1001.5774494171        0.0000000000        0.8869204367        0.1064304524        0.0000000000
       56.2244900000        1.0000000000        1.0000000000     2067.9292869641        0.0000000000        0.8869204367        0.1064304524        0.0000000000
       56.3265310000        1.0000000000        1.0000000000     2790.6183373469        0.0000000000        0.8869204367        0.1064304524        0.0000000000
       56.4285710000        1.0000000000        1.0000000000     2356.3441669937        0.0000000000        0.8869204367        0.1064304524        0.0000000000
       56.5306120000        1.0000000000        1.0000000000     1296.1081208934        0.0000000000        0.8869204367        0.1064304524        0.0000000000
       56.6326530000        1.0000000000        1.0000000000      539.0041572600        0.0000000000        0.8869204367        0.1064304524        0.0000000000
       56.7346940000        1.0000000000        1.0000000000      228.5584231491        0.0000000000        0.8869204367        0.1064304524        0.0000000000
       56.8367350000        1.0000000000        1.0000000000      125.3199910621        0.0000000000        0.8869204367        0.1064304524        0.0000002944
       56.9387760000        1.0000000000        1.0000000000       85.0544486763        0.0000000000        0.8869204367        0.1064304524        0.0000369282
       57.0408160000        1.0000000000        1.0000000000       64.3254133951        0.0000000000        0.8869204367        0.1064304524        0.0004442826
       57.1428570000        1.0000000000        1.0000000000       51.6836455252        0.0000000000        0.8869204367        0.1064304524        0.0020253000
       57.2448980000        1.0000000000        1.0000000000       43.2469361318        0.0000000000        0.8869204367        0.1064304524        0.0055740558
       57.3469390000        1.0000000000        1.0000000000       37.2773511266        0.0000000000        0.8869204367        0.1064304524        0.0114098058
       57.4489800000        1.0000000000        1.0000000000       32.8680697107        0.0000000000        0.8869204367        0.1064304524        0.0193673162
       57.5510200000        1.0000000000        1.0000000000       29.5012268220        0.0000000000        0.8869204367        0.1064304524        0.0290090561
       57.6530610000        1.0000000000        1.0000000000       26.8610845142        0.0000000000        0.8869204367        0.1064304524        0.0398222236
       57.7551020000        1.0000000000        1.0000000000       24.7452747423        0.0000000000        0.8869204367        0.1064304524        0.0513324091
       57.8571430000        1.0000000000        1.0000000000       23.0186510275        0.0000000000        0.8869204367        0.1064304524        0.0631502720
       57.9591840000        1.0000000000        1.0000000000       21.5879591544        0.0000000000        0.8869204367        0.1064304524        0.0749784081
       58.0612240000        1.0000000000        1.0000000000       20.3871468875        0.0000000000        0.8869204367        0.1064304524        0.0865998127
       58.1632650000        1.0000000000        1.0000000000       19.3684974752        0.0000000000        0.8869204367        0.1064304524        0.0978597745
       58.2653060000        1.0000000000        1.0000000000       18.4973895193        0.0000000000        0.8869204367        0.1064304524        0.1086431368
       58.3673470000        1.0000000000        1.0000000000       17.7494796188        0.0000000000        0.8869204367        0.1064304524        0.1188447150
       58.4693880000        1.0000000000        1.0000000000       17.1117507444        0.0000000000        0.8869204367        0.1064304524        0.1282966537
       58.5714290000        1.0000000000        1.0000000000       16.6024819887        0.0000000000        0.8869204367        0.1064304524        0.1363816820
       58.6734690000        1.0000000000        1.0000000000       16.3970380512        0.0000000000        0.8869204367        0.1064304524        0.1397857248
       58.7755100000        1.0000000000        1.0000000000       17.2045772007        0.0000000000        0.8869204367        0.1064304524        0.1268754650
       58.8775510000        1.0000000000        1.0000000000       20.1472540110        0.0000000000        0.8869204367        0.1064304524        0.0891290035
       58.9795920000        1.0000000000        1.0000000000       24.2158159632        0.0000000000        0.8869204367        0.1064304524        0.0546996529
       59.0816330000        1.0000000000        1.0000000000       25.0950378669        0.0000000000        0.8869204367        0.1064304524        0.0492224950
       59.1836730000        1.0000000000        1.0000000000       21.3595041237        0.0000000000        0.8869204367        0.1064304524        0.0770623461
       59.2857140000        1.0000000000        1.0000000000       17.0012925042        0.0000000000        0.8869204367        0.1064304524        0.1300085449
       59.3877550000        1.0000000000        1.0000000000       14.6692686491        0.0000000000        0.8869204367        0.1064304524        0.1719911533
       59.4897960000        1.0000000000        1.0000000000       13.7810464115        0.0000000000        0.8869204367        0.1064304524        0.1913357445
       59.5918370000        1.0000000000        1.0000000000       13.3765811861        0.0000000000        0.8869204367        0.1064304524        0.2008514413
       59.6938780000        1.0000000000        1.0000000000       13.1014352163        0.0000000000        0.8869204367        0.1064304524        0.2075937517
       59.7959180000        1.0000000000        1.0000000000       12.8748141561        0.0000000000        0.8869204367        0.1064304524        0.2133166284
       59.8979590000        1.0000000000        1.0000000000       12.6764415327        0.0000000000        0.8869204367        0.1064304524        0.2184554918
       60.0000000000        1.0000000000        1.0000000000       12.4982994614        0.0000000000        0.8869204367        0.1064304524        0.2231756978
