       55.0000000000        1.0000000000        1.0000000000        7.4109722915        0.0000000000        0.8869204367        0.1064304524        0.4109364600
       55.1020410000        1.0000000000        1.0000000000        7.5866397710        0.0000000000        0.8869204367        0.1064304524        0.4023645452
       55.2040820000        1.0000000000        1.0000000000        7.8002640637        0.0000000000        0.8869204367        0.1064304524        0.3921810484
       55.3061220000        1.0000000000        1.0000000000        8.0646760732        0.0000000000        0.8869204367        0.1064304524        0.3799327070
       55.4081630000        1.0000000000        1.0000000000        8.4148751727        0.0000000000        0.8869204367        0.1064304524        0.3642972875
       55.5102040000        1.0000000000        1.0000000000        8.9706949355        0.0000000000        0.8869204367        0.1064304524        0.3407918522
       55.6122450000        1.0000000000        1.0000000000        9.9654394316        0.0000000000        0.8869204367        0.1064304524        0.3024459389
       55.7142860000        1.0000000000        1.0000000000       11.3439818830        0.0000000000        0.8869204367        0.1064304524        0.2563330186
       55.8163270000        1.0000000000        1.0000000000       12.3628594996        0.0000000000        0.8869204367        0.1064304524        0.2268325634
       55.9183670000        1.0000000000        1.0000000000       12.6489296762        0.0000000000        0.8869204367        0.1064304524        0.2191778976
       56.0204080000        1.0000000000        1.0000000000       12.9810124693        0.0000000000        0.8869204367        0.1064304524        0.2106154129
       56.1224490000        1.0000000000        1.0000000000       14.0183310426        0.0000000000        0.8869204367        0.1064304524        0.1859644551
       56.2244900000        1.0000000000        1.0000000000       15.7908054197        0.0000000000        0.8869204367        0.1064304524        0.1503338712
       56.3265310000        1.0000000000        1.0000000000       18.2984473050        0.0000000000        0.8869204367        0.1064304524        0.1112679885
       56.4285710000        1.0000000000        1.0000000000       21.7798662955        0.0000000000        0.8869204367        0.1064304524        0.0732714709
       56.5306120000        1.0000000000        1.0000000000       26.7379121666        0.0000000000        0.8869204367        0.1064304524        0.0404151946
       56.6326530000        1.0000000000        1.0000000000       34.0952647581        0.0000000000        0.8869204367        0.1064304524        0.0167152840
       56.7346940000        1.0000000000        1.0000000000       45.6670396274        0.0000000000        0.8869204367        0.1064304524        0.0041691431
       56.8367350000        1.0000000000        1.0000000000       65.6255158727        0.0000000000        0.8869204367        0.1064304524        0.0003801054
       56.9387760000        1.0000000000        1.0000000000      106.6560463935        0.0000000000        0.8869204367        0.1064304524        0.0000027643
       57.0408160000        1.0000000000        1.0000000000      217.5522510010        0.0000000000        0.8869204367        0.1064304524        0.0000000000
       57.1428570000        1.0000000000        1.0000000000      559.7923442504        0.0000000000        0.8869204367        0.1064304524        0.0000000000
       57.2448980000        1.0000000000        1.0000000000     1400.8354701514        0.0000000000        0.8869204367        0.1064304524        0.0000000000
       57.3469390000        1.0000000000        1.0000000000     2594.7297057869        0.0000000000        0.8869204367        0.1064304524        0.0000000000
       57.4489800000        1.0000000000        1.0000000000     3137.1033843524        0.0000000000        0.8869204367        0.1064304524        0.0000000000
       57.5510200000        1.0000000000        1.0000000000     2408.8956111607        0.0000000000        0.8869204367        0.1064304524        0.0000000000
       57.6530610000        1.0000000000        1.0000000000     1242.1298431994        0.0000000000        0.8869204367        0.1064304524        0.0000000000
       57.7551020000        1.0000000000        1.0000000000      524.4971603047        0.0000000000        0.8869204367        0.1064304524        0.0000000000
       57.8571430000        1.0000000000        1.0000000000      316.4191309478        0.0000000000        0.8869204367        0.1064304524        0.0000000000
       57.9591840000        1.0000000000        1.0000000000      441.0664243629        0.0000000000        0.8869204367        0.1064304524        0.0000000000
       58.0612240000        1.0000000000        1.0000000000      728.4581633768        0.0000000000        0.8869204367        0.1064304524        0.0000000000
       58.1632650000        1.0000000000        1.0000000000      850.4081467882        0.0000000000        0.8869204367        0.1064304524        0.0000000000
       58.2653060000        1.0000000000        1.0000000000      636.3208465888        0.0000000000        0.8869204367        0.1064304524        0.0000000000
       58.3673470000        1.0000000000        1.0000000000      329.6161731706        0.0000000000        0.8869204367        0.1064304524        0.0000000000
       58.4693880000        1.0000000000        1.0000000000      151.0684724859        0.0000000000        0.8869204367        0.1064304524        0.0000000134
       58.5714290000        1.0000000000        1.0000000000       84.8271495009        0.0000000000        0.8869204367        0.1064304524        0.0000379494
       58.6734690000        1.0000000000        1.0000000000       61.4358842641        0.0000000000        0.8869204367        0.1064304524        0.0006284173
       58.7755100000        1.0000000000        1.0000000000       51.2192932378        0.0000000000        0.8869204367        0.1064304524        0.0021413577
       58.8775510000        1.0000000000        1.0000000000       47.3871609840        0.0000000000        0.8869204367        0.1064304524        0.0033915802
       58.9795920000        1.0000000000        1.0000000000       46.8376433833        0.0000000000        0.8869204367        0.1064304524        0.0036227669
       59.0816330000        1.0000000000        1.0000000000       44.4121502809        0.0000000000        0.8869204367        0.1064304524        0.0048466960
       59.1836730000        1.0000000000        1.0000000000       38.1410735467        0.0000000000        0.8869204367        0.1064304524        0.0102864393
       59.2857140000        1.0000000000        1.0000000000       31.7068030885        0.0000000000        0.8869204367        0.1064304524        0.0222632850
       59.3877550000        1.0000000000        1.0000000000       27.6563046393        0.0000000000        0.8869204367        0.1064304524        0.0361978137
       59.4897960000        1.0000000000        1.0000000000       25.3539623294        0.0000000000        0.8869204367        0.1064304524        0.0477166216
       59.5918370000        1.0000000000        1.0000000000       23.7764202367        0.0000000000        0.8869204367        0.1064304524        0.0576612200
       59.6938780000        1.0000000000        1.0000000000       22.5143392764        0.0000000000        0.8869204367        0.1064304524        0.0670899708
       59.7959180000        1.0000000000        1.0000000000       21.4469888800        0.0000000000        0.8869204367        0.1064304524        0.0762575642
       59.8979590000        1.0000000000        1.0000000000       20.5251012917        0.0000000000        0.8869204367        0.1064304524        0.0851779948
       60.0000000000        1.0000000000        1.0000000000       19.7189440246        0.0000000000        0.8869204367        0.1064304524        0.0938297525
