       55.0000000000        1.0000000000        1.0000000000        7.3945799773        0.0000000000        0.8869204367        0.1064304524        0.4117455995
       55.1020410000        1.0000000000        1.0000000000        7.4192551139        0.0000000000        0.8869204367        0.1064304524        0.4105282173
       55.2040820000        1.0000000000        1.0000000000        7.4537158736        0.0000000000        0.8869204367        0.1064304524        0.4088340689
       55.3061220000        1.0000000000        1.0000000000        7.5043545453        0.0000000000        0.8869204367        0.1064304524        0.4063572641
       55.4081630000        1.0000000000        1.0000000000        7.5976685906        0.0000000000        0.8869204367        0.1064304524        0.4018323847
       55.5102040000        1.0000000000        1.0000000000        7.8426853324        0.0000000000        0.8869204367        0.1064304524        0.3901897031
       55.6122450000        1.0000000000        1.0000000000        8.4620264114        0.0000000000        0.8869204367        0.1064304524        0.3622418598
       55.7142860000        1.0000000000        1.0000000000        9.3918994171        0.0000000000        0.8869204367        0.1064304524        0.3239947620
       55.8163270000        1.0000000000        1.0000000000        9.8673127054        0.0000000000        0.8869204367        0.1064304524        0.3060283529
       55.9183670000        1.0000000000        1.0000000000        9.4662610384        0.0000000000        0.8869204367        0.1064304524        0.3211164900
       56.0204080000        1.0000000000        1.0000000000        8.9103382727        0.0000000000        0.8869204367        0.1064304524        0.3432690995
       56.1224490000        1.0000000000        1.0000000000        8.7980536471        0.0000000000        0.8869204367        0.1064304524        0.3479256618
       56.2244900000        1.0000000000        1.0000000000        9.0664576690        0.0000000000        0.8869204367        0.1064304524        0.3368980488
       56.3265310000        1.0000000000        1.0000000000        9.5619093019        0.0000000000        0.8869204367        0.1064304524        0.3174518530
       56.4285710000        1.0000000000        1.0000000000       10.2736452805        0.0000000000        0.8869204367        0.1064304524        0.2914643924
       56.5306120000        1.0000000000        1.0000000000       11.2823508621        0.0000000000        0.8869204367        0.1064304524        0.2582358141
       56.6326530000        1.0000000000        1.0000000000       12.7449431543        0.0000000000        0.8869204367        0.1064304524        0.2166671057
       56.7346940000        1.0000000000        1.0000000000       14.9456892231        0.0000000000        0.8869204367        0.1064304524        0.1663797077
       56.8367350000        1.0000000000        1.0000000000       18.4374953508        0.0000000000        0.8869204367        0.1064304524        0.1094268005
       56.9387760000        1.0000000000        1.0000000000       24.4593232998        0.0000000000        0.8869204367        0.1064304524        0.0531244080
       57.0408160000        1.0000000000        1.0000000000       36.6898906730        0.0000000000        0.8869204367        0.1064304524        0.0122431721
       57.1428570000        1.0000000000        1.0000000000       70.3852972853        0.0000000000        0.8869204367        0.1064304524        0.0002147071
       57.2448980000        1.0000000000        1.0000000000      187.9041094182        0.0000000000        0.8869204367        0.1064304524        0.0000000002
       57.3469390000        1.0000000000        1.0000000000      539.4517861629        0.0000000000        0.8869204367        0.1064304524        0.0000000000
       57.4489800000        1.0000000000        1.0000000000     1178.2504615238        0.0000000000        0.8869204367        0.1064304524        0.0000000000
       57.5510200000        1.0000000000        1.0000000000     1662.1990723481        0.0000000000        0.8869204367        0.1064304524        0.0000000000
       57.6530610000        1.0000000000        1.0000000000     1447.2868268492        0.0000000000        0.8869204367        0.1064304524        0.0000000000
       57.7551020000        1.0000000000        1.0000000000      803.4995545113        0.0000000000        0.8869204367        0.1064304524        0.0000000000
       57.8571430000        1.0000000000        1.0000000000      325.5603269100        0.0000000000        0.8869204367        0.1064304524        0.0000000000
       57.9591840000        1.0000000000        1.0000000000      131.0920582969        0.0000000000        0.8869204367        0.1064304524        0.0000001473
       58.0612240000        1.0000000000        1.0000000000       70.2999696913        0.0000000000        0.8869204367        0.1064304524        0.0002169169
       58.1632650000        1.0000000000        1.0000000000       48.3786771128        0.0000000000        0.8869204367        0.1064304524        0.0030111258
       58.2653060000        1.0000000000        1.0000000000       37.5116069071        0.0000000000        0.8869204367        0.1064304524        0.0110935344
       58.3673470000        1.0000000000        1.0000000000       30.9636084257        0.0000000000        0.8869204367        0.1064304524        0.0243400287
       58.4693880000        1.0000000000        1.0000000000       26.6272840570        0.0000000000        0.8869204367        0.1064304524        0.0409552985
       58.5714290000        1.0000000000        1.0000000000       23.6190235659        0.0000000000        0.8869204367        0.1064304524        0.0587606522
       58.6734690000        1.0000000000        1.0000000000       21.6533231529        0.0000000000        0.8869204367        0.1064304524        0.0743926019
       58.7755100000        1.0000000000        1.0000000000       21.1807956714        0.0000000000        0.8869204367        0.1064304524        0.0787327966
       58.8775510000        1.0000000000        1.0000000000       23.1699382540        0.0000000000        0.8869204367        0.1064304524        0.0620141564
       58.9795920000        1.0000000000        1.0000000000       26.5168791099        0.0000000000        0.8869204367        0.1064304524        0.0415015089
       59.0816330000        1.0000000000        1.0000000000       26.8421471772        0.0000000000        0.8869204367        0.1064304524        0.0399128217
       59.1836730000        1.0000000000        1.0000000000       22.6722768820        0.0000000000        0.8869204367        0.1064304524        0.0658304208
       59.2857140000        1.0000000000        1.0000000000       17.9666808838        0.0000000000        0.8869204367        0.1064304524        0.1157871478
       59.3877550000        1.0000000000        1.0000000000       15.3547768689        0.0000000000        0.8869204367        0.1064304524        0.1584092786
       59.4897960000        1.0000000000        1.0000000000       14.2404928338        0.0000000000        0.8869204367        0.1064304524        0.1810722529
       59.5918370000        1.0000000000        1.0000000000       13.6524355983        0.0000000000        0.8869204367        0.1064304524        0.1943115905
       59.6938780000        1.0000000000        1.0000000000       13.2272257667        0.0000000000        0.8869204367        0.1064304524        0.2044836839
       59.7959180000        1.0000000000        1.0000000000       12.8772679040        0.0000000000        0.8869204367        0.1064304524        0.2132538266
       59.8979590000        1.0000000000        1.0000000000       12.5770768758        0.0000000000        0.8869204367        0.1064304524        0.2210758939
       60.0000000000        1.0000000000        1.0000000000       12.3145928264        0.0000000000        0.8869204367        0.1064304524        0.2281501899
