       55.0000000000        1.0000000000        1.0000000000        7.4129765069        0.0000000000        0.8869204367        0.1064304524        0.4108376393
       55.1020410000        1.0000000000        1.0000000000        7.6167523883        0.0000000000        0.8869204367        0.1064304524        0.4009132190
       55.2040820000        1.0000000000        1.0000000000        7.8564855593        0.0000000000        0.8869204367        0.1064304524        0.3895440731
       55.3061220000        1.0000000000        1.0000000000        8.1432396539        0.0000000000        0.8869204367        0.1064304524        0.3763676734
       55.4081630000        1.0000000000        1.0000000000        8.5095062709        0.0000000000        0.8869204367        0.1064304524        0.3601838251
       55.5102040000        1.0000000000        1.0000000000        9.0713767993        0.0000000000        0.8869204367        0.1064304524        0.3366992380
       55.6122450000        1.0000000000        1.0000000000       10.0555647902        0.0000000000        0.8869204367        0.1064304524        0.2991925973
       55.7142860000        1.0000000000        1.0000000000       11.3957151806        0.0000000000        0.8869204367        0.1064304524        0.2547466336
       55.8163270000        1.0000000000        1.0000000000       12.3350635107        0.0000000000        0.8869204367        0.1064304524        0.2275904309
       55.9183670000        1.0000000000        1.0000000000       12.4866761726        0.0000000000        0.8869204367        0.1064304524        0.2234871992
       56.0204080000        1.0000000000        1.0000000000       12.6038146155        0.0000000000        0.8869204367        0.1064304524        0.2203677023
       56.1224490000        1.0000000000        1.0000000000       13.2979605534        0.0000000000        0.8869204367        0.1064304524        0.2027553364
       56.2244900000        1.0000000000        1.0000000000       14.5245865178        0.0000000000        0.8869204367        0.1064304524        0.1750033115
       56.3265310000        1.0000000000        1.0000000000       16.1640162430        0.0000000000        0.8869204367        0.1064304524        0.1437496622
       56.4285710000        1.0000000000        1.0000000000       18.2503247243        0.0000000000        0.8869204367        0.1064304524        0.1119123877
       56.5306120000        1.0000000000        1.0000000000       20.9179094636        0.0000000000        0.8869204367        0.1064304524        0.0812561202
       56.6326530000        1.0000000000        1.0000000000       24.3834972040        0.0000000000        0.8869204367        0.1064304524        0.0536099998
       56.7346940000        1.0000000000        1.0000000000       28.9835732960        0.0000000000        0.8869204367        0.1064304524        0.0308681986
       56.8367350000        1.0000000000        1.0000000000       35.2623360461        0.0000000000        0.8869204367        0.1064304524        0.0145308642
       56.9387760000        1.0000000000        1.0000000000       44.1618557237        0.0000000000        0.8869204367        0.1064304524        0.0049944765
       57.0408160000        1.0000000000        1.0000000000       57.5202092175        0.0000000000        0.8869204367        0.1064304524        0.0010053444
       57.1428570000        1.0000000000        1.0000000000       79.9418774676        0.0000000000        0.8869204367        0.1064304524        0.0000682028
       57.2448980000        1.0000000000        1.0000000000      127.2293437773        0.0000000000        0.8869204367        0.1064304524        0.0000002341
       57.3469390000        1.0000000000        1.0000000000      251.6186403248        0.0000000000        0.8869204367        0.1064304524        0.0000000000
       57.4489800000        1.0000000000        1.0000000000      544.6504297402        0.0000000000        0.8869204367        0.1064304524        0.0000000000
       57.5510200000        1.0000000000        1.0000000000      978.3556857023        0.0000000000        0.8869204367        0.1064304524        0.0000000000
       57.6530610000        1.0000000000        1.0000000000     1312.6812575887        0.0000000000        0.8869204367        0.1064304524        0.0000000000
       57.7551020000        1.0000000000        1.0000000000     1641.8567652086        0.0000000000        0.8869204367        0.1064304524        0.0000000000
       57.8571430000        1.0000000000        1.0000000000     2604.9876960226        0.0000000000        0.8869204367        0.1064304524        0.0000000000
       57.9591840000        1.0000000000        1.0000000000     4050.3768350187        0.0000000000        0.8869204367        0.1064304524        0.0000000000
       58.0612240000        1.0000000000        1.0000000000     4505.9593512225        0.0000000000        0.8869204367        0.1064304524        0.0000000000
       58.1632650000        1.0000000000        1.0000000000     3346.3335546493        0.0000000000        0.8869204367        0.1064304524        0.0000000000
       58.2653060000        1.0000000000        1.0000000000     1773.2239717582        0.0000000000        0.8869204367        0.1064304524        0.0000000000
       58.3673470000        1.0000000000        1.0000000000      804.7176428309        0.0000000000        0.8869204367        0.1064304524        0.0000000000
       58.4693880000        1.0000000000        1.0000000000      401.6523732796        0.0000000000        0.8869204367        0.1064304524        0.0000000000
       58.5714290000        1.0000000000        1.0000000000      245.4300692345        0.0000000000        0.8869204367        0.1064304524        0.0000000000
       58.6734690000        1.0000000000        1.0000000000      173.2683682412        0.0000000000        0.8869204367        0.1064304524        0.0000000009
       58.7755100000        1.0000000000        1.0000000000      133.4609138131        0.0000000000        0.8869204367        0.1064304524        0.0000001108
       58.8775510000        1.0000000000        1.0000000000      110.5459326543        0.0000000000        0.8869204367        0.1064304524        0.0000017333
       58.9795920000        1.0000000000        1.0000000000       97.1056643615        0.0000000000        0.8869204367        0.1064304524        0.0000086957
       59.0816330000        1.0000000000        1.0000000000       85.6389226877        0.0000000000        0.8869204367        0.1064304524        0.0000344270
       59.1836730000        1.0000000000        1.0000000000       72.6941795152        0.0000000000        0.8869204367        0.1064304524        0.0001627490
       59.2857140000        1.0000000000        1.0000000000       61.0761884104        0.0000000000        0.8869204367        0.1064304524        0.0006561359
       59.3877550000        1.0000000000        1.0000000000       52.9196002840        0.0000000000        0.8869204367        0.1064304524        0.0017461323
       59.4897960000        1.0000000000        1.0000000000       47.3463654587        0.0000000000        0.8869204367        0.1064304524        0.0034082243
       59.5918370000        1.0000000000        1.0000000000       43.1308691978        0.0000000000        0.8869204367        0.1064304524        0.0056522346
       59.6938780000        1.0000000000        1.0000000000       39.7079594488        0.0000000000        0.8869204367        0.1064304524        0.0085232706
       59.7959180000        1.0000000000        1.0000000000       36.8456883951        0.0000000000        0.8869204367        0.1064304524        0.0120164035
       59.8979590000        1.0000000000        1.0000000000       34.4149179862        0.0000000000        0.8869204367        0.1064304524        0.0160862540
       60.0000000000        1.0000000000        1.0000000000       32.3271464735        0.0000000000        0.8869204367        0.1064304524        0.0206661625
