       55.0000000000        1.0000000000        1.0000000000        7.8374341142        0.0000000000        0.8869204367        0.1064304524        0.3904356571
       55.1020410000        1.0000000000        1.0000000000        7.8462070960        0.0000000000        0.8869204367        0.1064304524        0.3900248392
       55.2040820000        1.0000000000        1.0000000000        7.8606892292        0.0000000000        0.8869204367        0.1064304524        0.3893476209
       55.3061220000        1.0000000000        1.0000000000        7.8863502678        0.0000000000        0.8869204367        0.1064304524        0.3881505372
       55.4081630000        1.0000000000        1.0000000000        7.9484512924        0.0000000000        0.8869204367        0.1064304524        0.3852687428
       55.5102040000        1.0000000000        1.0000000000        8.1545343624        0.0000000000        0.8869204367        0.1064304524        0.3758579034
       55.6122450000        1.0000000000        1.0000000000        8.7265887336        0.0000000000        0.8869204367        0.1064304524        0.3509222296
       55.7142860000        1.0000000000        1.0000000000        9.6021095885        0.0000000000        0.8869204367        0.1064304524        0.3159241422
       55.8163270000        1.0000000000        1.0000000000       10.0146887511        0.0000000000        0.8869204367        0.1064304524        0.3006637795
       55.9183670000        1.0000000000        1.0000000000        9.5337563009        0.0000000000        0.8869204367        0.1064304524        0.3185261333
       56.0204080000        1.0000000000        1.0000000000        8.8733889911        0.0000000000        0.8869204367        0.1064304524        0.3447945044
       56.1224490000        1.0000000000        1.0000000000        8.6301992811        0.0000000000        0.8869204367        0.1064304524        0.3550048194
       56.2244900000        1.0000000000        1.0000000000        8.7390472080        0.0000000000        0.8869204367        0.1064304524        0.3503979869
       56.3265310000        1.0000000000        1.0000000000        9.0423742376        0.0000000000        0.8869204367        0.1064304524        0.3378730964
       56.4285710000        1.0000000000        1.0000000000        9.5284262081        0.0000000000        0.8869204367        0.1064304524        0.3187299313
       56.5306120000        1.0000000000        1.0000000000       10.2897086206        0.0000000000        0.8869204367        0.1064304524        0.2909031065
       56.6326530000        1.0000000000        1.0000000000       11.5373736154        0.0000000000        0.8869204367        0.1064304524        0.2504527914
       56.7346940000        1.0000000000        1.0000000000       13.7759446000        0.0000000000        0.8869204367        0.1064304524        0.1914529195
       56.8367350000        1.0000000000        1.0000000000       18.6964901047        0.0000000000        0.8869204367        0.1064304524        0.1060781903
       56.9387760000        1.0000000000        1.0000000000       34.3093780053        0.0000000000        0.8869204367        0.1064304524        0.0162912787
       57.0408160000        1.0000000000        1.0000000000       94.1685126019        0.0000000000        0.8869204367        0.1064304524        0.0000123702
       57.1428570000        1.0000000000        1.0000000000      270.7989602548        0.0000000000        0.8869204367        0.1064304524        0.0000000000
       57.2448980000        1.0000000000        1.0000000000      560.8182917913        0.0000000000        0.8869204367        0.1064304524        0.0000000000
       57.3469390000        1.0000000000        1.0000000000      724.5298416250        0.0000000000        0.8869204367        0.1064304524        0.0000000000
       57.4489800000        1.0000000000        1.0000000000      567.2493010645        0.0000000000        0.8869204367        0.1064304524        0.0000000000
       57.5510200000        1.0000000000        1.0000000000      283.4288641591        0.0000000000        0.8869204367        0.1064304524        0.0000000000
       57.6530610000        1.0000000000        1.0000000000      108.3690755731        0.0000000000        0.8869204367        0.1064304524        0.0000022507
       57.7551020000        1.0000000000        1.0000000000       46.4337709603        0.0000000000        0.8869204367        0.1064304524        0.0038026674
       57.8571430000        1.0000000000        1.0000000000       28.4323898811        0.0000000000        0.8869204367        0.1064304524        0.0329789175
       57.9591840000        1.0000000000        1.0000000000       21.7920256923        0.0000000000        0.8869204367        0.1064304524        0.0731646365
       58.0612240000        1.0000000000        1.0000000000       18.3506668157        0.0000000000        0.8869204367        0.1064304524        0.1105729253
       58.1632650000        1.0000000000        1.0000000000       16.2196909240        0.0000000000        0.8869204367        0.1064304524        0.1427924772
       58.2653060000        1.0000000000        1.0000000000       14.7816195817        0.0000000000        0.8869204367        0.1064304524        0.1696879105
       58.3673470000        1.0000000000        1.0000000000       13.7601059042        0.0000000000        0.8869204367        0.1064304524        0.1918171492
       58.4693880000        1.0000000000        1.0000000000       13.0158737083        0.0000000000        0.8869204367        0.1064304524        0.2097361755
       58.5714290000        1.0000000000        1.0000000000       12.4992014902        0.0000000000        0.8869204367        0.1064304524        0.2231515418
       58.6734690000        1.0000000000        1.0000000000       12.3477470390        0.0000000000        0.8869204367        0.1064304524        0.2272442964
       58.7755100000        1.0000000000        1.0000000000       13.2480302673        0.0000000000        0.8869204367        0.1064304524        0.2039738189
       58.8775510000        1.0000000000        1.0000000000       16.2979325134        0.0000000000        0.8869204367        0.1064304524        0.1414580741
       58.9795920000        1.0000000000        1.0000000000       20.4554166365        0.0000000000        0.8869204367        0.1064304524        0.0858932531
       59.0816330000        1.0000000000        1.0000000000       21.3992161067        0.0000000000        0.8869204367        0.1064304524        0.0766959839
       59.1836730000        1.0000000000        1.0000000000       17.7420944727        0.0000000000        0.8869204367        0.1064304524        0.1189500839
       59.2857140000        1.0000000000        1.0000000000       13.4952747915        0.0000000000        0.8869204367        0.1064304524        0.1980109444
       59.3877550000        1.0000000000        1.0000000000       11.2870297217        0.0000000000        0.8869204367        0.1064304524        0.2580908649
       59.4897960000        1.0000000000        1.0000000000       10.5171729074        0.0000000000        0.8869204367        0.1064304524        0.2830700887
       59.5918370000        1.0000000000        1.0000000000       10.2228987557        0.0000000000        0.8869204367        0.1064304524        0.2932447042
       59.6938780000        1.0000000000        1.0000000000       10.0512710827        0.0000000000        0.8869204367        0.1064304524        0.2993467945
       59.7959180000        1.0000000000        1.0000000000        9.9225557991        0.0000000000        0.8869204367        0.1064304524        0.3040063481
       59.8979590000        1.0000000000        1.0000000000        9.8170255095        0.0000000000        0.8869204367        0.1064304524        0.3078806531
       60.0000000000        1.0000000000        1.0000000000        9.7270170781        0.0000000000        0.8869204367        0.1064304524        0.3112240994
