       55.0000000000        1.0000000000        1.0000000000        8.9721629992        0.0000000000        0.8869204367        0.1064304524        0.3407318210
       55.1020410000        1.0000000000        1.0000000000        9.4156186879        0.0000000000        0.8869204367        0.1064304524        0.3230738828
       55.2040820000        1.0000000000        1.0000000000        9.9352953227        0.0000000000        0.8869204367        0.1064304524        0.3035419556
       55.3061220000        1.0000000000        1.0000000000       10.5510871152        0.0000000000        0.8869204367        0.1064304524        0.2819204179
       55.4081630000        1.0000000000        1.0000000000       11.3069206007        0.0000000000        0.8869204367        0.1064304524        0.2574755610
       55.5102040000        1.0000000000        1.0000000000       12.3334352612        0.0000000000        0.8869204367        0.1064304524        0.2276349041
       55.6122450000        1.0000000000        1.0000000000       13.8738375596        0.0000000000        0.8869204367        0.1064304524        0.1892170506
       55.7142860000        1.0000000000        1.0000000000       15.8797645980        0.0000000000        0.8869204367        0.1064304524        0.1487375773
       55.8163270000        1.0000000000        1.0000000000       17.6257313365        0.0000000000        0.8869204367        0.1064304524        0.1206227032
       55.9183670000        1.0000000000        1.0000000000       18.7804074306        0.0000000000        0.8869204367        0.1064304524        0.1050153350
       56.0204080000        1.0000000000        1.0000000000       20.1659287137        0.0000000000        0.8869204367        0.1064304524        0.0889294922
       56.1224490000        1.0000000000        1.0000000000       22.4769151993        0.0000000000        0.8869204367        0.1064304524        0.0673919419
       56.2244900000        1.0000000000        1.0000000000       25.7913085762        0.0000000000        0.8869204367        0.1064304524        0.0452769580
       56.3265310000        1.0000000000        1.0000000000       30.1802305185        0.0000000000        0.8869204367        0.1064304524        0.0267391188
       56.4285710000        1.0000000000        1.0000000000       35.9749892577        0.0000000000        0.8869204367        0.1064304524        0.0133398603
       56.5306120000        1.0000000000        1.0000000000       43.7898677708        0.0000000000        0.8869204367        0.1064304524        0.0052224735
       56.6326530000        1.0000000000        1.0000000000       54.6573574528        0.0000000000        0.8869204367        0.1064304524        0.0014174683
       56.7346940000        1.0000000000        1.0000000000       70.3981175317        0.0000000000        0.8869204367        0.1064304524        0.0002143771
       56.8367350000        1.0000000000        1.0000000000       94.5349822936        0.0000000000        0.8869204367        0.1064304524        0.0000118380
       56.9387760000        1.0000000000        1.0000000000      135.0273976717        0.0000000000        0.8869204367        0.1064304524        0.0000000918
       57.0408160000        1.0000000000        1.0000000000      214.5742674621        0.0000000000        0.8869204367        0.1064304524        0.0000000000
       57.1428570000        1.0000000000        1.0000000000      410.1923709505        0.0000000000        0.8869204367        0.1064304524        0.0000000000
       57.2448980000        1.0000000000        1.0000000000      942.1779879076        0.0000000000        0.8869204367        0.1064304524        0.0000000000
       57.3469390000        1.0000000000        1.0000000000     2103.7955637529        0.0000000000        0.8869204367        0.1064304524        0.0000000000
       57.4489800000        1.0000000000        1.0000000000     3581.6112926251        0.0000000000        0.8869204367        0.1064304524        0.0000000000
       57.5510200000        1.0000000000        1.0000000000     4086.9080681844        0.0000000000        0.8869204367        0.1064304524        0.0000000000
       57.6530610000        1.0000000000        1.0000000000     3086.1684175979        0.0000000000        0.8869204367        0.1064304524        0.0000000000
       57.7551020000        1.0000000000        1.0000000000     1883.5782438863        0.0000000000        0.8869204367        0.1064304524        0.0000000000
       57.8571430000        1.0000000000        1.0000000000     1735.1800857005        0.0000000000        0.8869204367        0.1064304524        0.0000000000
       57.9591840000        1.0000000000        1.0000000000     2370.0251575409        0.0000000000        0.8869204367        0.1064304524        0.0000000000
       58.0612240000        1.0000000000        1.0000000000     2568.1442481588        0.0000000000        0.8869204367        0.1064304524        0.0000000000
       58.1632650000        1.0000000000        1.0000000000     1863.0775548186        0.0000000000        0.8869204367        0.1064304524        0.0000000000
       58.2653060000        1.0000000000        1.0000000000      978.2324563015        0.0000000000        0.8869204367        0.1064304524        0.0000000000
       58.3673470000        1.0000000000        1.0000000000      466.3133164440        0.0000000000        0.8869204367        0.1064304524        0.0000000000
       58.4693880000        1.0000000000        1.0000000000      260.6121596314        0.0000000000        0.8869204367        0.1064304524        0.0000000000
       58.5714290000        1.0000000000        1.0000000000      177.8377754171        0.0000000000        0.8869204367        0.1064304524        0.0000000005
       58.6734690000        1.0000000000        1.0000000000      135.9502296612        0.0000000000        0.8869204367        0.1064304524        0.0000000822
       58.7755100000        1.0000000000        1.0000000000      111.0948228343        0.0000000000        0.8869204367        0.1064304524        0.0000016228
       58.8775510000        1.0000000000        1.0000000000       96.5661686996        0.0000000000        0.8869204367        0.1064304524        0.0000092773
       58.9795920000        1.0000000000        1.0000000000       88.1919981237        0.0000000000        0.8869204367        0.1064304524        0.0000253422
       59.0816330000        1.0000000000        1.0000000000       79.9436784848        0.0000000000        0.8869204367        0.1064304524        0.0000681880
       59.1836730000        1.0000000000        1.0000000000       69.1259848449        0.0000000000        0.8869204367        0.1064304524        0.0002497330
       59.2857140000        1.0000000000        1.0000000000       58.9605505775        0.0000000000        0.8869204367        0.1064304524        0.0008457675
       59.3877550000        1.0000000000        1.0000000000       51.8174516602        0.0000000000        0.8869204367        0.1064304524        0.0019930399
       59.4897960000        1.0000000000        1.0000000000       46.9600296388        0.0000000000        0.8869204367        0.1064304524        0.0035699505
       59.5918370000        1.0000000000        1.0000000000       43.2551415928        0.0000000000        0.8869204367        0.1064304524        0.0055685700
       59.6938780000        1.0000000000        1.0000000000       40.1991967959        0.0000000000        0.8869204367        0.1064304524        0.0080353589
       59.7959180000        1.0000000000        1.0000000000       37.6016376859        0.0000000000        0.8869204367        0.1064304524        0.0109743283
       59.8979590000        1.0000000000        1.0000000000       35.3616618043        0.0000000000        0.8869204367        0.1064304524        0.0143586976
       60.0000000000        1.0000000000        1.0000000000       33.4105496833        0.0000000000        0.8869204367        0.1064304524        0.0181467107
