       55.0000000000        1.0000000000        1.0000000000        7.3120438787        0.0000000000        0.8869204367        0.1064304524        0.4158439266
       55.1020410000        1.0000000000        1.0000000000        7.3230428522        0.0000000000        0.8869204367        0.1064304524        0.4152954259
       55.2040820000        1.0000000000        1.0000000000        7.3407055264        0.0000000000        0.8869204367        0.1064304524        0.4144161308
       55.3061220000        1.0000000000        1.0000000000        7.3705833031        0.0000000000        0.8869204367        0.1064304524        0.4129329713
       55.4081630000        1.0000000000        1.0000000000        7.4380495066        0.0000000000        0.8869204367        0.1064304524        0.4096033851
       55.5102040000        1.0000000000        1.0000000000        7.6506501496        0.0000000000        0.8869204367        0.1064304524        0.3992857241
       55.6122450000        1.0000000000        1.0000000000        8.2292425981        0.0000000000        0.8869204367        0.1064304524        0.3725034007
       55.7142860000        1.0000000000        1.0000000000        9.1079965625        0.0000000000        0.8869204367        0.1064304524        0.3352229026
       55.8163270000        1.0000000000        1.0000000000        9.5184288185        0.0000000000        0.8869204367        0.1064304524        0.3191125369
       55.9183670000        1.0000000000        1.0000000000        9.0323593566        0.0000000000        0.8869204367        0.1064304524        0.3382793915
       56.0204080000        1.0000000000        1.0000000000        8.3632843176        0.0000000000        0.8869204367        0.1064304524        0.3665596122
       56.1224490000        1.0000000000        1.0000000000        8.0992450148        0.0000000000        0.8869204367        0.1064304524        0.3783599069
       56.2244900000        1.0000000000        1.0000000000        8.1614737533        0.0000000000        0.8869204367        0.1064304524        0.3755450467
       56.3265310000        1.0000000000        1.0000000000        8.3711250754        0.0000000000        0.8869204367        0.1064304524        0.3662148818
       56.4285710000        1.0000000000        1.0000000000        8.6769343833        0.0000000000        0.8869204367        0.1064304524        0.3530194494
       56.5306120000        1.0000000000        1.0000000000        9.0920815731        0.0000000000        0.8869204367        0.1064304524        0.3358637226
       56.6326530000        1.0000000000        1.0000000000        9.6552009615        0.0000000000        0.8869204367        0.1064304524        0.3139177986
       56.7346940000        1.0000000000        1.0000000000       10.4296001381        0.0000000000        0.8869204367        0.1064304524        0.2860604815
       56.8367350000        1.0000000000        1.0000000000       11.5176753990        0.0000000000        0.8869204367        0.1064304524        0.2510455084
       56.9387760000        1.0000000000        1.0000000000       13.0917079147        0.0000000000        0.8869204367        0.1064304524        0.2078362124
       57.0408160000        1.0000000000        1.0000000000       15.4593783225        0.0000000000        0.8869204367        0.1064304524        0.1564333249
       57.1428570000        1.0000000000        1.0000000000       19.2191900000        0.0000000000        0.8869204367        0.1064304524        0.0996289195
       57.2448980000        1.0000000000        1.0000000000       25.7183426347        0.0000000000        0.8869204367        0.1064304524        0.0456751398
       57.3469390000        1.0000000000        1.0000000000       38.9932610034        0.0000000000        0.8869204367        0.1064304524        0.0092865207
       57.4489800000        1.0000000000        1.0000000000       75.8198916784        0.0000000000        0.8869204367        0.1064304524        0.0001118461
       57.5510200000        1.0000000000        1.0000000000      203.8151968146        0.0000000000        0.8869204367        0.1064304524        0.0000000000
       57.6530610000        1.0000000000        1.0000000000      581.3809630429        0.0000000000        0.8869204367        0.1064304524        0.0000000000
       57.7551020000        1.0000000000        1.0000000000     1254.8216994146        0.0000000000        0.8869204367        0.1064304524        0.0000000000
       57.8571430000        1.0000000000        1.0000000000     1750.2140887060        0.0000000000        0.8869204367        0.1064304524        0.0000000000
       57.9591840000        1.0000000000        1.0000000000     1511.0271351970        0.0000000000        0.8869204367        0.1064304524        0.0000000000
       58.0612240000        1.0000000000        1.0000000000      835.1917767911        0.0000000000        0.8869204367        0.1064304524        0.0000000000
       58.1632650000        1.0000000000        1.0000000000      338.6060925819        0.0000000000        0.8869204367        0.1064304524        0.0000000000
       58.2653060000        1.0000000000        1.0000000000      136.9038748927        0.0000000000        0.8869204367        0.1064304524        0.0000000733
       58.3673470000        1.0000000000        1.0000000000       73.5732880847        0.0000000000        0.8869204367        0.1064304524        0.0001464547
       58.4693880000        1.0000000000        1.0000000000       50.6075279045        0.0000000000        0.8869204367        0.1064304524        0.0023044728
       58.5714290000        1.0000000000        1.0000000000       39.2392461793        0.0000000000        0.8869204367        0.1064304524        0.0090164054
       58.6734690000        1.0000000000        1.0000000000       32.6330356470        0.0000000000        0.8869204367        0.1064304524        0.0199213297
       58.7755100000        1.0000000000        1.0000000000       29.2913263685        0.0000000000        0.8869204367        0.1064304524        0.0297490178
       58.8775510000        1.0000000000        1.0000000000       29.3874071505        0.0000000000        0.8869204367        0.1064304524        0.0294079904
       58.9795920000        1.0000000000        1.0000000000       31.4381690974        0.0000000000        0.8869204367        0.1064304524        0.0229926589
       59.0816330000        1.0000000000        1.0000000000       30.8501676143        0.0000000000        0.8869204367        0.1064304524        0.0246736325
       59.1836730000        1.0000000000        1.0000000000       26.0024486507        0.0000000000        0.8869204367        0.1064304524        0.0441441953
       59.2857140000        1.0000000000        1.0000000000       20.7661991221        0.0000000000        0.8869204367        0.1064304524        0.0827489549
       59.3877550000        1.0000000000        1.0000000000       17.7330609433        0.0000000000        0.8869204367        0.1064304524        0.1190790985
       59.4897960000        1.0000000000        1.0000000000       16.2846333464        0.0000000000        0.8869204367        0.1064304524        0.1416840073
       59.5918370000        1.0000000000        1.0000000000       15.4288433400        0.0000000000        0.8869204367        0.1064304524        0.1570075790
       59.6938780000        1.0000000000        1.0000000000       14.7858483090        0.0000000000        0.8869204367        0.1064304524        0.1696018247
       59.7959180000        1.0000000000        1.0000000000       14.2562860063        0.0000000000        0.8869204367        0.1064304524        0.1807294132
       59.8979590000        1.0000000000        1.0000000000       13.8062381199        0.0000000000        0.8869204367        0.1064304524        0.1907582090
       60.0000000000        1.0000000000        1.0000000000       13.4174448288        0.0000000000        0.8869204367        0.1064304524        0.1998689496
