       55.0000000000        1.0000000000        1.0000000000       10.2240690512        0.0000000000        0.8869204367        0.1064304524        0.2932035251
       55.1020410000        1.0000000000        1.0000000000       10.9619518945        0.0000000000        0.8869204367        0.1064304524        0.2683577697
       55.2040820000        1.0000000000        1.0000000000       11.8649452251        0.0000000000        0.8869204367        0.1064304524        0.2407988294
       55.3061220000        1.0000000000        1.0000000000       12.9850176950        0.0000000000        0.8869204367        0.1064304524        0.2105142097
       55.4081630000        1.0000000000        1.0000000000       14.4126416851        0.0000000000        0.8869204367        0.1064304524        0.1773700586
       55.5102040000        1.0000000000        1.0000000000       16.3472063988        0.0000000000        0.8869204367        0.1064304524        0.1406241194
       55.6122450000        1.0000000000        1.0000000000       19.1350140182        0.0000000000        0.8869204367        0.1064304524        0.1006403828
       55.7142860000        1.0000000000        1.0000000000       22.8874797534        0.0000000000        0.8869204367        0.1064304524        0.0641521566
       55.8163270000        1.0000000000        1.0000000000       27.1485271117        0.0000000000        0.8869204367        0.1064304524        0.0384720508
       55.9183670000        1.0000000000        1.0000000000       32.0594420472        0.0000000000        0.8869204367        0.1064304524        0.0213408320
       56.0204080000        1.0000000000        1.0000000000       39.3142116396        0.0000000000        0.8869204367        0.1064304524        0.0089356588
       56.1224490000        1.0000000000        1.0000000000       51.4197903260        0.0000000000        0.8869204367        0.1064304524        0.0020904523
       56.2244900000        1.0000000000        1.0000000000       73.0197608360        0.0000000000        0.8869204367        0.1064304524        0.0001565130
       56.3265310000        1.0000000000        1.0000000000      119.7704925925        0.0000000000        0.8869204367        0.1064304524        0.0000005730
       56.4285710000        1.0000000000        1.0000000000      252.8779338450        0.0000000000        0.8869204367        0.1064304524        0.0000000000
       56.5306120000        1.0000000000        1.0000000000      644.8816290204        0.0000000000        0.8869204367        0.1064304524        0.0000000000
       56.6326530000        1.0000000000        1.0000000000     1458.9032036520        0.0000000000        0.8869204367        0.1064304524        0.0000000000
       56.7346940000        1.0000000000        1.0000000000     2301.0742167544        0.0000000000        0.8869204367        0.1064304524        0.0000000000
       56.8367350000        1.0000000000        1.0000000000     2294.9882121445        0.0000000000        0.8869204367        0.1064304524        0.0000000000
       56.9387760000        1.0000000000        1.0000000000     1445.0749088950        0.0000000000        0.8869204367        0.1064304524        0.0000000000
       57.0408160000        1.0000000000        1.0000000000      641.8783394743        0.0000000000        0.8869204367        0.1064304524        0.0000000000
       57.1428570000        1.0000000000        1.0000000000      305.4689073958        0.0000000000        0.8869204367        0.1064304524        0.0000000000
       57.2448980000        1.0000000000        1.0000000000      356.8667212233        0.0000000000        0.8869204367        0.1064304524        0.0000000000
       57.3469390000        1.0000000000        1.0000000000      856.0192017663        0.0000000000        0.8869204367        0.1064304524        0.0000000000
       57.4489800000        1.0000000000        1.0000000000     1926.7991228912        0.0000000000        0.8869204367        0.1064304524        0.0000000000
       57.5510200000        1.0000000000        1.0000000000     2993.9368162957        0.0000000000        0.8869204367        0.1064304524        0.0000000000
       57.6530610000        1.0000000000        1.0000000000     2971.4386547216        0.0000000000        0.8869204367        0.1064304524        0.0000000000
       57.7551020000        1.0000000000        1.0000000000     1920.7040566258        0.0000000000        0.8869204367        0.1064304524        0.0000000000
       57.8571430000        1.0000000000        1.0000000000      909.2193557361        0.0000000000        0.8869204367        0.1064304524        0.0000000000
       57.9591840000        1.0000000000        1.0000000000      403.6678989678        0.0000000000        0.8869204367        0.1064304524        0.0000000000
       58.0612240000        1.0000000000        1.0000000000      217.4667101539        0.0000000000        0.8869204367        0.1064304524        0.0000000000
       58.1632650000        1.0000000000        1.0000000000      145.2300606167        0.0000000000        0.8869204367        0.1064304524        0.0000000270
       58.2653060000        1.0000000000        1.0000000000      109.2422226158        0.0000000000        0.8869204367        0.1064304524        0.0000020268
       58.3673470000        1.0000000000        1.0000000000       87.5236420550        0.0000000000        0.8869204367        0.1064304524        0.0000274584
       58.4693880000        1.0000000000        1.0000000000       72.9802555149        0.0000000000        0.8869204367        0.1064304524        0.0001572568
       58.5714290000        1.0000000000        1.0000000000       62.6428979937        0.0000000000        0.8869204367        0.1064304524        0.0005436811
       58.6734690000        1.0000000000        1.0000000000       55.1658837344        0.0000000000        0.8869204367        0.1064304524        0.0013335562
       58.7755100000        1.0000000000        1.0000000000       50.3985470913        0.0000000000        0.8869204367        0.1064304524        0.0023629944
       58.8775510000        1.0000000000        1.0000000000       48.9776197620        0.0000000000        0.8869204367        0.1064304524        0.0028023011
       58.9795920000        1.0000000000        1.0000000000       49.6471935849        0.0000000000        0.8869204367        0.1064304524        0.0025859477
       59.0816330000        1.0000000000        1.0000000000       47.8736253267        0.0000000000        0.8869204367        0.1064304524        0.0031992623
       59.1836730000        1.0000000000        1.0000000000       41.9311241251        0.0000000000        0.8869204367        0.1064304524        0.0065274763
       59.2857140000        1.0000000000        1.0000000000       35.6229149807        0.0000000000        0.8869204367        0.1064304524        0.0139155300
       59.3877550000        1.0000000000        1.0000000000       31.5835004701        0.0000000000        0.8869204367        0.1064304524        0.0225951487
       59.4897960000        1.0000000000        1.0000000000       29.2319599559        0.0000000000        0.8869204367        0.1064304524        0.0299617055
       59.5918370000        1.0000000000        1.0000000000       27.5721368685        0.0000000000        0.8869204367        0.1064304524        0.0365652690
       59.6938780000        1.0000000000        1.0000000000       26.2089902567        0.0000000000        0.8869204367        0.1064304524        0.0430635292
       59.7959180000        1.0000000000        1.0000000000       25.0305970039        0.0000000000        0.8869204367        0.1064304524        0.0496046033
       59.8979590000        1.0000000000        1.0000000000       23.9933489774        0.0000000000        0.8869204367        0.1064304524        0.0561795831
       60.0000000000        1.0000000000        1.0000000000       23.0711340464        0.0000000000        0.8869204367        0.1064304524        0.0627538037
