       55.0000000000        1.0000000000        1.0000000000        7.4846314037        0.0000000000        0.8869204367        0.1064304524        0.4073201602
       55.1020410000        1.0000000000        1.0000000000        7.6500397085        0.0000000000        0.8869204367        0.1064304524        0.3993149740
       55.2040820000        1.0000000000        1.0000000000        7.8538083673        0.0000000000        0.8869204367        0.1064304524        0.3896692393
       55.3061220000        1.0000000000        1.0000000000        8.1094013212        0.0000000000        0.8869204367        0.1064304524        0.3778990591
       55.4081630000        1.0000000000        1.0000000000        8.4527599522        0.0000000000        0.8869204367        0.1064304524        0.3626448877
       55.5102040000        1.0000000000        1.0000000000        9.0051954291        0.0000000000        0.8869204367        0.1064304524        0.3393838703
       55.6122450000        1.0000000000        1.0000000000       10.0027455286        0.0000000000        0.8869204367        0.1064304524        0.3010949958
       55.7142860000        1.0000000000        1.0000000000       11.3951160353        0.0000000000        0.8869204367        0.1064304524        0.2547649498
       55.8163270000        1.0000000000        1.0000000000       12.4448664389        0.0000000000        0.8869204367        0.1064304524        0.2246112896
       55.9183670000        1.0000000000        1.0000000000       12.7857085805        0.0000000000        0.8869204367        0.1064304524        0.2156097907
       56.0204080000        1.0000000000        1.0000000000       13.2095623802        0.0000000000        0.8869204367        0.1064304524        0.2049175685
       56.1224490000        1.0000000000        1.0000000000       14.4008417235        0.0000000000        0.8869204367        0.1064304524        0.1776213917
       56.2244900000        1.0000000000        1.0000000000       16.4315815434        0.0000000000        0.8869204367        0.1064304524        0.1392074816
       56.3265310000        1.0000000000        1.0000000000       19.3754474900        0.0000000000        0.8869204367        0.1064304524        0.0977781933
       56.4285710000        1.0000000000        1.0000000000       23.6090794646        0.0000000000        0.8869204367        0.1064304524        0.0588308127
       56.5306120000        1.0000000000        1.0000000000       29.9130797797        0.0000000000        0.8869204367        0.1064304524        0.0276102120
       56.6326530000        1.0000000000        1.0000000000       39.8264950270        0.0000000000        0.8869204367        0.1064304524        0.0084028915
       56.7346940000        1.0000000000        1.0000000000       56.7982287176        0.0000000000        0.8869204367        0.1064304524        0.0010963296
       56.8367350000        1.0000000000        1.0000000000       90.8158364461        0.0000000000        0.8869204367        0.1064304524        0.0000184970
       56.9387760000        1.0000000000        1.0000000000      179.6288888186        0.0000000000        0.8869204367        0.1064304524        0.0000000004
       57.0408160000        1.0000000000        1.0000000000      457.2500523340        0.0000000000        0.8869204367        0.1064304524        0.0000000000
       57.1428570000        1.0000000000        1.0000000000     1194.8425363037        0.0000000000        0.8869204367        0.1064304524        0.0000000000
       57.2448980000        1.0000000000        1.0000000000     2396.1205858969        0.0000000000        0.8869204367        0.1064304524        0.0000000000
       57.3469390000        1.0000000000        1.0000000000     3180.4357503892        0.0000000000        0.8869204367        0.1064304524        0.0000000000
       57.4489800000        1.0000000000        1.0000000000     2682.0663754897        0.0000000000        0.8869204367        0.1064304524        0.0000000000
       57.5510200000        1.0000000000        1.0000000000     1495.8945980651        0.0000000000        0.8869204367        0.1064304524        0.0000000000
       57.6530610000        1.0000000000        1.0000000000      637.4227330552        0.0000000000        0.8869204367        0.1064304524        0.0000000000
       57.7551020000        1.0000000000        1.0000000000      275.2716178373        0.0000000000        0.8869204367        0.1064304524        0.0000000000
       57.8571430000        1.0000000000        1.0000000000      151.0250973365        0.0000000000        0.8869204367        0.1064304524        0.0000000135
       57.9591840000        1.0000000000        1.0000000000      101.8257842000        0.0000000000        0.8869204367        0.1064304524        0.0000049353
       58.0612240000        1.0000000000        1.0000000000       76.4676193755        0.0000000000        0.8869204367        0.1064304524        0.0001034818
       58.1632650000        1.0000000000        1.0000000000       61.0204391025        0.0000000000        0.8869204367        0.1064304524        0.0006605401
       58.2653060000        1.0000000000        1.0000000000       50.7228479299        0.0000000000        0.8869204367        0.1064304524        0.0022728022
       58.3673470000        1.0000000000        1.0000000000       43.4479324357        0.0000000000        0.8869204367        0.1064304524        0.0054412205
       58.4693880000        1.0000000000        1.0000000000       38.0929741456        0.0000000000        0.8869204367        0.1064304524        0.0103459835
       58.5714290000        1.0000000000        1.0000000000       34.0576253198        0.0000000000        0.8869204367        0.1064304524        0.0167909532
       58.6734690000        1.0000000000        1.0000000000       31.1413843545        0.0000000000        0.8869204367        0.1064304524        0.0238262796
       58.7755100000        1.0000000000        1.0000000000       29.8146564063        0.0000000000        0.8869204367        0.1064304524        0.0279382442
       58.8775510000        1.0000000000        1.0000000000       31.0564249299        0.0000000000        0.8869204367        0.1064304524        0.0240704341
       58.9795920000        1.0000000000        1.0000000000       33.7843705608        0.0000000000        0.8869204367        0.1064304524        0.0173506646
       59.0816330000        1.0000000000        1.0000000000       33.6085385605        0.0000000000        0.8869204367        0.1064304524        0.0177206505
       59.1836730000        1.0000000000        1.0000000000       28.9897190385        0.0000000000        0.8869204367        0.1064304524        0.0308454421
       59.2857140000        1.0000000000        1.0000000000       23.8485695363        0.0000000000        0.8869204367        0.1064304524        0.0571641489
       59.3877550000        1.0000000000        1.0000000000       20.8307096641        0.0000000000        0.8869204367        0.1064304524        0.0821108464
       59.4897960000        1.0000000000        1.0000000000       19.3553173668        0.0000000000        0.8869204367        0.1064304524        0.0980146733
       59.5918370000        1.0000000000        1.0000000000       18.4481629728        0.0000000000        0.8869204367        0.1064304524        0.1092868112
       59.6938780000        1.0000000000        1.0000000000       17.7386051202        0.0000000000        0.8869204367        0.1064304524        0.1189999014
       59.7959180000        1.0000000000        1.0000000000       17.1333364162        0.0000000000        0.8869204367        0.1064304524        0.1279647594
       59.8979590000        1.0000000000        1.0000000000       16.6026286396        0.0000000000        0.8869204367        0.1064304524        0.1363792820
       60.0000000000        1.0000000000        1.0000000000       16.1310812356        0.0000000000        0.8869204367        0.1064304524        0.1443189139
