       55.0000000000        1.0000000000        1.0000000000        7.6513895836        0.0000000000        0.8869204367        0.1064304524        0.3992502962
       55.1020410000        1.0000000000        1.0000000000        7.8928720091        0.0000000000        0.8869204367        0.1064304524        0.3878468859
       55.2040820000        1.0000000000        1.0000000000        8.1786488033        0.0000000000        0.8869204367        0.1064304524        0.3747718432
       55.3061220000        1.0000000000        1.0000000000        8.5220160746        0.0000000000        0.8869204367        0.1064304524        0.3596435313
       55.4081630000        1.0000000000        1.0000000000        8.9584345860        0.0000000000        0.8869204367        0.1064304524        0.3412936085
       55.5102040000        1.0000000000        1.0000000000        9.6079412667        0.0000000000        0.8869204367        0.1064304524        0.3157031354
       55.6122450000        1.0000000000        1.0000000000       10.7023345174        0.0000000000        0.8869204367        0.1064304524        0.2768498044
       55.7142860000        1.0000000000        1.0000000000       12.1818440995        0.0000000000        0.8869204367        0.1064304524        0.2318136896
       55.8163270000        1.0000000000        1.0000000000       13.2997028400        0.0000000000        0.8869204367        0.1064304524        0.2027129498
       55.9183670000        1.0000000000        1.0000000000       13.6844510212        0.0000000000        0.8869204367        0.1064304524        0.1935665065
       56.0204080000        1.0000000000        1.0000000000       14.1108811497        0.0000000000        0.8869204367        0.1064304524        0.1839105579
       56.1224490000        1.0000000000        1.0000000000       15.2210660407        0.0000000000        0.8869204367        0.1064304524        0.1609715038
       56.2244900000        1.0000000000        1.0000000000       17.0170036665        0.0000000000        0.8869204367        0.1064304524        0.1297636656
       56.3265310000        1.0000000000        1.0000000000       19.4530939801        0.0000000000        0.8869204367        0.1064304524        0.0968713686
       56.4285710000        1.0000000000        1.0000000000       22.6845385739        0.0000000000        0.8869204367        0.1064304524        0.0657336289
       56.5306120000        1.0000000000        1.0000000000       27.0528303739        0.0000000000        0.8869204367        0.1064304524        0.0389163953
       56.6326530000        1.0000000000        1.0000000000       33.1496429548        0.0000000000        0.8869204367        0.1064304524        0.0187238502
       56.7346940000        1.0000000000        1.0000000000       42.0450373597        0.0000000000        0.8869204367        0.1064304524        0.0064388554
       56.8367350000        1.0000000000        1.0000000000       55.9048197780        0.0000000000        0.8869204367        0.1064304524        0.0012203978
       56.9387760000        1.0000000000        1.0000000000       80.1417556042        0.0000000000        0.8869204367        0.1064304524        0.0000665864
       57.0408160000        1.0000000000        1.0000000000      133.0706533970        0.0000000000        0.8869204367        0.1064304524        0.0000001161
       57.1428570000        1.0000000000        1.0000000000      283.9109711192        0.0000000000        0.8869204367        0.1064304524        0.0000000000
       57.2448980000        1.0000000000        1.0000000000      714.2340057130        0.0000000000        0.8869204367        0.1064304524        0.0000000000
       57.3469390000        1.0000000000        1.0000000000     1559.0650785814        0.0000000000        0.8869204367        0.1064304524        0.0000000000
       57.4489800000        1.0000000000        1.0000000000     2358.7711520593        0.0000000000        0.8869204367        0.1064304524        0.0000000000
       57.5510200000        1.0000000000        1.0000000000     2265.7626550940        0.0000000000        0.8869204367        0.1064304524        0.0000000000
       57.6530610000        1.0000000000        1.0000000000     1396.4608688053        0.0000000000        0.8869204367        0.1064304524        0.0000000000
       57.7551020000        1.0000000000        1.0000000000      668.1667796967        0.0000000000        0.8869204367        0.1064304524        0.0000000000
       57.8571430000        1.0000000000        1.0000000000      542.5305664183        0.0000000000        0.8869204367        0.1064304524        0.0000000000
       57.9591840000        1.0000000000        1.0000000000     1104.3514608424        0.0000000000        0.8869204367        0.1064304524        0.0000000000
       58.0612240000        1.0000000000        1.0000000000     2249.4993089304        0.0000000000        0.8869204367        0.1064304524        0.0000000000
       58.1632650000        1.0000000000        1.0000000000     3129.0012927813        0.0000000000        0.8869204367        0.1064304524        0.0000000000
       58.2653060000        1.0000000000        1.0000000000     2787.3445134926        0.0000000000        0.8869204367        0.1064304524        0.0000000000
       58.3673470000        1.0000000000        1.0000000000     1654.0500116672        0.0000000000        0.8869204367        0.1064304524        0.0000000000
       58.4693880000        1.0000000000        1.0000000000      754.9261600275        0.0000000000        0.8869204367        0.1064304524        0.0000000000
       58.5714290000        1.0000000000        1.0000000000      347.9583737200        0.0000000000        0.8869204367        0.1064304524        0.0000000000
       58.6734690000        1.0000000000        1.0000000000      200.3492479538        0.0000000000        0.8869204367        0.1064304524        0.0000000000
       58.7755100000        1.0000000000        1.0000000000      140.5723703255        0.0000000000        0.8869204367        0.1064304524        0.0000000472
       58.8775510000        1.0000000000        1.0000000000      111.4725551383        0.0000000000        0.8869204367        0.1064304524        0.0000015509
       58.9795920000        1.0000000000        1.0000000000       95.7595694779        0.0000000000        0.8869204367        0.1064304524        0.0000102202
       59.0816330000        1.0000000000        1.0000000000       83.4225683969        0.0000000000        0.8869204367        0.1064304524        0.0000449164
       59.1836730000        1.0000000000        1.0000000000       70.1981439442        0.0000000000        0.8869204367        0.1064304524        0.0002195837
       59.2857140000        1.0000000000        1.0000000000       58.5695962311        0.0000000000        0.8869204367        0.1064304524        0.0008863918
       59.3877550000        1.0000000000        1.0000000000       50.5204312585        0.0000000000        0.8869204367        0.1064304524        0.0023286845
       59.4897960000        1.0000000000        1.0000000000       45.0995015738        0.0000000000        0.8869204367        0.1064304524        0.0044629728
       59.5918370000        1.0000000000        1.0000000000       41.0480400215        0.0000000000        0.8869204367        0.1064304524        0.0072571739
       59.6938780000        1.0000000000        1.0000000000       37.7861479072        0.0000000000        0.8869204367        0.1064304524        0.0107340135
       59.7959180000        1.0000000000        1.0000000000       35.0753367002        0.0000000000        0.8869204367        0.1064304524        0.0148606217
       59.8979590000        1.0000000000        1.0000000000       32.7839236893        0.0000000000        0.8869204367        0.1064304524        0.0195638688
       60.0000000000        1.0000000000        1.0000000000       30.8228622664        0.0000000000        0.8869204367        0.1064304524        0.0247546118
