       55.0000000000        1.0000000000        1.0000000000       11.0977065296        0.0000000000        0.8869204367        0.1064304524        0.2640214884
       55.1020410000        1.0000000000        1.0000000000       11.9124703072        0.0000000000        0.8869204367        0.1064304524        0.2394294597
       55.2040820000        1.0000000000        1.0000000000       12.8841719906        0.0000000000        0.8869204367        0.1064304524        0.2130772210
       55.3061220000        1.0000000000        1.0000000000       14.0553200571        0.0000000000        0.8869204367        0.1064304524        0.1851408473
       55.4081630000        1.0000000000        1.0000000000       15.5006306757        0.0000000000        0.8869204367        0.1064304524        0.1556608493
       55.5102040000        1.0000000000        1.0000000000       17.3928359689        0.0000000000        0.8869204367        0.1064304524        0.1240413481
       55.6122450000        1.0000000000        1.0000000000       20.0315203195        0.0000000000        0.8869204367        0.1064304524        0.0903754664
       55.7142860000        1.0000000000        1.0000000000       23.4452270338        0.0000000000        0.8869204367        0.1064304524        0.0599990084
       55.8163270000        1.0000000000        1.0000000000       27.0303558701        0.0000000000        0.8869204367        0.1064304524        0.0390214921
       55.9183670000        1.0000000000        1.0000000000       30.6526509034        0.0000000000        0.8869204367        0.1064304524        0.0252654328
       56.0204080000        1.0000000000        1.0000000000       35.4325757783        0.0000000000        0.8869204367        0.1064304524        0.0142370281
       56.1224490000        1.0000000000        1.0000000000       42.5400035623        0.0000000000        0.8869204367        0.1064304524        0.0060675497
       56.2244900000        1.0000000000        1.0000000000       52.8725682271        0.0000000000        0.8869204367        0.1064304524        0.0017560151
       56.3265310000        1.0000000000        1.0000000000       68.0377052998        0.0000000000        0.8869204367        0.1064304524        0.0002845719
       56.4285710000        1.0000000000        1.0000000000       91.5651348800        0.0000000000        0.8869204367        0.1064304524        0.0000169064
       56.5306120000        1.0000000000        1.0000000000      132.1732891009        0.0000000000        0.8869204367        0.1064304524        0.0000001293
       56.6326530000        1.0000000000        1.0000000000      217.6090926928        0.0000000000        0.8869204367        0.1064304524        0.0000000000
       56.7346940000        1.0000000000        1.0000000000      444.6458571144        0.0000000000        0.8869204367        0.1064304524        0.0000000000
       56.8367350000        1.0000000000        1.0000000000     1048.0496116815        0.0000000000        0.8869204367        0.1064304524        0.0000000000
       56.9387760000        1.0000000000        1.0000000000     2169.2082180915        0.0000000000        0.8869204367        0.1064304524        0.0000000000
       57.0408160000        1.0000000000        1.0000000000     3174.9177054541        0.0000000000        0.8869204367        0.1064304524        0.0000000000
       57.1428570000        1.0000000000        1.0000000000     3031.2110428883        0.0000000000        0.8869204367        0.1064304524        0.0000000000
       57.2448980000        1.0000000000        1.0000000000     2080.6621530791        0.0000000000        0.8869204367        0.1064304524        0.0000000000
       57.3469390000        1.0000000000        1.0000000000     1770.9243423279        0.0000000000        0.8869204367        0.1064304524        0.0000000000
       57.4489800000        1.0000000000        1.0000000000     2613.7699677075        0.0000000000        0.8869204367        0.1064304524        0.0000000000
       57.5510200000        1.0000000000        1.0000000000     3503.5840473463        0.0000000000        0.8869204367        0.1064304524        0.0000000000
       57.6530610000        1.0000000000        1.0000000000     3155.6857864333        0.0000000000        0.8869204367        0.1064304524        0.0000000000
       57.7551020000        1.0000000000        1.0000000000     1923.5840381367        0.0000000000        0.8869204367        0.1064304524        0.0000000000
       57.8571430000        1.0000000000        1.0000000000      920.8292986462        0.0000000000        0.8869204367        0.1064304524        0.0000000000
       57.9591840000        1.0000000000        1.0000000000      448.0854500708        0.0000000000        0.8869204367        0.1064304524        0.0000000000
       58.0612240000        1.0000000000        1.0000000000      265.7960302725        0.0000000000        0.8869204367        0.1064304524        0.0000000000
       58.1632650000        1.0000000000        1.0000000000      186.3120492059        0.0000000000        0.8869204367        0.1064304524        0.0000000002
       58.2653060000        1.0000000000        1.0000000000      142.8786498406        0.0000000000        0.8869204367        0.1064304524        0.0000000358
       58.3673470000        1.0000000000        1.0000000000      115.3274140256        0.0000000000        0.8869204367        0.1064304524        0.0000009765
       58.4693880000        1.0000000000        1.0000000000       96.3302777329        0.0000000000        0.8869204367        0.1064304524        0.0000095437
       58.5714290000        1.0000000000        1.0000000000       82.5460745215        0.0000000000        0.8869204367        0.1064304524        0.0000498980
       58.6734690000        1.0000000000        1.0000000000       72.3496256528        0.0000000000        0.8869204367        0.1064304524        0.0001696191
       58.7755100000        1.0000000000        1.0000000000       65.3955444942        0.0000000000        0.8869204367        0.1064304524        0.0003907411
       58.8775510000        1.0000000000        1.0000000000       62.1983716631        0.0000000000        0.8869204367        0.1064304524        0.0005734702
       58.9795920000        1.0000000000        1.0000000000       61.4397170470        0.0000000000        0.8869204367        0.1064304524        0.0006281283
       59.0816330000        1.0000000000        1.0000000000       58.5198801127        0.0000000000        0.8869204367        0.1064304524        0.0008916957
       59.1836730000        1.0000000000        1.0000000000       51.6065818712        0.0000000000        0.8869204367        0.1064304524        0.0020441161
       59.2857140000        1.0000000000        1.0000000000       44.4330961851        0.0000000000        0.8869204367        0.1064304524        0.0048345291
       59.3877550000        1.0000000000        1.0000000000       39.6289974258        0.0000000000        0.8869204367        0.1064304524        0.0086044162
       59.4897960000        1.0000000000        1.0000000000       36.6145074534        0.0000000000        0.8869204367        0.1064304524        0.0123544261
       59.5918370000        1.0000000000        1.0000000000       34.3797920420        0.0000000000        0.8869204367        0.1064304524        0.0161542025
       59.6938780000        1.0000000000        1.0000000000       32.5139048947        0.0000000000        0.8869204367        0.1064304524        0.0202081642
       59.7959180000        1.0000000000        1.0000000000       30.8924160240        0.0000000000        0.8869204367        0.1064304524        0.0245488585
       59.8979590000        1.0000000000        1.0000000000       29.4621333576        0.0000000000        0.8869204367        0.1064304524        0.0291454635
       60.0000000000        1.0000000000        1.0000000000       28.1893761755        0.0000000000        0.8869204367        0.1064304524        0.0339547969
