       55.0000000000        1.0000000000        1.0000000000        8.5730196266        0.0000000000        0.8869204367        0.1064304524        0.3574490819
       55.1020410000        1.0000000000        1.0000000000        8.9584945892        0.0000000000        0.8869204367        0.1064304524        0.3412911510
       55.2040820000        1.0000000000        1.0000000000        9.4722610003        0.0000000000        0.8869204367        0.1064304524        0.3208853708
       55.3061220000        1.0000000000        1.0000000000       10.1715901861        0.0000000000        0.8869204367        0.1064304524        0.2950557899
       55.4081630000        1.0000000000        1.0000000000       11.1630471830        0.0000000000        0.8869204367        0.1064304524        0.2619594228
       55.5102040000        1.0000000000        1.0000000000       12.6859529161        0.0000000000        0.8869204367        0.1064304524        0.2182062964
       55.6122450000        1.0000000000        1.0000000000       15.1825506550        0.0000000000        0.8869204367        0.1064304524        0.1617172113
       55.7142860000        1.0000000000        1.0000000000       18.9858855096        0.0000000000        0.8869204367        0.1064304524        0.1024575962
       55.8163270000        1.0000000000        1.0000000000       24.1531851046        0.0000000000        0.8869204367        0.1064304524        0.0551123080
       55.9183670000        1.0000000000        1.0000000000       32.2609675461        0.0000000000        0.8869204367        0.1064304524        0.0208309357
       56.0204080000        1.0000000000        1.0000000000       50.7674885212        0.0000000000        0.8869204367        0.1064304524        0.0022606597
       56.1224490000        1.0000000000        1.0000000000      110.1401128956        0.0000000000        0.8869204367        0.1064304524        0.0000018197
       56.2244900000        1.0000000000        1.0000000000      317.2373755989        0.0000000000        0.8869204367        0.1064304524        0.0000000000
       56.3265310000        1.0000000000        1.0000000000      848.5241111969        0.0000000000        0.8869204367        0.1064304524        0.0000000000
       56.4285710000        1.0000000000        1.0000000000     1579.2003731834        0.0000000000        0.8869204367        0.1064304524        0.0000000000
       56.5306120000        1.0000000000        1.0000000000     1835.8400700293        0.0000000000        0.8869204367        0.1064304524        0.0000000000
       56.6326530000        1.0000000000        1.0000000000     1315.2609123819        0.0000000000        0.8869204367        0.1064304524        0.0000000000
       56.7346940000        1.0000000000        1.0000000000      623.6015016505        0.0000000000        0.8869204367        0.1064304524        0.0000000000
       56.8367350000        1.0000000000        1.0000000000      240.7122737076        0.0000000000        0.8869204367        0.1064304524        0.0000000000
       56.9387760000        1.0000000000        1.0000000000      107.3863125507        0.0000000000        0.8869204367        0.1064304524        0.0000025324
       57.0408160000        1.0000000000        1.0000000000       64.8221986076        0.0000000000        0.8869204367        0.1064304524        0.0004185711
       57.1428570000        1.0000000000        1.0000000000       47.1066415716        0.0000000000        0.8869204367        0.1064304524        0.0035076921
       57.2448980000        1.0000000000        1.0000000000       37.4045251291        0.0000000000        0.8869204367        0.1064304524        0.0112370040
       57.3469390000        1.0000000000        1.0000000000       31.2708736823        0.0000000000        0.8869204367        0.1064304524        0.0234589113
       57.4489800000        1.0000000000        1.0000000000       27.0776165127        0.0000000000        0.8869204367        0.1064304524        0.0388008168
       57.5510200000        1.0000000000        1.0000000000       24.0560696933        0.0000000000        0.8869204367        0.1064304524        0.0557583356
       57.6530610000        1.0000000000        1.0000000000       21.7916738038        0.0000000000        0.8869204367        0.1064304524        0.0731677260
       57.7551020000        1.0000000000        1.0000000000       20.0419540660        0.0000000000        0.8869204367        0.1064304524        0.0902623826
       57.8571430000        1.0000000000        1.0000000000       18.6562914728        0.0000000000        0.8869204367        0.1064304524        0.1065911302
       57.9591840000        1.0000000000        1.0000000000       17.5366988955        0.0000000000        0.8869204367        0.1064304524        0.1219183321
       58.0612240000        1.0000000000        1.0000000000       16.6170969570        0.0000000000        0.8869204367        0.1064304524        0.1361427060
       58.1632650000        1.0000000000        1.0000000000       15.8517324399        0.0000000000        0.8869204367        0.1064304524        0.1492387520
       58.2653060000        1.0000000000        1.0000000000       15.2086689553        0.0000000000        0.8869204367        0.1064304524        0.1612111513
       58.3673470000        1.0000000000        1.0000000000       14.6664195135        0.0000000000        0.8869204367        0.1064304524        0.1720499665
       58.4693880000        1.0000000000        1.0000000000       14.2147864430        0.0000000000        0.8869204367        0.1064304524        0.1816316810
       58.5714290000        1.0000000000        1.0000000000       13.8748783908        0.0000000000        0.8869204367        0.1064304524        0.1891934189
       58.6734690000        1.0000000000        1.0000000000       13.8251138914        0.0000000000        0.8869204367        0.1064304524        0.1903266130
       58.7755100000        1.0000000000        1.0000000000       14.7770024341        0.0000000000        0.8869204367        0.1064304524        0.1697819534
       58.8775510000        1.0000000000        1.0000000000       17.8492404296        0.0000000000        0.8869204367        0.1064304524        0.1174304716
       58.9795920000        1.0000000000        1.0000000000       22.0216381985        0.0000000000        0.8869204367        0.1064304524        0.0711762144
       59.0816330000        1.0000000000        1.0000000000       22.9799902316        0.0000000000        0.8869204367        0.1064304524        0.0634439254
       59.1836730000        1.0000000000        1.0000000000       19.3216208777        0.0000000000        0.8869204367        0.1064304524        0.0984118057
       59.2857140000        1.0000000000        1.0000000000       15.0507229881        0.0000000000        0.8869204367        0.1064304524        0.1642958096
       59.3877550000        1.0000000000        1.0000000000       12.8070729438        0.0000000000        0.8869204367        0.1064304524        0.2150577347
       59.4897960000        1.0000000000        1.0000000000       12.0001891893        0.0000000000        0.8869204367        0.1064304524        0.2369223798
       59.5918370000        1.0000000000        1.0000000000       11.6694509323        0.0000000000        0.8869204367        0.1064304524        0.2465145867
       59.6938780000        1.0000000000        1.0000000000       11.4618604528        0.0000000000        0.8869204367        0.1064304524        0.2527326030
       59.7959180000        1.0000000000        1.0000000000       11.2976876765        0.0000000000        0.8869204367        0.1064304524        0.2577609894
       59.8979590000        1.0000000000        1.0000000000       11.1573435687        0.0000000000        0.8869204367        0.1064304524        0.2621387780
       60.0000000000        1.0000000000        1.0000000000       11.0333116347        0.0000000000        0.8869204367        0.1064304524        0.2660695878
