       55.0000000000        1.0000000000        1.0000000000        8.5697922858        0.0000000000        0.8869204367        0.1064304524        0.3575875419
       55.1020410000        1.0000000000        1.0000000000        8.9290141629        0.0000000000        0.8869204367        0.1064304524        0.3425006582
       55.2040820000        1.0000000000        1.0000000000        9.4182210761        0.0000000000        0.8869204367        0.1064304524        0.3229730069
       55.3061220000        1.0000000000        1.0000000000       10.1009246149        0.0000000000        0.8869204367        0.1064304524        0.2975684627
       55.4081630000        1.0000000000        1.0000000000       11.0974414757        0.0000000000        0.8869204367        0.1064304524        0.2640298862
       55.5102040000        1.0000000000        1.0000000000       12.6780599662        0.0000000000        0.8869204367        0.1064304524        0.2184130693
       55.6122450000        1.0000000000        1.0000000000       15.3585376616        0.0000000000        0.8869204367        0.1064304524        0.1583378054
       55.7142860000        1.0000000000        1.0000000000       19.6605026798        0.0000000000        0.8869204367        0.1064304524        0.0944900896
       55.8163270000        1.0000000000        1.0000000000       26.2422454860        0.0000000000        0.8869204367        0.1064304524        0.0428920211
       55.9183670000        1.0000000000        1.0000000000       39.5192658982        0.0000000000        0.8869204367        0.1064304524        0.0087184666
       56.0204080000        1.0000000000        1.0000000000       82.2121255701        0.0000000000        0.8869204367        0.1064304524        0.0000519382
       56.1224490000        1.0000000000        1.0000000000      237.8474945018        0.0000000000        0.8869204367        0.1064304524        0.0000000000
       56.2244900000        1.0000000000        1.0000000000      651.6421943262        0.0000000000        0.8869204367        0.1064304524        0.0000000000
       56.3265310000        1.0000000000        1.0000000000     1241.1657362656        0.0000000000        0.8869204367        0.1064304524        0.0000000000
       56.4285710000        1.0000000000        1.0000000000     1467.6428198480        0.0000000000        0.8869204367        0.1064304524        0.0000000000
       56.5306120000        1.0000000000        1.0000000000     1060.7908102188        0.0000000000        0.8869204367        0.1064304524        0.0000000000
       56.6326530000        1.0000000000        1.0000000000      501.9705786893        0.0000000000        0.8869204367        0.1064304524        0.0000000000
       56.7346940000        1.0000000000        1.0000000000      191.2416080203        0.0000000000        0.8869204367        0.1064304524        0.0000000001
       56.8367350000        1.0000000000        1.0000000000       84.4704331244        0.0000000000        0.8869204367        0.1064304524        0.0000396091
       56.9387760000        1.0000000000        1.0000000000       51.2964942155        0.0000000000        0.8869204367        0.1064304524        0.0021216116
       57.0408160000        1.0000000000        1.0000000000       37.7645291117        0.0000000000        0.8869204367        0.1064304524        0.0107618964
       57.1428570000        1.0000000000        1.0000000000       30.4008893754        0.0000000000        0.8869204367        0.1064304524        0.0260403837
       57.2448980000        1.0000000000        1.0000000000       25.7535849743        0.0000000000        0.8869204367        0.1064304524        0.0454823838
       57.3469390000        1.0000000000        1.0000000000       22.5783412579        0.0000000000        0.8869204367        0.1064304524        0.0665766775
       57.4489800000        1.0000000000        1.0000000000       20.2906563447        0.0000000000        0.8869204367        0.1064304524        0.0876083679
       57.5510200000        1.0000000000        1.0000000000       18.5760734748        0.0000000000        0.8869204367        0.1064304524        0.1076221479
       57.6530610000        1.0000000000        1.0000000000       17.2508268825        0.0000000000        0.8869204367        0.1064304524        0.1261732614
       57.7551020000        1.0000000000        1.0000000000       16.2009167150        0.0000000000        0.8869204367        0.1064304524        0.1431145378
       57.8571430000        1.0000000000        1.0000000000       15.3521919410        0.0000000000        0.8869204367        0.1064304524        0.1584584234
       57.9591840000        1.0000000000        1.0000000000       14.6546199397        0.0000000000        0.8869204367        0.1064304524        0.1722937530
       58.0612240000        1.0000000000        1.0000000000       14.0734985476        0.0000000000        0.8869204367        0.1064304524        0.1847374177
       58.1632650000        1.0000000000        1.0000000000       13.5843568279        0.0000000000        0.8869204367        0.1064304524        0.1959055117
       58.2653060000        1.0000000000        1.0000000000       13.1701249960        0.0000000000        0.8869204367        0.1064304524        0.2058896364
       58.3673470000        1.0000000000        1.0000000000       12.8199965572        0.0000000000        0.8869204367        0.1064304524        0.2147244745
       58.4693880000        1.0000000000        1.0000000000       12.5316583399        0.0000000000        0.8869204367        0.1064304524        0.2222840966
       58.5714290000        1.0000000000        1.0000000000       12.3322593186        0.0000000000        0.8869204367        0.1064304524        0.2276670286
       58.6734690000        1.0000000000        1.0000000000       12.4051127985        0.0000000000        0.8869204367        0.1064304524        0.2256853434
       58.7755100000        1.0000000000        1.0000000000       13.4653776579        0.0000000000        0.8869204367        0.1064304524        0.1987226154
       58.8775510000        1.0000000000        1.0000000000       16.6317639447        0.0000000000        0.8869204367        0.1064304524        0.1359033003
       58.9795920000        1.0000000000        1.0000000000       20.8798006602        0.0000000000        0.8869204367        0.1064304524        0.0816285599
       59.0816330000        1.0000000000        1.0000000000       21.8969243436        0.0000000000        0.8869204367        0.1064304524        0.0722494242
       59.1836730000        1.0000000000        1.0000000000       18.2930726132        0.0000000000        0.8869204367        0.1064304524        0.1113397754
       59.2857140000        1.0000000000        1.0000000000       14.0792975963        0.0000000000        0.8869204367        0.1064304524        0.1846089063
       59.3877550000        1.0000000000        1.0000000000       11.8911314403        0.0000000000        0.8869204367        0.1064304524        0.2400433438
       59.4897960000        1.0000000000        1.0000000000       11.1342989408        0.0000000000        0.8869204367        0.1064304524        0.2628646882
       59.5918370000        1.0000000000        1.0000000000       10.8482087317        0.0000000000        0.8869204367        0.1064304524        0.2720457447
       59.6938780000        1.0000000000        1.0000000000       10.6808678320        0.0000000000        0.8869204367        0.1064304524        0.2775638895
       59.7959180000        1.0000000000        1.0000000000       10.5533042790        0.0000000000        0.8869204367        0.1064304524        0.2818454202
       59.8979590000        1.0000000000        1.0000000000       10.4464528826        0.0000000000        0.8869204367        0.1064304524        0.2854825576
       60.0000000000        1.0000000000        1.0000000000       10.3531938352        0.0000000000        0.8869204367        0.1064304524        0.2886953612
