       55.0000000000        1.0000000000        1.0000000000       30.2722646750        0.0000000000        0.8869204367        0.1064304524        0.0264454341
       55.1020410000        1.0000000000        1.0000000000       34.4106770883        0.0000000000        0.8869204367        0.1064304524        0.0160944425
       55.2040820000        1.0000000000        1.0000000000       39.5398202559        0.0000000000        0.8869204367        0.1064304524        0.0086969888
       55.3061220000        1.0000000000        1.0000000000       46.0060411073        0.0000000000        0.8869204367        0.1064304524        0.0040029450
       55.4081630000        1.0000000000        1.0000000000       54.3429343465        0.0000000000        0.8869204367        0.1064304524        0.0014719722
       55.5102040000        1.0000000000        1.0000000000       65.4390449748        0.0000000000        0.8869204367        0.1064304524        0.0003887067
       55.6122450000        1.0000000000        1.0000000000       80.7521275229        0.0000000000        0.8869204367        0.1064304524        0.0000618836
       55.7142860000        1.0000000000        1.0000000000      102.3070553156        0.0000000000        0.8869204367        0.1064304524        0.0000046584
       55.8163270000        1.0000000000        1.0000000000      133.3799297694        0.0000000000        0.8869204367        0.1064304524        0.0000001119
       55.9183670000        1.0000000000        1.0000000000      182.3297279219        0.0000000000        0.8869204367        0.1064304524        0.0000000003
       56.0204080000        1.0000000000        1.0000000000      272.8633746888        0.0000000000        0.8869204367        0.1064304524        0.0000000000
       56.1224490000        1.0000000000        1.0000000000      479.4780492977        0.0000000000        0.8869204367        0.1064304524        0.0000000000
       56.2244900000        1.0000000000        1.0000000000     1021.1777852329        0.0000000000        0.8869204367        0.1064304524        0.0000000000
       56.3265310000        1.0000000000        1.0000000000     2260.3069953951        0.0000000000        0.8869204367        0.1064304524        0.0000000000
       56.4285710000        1.0000000000        1.0000000000     4055.1130402402        0.0000000000        0.8869204367        0.1064304524        0.0000000000
       56.5306120000        1.0000000000        1.0000000000     5018.3347445040        0.0000000000        0.8869204367        0.1064304524        0.0000000000
       56.6326530000        1.0000000000        1.0000000000     4063.3014593224        0.0000000000        0.8869204367        0.1064304524        0.0000000000
       56.7346940000        1.0000000000        1.0000000000     2218.6226890251        0.0000000000        0.8869204367        0.1064304524        0.0000000000
       56.8367350000        1.0000000000        1.0000000000      932.2255709328        0.0000000000        0.8869204367        0.1064304524        0.0000000000
       56.9387760000        1.0000000000        1.0000000000      389.4004930556        0.0000000000        0.8869204367        0.1064304524        0.0000000000
       57.0408160000        1.0000000000        1.0000000000      213.0051675951        0.0000000000        0.8869204367        0.1064304524        0.0000000000
       57.1428570000        1.0000000000        1.0000000000      173.4135930932        0.0000000000        0.8869204367        0.1064304524        0.0000000009
       57.2448980000        1.0000000000        1.0000000000      220.1408587911        0.0000000000        0.8869204367        0.1064304524        0.0000000000
       57.3469390000        1.0000000000        1.0000000000      428.9201348989        0.0000000000        0.8869204367        0.1064304524        0.0000000000
       57.4489800000        1.0000000000        1.0000000000     1070.5396863696        0.0000000000        0.8869204367        0.1064304524        0.0000000000
       57.5510200000        1.0000000000        1.0000000000     2517.1919707747        0.0000000000        0.8869204367        0.1064304524        0.0000000000
       57.6530610000        1.0000000000        1.0000000000     4436.6098523277        0.0000000000        0.8869204367        0.1064304524        0.0000000000
       57.7551020000        1.0000000000        1.0000000000     5288.9819783784        0.0000000000        0.8869204367        0.1064304524        0.0000000000
       57.8571430000        1.0000000000        1.0000000000     4222.3622788135        0.0000000000        0.8869204367        0.1064304524        0.0000000000
       57.9591840000        1.0000000000        1.0000000000     2424.8618924683        0.0000000000        0.8869204367        0.1064304524        0.0000000000
       58.0612240000        1.0000000000        1.0000000000     1191.9576807052        0.0000000000        0.8869204367        0.1064304524        0.0000000000
       58.1632650000        1.0000000000        1.0000000000      628.4457262891        0.0000000000        0.8869204367        0.1064304524        0.0000000000
       58.2653060000        1.0000000000        1.0000000000      394.8455179083        0.0000000000        0.8869204367        0.1064304524        0.0000000000
       58.3673470000        1.0000000000        1.0000000000      283.1635829412        0.0000000000        0.8869204367        0.1064304524        0.0000000000
       58.4693880000        1.0000000000        1.0000000000      219.1073961979        0.0000000000        0.8869204367        0.1064304524        0.0000000000
       58.5714290000        1.0000000000        1.0000000000      177.6687551130        0.0000000000        0.8869204367        0.1064304524        0.0000000006
       58.6734690000        1.0000000000        1.0000000000      148.9751001728        0.0000000000        0.8869204367        0.1064304524        0.0000000172
       58.7755100000        1.0000000000        1.0000000000      128.8946974223        0.0000000000        0.8869204367        0.1064304524        0.0000001917
       58.8775510000        1.0000000000        1.0000000000      115.9973326396        0.0000000000        0.8869204367        0.1064304524        0.0000009011
       58.9795920000        1.0000000000        1.0000000000      107.9323968887        0.0000000000        0.8869204367        0.1064304524        0.0000023717
       59.0816330000        1.0000000000        1.0000000000       99.4205470983        0.0000000000        0.8869204367        0.1064304524        0.0000065867
       59.1836730000        1.0000000000        1.0000000000       88.0223725006        0.0000000000        0.8869204367        0.1064304524        0.0000258633
       59.2857140000        1.0000000000        1.0000000000       77.0756105963        0.0000000000        0.8869204367        0.1064304524        0.0000962008
       59.3877550000        1.0000000000        1.0000000000       69.0742177106        0.0000000000        0.8869204367        0.1064304524        0.0002512892
       59.4897960000        1.0000000000        1.0000000000       63.3648176534        0.0000000000        0.8869204367        0.1064304524        0.0004985642
       59.5918370000        1.0000000000        1.0000000000       58.8446401202        0.0000000000        0.8869204367        0.1064304524        0.0008576137
       59.6938780000        1.0000000000        1.0000000000       55.0184803209        0.0000000000        0.8869204367        0.1064304524        0.0013573546
       59.7959180000        1.0000000000        1.0000000000       51.6982029319        0.0000000000        0.8869204367        0.1064304524        0.0020217651
       59.8979590000        1.0000000000        1.0000000000       48.7828858491        0.0000000000        0.8869204367        0.1064304524        0.0028685566
       60.0000000000        1.0000000000        1.0000000000       46.2022097443        0.0000000000        0.8869204367        0.1064304524        0.0039098152
