       55.0000000000        1.0000000000        1.0000000000        7.2336508249        0.0000000000        0.8869204367        0.1064304524        0.4197742975
       55.1020410000        1.0000000000        1.0000000000        7.3408413746        0.0000000000        0.8869204367        0.1064304524        0.4144093751
       55.2040820000        1.0000000000        1.0000000000        7.4727647436        0.0000000000        0.8869204367        0.1064304524        0.4079005969
       55.3061220000        1.0000000000        1.0000000000        7.6390279732        0.0000000000        0.8869204367        0.1064304524        0.3998429809
       55.4081630000        1.0000000000        1.0000000000        7.8703411346        0.0000000000        0.8869204367        0.1064304524        0.3888969284
       55.5102040000        1.0000000000        1.0000000000        8.2809540738        0.0000000000        0.8869204367        0.1064304524        0.3701990338
       55.6122450000        1.0000000000        1.0000000000        9.0978924079        0.0000000000        0.8869204367        0.1064304524        0.3356296064
       55.7142860000        1.0000000000        1.0000000000       10.2593461360        0.0000000000        0.8869204367        0.1064304524        0.2919649447
       55.8163270000        1.0000000000        1.0000000000       11.0090725132        0.0000000000        0.8869204367        0.1064304524        0.2668446296
       55.9183670000        1.0000000000        1.0000000000       10.9493353849        0.0000000000        0.8869204367        0.1064304524        0.2687643660
       56.0204080000        1.0000000000        1.0000000000       10.8275136808        0.0000000000        0.8869204367        0.1064304524        0.2727221843
       56.1224490000        1.0000000000        1.0000000000       11.2634418526        0.0000000000        0.8869204367        0.1064304524        0.2588224374
       56.2244900000        1.0000000000        1.0000000000       12.2256257968        0.0000000000        0.8869204367        0.1064304524        0.2305989797
       56.3265310000        1.0000000000        1.0000000000       13.6120477375        0.0000000000        0.8869204367        0.1064304524        0.1952556158
       56.4285710000        1.0000000000        1.0000000000       15.4897361930        0.0000000000        0.8869204367        0.1064304524        0.1558644838
       56.5306120000        1.0000000000        1.0000000000       18.0577914070        0.0000000000        0.8869204367        0.1064304524        0.1145281117
       56.6326530000        1.0000000000        1.0000000000       21.6607304883        0.0000000000        0.8869204367        0.1064304524        0.0743265052
       56.7346940000        1.0000000000        1.0000000000       26.8950067639        0.0000000000        0.8869204367        0.1064304524        0.0396604499
       56.8367350000        1.0000000000        1.0000000000       34.8647521364        0.0000000000        0.8869204367        0.1064304524        0.0152409369
       56.9387760000        1.0000000000        1.0000000000       47.8511471384        0.0000000000        0.8869204367        0.1064304524        0.0032079035
       57.0408160000        1.0000000000        1.0000000000       71.5714127270        0.0000000000        0.8869204367        0.1064304524        0.0001862223
       57.1428570000        1.0000000000        1.0000000000      124.9869199831        0.0000000000        0.8869204367        0.1064304524        0.0000003064
       57.2448980000        1.0000000000        1.0000000000      280.3335518614        0.0000000000        0.8869204367        0.1064304524        0.0000000000
       57.3469390000        1.0000000000        1.0000000000      744.8094250470        0.0000000000        0.8869204367        0.1064304524        0.0000000000
       57.4489800000        1.0000000000        1.0000000000     1748.6548800997        0.0000000000        0.8869204367        0.1064304524        0.0000000000
       57.5510200000        1.0000000000        1.0000000000     2901.4752313605        0.0000000000        0.8869204367        0.1064304524        0.0000000000
       57.6530610000        1.0000000000        1.0000000000     3104.1989347285        0.0000000000        0.8869204367        0.1064304524        0.0000000000
       57.7551020000        1.0000000000        1.0000000000     2137.2177763865        0.0000000000        0.8869204367        0.1064304524        0.0000000000
       57.8571430000        1.0000000000        1.0000000000     1030.0357048614        0.0000000000        0.8869204367        0.1064304524        0.0000000000
       57.9591840000        1.0000000000        1.0000000000      428.2206357781        0.0000000000        0.8869204367        0.1064304524        0.0000000000
       58.0612240000        1.0000000000        1.0000000000      205.2566269916        0.0000000000        0.8869204367        0.1064304524        0.0000000000
       58.1632650000        1.0000000000        1.0000000000      125.5682211631        0.0000000000        0.8869204367        0.1064304524        0.0000002857
       58.2653060000        1.0000000000        1.0000000000       89.6713256668        0.0000000000        0.8869204367        0.1064304524        0.0000212202
       58.3673470000        1.0000000000        1.0000000000       69.4616369937        0.0000000000        0.8869204367        0.1064304524        0.0002398741
       58.4693880000        1.0000000000        1.0000000000       56.5735636224        0.0000000000        0.8869204367        0.1064304524        0.0011262884
       58.5714290000        1.0000000000        1.0000000000       47.7710014231        0.0000000000        0.8869204367        0.1064304524        0.0032389043
       58.6734690000        1.0000000000        1.0000000000       41.6588664204        0.0000000000        0.8869204367        0.1064304524        0.0067442569
       58.7755100000        1.0000000000        1.0000000000       38.0925260177        0.0000000000        0.8869204367        0.1064304524        0.0103465399
       58.8775510000        1.0000000000        1.0000000000       37.7134371312        0.0000000000        0.8869204367        0.1064304524        0.0108280807
       58.9795920000        1.0000000000        1.0000000000       39.2499932736        0.0000000000        0.8869204367        0.1064304524        0.0090047849
       59.0816330000        1.0000000000        1.0000000000       38.1856836782        0.0000000000        0.8869204367        0.1064304524        0.0102315209
       59.1836730000        1.0000000000        1.0000000000       32.8754525402        0.0000000000        0.8869204367        0.1064304524        0.0193501655
       59.2857140000        1.0000000000        1.0000000000       27.1720844573        0.0000000000        0.8869204367        0.1064304524        0.0383634485
       59.3877550000        1.0000000000        1.0000000000       23.6939309165        0.0000000000        0.8869204367        0.1064304524        0.0582348265
       59.4897960000        1.0000000000        1.0000000000       21.8434637340        0.0000000000        0.8869204367        0.1064304524        0.0727144139
       59.5918370000        1.0000000000        1.0000000000       20.6286825583        0.0000000000        0.8869204367        0.1064304524        0.0841258063
       59.6938780000        1.0000000000        1.0000000000       19.6638564446        0.0000000000        0.8869204367        0.1064304524        0.0944520696
       59.7959180000        1.0000000000        1.0000000000       18.8444716371        0.0000000000        0.8869204367        0.1064304524        0.1042111034
       59.8979590000        1.0000000000        1.0000000000       18.1324999521        0.0000000000        0.8869204367        0.1064304524        0.1135059530
       60.0000000000        1.0000000000        1.0000000000       17.5062553630        0.0000000000        0.8869204367        0.1064304524        0.1223645416
