       55.0000000000        1.0000000000        1.0000000000       10.8519119107        0.0000000000        0.8869204367        0.1064304524        0.2719248795
       55.1020410000        1.0000000000        1.0000000000       11.6635780151        0.0000000000        0.8869204367        0.1064304524        0.2466883791
       55.2040820000        1.0000000000        1.0000000000       12.6508075534        0.0000000000        0.8869204367        0.1064304524        0.2191285125
       55.3061220000        1.0000000000        1.0000000000       13.8737529566        0.0000000000        0.8869204367        0.1064304524        0.1892189716
       55.4081630000        1.0000000000        1.0000000000       15.4408578424        0.0000000000        0.8869204367        0.1064304524        0.1567813780
       55.5102040000        1.0000000000        1.0000000000       17.5919496745        0.0000000000        0.8869204367        0.1064304524        0.1211126759
       55.6122450000        1.0000000000        1.0000000000       20.7690211369        0.0000000000        0.8869204367        0.1064304524        0.0827209374
       55.7142860000        1.0000000000        1.0000000000       25.3403696597        0.0000000000        0.8869204367        0.1064304524        0.0477945167
       55.8163270000        1.0000000000        1.0000000000       31.7670515123        0.0000000000        0.8869204367        0.1064304524        0.0221029061
       55.9183670000        1.0000000000        1.0000000000       44.5990086193        0.0000000000        0.8869204367        0.1064304524        0.0047392280
       56.0204080000        1.0000000000        1.0000000000       85.0224151351        0.0000000000        0.8869204367        0.1064304524        0.0000370705
       56.1224490000        1.0000000000        1.0000000000      202.3091416195        0.0000000000        0.8869204367        0.1064304524        0.0000000000
       56.2244900000        1.0000000000        1.0000000000      404.7953985313        0.0000000000        0.8869204367        0.1064304524        0.0000000000
       56.3265310000        1.0000000000        1.0000000000      535.1912281608        0.0000000000        0.8869204367        0.1064304524        0.0000000000
       56.4285710000        1.0000000000        1.0000000000      437.3476603812        0.0000000000        0.8869204367        0.1064304524        0.0000000000
       56.5306120000        1.0000000000        1.0000000000      236.5789833370        0.0000000000        0.8869204367        0.1064304524        0.0000000000
       56.6326530000        1.0000000000        1.0000000000      115.7630322693        0.0000000000        0.8869204367        0.1064304524        0.0000009268
       56.7346940000        1.0000000000        1.0000000000       86.9180141051        0.0000000000        0.8869204367        0.1064304524        0.0000295283
       56.8367350000        1.0000000000        1.0000000000       99.9920272087        0.0000000000        0.8869204367        0.1064304524        0.0000061501
       56.9387760000        1.0000000000        1.0000000000      135.7162034482        0.0000000000        0.8869204367        0.1064304524        0.0000000845
       57.0408160000        1.0000000000        1.0000000000      203.3152821758        0.0000000000        0.8869204367        0.1064304524        0.0000000000
       57.1428570000        1.0000000000        1.0000000000      346.1204381168        0.0000000000        0.8869204367        0.1064304524        0.0000000000
       57.2448980000        1.0000000000        1.0000000000      704.1806796706        0.0000000000        0.8869204367        0.1064304524        0.0000000000
       57.3469390000        1.0000000000        1.0000000000     1618.4491503600        0.0000000000        0.8869204367        0.1064304524        0.0000000000
       57.4489800000        1.0000000000        1.0000000000     3408.1955161672        0.0000000000        0.8869204367        0.1064304524        0.0000000000
       57.5510200000        1.0000000000        1.0000000000     5414.3534649582        0.0000000000        0.8869204367        0.1064304524        0.0000000000
       57.6530610000        1.0000000000        1.0000000000     5893.6044745468        0.0000000000        0.8869204367        0.1064304524        0.0000000000
       57.7551020000        1.0000000000        1.0000000000     4361.2818839098        0.0000000000        0.8869204367        0.1064304524        0.0000000000
       57.8571430000        1.0000000000        1.0000000000     2366.7231480937        0.0000000000        0.8869204367        0.1064304524        0.0000000000
       57.9591840000        1.0000000000        1.0000000000     1119.8098637522        0.0000000000        0.8869204367        0.1064304524        0.0000000000
       58.0612240000        1.0000000000        1.0000000000      575.3910276593        0.0000000000        0.8869204367        0.1064304524        0.0000000000
       58.1632650000        1.0000000000        1.0000000000      352.3932562353        0.0000000000        0.8869204367        0.1064304524        0.0000000000
       58.2653060000        1.0000000000        1.0000000000      246.1204156457        0.0000000000        0.8869204367        0.1064304524        0.0000000000
       58.3673470000        1.0000000000        1.0000000000      185.7569115005        0.0000000000        0.8869204367        0.1064304524        0.0000000002
       58.4693880000        1.0000000000        1.0000000000      147.3113500922        0.0000000000        0.8869204367        0.1064304524        0.0000000210
       58.5714290000        1.0000000000        1.0000000000      121.0385178954        0.0000000000        0.8869204367        0.1064304524        0.0000004921
       58.6734690000        1.0000000000        1.0000000000      102.3576291692        0.0000000000        0.8869204367        0.1064304524        0.0000046302
       58.7755100000        1.0000000000        1.0000000000       89.3840955775        0.0000000000        0.8869204367        0.1064304524        0.0000219643
       58.8775510000        1.0000000000        1.0000000000       81.7782808922        0.0000000000        0.8869204367        0.1064304524        0.0000547138
       58.9795920000        1.0000000000        1.0000000000       77.7377835436        0.0000000000        0.8869204367        0.1064304524        0.0000888524
       59.0816330000        1.0000000000        1.0000000000       72.3392152997        0.0000000000        0.8869204367        0.1064304524        0.0001698312
       59.1836730000        1.0000000000        1.0000000000       63.4798367964        0.0000000000        0.8869204367        0.1064304524        0.0004917302
       59.2857140000        1.0000000000        1.0000000000       54.7152731057        0.0000000000        0.8869204367        0.1064304524        0.0014076512
       59.3877550000        1.0000000000        1.0000000000       48.5995587173        0.0000000000        0.8869204367        0.1064304524        0.0029323620
       59.4897960000        1.0000000000        1.0000000000       44.5066458163        0.0000000000        0.8869204367        0.1064304524        0.0047920475
       59.5918370000        1.0000000000        1.0000000000       41.3792727357        0.0000000000        0.8869204367        0.1064304524        0.0069743738
       59.6938780000        1.0000000000        1.0000000000       38.7662309900        0.0000000000        0.8869204367        0.1064304524        0.0095429967
       59.7959180000        1.0000000000        1.0000000000       36.5128876869        0.0000000000        0.8869204367        0.1064304524        0.0125060028
       59.8979590000        1.0000000000        1.0000000000       34.5434703925        0.0000000000        0.8869204367        0.1064304524        0.0158400071
       60.0000000000        1.0000000000        1.0000000000       32.8070705885        0.0000000000        0.8869204367        0.1064304524        0.0195096030
