       55.0000000000        1.0000000000        1.0000000000        7.2753741353        0.0000000000        0.8869204367        0.1064304524        0.4176778254
       55.1020410000        1.0000000000        1.0000000000        7.3478505152        0.0000000000        0.8869204367        0.1064304524        0.4140609632
       55.2040820000        1.0000000000        1.0000000000        7.4410620010        0.0000000000        0.8869204367        0.1064304524        0.4094553406
       55.3061220000        1.0000000000        1.0000000000        7.5644603109        0.0000000000        0.8869204367        0.1064304524        0.4034368790
       55.4081630000        1.0000000000        1.0000000000        7.7487710253        0.0000000000        0.8869204367        0.1064304524        0.3946119022
       55.5102040000        1.0000000000        1.0000000000        8.1087537104        0.0000000000        0.8869204367        0.1064304524        0.3779284280
       55.6122450000        1.0000000000        1.0000000000        8.8737851879        0.0000000000        0.8869204367        0.1064304524        0.3447781120
       55.7142860000        1.0000000000        1.0000000000        9.9878177059        0.0000000000        0.8869204367        0.1064304524        0.3016348423
       55.8163270000        1.0000000000        1.0000000000       10.7013175621        0.0000000000        0.8869204367        0.1064304524        0.2768835918
       55.9183670000        1.0000000000        1.0000000000       10.6230041922        0.0000000000        0.8869204367        0.1064304524        0.2794978991
       56.0204080000        1.0000000000        1.0000000000       10.5179802393        0.0000000000        0.8869204367        0.1064304524        0.2830426662
       56.1224490000        1.0000000000        1.0000000000       11.0483475545        0.0000000000        0.8869204367        0.1064304524        0.2655899485
       56.2244900000        1.0000000000        1.0000000000       12.2637317033        0.0000000000        0.8869204367        0.1064304524        0.2295469249
       56.3265310000        1.0000000000        1.0000000000       14.2279561536        0.0000000000        0.8869204367        0.1064304524        0.1813448633
       56.4285710000        1.0000000000        1.0000000000       17.3866742505        0.0000000000        0.8869204367        0.1064304524        0.1241330990
       56.5306120000        1.0000000000        1.0000000000       22.9934379961        0.0000000000        0.8869204367        0.1064304524        0.0633416265
       56.6326530000        1.0000000000        1.0000000000       35.6257745156        0.0000000000        0.8869204367        0.1064304524        0.0139107558
       56.7346940000        1.0000000000        1.0000000000       76.2946820220        0.0000000000        0.8869204367        0.1064304524        0.0001056518
       56.8367350000        1.0000000000        1.0000000000      216.9519351810        0.0000000000        0.8869204367        0.1064304524        0.0000000000
       56.9387760000        1.0000000000        1.0000000000      556.4896684430        0.0000000000        0.8869204367        0.1064304524        0.0000000000
       57.0408160000        1.0000000000        1.0000000000      970.0907960622        0.0000000000        0.8869204367        0.1064304524        0.0000000000
       57.1428570000        1.0000000000        1.0000000000     1043.3082413138        0.0000000000        0.8869204367        0.1064304524        0.0000000000
       57.2448980000        1.0000000000        1.0000000000      688.3937168857        0.0000000000        0.8869204367        0.1064304524        0.0000000000
       57.3469390000        1.0000000000        1.0000000000      304.5750492519        0.0000000000        0.8869204367        0.1064304524        0.0000000000
       57.4489800000        1.0000000000        1.0000000000      120.6043755048        0.0000000000        0.8869204367        0.1064304524        0.0000005184
       57.5510200000        1.0000000000        1.0000000000       75.0362144313        0.0000000000        0.8869204367        0.1064304524        0.0001228747
       57.6530610000        1.0000000000        1.0000000000      104.8602172418        0.0000000000        0.8869204367        0.1064304524        0.0000034291
       57.7551020000        1.0000000000        1.0000000000      267.5846342521        0.0000000000        0.8869204367        0.1064304524        0.0000000000
       57.8571430000        1.0000000000        1.0000000000      696.8086467980        0.0000000000        0.8869204367        0.1064304524        0.0000000000
       57.9591840000        1.0000000000        1.0000000000     1282.0779025201        0.0000000000        0.8869204367        0.1064304524        0.0000000000
       58.0612240000        1.0000000000        1.0000000000     1485.1859149700        0.0000000000        0.8869204367        0.1064304524        0.0000000000
       58.1632650000        1.0000000000        1.0000000000     1071.1543544467        0.0000000000        0.8869204367        0.1064304524        0.0000000000
       58.2653060000        1.0000000000        1.0000000000      517.8848320905        0.0000000000        0.8869204367        0.1064304524        0.0000000000
       58.3673470000        1.0000000000        1.0000000000      207.2332302579        0.0000000000        0.8869204367        0.1064304524        0.0000000000
       58.4693880000        1.0000000000        1.0000000000       96.9968046415        0.0000000000        0.8869204367        0.1064304524        0.0000088101
       58.5714290000        1.0000000000        1.0000000000       61.1820658815        0.0000000000        0.8869204367        0.1064304524        0.0006478522
       58.6734690000        1.0000000000        1.0000000000       46.2458401516        0.0000000000        0.8869204367        0.1064304524        0.0038893983
       58.7755100000        1.0000000000        1.0000000000       38.9619101117        0.0000000000        0.8869204367        0.1064304524        0.0093215234
       58.8775510000        1.0000000000        1.0000000000       36.7874056321        0.0000000000        0.8869204367        0.1064304524        0.0121007399
       58.9795920000        1.0000000000        1.0000000000       37.4044827251        0.0000000000        0.8869204367        0.1064304524        0.0112370612
       59.0816330000        1.0000000000        1.0000000000       35.8584845459        0.0000000000        0.8869204367        0.1064304524        0.0135276689
       59.1836730000        1.0000000000        1.0000000000       30.3184455004        0.0000000000        0.8869204367        0.1064304524        0.0262992867
       59.2857140000        1.0000000000        1.0000000000       24.5413012516        0.0000000000        0.8869204367        0.1064304524        0.0526043665
       59.3877550000        1.0000000000        1.0000000000       21.0757099779        0.0000000000        0.8869204367        0.1064304524        0.0797319259
       59.4897960000        1.0000000000        1.0000000000       19.2810011829        0.0000000000        0.8869204367        0.1064304524        0.0988926716
       59.5918370000        1.0000000000        1.0000000000       18.1439937502        0.0000000000        0.8869204367        0.1064304524        0.1133495072
       59.6938780000        1.0000000000        1.0000000000       17.2680701298        0.0000000000        0.8869204367        0.1064304524        0.1259124549
       59.7959180000        1.0000000000        1.0000000000       16.5422257523        0.0000000000        0.8869204367        0.1064304524        0.1373713975
       59.8979590000        1.0000000000        1.0000000000       15.9244366078        0.0000000000        0.8869204367        0.1064304524        0.1479423818
       60.0000000000        1.0000000000        1.0000000000       15.3906037171        0.0000000000        0.8869204367        0.1064304524        0.1577297039
