       55.0000000000        1.0000000000        1.0000000000        7.2422770729        0.0000000000        0.8869204367        0.1064304524        0.4193399931
       55.1020410000        1.0000000000        1.0000000000        7.3137272864        0.0000000000        0.8869204367        0.1064304524        0.4157599309
       55.2040820000        1.0000000000        1.0000000000        7.4048047314        0.0000000000        0.8869204367        0.1064304524        0.4112407096
       55.3061220000        1.0000000000        1.0000000000        7.5242935371        0.0000000000        0.8869204367        0.1064304524        0.4053861439
       55.4081630000        1.0000000000        1.0000000000        7.7018841267        0.0000000000        0.8869204367        0.1064304524        0.3968384154
       55.5102040000        1.0000000000        1.0000000000        8.0506942535        0.0000000000        0.8869204367        0.1064304524        0.3805707001
       55.6122450000        1.0000000000        1.0000000000        8.7973418967        0.0000000000        0.8869204367        0.1064304524        0.3479553794
       55.7142860000        1.0000000000        1.0000000000        9.8811372407        0.0000000000        0.8869204367        0.1064304524        0.3055210898
       55.8163270000        1.0000000000        1.0000000000       10.5452947971        0.0000000000        0.8869204367        0.1064304524        0.2821164428
       55.9183670000        1.0000000000        1.0000000000       10.3870521841        0.0000000000        0.8869204367        0.1064304524        0.2875247711
       56.0204080000        1.0000000000        1.0000000000       10.1506198664        0.0000000000        0.8869204367        0.1064304524        0.2957992146
       56.1224490000        1.0000000000        1.0000000000       10.4584294518        0.0000000000        0.8869204367        0.1064304524        0.2850725601
       56.2244900000        1.0000000000        1.0000000000       11.2843606785        0.0000000000        0.8869204367        0.1064304524        0.2581735408
       56.3265310000        1.0000000000        1.0000000000       12.5361251448        0.0000000000        0.8869204367        0.1064304524        0.2221649806
       56.4285710000        1.0000000000        1.0000000000       14.3029290295        0.0000000000        0.8869204367        0.1064304524        0.1797206670
       56.5306120000        1.0000000000        1.0000000000       16.8348922121        0.0000000000        0.8869204367        0.1064304524        0.1326306521
       56.6326530000        1.0000000000        1.0000000000       20.5954042033        0.0000000000        0.8869204367        0.1064304524        0.0844624262
       56.7346940000        1.0000000000        1.0000000000       26.4750823245        0.0000000000        0.8869204367        0.1064304524        0.0417101874
       56.8367350000        1.0000000000        1.0000000000       36.4187494972        0.0000000000        0.8869204367        0.1064304524        0.0126480789
       56.9387760000        1.0000000000        1.0000000000       55.8669699737        0.0000000000        0.8869204367        0.1064304524        0.0012259535
       57.0408160000        1.0000000000        1.0000000000      105.6183301312        0.0000000000        0.8869204367        0.1064304524        0.0000031309
       57.1428570000        1.0000000000        1.0000000000      267.7553592607        0.0000000000        0.8869204367        0.1064304524        0.0000000000
       57.2448980000        1.0000000000        1.0000000000      747.0099564489        0.0000000000        0.8869204367        0.1064304524        0.0000000000
       57.3469390000        1.0000000000        1.0000000000     1652.5416181507        0.0000000000        0.8869204367        0.1064304524        0.0000000000
       57.4489800000        1.0000000000        1.0000000000     2424.3275758582        0.0000000000        0.8869204367        0.1064304524        0.0000000000
       57.5510200000        1.0000000000        1.0000000000     2228.3116313905        0.0000000000        0.8869204367        0.1064304524        0.0000000000
       57.6530610000        1.0000000000        1.0000000000     1314.4724275846        0.0000000000        0.8869204367        0.1064304524        0.0000000000
       57.7551020000        1.0000000000        1.0000000000      560.6708580261        0.0000000000        0.8869204367        0.1064304524        0.0000000000
       57.8571430000        1.0000000000        1.0000000000      227.7079278268        0.0000000000        0.8869204367        0.1064304524        0.0000000000
       57.9591840000        1.0000000000        1.0000000000      117.6199832062        0.0000000000        0.8869204367        0.1064304524        0.0000007416
       58.0612240000        1.0000000000        1.0000000000       77.6590370473        0.0000000000        0.8869204367        0.1064304524        0.0000896960
       58.1632650000        1.0000000000        1.0000000000       58.2178142619        0.0000000000        0.8869204367        0.1064304524        0.0009246108
       58.2653060000        1.0000000000        1.0000000000       46.6651139852        0.0000000000        0.8869204367        0.1064304524        0.0036985528
       58.3673470000        1.0000000000        1.0000000000       39.0663942447        0.0000000000        0.8869204367        0.1064304524        0.0092053788
       58.4693880000        1.0000000000        1.0000000000       33.7539002260        0.0000000000        0.8869204367        0.1064304524        0.0174142224
       58.5714290000        1.0000000000        1.0000000000       29.9082832405        0.0000000000        0.8869204367        0.1064304524        0.0276261086
       58.6734690000        1.0000000000        1.0000000000       27.2364228074        0.0000000000        0.8869204367        0.1064304524        0.0380684000
       58.7755100000        1.0000000000        1.0000000000       26.1677245690        0.0000000000        0.8869204367        0.1064304524        0.0432773036
       58.8775510000        1.0000000000        1.0000000000       27.6572461576        0.0000000000        0.8869204367        0.1064304524        0.0361937242
       58.9795920000        1.0000000000        1.0000000000       30.6013758034        0.0000000000        0.8869204367        0.1064304524        0.0254213706
       59.0816330000        1.0000000000        1.0000000000       30.6068669935        0.0000000000        0.8869204367        0.1064304524        0.0254046249
       59.1836730000        1.0000000000        1.0000000000       26.1577891115        0.0000000000        0.8869204367        0.1064304524        0.0433289319
       59.2857140000        1.0000000000        1.0000000000       21.1882827764        0.0000000000        0.8869204367        0.1064304524        0.0786620907
       59.3877550000        1.0000000000        1.0000000000       18.3348169113        0.0000000000        0.8869204367        0.1064304524        0.1107834339
       59.4897960000        1.0000000000        1.0000000000       17.0084399032        0.0000000000        0.8869204367        0.1064304524        0.1298970860
       59.5918370000        1.0000000000        1.0000000000       16.2350216815        0.0000000000        0.8869204367        0.1064304524        0.1425300247
       59.6938780000        1.0000000000        1.0000000000       15.6462576854        0.0000000000        0.8869204367        0.1064304524        0.1529642688
       59.7959180000        1.0000000000        1.0000000000       15.1507367393        0.0000000000        0.8869204367        0.1064304524        0.1623357742
       59.8979590000        1.0000000000        1.0000000000       14.7201502776        0.0000000000        0.8869204367        0.1064304524        0.1709442100
       60.0000000000        1.0000000000        1.0000000000       14.3402385482        0.0000000000        0.8869204367        0.1064304524        0.1789178305
