       55.0000000000        1.0000000000        1.0000000000       12.0276586143        0.0000000000        0.8869204367        0.1064304524        0.2361426910
       55.1020410000        1.0000000000        1.0000000000       13.4405925522        0.0000000000        0.8869204367        0.1064304524        0.1993145386
       55.2040820000        1.0000000000        1.0000000000       15.3392006271        0.0000000000        0.8869204367        0.1064304524        0.1587056460
       55.3061220000        1.0000000000        1.0000000000       17.9556951437        0.0000000000        0.8869204367        0.1064304524        0.1159398894
       55.4081630000        1.0000000000        1.0000000000       21.6920543270        0.0000000000        0.8869204367        0.1064304524        0.0740476467
       55.5102040000        1.0000000000        1.0000000000       27.3157851818        0.0000000000        0.8869204367        0.1064304524        0.0377075771
       55.6122450000        1.0000000000        1.0000000000       36.2888667213        0.0000000000        0.8869204367        0.1064304524        0.0128467553
       55.7142860000        1.0000000000        1.0000000000       51.1850054549        0.0000000000        0.8869204367        0.1064304524        0.0021501866
       55.8163270000        1.0000000000        1.0000000000       78.3735788949        0.0000000000        0.8869204367        0.1064304524        0.0000823255
       55.9183670000        1.0000000000        1.0000000000      143.1550504986        0.0000000000        0.8869204367        0.1064304524        0.0000000346
       56.0204080000        1.0000000000        1.0000000000      344.9902272808        0.0000000000        0.8869204367        0.1064304524        0.0000000000
       56.1224490000        1.0000000000        1.0000000000      934.2010228846        0.0000000000        0.8869204367        0.1064304524        0.0000000000
       56.2244900000        1.0000000000        1.0000000000     2054.8618461034        0.0000000000        0.8869204367        0.1064304524        0.0000000000
       56.3265310000        1.0000000000        1.0000000000     3037.9758962792        0.0000000000        0.8869204367        0.1064304524        0.0000000000
       56.4285710000        1.0000000000        1.0000000000     2832.0936866874        0.0000000000        0.8869204367        0.1064304524        0.0000000000
       56.5306120000        1.0000000000        1.0000000000     1702.1136213467        0.0000000000        0.8869204367        0.1064304524        0.0000000000
       56.6326530000        1.0000000000        1.0000000000      746.4317950432        0.0000000000        0.8869204367        0.1064304524        0.0000000000
       56.7346940000        1.0000000000        1.0000000000      310.8420749577        0.0000000000        0.8869204367        0.1064304524        0.0000000000
       56.8367350000        1.0000000000        1.0000000000      160.9552704399        0.0000000000        0.8869204367        0.1064304524        0.0000000041
       56.9387760000        1.0000000000        1.0000000000      104.8179703878        0.0000000000        0.8869204367        0.1064304524        0.0000034465
       57.0408160000        1.0000000000        1.0000000000       77.3970157835        0.0000000000        0.8869204367        0.1064304524        0.0000925611
       57.1428570000        1.0000000000        1.0000000000       61.1842080829        0.0000000000        0.8869204367        0.1064304524        0.0006476857
       57.2448980000        1.0000000000        1.0000000000       50.5486084513        0.0000000000        0.8869204367        0.1064304524        0.0023208239
       57.3469390000        1.0000000000        1.0000000000       43.1089732182        0.0000000000        0.8869204367        0.1064304524        0.0056671055
       57.4489800000        1.0000000000        1.0000000000       37.6614432247        0.0000000000        0.8869204367        0.1064304524        0.0108958512
       57.5510200000        1.0000000000        1.0000000000       33.5306015798        0.0000000000        0.8869204367        0.1064304524        0.0178871591
       57.6530610000        1.0000000000        1.0000000000       30.3098073736        0.0000000000        0.8869204367        0.1064304524        0.0263265621
       57.7551020000        1.0000000000        1.0000000000       27.7409995093        0.0000000000        0.8869204367        0.1064304524        0.0358317846
       57.8571430000        1.0000000000        1.0000000000       25.6532234613        0.0000000000        0.8869204367        0.1064304524        0.0460334572
       57.9591840000        1.0000000000        1.0000000000       23.9292892762        0.0000000000        0.8869204367        0.1064304524        0.0566131090
       58.0612240000        1.0000000000        1.0000000000       22.4866161737        0.0000000000        0.8869204367        0.1064304524        0.0673135355
       58.1632650000        1.0000000000        1.0000000000       21.2657428520        0.0000000000        0.8869204367        0.1064304524        0.0779342979
       58.2653060000        1.0000000000        1.0000000000       20.2235053409        0.0000000000        0.8869204367        0.1064304524        0.0883171787
       58.3673470000        1.0000000000        1.0000000000       19.3291959985        0.0000000000        0.8869204367        0.1064304524        0.0983223886
       58.4693880000        1.0000000000        1.0000000000       18.5649380307        0.0000000000        0.8869204367        0.1064304524        0.1077660545
       58.5714290000        1.0000000000        1.0000000000       17.9451544976        0.0000000000        0.8869204367        0.1064304524        0.1160866319
       58.6734690000        1.0000000000        1.0000000000       17.6419557990        0.0000000000        0.8869204367        0.1064304524        0.1203880870
       58.7755100000        1.0000000000        1.0000000000       18.3620329973        0.0000000000        0.8869204367        0.1064304524        0.1104222131
       58.8775510000        1.0000000000        1.0000000000       21.2278950256        0.0000000000        0.8869204367        0.1064304524        0.0782890601
       58.9795920000        1.0000000000        1.0000000000       25.2340960826        0.0000000000        0.8869204367        0.1064304524        0.0484079351
       59.0816330000        1.0000000000        1.0000000000       26.0643401548        0.0000000000        0.8869204367        0.1064304524        0.0438175517
       59.1836730000        1.0000000000        1.0000000000       22.2830349033        0.0000000000        0.8869204367        0.1064304524        0.0689782399
       59.2857140000        1.0000000000        1.0000000000       17.8766713505        0.0000000000        0.8869204367        0.1064304524        0.1170445600
       59.3877550000        1.0000000000        1.0000000000       15.4976334374        0.0000000000        0.8869204367        0.1064304524        0.1557168457
       59.4897960000        1.0000000000        1.0000000000       14.5667173265        0.0000000000        0.8869204367        0.1064304524        0.1741207806
       59.5918370000        1.0000000000        1.0000000000       14.1239153119        0.0000000000        0.8869204367        0.1064304524        0.1836231283
       59.6938780000        1.0000000000        1.0000000000       13.8140046092        0.0000000000        0.8869204367        0.1064304524        0.1905805092
       59.7959180000        1.0000000000        1.0000000000       13.5555949872        0.0000000000        0.8869204367        0.1064304524        0.1965828322
       59.8979590000        1.0000000000        1.0000000000       13.3279987354        0.0000000000        0.8869204367        0.1064304524        0.2020258038
       60.0000000000        1.0000000000        1.0000000000       13.1228860058        0.0000000000        0.8869204367        0.1064304524        0.2070600729
