       55.0000000000        1.0000000000        1.0000000000        7.5142071676        0.0000000000        0.8869204367        0.1064304524        0.4058771059
       55.1020410000        1.0000000000        1.0000000000        7.5294298385        0.0000000000        0.8869204367        0.1064304524        0.4051363586
       55.2040820000        1.0000000000        1.0000000000        7.5523360029        0.0000000000        0.8869204367        0.1064304524        0.4040242733
       55.3061220000        1.0000000000        1.0000000000        7.5888304285        0.0000000000        0.8869204367        0.1064304524        0.4022587859
       55.4081630000        1.0000000000        1.0000000000        7.6647589225        0.0000000000        0.8869204367        0.1064304524        0.3986102842
       55.5102040000        1.0000000000        1.0000000000        7.8883389716        0.0000000000        0.8869204367        0.1064304524        0.3880579183
       55.6122450000        1.0000000000        1.0000000000        8.4816064299        0.0000000000        0.8869204367        0.1064304524        0.3613917346
       55.7142860000        1.0000000000        1.0000000000        9.3807589649        0.0000000000        0.8869204367        0.1064304524        0.3244281854
       55.8163270000        1.0000000000        1.0000000000        9.8195647282        0.0000000000        0.8869204367        0.1064304524        0.3077868542
       55.9183670000        1.0000000000        1.0000000000        9.3717914025        0.0000000000        0.8869204367        0.1064304524        0.3247774929
       56.0204080000        1.0000000000        1.0000000000        8.7546813870        0.0000000000        0.8869204367        0.1064304524        0.3497412210
       56.1224490000        1.0000000000        1.0000000000        8.5635993350        0.0000000000        0.8869204367        0.1064304524        0.3578533833
       56.2244900000        1.0000000000        1.0000000000        8.7308485878        0.0000000000        0.8869204367        0.1064304524        0.3507428902
       56.3265310000        1.0000000000        1.0000000000        9.0946292694        0.0000000000        0.8869204367        0.1064304524        0.3357610569
       56.4285710000        1.0000000000        1.0000000000        9.6317379894        0.0000000000        0.8869204367        0.1064304524        0.3148028973
       56.5306120000        1.0000000000        1.0000000000       10.4038338701        0.0000000000        0.8869204367        0.1064304524        0.2869463357
       56.6326530000        1.0000000000        1.0000000000       11.5375707992        0.0000000000        0.8869204367        0.1064304524        0.2504468652
       56.7346940000        1.0000000000        1.0000000000       13.2667666226        0.0000000000        0.8869204367        0.1064304524        0.2035157270
       56.8367350000        1.0000000000        1.0000000000       16.0557720636        0.0000000000        0.8869204367        0.1064304524        0.1456290495
       56.9387760000        1.0000000000        1.0000000000       20.9845134437        0.0000000000        0.8869204367        0.1064304524        0.0806092708
       57.0408160000        1.0000000000        1.0000000000       31.5151008882        0.0000000000        0.8869204367        0.1064304524        0.0227813717
       57.1428570000        1.0000000000        1.0000000000       63.0272211802        0.0000000000        0.8869204367        0.1064304524        0.0005191766
       57.2448980000        1.0000000000        1.0000000000      177.1406247551        0.0000000000        0.8869204367        0.1064304524        0.0000000006
       57.3469390000        1.0000000000        1.0000000000      504.4903166977        0.0000000000        0.8869204367        0.1064304524        0.0000000000
       57.4489800000        1.0000000000        1.0000000000     1040.3641552653        0.0000000000        0.8869204367        0.1064304524        0.0000000000
       57.5510200000        1.0000000000        1.0000000000     1355.0211390539        0.0000000000        0.8869204367        0.1064304524        0.0000000000
       57.6530610000        1.0000000000        1.0000000000     1081.5690552867        0.0000000000        0.8869204367        0.1064304524        0.0000000000
       57.7551020000        1.0000000000        1.0000000000      554.8418696538        0.0000000000        0.8869204367        0.1064304524        0.0000000000
       57.8571430000        1.0000000000        1.0000000000      215.6525050786        0.0000000000        0.8869204367        0.1064304524        0.0000000000
       57.9591840000        1.0000000000        1.0000000000       89.6257387514        0.0000000000        0.8869204367        0.1064304524        0.0000213366
       58.0612240000        1.0000000000        1.0000000000       51.2781211041        0.0000000000        0.8869204367        0.1064304524        0.0021262944
       58.1632650000        1.0000000000        1.0000000000       36.8903258044        0.0000000000        0.8869204367        0.1064304524        0.0119522098
       58.2653060000        1.0000000000        1.0000000000       29.4639308649        0.0000000000        0.8869204367        0.1064304524        0.0291391775
       58.3673470000        1.0000000000        1.0000000000       24.8939016038        0.0000000000        0.8869204367        0.1064304524        0.0504250001
       58.4693880000        1.0000000000        1.0000000000       21.8318820093        0.0000000000        0.8869204367        0.1064304524        0.0728155432
       58.5714290000        1.0000000000        1.0000000000       19.7032724824        0.0000000000        0.8869204367        0.1064304524        0.0940063733
       58.6734690000        1.0000000000        1.0000000000       18.3763166684        0.0000000000        0.8869204367        0.1064304524        0.1102331071
       58.7755100000        1.0000000000        1.0000000000       18.3863368981        0.0000000000        0.8869204367        0.1064304524        0.1101006394
       58.8775510000        1.0000000000        1.0000000000       20.7481819937        0.0000000000        0.8869204367        0.1064304524        0.0829280562
       58.9795920000        1.0000000000        1.0000000000       24.3803980551        0.0000000000        0.8869204367        0.1064304524        0.0536299410
       59.0816330000        1.0000000000        1.0000000000       24.9239896073        0.0000000000        0.8869204367        0.1064304524        0.0502432659
       59.1836730000        1.0000000000        1.0000000000       20.9349986226        0.0000000000        0.8869204367        0.1064304524        0.0810896590
       59.2857140000        1.0000000000        1.0000000000       16.3907041884        0.0000000000        0.8869204367        0.1064304524        0.1398920112
       59.3877550000        1.0000000000        1.0000000000       13.9205212937        0.0000000000        0.8869204367        0.1064304524        0.1881600111
       59.4897960000        1.0000000000        1.0000000000       12.9272334558        0.0000000000        0.8869204367        0.1064304524        0.2119790108
       59.5918370000        1.0000000000        1.0000000000       12.4424824980        0.0000000000        0.8869204367        0.1064304524        0.2246755540
       59.6938780000        1.0000000000        1.0000000000       12.1065117950        0.0000000000        0.8869204367        0.1064304524        0.2339187572
       59.7959180000        1.0000000000        1.0000000000       11.8344592325        0.0000000000        0.8869204367        0.1064304524        0.2416813616
       59.8979590000        1.0000000000        1.0000000000       11.6028481422        0.0000000000        0.8869204367        0.1064304524        0.2484927082
       60.0000000000        1.0000000000        1.0000000000       11.4011552749        0.0000000000        0.8869204367        0.1064304524        0.2545803863
