       55.0000000000        1.0000000000        1.0000000000       12.9654336053        0.0000000000        0.8869204367        0.1064304524        0.2110095190
       55.1020410000        1.0000000000        1.0000000000       14.2644133334        0.0000000000        0.8869204367        0.1064304524        0.1805532375
       55.2040820000        1.0000000000        1.0000000000       15.8730319216        0.0000000000        0.8869204367        0.1064304524        0.1488577941
       55.3061220000        1.0000000000        1.0000000000       17.8917009610        0.0000000000        0.8869204367        0.1064304524        0.1168336541
       55.4081630000        1.0000000000        1.0000000000       20.4803805332        0.0000000000        0.8869204367        0.1064304524        0.0856363305
       55.5102040000        1.0000000000        1.0000000000       23.9396576514        0.0000000000        0.8869204367        0.1064304524        0.0565427145
       55.6122450000        1.0000000000        1.0000000000       28.7642708792        0.0000000000        0.8869204367        0.1064304524        0.0316913183
       55.7142860000        1.0000000000        1.0000000000       35.2906954065        0.0000000000        0.8869204367        0.1064304524        0.0144814979
       55.8163270000        1.0000000000        1.0000000000       43.4407028584        0.0000000000        0.8869204367        0.1064304524        0.0054459430
       55.9183670000        1.0000000000        1.0000000000       54.0110005466        0.0000000000        0.8869204367        0.1064304524        0.0015317873
       56.0204080000        1.0000000000        1.0000000000       69.8585904120        0.0000000000        0.8869204367        0.1064304524        0.0002287157
       56.1224490000        1.0000000000        1.0000000000       95.7570079719        0.0000000000        0.8869204367        0.1064304524        0.0000102233
       56.2244900000        1.0000000000        1.0000000000      141.2652684187        0.0000000000        0.8869204367        0.1064304524        0.0000000434
       56.3265310000        1.0000000000        1.0000000000      234.0335492047        0.0000000000        0.8869204367        0.1064304524        0.0000000000
       56.4285710000        1.0000000000        1.0000000000      467.5091530118        0.0000000000        0.8869204367        0.1064304524        0.0000000000
       56.5306120000        1.0000000000        1.0000000000     1107.2919344704        0.0000000000        0.8869204367        0.1064304524        0.0000000000
       56.6326530000        1.0000000000        1.0000000000     2517.4499998278        0.0000000000        0.8869204367        0.1064304524        0.0000000000
       56.7346940000        1.0000000000        1.0000000000     4368.1584518793        0.0000000000        0.8869204367        0.1064304524        0.0000000000
       56.8367350000        1.0000000000        1.0000000000     5124.5515824347        0.0000000000        0.8869204367        0.1064304524        0.0000000000
       56.9387760000        1.0000000000        1.0000000000     3973.0962312468        0.0000000000        0.8869204367        0.1064304524        0.0000000000
       57.0408160000        1.0000000000        1.0000000000     2166.2466896243        0.0000000000        0.8869204367        0.1064304524        0.0000000000
       57.1428570000        1.0000000000        1.0000000000      981.5723521861        0.0000000000        0.8869204367        0.1064304524        0.0000000000
       57.2448980000        1.0000000000        1.0000000000      473.8265775465        0.0000000000        0.8869204367        0.1064304524        0.0000000000
       57.3469390000        1.0000000000        1.0000000000      278.7006897328        0.0000000000        0.8869204367        0.1064304524        0.0000000000
       57.4489800000        1.0000000000        1.0000000000      191.2130938503        0.0000000000        0.8869204367        0.1064304524        0.0000000001
       57.5510200000        1.0000000000        1.0000000000      143.1861734506        0.0000000000        0.8869204367        0.1064304524        0.0000000345
       57.6530610000        1.0000000000        1.0000000000      113.1463537112        0.0000000000        0.8869204367        0.1064304524        0.0000012686
       57.7551020000        1.0000000000        1.0000000000       92.8312869211        0.0000000000        0.8869204367        0.1064304524        0.0000145233
       57.8571430000        1.0000000000        1.0000000000       78.3401596255        0.0000000000        0.8869204367        0.1064304524        0.0000826563
       57.9591840000        1.0000000000        1.0000000000       67.5824730849        0.0000000000        0.8869204367        0.1064304524        0.0003005499
       58.0612240000        1.0000000000        1.0000000000       59.3428907908        0.0000000000        0.8869204367        0.1064304524        0.0008078397
       58.1632650000        1.0000000000        1.0000000000       52.8709935063        0.0000000000        0.8869204367        0.1064304524        0.0017563470
       58.2653060000        1.0000000000        1.0000000000       47.6817404222        0.0000000000        0.8869204367        0.1064304524        0.0032737838
       58.3673470000        1.0000000000        1.0000000000       43.4503240596        0.0000000000        0.8869204367        0.1064304524        0.0054396591
       58.4693880000        1.0000000000        1.0000000000       39.9563592407        0.0000000000        0.8869204367        0.1064304524        0.0082729584
       58.5714290000        1.0000000000        1.0000000000       37.0700364415        0.0000000000        0.8869204367        0.1064304524        0.0116972165
       58.6734690000        1.0000000000        1.0000000000       34.8566097512        0.0000000000        0.8869204367        0.1064304524        0.0152558359
       58.7755100000        1.0000000000        1.0000000000       33.9445306212        0.0000000000        0.8869204367        0.1064304524        0.0170203826
       58.8775510000        1.0000000000        1.0000000000       35.4201171518        0.0000000000        0.8869204367        0.1064304524        0.0142583289
       58.9795920000        1.0000000000        1.0000000000       38.2864438167        0.0000000000        0.8869204367        0.1064304524        0.0101085543
       59.0816330000        1.0000000000        1.0000000000       38.1958007127        0.0000000000        0.8869204367        0.1064304524        0.0102191069
       59.1836730000        1.0000000000        1.0000000000       33.5961431314        0.0000000000        0.8869204367        0.1064304524        0.0177470287
       59.2857140000        1.0000000000        1.0000000000       28.4047589490        0.0000000000        0.8869204367        0.1064304524        0.0330884476
       59.3877550000        1.0000000000        1.0000000000       25.2975308131        0.0000000000        0.8869204367        0.1064304524        0.0480408448
       59.4897960000        1.0000000000        1.0000000000       23.7186496309        0.0000000000        0.8869204367        0.1064304524        0.0580623436
       59.5918370000        1.0000000000        1.0000000000       22.7023139205        0.0000000000        0.8869204367        0.1064304524        0.0655935658
       59.6938780000        1.0000000000        1.0000000000       21.8805016442        0.0000000000        0.8869204367        0.1064304524        0.0723919483
       59.7959180000        1.0000000000        1.0000000000       21.1617803475        0.0000000000        0.8869204367        0.1064304524        0.0789126573
       59.8979590000        1.0000000000        1.0000000000       20.5179862504        0.0000000000        0.8869204367        0.1064304524        0.0852507513
       60.0000000000        1.0000000000        1.0000000000       19.9349030033        0.0000000000        0.8869204367        0.1064304524        0.0914293843
