       55.0000000000        1.0000000000        1.0000000000        7.0652281414        0.0000000000        0.8869204367        0.1064304524        0.4283445530
       55.1020410000        1.0000000000        1.0000000000        7.1687751463        0.0000000000        0.8869204367        0.1064304524        0.4230550284
       55.2040820000        1.0000000000        1.0000000000        7.2953255903        0.0000000000        0.8869204367        0.1064304524        0.4166790279
       55.3061220000        1.0000000000        1.0000000000        7.4538527125        0.0000000000        0.8869204367        0.1064304524        0.4088273556
       55.4081630000        1.0000000000        1.0000000000        7.6742139762        0.0000000000        0.8869204367        0.1064304524        0.3981582749
       55.5102040000        1.0000000000        1.0000000000        8.0694614801        0.0000000000        0.8869204367        0.1064304524        0.3797145937
       55.6122450000        1.0000000000        1.0000000000        8.8646634060        0.0000000000        0.8869204367        0.1064304524        0.3451557175
       55.7142860000        1.0000000000        1.0000000000        9.9948270960        0.0000000000        0.8869204367        0.1064304524        0.3013812358
       55.8163270000        1.0000000000        1.0000000000       10.6999652345        0.0000000000        0.8869204367        0.1064304524        0.2769285279
       55.9183670000        1.0000000000        1.0000000000       10.5785282279        0.0000000000        0.8869204367        0.1064304524        0.2809935995
       56.0204080000        1.0000000000        1.0000000000       10.3712344883        0.0000000000        0.8869204367        0.1064304524        0.2880710469
       56.1224490000        1.0000000000        1.0000000000       10.6859207037        0.0000000000        0.8869204367        0.1064304524        0.2773956412
       56.2244900000        1.0000000000        1.0000000000       11.4730660275        0.0000000000        0.8869204367        0.1064304524        0.2523929897
       56.3265310000        1.0000000000        1.0000000000       12.6029433710        0.0000000000        0.8869204367        0.1064304524        0.2203907428
       56.4285710000        1.0000000000        1.0000000000       14.0975422127        0.0000000000        0.8869204367        0.1064304524        0.1842051742
       56.5306120000        1.0000000000        1.0000000000       16.0794741753        0.0000000000        0.8869204367        0.1064304524        0.1452154320
       56.6326530000        1.0000000000        1.0000000000       18.7572236736        0.0000000000        0.8869204367        0.1064304524        0.1053078998
       56.7346940000        1.0000000000        1.0000000000       22.4705094352        0.0000000000        0.8869204367        0.1064304524        0.0674437655
       56.8367350000        1.0000000000        1.0000000000       27.7981896637        0.0000000000        0.8869204367        0.1064304524        0.0355867195
       56.9387760000        1.0000000000        1.0000000000       35.7992196205        0.0000000000        0.8869204367        0.1064304524        0.0136242177
       57.0408160000        1.0000000000        1.0000000000       48.6384431189        0.0000000000        0.8869204367        0.1064304524        0.0029187111
       57.1428570000        1.0000000000        1.0000000000       71.7181955036        0.0000000000        0.8869204367        0.1064304524        0.0001829709
       57.2448980000        1.0000000000        1.0000000000      123.0934083339        0.0000000000        0.8869204367        0.1064304524        0.0000003845
       57.3469390000        1.0000000000        1.0000000000      271.8033106519        0.0000000000        0.8869204367        0.1064304524        0.0000000000
       57.4489800000        1.0000000000        1.0000000000      711.0341966858        0.0000000000        0.8869204367        0.1064304524        0.0000000000
       57.5510200000        1.0000000000        1.0000000000     1631.3459171167        0.0000000000        0.8869204367        0.1064304524        0.0000000000
       57.6530610000        1.0000000000        1.0000000000     2625.6303520155        0.0000000000        0.8869204367        0.1064304524        0.0000000000
       57.7551020000        1.0000000000        1.0000000000     2746.2809168352        0.0000000000        0.8869204367        0.1064304524        0.0000000000
       57.8571430000        1.0000000000        1.0000000000     2025.7797080171        0.0000000000        0.8869204367        0.1064304524        0.0000000000
       57.9591840000        1.0000000000        1.0000000000     1479.4984096679        0.0000000000        0.8869204367        0.1064304524        0.0000000000
       58.0612240000        1.0000000000        1.0000000000     1324.1960111009        0.0000000000        0.8869204367        0.1064304524        0.0000000000
       58.1632650000        1.0000000000        1.0000000000     1041.9615236759        0.0000000000        0.8869204367        0.1064304524        0.0000000000
       58.2653060000        1.0000000000        1.0000000000      596.0801240978        0.0000000000        0.8869204367        0.1064304524        0.0000000000
       58.3673470000        1.0000000000        1.0000000000      279.5147731734        0.0000000000        0.8869204367        0.1064304524        0.0000000000
       58.4693880000        1.0000000000        1.0000000000      144.1257541518        0.0000000000        0.8869204367        0.1064304524        0.0000000308
       58.5714290000        1.0000000000        1.0000000000       94.4523518355        0.0000000000        0.8869204367        0.1064304524        0.0000119559
       58.6734690000        1.0000000000        1.0000000000       72.1562344871        0.0000000000        0.8869204367        0.1064304524        0.0001736015
       58.7755100000        1.0000000000        1.0000000000       60.0823773444        0.0000000000        0.8869204367        0.1064304524        0.0007392420
       58.8775510000        1.0000000000        1.0000000000       54.4543786430        0.0000000000        0.8869204367        0.1064304524        0.0014524181
       58.9795920000        1.0000000000        1.0000000000       52.5117651098        0.0000000000        0.8869204367        0.1064304524        0.0018337141
       59.0816330000        1.0000000000        1.0000000000       49.0374026048        0.0000000000        0.8869204367        0.1064304524        0.0027822695
       59.1836730000        1.0000000000        1.0000000000       41.9588270071        0.0000000000        0.8869204367        0.1064304524        0.0065058127
       59.2857140000        1.0000000000        1.0000000000       34.8825177395        0.0000000000        0.8869204367        0.1064304524        0.0152084797
       59.3877550000        1.0000000000        1.0000000000       30.3177447130        0.0000000000        0.8869204367        0.1064304524        0.0263014985
       59.4897960000        1.0000000000        1.0000000000       27.6040951396        0.0000000000        0.8869204367        0.1064304524        0.0364253100
       59.5918370000        1.0000000000        1.0000000000       25.6952239327        0.0000000000        0.8869204367        0.1064304524        0.0458020297
       59.6938780000        1.0000000000        1.0000000000       24.1631731855        0.0000000000        0.8869204367        0.1064304524        0.0550462916
       59.7959180000        1.0000000000        1.0000000000       22.8734684634        0.0000000000        0.8869204367        0.1064304524        0.0642601099
       59.8979590000        1.0000000000        1.0000000000       21.7667058335        0.0000000000        0.8869204367        0.1064304524        0.0733872767
       60.0000000000        1.0000000000        1.0000000000       20.8055416839        0.0000000000        0.8869204367        0.1064304524        0.0823592089
