       55.0000000000        1.0000000000        1.0000000000       13.0676692724        0.0000000000        0.8869204367        0.1064304524        0.2084366100
       55.1020410000        1.0000000000        1.0000000000       15.1500181231        0.0000000000        0.8869204367        0.1064304524        0.1623497736
       55.2040820000        1.0000000000        1.0000000000       18.2425278473        0.0000000000        0.8869204367        0.1064304524        0.1120171447
       55.3061220000        1.0000000000        1.0000000000       23.0889010891        0.0000000000        0.8869204367        0.1064304524        0.0626201523
       55.4081630000        1.0000000000        1.0000000000       31.3342996091        0.0000000000        0.8869204367        0.1064304524        0.0232810407
       55.5102040000        1.0000000000        1.0000000000       47.5308548963        0.0000000000        0.8869204367        0.1064304524        0.0033335996
       55.6122450000        1.0000000000        1.0000000000       88.6704449247        0.0000000000        0.8869204367        0.1064304524        0.0000239282
       55.7142860000        1.0000000000        1.0000000000      223.1405829799        0.0000000000        0.8869204367        0.1064304524        0.0000000000
       55.8163270000        1.0000000000        1.0000000000      633.3053029549        0.0000000000        0.8869204367        0.1064304524        0.0000000000
       55.9183670000        1.0000000000        1.0000000000     1436.8719273605        0.0000000000        0.8869204367        0.1064304524        0.0000000000
       56.0204080000        1.0000000000        1.0000000000     2138.5866466507        0.0000000000        0.8869204367        0.1064304524        0.0000000000
       56.1224490000        1.0000000000        1.0000000000     1965.4594321721        0.0000000000        0.8869204367        0.1064304524        0.0000000000
       56.2244900000        1.0000000000        1.0000000000     1142.8543550917        0.0000000000        0.8869204367        0.1064304524        0.0000000000
       56.3265310000        1.0000000000        1.0000000000      476.5964556598        0.0000000000        0.8869204367        0.1064304524        0.0000000000
       56.4285710000        1.0000000000        1.0000000000      191.0637085167        0.0000000000        0.8869204367        0.1064304524        0.0000000001
       56.5306120000        1.0000000000        1.0000000000       99.3321976382        0.0000000000        0.8869204367        0.1064304524        0.0000066569
       56.6326530000        1.0000000000        1.0000000000       66.3053490502        0.0000000000        0.8869204367        0.1064304524        0.0003503276
       56.7346940000        1.0000000000        1.0000000000       50.1484058115        0.0000000000        0.8869204367        0.1064304524        0.0024349996
       56.8367350000        1.0000000000        1.0000000000       40.5060607587        0.0000000000        0.8869204367        0.1064304524        0.0077448491
       56.9387760000        1.0000000000        1.0000000000       34.1456861668        0.0000000000        0.8869204367        0.1064304524        0.0166144523
       57.0408160000        1.0000000000        1.0000000000       29.6799804596        0.0000000000        0.8869204367        0.1064304524        0.0283934256
       57.1428570000        1.0000000000        1.0000000000       26.3994896339        0.0000000000        0.8869204367        0.1064304524        0.0420902669
       57.2448980000        1.0000000000        1.0000000000       23.9045475407        0.0000000000        0.8869204367        0.1064304524        0.0567814435
       57.3469390000        1.0000000000        1.0000000000       21.9539348784        0.0000000000        0.8869204367        0.1064304524        0.0717568337
       57.4489800000        1.0000000000        1.0000000000       20.3941574132        0.0000000000        0.8869204367        0.1064304524        0.0865269901
       57.5510200000        1.0000000000        1.0000000000       19.1233268270        0.0000000000        0.8869204367        0.1064304524        0.1007816262
       57.6530610000        1.0000000000        1.0000000000       18.0713874448        0.0000000000        0.8869204367        0.1064304524        0.1143414087
       57.7551020000        1.0000000000        1.0000000000       17.1888235516        0.0000000000        0.8869204367        0.1064304524        0.1271155421
       57.8571430000        1.0000000000        1.0000000000       16.4397665960        0.0000000000        0.8869204367        0.1064304524        0.1390708183
       57.9591840000        1.0000000000        1.0000000000       15.7977501563        0.0000000000        0.8869204367        0.1064304524        0.1502086399
       58.0612240000        1.0000000000        1.0000000000       15.2430104638        0.0000000000        0.8869204367        0.1064304524        0.1605481702
       58.1632650000        1.0000000000        1.0000000000       14.7607721670        0.0000000000        0.8869204367        0.1064304524        0.1701129484
       58.2653060000        1.0000000000        1.0000000000       14.3403721759        0.0000000000        0.8869204367        0.1064304524        0.1789149616
       58.3673470000        1.0000000000        1.0000000000       13.9752856592        0.0000000000        0.8869204367        0.1064304524        0.1869275297
       58.4693880000        1.0000000000        1.0000000000       13.6660506353        0.0000000000        0.8869204367        0.1064304524        0.1939943826
       58.5714290000        1.0000000000        1.0000000000       13.4416133246        0.0000000000        0.8869204367        0.1064304524        0.1992901255
       58.6734690000        1.0000000000        1.0000000000       13.4861958211        0.0000000000        0.8869204367        0.1064304524        0.1982267902
       58.7755100000        1.0000000000        1.0000000000       14.5156845482        0.0000000000        0.8869204367        0.1064304524        0.1751903563
       58.8775510000        1.0000000000        1.0000000000       17.6522413107        0.0000000000        0.8869204367        0.1064304524        0.1202395883
       58.9795920000        1.0000000000        1.0000000000       21.8785452338        0.0000000000        0.8869204367        0.1064304524        0.0724089457
       59.0816330000        1.0000000000        1.0000000000       22.8824185431        0.0000000000        0.8869204367        0.1064304524        0.0641911309
       59.1836730000        1.0000000000        1.0000000000       19.2622518799        0.0000000000        0.8869204367        0.1064304524        0.0991154224
       59.2857140000        1.0000000000        1.0000000000       15.0232308016        0.0000000000        0.8869204367        0.1064304524        0.1648387268
       59.3877550000        1.0000000000        1.0000000000       12.8063786334        0.0000000000        0.8869204367        0.1064304524        0.2150756535
       59.4897960000        1.0000000000        1.0000000000       12.0222329009        0.0000000000        0.8869204367        0.1064304524        0.2362964902
       59.5918370000        1.0000000000        1.0000000000       11.7108612043        0.0000000000        0.8869204367        0.1064304524        0.2452926370
       59.6938780000        1.0000000000        1.0000000000       11.5197845778        0.0000000000        0.8869204367        0.1064304524        0.2509819765
       59.7959180000        1.0000000000        1.0000000000       11.3697034082        0.0000000000        0.8869204367        0.1064304524        0.2555430452
       59.8979590000        1.0000000000        1.0000000000       11.2413902073        0.0000000000        0.8869204367        0.1064304524        0.2595082396
       60.0000000000        1.0000000000        1.0000000000       11.1276307349        0.0000000000        0.8869204367        0.1064304524        0.2630751126
