       55.0000000000        1.0000000000        1.0000000000        8.2394694458        0.0000000000        0.8869204367        0.1064304524        0.3720465368
       55.1020410000        1.0000000000        1.0000000000        8.5646750716        0.0000000000        0.8869204367        0.1064304524        0.3578071916
       55.2040820000        1.0000000000        1.0000000000        8.9425255229        0.0000000000        0.8869204367        0.1064304524        0.3419457902
       55.3061220000        1.0000000000        1.0000000000        9.3870867347        0.0000000000        0.8869204367        0.1064304524        0.3241819301
       55.4081630000        1.0000000000        1.0000000000        9.9346363977        0.0000000000        0.8869204367        0.1064304524        0.3035659579
       55.5102040000        1.0000000000        1.0000000000       10.7058309199        0.0000000000        0.8869204367        0.1064304524        0.2767336714
       55.6122450000        1.0000000000        1.0000000000       11.9314924063        0.0000000000        0.8869204367        0.1064304524        0.2388835489
       55.7142860000        1.0000000000        1.0000000000       13.5479262108        0.0000000000        0.8869204367        0.1064304524        0.1967638215
       55.8163270000        1.0000000000        1.0000000000       14.8058687469        0.0000000000        0.8869204367        0.1064304524        0.1691948534
       55.9183670000        1.0000000000        1.0000000000       15.3362557298        0.0000000000        0.8869204367        0.1064304524        0.1587617406
       56.0204080000        1.0000000000        1.0000000000       15.9107809931        0.0000000000        0.8869204367        0.1064304524        0.1481850099
       56.1224490000        1.0000000000        1.0000000000       17.1558760400        0.0000000000        0.8869204367        0.1064304524        0.1276191138
       56.2244900000        1.0000000000        1.0000000000       19.0477881009        0.0000000000        0.8869204367        0.1064304524        0.1016993292
       56.3265310000        1.0000000000        1.0000000000       21.4987721164        0.0000000000        0.8869204367        0.1064304524        0.0757851698
       56.4285710000        1.0000000000        1.0000000000       24.5873854108        0.0000000000        0.8869204367        0.1064304524        0.0523142620
       56.5306120000        1.0000000000        1.0000000000       28.5095404823        0.0000000000        0.8869204367        0.1064304524        0.0326750053
       56.6326530000        1.0000000000        1.0000000000       33.5685390256        0.0000000000        0.8869204367        0.1064304524        0.0178059130
       56.7346940000        1.0000000000        1.0000000000       40.2247653446        0.0000000000        0.8869204367        0.1064304524        0.0080107424
       56.8367350000        1.0000000000        1.0000000000       49.2007769298        0.0000000000        0.8869204367        0.1064304524        0.0027282546
       56.9387760000        1.0000000000        1.0000000000       61.6873030289        0.0000000000        0.8869204367        0.1064304524        0.0006097409
       57.0408160000        1.0000000000        1.0000000000       79.7809128806        0.0000000000        0.8869204367        0.1064304524        0.0000695330
       57.1428570000        1.0000000000        1.0000000000      107.5720797286        0.0000000000        0.8869204367        0.1064304524        0.0000024765
       57.2448980000        1.0000000000        1.0000000000      154.6332397999        0.0000000000        0.8869204367        0.1064304524        0.0000000087
       57.3469390000        1.0000000000        1.0000000000      249.6558213949        0.0000000000        0.8869204367        0.1064304524        0.0000000000
       57.4489800000        1.0000000000        1.0000000000      483.6641696642        0.0000000000        0.8869204367        0.1064304524        0.0000000000
       57.5510200000        1.0000000000        1.0000000000     1049.9507791180        0.0000000000        0.8869204367        0.1064304524        0.0000000000
       57.6530610000        1.0000000000        1.0000000000     2049.3503320126        0.0000000000        0.8869204367        0.1064304524        0.0000000000
       57.7551020000        1.0000000000        1.0000000000     3178.2382002420        0.0000000000        0.8869204367        0.1064304524        0.0000000000
       57.8571430000        1.0000000000        1.0000000000     4145.2142766980        0.0000000000        0.8869204367        0.1064304524        0.0000000000
       57.9591840000        1.0000000000        1.0000000000     4848.5889693954        0.0000000000        0.8869204367        0.1064304524        0.0000000000
       58.0612240000        1.0000000000        1.0000000000     4595.7286068807        0.0000000000        0.8869204367        0.1064304524        0.0000000000
       58.1632650000        1.0000000000        1.0000000000     3179.2239992271        0.0000000000        0.8869204367        0.1064304524        0.0000000000
       58.2653060000        1.0000000000        1.0000000000     1669.6289875013        0.0000000000        0.8869204367        0.1064304524        0.0000000000
       58.3673470000        1.0000000000        1.0000000000      799.8368805746        0.0000000000        0.8869204367        0.1064304524        0.0000000000
       58.4693880000        1.0000000000        1.0000000000      433.4136009716        0.0000000000        0.8869204367        0.1064304524        0.0000000000
       58.5714290000        1.0000000000        1.0000000000      280.1698100924        0.0000000000        0.8869204367        0.1064304524        0.0000000000
       58.6734690000        1.0000000000        1.0000000000      203.3843159174        0.0000000000        0.8869204367        0.1064304524        0.0000000000
       58.7755100000        1.0000000000        1.0000000000      158.7184967266        0.0000000000        0.8869204367        0.1064304524        0.0000000053
       58.8775510000        1.0000000000        1.0000000000      131.8227113089        0.0000000000        0.8869204367        0.1064304524        0.0000001349
       58.9795920000        1.0000000000        1.0000000000      115.2666623692        0.0000000000        0.8869204367        0.1064304524        0.0000009836
       59.0816330000        1.0000000000        1.0000000000      101.3768614059        0.0000000000        0.8869204367        0.1064304524        0.0000052085
       59.1836730000        1.0000000000        1.0000000000       86.4887684933        0.0000000000        0.8869204367        0.1064304524        0.0000310891
       59.2857140000        1.0000000000        1.0000000000       73.2532640789        0.0000000000        0.8869204367        0.1064304524        0.0001521883
       59.3877550000        1.0000000000        1.0000000000       63.7422190553        0.0000000000        0.8869204367        0.1064304524        0.0004764888
       59.4897960000        1.0000000000        1.0000000000       57.0392858566        0.0000000000        0.8869204367        0.1064304524        0.0010650705
       59.5918370000        1.0000000000        1.0000000000       51.8759826636        0.0000000000        0.8869204367        0.1064304524        0.0019790904
       59.6938780000        1.0000000000        1.0000000000       47.6493998752        0.0000000000        0.8869204367        0.1064304524        0.0032865136
       59.7959180000        1.0000000000        1.0000000000       44.0988549086        0.0000000000        0.8869204367        0.1064304524        0.0050323783
       59.8979590000        1.0000000000        1.0000000000       41.0735251925        0.0000000000        0.8869204367        0.1064304524        0.0072350137
       60.0000000000        1.0000000000        1.0000000000       38.4682291729        0.0000000000        0.8869204367        0.1064304524        0.0098904315
