       55.0000000000        1.0000000000        1.0000000000        7.3782317749        0.0000000000        0.8869204367        0.1064304524        0.4125541484
       55.1020410000        1.0000000000        1.0000000000        7.5196379495        0.0000000000        0.8869204367        0.1064304524        0.4056126844
       55.2040820000        1.0000000000        1.0000000000        7.6940799049        0.0000000000        0.8869204367        0.1064304524        0.3972102313
       55.3061220000        1.0000000000        1.0000000000        7.9135404663        0.0000000000        0.8869204367        0.1064304524        0.3868861343
       55.4081630000        1.0000000000        1.0000000000        8.2119497055        0.0000000000        0.8869204367        0.1064304524        0.3732772027
       55.5102040000        1.0000000000        1.0000000000        8.7079000036        0.0000000000        0.8869204367        0.1064304524        0.3517101077
       55.6122450000        1.0000000000        1.0000000000        9.6339587672        0.0000000000        0.8869204367        0.1064304524        0.3147190156
       55.7142860000        1.0000000000        1.0000000000       10.9353868756        0.0000000000        0.8869204367        0.1064304524        0.2692146062
       55.8163270000        1.0000000000        1.0000000000       11.8674049390        0.0000000000        0.8869204367        0.1064304524        0.2407277643
       55.9183670000        1.0000000000        1.0000000000       12.0513250102        0.0000000000        0.8869204367        0.1064304524        0.2354730048
       56.0204080000        1.0000000000        1.0000000000       12.2613496537        0.0000000000        0.8869204367        0.1064304524        0.2296125494
       56.1224490000        1.0000000000        1.0000000000       13.1558485163        0.0000000000        0.8869204367        0.1064304524        0.2062426642
       56.2244900000        1.0000000000        1.0000000000       14.7643568355        0.0000000000        0.8869204367        0.1064304524        0.1700397883
       56.3265310000        1.0000000000        1.0000000000       17.0868431577        0.0000000000        0.8869204367        0.1064304524        0.1286806946
       56.4285710000        1.0000000000        1.0000000000       20.3663850824        0.0000000000        0.8869204367        0.1064304524        0.0868158379
       56.5306120000        1.0000000000        1.0000000000       25.1234745579        0.0000000000        0.8869204367        0.1064304524        0.0490548143
       56.6326530000        1.0000000000        1.0000000000       32.3357750212        0.0000000000        0.8869204367        0.1064304524        0.0206447753
       56.7346940000        1.0000000000        1.0000000000       44.0008208076        0.0000000000        0.8869204367        0.1064304524        0.0050919292
       56.8367350000        1.0000000000        1.0000000000       65.0084281212        0.0000000000        0.8869204367        0.1064304524        0.0004093208
       56.9387760000        1.0000000000        1.0000000000      111.1843139912        0.0000000000        0.8869204367        0.1064304524        0.0000016054
       57.0408160000        1.0000000000        1.0000000000      243.7291080615        0.0000000000        0.8869204367        0.1064304524        0.0000000000
       57.1428570000        1.0000000000        1.0000000000      650.8590275699        0.0000000000        0.8869204367        0.1064304524        0.0000000000
       57.2448980000        1.0000000000        1.0000000000     1585.1058657431        0.0000000000        0.8869204367        0.1064304524        0.0000000000
       57.3469390000        1.0000000000        1.0000000000     2763.0377031858        0.0000000000        0.8869204367        0.1064304524        0.0000000000
       57.4489800000        1.0000000000        1.0000000000     3105.3299845859        0.0000000000        0.8869204367        0.1064304524        0.0000000000
       57.5510200000        1.0000000000        1.0000000000     2227.5280431602        0.0000000000        0.8869204367        0.1064304524        0.0000000000
       57.6530610000        1.0000000000        1.0000000000     1097.9817929242        0.0000000000        0.8869204367        0.1064304524        0.0000000000
       57.7551020000        1.0000000000        1.0000000000      452.6510852405        0.0000000000        0.8869204367        0.1064304524        0.0000000000
       57.8571430000        1.0000000000        1.0000000000      210.5575259474        0.0000000000        0.8869204367        0.1064304524        0.0000000000
       57.9591840000        1.0000000000        1.0000000000      126.0437768900        0.0000000000        0.8869204367        0.1064304524        0.0000002699
       58.0612240000        1.0000000000        1.0000000000       89.1359439636        0.0000000000        0.8869204367        0.1064304524        0.0000226282
       58.1632650000        1.0000000000        1.0000000000       68.7112734848        0.0000000000        0.8869204367        0.1064304524        0.0002624755
       58.2653060000        1.0000000000        1.0000000000       55.7926794104        0.0000000000        0.8869204367        0.1064304524        0.0012369315
       58.3673470000        1.0000000000        1.0000000000       46.9764188192        0.0000000000        0.8869204367        0.1064304524        0.0035629363
       58.4693880000        1.0000000000        1.0000000000       40.6488575930        0.0000000000        0.8869204367        0.1064304524        0.0076132669
       58.5714290000        1.0000000000        1.0000000000       35.9670327217        0.0000000000        0.8869204367        0.1064304524        0.0133526031
       58.6734690000        1.0000000000        1.0000000000       32.6030987202        0.0000000000        0.8869204367        0.1064304524        0.0199930244
       58.7755100000        1.0000000000        1.0000000000       30.9557838522        0.0000000000        0.8869204367        0.1064304524        0.0243628935
       58.8775510000        1.0000000000        1.0000000000       31.9622049515        0.0000000000        0.8869204367        0.1064304524        0.0215913049
       58.9795920000        1.0000000000        1.0000000000       34.5153772510        0.0000000000        0.8869204367        0.1064304524        0.0158934966
       59.0816330000        1.0000000000        1.0000000000       34.2082273511        0.0000000000        0.8869204367        0.1064304524        0.0164902286
       59.1836730000        1.0000000000        1.0000000000       29.4870742185        0.0000000000        0.8869204367        0.1064304524        0.0290583644
       59.2857140000        1.0000000000        1.0000000000       24.2631210908        0.0000000000        0.8869204367        0.1064304524        0.0543900236
       59.3877550000        1.0000000000        1.0000000000       21.1778809542        0.0000000000        0.8869204367        0.1064304524        0.0787603395
       59.4897960000        1.0000000000        1.0000000000       19.6478951161        0.0000000000        0.8869204367        0.1064304524        0.0946331526
       59.5918370000        1.0000000000        1.0000000000       18.6962601706        0.0000000000        0.8869204367        0.1064304524        0.1060811172
       59.6938780000        1.0000000000        1.0000000000       17.9500916251        0.0000000000        0.8869204367        0.1064304524        0.1160178761
       59.7959180000        1.0000000000        1.0000000000       17.3144048581        0.0000000000        0.8869204367        0.1064304524        0.1252143033
       59.8979590000        1.0000000000        1.0000000000       16.7582193052        0.0000000000        0.8869204367        0.1064304524        0.1338565846
       60.0000000000        1.0000000000        1.0000000000       16.2651807584        0.0000000000        0.8869204367        0.1064304524        0.1420151281
