       55.0000000000        1.0000000000        1.0000000000        6.9720499467        0.0000000000        0.8869204367        0.1064304524        0.4331609142
       55.1020410000        1.0000000000        1.0000000000        7.0957388448        0.0000000000        0.8869204367        0.1064304524        0.4267791292
       55.2040820000        1.0000000000        1.0000000000        7.2429439333        0.0000000000        0.8869204367        0.1064304524        0.4193064375
       55.3061220000        1.0000000000        1.0000000000        7.4223047031        0.0000000000        0.8869204367        0.1064304524        0.4103780117
       55.4081630000        1.0000000000        1.0000000000        7.6632300656        0.0000000000        0.8869204367        0.1064304524        0.3986834211
       55.5102040000        1.0000000000        1.0000000000        8.0780482657        0.0000000000        0.8869204367        0.1064304524        0.3793235319
       55.6122450000        1.0000000000        1.0000000000        8.8899497056        0.0000000000        0.8869204367        0.1064304524        0.3441099796
       55.7142860000        1.0000000000        1.0000000000       10.0300506847        0.0000000000        0.8869204367        0.1064304524        0.3001100368
       55.8163270000        1.0000000000        1.0000000000       10.7351819877        0.0000000000        0.8869204367        0.1064304524        0.2757606944
       55.9183670000        1.0000000000        1.0000000000       10.6037239494        0.0000000000        0.8869204367        0.1064304524        0.2801453022
       56.0204080000        1.0000000000        1.0000000000       10.3733289416        0.0000000000        0.8869204367        0.1064304524        0.2879986538
       56.1224490000        1.0000000000        1.0000000000       10.6419557212        0.0000000000        0.8869204367        0.1064304524        0.2788629918
       56.2244900000        1.0000000000        1.0000000000       11.3462726974        0.0000000000        0.8869204367        0.1064304524        0.2562625629
       56.3265310000        1.0000000000        1.0000000000       12.3378996465        0.0000000000        0.8869204367        0.1064304524        0.2275129868
       56.4285710000        1.0000000000        1.0000000000       13.6104753883        0.0000000000        0.8869204367        0.1064304524        0.1952924605
       56.5306120000        1.0000000000        1.0000000000       15.2414598820        0.0000000000        0.8869204367        0.1064304524        0.1605780461
       56.6326530000        1.0000000000        1.0000000000       17.3654470975        0.0000000000        0.8869204367        0.1064304524        0.1244497011
       56.7346940000        1.0000000000        1.0000000000       20.1968310022        0.0000000000        0.8869204367        0.1064304524        0.0886003279
       56.8367350000        1.0000000000        1.0000000000       24.0917595853        0.0000000000        0.8869204367        0.1064304524        0.0555200451
       56.9387760000        1.0000000000        1.0000000000       29.6879888687        0.0000000000        0.8869204367        0.1064304524        0.0283661523
       57.0408160000        1.0000000000        1.0000000000       38.2793417748        0.0000000000        0.8869204367        0.1064304524        0.0101171729
       57.1428570000        1.0000000000        1.0000000000       53.2143115335        0.0000000000        0.8869204367        0.1064304524        0.0016854589
       57.2448980000        1.0000000000        1.0000000000       86.7351753048        0.0000000000        0.8869204367        0.1064304524        0.0000301833
       57.3469390000        1.0000000000        1.0000000000      187.4835808504        0.0000000000        0.8869204367        0.1064304524        0.0000000002
       57.4489800000        1.0000000000        1.0000000000      479.5970747820        0.0000000000        0.8869204367        0.1064304524        0.0000000000
       57.5510200000        1.0000000000        1.0000000000     1030.6740069385        0.0000000000        0.8869204367        0.1064304524        0.0000000000
       57.6530610000        1.0000000000        1.0000000000     1491.3723372656        0.0000000000        0.8869204367        0.1064304524        0.0000000000
       57.7551020000        1.0000000000        1.0000000000     1347.7150870139        0.0000000000        0.8869204367        0.1064304524        0.0000000000
       57.8571430000        1.0000000000        1.0000000000      785.9034359825        0.0000000000        0.8869204367        0.1064304524        0.0000000000
       57.9591840000        1.0000000000        1.0000000000      386.0693095489        0.0000000000        0.8869204367        0.1064304524        0.0000000000
       58.0612240000        1.0000000000        1.0000000000      371.5289284778        0.0000000000        0.8869204367        0.1064304524        0.0000000000
       58.1632650000        1.0000000000        1.0000000000      830.8047781130        0.0000000000        0.8869204367        0.1064304524        0.0000000000
       58.2653060000        1.0000000000        1.0000000000     1934.2985049509        0.0000000000        0.8869204367        0.1064304524        0.0000000000
       58.3673470000        1.0000000000        1.0000000000     3269.3141328278        0.0000000000        0.8869204367        0.1064304524        0.0000000000
       58.4693880000        1.0000000000        1.0000000000     3616.2276787320        0.0000000000        0.8869204367        0.1064304524        0.0000000000
       58.5714290000        1.0000000000        1.0000000000     2610.0971060765        0.0000000000        0.8869204367        0.1064304524        0.0000000000
       58.6734690000        1.0000000000        1.0000000000     1333.8038108045        0.0000000000        0.8869204367        0.1064304524        0.0000000000
       58.7755100000        1.0000000000        1.0000000000      588.7161033243        0.0000000000        0.8869204367        0.1064304524        0.0000000000
       58.8775510000        1.0000000000        1.0000000000      296.4038884867        0.0000000000        0.8869204367        0.1064304524        0.0000000000
       58.9795920000        1.0000000000        1.0000000000      190.4533055955        0.0000000000        0.8869204367        0.1064304524        0.0000000001
       59.0816330000        1.0000000000        1.0000000000      141.1687789339        0.0000000000        0.8869204367        0.1064304524        0.0000000439
       59.1836730000        1.0000000000        1.0000000000      109.0024188479        0.0000000000        0.8869204367        0.1064304524        0.0000020859
       59.2857140000        1.0000000000        1.0000000000       86.1601724332        0.0000000000        0.8869204367        0.1064304524        0.0000323395
       59.3877550000        1.0000000000        1.0000000000       70.9087631800        0.0000000000        0.8869204367        0.1064304524        0.0002016350
       59.4897960000        1.0000000000        1.0000000000       60.6279414583        0.0000000000        0.8869204367        0.1064304524        0.0006923957
       59.5918370000        1.0000000000        1.0000000000       53.1671183570        0.0000000000        0.8869204367        0.1064304524        0.0016950311
       59.6938780000        1.0000000000        1.0000000000       47.4333245589        0.0000000000        0.8869204367        0.1064304524        0.0033728441
       59.7959180000        1.0000000000        1.0000000000       42.8806570734        0.0000000000        0.8869204367        0.1064304524        0.0058245191
       59.8979590000        1.0000000000        1.0000000000       39.1855202089        0.0000000000        0.8869204367        0.1064304524        0.0090747230
       60.0000000000        1.0000000000        1.0000000000       36.1342386024        0.0000000000        0.8869204367        0.1064304524        0.0130873570
