       55.0000000000        1.0000000000        1.0000000000       11.7979911740        0.0000000000        0.8869204367        0.1064304524        0.2427413172
       55.1020410000        1.0000000000        1.0000000000       12.7144048570        0.0000000000        0.8869204367        0.1064304524        0.2174625596
       55.2040820000        1.0000000000        1.0000000000       13.8048126326        0.0000000000        0.8869204367        0.1064304524        0.1907908426
       55.3061220000        1.0000000000        1.0000000000       15.1155399206        0.0000000000        0.8869204367        0.1064304524        0.1630228685
       55.4081630000        1.0000000000        1.0000000000       16.7262441474        0.0000000000        0.8869204367        0.1064304524        0.1343711814
       55.5102040000        1.0000000000        1.0000000000       18.8159651447        0.0000000000        0.8869204367        0.1064304524        0.1045681970
       55.6122450000        1.0000000000        1.0000000000       21.6916951931        0.0000000000        0.8869204367        0.1064304524        0.0740508379
       55.7142860000        1.0000000000        1.0000000000       25.3904792250        0.0000000000        0.8869204367        0.1064304524        0.0475079836
       55.8163270000        1.0000000000        1.0000000000       29.3221517239        0.0000000000        0.8869204367        0.1064304524        0.0296391781
       55.9183670000        1.0000000000        1.0000000000       33.3738520954        0.0000000000        0.8869204367        0.1064304524        0.0182267998
       56.0204080000        1.0000000000        1.0000000000       38.6904917062        0.0000000000        0.8869204367        0.1064304524        0.0096301257
       56.1224490000        1.0000000000        1.0000000000       46.4653370558        0.0000000000        0.8869204367        0.1064304524        0.0037882904
       56.2244900000        1.0000000000        1.0000000000       57.6116015602        0.0000000000        0.8869204367        0.1064304524        0.0009943789
       56.3265310000        1.0000000000        1.0000000000       73.7015895748        0.0000000000        0.8869204367        0.1064304524        0.0001442171
       56.4285710000        1.0000000000        1.0000000000       97.9635798136        0.0000000000        0.8869204367        0.1064304524        0.0000078450
       56.5306120000        1.0000000000        1.0000000000      137.3350891480        0.0000000000        0.8869204367        0.1064304524        0.0000000696
       56.6326530000        1.0000000000        1.0000000000      209.7579975011        0.0000000000        0.8869204367        0.1064304524        0.0000000000
       56.7346940000        1.0000000000        1.0000000000      372.8726512609        0.0000000000        0.8869204367        0.1064304524        0.0000000000
       56.8367350000        1.0000000000        1.0000000000      808.3127786284        0.0000000000        0.8869204367        0.1064304524        0.0000000000
       56.9387760000        1.0000000000        1.0000000000     1872.3399098858        0.0000000000        0.8869204367        0.1064304524        0.0000000000
       57.0408160000        1.0000000000        1.0000000000     3604.8786150055        0.0000000000        0.8869204367        0.1064304524        0.0000000000
       57.1428570000        1.0000000000        1.0000000000     4871.8287626494        0.0000000000        0.8869204367        0.1064304524        0.0000000000
       57.2448980000        1.0000000000        1.0000000000     4338.4881320945        0.0000000000        0.8869204367        0.1064304524        0.0000000000
       57.3469390000        1.0000000000        1.0000000000     2599.3355737458        0.0000000000        0.8869204367        0.1064304524        0.0000000000
       57.4489800000        1.0000000000        1.0000000000     1189.5457932853        0.0000000000        0.8869204367        0.1064304524        0.0000000000
       57.5510200000        1.0000000000        1.0000000000      602.8793222589        0.0000000000        0.8869204367        0.1064304524        0.0000000000
       57.6530610000        1.0000000000        1.0000000000      678.6713618440        0.0000000000        0.8869204367        0.1064304524        0.0000000000
       57.7551020000        1.0000000000        1.0000000000     1303.6251388659        0.0000000000        0.8869204367        0.1064304524        0.0000000000
       57.8571430000        1.0000000000        1.0000000000     2026.4203256695        0.0000000000        0.8869204367        0.1064304524        0.0000000000
       57.9591840000        1.0000000000        1.0000000000     2045.1047276160        0.0000000000        0.8869204367        0.1064304524        0.0000000000
       58.0612240000        1.0000000000        1.0000000000     1347.0218279224        0.0000000000        0.8869204367        0.1064304524        0.0000000000
       58.1632650000        1.0000000000        1.0000000000      661.9997437350        0.0000000000        0.8869204367        0.1064304524        0.0000000000
       58.2653060000        1.0000000000        1.0000000000      318.9947743267        0.0000000000        0.8869204367        0.1064304524        0.0000000000
       58.3673470000        1.0000000000        1.0000000000      190.7828107047        0.0000000000        0.8869204367        0.1064304524        0.0000000001
       58.4693880000        1.0000000000        1.0000000000      138.1773817121        0.0000000000        0.8869204367        0.1064304524        0.0000000629
       58.5714290000        1.0000000000        1.0000000000      109.8987481189        0.0000000000        0.8869204367        0.1064304524        0.0000018732
       58.6734690000        1.0000000000        1.0000000000       91.8773569642        0.0000000000        0.8869204367        0.1064304524        0.0000162847
       58.7755100000        1.0000000000        1.0000000000       80.1321480538        0.0000000000        0.8869204367        0.1064304524        0.0000666632
       58.8775510000        1.0000000000        1.0000000000       73.7741372020        0.0000000000        0.8869204367        0.1064304524        0.0001429670
       58.9795920000        1.0000000000        1.0000000000       70.8364516638        0.0000000000        0.8869204367        0.1064304524        0.0002033922
       59.0816330000        1.0000000000        1.0000000000       66.3639509141        0.0000000000        0.8869204367        0.1064304524        0.0003478726
       59.1836730000        1.0000000000        1.0000000000       58.2873103969        0.0000000000        0.8869204367        0.1064304524        0.0009169320
       59.2857140000        1.0000000000        1.0000000000       50.1965311100        0.0000000000        0.8869204367        0.1064304524        0.0024209779
       59.3877550000        1.0000000000        1.0000000000       44.6562737604        0.0000000000        0.8869204367        0.1064304524        0.0047067725
       59.4897960000        1.0000000000        1.0000000000       41.0487563967        0.0000000000        0.8869204367        0.1064304524        0.0072565500
       59.5918370000        1.0000000000        1.0000000000       38.3307599139        0.0000000000        0.8869204367        0.1064304524        0.0100549403
       59.6938780000        1.0000000000        1.0000000000       36.0649897112        0.0000000000        0.8869204367        0.1064304524        0.0131965643
       59.7959180000        1.0000000000        1.0000000000       34.1080575999        0.0000000000        0.8869204367        0.1064304524        0.0166896433
       59.8979590000        1.0000000000        1.0000000000       32.3930831502        0.0000000000        0.8869204367        0.1064304524        0.0205032888
       60.0000000000        1.0000000000        1.0000000000       30.8762577789        0.0000000000        0.8869204367        0.1064304524        0.0245965047
