       55.0000000000        1.0000000000        1.0000000000        7.7073417563        0.0000000000        0.8869204367        0.1064304524        0.3965786049
       55.1020410000        1.0000000000        1.0000000000        7.7129463218        0.0000000000        0.8869204367        0.1064304524        0.3963119764
       55.2040820000        1.0000000000        1.0000000000        7.7235573341        0.0000000000        0.8869204367        0.1064304524        0.3958076650
       55.3061220000        1.0000000000        1.0000000000        7.7443847956        0.0000000000        0.8869204367        0.1064304524        0.3948196599
       55.4081630000        1.0000000000        1.0000000000        7.8003296169        0.0000000000        0.8869204367        0.1064304524        0.3921779634
       55.5102040000        1.0000000000        1.0000000000        7.9984068596        0.0000000000        0.8869204367        0.1064304524        0.3829660932
       55.6122450000        1.0000000000        1.0000000000        8.5596919520        0.0000000000        0.8869204367        0.1064304524        0.3580212151
       55.7142860000        1.0000000000        1.0000000000        9.4201171110        0.0000000000        0.8869204367        0.1064304524        0.3228995311
       55.8163270000        1.0000000000        1.0000000000        9.8113583777        0.0000000000        0.8869204367        0.1064304524        0.3080901003
       55.9183670000        1.0000000000        1.0000000000        9.3007548871        0.0000000000        0.8869204367        0.1064304524        0.3275578539
       56.0204080000        1.0000000000        1.0000000000        8.5985160729        0.0000000000        0.8869204367        0.1064304524        0.3563571115
       56.1224490000        1.0000000000        1.0000000000        8.2939132061        0.0000000000        0.8869204367        0.1064304524        0.3696237862
       56.2244900000        1.0000000000        1.0000000000        8.3097875854        0.0000000000        0.8869204367        0.1064304524        0.3689203506
       56.3265310000        1.0000000000        1.0000000000        8.4680516190        0.0000000000        0.8869204367        0.1064304524        0.3619800445
       56.4285710000        1.0000000000        1.0000000000        8.7193324401        0.0000000000        0.8869204367        0.1064304524        0.3512279301
       56.5306120000        1.0000000000        1.0000000000        9.0822013285        0.0000000000        0.8869204367        0.1064304524        0.3362621687
       56.6326530000        1.0000000000        1.0000000000        9.6082862536        0.0000000000        0.8869204367        0.1064304524        0.3156900660
       56.7346940000        1.0000000000        1.0000000000       10.3910008146        0.0000000000        0.8869204367        0.1064304524        0.2873885639
       56.8367350000        1.0000000000        1.0000000000       11.6039514082        0.0000000000        0.8869204367        0.1064304524        0.2484598120
       56.9387760000        1.0000000000        1.0000000000       13.6006778748        0.0000000000        0.8869204367        0.1064304524        0.1955222012
       57.0408160000        1.0000000000        1.0000000000       17.2497307068        0.0000000000        0.8869204367        0.1064304524        0.1261898595
       57.1428570000        1.0000000000        1.0000000000       25.6548964486        0.0000000000        0.8869204367        0.1064304524        0.0460242166
       57.2448980000        1.0000000000        1.0000000000       53.4775251225        0.0000000000        0.8869204367        0.1064304524        0.0016330546
       57.3469390000        1.0000000000        1.0000000000      155.7649420657        0.0000000000        0.8869204367        0.1064304524        0.0000000076
       57.4489800000        1.0000000000        1.0000000000      426.7683359530        0.0000000000        0.8869204367        0.1064304524        0.0000000000
       57.5510200000        1.0000000000        1.0000000000      807.3579223113        0.0000000000        0.8869204367        0.1064304524        0.0000000000
       57.6530610000        1.0000000000        1.0000000000      947.1181846461        0.0000000000        0.8869204367        0.1064304524        0.0000000000
       57.7551020000        1.0000000000        1.0000000000      679.8115215326        0.0000000000        0.8869204367        0.1064304524        0.0000000000
       57.8571430000        1.0000000000        1.0000000000      319.5921759404        0.0000000000        0.8869204367        0.1064304524        0.0000000000
       57.9591840000        1.0000000000        1.0000000000      121.3044562947        0.0000000000        0.8869204367        0.1064304524        0.0000004766
       58.0612240000        1.0000000000        1.0000000000       54.3046468870        0.0000000000        0.8869204367        0.1064304524        0.0014787508
       58.1632650000        1.0000000000        1.0000000000       34.0737715817        0.0000000000        0.8869204367        0.1064304524        0.0167584513
       58.2653060000        1.0000000000        1.0000000000       25.9979834632        0.0000000000        0.8869204367        0.1064304524        0.0441678551
       58.3673470000        1.0000000000        1.0000000000       21.6342590126        0.0000000000        0.8869204367        0.1064304524        0.0745629845
       58.4693880000        1.0000000000        1.0000000000       18.8979151416        0.0000000000        0.8869204367        0.1064304524        0.1035449131
       58.5714290000        1.0000000000        1.0000000000       17.0838192304        0.0000000000        0.8869204367        0.1064304524        0.1287273976
       58.6734690000        1.0000000000        1.0000000000       16.0352876641        0.0000000000        0.8869204367        0.1064304524        0.1459874646
       58.7755100000        1.0000000000        1.0000000000       16.2863060231        0.0000000000        0.8869204367        0.1064304524        0.1416555712
       58.8775510000        1.0000000000        1.0000000000       18.8525436606        0.0000000000        0.8869204367        0.1064304524        0.1041102090
       58.9795920000        1.0000000000        1.0000000000       22.6493500520        0.0000000000        0.8869204367        0.1064304524        0.0660117841
       59.0816330000        1.0000000000        1.0000000000       23.3226533329        0.0000000000        0.8869204367        0.1064304524        0.0608880468
       59.1836730000        1.0000000000        1.0000000000       19.4478596020        0.0000000000        0.8869204367        0.1064304524        0.0969322351
       59.2857140000        1.0000000000        1.0000000000       15.0134744036        0.0000000000        0.8869204367        0.1064304524        0.1650318277
       59.3877550000        1.0000000000        1.0000000000       12.6447864581        0.0000000000        0.8869204367        0.1064304524        0.2192868969
       59.4897960000        1.0000000000        1.0000000000       11.7406989206        0.0000000000        0.8869204367        0.1064304524        0.2444159308
       59.5918370000        1.0000000000        1.0000000000       11.3338622908        0.0000000000        0.8869204367        0.1064304524        0.2566444860
       59.6938780000        1.0000000000        1.0000000000       11.0666416348        0.0000000000        0.8869204367        0.1064304524        0.2650075412
       59.7959180000        1.0000000000        1.0000000000       10.8558061472        0.0000000000        0.8869204367        0.1064304524        0.2717978364
       59.8979590000        1.0000000000        1.0000000000       10.6790704362        0.0000000000        0.8869204367        0.1064304524        0.2776237630
       60.0000000000        1.0000000000        1.0000000000       10.5268332499        0.0000000000        0.8869204367        0.1064304524        0.2827421323
