       55.0000000000        1.0000000000        1.0000000000        7.3596575141        0.0000000000        0.8869204367        0.1064304524        0.4134747205
       55.1020410000        1.0000000000        1.0000000000        7.3662918681        0.0000000000        0.8869204367        0.1064304524        0.4131456750
       55.2040820000        1.0000000000        1.0000000000        7.3786072693        0.0000000000        0.8869204367        0.1064304524        0.4125355594
       55.3061220000        1.0000000000        1.0000000000        7.4019251130        0.0000000000        0.8869204367        0.1064304524        0.4113828401
       55.4081630000        1.0000000000        1.0000000000        7.4613115313        0.0000000000        0.8869204367        0.1064304524        0.4084615950
       55.5102040000        1.0000000000        1.0000000000        7.6639309370        0.0000000000        0.8869204367        0.1064304524        0.3986498914
       55.6122450000        1.0000000000        1.0000000000        8.2303635087        0.0000000000        0.8869204367        0.1064304524        0.3724532989
       55.7142860000        1.0000000000        1.0000000000        9.0947718729        0.0000000000        0.8869204367        0.1064304524        0.3357553112
       55.8163270000        1.0000000000        1.0000000000        9.4880941439        0.0000000000        0.8869204367        0.1064304524        0.3202762747
       55.9183670000        1.0000000000        1.0000000000        8.9801808905        0.0000000000        0.8869204367        0.1064304524        0.3404041445
       56.0204080000        1.0000000000        1.0000000000        8.2825101027        0.0000000000        0.8869204367        0.1064304524        0.3701299154
       56.1224490000        1.0000000000        1.0000000000        7.9816922826        0.0000000000        0.8869204367        0.1064304524        0.3837349980
       56.2244900000        1.0000000000        1.0000000000        7.9968274615        0.0000000000        0.8869204367        0.1064304524        0.3830386828
       56.3265310000        1.0000000000        1.0000000000        8.1454380031        0.0000000000        0.8869204367        0.1064304524        0.3762684000
       56.4285710000        1.0000000000        1.0000000000        8.3708171630        0.0000000000        0.8869204367        0.1064304524        0.3662284135
       56.5306120000        1.0000000000        1.0000000000        8.6780198941        0.0000000000        0.8869204367        0.1064304524        0.3529734677
       56.6326530000        1.0000000000        1.0000000000        9.0931430851        0.0000000000        0.8869204367        0.1064304524        0.3358209425
       56.7346940000        1.0000000000        1.0000000000        9.6593639165        0.0000000000        0.8869204367        0.1064304524        0.3137610186
       56.8367350000        1.0000000000        1.0000000000       10.4452360838        0.0000000000        0.8869204367        0.1064304524        0.2855242456
       56.9387760000        1.0000000000        1.0000000000       11.5628360118        0.0000000000        0.8869204367        0.1064304524        0.2496887039
       57.0408160000        1.0000000000        1.0000000000       13.2046976100        0.0000000000        0.8869204367        0.1064304524        0.2050372286
       57.1428570000        1.0000000000        1.0000000000       15.7248677309        0.0000000000        0.8869204367        0.1064304524        0.1515281098
       57.2448980000        1.0000000000        1.0000000000       19.8415270494        0.0000000000        0.8869204367        0.1064304524        0.0924596223
       57.3469390000        1.0000000000        1.0000000000       27.3100549546        0.0000000000        0.8869204367        0.1064304524        0.0377335147
       57.4489800000        1.0000000000        1.0000000000       44.2313054328        0.0000000000        0.8869204367        0.1064304524        0.0049530256
       57.5510200000        1.0000000000        1.0000000000       97.8139595215        0.0000000000        0.8869204367        0.1064304524        0.0000079872
       57.6530610000        1.0000000000        1.0000000000      284.1805294572        0.0000000000        0.8869204367        0.1064304524        0.0000000000
       57.7551020000        1.0000000000        1.0000000000      756.9053916360        0.0000000000        0.8869204367        0.1064304524        0.0000000000
       57.8571430000        1.0000000000        1.0000000000     1400.2100414394        0.0000000000        0.8869204367        0.1064304524        0.0000000000
       57.9591840000        1.0000000000        1.0000000000     1625.9715186419        0.0000000000        0.8869204367        0.1064304524        0.0000000000
       58.0612240000        1.0000000000        1.0000000000     1170.8155746142        0.0000000000        0.8869204367        0.1064304524        0.0000000000
       58.1632650000        1.0000000000        1.0000000000      559.2446402355        0.0000000000        0.8869204367        0.1064304524        0.0000000000
       58.2653060000        1.0000000000        1.0000000000      216.0685203074        0.0000000000        0.8869204367        0.1064304524        0.0000000000
       58.3673470000        1.0000000000        1.0000000000       95.6510070208        0.0000000000        0.8869204367        0.1064304524        0.0000103542
       58.4693880000        1.0000000000        1.0000000000       57.6313384969        0.0000000000        0.8869204367        0.1064304524        0.0009920266
       58.5714290000        1.0000000000        1.0000000000       42.1604364584        0.0000000000        0.8869204367        0.1064304524        0.0063503054
       58.6734690000        1.0000000000        1.0000000000       34.0284469234        0.0000000000        0.8869204367        0.1064304524        0.0168498482
       58.7755100000        1.0000000000        1.0000000000       29.9664188053        0.0000000000        0.8869204367        0.1064304524        0.0274340522
       58.8775510000        1.0000000000        1.0000000000       29.6803581108        0.0000000000        0.8869204367        0.1064304524        0.0283921388
       58.9795920000        1.0000000000        1.0000000000       31.5142396358        0.0000000000        0.8869204367        0.1064304524        0.0227837263
       59.0816330000        1.0000000000        1.0000000000       30.7970235006        0.0000000000        0.8869204367        0.1064304524        0.0248314864
       59.1836730000        1.0000000000        1.0000000000       25.8715500850        0.0000000000        0.8869204367        0.1064304524        0.0448430793
       59.2857140000        1.0000000000        1.0000000000       20.5896207956        0.0000000000        0.8869204367        0.1064304524        0.0845210642
       59.3877550000        1.0000000000        1.0000000000       17.5302285162        0.0000000000        0.8869204367        0.1064304524        0.1220130318
       59.4897960000        1.0000000000        1.0000000000       16.0672215844        0.0000000000        0.8869204367        0.1064304524        0.1454291009
       59.5918370000        1.0000000000        1.0000000000       15.2041902322        0.0000000000        0.8869204367        0.1064304524        0.1612978170
       59.6938780000        1.0000000000        1.0000000000       14.5587306866        0.0000000000        0.8869204367        0.1064304524        0.1742877374
       59.7959180000        1.0000000000        1.0000000000       14.0298337363        0.0000000000        0.8869204367        0.1064304524        0.1857079411
       59.8979590000        1.0000000000        1.0000000000       13.5824905828        0.0000000000        0.8869204367        0.1064304524        0.1959493895
       60.0000000000        1.0000000000        1.0000000000       13.1977117295        0.0000000000        0.8869204367        0.1064304524        0.2052091846
