       55.0000000000        1.0000000000        1.0000000000        7.0137088656        0.0000000000        0.8869204367        0.1064304524        0.4310009159
       55.1020410000        1.0000000000        1.0000000000        7.0642144537        0.0000000000        0.8869204367        0.1064304524        0.4283966610
       55.2040820000        1.0000000000        1.0000000000        7.1285534668        0.0000000000        0.8869204367        0.1064304524        0.4251018822
       55.3061220000        1.0000000000        1.0000000000        7.2137469549        0.0000000000        0.8869204367        0.1064304524        0.4207781118
       55.4081630000        1.0000000000        1.0000000000        7.3471053368        0.0000000000        0.8869204367        0.1064304524        0.4140979908
       55.5102040000        1.0000000000        1.0000000000        7.6385139397        0.0000000000        0.8869204367        0.1064304524        0.3998676455
       55.6122450000        1.0000000000        1.0000000000        8.3101969873        0.0000000000        0.8869204367        0.1064304524        0.3689022267
       55.7142860000        1.0000000000        1.0000000000        9.2954396994        0.0000000000        0.8869204367        0.1064304524        0.3277668443
       55.8163270000        1.0000000000        1.0000000000        9.8286857167        0.0000000000        0.8869204367        0.1064304524        0.3074501601
       55.9183670000        1.0000000000        1.0000000000        9.4942678254        0.0000000000        0.8869204367        0.1064304524        0.3200390885
       56.0204080000        1.0000000000        1.0000000000        9.0175588790        0.0000000000        0.8869204367        0.1064304524        0.3388807290
       56.1224490000        1.0000000000        1.0000000000        8.9927231457        0.0000000000        0.8869204367        0.1064304524        0.3398921976
       56.2244900000        1.0000000000        1.0000000000        9.3501566218        0.0000000000        0.8869204367        0.1064304524        0.3256217672
       56.3265310000        1.0000000000        1.0000000000        9.9277124464        0.0000000000        0.8869204367        0.1064304524        0.3038182879
       56.4285710000        1.0000000000        1.0000000000       10.6984615289        0.0000000000        0.8869204367        0.1064304524        0.2769785027
       56.5306120000        1.0000000000        1.0000000000       11.7101455963        0.0000000000        0.8869204367        0.1064304524        0.2453137019
       56.6326530000        1.0000000000        1.0000000000       13.0519427770        0.0000000000        0.8869204367        0.1064304524        0.2088303387
       56.7346940000        1.0000000000        1.0000000000       14.8637422188        0.0000000000        0.8869204367        0.1064304524        0.1680238969
       56.8367350000        1.0000000000        1.0000000000       17.3686179243        0.0000000000        0.8869204367        0.1064304524        0.1244023571
       56.9387760000        1.0000000000        1.0000000000       20.9382858934        0.0000000000        0.8869204367        0.1064304524        0.0810576777
       57.0408160000        1.0000000000        1.0000000000       26.2304517107        0.0000000000        0.8869204367        0.1064304524        0.0429527672
       57.1428570000        1.0000000000        1.0000000000       34.5104310595        0.0000000000        0.8869204367        0.1064304524        0.0159029329
       57.2448980000        1.0000000000        1.0000000000       48.5698618444        0.0000000000        0.8869204367        0.1064304524        0.0029428305
       57.3469390000        1.0000000000        1.0000000000       76.3229544127        0.0000000000        0.8869204367        0.1064304524        0.0001052940
       57.4489800000        1.0000000000        1.0000000000      147.5326518990        0.0000000000        0.8869204367        0.1064304524        0.0000000205
       57.5510200000        1.0000000000        1.0000000000      371.9942861760        0.0000000000        0.8869204367        0.1064304524        0.0000000000
       57.6530610000        1.0000000000        1.0000000000      994.2658059128        0.0000000000        0.8869204367        0.1064304524        0.0000000000
       57.7551020000        1.0000000000        1.0000000000     2082.7671074116        0.0000000000        0.8869204367        0.1064304524        0.0000000000
       57.8571430000        1.0000000000        1.0000000000     2909.7995345783        0.0000000000        0.8869204367        0.1064304524        0.0000000000
       57.9591840000        1.0000000000        1.0000000000     2580.6253397583        0.0000000000        0.8869204367        0.1064304524        0.0000000000
       58.0612240000        1.0000000000        1.0000000000     1497.6417577381        0.0000000000        0.8869204367        0.1064304524        0.0000000000
       58.1632650000        1.0000000000        1.0000000000      646.0889964083        0.0000000000        0.8869204367        0.1064304524        0.0000000000
       58.2653060000        1.0000000000        1.0000000000      271.8301197183        0.0000000000        0.8869204367        0.1064304524        0.0000000000
       58.3673470000        1.0000000000        1.0000000000      144.1454092455        0.0000000000        0.8869204367        0.1064304524        0.0000000307
       58.4693880000        1.0000000000        1.0000000000       95.6357881837        0.0000000000        0.8869204367        0.1064304524        0.0000103731
       58.5714290000        1.0000000000        1.0000000000       71.4796336604        0.0000000000        0.8869204367        0.1064304524        0.0001882846
       58.6734690000        1.0000000000        1.0000000000       57.2380380946        0.0000000000        0.8869204367        0.1064304524        0.0010399688
       58.7755100000        1.0000000000        1.0000000000       48.8617426828        0.0000000000        0.8869204367        0.1064304524        0.0028415400
       58.8775510000        1.0000000000        1.0000000000       45.4363493138        0.0000000000        0.8869204367        0.1064304524        0.0042861691
       58.9795920000        1.0000000000        1.0000000000       44.9568712572        0.0000000000        0.8869204367        0.1064304524        0.0045400169
       59.0816330000        1.0000000000        1.0000000000       42.5121866995        0.0000000000        0.8869204367        0.1064304524        0.0060878372
       59.1836730000        1.0000000000        1.0000000000       36.2170504358        0.0000000000        0.8869204367        0.1064304524        0.0129579465
       59.2857140000        1.0000000000        1.0000000000       29.7816304893        0.0000000000        0.8869204367        0.1064304524        0.0280491862
       59.3877550000        1.0000000000        1.0000000000       25.7489881125        0.0000000000        0.8869204367        0.1064304524        0.0455074799
       59.4897960000        1.0000000000        1.0000000000       23.4753092504        0.0000000000        0.8869204367        0.1064304524        0.0597828104
       59.5918370000        1.0000000000        1.0000000000       21.9336142559        0.0000000000        0.8869204367        0.1064304524        0.0719320245
       59.6938780000        1.0000000000        1.0000000000       20.7126622834        0.0000000000        0.8869204367        0.1064304524        0.0832822803
       59.7959180000        1.0000000000        1.0000000000       19.6900359811        0.0000000000        0.8869204367        0.1064304524        0.0941558098
       59.8979590000        1.0000000000        1.0000000000       18.8150127042        0.0000000000        0.8869204367        0.1064304524        0.1045801491
       60.0000000000        1.0000000000        1.0000000000       18.0567149730        0.0000000000        0.8869204367        0.1064304524        0.1145429065
