       55.0000000000        1.0000000000        1.0000000000       14.0274281222        0.0000000000        0.8869204367        0.1064304524        0.1857615579
       55.1020410000        1.0000000000        1.0000000000       15.2736151094        0.0000000000        0.8869204367        0.1064304524        0.1599596292
       55.2040820000        1.0000000000        1.0000000000       16.7580251206        0.0000000000        0.8869204367        0.1064304524        0.1338597037
       55.3061220000        1.0000000000        1.0000000000       18.5448049120        0.0000000000        0.8869204367        0.1064304524        0.1080267292
       55.4081630000        1.0000000000        1.0000000000       20.7382322258        0.0000000000        0.8869204367        0.1064304524        0.0830271292
       55.5102040000        1.0000000000        1.0000000000       23.5516378024        0.0000000000        0.8869204367        0.1064304524        0.0592377343
       55.6122450000        1.0000000000        1.0000000000       27.3391022558        0.0000000000        0.8869204367        0.1064304524        0.0376022169
       55.7142860000        1.0000000000        1.0000000000       32.2042560423        0.0000000000        0.8869204367        0.1064304524        0.0209731816
       55.8163270000        1.0000000000        1.0000000000       37.6665506211        0.0000000000        0.8869204367        0.1064304524        0.0108891753
       55.9183670000        1.0000000000        1.0000000000       43.7975860862        0.0000000000        0.8869204367        0.1064304524        0.0052176387
       56.0204080000        1.0000000000        1.0000000000       52.0394711079        0.0000000000        0.8869204367        0.1064304524        0.0019406418
       56.1224490000        1.0000000000        1.0000000000       64.0993410696        0.0000000000        0.8869204367        0.1064304524        0.0004565004
       56.2244900000        1.0000000000        1.0000000000       81.8646935716        0.0000000000        0.8869204367        0.1064304524        0.0000541494
       56.3265310000        1.0000000000        1.0000000000      108.9835714778        0.0000000000        0.8869204367        0.1064304524        0.0000020907
       56.4285710000        1.0000000000        1.0000000000      153.9037997447        0.0000000000        0.8869204367        0.1064304524        0.0000000095
       56.5306120000        1.0000000000        1.0000000000      240.0434672418        0.0000000000        0.8869204367        0.1064304524        0.0000000000
       56.6326530000        1.0000000000        1.0000000000      444.7808046206        0.0000000000        0.8869204367        0.1064304524        0.0000000000
       56.7346940000        1.0000000000        1.0000000000      994.9940229385        0.0000000000        0.8869204367        0.1064304524        0.0000000000
       56.8367350000        1.0000000000        1.0000000000     2235.2138750724        0.0000000000        0.8869204367        0.1064304524        0.0000000000
       56.9387760000        1.0000000000        1.0000000000     3946.2219423073        0.0000000000        0.8869204367        0.1064304524        0.0000000000
       57.0408160000        1.0000000000        1.0000000000     4742.8006449065        0.0000000000        0.8869204367        0.1064304524        0.0000000000
       57.1428570000        1.0000000000        1.0000000000     3728.3890056279        0.0000000000        0.8869204367        0.1064304524        0.0000000000
       57.2448980000        1.0000000000        1.0000000000     1998.0626616580        0.0000000000        0.8869204367        0.1064304524        0.0000000000
       57.3469390000        1.0000000000        1.0000000000      846.0983374368        0.0000000000        0.8869204367        0.1064304524        0.0000000000
       57.4489800000        1.0000000000        1.0000000000      372.3929836655        0.0000000000        0.8869204367        0.1064304524        0.0000000000
       57.5510200000        1.0000000000        1.0000000000      233.0806117716        0.0000000000        0.8869204367        0.1064304524        0.0000000000
       57.6530610000        1.0000000000        1.0000000000      278.2455219247        0.0000000000        0.8869204367        0.1064304524        0.0000000000
       57.7551020000        1.0000000000        1.0000000000      631.1813352311        0.0000000000        0.8869204367        0.1064304524        0.0000000000
       57.8571430000        1.0000000000        1.0000000000     1560.0701300734        0.0000000000        0.8869204367        0.1064304524        0.0000000000
       57.9591840000        1.0000000000        1.0000000000     2847.6070540259        0.0000000000        0.8869204367        0.1064304524        0.0000000000
       58.0612240000        1.0000000000        1.0000000000     3384.5850388267        0.0000000000        0.8869204367        0.1064304524        0.0000000000
       58.1632650000        1.0000000000        1.0000000000     2601.4536284121        0.0000000000        0.8869204367        0.1064304524        0.0000000000
       58.2653060000        1.0000000000        1.0000000000     1402.3313888248        0.0000000000        0.8869204367        0.1064304524        0.0000000000
       58.3673470000        1.0000000000        1.0000000000      647.1888655855        0.0000000000        0.8869204367        0.1064304524        0.0000000000
       58.4693880000        1.0000000000        1.0000000000      336.0022855169        0.0000000000        0.8869204367        0.1064304524        0.0000000000
       58.5714290000        1.0000000000        1.0000000000      217.0095410438        0.0000000000        0.8869204367        0.1064304524        0.0000000000
       58.6734690000        1.0000000000        1.0000000000      161.3487919187        0.0000000000        0.8869204367        0.1064304524        0.0000000039
       58.7755100000        1.0000000000        1.0000000000      129.8137550212        0.0000000000        0.8869204367        0.1064304524        0.0000001717
       58.8775510000        1.0000000000        1.0000000000      111.4207073342        0.0000000000        0.8869204367        0.1064304524        0.0000015605
       58.9795920000        1.0000000000        1.0000000000      100.5845922870        0.0000000000        0.8869204367        0.1064304524        0.0000057280
       59.0816330000        1.0000000000        1.0000000000       90.6651109127        0.0000000000        0.8869204367        0.1064304524        0.0000188346
       59.1836730000        1.0000000000        1.0000000000       78.6219859521        0.0000000000        0.8869204367        0.1064304524        0.0000799077
       59.2857140000        1.0000000000        1.0000000000       67.4874421390        0.0000000000        0.8869204367        0.1064304524        0.0003039969
       59.3877550000        1.0000000000        1.0000000000       59.5553010461        0.0000000000        0.8869204367        0.1064304524        0.0007875087
       59.4897960000        1.0000000000        1.0000000000       54.0500524140        0.0000000000        0.8869204367        0.1064304524        0.0015246258
       59.5918370000        1.0000000000        1.0000000000       49.8046473785        0.0000000000        0.8869204367        0.1064304524        0.0025375463
       59.6938780000        1.0000000000        1.0000000000       46.2889888676        0.0000000000        0.8869204367        0.1064304524        0.0038693116
       59.7959180000        1.0000000000        1.0000000000       43.2940591229        0.0000000000        0.8869204367        0.1064304524        0.0055426248
       59.8979590000        1.0000000000        1.0000000000       40.7061378210        0.0000000000        0.8869204367        0.1064304524        0.0075611156
       60.0000000000        1.0000000000        1.0000000000       38.4471520673        0.0000000000        0.8869204367        0.1064304524        0.0099154786
