       55.0000000000        1.0000000000        1.0000000000        7.2712173025        0.0000000000        0.8869204367        0.1064304524        0.4178862234
       55.1020410000        1.0000000000        1.0000000000        7.3174911238        0.0000000000        0.8869204367        0.1064304524        0.4155721910
       55.2040820000        1.0000000000        1.0000000000        7.3780252505        0.0000000000        0.8869204367        0.1064304524        0.4125643728
       55.3061220000        1.0000000000        1.0000000000        7.4602570787        0.0000000000        0.8869204367        0.1064304524        0.4085132827
       55.4081630000        1.0000000000        1.0000000000        7.5920744213        0.0000000000        0.8869204367        0.1064304524        0.4021022254
       55.5102040000        1.0000000000        1.0000000000        7.8842568072        0.0000000000        0.8869204367        0.1064304524        0.3882480588
       55.6122450000        1.0000000000        1.0000000000        8.5609502708        0.0000000000        0.8869204367        0.1064304524        0.3579671586
       55.7142860000        1.0000000000        1.0000000000        9.5591441354        0.0000000000        0.8869204367        0.1064304524        0.3175572073
       55.8163270000        1.0000000000        1.0000000000       10.1169768236        0.0000000000        0.8869204367        0.1064304524        0.2969958187
       55.9183670000        1.0000000000        1.0000000000        9.8209354215        0.0000000000        0.8869204367        0.1064304524        0.3077362326
       56.0204080000        1.0000000000        1.0000000000        9.4019774273        0.0000000000        0.8869204367        0.1064304524        0.3236031721
       56.1224490000        1.0000000000        1.0000000000        9.4670884600        0.0000000000        0.8869204367        0.1064304524        0.3210846077
       56.2244900000        1.0000000000        1.0000000000        9.9661714253        0.0000000000        0.8869204367        0.1064304524        0.3024193735
       56.3265310000        1.0000000000        1.0000000000       10.7670398319        0.0000000000        0.8869204367        0.1064304524        0.2747084900
       56.4285710000        1.0000000000        1.0000000000       11.8926876916        0.0000000000        0.8869204367        0.1064304524        0.2399985198
       56.5306120000        1.0000000000        1.0000000000       13.4782404313        0.0000000000        0.8869204367        0.1064304524        0.1984161172
       56.6326530000        1.0000000000        1.0000000000       15.7732646567        0.0000000000        0.8869204367        0.1064304524        0.1506506410
       56.7346940000        1.0000000000        1.0000000000       19.2310616994        0.0000000000        0.8869204367        0.1064304524        0.0994870888
       56.8367350000        1.0000000000        1.0000000000       24.7441539569        0.0000000000        0.8869204367        0.1064304524        0.0513393135
       56.9387760000        1.0000000000        1.0000000000       34.3611459393        0.0000000000        0.8869204367        0.1064304524        0.0161903885
       57.0408160000        1.0000000000        1.0000000000       54.3919612965        0.0000000000        0.8869204367        0.1064304524        0.0014633377
       57.1428570000        1.0000000000        1.0000000000      110.8799686547        0.0000000000        0.8869204367        0.1064304524        0.0000016651
       57.2448980000        1.0000000000        1.0000000000      301.5066185502        0.0000000000        0.8869204367        0.1064304524        0.0000000000
       57.3469390000        1.0000000000        1.0000000000      824.1284632622        0.0000000000        0.8869204367        0.1064304524        0.0000000000
       57.4489800000        1.0000000000        1.0000000000     1663.8525158946        0.0000000000        0.8869204367        0.1064304524        0.0000000000
       57.5510200000        1.0000000000        1.0000000000     2162.9831262324        0.0000000000        0.8869204367        0.1064304524        0.0000000000
       57.6530610000        1.0000000000        1.0000000000     1752.3382454412        0.0000000000        0.8869204367        0.1064304524        0.0000000000
       57.7551020000        1.0000000000        1.0000000000      926.3051996865        0.0000000000        0.8869204367        0.1064304524        0.0000000000
       57.8571430000        1.0000000000        1.0000000000      373.8008496247        0.0000000000        0.8869204367        0.1064304524        0.0000000000
       57.9591840000        1.0000000000        1.0000000000      157.6978514455        0.0000000000        0.8869204367        0.1064304524        0.0000000060
       58.0612240000        1.0000000000        1.0000000000       88.0757856944        0.0000000000        0.8869204367        0.1064304524        0.0000256981
       58.1632650000        1.0000000000        1.0000000000       61.1242875663        0.0000000000        0.8869204367        0.1064304524        0.0006523597
       58.2653060000        1.0000000000        1.0000000000       47.1664517445        0.0000000000        0.8869204367        0.1064304524        0.0034826067
       58.3673470000        1.0000000000        1.0000000000       38.5994836166        0.0000000000        0.8869204367        0.1064304524        0.0097358724
       58.4693880000        1.0000000000        1.0000000000       32.8637310930        0.0000000000        0.8869204367        0.1064304524        0.0193774021
       58.5714290000        1.0000000000        1.0000000000       28.8386505246        0.0000000000        0.8869204367        0.1064304524        0.0314097142
       58.6734690000        1.0000000000        1.0000000000       26.1055016462        0.0000000000        0.8869204367        0.1064304524        0.0436016538
       58.7755100000        1.0000000000        1.0000000000       25.0353155225        0.0000000000        0.8869204367        0.1064304524        0.0495765241
       58.8775510000        1.0000000000        1.0000000000       26.5518098836        0.0000000000        0.8869204367        0.1064304524        0.0413279114
       58.9795920000        1.0000000000        1.0000000000       29.5307611464        0.0000000000        0.8869204367        0.1064304524        0.0289064265
       59.0816330000        1.0000000000        1.0000000000       29.5706126703        0.0000000000        0.8869204367        0.1064304524        0.0287685207
       59.1836730000        1.0000000000        1.0000000000       25.1606722258        0.0000000000        0.8869204367        0.1064304524        0.0488363353
       59.2857140000        1.0000000000        1.0000000000       20.2377599538        0.0000000000        0.8869204367        0.1064304524        0.0881662366
       59.3877550000        1.0000000000        1.0000000000       17.4327260204        0.0000000000        0.8869204367        0.1064304524        0.1234490051
       59.4897960000        1.0000000000        1.0000000000       16.1520701717        0.0000000000        0.8869204367        0.1064304524        0.1439558792
       59.5918370000        1.0000000000        1.0000000000       15.4208524530        0.0000000000        0.8869204367        0.1064304524        0.1571582068
       59.6938780000        1.0000000000        1.0000000000       14.8711073758        0.0000000000        0.8869204367        0.1064304524        0.1678754598
       59.7959180000        1.0000000000        1.0000000000       14.4117451997        0.0000000000        0.8869204367        0.1064304524        0.1773891408
       59.8979590000        1.0000000000        1.0000000000       14.0146994843        0.0000000000        0.8869204367        0.1064304524        0.1860455137
       60.0000000000        1.0000000000        1.0000000000       13.6659213739        0.0000000000        0.8869204367        0.1064304524        0.1939973917
