       55.0000000000        1.0000000000        1.0000000000       12.4870755586        0.0000000000        0.8869204367        0.1064304524        0.2234764886
       55.1020410000        1.0000000000        1.0000000000       13.8048727909        0.0000000000        0.8869204367        0.1064304524        0.1907894653
       55.2040820000        1.0000000000        1.0000000000       15.4799425428        0.0000000000        0.8869204367        0.1064304524        0.1560477693
       55.3061220000        1.0000000000        1.0000000000       17.6442814907        0.0000000000        0.8869204367        0.1064304524        0.1203544935
       55.4081630000        1.0000000000        1.0000000000       20.5112161727        0.0000000000        0.8869204367        0.1064304524        0.0853200379
       55.5102040000        1.0000000000        1.0000000000       24.4740303818        0.0000000000        0.8869204367        0.1064304524        0.0530307340
       55.6122450000        1.0000000000        1.0000000000       30.1946035409        0.0000000000        0.8869204367        0.1064304524        0.0266930399
       55.7142860000        1.0000000000        1.0000000000       38.3238026845        0.0000000000        0.8869204367        0.1064304524        0.0100633384
       55.8163270000        1.0000000000        1.0000000000       49.4169616470        0.0000000000        0.8869204367        0.1064304524        0.0026583879
       55.9183670000        1.0000000000        1.0000000000       65.6583185533        0.0000000000        0.8869204367        0.1064304524        0.0003786122
       56.0204080000        1.0000000000        1.0000000000       93.4733114518        0.0000000000        0.8869204367        0.1064304524        0.0000134464
       56.1224490000        1.0000000000        1.0000000000      149.4441386790        0.0000000000        0.8869204367        0.1064304524        0.0000000163
       56.2244900000        1.0000000000        1.0000000000      289.6586900245        0.0000000000        0.8869204367        0.1064304524        0.0000000000
       56.3265310000        1.0000000000        1.0000000000      698.5281843851        0.0000000000        0.8869204367        0.1064304524        0.0000000000
       56.4285710000        1.0000000000        1.0000000000     1721.0210003315        0.0000000000        0.8869204367        0.1064304524        0.0000000000
       56.5306120000        1.0000000000        1.0000000000     3314.4183615309        0.0000000000        0.8869204367        0.1064304524        0.0000000000
       56.6326530000        1.0000000000        1.0000000000     4307.4282447509        0.0000000000        0.8869204367        0.1064304524        0.0000000000
       56.7346940000        1.0000000000        1.0000000000     3623.2461768779        0.0000000000        0.8869204367        0.1064304524        0.0000000000
       56.8367350000        1.0000000000        1.0000000000     2058.4435478565        0.0000000000        0.8869204367        0.1064304524        0.0000000000
       56.9387760000        1.0000000000        1.0000000000      917.6482244740        0.0000000000        0.8869204367        0.1064304524        0.0000000000
       57.0408160000        1.0000000000        1.0000000000      415.7510778980        0.0000000000        0.8869204367        0.1064304524        0.0000000000
       57.1428570000        1.0000000000        1.0000000000      231.8091183764        0.0000000000        0.8869204367        0.1064304524        0.0000000000
       57.2448980000        1.0000000000        1.0000000000      155.1557260849        0.0000000000        0.8869204367        0.1064304524        0.0000000082
       57.3469390000        1.0000000000        1.0000000000      115.0928379096        0.0000000000        0.8869204367        0.1064304524        0.0000010044
       57.4489800000        1.0000000000        1.0000000000       90.6733478709        0.0000000000        0.8869204367        0.1064304524        0.0000188160
       57.5510200000        1.0000000000        1.0000000000       74.3951838985        0.0000000000        0.8869204367        0.1064304524        0.0001326997
       57.6530610000        1.0000000000        1.0000000000       62.8914254749        0.0000000000        0.8869204367        0.1064304524        0.0005277061
       57.7551020000        1.0000000000        1.0000000000       54.4083624776        0.0000000000        0.8869204367        0.1064304524        0.0014604605
       57.8571430000        1.0000000000        1.0000000000       47.9432074064        0.0000000000        0.8869204367        0.1064304524        0.0031726601
       57.9591840000        1.0000000000        1.0000000000       42.8841319357        0.0000000000        0.8869204367        0.1064304524        0.0058220908
       58.0612240000        1.0000000000        1.0000000000       38.8388120764        0.0000000000        0.8869204367        0.1064304524        0.0094602407
       58.1632650000        1.0000000000        1.0000000000       35.5454270916        0.0000000000        0.8869204367        0.1064304524        0.0140455276
       58.2653060000        1.0000000000        1.0000000000       32.8239978459        0.0000000000        0.8869204367        0.1064304524        0.0194700140
       58.3673470000        1.0000000000        1.0000000000       30.5484132230        0.0000000000        0.8869204367        0.1064304524        0.0255834509
       58.4693880000        1.0000000000        1.0000000000       28.6324024257        0.0000000000        0.8869204367        0.1064304524        0.0321967974
       58.5714290000        1.0000000000        1.0000000000       27.0398021984        0.0000000000        0.8869204367        0.1064304524        0.0389772840
       58.6734690000        1.0000000000        1.0000000000       25.9037263990        0.0000000000        0.8869204367        0.1064304524        0.0446702669
       58.7755100000        1.0000000000        1.0000000000       25.9017544923        0.0000000000        0.8869204367        0.1064304524        0.0446808385
       58.8775510000        1.0000000000        1.0000000000       28.1461340244        0.0000000000        0.8869204367        0.1064304524        0.0341314483
       58.9795920000        1.0000000000        1.0000000000       31.6424135763        0.0000000000        0.8869204367        0.1064304524        0.0224359739
       59.0816330000        1.0000000000        1.0000000000       32.0621095429        0.0000000000        0.8869204367        0.1064304524        0.0213340019
       59.1836730000        1.0000000000        1.0000000000       27.9110099151        0.0000000000        0.8869204367        0.1064304524        0.0351081778
       59.2857140000        1.0000000000        1.0000000000       23.1416738478        0.0000000000        0.8869204367        0.1064304524        0.0622248487
       59.3877550000        1.0000000000        1.0000000000       20.4213066805        0.0000000000        0.8869204367        0.1064304524        0.0862455515
       59.4897960000        1.0000000000        1.0000000000       19.1847846254        0.0000000000        0.8869204367        0.1064304524        0.1000411022
       59.5918370000        1.0000000000        1.0000000000       18.4702355568        0.0000000000        0.8869204367        0.1064304524        0.1089977252
       59.6938780000        1.0000000000        1.0000000000       17.9166063601        0.0000000000        0.8869204367        0.1064304524        0.1164850007
       59.7959180000        1.0000000000        1.0000000000       17.4379603897        0.0000000000        0.8869204367        0.1064304524        0.1233714881
       59.8979590000        1.0000000000        1.0000000000       17.0102784923        0.0000000000        0.8869204367        0.1064304524        0.1298684299
       60.0000000000        1.0000000000        1.0000000000       16.6226235208        0.0000000000        0.8869204367        0.1064304524        0.1360524477
