       55.0000000000        1.0000000000        1.0000000000        7.6570638678        0.0000000000        0.8869204367        0.1064304524        0.3989785336
       55.1020410000        1.0000000000        1.0000000000        7.8645558480        0.0000000000        0.8869204367        0.1064304524        0.3891670077
       55.2040820000        1.0000000000        1.0000000000        8.1195834152        0.0000000000        0.8869204367        0.1064304524        0.3774376046
       55.3061220000        1.0000000000        1.0000000000        8.4382139432        0.0000000000        0.8869204367        0.1064304524        0.3632784448
       55.4081630000        1.0000000000        1.0000000000        8.8599701075        0.0000000000        0.8869204367        0.1064304524        0.3453501625
       55.5102040000        1.0000000000        1.0000000000        9.5110813964        0.0000000000        0.8869204367        0.1064304524        0.3193940195
       55.6122450000        1.0000000000        1.0000000000       10.6340063773        0.0000000000        0.8869204367        0.1064304524        0.2791291321
       55.7142860000        1.0000000000        1.0000000000       12.1869441517        0.0000000000        0.8869204367        0.1064304524        0.2316718616
       55.8163270000        1.0000000000        1.0000000000       13.4467893115        0.0000000000        0.8869204367        0.1064304524        0.1991663812
       55.9183670000        1.0000000000        1.0000000000       14.0719836054        0.0000000000        0.8869204367        0.1064304524        0.1847710048
       56.0204080000        1.0000000000        1.0000000000       14.8915738004        0.0000000000        0.8869204367        0.1064304524        0.1674636684
       56.1224490000        1.0000000000        1.0000000000       16.6483979598        0.0000000000        0.8869204367        0.1064304524        0.1356322968
       56.2244900000        1.0000000000        1.0000000000       19.5166298772        0.0000000000        0.8869204367        0.1064304524        0.0961355999
       56.3265310000        1.0000000000        1.0000000000       23.7628965170        0.0000000000        0.8869204367        0.1064304524        0.0577548713
       56.4285710000        1.0000000000        1.0000000000       30.1582351672        0.0000000000        0.8869204367        0.1064304524        0.0268097884
       56.5306120000        1.0000000000        1.0000000000       40.4138263555        0.0000000000        0.8869204367        0.1064304524        0.0078310462
       56.6326530000        1.0000000000        1.0000000000       58.9204703035        0.0000000000        0.8869204367        0.1064304524        0.0008498451
       56.7346940000        1.0000000000        1.0000000000      101.0287504911        0.0000000000        0.8869204367        0.1064304524        0.0000054307
       56.8367350000        1.0000000000        1.0000000000      226.9104870641        0.0000000000        0.8869204367        0.1064304524        0.0000000000
       56.9387760000        1.0000000000        1.0000000000      598.9246200620        0.0000000000        0.8869204367        0.1064304524        0.0000000000
       57.0408160000        1.0000000000        1.0000000000     1344.3623587226        0.0000000000        0.8869204367        0.1064304524        0.0000000000
       57.1428570000        1.0000000000        1.0000000000     2075.9438133120        0.0000000000        0.8869204367        0.1064304524        0.0000000000
       57.2448980000        1.0000000000        1.0000000000     2127.9520096207        0.0000000000        0.8869204367        0.1064304524        0.0000000000
       57.3469390000        1.0000000000        1.0000000000     1761.3542815133        0.0000000000        0.8869204367        0.1064304524        0.0000000000
       57.4489800000        1.0000000000        1.0000000000     1670.8229904672        0.0000000000        0.8869204367        0.1064304524        0.0000000000
       57.5510200000        1.0000000000        1.0000000000     1604.9759915900        0.0000000000        0.8869204367        0.1064304524        0.0000000000
       57.6530610000        1.0000000000        1.0000000000     1136.4148585704        0.0000000000        0.8869204367        0.1064304524        0.0000000000
       57.7551020000        1.0000000000        1.0000000000      574.6714078880        0.0000000000        0.8869204367        0.1064304524        0.0000000000
       57.8571430000        1.0000000000        1.0000000000      254.5200908078        0.0000000000        0.8869204367        0.1064304524        0.0000000000
       57.9591840000        1.0000000000        1.0000000000      133.4172068752        0.0000000000        0.8869204367        0.1064304524        0.0000001114
       58.0612240000        1.0000000000        1.0000000000       89.0012511634        0.0000000000        0.8869204367        0.1064304524        0.0000229969
       58.1632650000        1.0000000000        1.0000000000       67.8261353956        0.0000000000        0.8869204367        0.1064304524        0.0002918892
       58.2653060000        1.0000000000        1.0000000000       55.1385047136        0.0000000000        0.8869204367        0.1064304524        0.0013379448
       58.3673470000        1.0000000000        1.0000000000       46.6114071115        0.0000000000        0.8869204367        0.1064304524        0.0037224663
       58.4693880000        1.0000000000        1.0000000000       40.5121817788        0.0000000000        0.8869204367        0.1064304524        0.0077391624
       58.5714290000        1.0000000000        1.0000000000       35.9956490677        0.0000000000        0.8869204367        0.1064304524        0.0133068294
       58.6734690000        1.0000000000        1.0000000000       32.7476104766        0.0000000000        0.8869204367        0.1064304524        0.0196493060
       58.7755100000        1.0000000000        1.0000000000       31.1799680454        0.0000000000        0.8869204367        0.1064304524        0.0237162179
       58.8775510000        1.0000000000        1.0000000000       32.2407660473        0.0000000000        0.8869204367        0.1064304524        0.0208814949
       58.9795920000        1.0000000000        1.0000000000       34.8322263439        0.0000000000        0.8869204367        0.1064304524        0.0153005399
       59.0816330000        1.0000000000        1.0000000000       34.5526674305        0.0000000000        0.8869204367        0.1064304524        0.0158225350
       59.1836730000        1.0000000000        1.0000000000       29.8489481621        0.0000000000        0.8869204367        0.1064304524        0.0278235143
       59.2857140000        1.0000000000        1.0000000000       24.6331701084        0.0000000000        0.8869204367        0.1064304524        0.0520276270
       59.3877550000        1.0000000000        1.0000000000       21.5501349069        0.0000000000        0.8869204367        0.1064304524        0.0753195019
       59.4897960000        1.0000000000        1.0000000000       20.0190393316        0.0000000000        0.8869204367        0.1064304524        0.0905109248
       59.5918370000        1.0000000000        1.0000000000       19.0641552548        0.0000000000        0.8869204367        0.1064304524        0.1014997818
       59.6938780000        1.0000000000        1.0000000000       18.3131876164        0.0000000000        0.8869204367        0.1064304524        0.1110713475
       59.7959180000        1.0000000000        1.0000000000       17.6715905241        0.0000000000        0.8869204367        0.1064304524        0.1199607272
       59.8979590000        1.0000000000        1.0000000000       17.1087294719        0.0000000000        0.8869204367        0.1064304524        0.1283431765
       60.0000000000        1.0000000000        1.0000000000       16.6085150324        0.0000000000        0.8869204367        0.1064304524        0.1362829822
