       55.0000000000        1.0000000000        1.0000000000        7.3439585875        0.0000000000        0.8869204367        0.1064304524        0.4142543878
       55.1020410000        1.0000000000        1.0000000000        7.5106221589        0.0000000000        0.8869204367        0.1064304524        0.4060517522
       55.2040820000        1.0000000000        1.0000000000        7.7128318224        0.0000000000        0.8869204367        0.1064304524        0.3963174218
       55.3061220000        1.0000000000        1.0000000000        7.9626831554        0.0000000000        0.8869204367        0.1064304524        0.3846113332
       55.4081630000        1.0000000000        1.0000000000        8.2941767151        0.0000000000        0.8869204367        0.1064304524        0.3696120985
       55.5102040000        1.0000000000        1.0000000000        8.8257811548        0.0000000000        0.8869204367        0.1064304524        0.3467699322
       55.6122450000        1.0000000000        1.0000000000        9.7889377777        0.0000000000        0.8869204367        0.1064304524        0.3089201242
       55.7142860000        1.0000000000        1.0000000000       11.1259499465        0.0000000000        0.8869204367        0.1064304524        0.2631281788
       55.8163270000        1.0000000000        1.0000000000       12.0895525433        0.0000000000        0.8869204367        0.1064304524        0.2343952924
       55.9183670000        1.0000000000        1.0000000000       12.3009159208        0.0000000000        0.8869204367        0.1064304524        0.2285249440
       56.0204080000        1.0000000000        1.0000000000       12.5304845482        0.0000000000        0.8869204367        0.1064304524        0.2223154086
       56.1224490000        1.0000000000        1.0000000000       13.4247705367        0.0000000000        0.8869204367        0.1064304524        0.1996933250
       56.2244900000        1.0000000000        1.0000000000       14.9938246563        0.0000000000        0.8869204367        0.1064304524        0.1654214269
       56.3265310000        1.0000000000        1.0000000000       17.2051827329        0.0000000000        0.8869204367        0.1064304524        0.1268662461
       56.4285710000        1.0000000000        1.0000000000       20.2424687211        0.0000000000        0.8869204367        0.1064304524        0.0881164321
       56.5306120000        1.0000000000        1.0000000000       24.5108238344        0.0000000000        0.8869204367        0.1064304524        0.0527971081
       56.6326530000        1.0000000000        1.0000000000       30.7485358006        0.0000000000        0.8869204367        0.1064304524        0.0249763901
       56.7346940000        1.0000000000        1.0000000000       40.3942574818        0.0000000000        0.8869204367        0.1064304524        0.0078494572
       56.8367350000        1.0000000000        1.0000000000       56.7707888380        0.0000000000        0.8869204367        0.1064304524        0.0010999455
       56.9387760000        1.0000000000        1.0000000000       90.4077830305        0.0000000000        0.8869204367        0.1064304524        0.0000194253
       57.0408160000        1.0000000000        1.0000000000      183.2110869014        0.0000000000        0.8869204367        0.1064304524        0.0000000003
       57.1428570000        1.0000000000        1.0000000000      467.5921928030        0.0000000000        0.8869204367        0.1064304524        0.0000000000
       57.2448980000        1.0000000000        1.0000000000     1120.7737338425        0.0000000000        0.8869204367        0.1064304524        0.0000000000
       57.3469390000        1.0000000000        1.0000000000     1925.4297477399        0.0000000000        0.8869204367        0.1064304524        0.0000000000
       57.4489800000        1.0000000000        1.0000000000     2150.8478949558        0.0000000000        0.8869204367        0.1064304524        0.0000000000
       57.5510200000        1.0000000000        1.0000000000     1714.6532857486        0.0000000000        0.8869204367        0.1064304524        0.0000000000
       57.6530610000        1.0000000000        1.0000000000     1541.8262658790        0.0000000000        0.8869204367        0.1064304524        0.0000000000
       57.7551020000        1.0000000000        1.0000000000     1945.7567725501        0.0000000000        0.8869204367        0.1064304524        0.0000000000
       57.8571430000        1.0000000000        1.0000000000     2081.5878546004        0.0000000000        0.8869204367        0.1064304524        0.0000000000
       57.9591840000        1.0000000000        1.0000000000     1487.6548446606        0.0000000000        0.8869204367        0.1064304524        0.0000000000
       58.0612240000        1.0000000000        1.0000000000      743.9567917297        0.0000000000        0.8869204367        0.1064304524        0.0000000000
       58.1632650000        1.0000000000        1.0000000000      324.4152730421        0.0000000000        0.8869204367        0.1064304524        0.0000000000
       58.2653060000        1.0000000000        1.0000000000      166.7606221162        0.0000000000        0.8869204367        0.1064304524        0.0000000020
       58.3673470000        1.0000000000        1.0000000000      109.2438386182        0.0000000000        0.8869204367        0.1064304524        0.0000020264
       58.4693880000        1.0000000000        1.0000000000       82.1276480889        0.0000000000        0.8869204367        0.1064304524        0.0000524674
       58.5714290000        1.0000000000        1.0000000000       66.1082764326        0.0000000000        0.8869204367        0.1064304524        0.0003587111
       58.6734690000        1.0000000000        1.0000000000       55.6710500713        0.0000000000        0.8869204367        0.1064304524        0.0012551176
       58.7755100000        1.0000000000        1.0000000000       49.2583033873        0.0000000000        0.8869204367        0.1064304524        0.0027094858
       58.8775510000        1.0000000000        1.0000000000       46.8927059554        0.0000000000        0.8869204367        0.1064304524        0.0035989084
       58.9795920000        1.0000000000        1.0000000000       47.0033552862        0.0000000000        0.8869204367        0.1064304524        0.0035514382
       59.0816330000        1.0000000000        1.0000000000       44.8926505348        0.0000000000        0.8869204367        0.1064304524        0.0045751396
       59.1836730000        1.0000000000        1.0000000000       38.7667972780        0.0000000000        0.8869204367        0.1064304524        0.0095423483
       59.2857140000        1.0000000000        1.0000000000       32.3878385907        0.0000000000        0.8869204367        0.1064304524        0.0205161965
       59.3877550000        1.0000000000        1.0000000000       28.3460788453        0.0000000000        0.8869204367        0.1064304524        0.0333222658
       59.4897960000        1.0000000000        1.0000000000       26.0293695080        0.0000000000        0.8869204367        0.1064304524        0.0440018174
       59.5918370000        1.0000000000        1.0000000000       24.4261757024        0.0000000000        0.8869204367        0.1064304524        0.0533361424
       59.6938780000        1.0000000000        1.0000000000       23.1332735729        0.0000000000        0.8869204367        0.1064304524        0.0622876051
       59.7959180000        1.0000000000        1.0000000000       22.0333098415        0.0000000000        0.8869204367        0.1064304524        0.0710765950
       59.8979590000        1.0000000000        1.0000000000       21.0788995385        0.0000000000        0.8869204367        0.1064304524        0.0797014146
       60.0000000000        1.0000000000        1.0000000000       20.2413323817        0.0000000000        0.8869204367        0.1064304524        0.0881284486
