       55.0000000000        1.0000000000        1.0000000000        7.8560189815        0.0000000000        0.8869204367        0.1064304524        0.3895658840
       55.1020410000        1.0000000000        1.0000000000        7.8690683061        0.0000000000        0.8869204367        0.1064304524        0.3889563328
       55.2040820000        1.0000000000        1.0000000000        7.8888011770        0.0000000000        0.8869204367        0.1064304524        0.3880363954
       55.3061220000        1.0000000000        1.0000000000        7.9209682348        0.0000000000        0.8869204367        0.1064304524        0.3865414438
       55.4081630000        1.0000000000        1.0000000000        7.9912167169        0.0000000000        0.8869204367        0.1064304524        0.3832966655
       55.5102040000        1.0000000000        1.0000000000        8.2076163051        0.0000000000        0.8869204367        0.1064304524        0.3734713603
       55.6122450000        1.0000000000        1.0000000000        8.7928286522        0.0000000000        0.8869204367        0.1064304524        0.3481438793
       55.7142860000        1.0000000000        1.0000000000        9.6852065282        0.0000000000        0.8869204367        0.1064304524        0.3127895173
       55.8163270000        1.0000000000        1.0000000000       10.1198126091        0.0000000000        0.8869204367        0.1064304524        0.2968947699
       55.9183670000        1.0000000000        1.0000000000        9.6686623965        0.0000000000        0.8869204367        0.1064304524        0.3134111138
       56.0204080000        1.0000000000        1.0000000000        9.0495936314        0.0000000000        0.8869204367        0.1064304524        0.3375805145
       56.1224490000        1.0000000000        1.0000000000        8.8648682243        0.0000000000        0.8869204367        0.1064304524        0.3451472343
       56.2244900000        1.0000000000        1.0000000000        9.0588944837        0.0000000000        0.8869204367        0.1064304524        0.3372039503
       56.3265310000        1.0000000000        1.0000000000        9.4914084112        0.0000000000        0.8869204367        0.1064304524        0.3201489223
       56.4285710000        1.0000000000        1.0000000000       10.1838039027        0.0000000000        0.8869204367        0.1064304524        0.2946236593
       56.5306120000        1.0000000000        1.0000000000       11.2986277956        0.0000000000        0.8869204367        0.1064304524        0.2577319119
       56.6326530000        1.0000000000        1.0000000000       13.2239983626        0.0000000000        0.8869204367        0.1064304524        0.2045628934
       56.7346940000        1.0000000000        1.0000000000       17.0958198298        0.0000000000        0.8869204367        0.1064304524        0.1285421543
       56.8367350000        1.0000000000        1.0000000000       27.7674319468        0.0000000000        0.8869204367        0.1064304524        0.0357183101
       56.9387760000        1.0000000000        1.0000000000       67.3328531925        0.0000000000        0.8869204367        0.1064304524        0.0003096889
       57.0408160000        1.0000000000        1.0000000000      198.5806416572        0.0000000000        0.8869204367        0.1064304524        0.0000000000
       57.1428570000        1.0000000000        1.0000000000      467.0275916377        0.0000000000        0.8869204367        0.1064304524        0.0000000000
       57.2448980000        1.0000000000        1.0000000000      709.3577537624        0.0000000000        0.8869204367        0.1064304524        0.0000000000
       57.3469390000        1.0000000000        1.0000000000      655.1834488234        0.0000000000        0.8869204367        0.1064304524        0.0000000000
       57.4489800000        1.0000000000        1.0000000000      376.7709489022        0.0000000000        0.8869204367        0.1064304524        0.0000000000
       57.5510200000        1.0000000000        1.0000000000      152.9590772159        0.0000000000        0.8869204367        0.1064304524        0.0000000107
       57.6530610000        1.0000000000        1.0000000000       60.5899329089        0.0000000000        0.8869204367        0.1064304524        0.0006955609
       57.7551020000        1.0000000000        1.0000000000       33.1317633513        0.0000000000        0.8869204367        0.1064304524        0.0187640664
       57.8571430000        1.0000000000        1.0000000000       24.0220455529        0.0000000000        0.8869204367        0.1064304524        0.0559864565
       57.9591840000        1.0000000000        1.0000000000       19.7010358730        0.0000000000        0.8869204367        0.1064304524        0.0940316074
       58.0612240000        1.0000000000        1.0000000000       17.1319553893        0.0000000000        0.8869204367        0.1064304524        0.1279859679
       58.1632650000        1.0000000000        1.0000000000       15.4367852164        0.0000000000        0.8869204367        0.1064304524        0.1568580181
       58.2653060000        1.0000000000        1.0000000000       14.2478799626        0.0000000000        0.8869204367        0.1064304524        0.1809118115
       58.3673470000        1.0000000000        1.0000000000       13.3803729318        0.0000000000        0.8869204367        0.1064304524        0.2007600728
       58.4693880000        1.0000000000        1.0000000000       12.7368061114        0.0000000000        0.8869204367        0.1064304524        0.2168787726
       58.5714290000        1.0000000000        1.0000000000       12.2888547112        0.0000000000        0.8869204367        0.1064304524        0.2288559379
       58.6734690000        1.0000000000        1.0000000000       12.1860040970        0.0000000000        0.8869204367        0.1064304524        0.2316979972
       58.7755100000        1.0000000000        1.0000000000       13.1216938236        0.0000000000        0.8869204367        0.1064304524        0.2070896974
       58.8775510000        1.0000000000        1.0000000000       16.1978874646        0.0000000000        0.8869204367        0.1064304524        0.1431665708
       58.9795920000        1.0000000000        1.0000000000       20.3748837585        0.0000000000        0.8869204367        0.1064304524        0.0867273447
       59.0816330000        1.0000000000        1.0000000000       21.3332252485        0.0000000000        0.8869204367        0.1064304524        0.0773057431
       59.1836730000        1.0000000000        1.0000000000       17.6875432658        0.0000000000        0.8869204367        0.1064304524        0.1197313026
       59.2857140000        1.0000000000        1.0000000000       13.4502212388        0.0000000000        0.8869204367        0.1064304524        0.1990843751
       59.3877550000        1.0000000000        1.0000000000       11.2498233060        0.0000000000        0.8869204367        0.1064304524        0.2592457574
       59.4897960000        1.0000000000        1.0000000000       10.4863334539        0.0000000000        0.8869204367        0.1064304524        0.2841195967
       59.5918370000        1.0000000000        1.0000000000       10.1972337965        0.0000000000        0.8869204367        0.1064304524        0.2941492299
       59.6938780000        1.0000000000        1.0000000000       10.0298555457        0.0000000000        0.8869204367        0.1064304524        0.3001170645
       59.7959180000        1.0000000000        1.0000000000        9.9046636436        0.0000000000        0.8869204367        0.1064304524        0.3046597688
       59.8979590000        1.0000000000        1.0000000000        9.8020775875        0.0000000000        0.8869204367        0.1064304524        0.3084334098
       60.0000000000        1.0000000000        1.0000000000        9.7145456793        0.0000000000        0.8869204367        0.1064304524        0.3116902161
