       55.0000000000        1.0000000000        1.0000000000       11.0931046774        0.0000000000        0.8869204367        0.1064304524        0.2641673272
       55.1020410000        1.0000000000        1.0000000000       12.0531958360        0.0000000000        0.8869204367        0.1064304524        0.2354201473
       55.2040820000        1.0000000000        1.0000000000       13.2502209758        0.0000000000        0.8869204367        0.1064304524        0.2039202043
       55.3061220000        1.0000000000        1.0000000000       14.7634192565        0.0000000000        0.8869204367        0.1064304524        0.1700589205
       55.4081630000        1.0000000000        1.0000000000       16.7233082547        0.0000000000        0.8869204367        0.1064304524        0.1344185297
       55.5102040000        1.0000000000        1.0000000000       19.3891376361        0.0000000000        0.8869204367        0.1064304524        0.0976176935
       55.6122450000        1.0000000000        1.0000000000       23.1981371624        0.0000000000        0.8869204367        0.1064304524        0.0618046633
       55.7142860000        1.0000000000        1.0000000000       28.4043430279        0.0000000000        0.8869204367        0.1064304524        0.0330900991
       55.8163270000        1.0000000000        1.0000000000       34.7937468375        0.0000000000        0.8869204367        0.1064304524        0.0153713542
       55.9183670000        1.0000000000        1.0000000000       42.9339202487        0.0000000000        0.8869204367        0.1064304524        0.0057874099
       56.0204080000        1.0000000000        1.0000000000       55.3061728744        0.0000000000        0.8869204367        0.1064304524        0.0013112941
       56.1224490000        1.0000000000        1.0000000000       76.0264050210        0.0000000000        0.8869204367        0.1064304524        0.0001091084
       56.2244900000        1.0000000000        1.0000000000      113.4652672948        0.0000000000        0.8869204367        0.1064304524        0.0000012210
       56.3265310000        1.0000000000        1.0000000000      193.4658652617        0.0000000000        0.8869204367        0.1064304524        0.0000000001
       56.4285710000        1.0000000000        1.0000000000      408.2513898894        0.0000000000        0.8869204367        0.1064304524        0.0000000000
       56.5306120000        1.0000000000        1.0000000000     1017.9546413260        0.0000000000        0.8869204367        0.1064304524        0.0000000000
       56.6326530000        1.0000000000        1.0000000000     2333.9886316094        0.0000000000        0.8869204367        0.1064304524        0.0000000000
       56.7346940000        1.0000000000        1.0000000000     3921.7045567375        0.0000000000        0.8869204367        0.1064304524        0.0000000000
       56.8367350000        1.0000000000        1.0000000000     4345.7780966128        0.0000000000        0.8869204367        0.1064304524        0.0000000000
       56.9387760000        1.0000000000        1.0000000000     3143.8940069982        0.0000000000        0.8869204367        0.1064304524        0.0000000000
       57.0408160000        1.0000000000        1.0000000000     1603.4349020288        0.0000000000        0.8869204367        0.1064304524        0.0000000000
       57.1428570000        1.0000000000        1.0000000000      698.0683429108        0.0000000000        0.8869204367        0.1064304524        0.0000000000
       57.2448980000        1.0000000000        1.0000000000      338.3509276481        0.0000000000        0.8869204367        0.1064304524        0.0000000000
       57.3469390000        1.0000000000        1.0000000000      203.8624138822        0.0000000000        0.8869204367        0.1064304524        0.0000000000
       57.4489800000        1.0000000000        1.0000000000      142.7396085110        0.0000000000        0.8869204367        0.1064304524        0.0000000364
       57.5510200000        1.0000000000        1.0000000000      108.5277968791        0.0000000000        0.8869204367        0.1064304524        0.0000022082
       57.6530610000        1.0000000000        1.0000000000       86.8391345531        0.0000000000        0.8869204367        0.1064304524        0.0000298091
       57.7551020000        1.0000000000        1.0000000000       72.0307835474        0.0000000000        0.8869204367        0.1064304524        0.0001762347
       57.8571430000        1.0000000000        1.0000000000       61.3889526524        0.0000000000        0.8869204367        0.1064304524        0.0006319664
       57.9591840000        1.0000000000        1.0000000000       53.4409216565        0.0000000000        0.8869204367        0.1064304524        0.0016402435
       58.0612240000        1.0000000000        1.0000000000       47.3224572102        0.0000000000        0.8869204367        0.1064304524        0.0034180165
       58.1632650000        1.0000000000        1.0000000000       42.4959792207        0.0000000000        0.8869204367        0.1064304524        0.0060996889
       58.2653060000        1.0000000000        1.0000000000       38.6120666557        0.0000000000        0.8869204367        0.1064304524        0.0097211826
       58.3673470000        1.0000000000        1.0000000000       35.4360177474        0.0000000000        0.8869204367        0.1064304524        0.0142311489
       58.4693880000        1.0000000000        1.0000000000       32.8094703227        0.0000000000        0.8869204367        0.1064304524        0.0195039857
       58.5714290000        1.0000000000        1.0000000000       30.6468320079        0.0000000000        0.8869204367        0.1064304524        0.0252830810
       58.6734690000        1.0000000000        1.0000000000       29.0462009859        0.0000000000        0.8869204367        0.1064304524        0.0306370837
       58.7755100000        1.0000000000        1.0000000000       28.6601423359        0.0000000000        0.8869204367        0.1064304524        0.0320897992
       58.8775510000        1.0000000000        1.0000000000       30.5859108335        0.0000000000        0.8869204367        0.1064304524        0.0254685913
       58.9795920000        1.0000000000        1.0000000000       33.8232588725        0.0000000000        0.8869204367        0.1064304524        0.0172698847
       59.0816330000        1.0000000000        1.0000000000       34.0339332519        0.0000000000        0.8869204367        0.1064304524        0.0168387586
       59.1836730000        1.0000000000        1.0000000000       29.7029076943        0.0000000000        0.8869204367        0.1064304524        0.0283154150
       59.2857140000        1.0000000000        1.0000000000       24.7696999859        0.0000000000        0.8869204367        0.1064304524        0.0511821726
       59.3877550000        1.0000000000        1.0000000000       21.9026502617        0.0000000000        0.8869204367        0.1064304524        0.0721997980
       59.4897960000        1.0000000000        1.0000000000       20.5383031731        0.0000000000        0.8869204367        0.1064304524        0.0850431605
       59.5918370000        1.0000000000        1.0000000000       19.7125876850        0.0000000000        0.8869204367        0.1064304524        0.0939013494
       59.6938780000        1.0000000000        1.0000000000       19.0615161522        0.0000000000        0.8869204367        0.1064304524        0.1015319311
       59.7959180000        1.0000000000        1.0000000000       18.4968370587        0.0000000000        0.8869204367        0.1064304524        0.1086503396
       59.8979590000        1.0000000000        1.0000000000       17.9927596582        0.0000000000        0.8869204367        0.1064304524        0.1154253638
       60.0000000000        1.0000000000        1.0000000000       17.5369399826        0.0000000000        0.8869204367        0.1064304524        0.1219148050
