       55.0000000000        1.0000000000        1.0000000000       20.0906852174        0.0000000000        0.8869204367        0.1064304524        0.0897360921
       55.1020410000        1.0000000000        1.0000000000       22.1685349840        0.0000000000        0.8869204367        0.1064304524        0.0699325412
       55.2040820000        1.0000000000        1.0000000000       24.6445006939        0.0000000000        0.8869204367        0.1064304524        0.0519569347
       55.3061220000        1.0000000000        1.0000000000       27.6279015735        0.0000000000        0.8869204367        0.1064304524        0.0363213997
       55.4081630000        1.0000000000        1.0000000000       31.2863015547        0.0000000000        0.8869204367        0.1064304524        0.0234155210
       55.5102040000        1.0000000000        1.0000000000       35.9230460607        0.0000000000        0.8869204367        0.1064304524        0.0134232698
       55.6122450000        1.0000000000        1.0000000000       42.0204672678        0.0000000000        0.8869204367        0.1064304524        0.0064578678
       55.7142860000        1.0000000000        1.0000000000       49.8725894936        0.0000000000        0.8869204367        0.1064304524        0.0025169417
       55.8163270000        1.0000000000        1.0000000000       59.3223046030        0.0000000000        0.8869204367        0.1064304524        0.0008098378
       55.9183670000        1.0000000000        1.0000000000       71.0099579083        0.0000000000        0.8869204367        0.1064304524        0.0001992012
       56.0204080000        1.0000000000        1.0000000000       87.3875645555        0.0000000000        0.8869204367        0.1064304524        0.0000279105
       56.1224490000        1.0000000000        1.0000000000      112.1647990652        0.0000000000        0.8869204367        0.1064304524        0.0000014272
       56.2244900000        1.0000000000        1.0000000000      151.8780982638        0.0000000000        0.8869204367        0.1064304524        0.0000000122
       56.3265310000        1.0000000000        1.0000000000      224.0986964228        0.0000000000        0.8869204367        0.1064304524        0.0000000000
       56.4285710000        1.0000000000        1.0000000000      388.2118785803        0.0000000000        0.8869204367        0.1064304524        0.0000000000
       56.5306120000        1.0000000000        1.0000000000      828.7217139176        0.0000000000        0.8869204367        0.1064304524        0.0000000000
       56.6326530000        1.0000000000        1.0000000000     1859.0238723239        0.0000000000        0.8869204367        0.1064304524        0.0000000000
       56.7346940000        1.0000000000        1.0000000000     3350.4196724631        0.0000000000        0.8869204367        0.1064304524        0.0000000000
       56.8367350000        1.0000000000        1.0000000000     4114.2771045577        0.0000000000        0.8869204367        0.1064304524        0.0000000000
       56.9387760000        1.0000000000        1.0000000000     3255.6635049345        0.0000000000        0.8869204367        0.1064304524        0.0000000000
       57.0408160000        1.0000000000        1.0000000000     1710.9072169495        0.0000000000        0.8869204367        0.1064304524        0.0000000000
       57.1428570000        1.0000000000        1.0000000000      692.0294081140        0.0000000000        0.8869204367        0.1064304524        0.0000000000
       57.2448980000        1.0000000000        1.0000000000      317.3083242498        0.0000000000        0.8869204367        0.1064304524        0.0000000000
       57.3469390000        1.0000000000        1.0000000000      271.8380179116        0.0000000000        0.8869204367        0.1064304524        0.0000000000
       57.4489800000        1.0000000000        1.0000000000      450.8198775986        0.0000000000        0.8869204367        0.1064304524        0.0000000000
       57.5510200000        1.0000000000        1.0000000000     1057.6788194235        0.0000000000        0.8869204367        0.1064304524        0.0000000000
       57.6530610000        1.0000000000        1.0000000000     2488.9361941616        0.0000000000        0.8869204367        0.1064304524        0.0000000000
       57.7551020000        1.0000000000        1.0000000000     4578.8838583471        0.0000000000        0.8869204367        0.1064304524        0.0000000000
       57.8571430000        1.0000000000        1.0000000000     5827.2164125490        0.0000000000        0.8869204367        0.1064304524        0.0000000000
       57.9591840000        1.0000000000        1.0000000000     5001.3563452083        0.0000000000        0.8869204367        0.1064304524        0.0000000000
       58.0612240000        1.0000000000        1.0000000000     3054.5960753127        0.0000000000        0.8869204367        0.1064304524        0.0000000000
       58.1632650000        1.0000000000        1.0000000000     1540.3803629738        0.0000000000        0.8869204367        0.1064304524        0.0000000000
       58.2653060000        1.0000000000        1.0000000000      795.7050799563        0.0000000000        0.8869204367        0.1064304524        0.0000000000
       58.3673470000        1.0000000000        1.0000000000      481.9137731158        0.0000000000        0.8869204367        0.1064304524        0.0000000000
       58.4693880000        1.0000000000        1.0000000000      335.7461579562        0.0000000000        0.8869204367        0.1064304524        0.0000000000
       58.5714290000        1.0000000000        1.0000000000      254.4598895552        0.0000000000        0.8869204367        0.1064304524        0.0000000000
       58.6734690000        1.0000000000        1.0000000000      203.2101145640        0.0000000000        0.8869204367        0.1064304524        0.0000000000
       58.7755100000        1.0000000000        1.0000000000      169.0294555913        0.0000000000        0.8869204367        0.1064304524        0.0000000016
       58.8775510000        1.0000000000        1.0000000000      146.7301469212        0.0000000000        0.8869204367        0.1064304524        0.0000000225
       58.9795920000        1.0000000000        1.0000000000      132.1318754577        0.0000000000        0.8869204367        0.1064304524        0.0000001300
       59.0816330000        1.0000000000        1.0000000000      118.9354906518        0.0000000000        0.8869204367        0.1064304524        0.0000006333
       59.1836730000        1.0000000000        1.0000000000      104.0466542432        0.0000000000        0.8869204367        0.1064304524        0.0000037807
       59.2857140000        1.0000000000        1.0000000000       90.3968768504        0.0000000000        0.8869204367        0.1064304524        0.0000194507
       59.3877550000        1.0000000000        1.0000000000       80.2640554323        0.0000000000        0.8869204367        0.1064304524        0.0000656163
       59.4897960000        1.0000000000        1.0000000000       72.8608876536        0.0000000000        0.8869204367        0.1064304524        0.0001595255
       59.5918370000        1.0000000000        1.0000000000       66.9793613771        0.0000000000        0.8869204367        0.1064304524        0.0003231082
       59.6938780000        1.0000000000        1.0000000000       62.0445270930        0.0000000000        0.8869204367        0.1064304524        0.0005841556
       59.7959180000        1.0000000000        1.0000000000       57.8105072568        0.0000000000        0.8869204367        0.1064304524        0.0009709254
       59.8979590000        1.0000000000        1.0000000000       54.1342554380        0.0000000000        0.8869204367        0.1064304524        0.0015092980
       60.0000000000        1.0000000000        1.0000000000       50.9141165547        0.0000000000        0.8869204367        0.1064304524        0.0022212304
