       55.0000000000        1.0000000000        1.0000000000        7.0246056862        0.0000000000        0.8869204367        0.1064304524        0.4304376994
       55.1020410000        1.0000000000        1.0000000000        7.0535023633        0.0000000000        0.8869204367        0.1064304524        0.4289476980
       55.2040820000        1.0000000000        1.0000000000        7.0926073797        0.0000000000        0.8869204367        0.1064304524        0.4269395326
       55.3061220000        1.0000000000        1.0000000000        7.1482052373        0.0000000000        0.8869204367        0.1064304524        0.4241005827
       55.4081630000        1.0000000000        1.0000000000        7.2466477239        0.0000000000        0.8869204367        0.1064304524        0.4191201161
       55.5102040000        1.0000000000        1.0000000000        7.4966492282        0.0000000000        0.8869204367        0.1064304524        0.4067331713
       55.6122450000        1.0000000000        1.0000000000        8.1195321677        0.0000000000        0.8869204367        0.1064304524        0.3774399257
       55.7142860000        1.0000000000        1.0000000000        9.0483807485        0.0000000000        0.8869204367        0.1064304524        0.3376296515
       55.8163270000        1.0000000000        1.0000000000        9.5158598477        0.0000000000        0.8869204367        0.1064304524        0.3192109269
       55.9183670000        1.0000000000        1.0000000000        9.1007961359        0.0000000000        0.8869204367        0.1064304524        0.3355126775
       56.0204080000        1.0000000000        1.0000000000        8.5229853405        0.0000000000        0.8869204367        0.1064304524        0.3596017029
       56.1224490000        1.0000000000        1.0000000000        8.3726390042        0.0000000000        0.8869204367        0.1064304524        0.3661483571
       56.2244900000        1.0000000000        1.0000000000        8.5744031775        0.0000000000        0.8869204367        0.1064304524        0.3573897410
       56.3265310000        1.0000000000        1.0000000000        8.9565768621        0.0000000000        0.8869204367        0.1064304524        0.3413697004
       56.4285710000        1.0000000000        1.0000000000        9.4782732135        0.0000000000        0.8869204367        0.1064304524        0.3206539465
       56.5306120000        1.0000000000        1.0000000000       10.1669515700        0.0000000000        0.8869204367        0.1064304524        0.2952200736
       56.6326530000        1.0000000000        1.0000000000       11.0813770267        0.0000000000        0.8869204367        0.1064304524        0.2645393564
       56.7346940000        1.0000000000        1.0000000000       12.3140644919        0.0000000000        0.8869204367        0.1064304524        0.2281646551
       56.8367350000        1.0000000000        1.0000000000       14.0109897282        0.0000000000        0.8869204367        0.1064304524        0.1861283541
       56.9387760000        1.0000000000        1.0000000000       16.4114539065        0.0000000000        0.8869204367        0.1064304524        0.1395441181
       57.0408160000        1.0000000000        1.0000000000       19.9295510503        0.0000000000        0.8869204367        0.1064304524        0.0914881223
       57.1428570000        1.0000000000        1.0000000000       25.3372114844        0.0000000000        0.8869204367        0.1064304524        0.0478126334
       57.2448980000        1.0000000000        1.0000000000       34.2488624741        0.0000000000        0.8869204367        0.1064304524        0.0164100144
       57.3469390000        1.0000000000        1.0000000000       50.8290039816        0.0000000000        0.8869204367        0.1064304524        0.0022440332
       57.4489800000        1.0000000000        1.0000000000       89.7354289590        0.0000000000        0.8869204367        0.1064304524        0.0000210575
       57.5510200000        1.0000000000        1.0000000000      210.4598178483        0.0000000000        0.8869204367        0.1064304524        0.0000000000
       57.6530610000        1.0000000000        1.0000000000      589.4901110729        0.0000000000        0.8869204367        0.1064304524        0.0000000000
       57.7551020000        1.0000000000        1.0000000000     1422.3846161795        0.0000000000        0.8869204367        0.1064304524        0.0000000000
       57.8571430000        1.0000000000        1.0000000000     2365.1063286819        0.0000000000        0.8869204367        0.1064304524        0.0000000000
       57.9591840000        1.0000000000        1.0000000000     2490.5970256376        0.0000000000        0.8869204367        0.1064304524        0.0000000000
       58.0612240000        1.0000000000        1.0000000000     1664.0244285924        0.0000000000        0.8869204367        0.1064304524        0.0000000000
       58.1632650000        1.0000000000        1.0000000000      769.6898633704        0.0000000000        0.8869204367        0.1064304524        0.0000000000
       58.2653060000        1.0000000000        1.0000000000      307.7562377703        0.0000000000        0.8869204367        0.1064304524        0.0000000000
       58.3673470000        1.0000000000        1.0000000000      145.7911130271        0.0000000000        0.8869204367        0.1064304524        0.0000000252
       58.4693880000        1.0000000000        1.0000000000       90.2795343018        0.0000000000        0.8869204367        0.1064304524        0.0000197266
       58.5714290000        1.0000000000        1.0000000000       65.6042372053        0.0000000000        0.8869204367        0.1064304524        0.0003810772
       58.6734690000        1.0000000000        1.0000000000       51.9242727916        0.0000000000        0.8869204367        0.1064304524        0.0019676551
       58.7755100000        1.0000000000        1.0000000000       44.2042836381        0.0000000000        0.8869204367        0.1064304524        0.0049691124
       58.8775510000        1.0000000000        1.0000000000       41.3617477765        0.0000000000        0.8869204367        0.1064304524        0.0069890563
       58.9795920000        1.0000000000        1.0000000000       41.3620040803        0.0000000000        0.8869204367        0.1064304524        0.0069888414
       59.0816330000        1.0000000000        1.0000000000       39.3024683629        0.0000000000        0.8869204367        0.1064304524        0.0089482598
       59.1836730000        1.0000000000        1.0000000000       33.3304910647        0.0000000000        0.8869204367        0.1064304524        0.0183218869
       59.2857140000        1.0000000000        1.0000000000       27.1793652166        0.0000000000        0.8869204367        0.1064304524        0.0383299453
       59.3877550000        1.0000000000        1.0000000000       23.3943667558        0.0000000000        0.8869204367        0.1064304524        0.0603663161
       59.4897960000        1.0000000000        1.0000000000       21.3321822876        0.0000000000        0.8869204367        0.1064304524        0.0773154189
       59.5918370000        1.0000000000        1.0000000000       19.9712235613        0.0000000000        0.8869204367        0.1064304524        0.0910317595
       59.6938780000        1.0000000000        1.0000000000       18.9061785024        0.0000000000        0.8869204367        0.1064304524        0.1034422886
       59.7959180000        1.0000000000        1.0000000000       18.0192441547        0.0000000000        0.8869204367        0.1064304524        0.1150591082
       59.8979590000        1.0000000000        1.0000000000       17.2632030405        0.0000000000        0.8869204367        0.1064304524        0.1259860157
       60.0000000000        1.0000000000        1.0000000000       16.6099128992        0.0000000000        0.8869204367        0.1064304524        0.1362601234
