       55.0000000000        1.0000000000        1.0000000000        7.4284458027        0.0000000000        0.8869204367        0.1064304524        0.4100757024
       55.1020410000        1.0000000000        1.0000000000        7.6280328619        0.0000000000        0.8869204367        0.1064304524        0.4003708872
       55.2040820000        1.0000000000        1.0000000000        7.8631999090        0.0000000000        0.8869204367        0.1064304524        0.3892303353
       55.3061220000        1.0000000000        1.0000000000        8.1449674474        0.0000000000        0.8869204367        0.1064304524        0.3762896473
       55.4081630000        1.0000000000        1.0000000000        8.5057642764        0.0000000000        0.8869204367        0.1064304524        0.3603455982
       55.5102040000        1.0000000000        1.0000000000        9.0616128119        0.0000000000        0.8869204367        0.1064304524        0.3370939725
       55.6122450000        1.0000000000        1.0000000000       10.0392961261        0.0000000000        0.8869204367        0.1064304524        0.2997772635
       55.7142860000        1.0000000000        1.0000000000       11.3727953886        0.0000000000        0.8869204367        0.1064304524        0.2554482467
       55.8163270000        1.0000000000        1.0000000000       12.3053479247        0.0000000000        0.8869204367        0.1064304524        0.2284034375
       55.9183670000        1.0000000000        1.0000000000       12.4491246684        0.0000000000        0.8869204367        0.1064304524        0.2244965453
       56.0204080000        1.0000000000        1.0000000000       12.5566184649        0.0000000000        0.8869204367        0.1064304524        0.2216193040
       56.1224490000        1.0000000000        1.0000000000       13.2391246236        0.0000000000        0.8869204367        0.1064304524        0.2041919176
       56.2244900000        1.0000000000        1.0000000000       14.4515151884        0.0000000000        0.8869204367        0.1064304524        0.1765445860
       56.3265310000        1.0000000000        1.0000000000       16.0724167299        0.0000000000        0.8869204367        0.1064304524        0.1453384661
       56.4285710000        1.0000000000        1.0000000000       18.1325259702        0.0000000000        0.8869204367        0.1064304524        0.1135055986
       56.5306120000        1.0000000000        1.0000000000       20.7595863342        0.0000000000        0.8869204367        0.1064304524        0.0828146451
       56.6326530000        1.0000000000        1.0000000000       24.1566482674        0.0000000000        0.8869204367        0.1064304524        0.0550894092
       56.7346940000        1.0000000000        1.0000000000       28.6306454905        0.0000000000        0.8869204367        0.1064304524        0.0322035862
       56.8367350000        1.0000000000        1.0000000000       34.6577714166        0.0000000000        0.8869204367        0.1064304524        0.0156242268
       56.9387760000        1.0000000000        1.0000000000       43.0081257004        0.0000000000        0.8869204367        0.1064304524        0.0057361038
       57.0408160000        1.0000000000        1.0000000000       54.9955836015        0.0000000000        0.8869204367        0.1064304524        0.0013610892
       57.1428570000        1.0000000000        1.0000000000       73.0279873008        0.0000000000        0.8869204367        0.1064304524        0.0001563586
       57.2448980000        1.0000000000        1.0000000000      102.0078883160        0.0000000000        0.8869204367        0.1064304524        0.0000048286
       57.3469390000        1.0000000000        1.0000000000      153.7917493994        0.0000000000        0.8869204367        0.1064304524        0.0000000097
       57.4489800000        1.0000000000        1.0000000000      264.2973680938        0.0000000000        0.8869204367        0.1064304524        0.0000000000
       57.5510200000        1.0000000000        1.0000000000      553.1954834073        0.0000000000        0.8869204367        0.1064304524        0.0000000000
       57.6530610000        1.0000000000        1.0000000000     1323.2853898270        0.0000000000        0.8869204367        0.1064304524        0.0000000000
       57.7551020000        1.0000000000        1.0000000000     2863.0786875513        0.0000000000        0.8869204367        0.1064304524        0.0000000000
       57.8571430000        1.0000000000        1.0000000000     4575.1158598895        0.0000000000        0.8869204367        0.1064304524        0.0000000000
       57.9591840000        1.0000000000        1.0000000000     4915.1486362250        0.0000000000        0.8869204367        0.1064304524        0.0000000000
       58.0612240000        1.0000000000        1.0000000000     3531.6099640194        0.0000000000        0.8869204367        0.1064304524        0.0000000000
       58.1632650000        1.0000000000        1.0000000000     1836.7681662420        0.0000000000        0.8869204367        0.1064304524        0.0000000000
       58.2653060000        1.0000000000        1.0000000000      831.3195710982        0.0000000000        0.8869204367        0.1064304524        0.0000000000
       58.3673470000        1.0000000000        1.0000000000      416.0769809770        0.0000000000        0.8869204367        0.1064304524        0.0000000000
       58.4693880000        1.0000000000        1.0000000000      253.4497288274        0.0000000000        0.8869204367        0.1064304524        0.0000000000
       58.5714290000        1.0000000000        1.0000000000      177.5325824035        0.0000000000        0.8869204367        0.1064304524        0.0000000006
       58.6734690000        1.0000000000        1.0000000000      134.8567635770        0.0000000000        0.8869204367        0.1064304524        0.0000000937
       58.7755100000        1.0000000000        1.0000000000      108.7166882702        0.0000000000        0.8869204367        0.1064304524        0.0000021587
       58.8775510000        1.0000000000        1.0000000000       93.3189388672        0.0000000000        0.8869204367        0.1064304524        0.0000136978
       58.9795920000        1.0000000000        1.0000000000       84.4318193459        0.0000000000        0.8869204367        0.1064304524        0.0000397930
       59.0816330000        1.0000000000        1.0000000000       75.9031372308        0.0000000000        0.8869204367        0.1064304524        0.0001107344
       59.1836730000        1.0000000000        1.0000000000       64.9697934721        0.0000000000        0.8869204367        0.1064304524        0.0004112229
       59.2857140000        1.0000000000        1.0000000000       54.8071933282        0.0000000000        0.8869204367        0.1064304524        0.0013922095
       59.3877550000        1.0000000000        1.0000000000       47.7372427421        0.0000000000        0.8869204367        0.1064304524        0.0032520519
       59.4897960000        1.0000000000        1.0000000000       42.9889766268        0.0000000000        0.8869204367        0.1064304524        0.0057492999
       59.5918370000        1.0000000000        1.0000000000       39.4116934639        0.0000000000        0.8869204367        0.1064304524        0.0088317401
       59.6938780000        1.0000000000        1.0000000000       36.4924151345        0.0000000000        0.8869204367        0.1064304524        0.0125367642
       59.7959180000        1.0000000000        1.0000000000       34.0346469372        0.0000000000        0.8869204367        0.1064304524        0.0168373166
       59.8979590000        1.0000000000        1.0000000000       31.9337241648        0.0000000000        0.8869204367        0.1064304524        0.0216652237
       60.0000000000        1.0000000000        1.0000000000       30.1184817056        0.0000000000        0.8869204367        0.1064304524        0.0269379877
