       55.0000000000        1.0000000000        1.0000000000        9.2936752799        0.0000000000        0.8869204367        0.1064304524        0.3278362498
       55.1020410000        1.0000000000        1.0000000000        9.7864358085        0.0000000000        0.8869204367        0.1064304524        0.3090128871
       55.2040820000        1.0000000000        1.0000000000       10.3632082210        0.0000000000        0.8869204367        0.1064304524        0.2883486368
       55.3061220000        1.0000000000        1.0000000000       11.0454717683        0.0000000000        0.8869204367        0.1064304524        0.2656816179
       55.4081630000        1.0000000000        1.0000000000       11.8791736828        0.0000000000        0.8869204367        0.1064304524        0.2403880366
       55.5102040000        1.0000000000        1.0000000000       12.9974662934        0.0000000000        0.8869204367        0.1064304524        0.2101999717
       55.6122450000        1.0000000000        1.0000000000       14.6462404265        0.0000000000        0.8869204367        0.1064304524        0.1724670886
       55.7142860000        1.0000000000        1.0000000000       16.7797884305        0.0000000000        0.8869204367        0.1064304524        0.1335105722
       55.8163270000        1.0000000000        1.0000000000       18.6775275591        0.0000000000        0.8869204367        0.1064304524        0.1063198466
       55.9183670000        1.0000000000        1.0000000000       20.0172957740        0.0000000000        0.8869204367        0.1064304524        0.0905298641
       56.0204080000        1.0000000000        1.0000000000       21.6318294320        0.0000000000        0.8869204367        0.1064304524        0.0745847265
       56.1224490000        1.0000000000        1.0000000000       24.2271187336        0.0000000000        0.8869204367        0.1064304524        0.0546255123
       56.2244900000        1.0000000000        1.0000000000       27.8971254675        0.0000000000        0.8869204367        0.1064304524        0.0351667215
       56.3265310000        1.0000000000        1.0000000000       32.7369297208        0.0000000000        0.8869204367        0.1064304524        0.0196745065
       56.4285710000        1.0000000000        1.0000000000       39.1125778260        0.0000000000        0.8869204367        0.1064304524        0.0091545035
       56.5306120000        1.0000000000        1.0000000000       47.6894486307        0.0000000000        0.8869204367        0.1064304524        0.0032707570
       56.6326530000        1.0000000000        1.0000000000       59.5773299313        0.0000000000        0.8869204367        0.1064304524        0.0007854297
       56.7346940000        1.0000000000        1.0000000000       76.7179146886        0.0000000000        0.8869204367        0.1064304524        0.0001004199
       56.8367350000        1.0000000000        1.0000000000      102.8329803739        0.0000000000        0.8869204367        0.1064304524        0.0000043735
       56.9387760000        1.0000000000        1.0000000000      146.2475482433        0.0000000000        0.8869204367        0.1064304524        0.0000000239
       57.0408160000        1.0000000000        1.0000000000      230.5018635300        0.0000000000        0.8869204367        0.1064304524        0.0000000000
       57.1428570000        1.0000000000        1.0000000000      434.1497715798        0.0000000000        0.8869204367        0.1064304524        0.0000000000
       57.2448980000        1.0000000000        1.0000000000      971.6371956369        0.0000000000        0.8869204367        0.1064304524        0.0000000000
       57.3469390000        1.0000000000        1.0000000000     2090.7209812299        0.0000000000        0.8869204367        0.1064304524        0.0000000000
       57.4489800000        1.0000000000        1.0000000000     3433.9531141972        0.0000000000        0.8869204367        0.1064304524        0.0000000000
       57.5510200000        1.0000000000        1.0000000000     3970.6894782413        0.0000000000        0.8869204367        0.1064304524        0.0000000000
       57.6530610000        1.0000000000        1.0000000000     3709.7042115296        0.0000000000        0.8869204367        0.1064304524        0.0000000000
       57.7551020000        1.0000000000        1.0000000000     3664.1954006714        0.0000000000        0.8869204367        0.1064304524        0.0000000000
       57.8571430000        1.0000000000        1.0000000000     3555.7324274688        0.0000000000        0.8869204367        0.1064304524        0.0000000000
       57.9591840000        1.0000000000        1.0000000000     2634.8828911923        0.0000000000        0.8869204367        0.1064304524        0.0000000000
       58.0612240000        1.0000000000        1.0000000000     1447.2220037714        0.0000000000        0.8869204367        0.1064304524        0.0000000000
       58.1632650000        1.0000000000        1.0000000000      700.1949638916        0.0000000000        0.8869204367        0.1064304524        0.0000000000
       58.2653060000        1.0000000000        1.0000000000      379.3024418669        0.0000000000        0.8869204367        0.1064304524        0.0000000000
       58.3673470000        1.0000000000        1.0000000000      247.6660023943        0.0000000000        0.8869204367        0.1064304524        0.0000000000
       58.4693880000        1.0000000000        1.0000000000      182.2591099143        0.0000000000        0.8869204367        0.1064304524        0.0000000003
       58.5714290000        1.0000000000        1.0000000000      143.1364161922        0.0000000000        0.8869204367        0.1064304524        0.0000000347
       58.6734690000        1.0000000000        1.0000000000      117.2995211291        0.0000000000        0.8869204367        0.1064304524        0.0000007707
       58.7755100000        1.0000000000        1.0000000000       99.9597585082        0.0000000000        0.8869204367        0.1064304524        0.0000061740
       58.8775510000        1.0000000000        1.0000000000       89.5228212557        0.0000000000        0.8869204367        0.1064304524        0.0000216017
       58.9795920000        1.0000000000        1.0000000000       83.5697305958        0.0000000000        0.8869204367        0.1064304524        0.0000441301
       59.0816330000        1.0000000000        1.0000000000       76.8368422933        0.0000000000        0.8869204367        0.1064304524        0.0000989970
       59.1836730000        1.0000000000        1.0000000000       67.0113316165        0.0000000000        0.8869204367        0.1064304524        0.0003218710
       59.2857140000        1.0000000000        1.0000000000       57.5209829527        0.0000000000        0.8869204367        0.1064304524        0.0010052511
       59.3877550000        1.0000000000        1.0000000000       50.8495776225        0.0000000000        0.8869204367        0.1064304524        0.0022384999
       59.4897960000        1.0000000000        1.0000000000       46.3273067516        0.0000000000        0.8869204367        0.1064304524        0.0038515608
       59.5918370000        1.0000000000        1.0000000000       42.8641657211        0.0000000000        0.8869204367        0.1064304524        0.0058360570
       59.6938780000        1.0000000000        1.0000000000       39.9849766084        0.0000000000        0.8869204367        0.1064304524        0.0082445971
       59.7959180000        1.0000000000        1.0000000000       37.5180799208        0.0000000000        0.8869204367        0.1064304524        0.0110849207
       59.8979590000        1.0000000000        1.0000000000       35.3754859710        0.0000000000        0.8869204367        0.1064304524        0.0143348977
       60.0000000000        1.0000000000        1.0000000000       33.4973493497        0.0000000000        0.8869204367        0.1064304524        0.0179586763
