       55.0000000000        1.0000000000        1.0000000000       16.1162232280        0.0000000000        0.8869204367        0.1064304524        0.1445764584
       55.1020410000        1.0000000000        1.0000000000       17.7802033239        0.0000000000        0.8869204367        0.1064304524        0.1184073597
       55.2040820000        1.0000000000        1.0000000000       19.8109533235        0.0000000000        0.8869204367        0.1064304524        0.0927994655
       55.3061220000        1.0000000000        1.0000000000       22.3294154313        0.0000000000        0.8869204367        0.1064304524        0.0685953966
       55.4081630000        1.0000000000        1.0000000000       25.5300583892        0.0000000000        0.8869204367        0.1064304524        0.0467188756
       55.5102040000        1.0000000000        1.0000000000       29.7742196674        0.0000000000        0.8869204367        0.1064304524        0.0280741414
       55.6122450000        1.0000000000        1.0000000000       35.6682967501        0.0000000000        0.8869204367        0.1064304524        0.0138399546
       55.7142860000        1.0000000000        1.0000000000       43.7713390967        0.0000000000        0.8869204367        0.1064304524        0.0052340983
       55.8163270000        1.0000000000        1.0000000000       54.5119228943        0.0000000000        0.8869204367        0.1064304524        0.0014424233
       55.9183670000        1.0000000000        1.0000000000       69.9869649652        0.0000000000        0.8869204367        0.1064304524        0.0002252193
       56.0204080000        1.0000000000        1.0000000000       97.2663345195        0.0000000000        0.8869204367        0.1064304524        0.0000085297
       56.1224490000        1.0000000000        1.0000000000      158.9872805968        0.0000000000        0.8869204367        0.1064304524        0.0000000052
       56.2244900000        1.0000000000        1.0000000000      337.1397820338        0.0000000000        0.8869204367        0.1064304524        0.0000000000
       56.3265310000        1.0000000000        1.0000000000      832.2546170940        0.0000000000        0.8869204367        0.1064304524        0.0000000000
       56.4285710000        1.0000000000        1.0000000000     1743.3612646571        0.0000000000        0.8869204367        0.1064304524        0.0000000000
       56.5306120000        1.0000000000        1.0000000000     2492.2623851068        0.0000000000        0.8869204367        0.1064304524        0.0000000000
       56.6326530000        1.0000000000        1.0000000000     2240.0225269827        0.0000000000        0.8869204367        0.1064304524        0.0000000000
       56.7346940000        1.0000000000        1.0000000000     1275.7239920847        0.0000000000        0.8869204367        0.1064304524        0.0000000000
       56.8367350000        1.0000000000        1.0000000000      514.2846300039        0.0000000000        0.8869204367        0.1064304524        0.0000000000
       56.9387760000        1.0000000000        1.0000000000      197.5508177025        0.0000000000        0.8869204367        0.1064304524        0.0000000001
       57.0408160000        1.0000000000        1.0000000000      109.9631504517        0.0000000000        0.8869204367        0.1064304524        0.0000018588
       57.1428570000        1.0000000000        1.0000000000       96.2958004796        0.0000000000        0.8869204367        0.1064304524        0.0000095832
       57.2448980000        1.0000000000        1.0000000000      112.0448205323        0.0000000000        0.8869204367        0.1064304524        0.0000014479
       57.3469390000        1.0000000000        1.0000000000      155.5599136538        0.0000000000        0.8869204367        0.1064304524        0.0000000078
       57.4489800000        1.0000000000        1.0000000000      250.7915459572        0.0000000000        0.8869204367        0.1064304524        0.0000000000
       57.5510200000        1.0000000000        1.0000000000      481.9039125145        0.0000000000        0.8869204367        0.1064304524        0.0000000000
       57.6530610000        1.0000000000        1.0000000000     1093.7684140418        0.0000000000        0.8869204367        0.1064304524        0.0000000000
       57.7551020000        1.0000000000        1.0000000000     2498.4916457829        0.0000000000        0.8869204367        0.1064304524        0.0000000000
       57.8571430000        1.0000000000        1.0000000000     4631.0683796091        0.0000000000        0.8869204367        0.1064304524        0.0000000000
       57.9591840000        1.0000000000        1.0000000000     6075.4674439801        0.0000000000        0.8869204367        0.1064304524        0.0000000000
       58.0612240000        1.0000000000        1.0000000000     5411.9932397385        0.0000000000        0.8869204367        0.1064304524        0.0000000000
       58.1632650000        1.0000000000        1.0000000000     3398.7854831605        0.0000000000        0.8869204367        0.1064304524        0.0000000000
       58.2653060000        1.0000000000        1.0000000000     1712.2046645249        0.0000000000        0.8869204367        0.1064304524        0.0000000000
       58.3673470000        1.0000000000        1.0000000000      852.2343163029        0.0000000000        0.8869204367        0.1064304524        0.0000000000
       58.4693880000        1.0000000000        1.0000000000      492.2559113312        0.0000000000        0.8869204367        0.1064304524        0.0000000000
       58.5714290000        1.0000000000        1.0000000000      331.0244350278        0.0000000000        0.8869204367        0.1064304524        0.0000000000
       58.6734690000        1.0000000000        1.0000000000      245.0803678733        0.0000000000        0.8869204367        0.1064304524        0.0000000000
       58.7755100000        1.0000000000        1.0000000000      193.2691819787        0.0000000000        0.8869204367        0.1064304524        0.0000000001
       58.8775510000        1.0000000000        1.0000000000      161.0276429906        0.0000000000        0.8869204367        0.1064304524        0.0000000041
       58.9795920000        1.0000000000        1.0000000000      140.4506225889        0.0000000000        0.8869204367        0.1064304524        0.0000000479
       59.0816330000        1.0000000000        1.0000000000      123.4927629972        0.0000000000        0.8869204367        0.1064304524        0.0000003665
       59.1836730000        1.0000000000        1.0000000000      106.1599938089        0.0000000000        0.8869204367        0.1064304524        0.0000029338
       59.2857140000        1.0000000000        1.0000000000       90.8846620507        0.0000000000        0.8869204367        0.1064304524        0.0000183449
       59.3877550000        1.0000000000        1.0000000000       79.6541417835        0.0000000000        0.8869204367        0.1064304524        0.0000705988
       59.4897960000        1.0000000000        1.0000000000       71.5050097136        0.0000000000        0.8869204367        0.1064304524        0.0001877121
       59.5918370000        1.0000000000        1.0000000000       65.1164896414        0.0000000000        0.8869204367        0.1064304524        0.0004040472
       59.6938780000        1.0000000000        1.0000000000       59.8397246267        0.0000000000        0.8869204367        0.1064304524        0.0007610839
       59.7959180000        1.0000000000        1.0000000000       55.3794313211        0.0000000000        0.8869204367        0.1064304524        0.0012998170
       59.8979590000        1.0000000000        1.0000000000       51.5589147082        0.0000000000        0.8869204367        0.1064304524        0.0020558420
       60.0000000000        1.0000000000        1.0000000000       48.2531946758        0.0000000000        0.8869204367        0.1064304524        0.0030568101
