       55.0000000000        1.0000000000        1.0000000000        8.4261831096        0.0000000000        0.8869204367        0.1064304524        0.3638032887
       55.1020410000        1.0000000000        1.0000000000        8.8012266872        0.0000000000        0.8869204367        0.1064304524        0.3477932091
       55.2040820000        1.0000000000        1.0000000000        9.2471994567        0.0000000000        0.8869204367        0.1064304524        0.3296697330
       55.3061220000        1.0000000000        1.0000000000        9.7839633849        0.0000000000        0.8869204367        0.1064304524        0.3091045820
       55.4081630000        1.0000000000        1.0000000000       10.4556073592        0.0000000000        0.8869204367        0.1064304524        0.2851691166
       55.5102040000        1.0000000000        1.0000000000       11.3934112536        0.0000000000        0.8869204367        0.1064304524        0.2548170734
       55.6122450000        1.0000000000        1.0000000000       12.8428762406        0.0000000000        0.8869204367        0.1064304524        0.2141357437
       55.7142860000        1.0000000000        1.0000000000       14.7607844839        0.0000000000        0.8869204367        0.1064304524        0.1701126970
       55.8163270000        1.0000000000        1.0000000000       16.4268320562        0.0000000000        0.8869204367        0.1064304524        0.1392868439
       55.9183670000        1.0000000000        1.0000000000       17.5129917093        0.0000000000        0.8869204367        0.1064304524        0.1222656668
       56.0204080000        1.0000000000        1.0000000000       18.8514741788        0.0000000000        0.8869204367        0.1064304524        0.1041235711
       56.1224490000        1.0000000000        1.0000000000       21.1606302235        0.0000000000        0.8869204367        0.1064304524        0.0789235492
       56.2244900000        1.0000000000        1.0000000000       24.5568057745        0.0000000000        0.8869204367        0.1064304524        0.0525065848
       56.3265310000        1.0000000000        1.0000000000       29.1745916136        0.0000000000        0.8869204367        0.1064304524        0.0301686796
       56.4285710000        1.0000000000        1.0000000000       35.4580095391        0.0000000000        0.8869204367        0.1064304524        0.0141936422
       56.5306120000        1.0000000000        1.0000000000       44.2313836326        0.0000000000        0.8869204367        0.1064304524        0.0049529791
       56.6326530000        1.0000000000        1.0000000000       56.9403152842        0.0000000000        0.8869204367        0.1064304524        0.0010777952
       56.7346940000        1.0000000000        1.0000000000       76.2836597871        0.0000000000        0.8869204367        0.1064304524        0.0001057916
       56.8367350000        1.0000000000        1.0000000000      107.9051838235        0.0000000000        0.8869204367        0.1064304524        0.0000023795
       56.9387760000        1.0000000000        1.0000000000      166.0723458410        0.0000000000        0.8869204367        0.1064304524        0.0000000022
       57.0408160000        1.0000000000        1.0000000000      296.0652864341        0.0000000000        0.8869204367        0.1064304524        0.0000000000
       57.1428570000        1.0000000000        1.0000000000      647.5194573578        0.0000000000        0.8869204367        0.1064304524        0.0000000000
       57.2448980000        1.0000000000        1.0000000000     1562.0179182179        0.0000000000        0.8869204367        0.1064304524        0.0000000000
       57.3469390000        1.0000000000        1.0000000000     3238.5929138702        0.0000000000        0.8869204367        0.1064304524        0.0000000000
       57.4489800000        1.0000000000        1.0000000000     4805.3909628450        0.0000000000        0.8869204367        0.1064304524        0.0000000000
       57.5510200000        1.0000000000        1.0000000000     4736.7166960171        0.0000000000        0.8869204367        0.1064304524        0.0000000000
       57.6530610000        1.0000000000        1.0000000000     3136.9185479776        0.0000000000        0.8869204367        0.1064304524        0.0000000000
       57.7551020000        1.0000000000        1.0000000000     1544.9367013967        0.0000000000        0.8869204367        0.1064304524        0.0000000000
       57.8571430000        1.0000000000        1.0000000000      697.7105593192        0.0000000000        0.8869204367        0.1064304524        0.0000000000
       57.9591840000        1.0000000000        1.0000000000      363.1176055536        0.0000000000        0.8869204367        0.1064304524        0.0000000000
       58.0612240000        1.0000000000        1.0000000000      229.2805701540        0.0000000000        0.8869204367        0.1064304524        0.0000000000
       58.1632650000        1.0000000000        1.0000000000      163.9529556031        0.0000000000        0.8869204367        0.1064304524        0.0000000029
       58.2653060000        1.0000000000        1.0000000000      125.8974368624        0.0000000000        0.8869204367        0.1064304524        0.0000002747
       58.3673470000        1.0000000000        1.0000000000      101.2436134165        0.0000000000        0.8869204367        0.1064304524        0.0000052924
       58.4693880000        1.0000000000        1.0000000000       84.1801573422        0.0000000000        0.8869204367        0.1064304524        0.0000410131
       58.5714290000        1.0000000000        1.0000000000       71.8355693476        0.0000000000        0.8869204367        0.1064304524        0.0001804118
       58.6734690000        1.0000000000        1.0000000000       62.7788124169        0.0000000000        0.8869204367        0.1064304524        0.0005348857
       58.7755100000        1.0000000000        1.0000000000       56.7626145147        0.0000000000        0.8869204367        0.1064304524        0.0011010250
       58.8775510000        1.0000000000        1.0000000000       54.3493518438        0.0000000000        0.8869204367        0.1064304524        0.0014708391
       58.9795920000        1.0000000000        1.0000000000       54.2347837508        0.0000000000        0.8869204367        0.1064304524        0.0014912001
       59.0816330000        1.0000000000        1.0000000000       51.8412214639        0.0000000000        0.8869204367        0.1064304524        0.0019873631
       59.1836730000        1.0000000000        1.0000000000       45.3897194955        0.0000000000        0.8869204367        0.1064304524        0.0043102200
       59.2857140000        1.0000000000        1.0000000000       38.6473287513        0.0000000000        0.8869204367        0.1064304524        0.0096801348
       59.3877550000        1.0000000000        1.0000000000       34.2382239544        0.0000000000        0.8869204367        0.1064304524        0.0164309772
       59.4897960000        1.0000000000        1.0000000000       31.5753848069        0.0000000000        0.8869204367        0.1064304524        0.0226171643
       59.5918370000        1.0000000000        1.0000000000       29.6528452906        0.0000000000        0.8869204367        0.1064304524        0.0284860315
       59.6938780000        1.0000000000        1.0000000000       28.0661529280        0.0000000000        0.8869204367        0.1064304524        0.0344606098
       59.7959180000        1.0000000000        1.0000000000       26.6960576202        0.0000000000        0.8869204367        0.1064304524        0.0406186924
       59.8979590000        1.0000000000        1.0000000000       25.4933172967        0.0000000000        0.8869204367        0.1064304524        0.0469253107
       60.0000000000        1.0000000000        1.0000000000       24.4273972937        0.0000000000        0.8869204367        0.1064304524        0.0533283244
