       55.0000000000        1.0000000000        1.0000000000        7.2629594119        0.0000000000        0.8869204367        0.1064304524        0.4183005317
       55.1020410000        1.0000000000        1.0000000000        7.3064200704        0.0000000000        0.8869204367        0.1064304524        0.4161246565
       55.2040820000        1.0000000000        1.0000000000        7.3637712298        0.0000000000        0.8869204367        0.1064304524        0.4132706608
       55.3061220000        1.0000000000        1.0000000000        7.4423952732        0.0000000000        0.8869204367        0.1064304524        0.4093898359
       55.4081630000        1.0000000000        1.0000000000        7.5701138314        0.0000000000        0.8869204367        0.1064304524        0.4031632711
       55.5102040000        1.0000000000        1.0000000000        7.8576345240        0.0000000000        0.8869204367        0.1064304524        0.3894903681
       55.6122450000        1.0000000000        1.0000000000        8.5290729644        0.0000000000        0.8869204367        0.1064304524        0.3593391044
       55.7142860000        1.0000000000        1.0000000000        9.5214751386        0.0000000000        0.8869204367        0.1064304524        0.3189959039
       55.8163270000        1.0000000000        1.0000000000       10.0729507649        0.0000000000        0.8869204367        0.1064304524        0.2985690374
       55.9183670000        1.0000000000        1.0000000000        9.7697268641        0.0000000000        0.8869204367        0.1064304524        0.3096331022
       56.0204080000        1.0000000000        1.0000000000        9.3426326281        0.0000000000        0.8869204367        0.1064304524        0.3259158971
       56.1224490000        1.0000000000        1.0000000000        9.3988946667        0.0000000000        0.8869204367        0.1064304524        0.3237229052
       56.2244900000        1.0000000000        1.0000000000        9.8889051198        0.0000000000        0.8869204367        0.1064304524        0.3052364324
       56.3265310000        1.0000000000        1.0000000000       10.6813947612        0.0000000000        0.8869204367        0.1064304524        0.2775463393
       56.4285710000        1.0000000000        1.0000000000       11.8013347923        0.0000000000        0.8869204367        0.1064304524        0.2426439406
       56.5306120000        1.0000000000        1.0000000000       13.3881944254        0.0000000000        0.8869204367        0.1064304524        0.2005717319
       56.6326530000        1.0000000000        1.0000000000       15.7013289452        0.0000000000        0.8869204367        0.1064304524        0.1519567294
       56.7346940000        1.0000000000        1.0000000000       19.2173871520        0.0000000000        0.8869204367        0.1064304524        0.0996504757
       56.8367350000        1.0000000000        1.0000000000       24.8910501445        0.0000000000        0.8869204367        0.1064304524        0.0504422573
       56.9387760000        1.0000000000        1.0000000000       34.9862456260        0.0000000000        0.8869204367        0.1064304524        0.0150203478
       57.0408160000        1.0000000000        1.0000000000       56.9029050892        0.0000000000        0.8869204367        0.1064304524        0.0010826445
       57.1428570000        1.0000000000        1.0000000000      122.1926408228        0.0000000000        0.8869204367        0.1064304524        0.0000004284
       57.2448980000        1.0000000000        1.0000000000      343.8021621278        0.0000000000        0.8869204367        0.1064304524        0.0000000000
       57.3469390000        1.0000000000        1.0000000000      918.6608583868        0.0000000000        0.8869204367        0.1064304524        0.0000000000
       57.4489800000        1.0000000000        1.0000000000     1749.5193730105        0.0000000000        0.8869204367        0.1064304524        0.0000000000
       57.5510200000        1.0000000000        1.0000000000     2116.2876174757        0.0000000000        0.8869204367        0.1064304524        0.0000000000
       57.6530610000        1.0000000000        1.0000000000     1593.6371300381        0.0000000000        0.8869204367        0.1064304524        0.0000000000
       57.7551020000        1.0000000000        1.0000000000      793.1466910099        0.0000000000        0.8869204367        0.1064304524        0.0000000000
       57.8571430000        1.0000000000        1.0000000000      313.0047306255        0.0000000000        0.8869204367        0.1064304524        0.0000000000
       57.9591840000        1.0000000000        1.0000000000      136.3759418953        0.0000000000        0.8869204367        0.1064304524        0.0000000781
       58.0612240000        1.0000000000        1.0000000000       79.4990137946        0.0000000000        0.8869204367        0.1064304524        0.0000719254
       58.1632650000        1.0000000000        1.0000000000       56.4822879541        0.0000000000        0.8869204367        0.1064304524        0.0011386926
       58.2653060000        1.0000000000        1.0000000000       44.1573313661        0.0000000000        0.8869204367        0.1064304524        0.0049971888
       58.3673470000        1.0000000000        1.0000000000       36.4636669522        0.0000000000        0.8869204367        0.1064304524        0.0125800880
       58.4693880000        1.0000000000        1.0000000000       31.2594123748        0.0000000000        0.8869204367        0.1064304524        0.0234911979
       58.5714290000        1.0000000000        1.0000000000       27.5838421831        0.0000000000        0.8869204367        0.1064304524        0.0365139441
       58.6734690000        1.0000000000        1.0000000000       25.0938038273        0.0000000000        0.8869204367        0.1064304524        0.0492297847
       58.7755100000        1.0000000000        1.0000000000       24.2002695801        0.0000000000        0.8869204367        0.1064304524        0.0548017939
       58.8775510000        1.0000000000        1.0000000000       25.8489548033        0.0000000000        0.8869204367        0.1064304524        0.0449648333
       58.9795920000        1.0000000000        1.0000000000       28.9275257816        0.0000000000        0.8869204367        0.1064304524        0.0310765087
       59.0816330000        1.0000000000        1.0000000000       29.0431458476        0.0000000000        0.8869204367        0.1064304524        0.0306483178
       59.1836730000        1.0000000000        1.0000000000       24.6941489268        0.0000000000        0.8869204367        0.1064304524        0.0516483065
       59.2857140000        1.0000000000        1.0000000000       19.8230485367        0.0000000000        0.8869204367        0.1064304524        0.0926648717
       59.3877550000        1.0000000000        1.0000000000       17.0620315805        0.0000000000        0.8869204367        0.1064304524        0.1290643980
       59.4897960000        1.0000000000        1.0000000000       15.8182608492        0.0000000000        0.8869204367        0.1064304524        0.1498393885
       59.5918370000        1.0000000000        1.0000000000       15.1180755051        0.0000000000        0.8869204367        0.1064304524        0.1629732731
       59.6938780000        1.0000000000        1.0000000000       14.5947435441        0.0000000000        0.8869204367        0.1064304524        0.1735361706
       59.7959180000        1.0000000000        1.0000000000       14.1581026318        0.0000000000        0.8869204367        0.1064304524        0.1828713615
       59.8979590000        1.0000000000        1.0000000000       13.7807750712        0.0000000000        0.8869204367        0.1064304524        0.1913419747
       60.0000000000        1.0000000000        1.0000000000       13.4492385129        0.0000000000        0.8869204367        0.1064304524        0.1991078539
