       55.0000000000        1.0000000000        1.0000000000       11.0690041230        0.0000000000        0.8869204367        0.1064304524        0.2649324226
       55.1020410000        1.0000000000        1.0000000000       11.7985613245        0.0000000000        0.8869204367        0.1064304524        0.2427247099
       55.2040820000        1.0000000000        1.0000000000       12.6476699002        0.0000000000        0.8869204367        0.1064304524        0.2192110339
       55.3061220000        1.0000000000        1.0000000000       13.6448637511        0.0000000000        0.8869204367        0.1064304524        0.1944882265
       55.4081630000        1.0000000000        1.0000000000       14.8450577281        0.0000000000        0.8869204367        0.1064304524        0.1684010525
       55.5102040000        1.0000000000        1.0000000000       16.3925503759        0.0000000000        0.8869204367        0.1064304524        0.1398610226
       55.6122450000        1.0000000000        1.0000000000       18.5453257022        0.0000000000        0.8869204367        0.1064304524        0.1080199783
       55.7142860000        1.0000000000        1.0000000000       21.2700543592        0.0000000000        0.8869204367        0.1064304524        0.0778939866
       55.8163270000        1.0000000000        1.0000000000       23.8682637798        0.0000000000        0.8869204367        0.1064304524        0.0570292119
       55.9183670000        1.0000000000        1.0000000000       26.0578619644        0.0000000000        0.8869204367        0.1064304524        0.0438516279
       56.0204080000        1.0000000000        1.0000000000       28.7183950594        0.0000000000        0.8869204367        0.1064304524        0.0318662633
       56.1224490000        1.0000000000        1.0000000000       32.6074762132        0.0000000000        0.8869204367        0.1064304524        0.0199825248
       56.2244900000        1.0000000000        1.0000000000       37.8920549097        0.0000000000        0.8869204367        0.1064304524        0.0105984598
       56.3265310000        1.0000000000        1.0000000000       44.7762285091        0.0000000000        0.8869204367        0.1064304524        0.0046395058
       56.4285710000        1.0000000000        1.0000000000       53.7846372127        0.0000000000        0.8869204367        0.1064304524        0.0015739664
       56.5306120000        1.0000000000        1.0000000000       65.8163708554        0.0000000000        0.8869204367        0.1064304524        0.0003714990
       56.6326530000        1.0000000000        1.0000000000       82.3324256508        0.0000000000        0.8869204367        0.1064304524        0.0000511939
       56.7346940000        1.0000000000        1.0000000000      105.8061262881        0.0000000000        0.8869204367        0.1064304524        0.0000030611
       56.8367350000        1.0000000000        1.0000000000      140.7145983226        0.0000000000        0.8869204367        0.1064304524        0.0000000464
       56.9387760000        1.0000000000        1.0000000000      195.9928804446        0.0000000000        0.8869204367        0.1064304524        0.0000000001
       57.0408160000        1.0000000000        1.0000000000      292.3224469217        0.0000000000        0.8869204367        0.1064304524        0.0000000000
       57.1428570000        1.0000000000        1.0000000000      486.8344903611        0.0000000000        0.8869204367        0.1064304524        0.0000000000
       57.2448980000        1.0000000000        1.0000000000      947.0712775214        0.0000000000        0.8869204367        0.1064304524        0.0000000000
       57.3469390000        1.0000000000        1.0000000000     2050.2767115075        0.0000000000        0.8869204367        0.1064304524        0.0000000000
       57.4489800000        1.0000000000        1.0000000000     4108.1679647554        0.0000000000        0.8869204367        0.1064304524        0.0000000000
       57.5510200000        1.0000000000        1.0000000000     6352.2461461291        0.0000000000        0.8869204367        0.1064304524        0.0000000000
       57.6530610000        1.0000000000        1.0000000000     6888.4570701647        0.0000000000        0.8869204367        0.1064304524        0.0000000000
       57.7551020000        1.0000000000        1.0000000000     5188.1348278299        0.0000000000        0.8869204367        0.1064304524        0.0000000000
       57.8571430000        1.0000000000        1.0000000000     2915.3481562491        0.0000000000        0.8869204367        0.1064304524        0.0000000000
       57.9591840000        1.0000000000        1.0000000000     1438.3191332869        0.0000000000        0.8869204367        0.1064304524        0.0000000000
       58.0612240000        1.0000000000        1.0000000000      756.9207906509        0.0000000000        0.8869204367        0.1064304524        0.0000000000
       58.1632650000        1.0000000000        1.0000000000      464.2509722550        0.0000000000        0.8869204367        0.1064304524        0.0000000000
       58.2653060000        1.0000000000        1.0000000000      321.8839084733        0.0000000000        0.8869204367        0.1064304524        0.0000000000
       58.3673470000        1.0000000000        1.0000000000      240.9506536586        0.0000000000        0.8869204367        0.1064304524        0.0000000000
       58.4693880000        1.0000000000        1.0000000000      189.5906821041        0.0000000000        0.8869204367        0.1064304524        0.0000000001
       58.5714290000        1.0000000000        1.0000000000      154.5958777329        0.0000000000        0.8869204367        0.1064304524        0.0000000088
       58.6734690000        1.0000000000        1.0000000000      129.7120493619        0.0000000000        0.8869204367        0.1064304524        0.0000001738
       58.7755100000        1.0000000000        1.0000000000      112.1509751023        0.0000000000        0.8869204367        0.1064304524        0.0000014296
       58.8775510000        1.0000000000        1.0000000000      101.0576132176        0.0000000000        0.8869204367        0.1064304524        0.0000054119
       58.9795920000        1.0000000000        1.0000000000       94.3376094447        0.0000000000        0.8869204367        0.1064304524        0.0000121217
       59.0816330000        1.0000000000        1.0000000000       86.8589197121        0.0000000000        0.8869204367        0.1064304524        0.0000297384
       59.1836730000        1.0000000000        1.0000000000       76.3169447783        0.0000000000        0.8869204367        0.1064304524        0.0001053699
       59.2857140000        1.0000000000        1.0000000000       66.1322219243        0.0000000000        0.8869204367        0.1064304524        0.0003576819
       59.3877550000        1.0000000000        1.0000000000       58.8122224412        0.0000000000        0.8869204367        0.1064304524        0.0008609564
       59.4897960000        1.0000000000        1.0000000000       53.7045565750        0.0000000000        0.8869204367        0.1064304524        0.0015891646
       59.5918370000        1.0000000000        1.0000000000       49.7179618555        0.0000000000        0.8869204367        0.1064304524        0.0025640803
       59.6938780000        1.0000000000        1.0000000000       46.3700613766        0.0000000000        0.8869204367        0.1064304524        0.0038318508
       59.7959180000        1.0000000000        1.0000000000       43.4823480234        0.0000000000        0.8869204367        0.1064304524        0.0054187953
       59.8979590000        1.0000000000        1.0000000000       40.9609434420        0.0000000000        0.8869204367        0.1064304524        0.0073334206
       60.0000000000        1.0000000000        1.0000000000       38.7409054230        0.0000000000        0.8869204367        0.1064304524        0.0095720427
