       55.0000000000        1.0000000000        1.0000000000        8.5093474991        0.0000000000        0.8869204367        0.1064304524        0.3601906876
       55.1020410000        1.0000000000        1.0000000000        8.9145511209        0.0000000000        0.8869204367        0.1064304524        0.3430956065
       55.2040820000        1.0000000000        1.0000000000        9.4107169373        0.0000000000        0.8869204367        0.1064304524        0.3232639740
       55.3061220000        1.0000000000        1.0000000000       10.0266124470        0.0000000000        0.8869204367        0.1064304524        0.3002338843
       55.4081630000        1.0000000000        1.0000000000       10.8194386691        0.0000000000        0.8869204367        0.1064304524        0.2729865806
       55.5102040000        1.0000000000        1.0000000000       11.9401224137        0.0000000000        0.8869204367        0.1064304524        0.2386362890
       55.6122450000        1.0000000000        1.0000000000       13.6644968468        0.0000000000        0.8869204367        0.1064304524        0.1940305571
       55.7142860000        1.0000000000        1.0000000000       15.9969602668        0.0000000000        0.8869204367        0.1064304524        0.1466604494
       55.8163270000        1.0000000000        1.0000000000       18.2927046031        0.0000000000        0.8869204367        0.1064304524        0.1113446924
       55.9183670000        1.0000000000        1.0000000000       20.3461236587        0.0000000000        0.8869204367        0.1064304524        0.0870271762
       56.0204080000        1.0000000000        1.0000000000       23.2031037885        0.0000000000        0.8869204367        0.1064304524        0.0617678390
       56.1224490000        1.0000000000        1.0000000000       27.9769096030        0.0000000000        0.8869204367        0.1064304524        0.0348316385
       56.2244900000        1.0000000000        1.0000000000       35.5473150866        0.0000000000        0.8869204367        0.1064304524        0.0140423459
       56.3265310000        1.0000000000        1.0000000000       47.7044163106        0.0000000000        0.8869204367        0.1064304524        0.0032648876
       56.4285710000        1.0000000000        1.0000000000       69.2197439064        0.0000000000        0.8869204367        0.1064304524        0.0002469390
       56.5306120000        1.0000000000        1.0000000000      115.8442556686        0.0000000000        0.8869204367        0.1064304524        0.0000009178
       56.6326530000        1.0000000000        1.0000000000      248.4474614792        0.0000000000        0.8869204367        0.1064304524        0.0000000000
       56.7346940000        1.0000000000        1.0000000000      648.3605103727        0.0000000000        0.8869204367        0.1064304524        0.0000000000
       56.8367350000        1.0000000000        1.0000000000     1531.2079023027        0.0000000000        0.8869204367        0.1064304524        0.0000000000
       56.9387760000        1.0000000000        1.0000000000     2563.3032773014        0.0000000000        0.8869204367        0.1064304524        0.0000000000
       57.0408160000        1.0000000000        1.0000000000     2742.2021310275        0.0000000000        0.8869204367        0.1064304524        0.0000000000
       57.1428570000        1.0000000000        1.0000000000     1858.3567258630        0.0000000000        0.8869204367        0.1064304524        0.0000000000
       57.2448980000        1.0000000000        1.0000000000      864.6974121038        0.0000000000        0.8869204367        0.1064304524        0.0000000000
       57.3469390000        1.0000000000        1.0000000000      354.7780221956        0.0000000000        0.8869204367        0.1064304524        0.0000000000
       57.4489800000        1.0000000000        1.0000000000      236.3088817857        0.0000000000        0.8869204367        0.1064304524        0.0000000000
       57.5510200000        1.0000000000        1.0000000000      411.6106397727        0.0000000000        0.8869204367        0.1064304524        0.0000000000
       57.6530610000        1.0000000000        1.0000000000      928.1796065351        0.0000000000        0.8869204367        0.1064304524        0.0000000000
       57.7551020000        1.0000000000        1.0000000000     1523.8745517003        0.0000000000        0.8869204367        0.1064304524        0.0000000000
       57.8571430000        1.0000000000        1.0000000000     1577.1190616369        0.0000000000        0.8869204367        0.1064304524        0.0000000000
       57.9591840000        1.0000000000        1.0000000000     1034.8835245548        0.0000000000        0.8869204367        0.1064304524        0.0000000000
       58.0612240000        1.0000000000        1.0000000000      482.6667846326        0.0000000000        0.8869204367        0.1064304524        0.0000000000
       58.1632650000        1.0000000000        1.0000000000      209.6576075070        0.0000000000        0.8869204367        0.1064304524        0.0000000000
       58.2653060000        1.0000000000        1.0000000000      114.8414095125        0.0000000000        0.8869204367        0.1064304524        0.0000010351
       58.3673470000        1.0000000000        1.0000000000       80.2383366487        0.0000000000        0.8869204367        0.1064304524        0.0000658191
       58.4693880000        1.0000000000        1.0000000000       63.1732370223        0.0000000000        0.8869204367        0.1064304524        0.0005101588
       58.5714290000        1.0000000000        1.0000000000       52.7128990520        0.0000000000        0.8869204367        0.1064304524        0.0017899853
       58.6734690000        1.0000000000        1.0000000000       45.7728009964        0.0000000000        0.8869204367        0.1064304524        0.0041165653
       58.7755100000        1.0000000000        1.0000000000       41.7195299970        0.0000000000        0.8869204367        0.1064304524        0.0066953394
       58.8775510000        1.0000000000        1.0000000000       41.0180236481        0.0000000000        0.8869204367        0.1064304524        0.0072833611
       58.9795920000        1.0000000000        1.0000000000       42.3319342534        0.0000000000        0.8869204367        0.1064304524        0.0062209534
       59.0816330000        1.0000000000        1.0000000000       41.1088772432        0.0000000000        0.8869204367        0.1064304524        0.0072043860
       59.1836730000        1.0000000000        1.0000000000       35.6629182601        0.0000000000        0.8869204367        0.1064304524        0.0138488900
       59.2857140000        1.0000000000        1.0000000000       29.8248848254        0.0000000000        0.8869204367        0.1064304524        0.0279039736
       59.3877550000        1.0000000000        1.0000000000       26.2178200608        0.0000000000        0.8869204367        0.1064304524        0.0430179242
       59.4897960000        1.0000000000        1.0000000000       24.2503507231        0.0000000000        0.8869204367        0.1064304524        0.0544734372
       59.5918370000        1.0000000000        1.0000000000       22.9298178190        0.0000000000        0.8869204367        0.1064304524        0.0638270538
       59.6938780000        1.0000000000        1.0000000000       21.8682068042        0.0000000000        0.8869204367        0.1064304524        0.0724988328
       59.7959180000        1.0000000000        1.0000000000       20.9594015798        0.0000000000        0.8869204367        0.1064304524        0.0808525471
       59.8979590000        1.0000000000        1.0000000000       20.1643398714        0.0000000000        0.8869204367        0.1064304524        0.0889464492
       60.0000000000        1.0000000000        1.0000000000       19.4605984346        0.0000000000        0.8869204367        0.1064304524        0.0967841718
