       55.0000000000        1.0000000000        1.0000000000        7.4742928693        0.0000000000        0.8869204367        0.1064304524        0.4078258050
       55.1020410000        1.0000000000        1.0000000000        7.5875414673        0.0000000000        0.8869204367        0.1064304524        0.4023210102
       55.2040820000        1.0000000000        1.0000000000        7.7311231494        0.0000000000        0.8869204367        0.1064304524        0.3954484752
       55.3061220000        1.0000000000        1.0000000000        7.9171684630        0.0000000000        0.8869204367        0.1064304524        0.3867177363
       55.4081630000        1.0000000000        1.0000000000        8.1800136961        0.0000000000        0.8869204367        0.1064304524        0.3747104654
       55.5102040000        1.0000000000        1.0000000000        8.6392458897        0.0000000000        0.8869204367        0.1064304524        0.3546196378
       55.6122450000        1.0000000000        1.0000000000        9.5302659194        0.0000000000        0.8869204367        0.1064304524        0.3186595746
       55.7142860000        1.0000000000        1.0000000000       10.8044784771        0.0000000000        0.8869204367        0.1064304524        0.2734770926
       55.8163270000        1.0000000000        1.0000000000       11.7245645824        0.0000000000        0.8869204367        0.1064304524        0.2448896079
       55.9183670000        1.0000000000        1.0000000000       11.9197853342        0.0000000000        0.8869204367        0.1064304524        0.2392193800
       56.0204080000        1.0000000000        1.0000000000       12.1832314327        0.0000000000        0.8869204367        0.1064304524        0.2317751005
       56.1224490000        1.0000000000        1.0000000000       13.2151543002        0.0000000000        0.8869204367        0.1064304524        0.2047801087
       56.2244900000        1.0000000000        1.0000000000       15.1225494007        0.0000000000        0.8869204367        0.1064304524        0.1628858015
       56.3265310000        1.0000000000        1.0000000000       18.0569103921        0.0000000000        0.8869204367        0.1064304524        0.1145402205
       56.4285710000        1.0000000000        1.0000000000       22.5853752143        0.0000000000        0.8869204367        0.1064304524        0.0665205055
       56.5306120000        1.0000000000        1.0000000000       30.0093983304        0.0000000000        0.8869204367        0.1064304524        0.0272929241
       56.6326530000        1.0000000000        1.0000000000       43.6375232791        0.0000000000        0.8869204367        0.1064304524        0.0053188254
       56.7346940000        1.0000000000        1.0000000000       74.8480354553        0.0000000000        0.8869204367        0.1064304524        0.0001256809
       56.8367350000        1.0000000000        1.0000000000      170.7363430204        0.0000000000        0.8869204367        0.1064304524        0.0000000013
       56.9387760000        1.0000000000        1.0000000000      481.1388335514        0.0000000000        0.8869204367        0.1064304524        0.0000000000
       57.0408160000        1.0000000000        1.0000000000     1203.1833240902        0.0000000000        0.8869204367        0.1064304524        0.0000000000
       57.1428570000        1.0000000000        1.0000000000     2088.8860266881        0.0000000000        0.8869204367        0.1064304524        0.0000000000
       57.2448980000        1.0000000000        1.0000000000     2286.8672075166        0.0000000000        0.8869204367        0.1064304524        0.0000000000
       57.3469390000        1.0000000000        1.0000000000     1572.2160491475        0.0000000000        0.8869204367        0.1064304524        0.0000000000
       57.4489800000        1.0000000000        1.0000000000      736.1471844341        0.0000000000        0.8869204367        0.1064304524        0.0000000000
       57.5510200000        1.0000000000        1.0000000000      291.4083619497        0.0000000000        0.8869204367        0.1064304524        0.0000000000
       57.6530610000        1.0000000000        1.0000000000      135.1785728883        0.0000000000        0.8869204367        0.1064304524        0.0000000902
       57.7551020000        1.0000000000        1.0000000000       82.7600820649        0.0000000000        0.8869204367        0.1064304524        0.0000486329
       57.8571430000        1.0000000000        1.0000000000       59.9297694492        0.0000000000        0.8869204367        0.1064304524        0.0007529044
       57.9591840000        1.0000000000        1.0000000000       47.1807578932        0.0000000000        0.8869204367        0.1064304524        0.0034766331
       58.0612240000        1.0000000000        1.0000000000       39.0538705589        0.0000000000        0.8869204367        0.1064304524        0.0092192235
       58.1632650000        1.0000000000        1.0000000000       33.4722128232        0.0000000000        0.8869204367        0.1064304524        0.0180129283
       58.2653060000        1.0000000000        1.0000000000       29.4404152590        0.0000000000        0.8869204367        0.1064304524        0.0292215207
       58.3673470000        1.0000000000        1.0000000000       26.4189525033        0.0000000000        0.8869204367        0.1064304524        0.0419920779
       58.4693880000        1.0000000000        1.0000000000       24.0962215815        0.0000000000        0.8869204367        0.1064304524        0.0554903254
       58.5714290000        1.0000000000        1.0000000000       22.3070963039        0.0000000000        0.8869204367        0.1064304524        0.0687793616
       58.6734690000        1.0000000000        1.0000000000       21.1087948218        0.0000000000        0.8869204367        0.1064304524        0.0794160033
       58.7755100000        1.0000000000        1.0000000000       21.1319029982        0.0000000000        0.8869204367        0.1064304524        0.0791960892
       58.8775510000        1.0000000000        1.0000000000       23.4484417727        0.0000000000        0.8869204367        0.1064304524        0.0599758671
       58.9795920000        1.0000000000        1.0000000000       27.0200646779        0.0000000000        0.8869204367        0.1064304524        0.0390697112
       59.0816330000        1.0000000000        1.0000000000       27.5044190370        0.0000000000        0.8869204367        0.1064304524        0.0368636140
       59.1836730000        1.0000000000        1.0000000000       23.4410896540        0.0000000000        0.8869204367        0.1064304524        0.0600288044
       59.2857140000        1.0000000000        1.0000000000       18.7994041043        0.0000000000        0.8869204367        0.1064304524        0.1047762146
       59.3877550000        1.0000000000        1.0000000000       16.2237465311        0.0000000000        0.8869204367        0.1064304524        0.1427230009
       59.4897960000        1.0000000000        1.0000000000       15.1292247217        0.0000000000        0.8869204367        0.1064304524        0.1627553759
       59.5918370000        1.0000000000        1.0000000000       14.5498987597        0.0000000000        0.8869204367        0.1064304524        0.1744725509
       59.6938780000        1.0000000000        1.0000000000       14.1254070540        0.0000000000        0.8869204367        0.1064304524        0.1835902611
       59.7959180000        1.0000000000        1.0000000000       13.7703343068        0.0000000000        0.8869204367        0.1064304524        0.1915818557
       59.8979590000        1.0000000000        1.0000000000       13.4608420318        0.0000000000        0.8869204367        0.1064304524        0.1988308046
       60.0000000000        1.0000000000        1.0000000000       13.1860978522        0.0000000000        0.8869204367        0.1064304524        0.2054953769
