       55.0000000000        1.0000000000        1.0000000000        7.5295522102        0.0000000000        0.8869204367        0.1064304524        0.4051304094
       55.1020410000        1.0000000000        1.0000000000        7.5504244652        0.0000000000        0.8869204367        0.1064304524        0.4041169609
       55.2040820000        1.0000000000        1.0000000000        7.5803208865        0.0000000000        0.8869204367        0.1064304524        0.4026697603
       55.3061220000        1.0000000000        1.0000000000        7.6255221537        0.0000000000        0.8869204367        0.1064304524        0.4004915311
       55.4081630000        1.0000000000        1.0000000000        7.7123845847        0.0000000000        0.8869204367        0.1064304524        0.3963386921
       55.5102040000        1.0000000000        1.0000000000        7.9498083697        0.0000000000        0.8869204367        0.1064304524        0.3852060071
       55.6122450000        1.0000000000        1.0000000000        8.5606469441        0.0000000000        0.8869204367        0.1064304524        0.3579801886
       55.7142860000        1.0000000000        1.0000000000        9.4820501258        0.0000000000        0.8869204367        0.1064304524        0.3205086496
       55.8163270000        1.0000000000        1.0000000000        9.9494911491        0.0000000000        0.8869204367        0.1064304524        0.3030253123
       55.9183670000        1.0000000000        1.0000000000        9.5398615944        0.0000000000        0.8869204367        0.1064304524        0.3182928553
       56.0204080000        1.0000000000        1.0000000000        8.9746222034        0.0000000000        0.8869204367        0.1064304524        0.3406312843
       56.1224490000        1.0000000000        1.0000000000        8.8548286482        0.0000000000        0.8869204367        0.1064304524        0.3455633007
       56.2244900000        1.0000000000        1.0000000000        9.1217992182        0.0000000000        0.8869204367        0.1064304524        0.3346681262
       56.3265310000        1.0000000000        1.0000000000        9.6288798682        0.0000000000        0.8869204367        0.1064304524        0.3149108852
       56.4285710000        1.0000000000        1.0000000000       10.3788851899        0.0000000000        0.8869204367        0.1064304524        0.2878066948
       56.5306120000        1.0000000000        1.0000000000       11.4805998874        0.0000000000        0.8869204367        0.1064304524        0.2521649136
       56.6326530000        1.0000000000        1.0000000000       13.1524295205        0.0000000000        0.8869204367        0.1064304524        0.2063272987
       56.7346940000        1.0000000000        1.0000000000       15.8262397498        0.0000000000        0.8869204367        0.1064304524        0.1496959907
       56.8367350000        1.0000000000        1.0000000000       20.4834161103        0.0000000000        0.8869204367        0.1064304524        0.0856051415
       56.9387760000        1.0000000000        1.0000000000       30.1268742015        0.0000000000        0.8869204367        0.1064304524        0.0269108722
       57.0408160000        1.0000000000        1.0000000000       57.6967562527        0.0000000000        0.8869204367        0.1064304524        0.0009842696
       57.1428570000        1.0000000000        1.0000000000      156.8305825226        0.0000000000        0.8869204367        0.1064304524        0.0000000067
       57.2448980000        1.0000000000        1.0000000000      454.1635417617        0.0000000000        0.8869204367        0.1064304524        0.0000000000
       57.3469390000        1.0000000000        1.0000000000      982.8210484718        0.0000000000        0.8869204367        0.1064304524        0.0000000000
       57.4489800000        1.0000000000        1.0000000000     1357.6959552663        0.0000000000        0.8869204367        0.1064304524        0.0000000000
       57.5510200000        1.0000000000        1.0000000000     1149.6400790367        0.0000000000        0.8869204367        0.1064304524        0.0000000000
       57.6530610000        1.0000000000        1.0000000000      619.2985707267        0.0000000000        0.8869204367        0.1064304524        0.0000000000
       57.7551020000        1.0000000000        1.0000000000      245.4003180403        0.0000000000        0.8869204367        0.1064304524        0.0000000000
       57.8571430000        1.0000000000        1.0000000000       99.2646775126        0.0000000000        0.8869204367        0.1064304524        0.0000067110
       57.9591840000        1.0000000000        1.0000000000       54.6805331462        0.0000000000        0.8869204367        0.1064304524        0.0014135317
       58.0612240000        1.0000000000        1.0000000000       38.5734848024        0.0000000000        0.8869204367        0.1064304524        0.0097662943
       58.1632650000        1.0000000000        1.0000000000       30.4985724545        0.0000000000        0.8869204367        0.1064304524        0.0257369212
       58.2653060000        1.0000000000        1.0000000000       25.5948602712        0.0000000000        0.8869204367        0.1064304524        0.0463569880
       58.3673470000        1.0000000000        1.0000000000       22.3261641246        0.0000000000        0.8869204367        0.1064304524        0.0686221648
       58.4693880000        1.0000000000        1.0000000000       20.0255795086        0.0000000000        0.8869204367        0.1064304524        0.0904399177
       58.5714290000        1.0000000000        1.0000000000       18.3776042475        0.0000000000        0.8869204367        0.1064304524        0.1102160763
       58.6734690000        1.0000000000        1.0000000000       17.3713304743        0.0000000000        0.8869204367        0.1064304524        0.1243618700
       58.7755100000        1.0000000000        1.0000000000       17.6048234835        0.0000000000        0.8869204367        0.1064304524        0.1209257186
       58.8775510000        1.0000000000        1.0000000000       20.1273424662        0.0000000000        0.8869204367        0.1064304524        0.0893422217
       58.9795920000        1.0000000000        1.0000000000       23.8766149278        0.0000000000        0.8869204367        0.1064304524        0.0569720894
       59.0816330000        1.0000000000        1.0000000000       24.5066179357        0.0000000000        0.8869204367        0.1064304524        0.0528237620
       59.1836730000        1.0000000000        1.0000000000       20.5844929107        0.0000000000        0.8869204367        0.1064304524        0.0845730899
       59.2857140000        1.0000000000        1.0000000000       16.0944983679        0.0000000000        0.8869204367        0.1064304524        0.1449538585
       59.3877550000        1.0000000000        1.0000000000       13.6686105232        0.0000000000        0.8869204367        0.1064304524        0.1939347992
       59.4897960000        1.0000000000        1.0000000000       12.7111675383        0.0000000000        0.8869204367        0.1064304524        0.2175470555
       59.5918370000        1.0000000000        1.0000000000       12.2555903806        0.0000000000        0.8869204367        0.1064304524        0.2297712924
       59.6938780000        1.0000000000        1.0000000000       11.9436507870        0.0000000000        0.8869204367        0.1064304524        0.2385352706
       59.7959180000        1.0000000000        1.0000000000       11.6916134396        0.0000000000        0.8869204367        0.1064304524        0.2458598520
       59.8979590000        1.0000000000        1.0000000000       11.4768296697        0.0000000000        0.8869204367        0.1064304524        0.2522790254
       60.0000000000        1.0000000000        1.0000000000       11.2893996336        0.0000000000        0.8869204367        0.1064304524        0.2580174770
