       55.0000000000        1.0000000000        1.0000000000        7.3971037124        0.0000000000        0.8869204367        0.1064304524        0.4116209220
       55.1020410000        1.0000000000        1.0000000000        7.5396483328        0.0000000000        0.8869204367        0.1064304524        0.4046398770
       55.2040820000        1.0000000000        1.0000000000        7.7155433562        0.0000000000        0.8869204367        0.1064304524        0.3961884874
       55.3061220000        1.0000000000        1.0000000000        7.9368790167        0.0000000000        0.8869204367        0.1064304524        0.3858041267
       55.4081630000        1.0000000000        1.0000000000        8.2377343681        0.0000000000        0.8869204367        0.1064304524        0.3721240085
       55.5102040000        1.0000000000        1.0000000000        8.7369135724        0.0000000000        0.8869204367        0.1064304524        0.3504877130
       55.6122450000        1.0000000000        1.0000000000        9.6673059806        0.0000000000        0.8869204367        0.1064304524        0.3134621319
       55.7142860000        1.0000000000        1.0000000000       10.9746678183        0.0000000000        0.8869204367        0.1064304524        0.2679485919
       55.8163270000        1.0000000000        1.0000000000       11.9149083756        0.0000000000        0.8869204367        0.1064304524        0.2393594205
       55.9183670000        1.0000000000        1.0000000000       12.1102818890        0.0000000000        0.8869204367        0.1064304524        0.2338129536
       56.0204080000        1.0000000000        1.0000000000       12.3365368541        0.0000000000        0.8869204367        0.1064304524        0.2275501962
       56.1224490000        1.0000000000        1.0000000000       13.2546839526        0.0000000000        0.8869204367        0.1064304524        0.2038110226
       56.2244900000        1.0000000000        1.0000000000       14.8986202699        0.0000000000        0.8869204367        0.1064304524        0.1673221250
       56.3265310000        1.0000000000        1.0000000000       17.2758928801        0.0000000000        0.8869204367        0.1064304524        0.1257943126
       56.4285710000        1.0000000000        1.0000000000       20.6435458492        0.0000000000        0.8869204367        0.1064304524        0.0839758936
       56.5306120000        1.0000000000        1.0000000000       25.5496717385        0.0000000000        0.8869204367        0.1064304524        0.0466090473
       56.6326530000        1.0000000000        1.0000000000       33.0318332095        0.0000000000        0.8869204367        0.1064304524        0.0189904324
       56.7346940000        1.0000000000        1.0000000000       45.2397652119        0.0000000000        0.8869204367        0.1064304524        0.0043884823
       56.8367350000        1.0000000000        1.0000000000       67.5741262807        0.0000000000        0.8869204367        0.1064304524        0.0003008511
       56.9387760000        1.0000000000        1.0000000000      118.0899327710        0.0000000000        0.8869204367        0.1064304524        0.0000007010
       57.0408160000        1.0000000000        1.0000000000      266.6078656829        0.0000000000        0.8869204367        0.1064304524        0.0000000000
       57.1428570000        1.0000000000        1.0000000000      716.6431957732        0.0000000000        0.8869204367        0.1064304524        0.0000000000
       57.2448980000        1.0000000000        1.0000000000     1699.0278228030        0.0000000000        0.8869204367        0.1064304524        0.0000000000
       57.3469390000        1.0000000000        1.0000000000     2832.7362561049        0.0000000000        0.8869204367        0.1064304524        0.0000000000
       57.4489800000        1.0000000000        1.0000000000     3029.6963240238        0.0000000000        0.8869204367        0.1064304524        0.0000000000
       57.5510200000        1.0000000000        1.0000000000     2075.2400497876        0.0000000000        0.8869204367        0.1064304524        0.0000000000
       57.6530610000        1.0000000000        1.0000000000      991.1357317849        0.0000000000        0.8869204367        0.1064304524        0.0000000000
       57.7551020000        1.0000000000        1.0000000000      408.1864787516        0.0000000000        0.8869204367        0.1064304524        0.0000000000
       57.8571430000        1.0000000000        1.0000000000      194.9421295724        0.0000000000        0.8869204367        0.1064304524        0.0000000001
       57.9591840000        1.0000000000        1.0000000000      119.4329904356        0.0000000000        0.8869204367        0.1064304524        0.0000005966
       58.0612240000        1.0000000000        1.0000000000       85.4940933955        0.0000000000        0.8869204367        0.1064304524        0.0000350305
       58.1632650000        1.0000000000        1.0000000000       66.3705832246        0.0000000000        0.8869204367        0.1064304524        0.0003475959
       58.2653060000        1.0000000000        1.0000000000       54.1549401454        0.0000000000        0.8869204367        0.1064304524        0.0015055563
       58.3673470000        1.0000000000        1.0000000000       45.7643629680        0.0000000000        0.8869204367        0.1064304524        0.0041207357
       58.4693880000        1.0000000000        1.0000000000       39.7141978640        0.0000000000        0.8869204367        0.1064304524        0.0085168924
       58.5714290000        1.0000000000        1.0000000000       35.2232013465        0.0000000000        0.8869204367        0.1064304524        0.0145992640
       58.6734690000        1.0000000000        1.0000000000       31.9962969207        0.0000000000        0.8869204367        0.1064304524        0.0215031546
       58.7755100000        1.0000000000        1.0000000000       30.4508975126        0.0000000000        0.8869204367        0.1064304524        0.0258845840
       58.8775510000        1.0000000000        1.0000000000       31.5348547882        0.0000000000        0.8869204367        0.1064304524        0.0227274332
       58.9795920000        1.0000000000        1.0000000000       34.1470132032        0.0000000000        0.8869204367        0.1064304524        0.0166118068
       59.0816330000        1.0000000000        1.0000000000       33.8849480906        0.0000000000        0.8869204367        0.1064304524        0.0171425128
       59.1836730000        1.0000000000        1.0000000000       29.2003606829        0.0000000000        0.8869204367        0.1064304524        0.0300755334
       59.2857140000        1.0000000000        1.0000000000       24.0078461207        0.0000000000        0.8869204367        0.1064304524        0.0560819349
       59.3877550000        1.0000000000        1.0000000000       20.9495118427        0.0000000000        0.8869204367        0.1064304524        0.0809485573
       59.4897960000        1.0000000000        1.0000000000       19.4421454513        0.0000000000        0.8869204367        0.1064304524        0.0969987241
       59.5918370000        1.0000000000        1.0000000000       18.5095745455        0.0000000000        0.8869204367        0.1064304524        0.1084843945
       59.6938780000        1.0000000000        1.0000000000       17.7796554161        0.0000000000        0.8869204367        0.1064304524        0.1184151451
       59.7959180000        1.0000000000        1.0000000000       17.1579631603        0.0000000000        0.8869204367        0.1064304524        0.1275871550
       59.8979590000        1.0000000000        1.0000000000       16.6139333201        0.0000000000        0.8869204367        0.1064304524        0.1361944005
       60.0000000000        1.0000000000        1.0000000000       16.1315306200        0.0000000000        0.8869204367        0.1064304524        0.1443111316
