       55.0000000000        1.0000000000        1.0000000000        9.8384764356        0.0000000000        0.8869204367        0.1064304524        0.3070891532
       55.1020410000        1.0000000000        1.0000000000       10.5713318632        0.0000000000        0.8869204367        0.1064304524        0.2812363602
       55.2040820000        1.0000000000        1.0000000000       11.4989813684        0.0000000000        0.8869204367        0.1064304524        0.2516093068
       55.3061220000        1.0000000000        1.0000000000       12.6926853471        0.0000000000        0.8869204367        0.1064304524        0.2180300805
       55.4081630000        1.0000000000        1.0000000000       14.2746374519        0.0000000000        0.8869204367        0.1064304524        0.1803318536
       55.5102040000        1.0000000000        1.0000000000       16.4977655134        0.0000000000        0.8869204367        0.1064304524        0.1381062639
       55.6122450000        1.0000000000        1.0000000000       19.8022208647        0.0000000000        0.8869204367        0.1064304524        0.0928967606
       55.7142860000        1.0000000000        1.0000000000       24.4699878661        0.0000000000        0.8869204367        0.1064304524        0.0530564656
       55.8163270000        1.0000000000        1.0000000000       30.3726827012        0.0000000000        0.8869204367        0.1064304524        0.0261286746
       55.9183670000        1.0000000000        1.0000000000       38.3317199020        0.0000000000        0.8869204367        0.1064304524        0.0100537821
       56.0204080000        1.0000000000        1.0000000000       51.6872761851        0.0000000000        0.8869204367        0.1064304524        0.0020244178
       56.1224490000        1.0000000000        1.0000000000       78.0943674533        0.0000000000        0.8869204367        0.1064304524        0.0000851306
       56.2244900000        1.0000000000        1.0000000000      143.0889710095        0.0000000000        0.8869204367        0.1064304524        0.0000000349
       56.3265310000        1.0000000000        1.0000000000      343.9163258135        0.0000000000        0.8869204367        0.1064304524        0.0000000000
       56.4285710000        1.0000000000        1.0000000000      918.1944602989        0.0000000000        0.8869204367        0.1064304524        0.0000000000
       56.5306120000        1.0000000000        1.0000000000     1984.5478253803        0.0000000000        0.8869204367        0.1064304524        0.0000000000
       56.6326530000        1.0000000000        1.0000000000     2878.2959748421        0.0000000000        0.8869204367        0.1064304524        0.0000000000
       56.7346940000        1.0000000000        1.0000000000     2629.7304725203        0.0000000000        0.8869204367        0.1064304524        0.0000000000
       56.8367350000        1.0000000000        1.0000000000     1545.9682427467        0.0000000000        0.8869204367        0.1064304524        0.0000000000
       56.9387760000        1.0000000000        1.0000000000      660.2253822192        0.0000000000        0.8869204367        0.1064304524        0.0000000000
       57.0408160000        1.0000000000        1.0000000000      266.5027274407        0.0000000000        0.8869204367        0.1064304524        0.0000000000
       57.1428570000        1.0000000000        1.0000000000      134.4772244204        0.0000000000        0.8869204367        0.1064304524        0.0000000981
       57.2448980000        1.0000000000        1.0000000000       86.7415734135        0.0000000000        0.8869204367        0.1064304524        0.0000301602
       57.3469390000        1.0000000000        1.0000000000       65.0693040322        0.0000000000        0.8869204367        0.1064304524        0.0004063416
       57.4489800000        1.0000000000        1.0000000000       54.8678964188        0.0000000000        0.8869204367        0.1064304524        0.0013821050
       57.5510200000        1.0000000000        1.0000000000       54.1147555363        0.0000000000        0.8869204367        0.1064304524        0.0015128339
       57.6530610000        1.0000000000        1.0000000000       73.7906303401        0.0000000000        0.8869204367        0.1064304524        0.0001426844
       57.7551020000        1.0000000000        1.0000000000      167.2876381465        0.0000000000        0.8869204367        0.1064304524        0.0000000019
       57.8571430000        1.0000000000        1.0000000000      461.2140124844        0.0000000000        0.8869204367        0.1064304524        0.0000000000
       57.9591840000        1.0000000000        1.0000000000      987.6184111263        0.0000000000        0.8869204367        0.1064304524        0.0000000000
       58.0612240000        1.0000000000        1.0000000000     1365.6665590424        0.0000000000        0.8869204367        0.1064304524        0.0000000000
       58.1632650000        1.0000000000        1.0000000000     1170.4368353008        0.0000000000        0.8869204367        0.1064304524        0.0000000000
       58.2653060000        1.0000000000        1.0000000000      650.2085929880        0.0000000000        0.8869204367        0.1064304524        0.0000000000
       58.3673470000        1.0000000000        1.0000000000      275.1930273564        0.0000000000        0.8869204367        0.1064304524        0.0000000000
       58.4693880000        1.0000000000        1.0000000000      123.4427846994        0.0000000000        0.8869204367        0.1064304524        0.0000003688
       58.5714290000        1.0000000000        1.0000000000       74.4349904391        0.0000000000        0.8869204367        0.1064304524        0.0001320673
       58.6734690000        1.0000000000        1.0000000000       55.6749532425        0.0000000000        0.8869204367        0.1064304524        0.0012545299
       58.7755100000        1.0000000000        1.0000000000       46.7648725564        0.0000000000        0.8869204367        0.1064304524        0.0036545412
       58.8775510000        1.0000000000        1.0000000000       43.6196272474        0.0000000000        0.8869204367        0.1064304524        0.0053302600
       58.9795920000        1.0000000000        1.0000000000       43.5806413220        0.0000000000        0.8869204367        0.1064304524        0.0053552550
       59.0816330000        1.0000000000        1.0000000000       41.5657125465        0.0000000000        0.8869204367        0.1064304524        0.0068200703
       59.1836730000        1.0000000000        1.0000000000       35.6435746613        0.0000000000        0.8869204367        0.1064304524        0.0138810739
       59.2857140000        1.0000000000        1.0000000000       29.5175684771        0.0000000000        0.8869204367        0.1064304524        0.0289522251
       59.3877550000        1.0000000000        1.0000000000       25.7366813235        0.0000000000        0.8869204367        0.1064304524        0.0455747356
       59.4897960000        1.0000000000        1.0000000000       23.6659584671        0.0000000000        0.8869204367        0.1064304524        0.0584306314
       59.5918370000        1.0000000000        1.0000000000       22.2870202997        0.0000000000        0.8869204367        0.1064304524        0.0689452591
       59.6938780000        1.0000000000        1.0000000000       21.1961042995        0.0000000000        0.8869204367        0.1064304524        0.0785882945
       59.7959180000        1.0000000000        1.0000000000       20.2770252655        0.0000000000        0.8869204367        0.1064304524        0.0877517888
       59.8979590000        1.0000000000        1.0000000000       19.4841394022        0.0000000000        0.8869204367        0.1064304524        0.0965111505
       60.0000000000        1.0000000000        1.0000000000       18.7906590801        0.0000000000        0.8869204367        0.1064304524        0.1048862248
