       55.0000000000        1.0000000000        1.0000000000        8.2364510847        0.0000000000        0.8869204367        0.1064304524        0.3721813177
       55.1020410000        1.0000000000        1.0000000000        8.5639556484        0.0000000000        0.8869204367        0.1064304524        0.3578380827
       55.2040820000        1.0000000000        1.0000000000        8.9455482987        0.0000000000        0.8869204367        0.1064304524        0.3418217776
       55.3061220000        1.0000000000        1.0000000000        9.3957477500        0.0000000000        0.8869204367        0.1064304524        0.3238451758
       55.4081630000        1.0000000000        1.0000000000        9.9514256764        0.0000000000        0.8869204367        0.1064304524        0.3029549752
       55.5102040000        1.0000000000        1.0000000000       10.7340290351        0.0000000000        0.8869204367        0.1064304524        0.2757988498
       55.6122450000        1.0000000000        1.0000000000       11.9754843274        0.0000000000        0.8869204367        0.1064304524        0.2376257982
       55.7142860000        1.0000000000        1.0000000000       13.6136507597        0.0000000000        0.8869204367        0.1064304524        0.1952180595
       55.8163270000        1.0000000000        1.0000000000       14.9012529802        0.0000000000        0.8869204367        0.1064304524        0.1672692720
       55.9183670000        1.0000000000        1.0000000000       15.4716821331        0.0000000000        0.8869204367        0.1064304524        0.1562025282
       56.0204080000        1.0000000000        1.0000000000       16.1002221966        0.0000000000        0.8869204367        0.1064304524        0.1448543298
       56.1224490000        1.0000000000        1.0000000000       17.4187114801        0.0000000000        0.8869204367        0.1064304524        0.1236567895
       56.2244900000        1.0000000000        1.0000000000       19.4110207955        0.0000000000        0.8869204367        0.1064304524        0.0973616877
       56.3265310000        1.0000000000        1.0000000000       22.0003930534        0.0000000000        0.8869204367        0.1064304524        0.0713579038
       56.4285710000        1.0000000000        1.0000000000       25.2816580806        0.0000000000        0.8869204367        0.1064304524        0.0481324367
       56.5306120000        1.0000000000        1.0000000000       29.4754164080        0.0000000000        0.8869204367        0.1064304524        0.0290990437
       56.6326530000        1.0000000000        1.0000000000       34.9233100100        0.0000000000        0.8869204367        0.1064304524        0.0151342150
       56.7346940000        1.0000000000        1.0000000000       42.1469140843        0.0000000000        0.8869204367        0.1064304524        0.0063606183
       56.8367350000        1.0000000000        1.0000000000       51.9694253925        0.0000000000        0.8869204367        0.1064304524        0.0019570226
       56.9387760000        1.0000000000        1.0000000000       65.7524157294        0.0000000000        0.8869204367        0.1064304524        0.0003743610
       57.0408160000        1.0000000000        1.0000000000       85.8897732063        0.0000000000        0.8869204367        0.1064304524        0.0000334061
       57.1428570000        1.0000000000        1.0000000000      116.9686231230        0.0000000000        0.8869204367        0.1064304524        0.0000008019
       57.2448980000        1.0000000000        1.0000000000      169.0043712431        0.0000000000        0.8869204367        0.1064304524        0.0000000016
       57.3469390000        1.0000000000        1.0000000000      268.3547208303        0.0000000000        0.8869204367        0.1064304524        0.0000000000
       57.4489800000        1.0000000000        1.0000000000      496.8716099145        0.0000000000        0.8869204367        0.1064304524        0.0000000000
       57.5510200000        1.0000000000        1.0000000000     1090.1550695881        0.0000000000        0.8869204367        0.1064304524        0.0000000000
       57.6530610000        1.0000000000        1.0000000000     2444.8708864655        0.0000000000        0.8869204367        0.1064304524        0.0000000000
       57.7551020000        1.0000000000        1.0000000000     4491.5189159315        0.0000000000        0.8869204367        0.1064304524        0.0000000000
       57.8571430000        1.0000000000        1.0000000000     5846.4750680388        0.0000000000        0.8869204367        0.1064304524        0.0000000000
       57.9591840000        1.0000000000        1.0000000000     5146.7125032752        0.0000000000        0.8869204367        0.1064304524        0.0000000000
       58.0612240000        1.0000000000        1.0000000000     3169.6333487875        0.0000000000        0.8869204367        0.1064304524        0.0000000000
       58.1632650000        1.0000000000        1.0000000000     1550.3276221393        0.0000000000        0.8869204367        0.1064304524        0.0000000000
       58.2653060000        1.0000000000        1.0000000000      744.9518301903        0.0000000000        0.8869204367        0.1064304524        0.0000000000
       58.3673470000        1.0000000000        1.0000000000      417.6838544386        0.0000000000        0.8869204367        0.1064304524        0.0000000000
       58.4693880000        1.0000000000        1.0000000000      275.1029374855        0.0000000000        0.8869204367        0.1064304524        0.0000000000
       58.5714290000        1.0000000000        1.0000000000      200.4951052657        0.0000000000        0.8869204367        0.1064304524        0.0000000000
       58.6734690000        1.0000000000        1.0000000000      155.5786104338        0.0000000000        0.8869204367        0.1064304524        0.0000000078
       58.7755100000        1.0000000000        1.0000000000      126.8452155358        0.0000000000        0.8869204367        0.1064304524        0.0000002451
       58.8775510000        1.0000000000        1.0000000000      109.1250329730        0.0000000000        0.8869204367        0.1064304524        0.0000020555
       58.9795920000        1.0000000000        1.0000000000       98.3044608216        0.0000000000        0.8869204367        0.1064304524        0.0000075306
       59.0816330000        1.0000000000        1.0000000000       88.2053263380        0.0000000000        0.8869204367        0.1064304524        0.0000253017
       59.1836730000        1.0000000000        1.0000000000       75.9599527574        0.0000000000        0.8869204367        0.1064304524        0.0001099819
       59.2857140000        1.0000000000        1.0000000000       64.6620202207        0.0000000000        0.8869204367        0.1064304524        0.0004266944
       59.3877550000        1.0000000000        1.0000000000       56.6128773413        0.0000000000        0.8869204367        0.1064304524        0.0011209875
       59.4897960000        1.0000000000        1.0000000000       51.0301071060        0.0000000000        0.8869204367        0.1064304524        0.0021905276
       59.5918370000        1.0000000000        1.0000000000       46.7401836964        0.0000000000        0.8869204367        0.1064304524        0.0036653845
       59.6938780000        1.0000000000        1.0000000000       43.2071744208        0.0000000000        0.8869204367        0.1064304524        0.0056007154
       59.7959180000        1.0000000000        1.0000000000       40.2165067285        0.0000000000        0.8869204367        0.1064304524        0.0080186852
       59.8979590000        1.0000000000        1.0000000000       37.6495648699        0.0000000000        0.8869204367        0.1064304524        0.0109113932
       60.0000000000        1.0000000000        1.0000000000       35.4242117502        0.0000000000        0.8869204367        0.1064304524        0.0142513248
