       55.0000000000        1.0000000000        1.0000000000        8.7765618337        0.0000000000        0.8869204367        0.1064304524        0.3488241263
       55.1020410000        1.0000000000        1.0000000000        9.2312475808        0.0000000000        0.8869204367        0.1064304524        0.3303013994
       55.2040820000        1.0000000000        1.0000000000        9.8082395592        0.0000000000        0.8869204367        0.1064304524        0.3082054271
       55.3061220000        1.0000000000        1.0000000000       10.5519414009        0.0000000000        0.8869204367        0.1064304524        0.2818915185
       55.4081630000        1.0000000000        1.0000000000       11.5438274305        0.0000000000        0.8869204367        0.1064304524        0.2502589013
       55.5102040000        1.0000000000        1.0000000000       12.9734033433        0.0000000000        0.8869204367        0.1064304524        0.2108078126
       55.6122450000        1.0000000000        1.0000000000       15.1798873114        0.0000000000        0.8869204367        0.1064304524        0.1617689045
       55.7142860000        1.0000000000        1.0000000000       18.2749567610        0.0000000000        0.8869204367        0.1064304524        0.1115820805
       55.8163270000        1.0000000000        1.0000000000       21.8033833930        0.0000000000        0.8869204367        0.1064304524        0.0730649865
       55.9183670000        1.0000000000        1.0000000000       25.9115433421        0.0000000000        0.8869204367        0.1064304524        0.0446283844
       56.0204080000        1.0000000000        1.0000000000       32.3626415478        0.0000000000        0.8869204367        0.1064304524        0.0205783241
       56.1224490000        1.0000000000        1.0000000000       43.9341637972        0.0000000000        0.8869204367        0.1064304524        0.0051328221
       56.2244900000        1.0000000000        1.0000000000       66.2570642382        0.0000000000        0.8869204367        0.1064304524        0.0003523633
       56.3265310000        1.0000000000        1.0000000000      119.2974437171        0.0000000000        0.8869204367        0.1064304524        0.0000006064
       56.4285710000        1.0000000000        1.0000000000      281.5002119799        0.0000000000        0.8869204367        0.1064304524        0.0000000000
       56.5306120000        1.0000000000        1.0000000000      767.1319701554        0.0000000000        0.8869204367        0.1064304524        0.0000000000
       56.6326530000        1.0000000000        1.0000000000     1760.6648474323        0.0000000000        0.8869204367        0.1064304524        0.0000000000
       56.7346940000        1.0000000000        1.0000000000     2763.5041976672        0.0000000000        0.8869204367        0.1064304524        0.0000000000
       56.8367350000        1.0000000000        1.0000000000     2747.3394554770        0.0000000000        0.8869204367        0.1064304524        0.0000000000
       56.9387760000        1.0000000000        1.0000000000     1748.7199620917        0.0000000000        0.8869204367        0.1064304524        0.0000000000
       57.0408160000        1.0000000000        1.0000000000      791.6362423398        0.0000000000        0.8869204367        0.1064304524        0.0000000000
       57.1428570000        1.0000000000        1.0000000000      324.8987549230        0.0000000000        0.8869204367        0.1064304524        0.0000000000
       57.2448980000        1.0000000000        1.0000000000      161.7337725143        0.0000000000        0.8869204367        0.1064304524        0.0000000037
       57.3469390000        1.0000000000        1.0000000000      102.7620161593        0.0000000000        0.8869204367        0.1064304524        0.0000044109
       57.4489800000        1.0000000000        1.0000000000       75.0673908511        0.0000000000        0.8869204367        0.1064304524        0.0001224158
       57.5510200000        1.0000000000        1.0000000000       59.0327977101        0.0000000000        0.8869204367        0.1064304524        0.0008384667
       57.6530610000        1.0000000000        1.0000000000       48.6338053247        0.0000000000        0.8869204367        0.1064304524        0.0029203359
       57.7551020000        1.0000000000        1.0000000000       41.4148792608        0.0000000000        0.8869204367        0.1064304524        0.0069446374
       57.8571430000        1.0000000000        1.0000000000       36.1586387921        0.0000000000        0.8869204367        0.1064304524        0.0130490929
       57.9591840000        1.0000000000        1.0000000000       32.1904276238        0.0000000000        0.8869204367        0.1064304524        0.0210080136
       58.0612240000        1.0000000000        1.0000000000       29.1079846170        0.0000000000        0.8869204367        0.1064304524        0.0304107792
       58.1632650000        1.0000000000        1.0000000000       26.6580007746        0.0000000000        0.8869204367        0.1064304524        0.0408046149
       58.2653060000        1.0000000000        1.0000000000       24.6744841995        0.0000000000        0.8869204367        0.1064304524        0.0517703284
       58.3673470000        1.0000000000        1.0000000000       23.0459514298        0.0000000000        0.8869204367        0.1064304524        0.0629437272
       58.4693880000        1.0000000000        1.0000000000       21.6997231796        0.0000000000        0.8869204367        0.1064304524        0.0739795347
       58.5714290000        1.0000000000        1.0000000000       20.6119665594        0.0000000000        0.8869204367        0.1064304524        0.0842947252
       58.6734690000        1.0000000000        1.0000000000       19.9273156224        0.0000000000        0.8869204367        0.1064304524        0.0915126674
       58.7755100000        1.0000000000        1.0000000000       20.3325697728        0.0000000000        0.8869204367        0.1064304524        0.0871688381
       58.8775510000        1.0000000000        1.0000000000       22.9376928309        0.0000000000        0.8869204367        0.1064304524        0.0637667656
       58.9795920000        1.0000000000        1.0000000000       26.7312598300        0.0000000000        0.8869204367        0.1064304524        0.0404474702
       59.0816330000        1.0000000000        1.0000000000       27.3887892931        0.0000000000        0.8869204367        0.1064304524        0.0373786828
       59.1836730000        1.0000000000        1.0000000000       23.4597320588        0.0000000000        0.8869204367        0.1064304524        0.0598946648
       59.2857140000        1.0000000000        1.0000000000       18.9210755180        0.0000000000        0.8869204367        0.1064304524        0.1032575360
       59.3877550000        1.0000000000        1.0000000000       16.4251249839        0.0000000000        0.8869204367        0.1064304524        0.1393153796
       59.4897960000        1.0000000000        1.0000000000       15.3930527751        0.0000000000        0.8869204367        0.1064304524        0.1576833560
       59.5918370000        1.0000000000        1.0000000000       14.8628282208        0.0000000000        0.8869204367        0.1064304524        0.1680423267
       59.6938780000        1.0000000000        1.0000000000       14.4768428070        0.0000000000        0.8869204367        0.1064304524        0.1760088261
       59.7959180000        1.0000000000        1.0000000000       14.1518135065        0.0000000000        0.8869204367        0.1064304524        0.1830094257
       59.8979590000        1.0000000000        1.0000000000       13.8655820175        0.0000000000        0.8869204367        0.1064304524        0.1894045942
       60.0000000000        1.0000000000        1.0000000000       13.6086403700        0.0000000000        0.8869204367        0.1064304524        0.1953354691
