       55.0000000000        1.0000000000        1.0000000000        7.6418391936        0.0000000000        0.8869204367        0.1064304524        0.3997081180
       55.1020410000        1.0000000000        1.0000000000        7.8435247798        0.0000000000        0.8869204367        0.1064304524        0.3901503998
       55.2040820000        1.0000000000        1.0000000000        8.0939255073        0.0000000000        0.8869204367        0.1064304524        0.3786015066
       55.3061220000        1.0000000000        1.0000000000        8.4099537791        0.0000000000        0.8869204367        0.1064304524        0.3645124931
       55.4081630000        1.0000000000        1.0000000000        8.8324004892        0.0000000000        0.8869204367        0.1064304524        0.3464945952
       55.5102040000        1.0000000000        1.0000000000        9.4894361747        0.0000000000        0.8869204367        0.1064304524        0.3202247004
       55.6122450000        1.0000000000        1.0000000000       10.6266592248        0.0000000000        0.8869204367        0.1064304524        0.2793753371
       55.7142860000        1.0000000000        1.0000000000       12.2073386686        0.0000000000        0.8869204367        0.1064304524        0.2311055745
       55.8163270000        1.0000000000        1.0000000000       13.5158825511        0.0000000000        0.8869204367        0.1064304524        0.1975218819
       55.9183670000        1.0000000000        1.0000000000       14.2219360148        0.0000000000        0.8869204367        0.1064304524        0.1814759172
       56.0204080000        1.0000000000        1.0000000000       15.1739639673        0.0000000000        0.8869204367        0.1064304524        0.1618839310
       56.1224490000        1.0000000000        1.0000000000       17.1496623108        0.0000000000        0.8869204367        0.1064304524        0.1277143081
       56.2244900000        1.0000000000        1.0000000000       20.3850478606        0.0000000000        0.8869204367        0.1064304524        0.0866216285
       56.3265310000        1.0000000000        1.0000000000       25.2636649008        0.0000000000        0.8869204367        0.1064304524        0.0482364756
       56.4285710000        1.0000000000        1.0000000000       32.7951513921        0.0000000000        0.8869204367        0.1064304524        0.0195375277
       56.5306120000        1.0000000000        1.0000000000       45.2365040959        0.0000000000        0.8869204367        0.1064304524        0.0043902000
       56.6326530000        1.0000000000        1.0000000000       68.4841305603        0.0000000000        0.8869204367        0.1064304524        0.0002697282
       56.7346940000        1.0000000000        1.0000000000      123.1386325725        0.0000000000        0.8869204367        0.1064304524        0.0000003825
       56.8367350000        1.0000000000        1.0000000000      289.4383928088        0.0000000000        0.8869204367        0.1064304524        0.0000000000
       56.9387760000        1.0000000000        1.0000000000      788.6464924594        0.0000000000        0.8869204367        0.1064304524        0.0000000000
       57.0408160000        1.0000000000        1.0000000000     1821.6287586204        0.0000000000        0.8869204367        0.1064304524        0.0000000000
       57.1428570000        1.0000000000        1.0000000000     2892.0986764591        0.0000000000        0.8869204367        0.1064304524        0.0000000000
       57.2448980000        1.0000000000        1.0000000000     2917.9885952059        0.0000000000        0.8869204367        0.1064304524        0.0000000000
       57.3469390000        1.0000000000        1.0000000000     1886.5421252126        0.0000000000        0.8869204367        0.1064304524        0.0000000000
       57.4489800000        1.0000000000        1.0000000000      863.5212613167        0.0000000000        0.8869204367        0.1064304524        0.0000000000
       57.5510200000        1.0000000000        1.0000000000      353.8765121594        0.0000000000        0.8869204367        0.1064304524        0.0000000000
       57.6530610000        1.0000000000        1.0000000000      174.1092017907        0.0000000000        0.8869204367        0.1064304524        0.0000000008
       57.7551020000        1.0000000000        1.0000000000      109.5975015824        0.0000000000        0.8869204367        0.1064304524        0.0000019422
       57.8571430000        1.0000000000        1.0000000000       79.6376818069        0.0000000000        0.8869204367        0.1064304524        0.0000707384
       57.9591840000        1.0000000000        1.0000000000       62.3997340131        0.0000000000        0.8869204367        0.1064304524        0.0005597792
       58.0612240000        1.0000000000        1.0000000000       51.2573904150        0.0000000000        0.8869204367        0.1064304524        0.0021315905
       58.1632650000        1.0000000000        1.0000000000       43.5396587179        0.0000000000        0.8869204367        0.1064304524        0.0053816565
       58.2653060000        1.0000000000        1.0000000000       37.9313539566        0.0000000000        0.8869204367        0.1064304524        0.0105485964
       58.3673470000        1.0000000000        1.0000000000       33.7079361391        0.0000000000        0.8869204367        0.1064304524        0.0175105392
       58.4693880000        1.0000000000        1.0000000000       30.4441075133        0.0000000000        0.8869204367        0.1064304524        0.0259056833
       58.5714290000        1.0000000000        1.0000000000       27.9011611275        0.0000000000        0.8869204367        0.1064304524        0.0351496951
       58.6734690000        1.0000000000        1.0000000000       26.0862459009        0.0000000000        0.8869204367        0.1064304524        0.0437025202
       58.7755100000        1.0000000000        1.0000000000       25.5954881274        0.0000000000        0.8869204367        0.1064304524        0.0463534955
       58.8775510000        1.0000000000        1.0000000000       27.4833909024        0.0000000000        0.8869204367        0.1064304524        0.0369567522
       58.9795920000        1.0000000000        1.0000000000       30.7101586018        0.0000000000        0.8869204367        0.1064304524        0.0250916782
       59.0816330000        1.0000000000        1.0000000000       30.9209284553        0.0000000000        0.8869204367        0.1064304524        0.0244650083
       59.1836730000        1.0000000000        1.0000000000       26.6176032189        0.0000000000        0.8869204367        0.1064304524        0.0410029040
       59.2857140000        1.0000000000        1.0000000000       21.7472766086        0.0000000000        0.8869204367        0.1064304524        0.0735585793
       59.3877550000        1.0000000000        1.0000000000       18.9610254326        0.0000000000        0.8869204367        0.1064304524        0.1027637051
       59.4897960000        1.0000000000        1.0000000000       17.6807060157        0.0000000000        0.8869204367        0.1064304524        0.1198295788
       59.5918370000        1.0000000000        1.0000000000       16.9382594867        0.0000000000        0.8869204367        0.1064304524        0.1309956531
       59.6938780000        1.0000000000        1.0000000000       16.3691827649        0.0000000000        0.8869204367        0.1064304524        0.1402537591
       59.7959180000        1.0000000000        1.0000000000       15.8848571111        0.0000000000        0.8869204367        0.1064304524        0.1486467113
       59.8979590000        1.0000000000        1.0000000000       15.4590851385        0.0000000000        0.8869204367        0.1064304524        0.1564388287
       60.0000000000        1.0000000000        1.0000000000       15.0791988817        0.0000000000        0.8869204367        0.1064304524        0.1637353514
