       55.0000000000        1.0000000000        1.0000000000        6.9393032235        0.0000000000        0.8869204367        0.1064304524        0.4348664151
       55.1020410000        1.0000000000        1.0000000000        7.0317364056        0.0000000000        0.8869204367        0.1064304524        0.4300695373
       55.2040820000        1.0000000000        1.0000000000        7.1431054897        0.0000000000        0.8869204367        0.1064304524        0.4243601989
       55.3061220000        1.0000000000        1.0000000000        7.2811492360        0.0000000000        0.8869204367        0.1064304524        0.4173884699
       55.4081630000        1.0000000000        1.0000000000        7.4740931264        0.0000000000        0.8869204367        0.1064304524        0.4078355803
       55.5102040000        1.0000000000        1.0000000000        7.8328092351        0.0000000000        0.8869204367        0.1064304524        0.3906524034
       55.6122450000        1.0000000000        1.0000000000        8.5793716498        0.0000000000        0.8869204367        0.1064304524        0.3571767227
       55.7142860000        1.0000000000        1.0000000000        9.6446433644        0.0000000000        0.8869204367        0.1064304524        0.3143157567
       55.8163270000        1.0000000000        1.0000000000       10.2630714651        0.0000000000        0.8869204367        0.1064304524        0.2918344540
       55.9183670000        1.0000000000        1.0000000000       10.0257218187        0.0000000000        0.8869204367        0.1064304524        0.3002659737
       56.0204080000        1.0000000000        1.0000000000        9.6626383982        0.0000000000        0.8869204367        0.1064304524        0.3136377543
       56.1224490000        1.0000000000        1.0000000000        9.7658021598        0.0000000000        0.8869204367        0.1064304524        0.3097789628
       56.2244900000        1.0000000000        1.0000000000       10.2627236472        0.0000000000        0.8869204367        0.1064304524        0.2918466349
       56.3265310000        1.0000000000        1.0000000000       10.9893792570        0.0000000000        0.8869204367        0.1064304524        0.2674759801
       56.4285710000        1.0000000000        1.0000000000       11.9151217722        0.0000000000        0.8869204367        0.1064304524        0.2393532912
       56.5306120000        1.0000000000        1.0000000000       13.0792211108        0.0000000000        0.8869204367        0.1064304524        0.2081478711
       56.6326530000        1.0000000000        1.0000000000       14.5534996740        0.0000000000        0.8869204367        0.1064304524        0.1743971759
       56.7346940000        1.0000000000        1.0000000000       16.4435558322        0.0000000000        0.8869204367        0.1064304524        0.1390075960
       56.8367350000        1.0000000000        1.0000000000       18.9045856681        0.0000000000        0.8869204367        0.1064304524        0.1034620624
       56.9387760000        1.0000000000        1.0000000000       22.1706296213        0.0000000000        0.8869204367        0.1064304524        0.0699149655
       57.0408160000        1.0000000000        1.0000000000       26.6072628657        0.0000000000        0.8869204367        0.1064304524        0.0410538137
       57.1428570000        1.0000000000        1.0000000000       32.8117182914        0.0000000000        0.8869204367        0.1064304524        0.0194987251
       57.2448980000        1.0000000000        1.0000000000       41.8158805501        0.0000000000        0.8869204367        0.1064304524        0.0066183733
       57.3469390000        1.0000000000        1.0000000000       55.5431329715        0.0000000000        0.8869204367        0.1064304524        0.0012745323
       57.4489800000        1.0000000000        1.0000000000       78.0183357718        0.0000000000        0.8869204367        0.1064304524        0.0000859109
       57.5510200000        1.0000000000        1.0000000000      119.4884598706        0.0000000000        0.8869204367        0.1064304524        0.0000005927
       57.6530610000        1.0000000000        1.0000000000      213.3888081895        0.0000000000        0.8869204367        0.1064304524        0.0000000000
       57.7551020000        1.0000000000        1.0000000000      476.0028793167        0.0000000000        0.8869204367        0.1064304524        0.0000000000
       57.8571430000        1.0000000000        1.0000000000     1191.3490425364        0.0000000000        0.8869204367        0.1064304524        0.0000000000
       57.9591840000        1.0000000000        1.0000000000     2565.6823709760        0.0000000000        0.8869204367        0.1064304524        0.0000000000
       58.0612240000        1.0000000000        1.0000000000     3925.6765166702        0.0000000000        0.8869204367        0.1064304524        0.0000000000
       58.1632650000        1.0000000000        1.0000000000     3950.6379828565        0.0000000000        0.8869204367        0.1064304524        0.0000000000
       58.2653060000        1.0000000000        1.0000000000     2635.0344206147        0.0000000000        0.8869204367        0.1064304524        0.0000000000
       58.3673470000        1.0000000000        1.0000000000     1281.8195763697        0.0000000000        0.8869204367        0.1064304524        0.0000000000
       58.4693880000        1.0000000000        1.0000000000      561.3045900831        0.0000000000        0.8869204367        0.1064304524        0.0000000000
       58.5714290000        1.0000000000        1.0000000000      284.2153046039        0.0000000000        0.8869204367        0.1064304524        0.0000000000
       58.6734690000        1.0000000000        1.0000000000      177.9691082764        0.0000000000        0.8869204367        0.1064304524        0.0000000005
       58.7755100000        1.0000000000        1.0000000000      128.5411247826        0.0000000000        0.8869204367        0.1064304524        0.0000002000
       58.8775510000        1.0000000000        1.0000000000      102.6803514637        0.0000000000        0.8869204367        0.1064304524        0.0000044543
       58.9795920000        1.0000000000        1.0000000000       88.4401265251        0.0000000000        0.8869204367        0.1064304524        0.0000245987
       59.0816330000        1.0000000000        1.0000000000       76.9589245041        0.0000000000        0.8869204367        0.1064304524        0.0000975573
       59.1836730000        1.0000000000        1.0000000000       64.3348707663        0.0000000000        0.8869204367        0.1064304524        0.0004437787
       59.2857140000        1.0000000000        1.0000000000       53.1935741711        0.0000000000        0.8869204367        0.1064304524        0.0016896584
       59.3877550000        1.0000000000        1.0000000000       45.5588162817        0.0000000000        0.8869204367        0.1064304524        0.0042236400
       59.4897960000        1.0000000000        1.0000000000       40.4924917799        0.0000000000        0.8869204367        0.1064304524        0.0077574701
       59.5918370000        1.0000000000        1.0000000000       36.7485712384        0.0000000000        0.8869204367        0.1064304524        0.0121572625
       59.6938780000        1.0000000000        1.0000000000       33.7576617666        0.0000000000        0.8869204367        0.1064304524        0.0174063637
       59.7959180000        1.0000000000        1.0000000000       31.2884023174        0.0000000000        0.8869204367        0.1064304524        0.0234096189
       59.8979590000        1.0000000000        1.0000000000       29.2140385392        0.0000000000        0.8869204367        0.1064304524        0.0300262096
       60.0000000000        1.0000000000        1.0000000000       27.4491677672        0.0000000000        0.8869204367        0.1064304524        0.0371088374
