       55.0000000000        1.0000000000        1.0000000000       18.0611936666        0.0000000000        0.8869204367        0.1064304524        0.1144813627
       55.1020410000        1.0000000000        1.0000000000       19.5997378467        0.0000000000        0.8869204367        0.1064304524        0.0951816087
       55.2040820000        1.0000000000        1.0000000000       21.3787308468        0.0000000000        0.8869204367        0.1064304524        0.0768847523
       55.3061220000        1.0000000000        1.0000000000       23.4517131332        0.0000000000        0.8869204367        0.1064304524        0.0599523274
       55.4081630000        1.0000000000        1.0000000000       25.9057739617        0.0000000000        0.8869204367        0.1064304524        0.0446592925
       55.5102040000        1.0000000000        1.0000000000       28.9261683232        0.0000000000        0.8869204367        0.1064304524        0.0310815713
       55.6122450000        1.0000000000        1.0000000000       32.8191846091        0.0000000000        0.8869204367        0.1064304524        0.0194812629
       55.7142860000        1.0000000000        1.0000000000       37.6082220852        0.0000000000        0.8869204367        0.1064304524        0.0109656606
       55.8163270000        1.0000000000        1.0000000000       42.6876303562        0.0000000000        0.8869204367        0.1064304524        0.0059610083
       55.9183670000        1.0000000000        1.0000000000       47.9295674941        0.0000000000        0.8869204367        0.1064304524        0.0031778573
       56.0204080000        1.0000000000        1.0000000000       54.4128537134        0.0000000000        0.8869204367        0.1064304524        0.0014596736
       56.1224490000        1.0000000000        1.0000000000       63.1567994373        0.0000000000        0.8869204367        0.1064304524        0.0005111661
       56.2244900000        1.0000000000        1.0000000000       74.7284882999        0.0000000000        0.8869204367        0.1064304524        0.0001274969
       56.3265310000        1.0000000000        1.0000000000       89.9815029672        0.0000000000        0.8869204367        0.1064304524        0.0000204448
       56.4285710000        1.0000000000        1.0000000000      110.5274491865        0.0000000000        0.8869204367        0.1064304524        0.0000017371
       56.5306120000        1.0000000000        1.0000000000      139.2110190832        0.0000000000        0.8869204367        0.1064304524        0.0000000556
       56.6326530000        1.0000000000        1.0000000000      181.3471472620        0.0000000000        0.8869204367        0.1064304524        0.0000000004
       56.7346940000        1.0000000000        1.0000000000      248.3832281783        0.0000000000        0.8869204367        0.1064304524        0.0000000000
       56.8367350000        1.0000000000        1.0000000000      370.8716920601        0.0000000000        0.8869204367        0.1064304524        0.0000000000
       56.9387760000        1.0000000000        1.0000000000      643.7574299409        0.0000000000        0.8869204367        0.1064304524        0.0000000000
       57.0408160000        1.0000000000        1.0000000000     1310.5043484355        0.0000000000        0.8869204367        0.1064304524        0.0000000000
       57.1428570000        1.0000000000        1.0000000000     2625.8814543464        0.0000000000        0.8869204367        0.1064304524        0.0000000000
       57.2448980000        1.0000000000        1.0000000000     4104.7166658551        0.0000000000        0.8869204367        0.1064304524        0.0000000000
       57.3469390000        1.0000000000        1.0000000000     4374.3551229879        0.0000000000        0.8869204367        0.1064304524        0.0000000000
       57.4489800000        1.0000000000        1.0000000000     3175.0713480964        0.0000000000        0.8869204367        0.1064304524        0.0000000000
       57.5510200000        1.0000000000        1.0000000000     2136.3966296274        0.0000000000        0.8869204367        0.1064304524        0.0000000000
       57.6530610000        1.0000000000        1.0000000000     2673.3790981643        0.0000000000        0.8869204367        0.1064304524        0.0000000000
       57.7551020000        1.0000000000        1.0000000000     4593.3436211046        0.0000000000        0.8869204367        0.1064304524        0.0000000000
       57.8571430000        1.0000000000        1.0000000000     6104.0755676084        0.0000000000        0.8869204367        0.1064304524        0.0000000000
       57.9591840000        1.0000000000        1.0000000000     5562.3047721897        0.0000000000        0.8869204367        0.1064304524        0.0000000000
       58.0612240000        1.0000000000        1.0000000000     3620.4462489329        0.0000000000        0.8869204367        0.1064304524        0.0000000000
       58.1632650000        1.0000000000        1.0000000000     1932.0942445502        0.0000000000        0.8869204367        0.1064304524        0.0000000000
       58.2653060000        1.0000000000        1.0000000000     1032.5846373052        0.0000000000        0.8869204367        0.1064304524        0.0000000000
       58.3673470000        1.0000000000        1.0000000000      631.4458425744        0.0000000000        0.8869204367        0.1064304524        0.0000000000
       58.4693880000        1.0000000000        1.0000000000      439.2253444682        0.0000000000        0.8869204367        0.1064304524        0.0000000000
       58.5714290000        1.0000000000        1.0000000000      331.2322229641        0.0000000000        0.8869204367        0.1064304524        0.0000000000
       58.6734690000        1.0000000000        1.0000000000      262.8141427995        0.0000000000        0.8869204367        0.1064304524        0.0000000000
       58.7755100000        1.0000000000        1.0000000000      216.7821851642        0.0000000000        0.8869204367        0.1064304524        0.0000000000
       58.8775510000        1.0000000000        1.0000000000      185.9092154516        0.0000000000        0.8869204367        0.1064304524        0.0000000002
       58.9795920000        1.0000000000        1.0000000000      164.9387252697        0.0000000000        0.8869204367        0.1064304524        0.0000000025
       59.0816330000        1.0000000000        1.0000000000      146.9081513457        0.0000000000        0.8869204367        0.1064304524        0.0000000221
       59.1836730000        1.0000000000        1.0000000000      128.2197531106        0.0000000000        0.8869204367        0.1064304524        0.0000002079
       59.2857140000        1.0000000000        1.0000000000      111.4718026573        0.0000000000        0.8869204367        0.1064304524        0.0000015510
       59.3877550000        1.0000000000        1.0000000000       98.7816392980        0.0000000000        0.8869204367        0.1064304524        0.0000071115
       59.4897960000        1.0000000000        1.0000000000       89.2631828140        0.0000000000        0.8869204367        0.1064304524        0.0000222853
       59.5918370000        1.0000000000        1.0000000000       81.6181559412        0.0000000000        0.8869204367        0.1064304524        0.0000557753
       59.6938780000        1.0000000000        1.0000000000       75.1971356500        0.0000000000        0.8869204367        0.1064304524        0.0001205246
       59.7959180000        1.0000000000        1.0000000000       69.6981083795        0.0000000000        0.8869204367        0.1064304524        0.0002331629
       59.8979590000        1.0000000000        1.0000000000       64.9357515194        0.0000000000        0.8869204367        0.1064304524        0.0004129062
       60.0000000000        1.0000000000        1.0000000000       60.7759867250        0.0000000000        0.8869204367        0.1064304524        0.0006802036
