       55.0000000000        1.0000000000        1.0000000000        8.7757189393        0.0000000000        0.8869204367        0.1064304524        0.3488594107
       55.1020410000        1.0000000000        1.0000000000        9.2018893593        0.0000000000        0.8869204367        0.1064304524        0.3314670990
       55.2040820000        1.0000000000        1.0000000000        9.7042942912        0.0000000000        0.8869204367        0.1064304524        0.3120738829
       55.3061220000        1.0000000000        1.0000000000       10.3036658833        0.0000000000        0.8869204367        0.1064304524        0.2904162890
       55.4081630000        1.0000000000        1.0000000000       11.0452693985        0.0000000000        0.8869204367        0.1064304524        0.2656880699
       55.5102040000        1.0000000000        1.0000000000       12.0618979005        0.0000000000        0.8869204367        0.1064304524        0.2351744387
       55.6122450000        1.0000000000        1.0000000000       13.6003969339        0.0000000000        0.8869204367        0.1064304524        0.1955287929
       55.7142860000        1.0000000000        1.0000000000       15.6184401378        0.0000000000        0.8869204367        0.1064304524        0.1534757329
       55.8163270000        1.0000000000        1.0000000000       17.3994970153        0.0000000000        0.8869204367        0.1064304524        0.1239422383
       55.9183670000        1.0000000000        1.0000000000       18.6255030156        0.0000000000        0.8869204367        0.1064304524        0.1069856718
       56.0204080000        1.0000000000        1.0000000000       20.1416146692        0.0000000000        0.8869204367        0.1064304524        0.0891893394
       56.1224490000        1.0000000000        1.0000000000       22.6833301031        0.0000000000        0.8869204367        0.1064304524        0.0657431621
       56.2244900000        1.0000000000        1.0000000000       26.3989929729        0.0000000000        0.8869204367        0.1064304524        0.0420927755
       56.3265310000        1.0000000000        1.0000000000       31.4867835745        0.0000000000        0.8869204367        0.1064304524        0.0228589163
       56.4285710000        1.0000000000        1.0000000000       38.5195194732        0.0000000000        0.8869204367        0.1064304524        0.0098297445
       56.5306120000        1.0000000000        1.0000000000       48.6008416038        0.0000000000        0.8869204367        0.1064304524        0.0029319106
       56.6326530000        1.0000000000        1.0000000000       63.8472934542        0.0000000000        0.8869204367        0.1064304524        0.0004705185
       56.7346940000        1.0000000000        1.0000000000       88.8862514652        0.0000000000        0.8869204367        0.1064304524        0.0000233165
       56.8367350000        1.0000000000        1.0000000000      136.6851030062        0.0000000000        0.8869204367        0.1064304524        0.0000000753
       56.9387760000        1.0000000000        1.0000000000      253.8606237585        0.0000000000        0.8869204367        0.1064304524        0.0000000000
       57.0408160000        1.0000000000        1.0000000000      595.4495828896        0.0000000000        0.8869204367        0.1064304524        0.0000000000
       57.1428570000        1.0000000000        1.0000000000     1446.2318602874        0.0000000000        0.8869204367        0.1064304524        0.0000000000
       57.2448980000        1.0000000000        1.0000000000     2742.0960578822        0.0000000000        0.8869204367        0.1064304524        0.0000000000
       57.3469390000        1.0000000000        1.0000000000     3478.4692225720        0.0000000000        0.8869204367        0.1064304524        0.0000000000
       57.4489800000        1.0000000000        1.0000000000     2817.8847216180        0.0000000000        0.8869204367        0.1064304524        0.0000000000
       57.5510200000        1.0000000000        1.0000000000     1509.3070602898        0.0000000000        0.8869204367        0.1064304524        0.0000000000
       57.6530610000        1.0000000000        1.0000000000      613.9013341517        0.0000000000        0.8869204367        0.1064304524        0.0000000000
       57.7551020000        1.0000000000        1.0000000000      256.5388512098        0.0000000000        0.8869204367        0.1064304524        0.0000000000
       57.8571430000        1.0000000000        1.0000000000      154.5016986560        0.0000000000        0.8869204367        0.1064304524        0.0000000089
       57.9591840000        1.0000000000        1.0000000000      160.5491935229        0.0000000000        0.8869204367        0.1064304524        0.0000000043
       58.0612240000        1.0000000000        1.0000000000      310.4101150637        0.0000000000        0.8869204367        0.1064304524        0.0000000000
       58.1632650000        1.0000000000        1.0000000000      823.0655078823        0.0000000000        0.8869204367        0.1064304524        0.0000000000
       58.2653060000        1.0000000000        1.0000000000     1886.3051373395        0.0000000000        0.8869204367        0.1064304524        0.0000000000
       58.3673470000        1.0000000000        1.0000000000     2973.7285297928        0.0000000000        0.8869204367        0.1064304524        0.0000000000
       58.4693880000        1.0000000000        1.0000000000     3009.9487012205        0.0000000000        0.8869204367        0.1064304524        0.0000000000
       58.5714290000        1.0000000000        1.0000000000     1993.0132158787        0.0000000000        0.8869204367        0.1064304524        0.0000000000
       58.6734690000        1.0000000000        1.0000000000      965.8551924425        0.0000000000        0.8869204367        0.1064304524        0.0000000000
       58.7755100000        1.0000000000        1.0000000000      435.9400785856        0.0000000000        0.8869204367        0.1064304524        0.0000000000
       58.8775510000        1.0000000000        1.0000000000      239.5831733841        0.0000000000        0.8869204367        0.1064304524        0.0000000000
       58.9795920000        1.0000000000        1.0000000000      166.7829729826        0.0000000000        0.8869204367        0.1064304524        0.0000000020
       59.0816330000        1.0000000000        1.0000000000      130.0430244764        0.0000000000        0.8869204367        0.1064304524        0.0000001670
       59.1836730000        1.0000000000        1.0000000000      103.7686840096        0.0000000000        0.8869204367        0.1064304524        0.0000039089
       59.2857140000        1.0000000000        1.0000000000       84.1249222397        0.0000000000        0.8869204367        0.1064304524        0.0000412859
       59.3877550000        1.0000000000        1.0000000000       70.7448121673        0.0000000000        0.8869204367        0.1064304524        0.0002056412
       59.4897960000        1.0000000000        1.0000000000       61.6028037480        0.0000000000        0.8869204367        0.1064304524        0.0006159551
       59.5918370000        1.0000000000        1.0000000000       54.8499956207        0.0000000000        0.8869204367        0.1064304524        0.0013850771
       59.6938780000        1.0000000000        1.0000000000       49.5590616757        0.0000000000        0.8869204367        0.1064304524        0.0026134414
       59.7959180000        1.0000000000        1.0000000000       45.2802700286        0.0000000000        0.8869204367        0.1064304524        0.0043672035
       59.8979590000        1.0000000000        1.0000000000       41.7483750169        0.0000000000        0.8869204367        0.1064304524        0.0066722042
       60.0000000000        1.0000000000        1.0000000000       38.7864431723        0.0000000000        0.8869204367        0.1064304524        0.0095198786
