       55.0000000000        1.0000000000        1.0000000000        7.6383896362        0.0000000000        0.8869204367        0.1064304524        0.3998736102
       55.1020410000        1.0000000000        1.0000000000        7.8483693842        0.0000000000        0.8869204367        0.1064304524        0.3899236508
       55.2040820000        1.0000000000        1.0000000000        8.1062127335        0.0000000000        0.8869204367        0.1064304524        0.3780436824
       55.3061220000        1.0000000000        1.0000000000        8.4279547762        0.0000000000        0.8869204367        0.1064304524        0.3637259523
       55.4081630000        1.0000000000        1.0000000000        8.8530264513        0.0000000000        0.8869204367        0.1064304524        0.3456380416
       55.5102040000        1.0000000000        1.0000000000        9.5074379668        0.0000000000        0.8869204367        0.1064304524        0.3195336928
       55.6122450000        1.0000000000        1.0000000000       10.6330930337        0.0000000000        0.8869204367        0.1064304524        0.2791597266
       55.7142860000        1.0000000000        1.0000000000       12.1870144552        0.0000000000        0.8869204367        0.1064304524        0.2316699071
       55.8163270000        1.0000000000        1.0000000000       13.4443353698        0.0000000000        0.8869204367        0.1064304524        0.1992250389
       55.9183670000        1.0000000000        1.0000000000       14.0608429175        0.0000000000        0.8869204367        0.1064304524        0.1850181871
       56.0204080000        1.0000000000        1.0000000000       14.8598308249        0.0000000000        0.8869204367        0.1064304524        0.1681027803
       56.1224490000        1.0000000000        1.0000000000       16.5717068013        0.0000000000        0.8869204367        0.1064304524        0.1368862738
       56.2244900000        1.0000000000        1.0000000000       19.3452907424        0.0000000000        0.8869204367        0.1064304524        0.0981326750
       56.3265310000        1.0000000000        1.0000000000       23.3917673676        0.0000000000        0.8869204367        0.1064304524        0.0603851489
       56.4285710000        1.0000000000        1.0000000000       29.3482783412        0.0000000000        0.8869204367        0.1064304524        0.0295463991
       56.5306120000        1.0000000000        1.0000000000       38.5411787517        0.0000000000        0.8869204367        0.1064304524        0.0098042291
       56.6326530000        1.0000000000        1.0000000000       53.8913476831        0.0000000000        0.8869204367        0.1064304524        0.0015539399
       56.7346940000        1.0000000000        1.0000000000       83.6914574023        0.0000000000        0.8869204367        0.1064304524        0.0000434902
       56.8367350000        1.0000000000        1.0000000000      158.3106201708        0.0000000000        0.8869204367        0.1064304524        0.0000000056
       56.9387760000        1.0000000000        1.0000000000      379.1255692521        0.0000000000        0.8869204367        0.1064304524        0.0000000000
       57.0408160000        1.0000000000        1.0000000000      948.6996240750        0.0000000000        0.8869204367        0.1064304524        0.0000000000
       57.1428570000        1.0000000000        1.0000000000     1955.9947713206        0.0000000000        0.8869204367        0.1064304524        0.0000000000
       57.2448980000        1.0000000000        1.0000000000     2955.5779141951        0.0000000000        0.8869204367        0.1064304524        0.0000000000
       57.3469390000        1.0000000000        1.0000000000     3103.3362315660        0.0000000000        0.8869204367        0.1064304524        0.0000000000
       57.4489800000        1.0000000000        1.0000000000     2219.4230074121        0.0000000000        0.8869204367        0.1064304524        0.0000000000
       57.5510200000        1.0000000000        1.0000000000     1127.5073364608        0.0000000000        0.8869204367        0.1064304524        0.0000000000
       57.6530610000        1.0000000000        1.0000000000      478.9592529512        0.0000000000        0.8869204367        0.1064304524        0.0000000000
       57.7551020000        1.0000000000        1.0000000000      225.1368897827        0.0000000000        0.8869204367        0.1064304524        0.0000000000
       57.8571430000        1.0000000000        1.0000000000      134.9220875272        0.0000000000        0.8869204367        0.1064304524        0.0000000930
       57.9591840000        1.0000000000        1.0000000000       95.5327364934        0.0000000000        0.8869204367        0.1064304524        0.0000105022
       58.0612240000        1.0000000000        1.0000000000       73.7102889863        0.0000000000        0.8869204367        0.1064304524        0.0001440666
       58.1632650000        1.0000000000        1.0000000000       59.8592272131        0.0000000000        0.8869204367        0.1064304524        0.0007593048
       58.2653060000        1.0000000000        1.0000000000       50.3710995136        0.0000000000        0.8869204367        0.1064304524        0.0023707902
       58.3673470000        1.0000000000        1.0000000000       43.5315816409        0.0000000000        0.8869204367        0.1064304524        0.0053868752
       58.4693880000        1.0000000000        1.0000000000       38.4176680222        0.0000000000        0.8869204367        0.1064304524        0.0099506225
       58.5714290000        1.0000000000        1.0000000000       34.5160638889        0.0000000000        0.8869204367        0.1064304524        0.0158921871
       58.6734690000        1.0000000000        1.0000000000       31.6714944974        0.0000000000        0.8869204367        0.1064304524        0.0223578153
       58.7755100000        1.0000000000        1.0000000000       30.3792926096        0.0000000000        0.8869204367        0.1064304524        0.0261079578
       58.8775510000        1.0000000000        1.0000000000       31.6340981857        0.0000000000        0.8869204367        0.1064304524        0.0224583728
       58.9795920000        1.0000000000        1.0000000000       34.3652340496        0.0000000000        0.8869204367        0.1064304524        0.0161824479
       59.0816330000        1.0000000000        1.0000000000       34.1881682794        0.0000000000        0.8869204367        0.1064304524        0.0165299698
       59.1836730000        1.0000000000        1.0000000000       29.5616495611        0.0000000000        0.8869204367        0.1064304524        0.0287994800
       59.2857140000        1.0000000000        1.0000000000       24.4055754040        0.0000000000        0.8869204367        0.1064304524        0.0534681543
       59.3877550000        1.0000000000        1.0000000000       21.3692915158        0.0000000000        0.8869204367        0.1064304524        0.0769718905
       59.4897960000        1.0000000000        1.0000000000       19.8750123887        0.0000000000        0.8869204367        0.1064304524        0.0920888427
       59.5918370000        1.0000000000        1.0000000000       18.9493736832        0.0000000000        0.8869204367        0.1064304524        0.1029074908
       59.6938780000        1.0000000000        1.0000000000       18.2218716507        0.0000000000        0.8869204367        0.1064304524        0.1122951509
       59.7959180000        1.0000000000        1.0000000000       17.5992755389        0.0000000000        0.8869204367        0.1064304524        0.1210062521
       59.8979590000        1.0000000000        1.0000000000       17.0519233319        0.0000000000        0.8869204367        0.1064304524        0.1292210468
       60.0000000000        1.0000000000        1.0000000000       16.5644556089        0.0000000000        0.8869204367        0.1064304524        0.1370054363
