       55.0000000000        1.0000000000        1.0000000000        7.3866469634        0.0000000000        0.8869204367        0.1064304524        0.4121377522
       55.1020410000        1.0000000000        1.0000000000        7.5709305056        0.0000000000        0.8869204367        0.1064304524        0.4031237627
       55.2040820000        1.0000000000        1.0000000000        7.7914567704        0.0000000000        0.8869204367        0.1064304524        0.3925957539
       55.3061220000        1.0000000000        1.0000000000        8.0599503137        0.0000000000        0.8869204367        0.1064304524        0.3801482246
       55.4081630000        1.0000000000        1.0000000000        8.4098211648        0.0000000000        0.8869204367        0.1064304524        0.3645182939
       55.5102040000        1.0000000000        1.0000000000        8.9585400181        0.0000000000        0.8869204367        0.1064304524        0.3412892905
       55.6122450000        1.0000000000        1.0000000000        9.9354858494        0.0000000000        0.8869204367        0.1064304524        0.3035350158
       55.7142860000        1.0000000000        1.0000000000       11.2791004949        0.0000000000        0.8869204367        0.1064304524        0.2583365571
       55.8163270000        1.0000000000        1.0000000000       12.2375676607        0.0000000000        0.8869204367        0.1064304524        0.2302687626
       55.9183670000        1.0000000000        1.0000000000       12.4274582236        0.0000000000        0.8869204367        0.1064304524        0.2250809898
       56.0204080000        1.0000000000        1.0000000000       12.6097338464        0.0000000000        0.8869204367        0.1064304524        0.2202112290
       56.1224490000        1.0000000000        1.0000000000       13.4118899999        0.0000000000        0.8869204367        0.1064304524        0.2000022225
       56.2244900000        1.0000000000        1.0000000000       14.8128180650        0.0000000000        0.8869204367        0.1064304524        0.1690538175
       56.3265310000        1.0000000000        1.0000000000       16.7272584355        0.0000000000        0.8869204367        0.1064304524        0.1343548275
       56.4285710000        1.0000000000        1.0000000000       19.2434795997        0.0000000000        0.8869204367        0.1064304524        0.0993389487
       56.5306120000        1.0000000000        1.0000000000       22.5845139209        0.0000000000        0.8869204367        0.1064304524        0.0665273811
       56.6326530000        1.0000000000        1.0000000000       27.1168367319        0.0000000000        0.8869204367        0.1064304524        0.0386186327
       56.7346940000        1.0000000000        1.0000000000       33.4405741513        0.0000000000        0.8869204367        0.1064304524        0.0180814469
       56.8367350000        1.0000000000        1.0000000000       42.5889127080        0.0000000000        0.8869204367        0.1064304524        0.0060320430
       56.9387760000        1.0000000000        1.0000000000       56.4751189289        0.0000000000        0.8869204367        0.1064304524        0.0011396726
       57.0408160000        1.0000000000        1.0000000000       79.0588853092        0.0000000000        0.8869204367        0.1064304524        0.0000758262
       57.1428570000        1.0000000000        1.0000000000      120.2318771887        0.0000000000        0.8869204367        0.1064304524        0.0000005421
       57.2448980000        1.0000000000        1.0000000000      211.6802696085        0.0000000000        0.8869204367        0.1064304524        0.0000000000
       57.3469390000        1.0000000000        1.0000000000      464.5958669728        0.0000000000        0.8869204367        0.1064304524        0.0000000000
       57.4489800000        1.0000000000        1.0000000000     1163.8326747937        0.0000000000        0.8869204367        0.1064304524        0.0000000000
       57.5510200000        1.0000000000        1.0000000000     2558.1188386162        0.0000000000        0.8869204367        0.1064304524        0.0000000000
       57.6530610000        1.0000000000        1.0000000000     4029.1756997291        0.0000000000        0.8869204367        0.1064304524        0.0000000000
       57.7551020000        1.0000000000        1.0000000000     4175.5643194600        0.0000000000        0.8869204367        0.1064304524        0.0000000000
       57.8571430000        1.0000000000        1.0000000000     2854.1557759981        0.0000000000        0.8869204367        0.1064304524        0.0000000000
       57.9591840000        1.0000000000        1.0000000000     1407.7509545563        0.0000000000        0.8869204367        0.1064304524        0.0000000000
       58.0612240000        1.0000000000        1.0000000000      614.7927486412        0.0000000000        0.8869204367        0.1064304524        0.0000000000
       58.1632650000        1.0000000000        1.0000000000      306.9544302837        0.0000000000        0.8869204367        0.1064304524        0.0000000000
       58.2653060000        1.0000000000        1.0000000000      189.7093663242        0.0000000000        0.8869204367        0.1064304524        0.0000000001
       58.3673470000        1.0000000000        1.0000000000      134.7581175010        0.0000000000        0.8869204367        0.1064304524        0.0000000948
       58.4693880000        1.0000000000        1.0000000000      103.3875332754        0.0000000000        0.8869204367        0.1064304524        0.0000040919
       58.5714290000        1.0000000000        1.0000000000       83.3072361634        0.0000000000        0.8869204367        0.1064304524        0.0000455423
       58.6734690000        1.0000000000        1.0000000000       69.7225731759        0.0000000000        0.8869204367        0.1064304524        0.0002324794
       58.7755100000        1.0000000000        1.0000000000       60.9129245261        0.0000000000        0.8869204367        0.1064304524        0.0006691175
       58.8775510000        1.0000000000        1.0000000000       56.7084845602        0.0000000000        0.8869204367        0.1064304524        0.0011082001
       58.9795920000        1.0000000000        1.0000000000       55.4095644999        0.0000000000        0.8869204367        0.1064304524        0.0012951254
       59.0816330000        1.0000000000        1.0000000000       52.2130213338        0.0000000000        0.8869204367        0.1064304524        0.0019006439
       59.1836730000        1.0000000000        1.0000000000       45.2119524651        0.0000000000        0.8869204367        0.1064304524        0.0044031535
       59.2857140000        1.0000000000        1.0000000000       38.0936593359        0.0000000000        0.8869204367        0.1064304524        0.0103451329
       59.3877550000        1.0000000000        1.0000000000       33.4265302283        0.0000000000        0.8869204367        0.1064304524        0.0181119448
       59.4897960000        1.0000000000        1.0000000000       30.5862787987        0.0000000000        0.8869204367        0.1064304524        0.0254674667
       59.5918370000        1.0000000000        1.0000000000       28.5429363391        0.0000000000        0.8869204367        0.1064304524        0.0325443221
       59.6938780000        1.0000000000        1.0000000000       26.8760057337        0.0000000000        0.8869204367        0.1064304524        0.0397509838
       59.7959180000        1.0000000000        1.0000000000       25.4550147876        0.0000000000        0.8869204367        0.1064304524        0.0471414900
       59.8979590000        1.0000000000        1.0000000000       24.2227289709        0.0000000000        0.8869204367        0.1064304524        0.0546542950
       60.0000000000        1.0000000000        1.0000000000       23.1428618687        0.0000000000        0.8869204367        0.1064304524        0.0622159784
