       55.0000000000        1.0000000000        1.0000000000       10.6043062428        0.0000000000        0.8869204367        0.1064304524        0.2801257277
       55.1020410000        1.0000000000        1.0000000000       11.4360965889        0.0000000000        0.8869204367        0.1064304524        0.2535151763
       55.2040820000        1.0000000000        1.0000000000       12.4606019651        0.0000000000        0.8869204367        0.1064304524        0.2241875645
       55.3061220000        1.0000000000        1.0000000000       13.7399613925        0.0000000000        0.8869204367        0.1064304524        0.1922813977
       55.4081630000        1.0000000000        1.0000000000       15.3796972064        0.0000000000        0.8869204367        0.1064304524        0.1579362727
       55.5102040000        1.0000000000        1.0000000000       17.6019915206        0.0000000000        0.8869204367        0.1064304524        0.1209668204
       55.6122450000        1.0000000000        1.0000000000       20.7883990924        0.0000000000        0.8869204367        0.1064304524        0.0825288053
       55.7142860000        1.0000000000        1.0000000000       25.1074851729        0.0000000000        0.8869204367        0.1064304524        0.0491490274
       55.8163270000        1.0000000000        1.0000000000       30.2062248495        0.0000000000        0.8869204367        0.1064304524        0.0266558409
       55.9183670000        1.0000000000        1.0000000000       36.4235248847        0.0000000000        0.8869204367        0.1064304524        0.0126408331
       56.0204080000        1.0000000000        1.0000000000       45.8676720933        0.0000000000        0.8869204367        0.1064304524        0.0040699659
       56.1224490000        1.0000000000        1.0000000000       62.1252533066        0.0000000000        0.8869204367        0.1064304524        0.0005785241
       56.2244900000        1.0000000000        1.0000000000       93.8423051150        0.0000000000        0.8869204367        0.1064304524        0.0000128640
       56.3265310000        1.0000000000        1.0000000000      174.6217627260        0.0000000000        0.8869204367        0.1064304524        0.0000000008
       56.4285710000        1.0000000000        1.0000000000      420.5854126140        0.0000000000        0.8869204367        0.1064304524        0.0000000000
       56.5306120000        1.0000000000        1.0000000000     1032.6268125591        0.0000000000        0.8869204367        0.1064304524        0.0000000000
       56.6326530000        1.0000000000        1.0000000000     1904.5559619817        0.0000000000        0.8869204367        0.1064304524        0.0000000000
       56.7346940000        1.0000000000        1.0000000000     2274.5616209567        0.0000000000        0.8869204367        0.1064304524        0.0000000000
       56.8367350000        1.0000000000        1.0000000000     1707.3920813093        0.0000000000        0.8869204367        0.1064304524        0.0000000000
       56.9387760000        1.0000000000        1.0000000000      919.2438454187        0.0000000000        0.8869204367        0.1064304524        0.0000000000
       57.0408160000        1.0000000000        1.0000000000      709.8857478137        0.0000000000        0.8869204367        0.1064304524        0.0000000000
       57.1428570000        1.0000000000        1.0000000000     1332.1539564339        0.0000000000        0.8869204367        0.1064304524        0.0000000000
       57.2448980000        1.0000000000        1.0000000000     2509.1316456418        0.0000000000        0.8869204367        0.1064304524        0.0000000000
       57.3469390000        1.0000000000        1.0000000000     3175.4519413884        0.0000000000        0.8869204367        0.1064304524        0.0000000000
       57.4489800000        1.0000000000        1.0000000000     2563.3215180456        0.0000000000        0.8869204367        0.1064304524        0.0000000000
       57.5510200000        1.0000000000        1.0000000000     1400.8227967290        0.0000000000        0.8869204367        0.1064304524        0.0000000000
       57.6530610000        1.0000000000        1.0000000000      618.9095063660        0.0000000000        0.8869204367        0.1064304524        0.0000000000
       57.7551020000        1.0000000000        1.0000000000      295.5318917964        0.0000000000        0.8869204367        0.1064304524        0.0000000000
       57.8571430000        1.0000000000        1.0000000000      178.6545637202        0.0000000000        0.8869204367        0.1064304524        0.0000000005
       57.9591840000        1.0000000000        1.0000000000      127.6305201550        0.0000000000        0.8869204367        0.1064304524        0.0000002231
       58.0612240000        1.0000000000        1.0000000000       99.2229549220        0.0000000000        0.8869204367        0.1064304524        0.0000067447
       58.1632650000        1.0000000000        1.0000000000       81.0027182109        0.0000000000        0.8869204367        0.1064304524        0.0000600504
       58.2653060000        1.0000000000        1.0000000000       68.3688943622        0.0000000000        0.8869204367        0.1064304524        0.0002734840
       58.3673470000        1.0000000000        1.0000000000       59.1477282208        0.0000000000        0.8869204367        0.1064304524        0.0008269822
       58.4693880000        1.0000000000        1.0000000000       52.1654863168        0.0000000000        0.8869204367        0.1064304524        0.0019115165
       58.5714290000        1.0000000000        1.0000000000       46.7576703258        0.0000000000        0.8869204367        0.1064304524        0.0036577011
       58.6734690000        1.0000000000        1.0000000000       42.6703848951        0.0000000000        0.8869204367        0.1064304524        0.0059733571
       58.7755100000        1.0000000000        1.0000000000       40.3326050068        0.0000000000        0.8869204367        0.1064304524        0.0079077452
       58.8775510000        1.0000000000        1.0000000000       40.7057840705        0.0000000000        0.8869204367        0.1064304524        0.0075614365
       58.9795920000        1.0000000000        1.0000000000       42.7175433549        0.0000000000        0.8869204367        0.1064304524        0.0059396492
       59.0816330000        1.0000000000        1.0000000000       41.9608024856        0.0000000000        0.8869204367        0.1064304524        0.0065042706
       59.1836730000        1.0000000000        1.0000000000       36.8222466518        0.0000000000        0.8869204367        0.1064304524        0.0120502533
       59.2857140000        1.0000000000        1.0000000000       31.1782060013        0.0000000000        0.8869204367        0.1064304524        0.0237212331
       59.3877550000        1.0000000000        1.0000000000       27.6905487951        0.0000000000        0.8869204367        0.1064304524        0.0360493713
       59.4897960000        1.0000000000        1.0000000000       25.7947354398        0.0000000000        0.8869204367        0.1064304524        0.0452583429
       59.5918370000        1.0000000000        1.0000000000       24.5135201618        0.0000000000        0.8869204367        0.1064304524        0.0527800279
       59.6938780000        1.0000000000        1.0000000000       23.4684281686        0.0000000000        0.8869204367        0.1064304524        0.0598321953
       59.7959180000        1.0000000000        1.0000000000       22.5599811991        0.0000000000        0.8869204367        0.1064304524        0.0667235214
       59.8979590000        1.0000000000        1.0000000000       21.7538695940        0.0000000000        0.8869204367        0.1064304524        0.0735004058
       60.0000000000        1.0000000000        1.0000000000       21.0310860530        0.0000000000        0.8869204367        0.1064304524        0.0801600253
