       55.0000000000        1.0000000000        1.0000000000       29.9736114564        0.0000000000        0.8869204367        0.1064304524        0.0274103836
       55.1020410000        1.0000000000        1.0000000000       32.9335902856        0.0000000000        0.8869204367        0.1064304524        0.0192156383
       55.2040820000        1.0000000000        1.0000000000       36.3660412811        0.0000000000        0.8869204367        0.1064304524        0.0127283314
       55.3061220000        1.0000000000        1.0000000000       40.3759265391        0.0000000000        0.8869204367        0.1064304524        0.0078667427
       55.4081630000        1.0000000000        1.0000000000       45.1169035800        0.0000000000        0.8869204367        0.1064304524        0.0044536628
       55.5102040000        1.0000000000        1.0000000000       50.8601407096        0.0000000000        0.8869204367        0.1064304524        0.0022356643
       55.6122450000        1.0000000000        1.0000000000       58.0188941825        0.0000000000        0.8869204367        0.1064304524        0.0009469471
       55.7142860000        1.0000000000        1.0000000000       66.7512759193        0.0000000000        0.8869204367        0.1064304524        0.0003320739
       55.8163270000        1.0000000000        1.0000000000       76.6565254888        0.0000000000        0.8869204367        0.1064304524        0.0001011624
       55.9183670000        1.0000000000        1.0000000000       87.9216069736        0.0000000000        0.8869204367        0.1064304524        0.0000261780
       56.0204080000        1.0000000000        1.0000000000      102.0485471746        0.0000000000        0.8869204367        0.1064304524        0.0000048051
       56.1224490000        1.0000000000        1.0000000000      120.6429553491        0.0000000000        0.8869204367        0.1064304524        0.0000005160
       56.2244900000        1.0000000000        1.0000000000      145.1592779596        0.0000000000        0.8869204367        0.1064304524        0.0000000272
       56.3265310000        1.0000000000        1.0000000000      177.8628859161        0.0000000000        0.8869204367        0.1064304524        0.0000000005
       56.4285710000        1.0000000000        1.0000000000      222.6839409839        0.0000000000        0.8869204367        0.1064304524        0.0000000000
       56.5306120000        1.0000000000        1.0000000000      286.4946911405        0.0000000000        0.8869204367        0.1064304524        0.0000000000
       56.6326530000        1.0000000000        1.0000000000      382.1619629855        0.0000000000        0.8869204367        0.1064304524        0.0000000000
       56.7346940000        1.0000000000        1.0000000000      536.7802179101        0.0000000000        0.8869204367        0.1064304524        0.0000000000
       56.8367350000        1.0000000000        1.0000000000      816.0828497324        0.0000000000        0.8869204367        0.1064304524        0.0000000000
       56.9387760000        1.0000000000        1.0000000000     1389.5263663161        0.0000000000        0.8869204367        0.1064304524        0.0000000000
       57.0408160000        1.0000000000        1.0000000000     2607.1539207272        0.0000000000        0.8869204367        0.1064304524        0.0000000000
       57.1428570000        1.0000000000        1.0000000000     4733.4794042068        0.0000000000        0.8869204367        0.1064304524        0.0000000000
       57.2448980000        1.0000000000        1.0000000000     7000.2263238182        0.0000000000        0.8869204367        0.1064304524        0.0000000000
       57.3469390000        1.0000000000        1.0000000000     7569.6891279789        0.0000000000        0.8869204367        0.1064304524        0.0000000000
       57.4489800000        1.0000000000        1.0000000000     6155.6884123574        0.0000000000        0.8869204367        0.1064304524        0.0000000000
       57.5510200000        1.0000000000        1.0000000000     4963.1094450823        0.0000000000        0.8869204367        0.1064304524        0.0000000000
       57.6530610000        1.0000000000        1.0000000000     5124.8855076241        0.0000000000        0.8869204367        0.1064304524        0.0000000000
       57.7551020000        1.0000000000        1.0000000000     5102.9543063598        0.0000000000        0.8869204367        0.1064304524        0.0000000000
       57.8571430000        1.0000000000        1.0000000000     3857.6575185023        0.0000000000        0.8869204367        0.1064304524        0.0000000000
       57.9591840000        1.0000000000        1.0000000000     2306.2233691368        0.0000000000        0.8869204367        0.1064304524        0.0000000000
       58.0612240000        1.0000000000        1.0000000000     1304.4446178649        0.0000000000        0.8869204367        0.1064304524        0.0000000000
       58.1632650000        1.0000000000        1.0000000000      815.9630964840        0.0000000000        0.8869204367        0.1064304524        0.0000000000
       58.2653060000        1.0000000000        1.0000000000      575.2637711605        0.0000000000        0.8869204367        0.1064304524        0.0000000000
       58.3673470000        1.0000000000        1.0000000000      438.0592585820        0.0000000000        0.8869204367        0.1064304524        0.0000000000
       58.4693880000        1.0000000000        1.0000000000      349.5609644105        0.0000000000        0.8869204367        0.1064304524        0.0000000000
       58.5714290000        1.0000000000        1.0000000000      287.9715046511        0.0000000000        0.8869204367        0.1064304524        0.0000000000
       58.6734690000        1.0000000000        1.0000000000      243.0974682096        0.0000000000        0.8869204367        0.1064304524        0.0000000000
       58.7755100000        1.0000000000        1.0000000000      209.9912984833        0.0000000000        0.8869204367        0.1064304524        0.0000000000
       58.8775510000        1.0000000000        1.0000000000      186.5398576684        0.0000000000        0.8869204367        0.1064304524        0.0000000002
       58.9795920000        1.0000000000        1.0000000000      169.9423009745        0.0000000000        0.8869204367        0.1064304524        0.0000000014
       59.0816330000        1.0000000000        1.0000000000      154.5215809085        0.0000000000        0.8869204367        0.1064304524        0.0000000089
       59.1836730000        1.0000000000        1.0000000000      137.3532382463        0.0000000000        0.8869204367        0.1064304524        0.0000000695
       59.2857140000        1.0000000000        1.0000000000      121.4234550126        0.0000000000        0.8869204367        0.1064304524        0.0000004699
       59.3877550000        1.0000000000        1.0000000000      109.1104297177        0.0000000000        0.8869204367        0.1064304524        0.0000020591
       59.4897960000        1.0000000000        1.0000000000       99.6962516482        0.0000000000        0.8869204367        0.1064304524        0.0000063723
       59.5918370000        1.0000000000        1.0000000000       91.9838893797        0.0000000000        0.8869204367        0.1064304524        0.0000160779
       59.6938780000        1.0000000000        1.0000000000       85.3866714390        0.0000000000        0.8869204367        0.1064304524        0.0000354850
       59.7959180000        1.0000000000        1.0000000000       79.6436873276        0.0000000000        0.8869204367        0.1064304524        0.0000706875
       59.8979590000        1.0000000000        1.0000000000       74.5970374613        0.0000000000        0.8869204367        0.1064304524        0.0001295240
       60.0000000000        1.0000000000        1.0000000000       70.1310290873        0.0000000000        0.8869204367        0.1064304524        0.0002213593
