       55.0000000000        1.0000000000        1.0000000000       10.2145989026        0.0000000000        0.8869204367        0.1064304524        0.2935369162
       55.1020410000        1.0000000000        1.0000000000       10.9294400079        0.0000000000        0.8869204367        0.1064304524        0.2694067928
       55.2040820000        1.0000000000        1.0000000000       11.7954202644        0.0000000000        0.8869204367        0.1064304524        0.2428162167
       55.3061220000        1.0000000000        1.0000000000       12.8566434627        0.0000000000        0.8869204367        0.1064304524        0.2137822692
       55.4081630000        1.0000000000        1.0000000000       14.1908184720        0.0000000000        0.8869204367        0.1064304524        0.1821548341
       55.5102040000        1.0000000000        1.0000000000       15.9761801122        0.0000000000        0.8869204367        0.1064304524        0.1470266210
       55.6122450000        1.0000000000        1.0000000000       18.5230171781        0.0000000000        0.8869204367        0.1064304524        0.1083095377
       55.7142860000        1.0000000000        1.0000000000       21.8794750907        0.0000000000        0.8869204367        0.1064304524        0.0724008665
       55.8163270000        1.0000000000        1.0000000000       25.4719317501        0.0000000000        0.8869204367        0.1064304524        0.0470458881
       55.9183670000        1.0000000000        1.0000000000       29.2129030853        0.0000000000        0.8869204367        0.1064304524        0.0300303011
       56.0204080000        1.0000000000        1.0000000000       34.3140335877        0.0000000000        0.8869204367        0.1064304524        0.0162821798
       56.1224490000        1.0000000000        1.0000000000       42.1275004313        0.0000000000        0.8869204367        0.1064304524        0.0063754535
       56.2244900000        1.0000000000        1.0000000000       53.9112513856        0.0000000000        0.8869204367        0.1064304524        0.0015502328
       56.3265310000        1.0000000000        1.0000000000       72.0565532051        0.0000000000        0.8869204367        0.1064304524        0.0001756905
       56.4285710000        1.0000000000        1.0000000000      102.0937269765        0.0000000000        0.8869204367        0.1064304524        0.0000047792
       56.5306120000        1.0000000000        1.0000000000      159.3536244789        0.0000000000        0.8869204367        0.1064304524        0.0000000050
       56.6326530000        1.0000000000        1.0000000000      296.9212941151        0.0000000000        0.8869204367        0.1064304524        0.0000000000
       56.7346940000        1.0000000000        1.0000000000      683.8665606350        0.0000000000        0.8869204367        0.1064304524        0.0000000000
       56.8367350000        1.0000000000        1.0000000000     1614.0784811578        0.0000000000        0.8869204367        0.1064304524        0.0000000000
       56.9387760000        1.0000000000        1.0000000000     2997.3749229983        0.0000000000        0.8869204367        0.1064304524        0.0000000000
       57.0408160000        1.0000000000        1.0000000000     3855.7281514197        0.0000000000        0.8869204367        0.1064304524        0.0000000000
       57.1428570000        1.0000000000        1.0000000000     3582.2330852810        0.0000000000        0.8869204367        0.1064304524        0.0000000000
       57.2448980000        1.0000000000        1.0000000000     2942.3491218432        0.0000000000        0.8869204367        0.1064304524        0.0000000000
       57.3469390000        1.0000000000        1.0000000000     2356.0429600968        0.0000000000        0.8869204367        0.1064304524        0.0000000000
       57.4489800000        1.0000000000        1.0000000000     1570.6235895943        0.0000000000        0.8869204367        0.1064304524        0.0000000000
       57.5510200000        1.0000000000        1.0000000000      820.6716803504        0.0000000000        0.8869204367        0.1064304524        0.0000000000
       57.6530610000        1.0000000000        1.0000000000      398.4994794234        0.0000000000        0.8869204367        0.1064304524        0.0000000000
       57.7551020000        1.0000000000        1.0000000000      226.5215537324        0.0000000000        0.8869204367        0.1064304524        0.0000000000
       57.8571430000        1.0000000000        1.0000000000      155.2831352249        0.0000000000        0.8869204367        0.1064304524        0.0000000081
       57.9591840000        1.0000000000        1.0000000000      118.2147902434        0.0000000000        0.8869204367        0.1064304524        0.0000006906
       58.0612240000        1.0000000000        1.0000000000       95.1443984484        0.0000000000        0.8869204367        0.1064304524        0.0000110032
       58.1632650000        1.0000000000        1.0000000000       79.3636735728        0.0000000000        0.8869204367        0.1064304524        0.0000731030
       58.2653060000        1.0000000000        1.0000000000       67.9470416238        0.0000000000        0.8869204367        0.1064304524        0.0002876848
       58.3673470000        1.0000000000        1.0000000000       59.3577880021        0.0000000000        0.8869204367        0.1064304524        0.0008063969
       58.4693880000        1.0000000000        1.0000000000       52.7061643332        0.0000000000        0.8869204367        0.1064304524        0.0017914325
       58.5714290000        1.0000000000        1.0000000000       47.4661575248        0.0000000000        0.8869204367        0.1064304524        0.0033595814
       58.6734690000        1.0000000000        1.0000000000       43.4556315251        0.0000000000        0.8869204367        0.1064304524        0.0054361957
       58.7755100000        1.0000000000        1.0000000000       41.1425942050        0.0000000000        0.8869204367        0.1064304524        0.0071752957
       58.8775510000        1.0000000000        1.0000000000       41.5116397097        0.0000000000        0.8869204367        0.1064304524        0.0068644678
       58.9795920000        1.0000000000        1.0000000000       43.5058899630        0.0000000000        0.8869204367        0.1064304524        0.0054035086
       59.0816330000        1.0000000000        1.0000000000       42.7261310073        0.0000000000        0.8869204367        0.1064304524        0.0059335314
       59.1836730000        1.0000000000        1.0000000000       37.5589564127        0.0000000000        0.8869204367        0.1064304524        0.0110306803
       59.2857140000        1.0000000000        1.0000000000       31.8807968207        0.0000000000        0.8869204367        0.1064304524        0.0218032635
       59.3877550000        1.0000000000        1.0000000000       28.3571508435        0.0000000000        0.8869204367        0.1064304524        0.0332780220
       59.4897960000        1.0000000000        1.0000000000       26.4263511854        0.0000000000        0.8869204367        0.1064304524        0.0419548121
       59.5918370000        1.0000000000        1.0000000000       25.1119907454        0.0000000000        0.8869204367        0.1064304524        0.0491224613
       59.6938780000        1.0000000000        1.0000000000       24.0356947258        0.0000000000        0.8869204367        0.1064304524        0.0558948313
       59.7959180000        1.0000000000        1.0000000000       23.0979782923        0.0000000000        0.8869204367        0.1064304524        0.0625519796
       59.8979590000        1.0000000000        1.0000000000       22.2644919995        0.0000000000        0.8869204367        0.1064304524        0.0691318976
       60.0000000000        1.0000000000        1.0000000000       21.5161587890        0.0000000000        0.8869204367        0.1064304524        0.0756272164
