       55.0000000000        1.0000000000        1.0000000000        7.5351400639        0.0000000000        0.8869204367        0.1064304524        0.4048588433
       55.1020410000        1.0000000000        1.0000000000        7.5368609237        0.0000000000        0.8869204367        0.1064304524        0.4047752473
       55.2040820000        1.0000000000        1.0000000000        7.5429699054        0.0000000000        0.8869204367        0.1064304524        0.4044786243
       55.3061220000        1.0000000000        1.0000000000        7.5584947848        0.0000000000        0.8869204367        0.1064304524        0.4037257879
       55.4081630000        1.0000000000        1.0000000000        7.6081014617        0.0000000000        0.8869204367        0.1064304524        0.4013296276
       55.5102040000        1.0000000000        1.0000000000        7.7984730038        0.0000000000        0.8869204367        0.1064304524        0.3922653478
       55.6122450000        1.0000000000        1.0000000000        8.3500410699        0.0000000000        0.8869204367        0.1064304524        0.3671426081
       55.7142860000        1.0000000000        1.0000000000        9.1975513424        0.0000000000        0.8869204367        0.1064304524        0.3316396931
       55.8163270000        1.0000000000        1.0000000000        9.5715149171        0.0000000000        0.8869204367        0.1064304524        0.3170861454
       55.9183670000        1.0000000000        1.0000000000        9.0386520129        0.0000000000        0.8869204367        0.1064304524        0.3380240468
       56.0204080000        1.0000000000        1.0000000000        8.3076313975        0.0000000000        0.8869204367        0.1064304524        0.3690158184
       56.1224490000        1.0000000000        1.0000000000        7.9641743065        0.0000000000        0.8869204367        0.1064304524        0.3845425178
       56.2244900000        1.0000000000        1.0000000000        7.9259241790        0.0000000000        0.8869204367        0.1064304524        0.3863116308
       56.3265310000        1.0000000000        1.0000000000        8.0072026550        0.0000000000        0.8869204367        0.1064304524        0.3825620875
       56.4285710000        1.0000000000        1.0000000000        8.1465430237        0.0000000000        0.8869204367        0.1064304524        0.3762185092
       56.5306120000        1.0000000000        1.0000000000        8.3422879192        0.0000000000        0.8869204367        0.1064304524        0.3674843485
       56.6326530000        1.0000000000        1.0000000000        8.6107887259        0.0000000000        0.8869204367        0.1064304524        0.3558326841
       56.7346940000        1.0000000000        1.0000000000        8.9805693984        0.0000000000        0.8869204367        0.1064304524        0.3403882749
       56.8367350000        1.0000000000        1.0000000000        9.4973169408        0.0000000000        0.8869204367        0.1064304524        0.3199220096
       56.9387760000        1.0000000000        1.0000000000       10.2358081784        0.0000000000        0.8869204367        0.1064304524        0.2927907815
       57.0408160000        1.0000000000        1.0000000000       11.3242881960        0.0000000000        0.8869204367        0.1064304524        0.2569395120
       57.1428570000        1.0000000000        1.0000000000       12.9977330197        0.0000000000        0.8869204367        0.1064304524        0.2101932439
       57.2448980000        1.0000000000        1.0000000000       15.7297958585        0.0000000000        0.8869204367        0.1064304524        0.1514385264
       57.3469390000        1.0000000000        1.0000000000       20.6644047705        0.0000000000        0.8869204367        0.1064304524        0.0837659589
       57.4489800000        1.0000000000        1.0000000000       31.7430619047        0.0000000000        0.8869204367        0.1064304524        0.0221666266
       57.5510200000        1.0000000000        1.0000000000       67.0444492111        0.0000000000        0.8869204367        0.1064304524        0.0003205944
       57.6530610000        1.0000000000        1.0000000000      194.7932154700        0.0000000000        0.8869204367        0.1064304524        0.0000000001
       57.7551020000        1.0000000000        1.0000000000      538.0773168502        0.0000000000        0.8869204367        0.1064304524        0.0000000000
       57.8571430000        1.0000000000        1.0000000000     1040.8040903897        0.0000000000        0.8869204367        0.1064304524        0.0000000000
       57.9591840000        1.0000000000        1.0000000000     1259.7890485811        0.0000000000        0.8869204367        0.1064304524        0.0000000000
       58.0612240000        1.0000000000        1.0000000000      937.2336826357        0.0000000000        0.8869204367        0.1064304524        0.0000000000
       58.1632650000        1.0000000000        1.0000000000      455.0733367098        0.0000000000        0.8869204367        0.1064304524        0.0000000000
       58.2653060000        1.0000000000        1.0000000000      174.1491527897        0.0000000000        0.8869204367        0.1064304524        0.0000000008
       58.3673470000        1.0000000000        1.0000000000       75.2842124327        0.0000000000        0.8869204367        0.1064304524        0.0001192718
       58.4693880000        1.0000000000        1.0000000000       45.1459293684        0.0000000000        0.8869204367        0.1064304524        0.0044381772
       58.5714290000        1.0000000000        1.0000000000       33.3984179454        0.0000000000        0.8869204367        0.1064304524        0.0181731481
       58.6734690000        1.0000000000        1.0000000000       27.4105192714        0.0000000000        0.8869204367        0.1064304524        0.0372813412
       58.7755100000        1.0000000000        1.0000000000       24.7328754603        0.0000000000        0.8869204367        0.1064304524        0.0514088442
       58.8775510000        1.0000000000        1.0000000000       25.4022136072        0.0000000000        0.8869204367        0.1064304524        0.0474411334
       58.9795920000        1.0000000000        1.0000000000       27.9146403851        0.0000000000        0.8869204367        0.1064304524        0.0350928860
       59.0816330000        1.0000000000        1.0000000000       27.6899860393        0.0000000000        0.8869204367        0.1064304524        0.0360518058
       59.1836730000        1.0000000000        1.0000000000       23.1470084404        0.0000000000        0.8869204367        0.1064304524        0.0621850282
       59.2857140000        1.0000000000        1.0000000000       18.1828460899        0.0000000000        0.8869204367        0.1064304524        0.1128222699
       59.3877550000        1.0000000000        1.0000000000       15.3886244819        0.0000000000        0.8869204367        0.1064304524        0.1577671704
       59.4897960000        1.0000000000        1.0000000000       14.1441660880        0.0000000000        0.8869204367        0.1064304524        0.1831774488
       59.5918370000        1.0000000000        1.0000000000       13.4623981622        0.0000000000        0.8869204367        0.1064304524        0.1987936793
       59.6938780000        1.0000000000        1.0000000000       12.9694708593        0.0000000000        0.8869204367        0.1064304524        0.2109073159
       59.7959180000        1.0000000000        1.0000000000       12.5706108622        0.0000000000        0.8869204367        0.1064304524        0.2212474980
       59.8979590000        1.0000000000        1.0000000000       12.2353157192        0.0000000000        0.8869204367        0.1064304524        0.2303309972
       60.0000000000        1.0000000000        1.0000000000       11.9479599390        0.0000000000        0.8869204367        0.1064304524        0.2384119563
