       55.0000000000        1.0000000000        1.0000000000        8.3382928208        0.0000000000        0.8869204367        0.1064304524        0.3676605671
       55.1020410000        1.0000000000        1.0000000000        8.6889241723        0.0000000000        0.8869204367        0.1064304524        0.3525118992
       55.2040820000        1.0000000000        1.0000000000        9.1022984994        0.0000000000        0.8869204367        0.1064304524        0.3354521955
       55.3061220000        1.0000000000        1.0000000000        9.5956441709        0.0000000000        0.8869204367        0.1064304524        0.3161693471
       55.4081630000        1.0000000000        1.0000000000       10.2094588224        0.0000000000        0.8869204367        0.1064304524        0.2937180285
       55.5102040000        1.0000000000        1.0000000000       11.0700919679        0.0000000000        0.8869204367        0.1064304524        0.2648978402
       55.6122450000        1.0000000000        1.0000000000       12.4162589927        0.0000000000        0.8869204367        0.1064304524        0.2253836812
       55.7142860000        1.0000000000        1.0000000000       14.1953058901        0.0000000000        0.8869204367        0.1064304524        0.1820567719
       55.8163270000        1.0000000000        1.0000000000       15.6730398956        0.0000000000        0.8869204367        0.1064304524        0.1524734514
       55.9183670000        1.0000000000        1.0000000000       16.5007865681        0.0000000000        0.8869204367        0.1064304524        0.1380562058
       56.0204080000        1.0000000000        1.0000000000       17.4801349824        0.0000000000        0.8869204367        0.1064304524        0.1227486884
       56.1224490000        1.0000000000        1.0000000000       19.2826309981        0.0000000000        0.8869204367        0.1064304524        0.0988733323
       56.2244900000        1.0000000000        1.0000000000       21.9513226768        0.0000000000        0.8869204367        0.1064304524        0.0717793304
       56.3265310000        1.0000000000        1.0000000000       25.5007603217        0.0000000000        0.8869204367        0.1064304524        0.0468834174
       56.4285710000        1.0000000000        1.0000000000       30.1710297185        0.0000000000        0.8869204367        0.1064304524        0.0267686577
       56.5306120000        1.0000000000        1.0000000000       36.4224092546        0.0000000000        0.8869204367        0.1064304524        0.0126425255
       56.6326530000        1.0000000000        1.0000000000       45.0091731404        0.0000000000        0.8869204367        0.1064304524        0.0045116119
       56.7346940000        1.0000000000        1.0000000000       57.2022087186        0.0000000000        0.8869204367        0.1064304524        0.0010444498
       56.8367350000        1.0000000000        1.0000000000       75.2810439256        0.0000000000        0.8869204367        0.1064304524        0.0001193172
       56.9387760000        1.0000000000        1.0000000000      103.7183924109        0.0000000000        0.8869204367        0.1064304524        0.0000039326
       57.0408160000        1.0000000000        1.0000000000      152.6696251911        0.0000000000        0.8869204367        0.1064304524        0.0000000111
       57.1428570000        1.0000000000        1.0000000000      251.0553442774        0.0000000000        0.8869204367        0.1064304524        0.0000000000
       57.2448980000        1.0000000000        1.0000000000      495.0691865730        0.0000000000        0.8869204367        0.1064304524        0.0000000000
       57.3469390000        1.0000000000        1.0000000000     1152.2886934874        0.0000000000        0.8869204367        0.1064304524        0.0000000000
       57.4489800000        1.0000000000        1.0000000000     2584.9587070751        0.0000000000        0.8869204367        0.1064304524        0.0000000000
       57.5510200000        1.0000000000        1.0000000000     4467.7305471553        0.0000000000        0.8869204367        0.1064304524        0.0000000000
       57.6530610000        1.0000000000        1.0000000000     5299.6327835145        0.0000000000        0.8869204367        0.1064304524        0.0000000000
       57.7551020000        1.0000000000        1.0000000000     4207.6830854560        0.0000000000        0.8869204367        0.1064304524        0.0000000000
       57.8571430000        1.0000000000        1.0000000000     2363.4272386586        0.0000000000        0.8869204367        0.1064304524        0.0000000000
       57.9591840000        1.0000000000        1.0000000000     1094.9903632094        0.0000000000        0.8869204367        0.1064304524        0.0000000000
       58.0612240000        1.0000000000        1.0000000000      530.0026958401        0.0000000000        0.8869204367        0.1064304524        0.0000000000
       58.1632650000        1.0000000000        1.0000000000      309.1414039842        0.0000000000        0.8869204367        0.1064304524        0.0000000000
       58.2653060000        1.0000000000        1.0000000000      210.5211618196        0.0000000000        0.8869204367        0.1064304524        0.0000000000
       58.3673470000        1.0000000000        1.0000000000      156.8103842386        0.0000000000        0.8869204367        0.1064304524        0.0000000067
       58.4693880000        1.0000000000        1.0000000000      123.4057491737        0.0000000000        0.8869204367        0.1064304524        0.0000003704
       58.5714290000        1.0000000000        1.0000000000      100.9401750221        0.0000000000        0.8869204367        0.1064304524        0.0000054887
       58.6734690000        1.0000000000        1.0000000000       85.1904844777        0.0000000000        0.8869204367        0.1064304524        0.0000363303
       58.7755100000        1.0000000000        1.0000000000       74.5234892453        0.0000000000        0.8869204367        0.1064304524        0.0001306722
       58.8775510000        1.0000000000        1.0000000000       68.7589458694        0.0000000000        0.8869204367        0.1064304524        0.0002609782
       58.9795920000        1.0000000000        1.0000000000       66.1821882793        0.0000000000        0.8869204367        0.1064304524        0.0003555436
       59.0816330000        1.0000000000        1.0000000000       61.9489288168        0.0000000000        0.8869204367        0.1064304524        0.0005908955
       59.1836730000        1.0000000000        1.0000000000       54.0646597316        0.0000000000        0.8869204367        0.1064304524        0.0015219556
       59.2857140000        1.0000000000        1.0000000000       46.1571882129        0.0000000000        0.8869204367        0.1064304524        0.0039309955
       59.3877550000        1.0000000000        1.0000000000       40.7918187790        0.0000000000        0.8869204367        0.1064304524        0.0074837726
       59.4897960000        1.0000000000        1.0000000000       37.3458526426        0.0000000000        0.8869204367        0.1064304524        0.0113163996
       59.5918370000        1.0000000000        1.0000000000       34.7772015439        0.0000000000        0.8869204367        0.1064304524        0.0154019033
       59.6938780000        1.0000000000        1.0000000000       32.6510337922        0.0000000000        0.8869204367        0.1064304524        0.0198783505
       59.7959180000        1.0000000000        1.0000000000       30.8255083116        0.0000000000        0.8869204367        0.1064304524        0.0247467528
       59.8979590000        1.0000000000        1.0000000000       29.2346250951        0.0000000000        0.8869204367        0.1064304524        0.0299521248
       60.0000000000        1.0000000000        1.0000000000       27.8351482921        0.0000000000        0.8869204367        0.1064304524        0.0354292406
