       55.0000000000        1.0000000000        1.0000000000       11.3596223042        0.0000000000        0.8869204367        0.1064304524        0.2558523710
       55.1020410000        1.0000000000        1.0000000000       12.1984491529        0.0000000000        0.8869204367        0.1064304524        0.2313522361
       55.2040820000        1.0000000000        1.0000000000       13.1929615133        0.0000000000        0.8869204367        0.1064304524        0.2053261925
       55.3061220000        1.0000000000        1.0000000000       14.3836414266        0.0000000000        0.8869204367        0.1064304524        0.1779883872
       55.4081630000        1.0000000000        1.0000000000       15.8418945792        0.0000000000        0.8869204367        0.1064304524        0.1494150389
       55.5102040000        1.0000000000        1.0000000000       17.7349908096        0.0000000000        0.8869204367        0.1064304524        0.1190515249
       55.6122450000        1.0000000000        1.0000000000       20.3531741222        0.0000000000        0.8869204367        0.1064304524        0.0869535775
       55.7142860000        1.0000000000        1.0000000000       23.7090650917        0.0000000000        0.8869204367        0.1064304524        0.0581291621
       55.8163270000        1.0000000000        1.0000000000       27.1729809334        0.0000000000        0.8869204367        0.1064304524        0.0383593217
       55.9183670000        1.0000000000        1.0000000000       30.5669442601        0.0000000000        0.8869204367        0.1064304524        0.0255266235
       56.0204080000        1.0000000000        1.0000000000       34.9302078036        0.0000000000        0.8869204367        0.1064304524        0.0151216931
       56.1224490000        1.0000000000        1.0000000000       41.2748950246        0.0000000000        0.8869204367        0.1064304524        0.0070622795
       56.2244900000        1.0000000000        1.0000000000       50.1849213309        0.0000000000        0.8869204367        0.1064304524        0.0024243531
       56.3265310000        1.0000000000        1.0000000000       62.5860248284        0.0000000000        0.8869204367        0.1064304524        0.0005474043
       56.4285710000        1.0000000000        1.0000000000       80.3200225632        0.0000000000        0.8869204367        0.1064304524        0.0000651771
       56.5306120000        1.0000000000        1.0000000000      106.8772743738        0.0000000000        0.8869204367        0.1064304524        0.0000026919
       56.6326530000        1.0000000000        1.0000000000      149.4314206093        0.0000000000        0.8869204367        0.1064304524        0.0000000163
       56.7346940000        1.0000000000        1.0000000000      225.6107053881        0.0000000000        0.8869204367        0.1064304524        0.0000000000
       56.8367350000        1.0000000000        1.0000000000      388.8982825689        0.0000000000        0.8869204367        0.1064304524        0.0000000000
       56.9387760000        1.0000000000        1.0000000000      803.6983200157        0.0000000000        0.8869204367        0.1064304524        0.0000000000
       57.0408160000        1.0000000000        1.0000000000     1804.3432679233        0.0000000000        0.8869204367        0.1064304524        0.0000000000
       57.1428570000        1.0000000000        1.0000000000     3512.3227590610        0.0000000000        0.8869204367        0.1064304524        0.0000000000
       57.2448980000        1.0000000000        1.0000000000     5101.5244896264        0.0000000000        0.8869204367        0.1064304524        0.0000000000
       57.3469390000        1.0000000000        1.0000000000     5416.2247182843        0.0000000000        0.8869204367        0.1064304524        0.0000000000
       57.4489800000        1.0000000000        1.0000000000     4449.0845156142        0.0000000000        0.8869204367        0.1064304524        0.0000000000
       57.5510200000        1.0000000000        1.0000000000     2946.4760292151        0.0000000000        0.8869204367        0.1064304524        0.0000000000
       57.6530610000        1.0000000000        1.0000000000     1607.6475027406        0.0000000000        0.8869204367        0.1064304524        0.0000000000
       57.7551020000        1.0000000000        1.0000000000      802.5274733146        0.0000000000        0.8869204367        0.1064304524        0.0000000000
       57.8571430000        1.0000000000        1.0000000000      440.1069346022        0.0000000000        0.8869204367        0.1064304524        0.0000000000
       57.9591840000        1.0000000000        1.0000000000      285.1794812803        0.0000000000        0.8869204367        0.1064304524        0.0000000000
       58.0612240000        1.0000000000        1.0000000000      207.4206495375        0.0000000000        0.8869204367        0.1064304524        0.0000000000
       58.1632650000        1.0000000000        1.0000000000      161.0676762398        0.0000000000        0.8869204367        0.1064304524        0.0000000040
       58.2653060000        1.0000000000        1.0000000000      130.4203721990        0.0000000000        0.8869204367        0.1064304524        0.0000001596
       58.3673470000        1.0000000000        1.0000000000      108.8458919774        0.0000000000        0.8869204367        0.1064304524        0.0000021255
       58.4693880000        1.0000000000        1.0000000000       92.9816105864        0.0000000000        0.8869204367        0.1064304524        0.0000142637
       58.5714290000        1.0000000000        1.0000000000       80.9520921553        0.0000000000        0.8869204367        0.1064304524        0.0000604163
       58.6734690000        1.0000000000        1.0000000000       71.7797178198        0.0000000000        0.8869204367        0.1064304524        0.0001816251
       58.7755100000        1.0000000000        1.0000000000       65.4382689847        0.0000000000        0.8869204367        0.1064304524        0.0003887429
       58.8775510000        1.0000000000        1.0000000000       62.6128460117        0.0000000000        0.8869204367        0.1064304524        0.0005456452
       58.9795920000        1.0000000000        1.0000000000       62.0831671133        0.0000000000        0.8869204367        0.1064304524        0.0005814532
       59.0816330000        1.0000000000        1.0000000000       59.3053940554        0.0000000000        0.8869204367        0.1064304524        0.0008114829
       59.1836730000        1.0000000000        1.0000000000       52.4742605109        0.0000000000        0.8869204367        0.1064304524        0.0018419854
       59.2857140000        1.0000000000        1.0000000000       45.3401226781        0.0000000000        0.8869204367        0.1064304524        0.0043359492
       59.3877550000        1.0000000000        1.0000000000       40.5484507436        0.0000000000        0.8869204367        0.1064304524        0.0077055526
       59.4897960000        1.0000000000        1.0000000000       37.5305966232        0.0000000000        0.8869204367        0.1064304524        0.0110682836
       59.5918370000        1.0000000000        1.0000000000       35.2827769027        0.0000000000        0.8869204367        0.1064304524        0.0144952651
       59.6938780000        1.0000000000        1.0000000000       33.3975669745        0.0000000000        0.8869204367        0.1064304524        0.0181750040
       59.7959180000        1.0000000000        1.0000000000       31.7529017353        0.0000000000        0.8869204367        0.1064304524        0.0221404681
       59.8979590000        1.0000000000        1.0000000000       30.2972238966        0.0000000000        0.8869204367        0.1064304524        0.0263663457
       60.0000000000        1.0000000000        1.0000000000       28.9979754788        0.0000000000        0.8869204367        0.1064304524        0.0308148964
