       55.0000000000        1.0000000000        1.0000000000        7.7429625126        0.0000000000        0.8869204367        0.1064304524        0.3948870511
       55.1020410000        1.0000000000        1.0000000000        7.9211611269        0.0000000000        0.8869204367        0.1064304524        0.3865324966
       55.2040820000        1.0000000000        1.0000000000        8.1492249658        0.0000000000        0.8869204367        0.1064304524        0.3760974492
       55.3061220000        1.0000000000        1.0000000000        8.4464625126        0.0000000000        0.8869204367        0.1064304524        0.3629190394
       55.4081630000        1.0000000000        1.0000000000        8.8576874565        0.0000000000        0.8869204367        0.1064304524        0.3454447731
       55.5102040000        1.0000000000        1.0000000000        9.5179752343        0.0000000000        0.8869204367        0.1064304524        0.3191299067
       55.6122450000        1.0000000000        1.0000000000       10.6856067010        0.0000000000        0.8869204367        0.1064304524        0.2774060937
       55.7142860000        1.0000000000        1.0000000000       12.3468094608        0.0000000000        0.8869204367        0.1064304524        0.2272698649
       55.8163270000        1.0000000000        1.0000000000       13.8236509608        0.0000000000        0.8869204367        0.1064304524        0.1903600281
       55.9183670000        1.0000000000        1.0000000000       14.8498311752        0.0000000000        0.8869204367        0.1064304524        0.1683046177
       56.0204080000        1.0000000000        1.0000000000       16.4028841909        0.0000000000        0.8869204367        0.1064304524        0.1396876943
       56.1224490000        1.0000000000        1.0000000000       19.5358917008        0.0000000000        0.8869204367        0.1064304524        0.0959136469
       56.2244900000        1.0000000000        1.0000000000       25.1016104684        0.0000000000        0.8869204367        0.1064304524        0.0491836879
       56.3265310000        1.0000000000        1.0000000000       35.1551783624        0.0000000000        0.8869204367        0.1064304524        0.0147189220
       56.4285710000        1.0000000000        1.0000000000       57.0256151075        0.0000000000        0.8869204367        0.1064304524        0.0010668192
       56.5306120000        1.0000000000        1.0000000000      122.5127528976        0.0000000000        0.8869204367        0.1064304524        0.0000004123
       56.6326530000        1.0000000000        1.0000000000      344.8801035158        0.0000000000        0.8869204367        0.1064304524        0.0000000000
       56.7346940000        1.0000000000        1.0000000000      914.2528834472        0.0000000000        0.8869204367        0.1064304524        0.0000000000
       56.8367350000        1.0000000000        1.0000000000     1710.8717938505        0.0000000000        0.8869204367        0.1064304524        0.0000000000
       56.9387760000        1.0000000000        1.0000000000     2022.4131585459        0.0000000000        0.8869204367        0.1064304524        0.0000000000
       57.0408160000        1.0000000000        1.0000000000     1507.7721444210        0.0000000000        0.8869204367        0.1064304524        0.0000000000
       57.1428570000        1.0000000000        1.0000000000      825.3153079928        0.0000000000        0.8869204367        0.1064304524        0.0000000000
       57.2448980000        1.0000000000        1.0000000000      488.9223816446        0.0000000000        0.8869204367        0.1064304524        0.0000000000
       57.3469390000        1.0000000000        1.0000000000      349.5432503513        0.0000000000        0.8869204367        0.1064304524        0.0000000000
       57.4489800000        1.0000000000        1.0000000000      218.8691638022        0.0000000000        0.8869204367        0.1064304524        0.0000000000
       57.5510200000        1.0000000000        1.0000000000      114.8027071173        0.0000000000        0.8869204367        0.1064304524        0.0000010400
       57.6530610000        1.0000000000        1.0000000000       64.3782125044        0.0000000000        0.8869204367        0.1064304524        0.0004414766
       57.7551020000        1.0000000000        1.0000000000       44.9979397254        0.0000000000        0.8869204367        0.1064304524        0.0045176977
       57.8571430000        1.0000000000        1.0000000000       36.1797717324        0.0000000000        0.8869204367        0.1064304524        0.0130160430
       57.9591840000        1.0000000000        1.0000000000       30.8752383282        0.0000000000        0.8869204367        0.1064304524        0.0245995138
       58.0612240000        1.0000000000        1.0000000000       27.2009787756        0.0000000000        0.8869204367        0.1064304524        0.0382306606
       58.1632650000        1.0000000000        1.0000000000       24.4907105835        0.0000000000        0.8869204367        0.1064304524        0.0529246926
       58.2653060000        1.0000000000        1.0000000000       22.4138822259        0.0000000000        0.8869204367        0.1064304524        0.0679036244
       58.3673470000        1.0000000000        1.0000000000       20.7803032528        0.0000000000        0.8869204367        0.1064304524        0.0826090211
       58.4693880000        1.0000000000        1.0000000000       19.4765300525        0.0000000000        0.8869204367        0.1064304524        0.0965993172
       58.5714290000        1.0000000000        1.0000000000       18.4567384384        0.0000000000        0.8869204367        0.1064304524        0.1091744069
       58.6734690000        1.0000000000        1.0000000000       17.8536867004        0.0000000000        0.8869204367        0.1064304524        0.1173678330
       58.7755100000        1.0000000000        1.0000000000       18.3473329288        0.0000000000        0.8869204367        0.1064304524        0.1106171707
       58.8775510000        1.0000000000        1.0000000000       21.0396396025        0.0000000000        0.8869204367        0.1064304524        0.0800777892
       58.9795920000        1.0000000000        1.0000000000       24.9074016188        0.0000000000        0.8869204367        0.1064304524        0.0503433777
       59.0816330000        1.0000000000        1.0000000000       25.6245180824        0.0000000000        0.8869204367        0.1064304524        0.0461922996
       59.1836730000        1.0000000000        1.0000000000       21.7561541172        0.0000000000        0.8869204367        0.1064304524        0.0734802590
       59.2857140000        1.0000000000        1.0000000000       17.2876024402        0.0000000000        0.8869204367        0.1064304524        0.1256176772
       59.3877550000        1.0000000000        1.0000000000       14.8636779015        0.0000000000        0.8869204367        0.1064304524        0.1680251937
       59.4897960000        1.0000000000        1.0000000000       13.8989450518        0.0000000000        0.8869204367        0.1064304524        0.1886478166
       59.5918370000        1.0000000000        1.0000000000       13.4306016683        0.0000000000        0.8869204367        0.1064304524        0.1995536413
       59.6938780000        1.0000000000        1.0000000000       13.1019136858        0.0000000000        0.8869204367        0.1064304524        0.2075818328
       59.7959180000        1.0000000000        1.0000000000       12.8302640443        0.0000000000        0.8869204367        0.1064304524        0.2144600757
       59.8979590000        1.0000000000        1.0000000000       12.5939242650        0.0000000000        0.8869204367        0.1064304524        0.2206293992
       60.0000000000        1.0000000000        1.0000000000       12.3837083793        0.0000000000        0.8869204367        0.1064304524        0.2262657681
