       55.0000000000        1.0000000000        1.0000000000        7.3493278054        0.0000000000        0.8869204367        0.1064304524        0.4139875671
       55.1020410000        1.0000000000        1.0000000000        7.3567096088        0.0000000000        0.8869204367        0.1064304524        0.4136210125
       55.2040820000        1.0000000000        1.0000000000        7.3697806687        0.0000000000        0.8869204367        0.1064304524        0.4129727453
       55.3061220000        1.0000000000        1.0000000000        7.3938420542        0.0000000000        0.8869204367        0.1064304524        0.4117820615
       55.4081630000        1.0000000000        1.0000000000        7.4539316502        0.0000000000        0.8869204367        0.1064304524        0.4088234830
       55.5102040000        1.0000000000        1.0000000000        7.6571704676        0.0000000000        0.8869204367        0.1064304524        0.3989734299
       55.6122450000        1.0000000000        1.0000000000        8.2240471640        0.0000000000        0.8869204367        0.1064304524        0.3727357111
       55.7142860000        1.0000000000        1.0000000000        9.0885512874        0.0000000000        0.8869204367        0.1064304524        0.3360060361
       55.8163270000        1.0000000000        1.0000000000        9.4814548654        0.0000000000        0.8869204367        0.1064304524        0.3205315448
       55.9183670000        1.0000000000        1.0000000000        8.9725255245        0.0000000000        0.8869204367        0.1064304524        0.3407169984
       56.0204080000        1.0000000000        1.0000000000        8.2730163991        0.0000000000        0.8869204367        0.1064304524        0.3705518241
       56.1224490000        1.0000000000        1.0000000000        7.9690172385        0.0000000000        0.8869204367        0.1064304524        0.3843191051
       56.2244900000        1.0000000000        1.0000000000        7.9788829182        0.0000000000        0.8869204367        0.1064304524        0.3838643860
       56.3265310000        1.0000000000        1.0000000000        8.1190815144        0.0000000000        0.8869204367        0.1064304524        0.3774603376
       56.4285710000        1.0000000000        1.0000000000        8.3312902521        0.0000000000        0.8869204367        0.1064304524        0.3679696451
       56.5306120000        1.0000000000        1.0000000000        8.6179955401        0.0000000000        0.8869204367        0.1064304524        0.3555250867
       56.6326530000        1.0000000000        1.0000000000        9.0011086576        0.0000000000        0.8869204367        0.1064304524        0.3395503492
       56.7346940000        1.0000000000        1.0000000000        9.5167678038        0.0000000000        0.8869204367        0.1064304524        0.3191761493
       56.8367350000        1.0000000000        1.0000000000       10.2212182453        0.0000000000        0.8869204367        0.1064304524        0.2933038462
       56.9387760000        1.0000000000        1.0000000000       11.2039433733        0.0000000000        0.8869204367        0.1064304524        0.2606769951
       57.0408160000        1.0000000000        1.0000000000       12.6133861194        0.0000000000        0.8869204367        0.1064304524        0.2201147375
       57.1428570000        1.0000000000        1.0000000000       14.7103789993        0.0000000000        0.8869204367        0.1064304524        0.1711447687
       57.2448980000        1.0000000000        1.0000000000       17.9907733792        0.0000000000        0.8869204367        0.1064304524        0.1154528791
       57.3469390000        1.0000000000        1.0000000000       23.5265028122        0.0000000000        0.8869204367        0.1064304524        0.0594166768
       57.4489800000        1.0000000000        1.0000000000       34.2824170434        0.0000000000        0.8869204367        0.1064304524        0.0163440715
       57.5510200000        1.0000000000        1.0000000000       61.7823613294        0.0000000000        0.8869204367        0.1064304524        0.0006028252
       57.6530610000        1.0000000000        1.0000000000      154.5577682402        0.0000000000        0.8869204367        0.1064304524        0.0000000088
       57.7551020000        1.0000000000        1.0000000000      447.2851287810        0.0000000000        0.8869204367        0.1064304524        0.0000000000
       57.8571430000        1.0000000000        1.0000000000     1047.2697523044        0.0000000000        0.8869204367        0.1064304524        0.0000000000
       57.9591840000        1.0000000000        1.0000000000     1626.8812717386        0.0000000000        0.8869204367        0.1064304524        0.0000000000
       58.0612240000        1.0000000000        1.0000000000     1572.2237928055        0.0000000000        0.8869204367        0.1064304524        0.0000000000
       58.1632650000        1.0000000000        1.0000000000      959.9490112044        0.0000000000        0.8869204367        0.1064304524        0.0000000000
       58.2653060000        1.0000000000        1.0000000000      412.8260074529        0.0000000000        0.8869204367        0.1064304524        0.0000000000
       58.3673470000        1.0000000000        1.0000000000      162.6862073982        0.0000000000        0.8869204367        0.1064304524        0.0000000033
       58.4693880000        1.0000000000        1.0000000000       81.2489246412        0.0000000000        0.8869204367        0.1064304524        0.0000583022
       58.5714290000        1.0000000000        1.0000000000       53.4141166623        0.0000000000        0.8869204367        0.1064304524        0.0016455280
       58.6734690000        1.0000000000        1.0000000000       40.7958388714        0.0000000000        0.8869204367        0.1064304524        0.0074801632
       58.7755100000        1.0000000000        1.0000000000       34.5435467449        0.0000000000        0.8869204367        0.1064304524        0.0158398619
       58.8775510000        1.0000000000        1.0000000000       32.9931323627        0.0000000000        0.8869204367        0.1064304524        0.0190788310
       58.9795920000        1.0000000000        1.0000000000       34.0329195979        0.0000000000        0.8869204367        0.1064304524        0.0168408070
       59.0816330000        1.0000000000        1.0000000000       32.7891332880        0.0000000000        0.8869204367        0.1064304524        0.0195516422
       59.1836730000        1.0000000000        1.0000000000       27.4924883443        0.0000000000        0.8869204367        0.1064304524        0.0369164288
       59.2857140000        1.0000000000        1.0000000000       21.9329438414        0.0000000000        0.8869204367        0.1064304524        0.0719378116
       59.3877550000        1.0000000000        1.0000000000       18.6605761006        0.0000000000        0.8869204367        0.1064304524        0.1065363399
       59.4897960000        1.0000000000        1.0000000000       17.0326961433        0.0000000000        0.8869204367        0.1064304524        0.1295195379
       59.5918370000        1.0000000000        1.0000000000       16.0400296131        0.0000000000        0.8869204367        0.1064304524        0.1459044164
       59.6938780000        1.0000000000        1.0000000000       15.2907234442        0.0000000000        0.8869204367        0.1064304524        0.1596315689
       59.7959180000        1.0000000000        1.0000000000       14.6772449951        0.0000000000        0.8869204367        0.1064304524        0.1718266087
       59.8979590000        1.0000000000        1.0000000000       14.1600330284        0.0000000000        0.8869204367        0.1064304524        0.1828290047
       60.0000000000        1.0000000000        1.0000000000       13.7168330946        0.0000000000        0.8869204367        0.1064304524        0.1928157959
