       55.0000000000        1.0000000000        1.0000000000        7.0755202458        0.0000000000        0.8869204367        0.1064304524        0.4278158515
       55.1020410000        1.0000000000        1.0000000000        7.0998067098        0.0000000000        0.8869204367        0.1064304524        0.4265708505
       55.2040820000        1.0000000000        1.0000000000        7.1330705270        0.0000000000        0.8869204367        0.1064304524        0.4248715193
       55.3061220000        1.0000000000        1.0000000000        7.1812845789        0.0000000000        0.8869204367        0.1064304524        0.4224204434
       55.4081630000        1.0000000000        1.0000000000        7.2703847160        0.0000000000        0.8869204367        0.1064304524        0.4179279767
       55.5102040000        1.0000000000        1.0000000000        7.5085600988        0.0000000000        0.8869204367        0.1064304524        0.4061522410
       55.6122450000        1.0000000000        1.0000000000        8.1166769841        0.0000000000        0.8869204367        0.1064304524        0.3775692671
       55.7142860000        1.0000000000        1.0000000000        9.0275930522        0.0000000000        0.8869204367        0.1064304524        0.3384729280
       55.8163270000        1.0000000000        1.0000000000        9.4730580156        0.0000000000        0.8869204367        0.1064304524        0.3208546822
       55.9183670000        1.0000000000        1.0000000000        9.0293959342        0.0000000000        0.8869204367        0.1064304524        0.3383997087
       56.0204080000        1.0000000000        1.0000000000        8.4136825618        0.0000000000        0.8869204367        0.1064304524        0.3643494270
       56.1224490000        1.0000000000        1.0000000000        8.2137849719        0.0000000000        0.8869204367        0.1064304524        0.3731950041
       56.2244900000        1.0000000000        1.0000000000        8.3509113066        0.0000000000        0.8869204367        0.1064304524        0.3671042700
       56.3265310000        1.0000000000        1.0000000000        8.6477882125        0.0000000000        0.8869204367        0.1064304524        0.3542563110
       56.4285710000        1.0000000000        1.0000000000        9.0552000885        0.0000000000        0.8869204367        0.1064304524        0.3373534752
       56.5306120000        1.0000000000        1.0000000000        9.5881047382        0.0000000000        0.8869204367        0.1064304524        0.3164555250
       56.6326530000        1.0000000000        1.0000000000       10.2859275388        0.0000000000        0.8869204367        0.1064304524        0.2910351279
       56.7346940000        1.0000000000        1.0000000000       11.2101628852        0.0000000000        0.8869204367        0.1064304524        0.2604825136
       56.8367350000        1.0000000000        1.0000000000       12.4549070257        0.0000000000        0.8869204367        0.1064304524        0.2243408251
       56.9387760000        1.0000000000        1.0000000000       14.1681730879        0.0000000000        0.8869204367        0.1064304524        0.1826505032
       57.0408160000        1.0000000000        1.0000000000       16.5928234094        0.0000000000        0.8869204367        0.1064304524        0.1365398441
       57.1428570000        1.0000000000        1.0000000000       20.1503334612        0.0000000000        0.8869204367        0.1064304524        0.0890960734
       57.2448980000        1.0000000000        1.0000000000       25.6293146274        0.0000000000        0.8869204367        0.1064304524        0.0461657196
       57.3469390000        1.0000000000        1.0000000000       34.6907124444        0.0000000000        0.8869204367        0.1064304524        0.0155625873
       57.4489800000        1.0000000000        1.0000000000       51.6728698746        0.0000000000        0.8869204367        0.1064304524        0.0020279205
       57.5510200000        1.0000000000        1.0000000000       91.9978612969        0.0000000000        0.8869204367        0.1064304524        0.0000160509
       57.6530610000        1.0000000000        1.0000000000      217.4415799362        0.0000000000        0.8869204367        0.1064304524        0.0000000000
       57.7551020000        1.0000000000        1.0000000000      604.1394833689        0.0000000000        0.8869204367        0.1064304524        0.0000000000
       57.8571430000        1.0000000000        1.0000000000     1426.6357725761        0.0000000000        0.8869204367        0.1064304524        0.0000000000
       57.9591840000        1.0000000000        1.0000000000     2312.4539509379        0.0000000000        0.8869204367        0.1064304524        0.0000000000
       58.0612240000        1.0000000000        1.0000000000     2377.0771756831        0.0000000000        0.8869204367        0.1064304524        0.0000000000
       58.1632650000        1.0000000000        1.0000000000     1558.1012075927        0.0000000000        0.8869204367        0.1064304524        0.0000000000
       58.2653060000        1.0000000000        1.0000000000      714.4587702078        0.0000000000        0.8869204367        0.1064304524        0.0000000000
       58.3673470000        1.0000000000        1.0000000000      288.0210517761        0.0000000000        0.8869204367        0.1064304524        0.0000000000
       58.4693880000        1.0000000000        1.0000000000      138.9412239831        0.0000000000        0.8869204367        0.1064304524        0.0000000574
       58.5714290000        1.0000000000        1.0000000000       87.1069714294        0.0000000000        0.8869204367        0.1064304524        0.0000288663
       58.6734690000        1.0000000000        1.0000000000       63.8937853368        0.0000000000        0.8869204367        0.1064304524        0.0004679008
       58.7755100000        1.0000000000        1.0000000000       51.7445078117        0.0000000000        0.8869204367        0.1064304524        0.0020105621
       58.8775510000        1.0000000000        1.0000000000       46.4600297659        0.0000000000        0.8869204367        0.1064304524        0.0037907038
       58.9795920000        1.0000000000        1.0000000000       44.9856723842        0.0000000000        0.8869204367        0.1064304524        0.0045243530
       59.0816330000        1.0000000000        1.0000000000       41.9805607720        0.0000000000        0.8869204367        0.1064304524        0.0064888673
       59.1836730000        1.0000000000        1.0000000000       35.3685179351        0.0000000000        0.8869204367        0.1064304524        0.0143468890
       59.2857140000        1.0000000000        1.0000000000       28.7621415318        0.0000000000        0.8869204367        0.1064304524        0.0316994172
       59.3877550000        1.0000000000        1.0000000000       24.6436764826        0.0000000000        0.8869204367        0.1064304524        0.0519620737
       59.4897960000        1.0000000000        1.0000000000       22.3331206274        0.0000000000        0.8869204367        0.1064304524        0.0685649042
       59.5918370000        1.0000000000        1.0000000000       20.7838028457        0.0000000000        0.8869204367        0.1064304524        0.0825743366
       59.6938780000        1.0000000000        1.0000000000       19.5732348110        0.0000000000        0.8869204367        0.1064304524        0.0954848028
       59.7959180000        1.0000000000        1.0000000000       18.5720042131        0.0000000000        0.8869204367        0.1064304524        0.1076747139
       59.8979590000        1.0000000000        1.0000000000       17.7249104875        0.0000000000        0.8869204367        0.1064304524        0.1191956214
       60.0000000000        1.0000000000        1.0000000000       16.9981864343        0.0000000000        0.8869204367        0.1064304524        0.1300570118
