       55.0000000000        1.0000000000        1.0000000000        7.4653034452        0.0000000000        0.8869204367        0.1064304524        0.4082659766
       55.1020410000        1.0000000000        1.0000000000        7.4861022318        0.0000000000        0.8869204367        0.1064304524        0.4072482748
       55.2040820000        1.0000000000        1.0000000000        7.5157877370        0.0000000000        0.8869204367        0.1064304524        0.4058001311
       55.3061220000        1.0000000000        1.0000000000        7.5605470280        0.0000000000        0.8869204367        0.1064304524        0.4036263750
       55.4081630000        1.0000000000        1.0000000000        7.6466026999        0.0000000000        0.8869204367        0.1064304524        0.3994797018
       55.5102040000        1.0000000000        1.0000000000        7.8826452325        0.0000000000        0.8869204367        0.1064304524        0.3883231489
       55.6122450000        1.0000000000        1.0000000000        8.4910959044        0.0000000000        0.8869204367        0.1064304524        0.3609804387
       55.7142860000        1.0000000000        1.0000000000        9.4082851909        0.0000000000        0.8869204367        0.1064304524        0.3233583193
       55.8163270000        1.0000000000        1.0000000000        9.8687822353        0.0000000000        0.8869204367        0.1064304524        0.3059743916
       55.9183670000        1.0000000000        1.0000000000        9.4487240354        0.0000000000        0.8869204367        0.1064304524        0.3217929720
       56.0204080000        1.0000000000        1.0000000000        8.8679035601        0.0000000000        0.8869204367        0.1064304524        0.3450215407
       56.1224490000        1.0000000000        1.0000000000        8.7238280746        0.0000000000        0.8869204367        0.1064304524        0.3510385021
       56.2244900000        1.0000000000        1.0000000000        8.9520514658        0.0000000000        0.8869204367        0.1064304524        0.3415551308
       56.3265310000        1.0000000000        1.0000000000        9.3962622008        0.0000000000        0.8869204367        0.1064304524        0.3238251841
       56.4285710000        1.0000000000        1.0000000000       10.0418320669        0.0000000000        0.8869204367        0.1064304524        0.2996860513
       56.5306120000        1.0000000000        1.0000000000       10.9640753894        0.0000000000        0.8869204367        0.1064304524        0.2682893956
       56.6326530000        1.0000000000        1.0000000000       12.3125297210        0.0000000000        0.8869204367        0.1064304524        0.2282066807
       56.7346940000        1.0000000000        1.0000000000       14.3619633523        0.0000000000        0.8869204367        0.1064304524        0.1784520034
       56.8367350000        1.0000000000        1.0000000000       17.6569011278        0.0000000000        0.8869204367        0.1064304524        0.1201723718
       56.9387760000        1.0000000000        1.0000000000       23.4606758265        0.0000000000        0.8869204367        0.1064304524        0.0598878819
       57.0408160000        1.0000000000        1.0000000000       35.7895953023        0.0000000000        0.8869204367        0.1064304524        0.0136399617
       57.1428570000        1.0000000000        1.0000000000       72.1405276742        0.0000000000        0.8869204367        0.1064304524        0.0001739290
       57.2448980000        1.0000000000        1.0000000000      201.2189802974        0.0000000000        0.8869204367        0.1064304524        0.0000000000
       57.3469390000        1.0000000000        1.0000000000      566.4099506556        0.0000000000        0.8869204367        0.1064304524        0.0000000000
       57.4489800000        1.0000000000        1.0000000000     1160.0497686570        0.0000000000        0.8869204367        0.1064304524        0.0000000000
       57.5510200000        1.0000000000        1.0000000000     1508.1636598573        0.0000000000        0.8869204367        0.1064304524        0.0000000000
       57.6530610000        1.0000000000        1.0000000000     1207.1149223787        0.0000000000        0.8869204367        0.1064304524        0.0000000000
       57.7551020000        1.0000000000        1.0000000000      623.5797781167        0.0000000000        0.8869204367        0.1064304524        0.0000000000
       57.8571430000        1.0000000000        1.0000000000      244.6790043992        0.0000000000        0.8869204367        0.1064304524        0.0000000000
       57.9591840000        1.0000000000        1.0000000000      102.0967709612        0.0000000000        0.8869204367        0.1064304524        0.0000047774
       58.0612240000        1.0000000000        1.0000000000       58.0371726175        0.0000000000        0.8869204367        0.1064304524        0.0009448724
       58.1632650000        1.0000000000        1.0000000000       41.3529680213        0.0000000000        0.8869204367        0.1064304524        0.0069964237
       58.2653060000        1.0000000000        1.0000000000       32.7294822695        0.0000000000        0.8869204367        0.1064304524        0.0196920974
       58.3673470000        1.0000000000        1.0000000000       27.4254413001        0.0000000000        0.8869204367        0.1064304524        0.0372146434
       58.4693880000        1.0000000000        1.0000000000       23.8717063791        0.0000000000        0.8869204367        0.1064304524        0.0570056573
       58.5714290000        1.0000000000        1.0000000000       21.3939233196        0.0000000000        0.8869204367        0.1064304524        0.0767447117
       58.6734690000        1.0000000000        1.0000000000       19.8078053319        0.0000000000        0.8869204367        0.1064304524        0.0928345280
       58.7755100000        1.0000000000        1.0000000000       19.6185662369        0.0000000000        0.8869204367        0.1064304524        0.0949667975
       58.8775510000        1.0000000000        1.0000000000       21.8243803965        0.0000000000        0.8869204367        0.1064304524        0.0728811208
       58.9795920000        1.0000000000        1.0000000000       25.3360306946        0.0000000000        0.8869204367        0.1064304524        0.0478194086
       59.0816330000        1.0000000000        1.0000000000       25.7866890223        0.0000000000        0.8869204367        0.1064304524        0.0453020641
       59.1836730000        1.0000000000        1.0000000000       21.7199689140        0.0000000000        0.8869204367        0.1064304524        0.0738000205
       59.2857140000        1.0000000000        1.0000000000       17.1056411110        0.0000000000        0.8869204367        0.1064304524        0.1283907497
       59.3877550000        1.0000000000        1.0000000000       14.5734594265        0.0000000000        0.8869204367        0.1064304524        0.1739799648
       59.4897960000        1.0000000000        1.0000000000       13.5269475526        0.0000000000        0.8869204367        0.1064304524        0.1972597864
       59.5918370000        1.0000000000        1.0000000000       12.9965391285        0.0000000000        0.8869204367        0.1064304524        0.2102233598
       59.6938780000        1.0000000000        1.0000000000       12.6209575399        0.0000000000        0.8869204367        0.1064304524        0.2199148386
       59.7959180000        1.0000000000        1.0000000000       12.3141883422        0.0000000000        0.8869204367        0.1064304524        0.2281612642
       59.8979590000        1.0000000000        1.0000000000       12.0519064674        0.0000000000        0.8869204367        0.1064304524        0.2354565753
       60.0000000000        1.0000000000        1.0000000000       11.8229372374        0.0000000000        0.8869204367        0.1064304524        0.2420157509
