       55.0000000000        1.0000000000        1.0000000000       17.8611983132        0.0000000000        0.8869204367        0.1064304524        0.1172620861
       55.1020410000        1.0000000000        1.0000000000       19.8663238052        0.0000000000        0.8869204367        0.1064304524        0.0921849073
       55.2040820000        1.0000000000        1.0000000000       22.3180542544        0.0000000000        0.8869204367        0.1064304524        0.0686889793
       55.3061220000        1.0000000000        1.0000000000       25.3589428981        0.0000000000        0.8869204367        0.1064304524        0.0476881115
       55.4081630000        1.0000000000        1.0000000000       29.2107984238        0.0000000000        0.8869204367        0.1064304524        0.0300378865
       55.5102040000        1.0000000000        1.0000000000       34.2675144461        0.0000000000        0.8869204367        0.1064304524        0.0163733260
       55.6122450000        1.0000000000        1.0000000000       41.1675751105        0.0000000000        0.8869204367        0.1064304524        0.0071538185
       55.7142860000        1.0000000000        1.0000000000       50.4832376064        0.0000000000        0.8869204367        0.1064304524        0.0023391012
       55.8163270000        1.0000000000        1.0000000000       62.5804758792        0.0000000000        0.8869204367        0.1064304524        0.0005477689
       55.9183670000        1.0000000000        1.0000000000       79.1503737257        0.0000000000        0.8869204367        0.1064304524        0.0000749983
       56.0204080000        1.0000000000        1.0000000000      105.0389578486        0.0000000000        0.8869204367        0.1064304524        0.0000033563
       56.1224490000        1.0000000000        1.0000000000      150.6006284418        0.0000000000        0.8869204367        0.1064304524        0.0000000142
       56.2244900000        1.0000000000        1.0000000000      245.4325662577        0.0000000000        0.8869204367        0.1064304524        0.0000000000
       56.3265310000        1.0000000000        1.0000000000      492.1708411563        0.0000000000        0.8869204367        0.1064304524        0.0000000000
       56.4285710000        1.0000000000        1.0000000000     1162.6415017539        0.0000000000        0.8869204367        0.1064304524        0.0000000000
       56.5306120000        1.0000000000        1.0000000000     2521.6746540921        0.0000000000        0.8869204367        0.1064304524        0.0000000000
       56.6326530000        1.0000000000        1.0000000000     3997.9111334805        0.0000000000        0.8869204367        0.1064304524        0.0000000000
       56.7346940000        1.0000000000        1.0000000000     4164.2580539242        0.0000000000        0.8869204367        0.1064304524        0.0000000000
       56.8367350000        1.0000000000        1.0000000000     2816.0506147399        0.0000000000        0.8869204367        0.1064304524        0.0000000000
       56.9387760000        1.0000000000        1.0000000000     1331.5450580468        0.0000000000        0.8869204367        0.1064304524        0.0000000000
       57.0408160000        1.0000000000        1.0000000000      532.3733857683        0.0000000000        0.8869204367        0.1064304524        0.0000000000
       57.1428570000        1.0000000000        1.0000000000      238.3388662140        0.0000000000        0.8869204367        0.1064304524        0.0000000000
       57.2448980000        1.0000000000        1.0000000000      138.2679309206        0.0000000000        0.8869204367        0.1064304524        0.0000000622
       57.3469390000        1.0000000000        1.0000000000      101.3530579701        0.0000000000        0.8869204367        0.1064304524        0.0000052234
       57.4489800000        1.0000000000        1.0000000000       92.7536044191        0.0000000000        0.8869204367        0.1064304524        0.0000146593
       57.5510200000        1.0000000000        1.0000000000      109.4946947012        0.0000000000        0.8869204367        0.1064304524        0.0000019663
       57.6530610000        1.0000000000        1.0000000000      175.1888249824        0.0000000000        0.8869204367        0.1064304524        0.0000000007
       57.7551020000        1.0000000000        1.0000000000      389.7545727788        0.0000000000        0.8869204367        0.1064304524        0.0000000000
       57.8571430000        1.0000000000        1.0000000000     1030.3891490558        0.0000000000        0.8869204367        0.1064304524        0.0000000000
       57.9591840000        1.0000000000        1.0000000000     2394.8897227188        0.0000000000        0.8869204367        0.1064304524        0.0000000000
       58.0612240000        1.0000000000        1.0000000000     3981.1655530396        0.0000000000        0.8869204367        0.1064304524        0.0000000000
       58.1632650000        1.0000000000        1.0000000000     4358.3222423606        0.0000000000        0.8869204367        0.1064304524        0.0000000000
       58.2653060000        1.0000000000        1.0000000000     3155.2123735945        0.0000000000        0.8869204367        0.1064304524        0.0000000000
       58.3673470000        1.0000000000        1.0000000000     1652.1600612751        0.0000000000        0.8869204367        0.1064304524        0.0000000000
       58.4693880000        1.0000000000        1.0000000000      764.9073852820        0.0000000000        0.8869204367        0.1064304524        0.0000000000
       58.5714290000        1.0000000000        1.0000000000      401.1502283514        0.0000000000        0.8869204367        0.1064304524        0.0000000000
       58.6734690000        1.0000000000        1.0000000000      257.7011663000        0.0000000000        0.8869204367        0.1064304524        0.0000000000
       58.7755100000        1.0000000000        1.0000000000      189.8023968248        0.0000000000        0.8869204367        0.1064304524        0.0000000001
       58.8775510000        1.0000000000        1.0000000000      152.7195441803        0.0000000000        0.8869204367        0.1064304524        0.0000000110
       58.9795920000        1.0000000000        1.0000000000      130.8669586566        0.0000000000        0.8869204367        0.1064304524        0.0000001513
       59.0816330000        1.0000000000        1.0000000000      113.9143013668        0.0000000000        0.8869204367        0.1064304524        0.0000011570
       59.1836730000        1.0000000000        1.0000000000       97.0841844719        0.0000000000        0.8869204367        0.1064304524        0.0000087182
       59.2857140000        1.0000000000        1.0000000000       82.5016169865        0.0000000000        0.8869204367        0.1064304524        0.0000501649
       59.3877550000        1.0000000000        1.0000000000       72.0012237607        0.0000000000        0.8869204367        0.1064304524        0.0001768609
       59.4897960000        1.0000000000        1.0000000000       64.5467401513        0.0000000000        0.8869204367        0.1064304524        0.0004326382
       59.5918370000        1.0000000000        1.0000000000       58.7925255520        0.0000000000        0.8869204367        0.1064304524        0.0008629938
       59.6938780000        1.0000000000        1.0000000000       54.0853264057        0.0000000000        0.8869204367        0.1064304524        0.0015181859
       59.7959180000        1.0000000000        1.0000000000       50.1325782410        0.0000000000        0.8869204367        0.1064304524        0.0024396288
       59.8979590000        1.0000000000        1.0000000000       46.7628910799        0.0000000000        0.8869204367        0.1064304524        0.0036554103
       60.0000000000        1.0000000000        1.0000000000       43.8573401845        0.0000000000        0.8869204367        0.1064304524        0.0051803595
