       55.0000000000        1.0000000000        1.0000000000        8.7207174280        0.0000000000        0.8869204367        0.1064304524        0.3511695614
       55.1020410000        1.0000000000        1.0000000000        9.1374129733        0.0000000000        0.8869204367        0.1064304524        0.3340416622
       55.2040820000        1.0000000000        1.0000000000        9.6309424218        0.0000000000        0.8869204367        0.1064304524        0.3148329524
       55.3061220000        1.0000000000        1.0000000000       10.2222602943        0.0000000000        0.8869204367        0.1064304524        0.2932671721
       55.4081630000        1.0000000000        1.0000000000       10.9568295189        0.0000000000        0.8869204367        0.1064304524        0.2685227759
       55.5102040000        1.0000000000        1.0000000000       11.9676019773        0.0000000000        0.8869204367        0.1064304524        0.2378506705
       55.6122450000        1.0000000000        1.0000000000       13.5017426009        0.0000000000        0.8869204367        0.1064304524        0.1978573204
       55.7142860000        1.0000000000        1.0000000000       15.5174661132        0.0000000000        0.8869204367        0.1064304524        0.1553466926
       55.8163270000        1.0000000000        1.0000000000       17.2974342044        0.0000000000        0.8869204367        0.1064304524        0.1254695594
       55.9183670000        1.0000000000        1.0000000000       18.5196333095        0.0000000000        0.8869204367        0.1064304524        0.1083535273
       56.0204080000        1.0000000000        1.0000000000       20.0227656311        0.0000000000        0.8869204367        0.1064304524        0.0904704613
       56.1224490000        1.0000000000        1.0000000000       22.5312153912        0.0000000000        0.8869204367        0.1064304524        0.0669542421
       56.2244900000        1.0000000000        1.0000000000       26.1695176625        0.0000000000        0.8869204367        0.1064304524        0.0432679925
       56.3265310000        1.0000000000        1.0000000000       31.0841665626        0.0000000000        0.8869204367        0.1064304524        0.0239904370
       56.4285710000        1.0000000000        1.0000000000       37.7351498342        0.0000000000        0.8869204367        0.1064304524        0.0107999046
       56.5306120000        1.0000000000        1.0000000000       46.9675562481        0.0000000000        0.8869204367        0.1064304524        0.0035667276
       56.6326530000        1.0000000000        1.0000000000       60.2527499656        0.0000000000        0.8869204367        0.1064304524        0.0007242818
       56.7346940000        1.0000000000        1.0000000000       80.3175377714        0.0000000000        0.8869204367        0.1064304524        0.0000651965
       56.8367350000        1.0000000000        1.0000000000      112.8315005338        0.0000000000        0.8869204367        0.1064304524        0.0000013175
       56.9387760000        1.0000000000        1.0000000000      172.1516251059        0.0000000000        0.8869204367        0.1064304524        0.0000000011
       57.0408160000        1.0000000000        1.0000000000      303.6016627335        0.0000000000        0.8869204367        0.1064304524        0.0000000000
       57.1428570000        1.0000000000        1.0000000000      649.2134900188        0.0000000000        0.8869204367        0.1064304524        0.0000000000
       57.2448980000        1.0000000000        1.0000000000     1505.0523032650        0.0000000000        0.8869204367        0.1064304524        0.0000000000
       57.3469390000        1.0000000000        1.0000000000     3038.2834129398        0.0000000000        0.8869204367        0.1064304524        0.0000000000
       57.4489800000        1.0000000000        1.0000000000     4613.7878815270        0.0000000000        0.8869204367        0.1064304524        0.0000000000
       57.5510200000        1.0000000000        1.0000000000     4945.3873183122        0.0000000000        0.8869204367        0.1064304524        0.0000000000
       57.6530610000        1.0000000000        1.0000000000     3699.1193254558        0.0000000000        0.8869204367        0.1064304524        0.0000000000
       57.7551020000        1.0000000000        1.0000000000     2026.2552141809        0.0000000000        0.8869204367        0.1064304524        0.0000000000
       57.8571430000        1.0000000000        1.0000000000      940.4445020107        0.0000000000        0.8869204367        0.1064304524        0.0000000000
       57.9591840000        1.0000000000        1.0000000000      465.1767614181        0.0000000000        0.8869204367        0.1064304524        0.0000000000
       58.0612240000        1.0000000000        1.0000000000      278.2136195980        0.0000000000        0.8869204367        0.1064304524        0.0000000000
       58.1632650000        1.0000000000        1.0000000000      192.8981601644        0.0000000000        0.8869204367        0.1064304524        0.0000000001
       58.2653060000        1.0000000000        1.0000000000      145.4468624084        0.0000000000        0.8869204367        0.1064304524        0.0000000263
       58.3673470000        1.0000000000        1.0000000000      115.4831283813        0.0000000000        0.8869204367        0.1064304524        0.0000009584
       58.4693880000        1.0000000000        1.0000000000       95.0814618475        0.0000000000        0.8869204367        0.1064304524        0.0000110866
       58.5714290000        1.0000000000        1.0000000000       80.4880936187        0.0000000000        0.8869204367        0.1064304524        0.0000638757
       58.6734690000        1.0000000000        1.0000000000       69.8371271219        0.0000000000        0.8869204367        0.1064304524        0.0002293055
       58.7755100000        1.0000000000        1.0000000000       62.6446131170        0.0000000000        0.8869204367        0.1064304524        0.0005435692
       58.8775510000        1.0000000000        1.0000000000       59.3389879634        0.0000000000        0.8869204367        0.1064304524        0.0008082181
       58.9795920000        1.0000000000        1.0000000000       58.5415107818        0.0000000000        0.8869204367        0.1064304524        0.0008893842
       59.0816330000        1.0000000000        1.0000000000       55.6202667243        0.0000000000        0.8869204367        0.1064304524        0.0012627896
       59.1836730000        1.0000000000        1.0000000000       48.7415441223        0.0000000000        0.8869204367        0.1064304524        0.0028828229
       59.2857140000        1.0000000000        1.0000000000       41.6365268018        0.0000000000        0.8869204367        0.1064304524        0.0067623608
       59.3877550000        1.0000000000        1.0000000000       36.9188637663        0.0000000000        0.8869204367        0.1064304524        0.0119113488
       59.4897960000        1.0000000000        1.0000000000       33.9958948548        0.0000000000        0.8869204367        0.1064304524        0.0169157966
       59.5918370000        1.0000000000        1.0000000000       31.8530798112        0.0000000000        0.8869204367        0.1064304524        0.0218759028
       59.6938780000        1.0000000000        1.0000000000       30.0778900356        0.0000000000        0.8869204367        0.1064304524        0.0270695228
       59.7959180000        1.0000000000        1.0000000000       28.5449207283        0.0000000000        0.8869204367        0.1064304524        0.0325365734
       59.8979590000        1.0000000000        1.0000000000       27.2002929048        0.0000000000        0.8869204367        0.1064304524        0.0382338072
       60.0000000000        1.0000000000        1.0000000000       26.0098913088        0.0000000000        0.8869204367        0.1064304524        0.0441047869
