       55.0000000000        1.0000000000        1.0000000000       19.5788728103        0.0000000000        0.8869204367        0.1064304524        0.0954202234
       55.1020410000        1.0000000000        1.0000000000       22.6750542095        0.0000000000        0.8869204367        0.1064304524        0.0658084845
       55.2040820000        1.0000000000        1.0000000000       26.7442326626        0.0000000000        0.8869204367        0.1064304524        0.0403845530
       55.3061220000        1.0000000000        1.0000000000       32.2211102989        0.0000000000        0.8869204367        0.1064304524        0.0209308060
       55.4081630000        1.0000000000        1.0000000000       39.8301652184        0.0000000000        0.8869204367        0.1064304524        0.0083991915
       55.5102040000        1.0000000000        1.0000000000       50.8789421926        0.0000000000        0.8869204367        0.1064304524        0.0022306259
       55.6122450000        1.0000000000        1.0000000000       67.7986993502        0.0000000000        0.8869204367        0.1064304524        0.0002928518
       55.7142860000        1.0000000000        1.0000000000       95.1377874266        0.0000000000        0.8869204367        0.1064304524        0.0000110119
       55.8163270000        1.0000000000        1.0000000000      144.4047846951        0.0000000000        0.8869204367        0.1064304524        0.0000000298
       55.9183670000        1.0000000000        1.0000000000      256.9398561270        0.0000000000        0.8869204367        0.1064304524        0.0000000000
       56.0204080000        1.0000000000        1.0000000000      569.1039418135        0.0000000000        0.8869204367        0.1064304524        0.0000000000
       56.1224490000        1.0000000000        1.0000000000     1331.3924097699        0.0000000000        0.8869204367        0.1064304524        0.0000000000
       56.2244900000        1.0000000000        1.0000000000     2525.6658982384        0.0000000000        0.8869204367        0.1064304524        0.0000000000
       56.3265310000        1.0000000000        1.0000000000     3516.2035599593        0.0000000000        0.8869204367        0.1064304524        0.0000000000
       56.4285710000        1.0000000000        1.0000000000     3862.3070101408        0.0000000000        0.8869204367        0.1064304524        0.0000000000
       56.5306120000        1.0000000000        1.0000000000     3657.7077802461        0.0000000000        0.8869204367        0.1064304524        0.0000000000
       56.6326530000        1.0000000000        1.0000000000     2795.0475524783        0.0000000000        0.8869204367        0.1064304524        0.0000000000
       56.7346940000        1.0000000000        1.0000000000     1598.2098217417        0.0000000000        0.8869204367        0.1064304524        0.0000000000
       56.8367350000        1.0000000000        1.0000000000      748.9540347001        0.0000000000        0.8869204367        0.1064304524        0.0000000000
       56.9387760000        1.0000000000        1.0000000000      368.0063253659        0.0000000000        0.8869204367        0.1064304524        0.0000000000
       57.0408160000        1.0000000000        1.0000000000      222.0553809684        0.0000000000        0.8869204367        0.1064304524        0.0000000000
       57.1428570000        1.0000000000        1.0000000000      156.8110918663        0.0000000000        0.8869204367        0.1064304524        0.0000000067
       57.2448980000        1.0000000000        1.0000000000      120.3179719712        0.0000000000        0.8869204367        0.1064304524        0.0000005365
       57.3469390000        1.0000000000        1.0000000000       96.9565661224        0.0000000000        0.8869204367        0.1064304524        0.0000088527
       57.4489800000        1.0000000000        1.0000000000       80.8319008088        0.0000000000        0.8869204367        0.1064304524        0.0000612940
       57.5510200000        1.0000000000        1.0000000000       69.1284110307        0.0000000000        0.8869204367        0.1064304524        0.0002496603
       57.6530610000        1.0000000000        1.0000000000       60.3100419119        0.0000000000        0.8869204367        0.1064304524        0.0007193194
       57.7551020000        1.0000000000        1.0000000000       53.4685475011        0.0000000000        0.8869204367        0.1064304524        0.0016348149
       57.8571430000        1.0000000000        1.0000000000       48.0340912930        0.0000000000        0.8869204367        0.1064304524        0.0031382469
       57.9591840000        1.0000000000        1.0000000000       43.6324324412        0.0000000000        0.8869204367        0.1064304524        0.0053220756
       58.0612240000        1.0000000000        1.0000000000       40.0086245341        0.0000000000        0.8869204367        0.1064304524        0.0082212341
       58.1632650000        1.0000000000        1.0000000000       36.9836696152        0.0000000000        0.8869204367        0.1064304524        0.0118190770
       58.2653060000        1.0000000000        1.0000000000       34.4292191670        0.0000000000        0.8869204367        0.1064304524        0.0160586714
       58.3673470000        1.0000000000        1.0000000000       32.2522483646        0.0000000000        0.8869204367        0.1064304524        0.0208527425
       58.4693880000        1.0000000000        1.0000000000       30.3881297945        0.0000000000        0.8869204367        0.1064304524        0.0260802860
       58.5714290000        1.0000000000        1.0000000000       28.8149856673        0.0000000000        0.8869204367        0.1064304524        0.0314990378
       58.6734690000        1.0000000000        1.0000000000       27.6752185090        0.0000000000        0.8869204367        0.1064304524        0.0361157500
       58.7755100000        1.0000000000        1.0000000000       27.6528879798        0.0000000000        0.8869204367        0.1064304524        0.0362126578
       58.8775510000        1.0000000000        1.0000000000       29.8684042046        0.0000000000        0.8869204367        0.1064304524        0.0277586298
       58.9795920000        1.0000000000        1.0000000000       33.3391273592        0.0000000000        0.8869204367        0.1064304524        0.0183029088
       59.0816330000        1.0000000000        1.0000000000       33.7394020936        0.0000000000        0.8869204367        0.1064304524        0.0174445456
       59.1836730000        1.0000000000        1.0000000000       29.5620910506        0.0000000000        0.8869204367        0.1064304524        0.0287979543
       59.2857140000        1.0000000000        1.0000000000       24.7531098918        0.0000000000        0.8869204367        0.1064304524        0.0512841682
       59.3877550000        1.0000000000        1.0000000000       21.9870810247        0.0000000000        0.8869204367        0.1064304524        0.0714719851
       59.4897960000        1.0000000000        1.0000000000       20.7055036824        0.0000000000        0.8869204367        0.1064304524        0.0833538532
       59.5918370000        1.0000000000        1.0000000000       19.9478104461        0.0000000000        0.8869204367        0.1064304524        0.0912878796
       59.6938780000        1.0000000000        1.0000000000       19.3526614299        0.0000000000        0.8869204367        0.1064304524        0.0980459168
       59.7959180000        1.0000000000        1.0000000000       18.8339298211        0.0000000000        0.8869204367        0.1064304524        0.1043430158
       59.8979590000        1.0000000000        1.0000000000       18.3675489886        0.0000000000        0.8869204367        0.1064304524        0.1103491467
       60.0000000000        1.0000000000        1.0000000000       17.9425746976        0.0000000000        0.8869204367        0.1064304524        0.1161225751
