       55.0000000000        1.0000000000        1.0000000000       14.1817033960        0.0000000000        0.8869204367        0.1064304524        0.1823541857
       55.1020410000        1.0000000000        1.0000000000       15.3635425089        0.0000000000        0.8869204367        0.1064304524        0.1582427392
       55.2040820000        1.0000000000        1.0000000000       16.7496926801        0.0000000000        0.8869204367        0.1064304524        0.1339936160
       55.3061220000        1.0000000000        1.0000000000       18.3895911682        0.0000000000        0.8869204367        0.1064304524        0.1100576521
       55.4081630000        1.0000000000        1.0000000000       20.3657633510        0.0000000000        0.8869204367        0.1064304524        0.0868223153
       55.5102040000        1.0000000000        1.0000000000       22.8589193199        0.0000000000        0.8869204367        0.1064304524        0.0643723994
       55.6122450000        1.0000000000        1.0000000000       26.1733955692        0.0000000000        0.8869204367        0.1064304524        0.0432478625
       55.7142860000        1.0000000000        1.0000000000       30.3354424088        0.0000000000        0.8869204367        0.1064304524        0.0262457006
       55.8163270000        1.0000000000        1.0000000000       34.7386538071        0.0000000000        0.8869204367        0.1064304524        0.0154733134
       55.9183670000        1.0000000000        1.0000000000       39.2454638072        0.0000000000        0.8869204367        0.1064304524        0.0090096806
       56.0204080000        1.0000000000        1.0000000000       44.9360734633        0.0000000000        0.8869204367        0.1064304524        0.0045513617
       56.1224490000        1.0000000000        1.0000000000       52.8548918835        0.0000000000        0.8869204367        0.1064304524        0.0017597438
       56.2244900000        1.0000000000        1.0000000000       63.6137820879        0.0000000000        0.8869204367        0.1064304524        0.0004838896
       56.3265310000        1.0000000000        1.0000000000       78.1434289837        0.0000000000        0.8869204367        0.1064304524        0.0000846309
       56.4285710000        1.0000000000        1.0000000000       98.1965043893        0.0000000000        0.8869204367        0.1064304524        0.0000076288
       56.5306120000        1.0000000000        1.0000000000      126.8692964928        0.0000000000        0.8869204367        0.1064304524        0.0000002444
       56.6326530000        1.0000000000        1.0000000000      169.8739075249        0.0000000000        0.8869204367        0.1064304524        0.0000000014
       56.7346940000        1.0000000000        1.0000000000      238.8870743760        0.0000000000        0.8869204367        0.1064304524        0.0000000000
       56.8367350000        1.0000000000        1.0000000000      361.5211290406        0.0000000000        0.8869204367        0.1064304524        0.0000000000
       56.9387760000        1.0000000000        1.0000000000      613.8664434095        0.0000000000        0.8869204367        0.1064304524        0.0000000000
       57.0408160000        1.0000000000        1.0000000000     1207.5874385900        0.0000000000        0.8869204367        0.1064304524        0.0000000000
       57.1428570000        1.0000000000        1.0000000000     2557.5307046710        0.0000000000        0.8869204367        0.1064304524        0.0000000000
       57.2448980000        1.0000000000        1.0000000000     4850.4266763028        0.0000000000        0.8869204367        0.1064304524        0.0000000000
       57.3469390000        1.0000000000        1.0000000000     6977.1197392796        0.0000000000        0.8869204367        0.1064304524        0.0000000000
       57.4489800000        1.0000000000        1.0000000000     7046.3353086652        0.0000000000        0.8869204367        0.1064304524        0.0000000000
       57.5510200000        1.0000000000        1.0000000000     5021.2365256049        0.0000000000        0.8869204367        0.1064304524        0.0000000000
       57.6530610000        1.0000000000        1.0000000000     2755.5069438354        0.0000000000        0.8869204367        0.1064304524        0.0000000000
       57.7551020000        1.0000000000        1.0000000000     1383.1372601271        0.0000000000        0.8869204367        0.1064304524        0.0000000000
       57.8571430000        1.0000000000        1.0000000000      757.1056127637        0.0000000000        0.8869204367        0.1064304524        0.0000000000
       57.9591840000        1.0000000000        1.0000000000      479.0459087908        0.0000000000        0.8869204367        0.1064304524        0.0000000000
       58.0612240000        1.0000000000        1.0000000000      337.9799977772        0.0000000000        0.8869204367        0.1064304524        0.0000000000
       58.1632650000        1.0000000000        1.0000000000      255.4877928544        0.0000000000        0.8869204367        0.1064304524        0.0000000000
       58.2653060000        1.0000000000        1.0000000000      202.2382486510        0.0000000000        0.8869204367        0.1064304524        0.0000000000
       58.3673470000        1.0000000000        1.0000000000      165.5157052507        0.0000000000        0.8869204367        0.1064304524        0.0000000024
       58.4693880000        1.0000000000        1.0000000000      138.9711406558        0.0000000000        0.8869204367        0.1064304524        0.0000000572
       58.5714290000        1.0000000000        1.0000000000      119.1111457209        0.0000000000        0.8869204367        0.1064304524        0.0000006201
       58.6734690000        1.0000000000        1.0000000000      104.0113866990        0.0000000000        0.8869204367        0.1064304524        0.0000037967
       58.7755100000        1.0000000000        1.0000000000       93.0610781703        0.0000000000        0.8869204367        0.1064304524        0.0000141283
       58.8775510000        1.0000000000        1.0000000000       86.5883431984        0.0000000000        0.8869204367        0.1064304524        0.0000307199
       58.9795920000        1.0000000000        1.0000000000       83.1715007038        0.0000000000        0.8869204367        0.1064304524        0.0000462902
       59.0816330000        1.0000000000        1.0000000000       78.0994752757        0.0000000000        0.8869204367        0.1064304524        0.0000850784
       59.1836730000        1.0000000000        1.0000000000       69.3628695008        0.0000000000        0.8869204367        0.1064304524        0.0002427340
       59.2857140000        1.0000000000        1.0000000000       60.5743718796        0.0000000000        0.8869204367        0.1064304524        0.0006968610
       59.3877550000        1.0000000000        1.0000000000       54.3479063272        0.0000000000        0.8869204367        0.1064304524        0.0014710943
       59.4897960000        1.0000000000        1.0000000000       50.1002069461        0.0000000000        0.8869204367        0.1064304524        0.0024491241
       59.5918370000        1.0000000000        1.0000000000       46.7955360829        0.0000000000        0.8869204367        0.1064304524        0.0036411186
       59.6938780000        1.0000000000        1.0000000000       43.9940698159        0.0000000000        0.8869204367        0.1064304524        0.0050960560
       59.7959180000        1.0000000000        1.0000000000       41.5484572039        0.0000000000        0.8869204367        0.1064304524        0.0068342068
       59.8979590000        1.0000000000        1.0000000000       39.3877490205        0.0000000000        0.8869204367        0.1064304524        0.0088571531
       60.0000000000        1.0000000000        1.0000000000       37.4641524240        0.0000000000        0.8869204367        0.1064304524        0.0111568871
