       55.0000000000        1.0000000000        1.0000000000        7.0681308199        0.0000000000        0.8869204367        0.1064304524        0.4281953774
       55.1020410000        1.0000000000        1.0000000000        7.2214590260        0.0000000000        0.8869204367        0.1064304524        0.4203888835
       55.2040820000        1.0000000000        1.0000000000        7.3990023406        0.0000000000        0.8869204367        0.1064304524        0.4115271508
       55.3061220000        1.0000000000        1.0000000000        7.6089718167        0.0000000000        0.8869204367        0.1064304524        0.4012877139
       55.4081630000        1.0000000000        1.0000000000        7.8802004369        0.0000000000        0.8869204367        0.1064304524        0.3884370901
       55.5102040000        1.0000000000        1.0000000000        8.3240994634        0.0000000000        0.8869204367        0.1064304524        0.3682873012
       55.6122450000        1.0000000000        1.0000000000        9.1615678490        0.0000000000        0.8869204367        0.1064304524        0.3330748159
       55.7142860000        1.0000000000        1.0000000000       10.3190579265        0.0000000000        0.8869204367        0.1064304524        0.2898803721
       55.8163270000        1.0000000000        1.0000000000       11.0295555698        0.0000000000        0.8869204367        0.1064304524        0.2661895398
       55.9183670000        1.0000000000        1.0000000000       10.8911872416        0.0000000000        0.8869204367        0.1064304524        0.2706463021
       56.0204080000        1.0000000000        1.0000000000       10.6377556672        0.0000000000        0.8869204367        0.1064304524        0.2790035760
       56.1224490000        1.0000000000        1.0000000000       10.8553309788        0.0000000000        0.8869204367        0.1064304524        0.2718133348
       56.2244900000        1.0000000000        1.0000000000       11.4640256688        0.0000000000        0.8869204367        0.1064304524        0.2526669450
       56.3265310000        1.0000000000        1.0000000000       12.2931158186        0.0000000000        0.8869204367        0.1064304524        0.2287389463
       56.4285710000        1.0000000000        1.0000000000       13.3023569578        0.0000000000        0.8869204367        0.1064304524        0.2026483972
       56.5306120000        1.0000000000        1.0000000000       14.5153349145        0.0000000000        0.8869204367        0.1064304524        0.1751977068
       56.6326530000        1.0000000000        1.0000000000       15.9784519645        0.0000000000        0.8869204367        0.1064304524        0.1469865437
       56.7346940000        1.0000000000        1.0000000000       17.7560054512        0.0000000000        0.8869204367        0.1064304524        0.1187516841
       56.8367350000        1.0000000000        1.0000000000       19.9351013190        0.0000000000        0.8869204367        0.1064304524        0.0914272086
       56.9387760000        1.0000000000        1.0000000000       22.6349867370        0.0000000000        0.8869204367        0.1064304524        0.0661256600
       57.0408160000        1.0000000000        1.0000000000       26.0218239136        0.0000000000        0.8869204367        0.1064304524        0.0440416778
       57.1428570000        1.0000000000        1.0000000000       30.3325231398        0.0000000000        0.8869204367        0.1064304524        0.0262548964
       57.2448980000        1.0000000000        1.0000000000       35.9136166165        0.0000000000        0.8869204367        0.1064304524        0.0134384673
       57.3469390000        1.0000000000        1.0000000000       43.2883961222        0.0000000000        0.8869204367        0.1064304524        0.0055463927
       57.4489800000        1.0000000000        1.0000000000       53.2774900232        0.0000000000        0.8869204367        0.1064304524        0.0016727291
       57.5510200000        1.0000000000        1.0000000000       67.2290284028        0.0000000000        0.8869204367        0.1064304524        0.0003135714
       57.6530610000        1.0000000000        1.0000000000       87.4946760063        0.0000000000        0.8869204367        0.1064304524        0.0000275540
       57.7551020000        1.0000000000        1.0000000000      118.5286505032        0.0000000000        0.8869204367        0.1064304524        0.0000006650
       57.8571430000        1.0000000000        1.0000000000      169.8854562396        0.0000000000        0.8869204367        0.1064304524        0.0000000014
       57.9591840000        1.0000000000        1.0000000000      266.0390528208        0.0000000000        0.8869204367        0.1064304524        0.0000000000
       58.0612240000        1.0000000000        1.0000000000      481.2186819196        0.0000000000        0.8869204367        0.1064304524        0.0000000000
       58.1632650000        1.0000000000        1.0000000000     1030.7236016326        0.0000000000        0.8869204367        0.1064304524        0.0000000000
       58.2653060000        1.0000000000        1.0000000000     2303.7606653380        0.0000000000        0.8869204367        0.1064304524        0.0000000000
       58.3673470000        1.0000000000        1.0000000000     4328.7477600736        0.0000000000        0.8869204367        0.1064304524        0.0000000000
       58.4693880000        1.0000000000        1.0000000000     5866.1195731155        0.0000000000        0.8869204367        0.1064304524        0.0000000000
       58.5714290000        1.0000000000        1.0000000000     5422.0668964521        0.0000000000        0.8869204367        0.1064304524        0.0000000000
       58.6734690000        1.0000000000        1.0000000000     3499.5709740984        0.0000000000        0.8869204367        0.1064304524        0.0000000000
       58.7755100000        1.0000000000        1.0000000000     1763.8736394994        0.0000000000        0.8869204367        0.1064304524        0.0000000000
       58.8775510000        1.0000000000        1.0000000000      849.9901964483        0.0000000000        0.8869204367        0.1064304524        0.0000000000
       58.9795920000        1.0000000000        1.0000000000      474.2847378761        0.0000000000        0.8869204367        0.1064304524        0.0000000000
       59.0816330000        1.0000000000        1.0000000000      312.3945138009        0.0000000000        0.8869204367        0.1064304524        0.0000000000
       59.1836730000        1.0000000000        1.0000000000      225.4444661198        0.0000000000        0.8869204367        0.1064304524        0.0000000000
       59.2857140000        1.0000000000        1.0000000000      171.2308498249        0.0000000000        0.8869204367        0.1064304524        0.0000000012
       59.3877550000        1.0000000000        1.0000000000      136.0206920597        0.0000000000        0.8869204367        0.1064304524        0.0000000815
       59.4897960000        1.0000000000        1.0000000000      112.2213789781        0.0000000000        0.8869204367        0.1064304524        0.0000014176
       59.5918370000        1.0000000000        1.0000000000       95.1724003325        0.0000000000        0.8869204367        0.1064304524        0.0000109663
       59.6938780000        1.0000000000        1.0000000000       82.3791920600        0.0000000000        0.8869204367        0.1064304524        0.0000509074
       59.7959180000        1.0000000000        1.0000000000       72.4689465200        0.0000000000        0.8869204367        0.1064304524        0.0001672077
       59.8979590000        1.0000000000        1.0000000000       64.6060901969        0.0000000000        0.8869204367        0.1064304524        0.0004295679
       60.0000000000        1.0000000000        1.0000000000       58.2456323531        0.0000000000        0.8869204367        0.1064304524        0.0009215294
