       55.0000000000        1.0000000000        1.0000000000        6.9532709895        0.0000000000        0.8869204367        0.1064304524        0.4341381321
       55.1020410000        1.0000000000        1.0000000000        7.0310998097        0.0000000000        0.8869204367        0.1064304524        0.4301023922
       55.2040820000        1.0000000000        1.0000000000        7.1268886245        0.0000000000        0.8869204367        0.1064304524        0.4251868180
       55.3061220000        1.0000000000        1.0000000000        7.2484057875        0.0000000000        0.8869204367        0.1064304524        0.4190317046
       55.4081630000        1.0000000000        1.0000000000        7.4239286474        0.0000000000        0.8869204367        0.1064304524        0.4102980477
       55.5102040000        1.0000000000        1.0000000000        7.7644810517        0.0000000000        0.8869204367        0.1064304524        0.3938686794
       55.6122450000        1.0000000000        1.0000000000        8.4928655145        0.0000000000        0.8869204367        0.1064304524        0.3609037915
       55.7142860000        1.0000000000        1.0000000000        9.5417104773        0.0000000000        0.8869204367        0.1064304524        0.3182222448
       55.8163270000        1.0000000000        1.0000000000       10.1466891494        0.0000000000        0.8869204367        0.1064304524        0.2959387718
       55.9183670000        1.0000000000        1.0000000000        9.8981537377        0.0000000000        0.8869204367        0.1064304524        0.3048978585
       56.0204080000        1.0000000000        1.0000000000        9.5268516557        0.0000000000        0.8869204367        0.1064304524        0.3187901599
       56.1224490000        1.0000000000        1.0000000000        9.6289026946        0.0000000000        0.8869204367        0.1064304524        0.3149100226
       56.2244900000        1.0000000000        1.0000000000       10.1375986533        0.0000000000        0.8869204367        0.1064304524        0.2962617756
       56.3265310000        1.0000000000        1.0000000000       10.8965129401        0.0000000000        0.8869204367        0.1064304524        0.2704733917
       56.4285710000        1.0000000000        1.0000000000       11.8866002972        0.0000000000        0.8869204367        0.1064304524        0.2401738998
       56.5306120000        1.0000000000        1.0000000000       13.1657392412        0.0000000000        0.8869204367        0.1064304524        0.2059980227
       56.6326530000        1.0000000000        1.0000000000       14.8361812030        0.0000000000        0.8869204367        0.1064304524        0.1685805260
       56.7346940000        1.0000000000        1.0000000000       17.0546044617        0.0000000000        0.8869204367        0.1064304524        0.1291794785
       56.8367350000        1.0000000000        1.0000000000       20.0649351900        0.0000000000        0.8869204367        0.1064304524        0.0900138058
       56.9387760000        1.0000000000        1.0000000000       24.2621591818        0.0000000000        0.8869204367        0.1064304524        0.0543963022
       57.0408160000        1.0000000000        1.0000000000       30.3203719294        0.0000000000        0.8869204367        0.1064304524        0.0262932078
       57.1428570000        1.0000000000        1.0000000000       39.4744099663        0.0000000000        0.8869204367        0.1064304524        0.0087655221
       57.2448980000        1.0000000000        1.0000000000       54.2375781207        0.0000000000        0.8869204367        0.1064304524        0.0014907001
       57.3469390000        1.0000000000        1.0000000000       80.7367034874        0.0000000000        0.8869204367        0.1064304524        0.0000619982
       57.4489800000        1.0000000000        1.0000000000      138.4532585937        0.0000000000        0.8869204367        0.1064304524        0.0000000609
       57.5510200000        1.0000000000        1.0000000000      299.9357504154        0.0000000000        0.8869204367        0.1064304524        0.0000000000
       57.6530610000        1.0000000000        1.0000000000      778.7044822901        0.0000000000        0.8869204367        0.1064304524        0.0000000000
       57.7551020000        1.0000000000        1.0000000000     1845.7723518594        0.0000000000        0.8869204367        0.1064304524        0.0000000000
       57.8571430000        1.0000000000        1.0000000000     3167.4627889621        0.0000000000        0.8869204367        0.1064304524        0.0000000000
       57.9591840000        1.0000000000        1.0000000000     3550.5818091897        0.0000000000        0.8869204367        0.1064304524        0.0000000000
       58.0612240000        1.0000000000        1.0000000000     2572.9243766720        0.0000000000        0.8869204367        0.1064304524        0.0000000000
       58.1632650000        1.0000000000        1.0000000000     1295.5852045996        0.0000000000        0.8869204367        0.1064304524        0.0000000000
       58.2653060000        1.0000000000        1.0000000000      547.4944098002        0.0000000000        0.8869204367        0.1064304524        0.0000000000
       58.3673470000        1.0000000000        1.0000000000      257.6084884602        0.0000000000        0.8869204367        0.1064304524        0.0000000000
       58.4693880000        1.0000000000        1.0000000000      153.6723379431        0.0000000000        0.8869204367        0.1064304524        0.0000000098
       58.5714290000        1.0000000000        1.0000000000      107.9392498060        0.0000000000        0.8869204367        0.1064304524        0.0000023698
       58.6734690000        1.0000000000        1.0000000000       82.8927915441        0.0000000000        0.8869204367        0.1064304524        0.0000478646
       58.7755100000        1.0000000000        1.0000000000       68.1124415434        0.0000000000        0.8869204367        0.1064304524        0.0002820312
       58.8775510000        1.0000000000        1.0000000000       60.5231614570        0.0000000000        0.8869204367        0.1064304524        0.0007011565
       58.9795920000        1.0000000000        1.0000000000       57.1987668842        0.0000000000        0.8869204367        0.1064304524        0.0010448813
       59.0816330000        1.0000000000        1.0000000000       52.7405561563        0.0000000000        0.8869204367        0.1064304524        0.0017840544
       59.1836730000        1.0000000000        1.0000000000       44.9379500701        0.0000000000        0.8869204367        0.1064304524        0.0045503369
       59.2857140000        1.0000000000        1.0000000000       37.3083669023        0.0000000000        0.8869204367        0.1064304524        0.0113674187
       59.3877550000        1.0000000000        1.0000000000       32.3143000021        0.0000000000        0.8869204367        0.1064304524        0.0206980456
       59.4897960000        1.0000000000        1.0000000000       29.2659265225        0.0000000000        0.8869204367        0.1064304524        0.0298398305
       59.5918370000        1.0000000000        1.0000000000       27.0932124478        0.0000000000        0.8869204367        0.1064304524        0.0387282685
       59.6938780000        1.0000000000        1.0000000000       25.3502778771        0.0000000000        0.8869204367        0.1064304524        0.0477377235
       59.7959180000        1.0000000000        1.0000000000       23.8898401607        0.0000000000        0.8869204367        0.1064304524        0.0568817448
       59.8979590000        1.0000000000        1.0000000000       22.6432890441        0.0000000000        0.8869204367        0.1064304524        0.0660598133
       60.0000000000        1.0000000000        1.0000000000       21.5665314294        0.0000000000        0.8869204367        0.1064304524        0.0751714502
