       55.0000000000        1.0000000000        1.0000000000        7.2731728376        0.0000000000        0.8869204367        0.1064304524        0.4177881720
       55.1020410000        1.0000000000        1.0000000000        7.4141316124        0.0000000000        0.8869204367        0.1064304524        0.4107806959
       55.2040820000        1.0000000000        1.0000000000        7.5857707786        0.0000000000        0.8869204367        0.1064304524        0.4024065056
       55.3061220000        1.0000000000        1.0000000000        7.7989888351        0.0000000000        0.8869204367        0.1064304524        0.3922410675
       55.4081630000        1.0000000000        1.0000000000        8.0861830638        0.0000000000        0.8869204367        0.1064304524        0.3789534261
       55.5102040000        1.0000000000        1.0000000000        8.5637165843        0.0000000000        0.8869204367        0.1064304524        0.3578483484
       55.6122450000        1.0000000000        1.0000000000        9.4606191591        0.0000000000        0.8869204367        0.1064304524        0.3213339676
       55.7142860000        1.0000000000        1.0000000000       10.7165411597        0.0000000000        0.8869204367        0.1064304524        0.2763782338
       55.8163270000        1.0000000000        1.0000000000       11.5791713537        0.0000000000        0.8869204367        0.1064304524        0.2491997333
       55.9183670000        1.0000000000        1.0000000000       11.6600346961        0.0000000000        0.8869204367        0.1064304524        0.2467932929
       56.0204080000        1.0000000000        1.0000000000       11.7168949942        0.0000000000        0.8869204367        0.1064304524        0.2451150960
       56.1224490000        1.0000000000        1.0000000000       12.3796393152        0.0000000000        0.8869204367        0.1064304524        0.2263762779
       56.2244900000        1.0000000000        1.0000000000       13.6316725585        0.0000000000        0.8869204367        0.1064304524        0.1947963340
       56.3265310000        1.0000000000        1.0000000000       15.3949907913        0.0000000000        0.8869204367        0.1064304524        0.1576466891
       56.4285710000        1.0000000000        1.0000000000       17.7735963543        0.0000000000        0.8869204367        0.1064304524        0.1185012746
       56.5306120000        1.0000000000        1.0000000000       21.0249026943        0.0000000000        0.8869204367        0.1064304524        0.0802195263
       56.6326530000        1.0000000000        1.0000000000       25.5899652469        0.0000000000        0.8869204367        0.1064304524        0.0463842262
       56.7346940000        1.0000000000        1.0000000000       32.2352624364        0.0000000000        0.8869204367        0.1064304524        0.0208952902
       56.8367350000        1.0000000000        1.0000000000       42.3900899262        0.0000000000        0.8869204367        0.1064304524        0.0061776904
       56.9387760000        1.0000000000        1.0000000000       59.0438910388        0.0000000000        0.8869204367        0.1064304524        0.0008373512
       57.0408160000        1.0000000000        1.0000000000       89.8435465380        0.0000000000        0.8869204367        0.1064304524        0.0000207861
       57.1428570000        1.0000000000        1.0000000000      160.4606865918        0.0000000000        0.8869204367        0.1064304524        0.0000000043
       57.2448980000        1.0000000000        1.0000000000      365.6709365630        0.0000000000        0.8869204367        0.1064304524        0.0000000000
       57.3469390000        1.0000000000        1.0000000000      955.8812958890        0.0000000000        0.8869204367        0.1064304524        0.0000000000
       57.4489800000        1.0000000000        1.0000000000     2149.8870244021        0.0000000000        0.8869204367        0.1064304524        0.0000000000
       57.5510200000        1.0000000000        1.0000000000     3390.0855963130        0.0000000000        0.8869204367        0.1064304524        0.0000000000
       57.6530610000        1.0000000000        1.0000000000     3456.7080087602        0.0000000000        0.8869204367        0.1064304524        0.0000000000
       57.7551020000        1.0000000000        1.0000000000     2292.6729922779        0.0000000000        0.8869204367        0.1064304524        0.0000000000
       57.8571430000        1.0000000000        1.0000000000     1087.8382749123        0.0000000000        0.8869204367        0.1064304524        0.0000000000
       57.9591840000        1.0000000000        1.0000000000      459.8441296259        0.0000000000        0.8869204367        0.1064304524        0.0000000000
       58.0612240000        1.0000000000        1.0000000000      227.7018045785        0.0000000000        0.8869204367        0.1064304524        0.0000000000
       58.1632650000        1.0000000000        1.0000000000      141.9383208709        0.0000000000        0.8869204367        0.1064304524        0.0000000401
       58.2653060000        1.0000000000        1.0000000000      101.9543761483        0.0000000000        0.8869204367        0.1064304524        0.0000048597
       58.3673470000        1.0000000000        1.0000000000       79.0415987853        0.0000000000        0.8869204367        0.1064304524        0.0000759837
       58.4693880000        1.0000000000        1.0000000000       64.2966980410        0.0000000000        0.8869204367        0.1064304524        0.0004458162
       58.5714290000        1.0000000000        1.0000000000       54.1609152558        0.0000000000        0.8869204367        0.1064304524        0.0015044772
       58.6734690000        1.0000000000        1.0000000000       47.0543614060        0.0000000000        0.8869204367        0.1064304524        0.0035297672
       58.7755100000        1.0000000000        1.0000000000       42.7223422778        0.0000000000        0.8869204367        0.1064304524        0.0059362297
       58.8775510000        1.0000000000        1.0000000000       41.7427267816        0.0000000000        0.8869204367        0.1064304524        0.0066767281
       58.9795920000        1.0000000000        1.0000000000       42.8116023845        0.0000000000        0.8869204367        0.1064304524        0.0058729848
       59.0816330000        1.0000000000        1.0000000000       41.3828722621        0.0000000000        0.8869204367        0.1064304524        0.0069713620
       59.1836730000        1.0000000000        1.0000000000       35.7694051707        0.0000000000        0.8869204367        0.1064304524        0.0136730489
       59.2857140000        1.0000000000        1.0000000000       29.7975070856        0.0000000000        0.8869204367        0.1064304524        0.0279957980
       59.3877550000        1.0000000000        1.0000000000       26.0839064484        0.0000000000        0.8869204367        0.1064304524        0.0437147907
       59.4897960000        1.0000000000        1.0000000000       24.0316221975        0.0000000000        0.8869204367        0.1064304524        0.0559221539
       59.5918370000        1.0000000000        1.0000000000       22.6437267777        0.0000000000        0.8869204367        0.1064304524        0.0660563434
       59.6938780000        1.0000000000        1.0000000000       21.5288549370        0.0000000000        0.8869204367        0.1064304524        0.0755120833
       59.7959180000        1.0000000000        1.0000000000       20.5781760397        0.0000000000        0.8869204367        0.1064304524        0.0846372227
       59.8979590000        1.0000000000        1.0000000000       19.7504343321        0.0000000000        0.8869204367        0.1064304524        0.0934758542
       60.0000000000        1.0000000000        1.0000000000       19.0214454217        0.0000000000        0.8869204367        0.1064304524        0.1020213218
