       55.0000000000        1.0000000000        1.0000000000       12.0824127450        0.0000000000        0.8869204367        0.1064304524        0.2345962026
       55.1020410000        1.0000000000        1.0000000000       12.9016752529        0.0000000000        0.8869204367        0.1064304524        0.2126301451
       55.2040820000        1.0000000000        1.0000000000       13.8483402745        0.0000000000        0.8869204367        0.1064304524        0.1897968797
       55.3061220000        1.0000000000        1.0000000000       14.9517408472        0.0000000000        0.8869204367        0.1064304524        0.1662589275
       55.4081630000        1.0000000000        1.0000000000       16.2677239192        0.0000000000        0.8869204367        0.1064304524        0.1419717947
       55.5102040000        1.0000000000        1.0000000000       17.9415531840        0.0000000000        0.8869204367        0.1064304524        0.1161368105
       55.6122450000        1.0000000000        1.0000000000       20.2314678022        0.0000000000        0.8869204367        0.1064304524        0.0882328324
       55.7142860000        1.0000000000        1.0000000000       23.1031066240        0.0000000000        0.8869204367        0.1064304524        0.0625134969
       55.8163270000        1.0000000000        1.0000000000       25.8587020777        0.0000000000        0.8869204367        0.1064304524        0.0449122699
       55.9183670000        1.0000000000        1.0000000000       28.2210262136        0.0000000000        0.8869204367        0.1064304524        0.0338260810
       56.0204080000        1.0000000000        1.0000000000       31.0732603958        0.0000000000        0.8869204367        0.1064304524        0.0240218548
       56.1224490000        1.0000000000        1.0000000000       35.1732977784        0.0000000000        0.8869204367        0.1064304524        0.0146869530
       56.2244900000        1.0000000000        1.0000000000       40.6899268712        0.0000000000        0.8869204367        0.1064304524        0.0075758386
       56.3265310000        1.0000000000        1.0000000000       47.8339137061        0.0000000000        0.8869204367        0.1064304524        0.0032145444
       56.4285710000        1.0000000000        1.0000000000       57.1451317658        0.0000000000        0.8869204367        0.1064304524        0.0010516280
       56.5306120000        1.0000000000        1.0000000000       69.5582913573        0.0000000000        0.8869204367        0.1064304524        0.0002371080
       56.6326530000        1.0000000000        1.0000000000       86.6231330516        0.0000000000        0.8869204367        0.1064304524        0.0000305919
       56.7346940000        1.0000000000        1.0000000000      111.0512427595        0.0000000000        0.8869204367        0.1064304524        0.0000016313
       56.8367350000        1.0000000000        1.0000000000      148.0441482525        0.0000000000        0.8869204367        0.1064304524        0.0000000193
       56.9387760000        1.0000000000        1.0000000000      209.1719552531        0.0000000000        0.8869204367        0.1064304524        0.0000000000
       57.0408160000        1.0000000000        1.0000000000      326.1847102922        0.0000000000        0.8869204367        0.1064304524        0.0000000000
       57.1428570000        1.0000000000        1.0000000000      599.6531143804        0.0000000000        0.8869204367        0.1064304524        0.0000000000
       57.2448980000        1.0000000000        1.0000000000     1295.7082282667        0.0000000000        0.8869204367        0.1064304524        0.0000000000
       57.3469390000        1.0000000000        1.0000000000     2733.2460323781        0.0000000000        0.8869204367        0.1064304524        0.0000000000
       57.4489800000        1.0000000000        1.0000000000     4490.1339319427        0.0000000000        0.8869204367        0.1064304524        0.0000000000
       57.5510200000        1.0000000000        1.0000000000     5043.6517673397        0.0000000000        0.8869204367        0.1064304524        0.0000000000
       57.6530610000        1.0000000000        1.0000000000     3747.6519464663        0.0000000000        0.8869204367        0.1064304524        0.0000000000
       57.7551020000        1.0000000000        1.0000000000     1957.3543271716        0.0000000000        0.8869204367        0.1064304524        0.0000000000
       57.8571430000        1.0000000000        1.0000000000      972.7517164260        0.0000000000        0.8869204367        0.1064304524        0.0000000000
       57.9591840000        1.0000000000        1.0000000000     1035.1073823951        0.0000000000        0.8869204367        0.1064304524        0.0000000000
       58.0612240000        1.0000000000        1.0000000000     2063.1823287578        0.0000000000        0.8869204367        0.1064304524        0.0000000000
       58.1632650000        1.0000000000        1.0000000000     3456.3449866257        0.0000000000        0.8869204367        0.1064304524        0.0000000000
       58.2653060000        1.0000000000        1.0000000000     3863.0723282874        0.0000000000        0.8869204367        0.1064304524        0.0000000000
       58.3673470000        1.0000000000        1.0000000000     2861.0623167017        0.0000000000        0.8869204367        0.1064304524        0.0000000000
       58.4693880000        1.0000000000        1.0000000000     1549.0995980173        0.0000000000        0.8869204367        0.1064304524        0.0000000000
       58.5714290000        1.0000000000        1.0000000000      756.7866535919        0.0000000000        0.8869204367        0.1064304524        0.0000000000
       58.6734690000        1.0000000000        1.0000000000      421.9206379165        0.0000000000        0.8869204367        0.1064304524        0.0000000000
       58.7755100000        1.0000000000        1.0000000000      283.9682931378        0.0000000000        0.8869204367        0.1064304524        0.0000000000
       58.8775510000        1.0000000000        1.0000000000      216.7434260786        0.0000000000        0.8869204367        0.1064304524        0.0000000000
       58.9795920000        1.0000000000        1.0000000000      178.5396356500        0.0000000000        0.8869204367        0.1064304524        0.0000000005
       59.0816330000        1.0000000000        1.0000000000      151.3446518640        0.0000000000        0.8869204367        0.1064304524        0.0000000130
       59.1836730000        1.0000000000        1.0000000000      127.4941465706        0.0000000000        0.8869204367        0.1064304524        0.0000002268
       59.2857140000        1.0000000000        1.0000000000      107.7636169514        0.0000000000        0.8869204367        0.1064304524        0.0000024203
       59.3877550000        1.0000000000        1.0000000000       93.3409327853        0.0000000000        0.8869204367        0.1064304524        0.0000136617
       59.4897960000        1.0000000000        1.0000000000       82.8352204804        0.0000000000        0.8869204367        0.1064304524        0.0000481964
       59.5918370000        1.0000000000        1.0000000000       74.6598736711        0.0000000000        0.8869204367        0.1064304524        0.0001285510
       59.6938780000        1.0000000000        1.0000000000       67.9945496915        0.0000000000        0.8869204367        0.1064304524        0.0002860494
       59.7959180000        1.0000000000        1.0000000000       62.4322490261        0.0000000000        0.8869204367        0.1064304524        0.0005575993
       59.8979590000        1.0000000000        1.0000000000       57.7215284067        0.0000000000        0.8869204367        0.1064304524        0.0009813480
       60.0000000000        1.0000000000        1.0000000000       53.6858245894        0.0000000000        0.8869204367        0.1064304524        0.0015927408
