       55.0000000000        1.0000000000        1.0000000000        7.4186461378        0.0000000000        0.8869204367        0.1064304524        0.4105582186
       55.1020410000        1.0000000000        1.0000000000        7.5945786229        0.0000000000        0.8869204367        0.1064304524        0.4019814102
       55.2040820000        1.0000000000        1.0000000000        7.8061264054        0.0000000000        0.8869204367        0.1064304524        0.3919052535
       55.3061220000        1.0000000000        1.0000000000        8.0650566580        0.0000000000        0.8869204367        0.1064304524        0.3799153558
       55.4081630000        1.0000000000        1.0000000000        8.4048591137        0.0000000000        0.8869204367        0.1064304524        0.3647354095
       55.5102040000        1.0000000000        1.0000000000        8.9431895371        0.0000000000        0.8869204367        0.1064304524        0.3419185444
       55.6122450000        1.0000000000        1.0000000000        9.9100710105        0.0000000000        0.8869204367        0.1064304524        0.3044621440
       55.7142860000        1.0000000000        1.0000000000       11.2454086244        0.0000000000        0.8869204367        0.1064304524        0.2593831323
       55.8163270000        1.0000000000        1.0000000000       12.1986587190        0.0000000000        0.8869204367        0.1064304524        0.2313464181
       55.9183670000        1.0000000000        1.0000000000       12.3866249044        0.0000000000        0.8869204367        0.1064304524        0.2261865928
       56.0204080000        1.0000000000        1.0000000000       12.5719933208        0.0000000000        0.8869204367        0.1064304524        0.2212107972
       56.1224490000        1.0000000000        1.0000000000       13.3872797109        0.0000000000        0.8869204367        0.1064304524        0.2005937490
       56.2244900000        1.0000000000        1.0000000000       14.8191421541        0.0000000000        0.8869204367        0.1064304524        0.1689255728
       56.3265310000        1.0000000000        1.0000000000       16.7943458211        0.0000000000        0.8869204367        0.1064304524        0.1332775479
       56.4285710000        1.0000000000        1.0000000000       19.4216380328        0.0000000000        0.8869204367        0.1064304524        0.0972377213
       56.5306120000        1.0000000000        1.0000000000       22.9606138516        0.0000000000        0.8869204367        0.1064304524        0.0635916147
       56.6326530000        1.0000000000        1.0000000000       27.8458097996        0.0000000000        0.8869204367        0.1064304524        0.0353839421
       56.7346940000        1.0000000000        1.0000000000       34.8112846913        0.0000000000        0.8869204367        0.1064304524        0.0153390385
       56.8367350000        1.0000000000        1.0000000000       45.1751930224        0.0000000000        0.8869204367        0.1064304524        0.0044226193
       56.9387760000        1.0000000000        1.0000000000       61.5383490083        0.0000000000        0.8869204367        0.1064304524        0.0006207377
       57.0408160000        1.0000000000        1.0000000000       89.8884756783        0.0000000000        0.8869204367        0.1064304524        0.0000206743
       57.1428570000        1.0000000000        1.0000000000      147.6817801299        0.0000000000        0.8869204367        0.1064304524        0.0000000201
       57.2448980000        1.0000000000        1.0000000000      296.8746124572        0.0000000000        0.8869204367        0.1064304524        0.0000000000
       57.3469390000        1.0000000000        1.0000000000      731.0921949598        0.0000000000        0.8869204367        0.1064304524        0.0000000000
       57.4489800000        1.0000000000        1.0000000000     1766.5352600745        0.0000000000        0.8869204367        0.1064304524        0.0000000000
       57.5510200000        1.0000000000        1.0000000000     3258.9766024908        0.0000000000        0.8869204367        0.1064304524        0.0000000000
       57.6530610000        1.0000000000        1.0000000000     4024.4992252603        0.0000000000        0.8869204367        0.1064304524        0.0000000000
       57.7551020000        1.0000000000        1.0000000000     3229.3265818209        0.0000000000        0.8869204367        0.1064304524        0.0000000000
       57.8571430000        1.0000000000        1.0000000000     1772.5286948225        0.0000000000        0.8869204367        0.1064304524        0.0000000000
       57.9591840000        1.0000000000        1.0000000000      778.2137695844        0.0000000000        0.8869204367        0.1064304524        0.0000000000
       58.0612240000        1.0000000000        1.0000000000      356.6737106554        0.0000000000        0.8869204367        0.1064304524        0.0000000000
       58.1632650000        1.0000000000        1.0000000000      203.3053310181        0.0000000000        0.8869204367        0.1064304524        0.0000000000
       58.2653060000        1.0000000000        1.0000000000      138.3447469865        0.0000000000        0.8869204367        0.1064304524        0.0000000617
       58.3673470000        1.0000000000        1.0000000000      103.6964218370        0.0000000000        0.8869204367        0.1064304524        0.0000039430
       58.4693880000        1.0000000000        1.0000000000       82.3022121995        0.0000000000        0.8869204367        0.1064304524        0.0000513798
       58.5714290000        1.0000000000        1.0000000000       67.9763507330        0.0000000000        0.8869204367        0.1064304524        0.0002866748
       58.6734690000        1.0000000000        1.0000000000       58.0403521680        0.0000000000        0.8869204367        0.1064304524        0.0009445119
       58.7755100000        1.0000000000        1.0000000000       51.6972857201        0.0000000000        0.8869204367        0.1064304524        0.0020219876
       58.8775510000        1.0000000000        1.0000000000       49.2367129971        0.0000000000        0.8869204367        0.1064304524        0.0027165148
       58.9795920000        1.0000000000        1.0000000000       49.1995992501        0.0000000000        0.8869204367        0.1064304524        0.0027286401
       59.0816330000        1.0000000000        1.0000000000       46.9338776795        0.0000000000        0.8869204367        0.1064304524        0.0035811714
       59.1836730000        1.0000000000        1.0000000000       40.6539884857        0.0000000000        0.8869204367        0.1064304524        0.0076085808
       59.2857140000        1.0000000000        1.0000000000       34.1234557661        0.0000000000        0.8869204367        0.1064304524        0.0166588330
       59.3877550000        1.0000000000        1.0000000000       29.9397183474        0.0000000000        0.8869204367        0.1064304524        0.0275220934
       59.4897960000        1.0000000000        1.0000000000       27.4953016508        0.0000000000        0.8869204367        0.1064304524        0.0369039681
       59.5918370000        1.0000000000        1.0000000000       25.7785620196        0.0000000000        0.8869204367        0.1064304524        0.0453462660
       59.6938780000        1.0000000000        1.0000000000       24.3846533546        0.0000000000        0.8869204367        0.1064304524        0.0536025626
       59.7959180000        1.0000000000        1.0000000000       23.1946350856        0.0000000000        0.8869204367        0.1064304524        0.0618306421
       59.8979590000        1.0000000000        1.0000000000       22.1597379791        0.0000000000        0.8869204367        0.1064304524        0.0700064039
       60.0000000000        1.0000000000        1.0000000000       21.2500457738        0.0000000000        0.8869204367        0.1064304524        0.0780812371
