       55.0000000000        1.0000000000        1.0000000000        7.3528400271        0.0000000000        0.8869204367        0.1064304524        0.4138131220
       55.1020410000        1.0000000000        1.0000000000        7.4207780350        0.0000000000        0.8869204367        0.1064304524        0.4104531999
       55.2040820000        1.0000000000        1.0000000000        7.5102570693        0.0000000000        0.8869204367        0.1064304524        0.4060695420
       55.3061220000        1.0000000000        1.0000000000        7.6316185403        0.0000000000        0.8869204367        0.1064304524        0.4001986521
       55.4081630000        1.0000000000        1.0000000000        7.8170383939        0.0000000000        0.8869204367        0.1064304524        0.3913924135
       55.5102040000        1.0000000000        1.0000000000        8.1837183051        0.0000000000        0.8869204367        0.1064304524        0.3745439237
       55.6122450000        1.0000000000        1.0000000000        8.9655212191        0.0000000000        0.8869204367        0.1064304524        0.3410034971
       55.7142860000        1.0000000000        1.0000000000       10.1145117113        0.0000000000        0.8869204367        0.1064304524        0.2970836870
       55.8163270000        1.0000000000        1.0000000000       10.8940280844        0.0000000000        0.8869204367        0.1064304524        0.2705540542
       55.9183670000        1.0000000000        1.0000000000       10.9338935879        0.0000000000        0.8869204367        0.1064304524        0.2692628523
       56.0204080000        1.0000000000        1.0000000000       11.0417375970        0.0000000000        0.8869204367        0.1064304524        0.2658006967
       56.1224490000        1.0000000000        1.0000000000       11.9703002313        0.0000000000        0.8869204367        0.1064304524        0.2377736691
       56.2244900000        1.0000000000        1.0000000000       13.9704163437        0.0000000000        0.8869204367        0.1064304524        0.1870367867
       56.3265310000        1.0000000000        1.0000000000       17.6512997961        0.0000000000        0.8869204367        0.1064304524        0.1202531740
       56.4285710000        1.0000000000        1.0000000000       25.6039200188        0.0000000000        0.8869204367        0.1064304524        0.0463066175
       56.5306120000        1.0000000000        1.0000000000       50.0480289125        0.0000000000        0.8869204367        0.1064304524        0.0024645071
       56.6326530000        1.0000000000        1.0000000000      139.4388445621        0.0000000000        0.8869204367        0.1064304524        0.0000000541
       56.7346940000        1.0000000000        1.0000000000      388.8355633322        0.0000000000        0.8869204367        0.1064304524        0.0000000000
       56.8367350000        1.0000000000        1.0000000000      770.3141181386        0.0000000000        0.8869204367        0.1064304524        0.0000000000
       56.9387760000        1.0000000000        1.0000000000      950.0359326666        0.0000000000        0.8869204367        0.1064304524        0.0000000000
       57.0408160000        1.0000000000        1.0000000000      711.1387712638        0.0000000000        0.8869204367        0.1064304524        0.0000000000
       57.1428570000        1.0000000000        1.0000000000      341.5668702404        0.0000000000        0.8869204367        0.1064304524        0.0000000000
       57.2448980000        1.0000000000        1.0000000000      127.1141773867        0.0000000000        0.8869204367        0.1064304524        0.0000002374
       57.3469390000        1.0000000000        1.0000000000       53.8691979924        0.0000000000        0.8869204367        0.1064304524        0.0015580757
       57.4489800000        1.0000000000        1.0000000000       32.9682851883        0.0000000000        0.8869204367        0.1064304524        0.0191358025
       57.5510200000        1.0000000000        1.0000000000       25.7637215917        0.0000000000        0.8869204367        0.1064304524        0.0454270929
       57.6530610000        1.0000000000        1.0000000000       22.9357191093        0.0000000000        0.8869204367        0.1064304524        0.0637818703
       57.7551020000        1.0000000000        1.0000000000       22.6008858241        0.0000000000        0.8869204367        0.1064304524        0.0663968078
       57.8571430000        1.0000000000        1.0000000000       24.8407954227        0.0000000000        0.8869204367        0.1064304524        0.0507473717
       57.9591840000        1.0000000000        1.0000000000       31.8087413672        0.0000000000        0.8869204367        0.1064304524        0.0219926062
       58.0612240000        1.0000000000        1.0000000000       53.8024016839        0.0000000000        0.8869204367        0.1064304524        0.0015706147
       58.1632650000        1.0000000000        1.0000000000      135.3084581716        0.0000000000        0.8869204367        0.1064304524        0.0000000888
       58.2653060000        1.0000000000        1.0000000000      392.2403835432        0.0000000000        0.8869204367        0.1064304524        0.0000000000
       58.3673470000        1.0000000000        1.0000000000      890.9979132466        0.0000000000        0.8869204367        0.1064304524        0.0000000000
       58.4693880000        1.0000000000        1.0000000000     1320.0610189384        0.0000000000        0.8869204367        0.1064304524        0.0000000000
       58.5714290000        1.0000000000        1.0000000000     1210.9349079144        0.0000000000        0.8869204367        0.1064304524        0.0000000000
       58.6734690000        1.0000000000        1.0000000000      706.1480398968        0.0000000000        0.8869204367        0.1064304524        0.0000000000
       58.7755100000        1.0000000000        1.0000000000      297.1065849459        0.0000000000        0.8869204367        0.1064304524        0.0000000000
       58.8775510000        1.0000000000        1.0000000000      124.4928777353        0.0000000000        0.8869204367        0.1064304524        0.0000003251
       58.9795920000        1.0000000000        1.0000000000       73.5840792958        0.0000000000        0.8869204367        0.1064304524        0.0001462651
       59.0816330000        1.0000000000        1.0000000000       55.5160223613        0.0000000000        0.8869204367        0.1064304524        0.0012786855
       59.1836730000        1.0000000000        1.0000000000       42.7249126627        0.0000000000        0.8869204367        0.1064304524        0.0059343990
       59.2857140000        1.0000000000        1.0000000000       32.9467675076        0.0000000000        0.8869204367        0.1064304524        0.0191852773
       59.3877550000        1.0000000000        1.0000000000       27.0205614621        0.0000000000        0.8869204367        0.1064304524        0.0390673822
       59.4897960000        1.0000000000        1.0000000000       23.6220106068        0.0000000000        0.8869204367        0.1064304524        0.0587395935
       59.5918370000        1.0000000000        1.0000000000       21.3929023254        0.0000000000        0.8869204367        0.1064304524        0.0767541149
       59.6938780000        1.0000000000        1.0000000000       19.7459325194        0.0000000000        0.8869204367        0.1064304524        0.0935263651
       59.7959180000        1.0000000000        1.0000000000       18.4594612193        0.0000000000        0.8869204367        0.1064304524        0.1091387417
       59.8979590000        1.0000000000        1.0000000000       17.4242005625        0.0000000000        0.8869204367        0.1064304524        0.1235753648
       60.0000000000        1.0000000000        1.0000000000       16.5733289096        0.0000000000        0.8869204367        0.1064304524        0.1368596311
