       55.0000000000        1.0000000000        1.0000000000        8.7496861670        0.0000000000        0.8869204367        0.1064304524        0.3499509280
       55.1020410000        1.0000000000        1.0000000000        9.1953946239        0.0000000000        0.8869204367        0.1064304524        0.3317255346
       55.2040820000        1.0000000000        1.0000000000        9.7345384205        0.0000000000        0.8869204367        0.1064304524        0.3109433274
       55.3061220000        1.0000000000        1.0000000000       10.3950490600        0.0000000000        0.8869204367        0.1064304524        0.2872489875
       55.4081630000        1.0000000000        1.0000000000       11.2325356558        0.0000000000        0.8869204367        0.1064304524        0.2597841257
       55.5102040000        1.0000000000        1.0000000000       12.3949329338        0.0000000000        0.8869204367        0.1064304524        0.2259612054
       55.6122450000        1.0000000000        1.0000000000       14.1520619521        0.0000000000        0.8869204367        0.1064304524        0.1830039697
       55.7142860000        1.0000000000        1.0000000000       16.4969726226        0.0000000000        0.8869204367        0.1064304524        0.1381194049
       55.8163270000        1.0000000000        1.0000000000       18.7670596534        0.0000000000        0.8869204367        0.1064304524        0.1051836764
       55.9183670000        1.0000000000        1.0000000000       20.7280143343        0.0000000000        0.8869204367        0.1064304524        0.0831289951
       56.0204080000        1.0000000000        1.0000000000       23.3674603918        0.0000000000        0.8869204367        0.1064304524        0.0605615396
       56.1224490000        1.0000000000        1.0000000000       27.6763125628        0.0000000000        0.8869204367        0.1064304524        0.0361110088
       56.2244900000        1.0000000000        1.0000000000       34.2748531181        0.0000000000        0.8869204367        0.1064304524        0.0163589133
       56.3265310000        1.0000000000        1.0000000000       44.3190420619        0.0000000000        0.8869204367        0.1064304524        0.0049011518
       56.4285710000        1.0000000000        1.0000000000       60.6217847726        0.0000000000        0.8869204367        0.1064304524        0.0006929074
       56.5306120000        1.0000000000        1.0000000000       91.0781880519        0.0000000000        0.8869204367        0.1064304524        0.0000179238
       56.6326530000        1.0000000000        1.0000000000      164.7777474015        0.0000000000        0.8869204367        0.1064304524        0.0000000026
       56.7346940000        1.0000000000        1.0000000000      386.8995735493        0.0000000000        0.8869204367        0.1064304524        0.0000000000
       56.8367350000        1.0000000000        1.0000000000      980.2095802850        0.0000000000        0.8869204367        0.1064304524        0.0000000000
       56.9387760000        1.0000000000        1.0000000000     1964.0889900979        0.0000000000        0.8869204367        0.1064304524        0.0000000000
       57.0408160000        1.0000000000        1.0000000000     2613.5164986602        0.0000000000        0.8869204367        0.1064304524        0.0000000000
       57.1428570000        1.0000000000        1.0000000000     2188.9604372782        0.0000000000        0.8869204367        0.1064304524        0.0000000000
       57.2448980000        1.0000000000        1.0000000000     1218.3195764849        0.0000000000        0.8869204367        0.1064304524        0.0000000000
       57.3469390000        1.0000000000        1.0000000000      661.6788806730        0.0000000000        0.8869204367        0.1064304524        0.0000000000
       57.4489800000        1.0000000000        1.0000000000      860.9034728521        0.0000000000        0.8869204367        0.1064304524        0.0000000000
       57.5510200000        1.0000000000        1.0000000000     1691.9361761673        0.0000000000        0.8869204367        0.1064304524        0.0000000000
       57.6530610000        1.0000000000        1.0000000000     2446.6936184457        0.0000000000        0.8869204367        0.1064304524        0.0000000000
       57.7551020000        1.0000000000        1.0000000000     2257.3387369369        0.0000000000        0.8869204367        0.1064304524        0.0000000000
       57.8571430000        1.0000000000        1.0000000000     1364.6960045987        0.0000000000        0.8869204367        0.1064304524        0.0000000000
       57.9591840000        1.0000000000        1.0000000000      621.8315504264        0.0000000000        0.8869204367        0.1064304524        0.0000000000
       58.0612240000        1.0000000000        1.0000000000      283.3468613217        0.0000000000        0.8869204367        0.1064304524        0.0000000000
       58.1632650000        1.0000000000        1.0000000000      162.9355955302        0.0000000000        0.8869204367        0.1064304524        0.0000000032
       58.2653060000        1.0000000000        1.0000000000      114.4285702614        0.0000000000        0.8869204367        0.1064304524        0.0000010877
       58.3673470000        1.0000000000        1.0000000000       88.7693032104        0.0000000000        0.8869204367        0.1064304524        0.0000236460
       58.4693880000        1.0000000000        1.0000000000       72.6323838950        0.0000000000        0.8869204367        0.1064304524        0.0001639603
       58.5714290000        1.0000000000        1.0000000000       61.5718724218        0.0000000000        0.8869204367        0.1064304524        0.0006182456
       58.6734690000        1.0000000000        1.0000000000       53.7607218620        0.0000000000        0.8869204367        0.1064304524        0.0015784899
       58.7755100000        1.0000000000        1.0000000000       48.8503781357        0.0000000000        0.8869204367        0.1064304524        0.0028454178
       58.8775510000        1.0000000000        1.0000000000       47.3833968904        0.0000000000        0.8869204367        0.1064304524        0.0033931125
       58.9795920000        1.0000000000        1.0000000000       48.0518448719        0.0000000000        0.8869204367        0.1064304524        0.0031315682
       59.0816330000        1.0000000000        1.0000000000       46.2971953959        0.0000000000        0.8869204367        0.1064304524        0.0038655031
       59.1836730000        1.0000000000        1.0000000000       40.3910305926        0.0000000000        0.8869204367        0.1064304524        0.0078524973
       59.2857140000        1.0000000000        1.0000000000       34.1350528588        0.0000000000        0.8869204367        0.1064304524        0.0166356659
       59.3877550000        1.0000000000        1.0000000000       30.1547639775        0.0000000000        0.8869204367        0.1064304524        0.0268209581
       59.4897960000        1.0000000000        1.0000000000       27.8622966253        0.0000000000        0.8869204367        0.1064304524        0.0353140070
       59.5918370000        1.0000000000        1.0000000000       26.2593564588        0.0000000000        0.8869204367        0.1064304524        0.0428040406
       59.6938780000        1.0000000000        1.0000000000       24.9505078401        0.0000000000        0.8869204367        0.1064304524        0.0500836365
       59.7959180000        1.0000000000        1.0000000000       23.8236931862        0.0000000000        0.8869204367        0.1064304524        0.0573350481
       59.8979590000        1.0000000000        1.0000000000       22.8352532732        0.0000000000        0.8869204367        0.1064304524        0.0645554721
       60.0000000000        1.0000000000        1.0000000000       21.9591002349        0.0000000000        0.8869204367        0.1064304524        0.0717123695
