       55.0000000000        1.0000000000        1.0000000000       10.7222519666        0.0000000000        0.8869204367        0.1064304524        0.2761888975
       55.1020410000        1.0000000000        1.0000000000       11.4443197776        0.0000000000        0.8869204367        0.1064304524        0.2532651353
       55.2040820000        1.0000000000        1.0000000000       12.2975509792        0.0000000000        0.8869204367        0.1064304524        0.2286172394
       55.3061220000        1.0000000000        1.0000000000       13.3161066107        0.0000000000        0.8869204367        0.1064304524        0.2023143115
       55.4081630000        1.0000000000        1.0000000000       14.5630354015        0.0000000000        0.8869204367        0.1064304524        0.1741977296
       55.5102040000        1.0000000000        1.0000000000       16.1945960593        0.0000000000        0.8869204367        0.1064304524        0.1432231283
       55.6122450000        1.0000000000        1.0000000000       18.4870902230        0.0000000000        0.8869204367        0.1064304524        0.1087774935
       55.7142860000        1.0000000000        1.0000000000       21.4354305164        0.0000000000        0.8869204367        0.1064304524        0.0763634071
       55.8163270000        1.0000000000        1.0000000000       24.3828224913        0.0000000000        0.8869204367        0.1064304524        0.0536143406
       55.9183670000        1.0000000000        1.0000000000       27.1090862450        0.0000000000        0.8869204367        0.1064304524        0.0386545669
       56.0204080000        1.0000000000        1.0000000000       30.5963451427        0.0000000000        0.8869204367        0.1064304524        0.0254367216
       56.1224490000        1.0000000000        1.0000000000       35.7785376753        0.0000000000        0.8869204367        0.1064304524        0.0136580728
       56.2244900000        1.0000000000        1.0000000000       43.1248338124        0.0000000000        0.8869204367        0.1064304524        0.0056563297
       56.3265310000        1.0000000000        1.0000000000       53.3888548859        0.0000000000        0.8869204367        0.1064304524        0.0016505238
       56.4285710000        1.0000000000        1.0000000000       68.1640432276        0.0000000000        0.8869204367        0.1064304524        0.0002802902
       56.5306120000        1.0000000000        1.0000000000       90.6435900046        0.0000000000        0.8869204367        0.1064304524        0.0000188833
       56.6326530000        1.0000000000        1.0000000000      128.0795140891        0.0000000000        0.8869204367        0.1064304524        0.0000002114
       56.7346940000        1.0000000000        1.0000000000      201.3928754709        0.0000000000        0.8869204367        0.1064304524        0.0000000000
       56.8367350000        1.0000000000        1.0000000000      382.7667961904        0.0000000000        0.8869204367        0.1064304524        0.0000000000
       56.9387760000        1.0000000000        1.0000000000      879.8809205670        0.0000000000        0.8869204367        0.1064304524        0.0000000000
       57.0408160000        1.0000000000        1.0000000000     1961.6283463124        0.0000000000        0.8869204367        0.1064304524        0.0000000000
       57.1428570000        1.0000000000        1.0000000000     3305.0547813963        0.0000000000        0.8869204367        0.1064304524        0.0000000000
       57.2448980000        1.0000000000        1.0000000000     3693.5837834847        0.0000000000        0.8869204367        0.1064304524        0.0000000000
       57.3469390000        1.0000000000        1.0000000000     2674.5655187073        0.0000000000        0.8869204367        0.1064304524        0.0000000000
       57.4489800000        1.0000000000        1.0000000000     1418.8585807166        0.0000000000        0.8869204367        0.1064304524        0.0000000000
       57.5510200000        1.0000000000        1.0000000000     1020.9906172561        0.0000000000        0.8869204367        0.1064304524        0.0000000000
       57.6530610000        1.0000000000        1.0000000000     1689.3248480469        0.0000000000        0.8869204367        0.1064304524        0.0000000000
       57.7551020000        1.0000000000        1.0000000000     2875.7138525672        0.0000000000        0.8869204367        0.1064304524        0.0000000000
       57.8571430000        1.0000000000        1.0000000000     3327.7229320703        0.0000000000        0.8869204367        0.1064304524        0.0000000000
       57.9591840000        1.0000000000        1.0000000000     2510.2689115219        0.0000000000        0.8869204367        0.1064304524        0.0000000000
       58.0612240000        1.0000000000        1.0000000000     1342.2943910576        0.0000000000        0.8869204367        0.1064304524        0.0000000000
       58.1632650000        1.0000000000        1.0000000000      625.3800269319        0.0000000000        0.8869204367        0.1064304524        0.0000000000
       58.2653060000        1.0000000000        1.0000000000      330.6380898298        0.0000000000        0.8869204367        0.1064304524        0.0000000000
       58.3673470000        1.0000000000        1.0000000000      215.2827176638        0.0000000000        0.8869204367        0.1064304524        0.0000000000
       58.4693880000        1.0000000000        1.0000000000      159.6041681901        0.0000000000        0.8869204367        0.1064304524        0.0000000048
       58.5714290000        1.0000000000        1.0000000000      126.6145754318        0.0000000000        0.8869204367        0.1064304524        0.0000002520
       58.6734690000        1.0000000000        1.0000000000      104.8654654937        0.0000000000        0.8869204367        0.1064304524        0.0000034269
       58.7755100000        1.0000000000        1.0000000000       90.3707379968        0.0000000000        0.8869204367        0.1064304524        0.0000195119
       58.8775510000        1.0000000000        1.0000000000       81.9783970979        0.0000000000        0.8869204367        0.1064304524        0.0000534156
       58.9795920000        1.0000000000        1.0000000000       77.5226177586        0.0000000000        0.8869204367        0.1064304524        0.0000911764
       59.0816330000        1.0000000000        1.0000000000       71.9041403167        0.0000000000        0.8869204367        0.1064304524        0.0001789334
       59.1836730000        1.0000000000        1.0000000000       62.9356567944        0.0000000000        0.8869204367        0.1064304524        0.0005249126
       59.2857140000        1.0000000000        1.0000000000       54.1275075932        0.0000000000        0.8869204367        0.1064304524        0.0015105206
       59.3877550000        1.0000000000        1.0000000000       48.0047421689        0.0000000000        0.8869204367        0.1064304524        0.0031493189
       59.4897960000        1.0000000000        1.0000000000       43.9240126569        0.0000000000        0.8869204367        0.1064304524        0.0051390784
       59.5918370000        1.0000000000        1.0000000000       40.8188310502        0.0000000000        0.8869204367        0.1064304524        0.0074595534
       59.6938780000        1.0000000000        1.0000000000       38.2329338222        0.0000000000        0.8869204367        0.1064304524        0.0101736721
       59.7959180000        1.0000000000        1.0000000000       36.0087219975        0.0000000000        0.8869204367        0.1064304524        0.0132859706
       59.8979590000        1.0000000000        1.0000000000       34.0686706887        0.0000000000        0.8869204367        0.1064304524        0.0167687125
       60.0000000000        1.0000000000        1.0000000000       32.3608611997        0.0000000000        0.8869204367        0.1064304524        0.0205827210
