       55.0000000000        1.0000000000        1.0000000000        7.3832502078        0.0000000000        0.8869204367        0.1064304524        0.4123057781
       55.1020410000        1.0000000000        1.0000000000        7.4411775271        0.0000000000        0.8869204367        0.1064304524        0.4094496643
       55.2040820000        1.0000000000        1.0000000000        7.5166810962        0.0000000000        0.8869204367        0.1064304524        0.4057566304
       55.3061220000        1.0000000000        1.0000000000        7.6182831314        0.0000000000        0.8869204367        0.1064304524        0.4008395823
       55.4081630000        1.0000000000        1.0000000000        7.7753725809        0.0000000000        0.8869204367        0.1064304524        0.3933542358
       55.5102040000        1.0000000000        1.0000000000        8.1008208800        0.0000000000        0.8869204367        0.1064304524        0.3782883643
       55.6122450000        1.0000000000        1.0000000000        8.8216834685        0.0000000000        0.8869204367        0.1064304524        0.3469404886
       55.7142860000        1.0000000000        1.0000000000        9.8790460988        0.0000000000        0.8869204367        0.1064304524        0.3055977660
       55.8163270000        1.0000000000        1.0000000000       10.5172802079        0.0000000000        0.8869204367        0.1064304524        0.2830664439
       55.9183670000        1.0000000000        1.0000000000       10.3325057903        0.0000000000        0.8869204367        0.1064304524        0.2894129567
       56.0204080000        1.0000000000        1.0000000000       10.0703528584        0.0000000000        0.8869204367        0.1064304524        0.2986621305
       56.1224490000        1.0000000000        1.0000000000       10.3609553327        0.0000000000        0.8869204367        0.1064304524        0.2884266014
       56.2244900000        1.0000000000        1.0000000000       11.1921187748        0.0000000000        0.8869204367        0.1064304524        0.2610471457
       56.3265310000        1.0000000000        1.0000000000       12.4971580620        0.0000000000        0.8869204367        0.1064304524        0.2232062678
       56.4285710000        1.0000000000        1.0000000000       14.4179124022        0.0000000000        0.8869204367        0.1064304524        0.1772579100
       56.5306120000        1.0000000000        1.0000000000       17.3201896762        0.0000000000        0.8869204367        0.1064304524        0.1251274125
       56.6326530000        1.0000000000        1.0000000000       21.9454686830        0.0000000000        0.8869204367        0.1064304524        0.0718297716
       56.7346940000        1.0000000000        1.0000000000       29.9869230602        0.0000000000        0.8869204367        0.1064304524        0.0273666334
       56.8367350000        1.0000000000        1.0000000000       46.6055402624        0.0000000000        0.8869204367        0.1064304524        0.0037250879
       56.9387760000        1.0000000000        1.0000000000       93.2819489075        0.0000000000        0.8869204367        0.1064304524        0.0000137588
       57.0408160000        1.0000000000        1.0000000000      253.6995372183        0.0000000000        0.8869204367        0.1064304524        0.0000000000
       57.1428570000        1.0000000000        1.0000000000      709.3428307661        0.0000000000        0.8869204367        0.1064304524        0.0000000000
       57.2448980000        1.0000000000        1.0000000000     1474.9732531604        0.0000000000        0.8869204367        0.1064304524        0.0000000000
       57.3469390000        1.0000000000        1.0000000000     1970.6335070456        0.0000000000        0.8869204367        0.1064304524        0.0000000000
       57.4489800000        1.0000000000        1.0000000000     1630.5745832738        0.0000000000        0.8869204367        0.1064304524        0.0000000000
       57.5510200000        1.0000000000        1.0000000000      871.3178492206        0.0000000000        0.8869204367        0.1064304524        0.0000000000
       57.6530610000        1.0000000000        1.0000000000      349.8193390419        0.0000000000        0.8869204367        0.1064304524        0.0000000000
       57.7551020000        1.0000000000        1.0000000000      144.9334437228        0.0000000000        0.8869204367        0.1064304524        0.0000000280
       57.8571430000        1.0000000000        1.0000000000       80.0232407069        0.0000000000        0.8869204367        0.1064304524        0.0000675401
       57.9591840000        1.0000000000        1.0000000000       55.4879275143        0.0000000000        0.8869204367        0.1064304524        0.0012830037
       58.0612240000        1.0000000000        1.0000000000       42.9349683367        0.0000000000        0.8869204367        0.1064304524        0.0057866820
       58.1632650000        1.0000000000        1.0000000000       35.2627675171        0.0000000000        0.8869204367        0.1064304524        0.0145301119
       58.2653060000        1.0000000000        1.0000000000       30.1283733707        0.0000000000        0.8869204367        0.1064304524        0.0269060313
       58.3673470000        1.0000000000        1.0000000000       26.4904333131        0.0000000000        0.8869204367        0.1064304524        0.0416334230
       58.4693880000        1.0000000000        1.0000000000       23.8114465971        0.0000000000        0.8869204367        0.1064304524        0.0574193691
       58.5714290000        1.0000000000        1.0000000000       21.8138212770        0.0000000000        0.8869204367        0.1064304524        0.0729735266
       58.6734690000        1.0000000000        1.0000000000       20.4949172596        0.0000000000        0.8869204367        0.1064304524        0.0854870761
       58.7755100000        1.0000000000        1.0000000000       20.4515560226        0.0000000000        0.8869204367        0.1064304524        0.0859330544
       58.8775510000        1.0000000000        1.0000000000       22.7339524410        0.0000000000        0.8869204367        0.1064304524        0.0653450039
       58.9795920000        1.0000000000        1.0000000000       26.2871256835        0.0000000000        0.8869204367        0.1064304524        0.0426616418
       59.0816330000        1.0000000000        1.0000000000       26.7609523281        0.0000000000        0.8869204367        0.1064304524        0.0403036082
       59.1836730000        1.0000000000        1.0000000000       22.6980290456        0.0000000000        0.8869204367        0.1064304524        0.0656273017
       59.2857140000        1.0000000000        1.0000000000       18.0686359815        0.0000000000        0.8869204367        0.1064304524        0.1143791676
       59.3877550000        1.0000000000        1.0000000000       15.5114948192        0.0000000000        0.8869204367        0.1064304524        0.1554580469
       59.4897960000        1.0000000000        1.0000000000       14.4371234196        0.0000000000        0.8869204367        0.1064304524        0.1768497441
       59.5918370000        1.0000000000        1.0000000000       13.8782060508        0.0000000000        0.8869204367        0.1064304524        0.1891178854
       59.6938780000        1.0000000000        1.0000000000       13.4740781145        0.0000000000        0.8869204367        0.1064304524        0.1985152464
       59.7959180000        1.0000000000        1.0000000000       13.1391183774        0.0000000000        0.8869204367        0.1064304524        0.2066571363
       59.8979590000        1.0000000000        1.0000000000       12.8493083853        0.0000000000        0.8869204367        0.1064304524        0.2139705252
       60.0000000000        1.0000000000        1.0000000000       12.5936835627        0.0000000000        0.8869204367        0.1064304524        0.2206357720
