       55.0000000000        1.0000000000        1.0000000000        7.4057326074        0.0000000000        0.8869204367        0.1064304524        0.4111949225
       55.1020410000        1.0000000000        1.0000000000        7.6035338299        0.0000000000        0.8869204367        0.1064304524        0.4015496630
       55.2040820000        1.0000000000        1.0000000000        7.8404271025        0.0000000000        0.8869204367        0.1064304524        0.3902954540
       55.3061220000        1.0000000000        1.0000000000        8.1290499729        0.0000000000        0.8869204367        0.1064304524        0.3770090838
       55.4081630000        1.0000000000        1.0000000000        8.5041087339        0.0000000000        0.8869204367        0.1064304524        0.3604171934
       55.5102040000        1.0000000000        1.0000000000        9.0849029162        0.0000000000        0.8869204367        0.1064304524        0.3361531733
       55.6122450000        1.0000000000        1.0000000000       10.1032474728        0.0000000000        0.8869204367        0.1064304524        0.2974855291
       55.7142860000        1.0000000000        1.0000000000       11.5008651533        0.0000000000        0.8869204367        0.1064304524        0.2515524359
       55.8163270000        1.0000000000        1.0000000000       12.5315629185        0.0000000000        0.8869204367        0.1064304524        0.2222866419
       55.9183670000        1.0000000000        1.0000000000       12.8216415721        0.0000000000        0.8869204367        0.1064304524        0.2146820916
       56.0204080000        1.0000000000        1.0000000000       13.1465137449        0.0000000000        0.8869204367        0.1064304524        0.2064738210
       56.1224490000        1.0000000000        1.0000000000       14.1557932252        0.0000000000        0.8869204367        0.1064304524        0.1829220475
       56.2244900000        1.0000000000        1.0000000000       15.8652444771        0.0000000000        0.8869204367        0.1064304524        0.1489969658
       56.3265310000        1.0000000000        1.0000000000       18.2542299717        0.0000000000        0.8869204367        0.1064304524        0.1118599545
       56.4285710000        1.0000000000        1.0000000000       21.5281525476        0.0000000000        0.8869204367        0.1064304524        0.0755184482
       56.5306120000        1.0000000000        1.0000000000       26.1343045382        0.0000000000        0.8869204367        0.1064304524        0.0434512115
       56.6326530000        1.0000000000        1.0000000000       32.9015410134        0.0000000000        0.8869204367        0.1064304524        0.0192896823
       56.7346940000        1.0000000000        1.0000000000       43.4998869202        0.0000000000        0.8869204367        0.1064304524        0.0054074025
       56.8367350000        1.0000000000        1.0000000000       61.9985493149        0.0000000000        0.8869204367        0.1064304524        0.0005873874
       56.9387760000        1.0000000000        1.0000000000      101.7843200070        0.0000000000        0.8869204367        0.1064304524        0.0000049599
       57.0408160000        1.0000000000        1.0000000000      215.6270130767        0.0000000000        0.8869204367        0.1064304524        0.0000000000
       57.1428570000        1.0000000000        1.0000000000      563.7824565524        0.0000000000        0.8869204367        0.1064304524        0.0000000000
       57.2448980000        1.0000000000        1.0000000000     1341.3455441895        0.0000000000        0.8869204367        0.1064304524        0.0000000000
       57.3469390000        1.0000000000        1.0000000000     2257.3445796882        0.0000000000        0.8869204367        0.1064304524        0.0000000000
       57.4489800000        1.0000000000        1.0000000000     2417.0753745498        0.0000000000        0.8869204367        0.1064304524        0.0000000000
       57.5510200000        1.0000000000        1.0000000000     1628.4020218330        0.0000000000        0.8869204367        0.1064304524        0.0000000000
       57.6530610000        1.0000000000        1.0000000000      743.1131640492        0.0000000000        0.8869204367        0.1064304524        0.0000000000
       57.7551020000        1.0000000000        1.0000000000      285.9451774154        0.0000000000        0.8869204367        0.1064304524        0.0000000000
       57.8571430000        1.0000000000        1.0000000000      139.5749936650        0.0000000000        0.8869204367        0.1064304524        0.0000000532
       57.9591840000        1.0000000000        1.0000000000      119.0607127612        0.0000000000        0.8869204367        0.1064304524        0.0000006239
       58.0612240000        1.0000000000        1.0000000000      196.0330550307        0.0000000000        0.8869204367        0.1064304524        0.0000000001
       58.1632650000        1.0000000000        1.0000000000      508.3213663642        0.0000000000        0.8869204367        0.1064304524        0.0000000000
       58.2653060000        1.0000000000        1.0000000000     1269.5644907751        0.0000000000        0.8869204367        0.1064304524        0.0000000000
       58.3673470000        1.0000000000        1.0000000000     2255.1970961667        0.0000000000        0.8869204367        0.1064304524        0.0000000000
       58.4693880000        1.0000000000        1.0000000000     2567.6530049710        0.0000000000        0.8869204367        0.1064304524        0.0000000000
       58.5714290000        1.0000000000        1.0000000000     1866.3238218885        0.0000000000        0.8869204367        0.1064304524        0.0000000000
       58.6734690000        1.0000000000        1.0000000000      938.8699474294        0.0000000000        0.8869204367        0.1064304524        0.0000000000
       58.7755100000        1.0000000000        1.0000000000      403.1656296209        0.0000000000        0.8869204367        0.1064304524        0.0000000000
       58.8775510000        1.0000000000        1.0000000000      202.4447782987        0.0000000000        0.8869204367        0.1064304524        0.0000000000
       58.9795920000        1.0000000000        1.0000000000      134.5085925663        0.0000000000        0.8869204367        0.1064304524        0.0000000977
       59.0816330000        1.0000000000        1.0000000000      103.3784552916        0.0000000000        0.8869204367        0.1064304524        0.0000040963
       59.1836730000        1.0000000000        1.0000000000       81.4666671671        0.0000000000        0.8869204367        0.1064304524        0.0000567985
       59.2857140000        1.0000000000        1.0000000000       65.1509497806        0.0000000000        0.8869204367        0.1064304524        0.0004023799
       59.3877550000        1.0000000000        1.0000000000       54.3555552185        0.0000000000        0.8869204367        0.1064304524        0.0014697446
       59.4897960000        1.0000000000        1.0000000000       47.2461493989        0.0000000000        0.8869204367        0.1064304524        0.0034494588
       59.5918370000        1.0000000000        1.0000000000       42.1197871473        0.0000000000        0.8869204367        0.1064304524        0.0063813573
       59.6938780000        1.0000000000        1.0000000000       38.1554467386        0.0000000000        0.8869204367        0.1064304524        0.0102687127
       59.7959180000        1.0000000000        1.0000000000       34.9770446157        0.0000000000        0.8869204367        0.1064304524        0.0150369413
       59.8979590000        1.0000000000        1.0000000000       32.3709384734        0.0000000000        0.8869204367        0.1064304524        0.0205578459
       60.0000000000        1.0000000000        1.0000000000       30.1973385508        0.0000000000        0.8869204367        0.1064304524        0.0266842807
