       55.0000000000        1.0000000000        1.0000000000        7.3352303218        0.0000000000        0.8869204367        0.1064304524        0.4146885018
       55.1020410000        1.0000000000        1.0000000000        7.4721433130        0.0000000000        0.8869204367        0.1064304524        0.4079310159
       55.2040820000        1.0000000000        1.0000000000        7.6400773272        0.0000000000        0.8869204367        0.1064304524        0.3997926348
       55.3061220000        1.0000000000        1.0000000000        7.8502660045        0.0000000000        0.8869204367        0.1064304524        0.3898349165
       55.4081630000        1.0000000000        1.0000000000        8.1355916133        0.0000000000        0.8869204367        0.1064304524        0.3767132490
       55.5102040000        1.0000000000        1.0000000000        8.6131626677        0.0000000000        0.8869204367        0.1064304524        0.3557313314
       55.6122450000        1.0000000000        1.0000000000        9.5133950778        0.0000000000        0.8869204367        0.1064304524        0.3193053547
       55.7142860000        1.0000000000        1.0000000000       10.7783961178        0.0000000000        0.8869204367        0.1064304524        0.2743343848
       55.8163270000        1.0000000000        1.0000000000       11.6587586274        0.0000000000        0.8869204367        0.1064304524        0.2468310868
       55.9183670000        1.0000000000        1.0000000000       11.7689622954        0.0000000000        0.8869204367        0.1064304524        0.2435883727
       56.0204080000        1.0000000000        1.0000000000       11.8725012486        0.0000000000        0.8869204367        0.1064304524        0.2405805905
       56.1224490000        1.0000000000        1.0000000000       12.6103670120        0.0000000000        0.8869204367        0.1064304524        0.2201944980
       56.2244900000        1.0000000000        1.0000000000       13.9837316715        0.0000000000        0.8869204367        0.1064304524        0.1867381706
       56.3265310000        1.0000000000        1.0000000000       15.9439282084        0.0000000000        0.8869204367        0.1064304524        0.1475967502
       56.4285710000        1.0000000000        1.0000000000       18.6465125114        0.0000000000        0.8869204367        0.1064304524        0.1067162857
       56.5306120000        1.0000000000        1.0000000000       22.4444178093        0.0000000000        0.8869204367        0.1064304524        0.0676552625
       56.6326530000        1.0000000000        1.0000000000       27.9667911558        0.0000000000        0.8869204367        0.1064304524        0.0348739573
       56.7346940000        1.0000000000        1.0000000000       36.3834005354        0.0000000000        0.8869204367        0.1064304524        0.0127018444
       56.8367350000        1.0000000000        1.0000000000       50.1178690623        0.0000000000        0.8869204367        0.1064304524        0.0024439388
       56.9387760000        1.0000000000        1.0000000000       75.2701261337        0.0000000000        0.8869204367        0.1064304524        0.0001194736
       57.0408160000        1.0000000000        1.0000000000      132.1411675358        0.0000000000        0.8869204367        0.1064304524        0.0000001298
       57.1428570000        1.0000000000        1.0000000000      297.7922485155        0.0000000000        0.8869204367        0.1064304524        0.0000000000
       57.2448980000        1.0000000000        1.0000000000      790.2364807548        0.0000000000        0.8869204367        0.1064304524        0.0000000000
       57.3469390000        1.0000000000        1.0000000000     1841.6278079296        0.0000000000        0.8869204367        0.1064304524        0.0000000000
       57.4489800000        1.0000000000        1.0000000000     3024.5011460935        0.0000000000        0.8869204367        0.1064304524        0.0000000000
       57.5510200000        1.0000000000        1.0000000000     3200.6794448100        0.0000000000        0.8869204367        0.1064304524        0.0000000000
       57.6530610000        1.0000000000        1.0000000000     2182.2568988459        0.0000000000        0.8869204367        0.1064304524        0.0000000000
       57.7551020000        1.0000000000        1.0000000000     1045.6805375712        0.0000000000        0.8869204367        0.1064304524        0.0000000000
       57.8571430000        1.0000000000        1.0000000000      435.4731102973        0.0000000000        0.8869204367        0.1064304524        0.0000000000
       57.9591840000        1.0000000000        1.0000000000      210.1861492936        0.0000000000        0.8869204367        0.1064304524        0.0000000000
       58.0612240000        1.0000000000        1.0000000000      129.1821454500        0.0000000000        0.8869204367        0.1064304524        0.0000001852
       58.1632650000        1.0000000000        1.0000000000       92.3943116526        0.0000000000        0.8869204367        0.1064304524        0.0000153052
       58.2653060000        1.0000000000        1.0000000000       71.5866661788        0.0000000000        0.8869204367        0.1064304524        0.0001858817
       58.3673470000        1.0000000000        1.0000000000       58.2780898525        0.0000000000        0.8869204367        0.1064304524        0.0009179471
       58.4693880000        1.0000000000        1.0000000000       49.1374606428        0.0000000000        0.8869204367        0.1064304524        0.0027490627
       58.5714290000        1.0000000000        1.0000000000       42.5778769284        0.0000000000        0.8869204367        0.1064304524        0.0060400365
       58.6734690000        1.0000000000        1.0000000000       37.8981816328        0.0000000000        0.8869204367        0.1064304524        0.0105906706
       58.7755100000        1.0000000000        1.0000000000       35.2923706788        0.0000000000        0.8869204367        0.1064304524        0.0144785870
       58.8775510000        1.0000000000        1.0000000000       35.5815366238        0.0000000000        0.8869204367        0.1064304524        0.0139847980
       58.9795920000        1.0000000000        1.0000000000       37.5940964248        0.0000000000        0.8869204367        0.1064304524        0.0109842641
       59.0816330000        1.0000000000        1.0000000000       36.8757460372        0.0000000000        0.8869204367        0.1064304524        0.0119731394
       59.1836730000        1.0000000000        1.0000000000       31.8255358787        0.0000000000        0.8869204367        0.1064304524        0.0219483282
       59.2857140000        1.0000000000        1.0000000000       26.3244392854        0.0000000000        0.8869204367        0.1064304524        0.0424710456
       59.3877550000        1.0000000000        1.0000000000       23.0055514368        0.0000000000        0.8869204367        0.1064304524        0.0632496192
       59.4897960000        1.0000000000        1.0000000000       21.2808395467        0.0000000000        0.8869204367        0.1064304524        0.0777932396
       59.5918370000        1.0000000000        1.0000000000       20.1662105644        0.0000000000        0.8869204367        0.1064304524        0.0889264845
       59.6938780000        1.0000000000        1.0000000000       19.2820567934        0.0000000000        0.8869204367        0.1064304524        0.0988801454
       59.7959180000        1.0000000000        1.0000000000       18.5283322797        0.0000000000        0.8869204367        0.1064304524        0.1082404786
       59.8979590000        1.0000000000        1.0000000000       17.8702854765        0.0000000000        0.8869204367        0.1064304524        0.1171342862
       60.0000000000        1.0000000000        1.0000000000       17.2886775688        0.0000000000        0.8869204367        0.1064304524        0.1256014716
