       55.0000000000        1.0000000000        1.0000000000       12.3628015252        0.0000000000        0.8869204367        0.1064304524        0.2268341414
       55.1020410000        1.0000000000        1.0000000000       13.5676783168        0.0000000000        0.8869204367        0.1064304524        0.1962979938
       55.2040820000        1.0000000000        1.0000000000       15.0676711995        0.0000000000        0.8869204367        0.1064304524        0.1639620068
       55.3061220000        1.0000000000        1.0000000000       16.9613878401        0.0000000000        0.8869204367        0.1064304524        0.1306325916
       55.4081630000        1.0000000000        1.0000000000       19.4076355598        0.0000000000        0.8869204367        0.1064304524        0.0974012468
       55.5102040000        1.0000000000        1.0000000000       22.7079531648        0.0000000000        0.8869204367        0.1064304524        0.0655491930
       55.6122450000        1.0000000000        1.0000000000       27.3639231761        0.0000000000        0.8869204367        0.1064304524        0.0374903849
       55.7142860000        1.0000000000        1.0000000000       33.7327946642        0.0000000000        0.8869204367        0.1064304524        0.0174583827
       55.8163270000        1.0000000000        1.0000000000       41.7882447892        0.0000000000        0.8869204367        0.1064304524        0.0066403582
       55.9183670000        1.0000000000        1.0000000000       52.4632507445        0.0000000000        0.8869204367        0.1064304524        0.0018444206
       56.0204080000        1.0000000000        1.0000000000       69.0347121130        0.0000000000        0.8869204367        0.1064304524        0.0002524833
       56.1224490000        1.0000000000        1.0000000000       97.8905705921        0.0000000000        0.8869204367        0.1064304524        0.0000079141
       56.2244900000        1.0000000000        1.0000000000      156.1432477658        0.0000000000        0.8869204367        0.1064304524        0.0000000073
       56.3265310000        1.0000000000        1.0000000000      303.0573138812        0.0000000000        0.8869204367        0.1064304524        0.0000000000
       56.4285710000        1.0000000000        1.0000000000      694.8195000622        0.0000000000        0.8869204367        0.1064304524        0.0000000000
       56.5306120000        1.0000000000        1.0000000000     1506.3820055509        0.0000000000        0.8869204367        0.1064304524        0.0000000000
       56.6326530000        1.0000000000        1.0000000000     2625.2641534603        0.0000000000        0.8869204367        0.1064304524        0.0000000000
       56.7346940000        1.0000000000        1.0000000000     3655.7198745330        0.0000000000        0.8869204367        0.1064304524        0.0000000000
       56.8367350000        1.0000000000        1.0000000000     4117.5785186063        0.0000000000        0.8869204367        0.1064304524        0.0000000000
       56.9387760000        1.0000000000        1.0000000000     3498.0365877407        0.0000000000        0.8869204367        0.1064304524        0.0000000000
       57.0408160000        1.0000000000        1.0000000000     2132.2801913239        0.0000000000        0.8869204367        0.1064304524        0.0000000000
       57.1428570000        1.0000000000        1.0000000000     1012.4573988886        0.0000000000        0.8869204367        0.1064304524        0.0000000000
       57.2448980000        1.0000000000        1.0000000000      469.6764022935        0.0000000000        0.8869204367        0.1064304524        0.0000000000
       57.3469390000        1.0000000000        1.0000000000      261.9699801502        0.0000000000        0.8869204367        0.1064304524        0.0000000000
       57.4489800000        1.0000000000        1.0000000000      175.4853475469        0.0000000000        0.8869204367        0.1064304524        0.0000000007
       57.5510200000        1.0000000000        1.0000000000      130.4865587523        0.0000000000        0.8869204367        0.1064304524        0.0000001584
       57.6530610000        1.0000000000        1.0000000000      102.9882079476        0.0000000000        0.8869204367        0.1064304524        0.0000042927
       57.7551020000        1.0000000000        1.0000000000       84.5712400977        0.0000000000        0.8869204367        0.1064304524        0.0000391328
       57.8571430000        1.0000000000        1.0000000000       71.4950747191        0.0000000000        0.8869204367        0.1064304524        0.0001879360
       57.9591840000        1.0000000000        1.0000000000       61.8117451433        0.0000000000        0.8869204367        0.1064304524        0.0006007033
       58.0612240000        1.0000000000        1.0000000000       54.4046967198        0.0000000000        0.8869204367        0.1064304524        0.0014611031
       58.1632650000        1.0000000000        1.0000000000       48.5903671657        0.0000000000        0.8869204367        0.1064304524        0.0029355981
       58.2653060000        1.0000000000        1.0000000000       43.9294864511        0.0000000000        0.8869204367        0.1064304524        0.0051357039
       58.3673470000        1.0000000000        1.0000000000       40.1292246880        0.0000000000        0.8869204367        0.1064304524        0.0081031131
       58.4693880000        1.0000000000        1.0000000000       36.9920319894        0.0000000000        0.8869204367        0.1064304524        0.0118072227
       58.5714290000        1.0000000000        1.0000000000       34.4048412564        0.0000000000        0.8869204367        0.1064304524        0.0161057174
       58.6734690000        1.0000000000        1.0000000000       32.4456225436        0.0000000000        0.8869204367        0.1064304524        0.0203744278
       58.7755100000        1.0000000000        1.0000000000       31.7523119904        0.0000000000        0.8869204367        0.1064304524        0.0221420350
       58.8775510000        1.0000000000        1.0000000000       33.4155143462        0.0000000000        0.8869204367        0.1064304524        0.0181359029
       58.9795920000        1.0000000000        1.0000000000       36.4368592029        0.0000000000        0.8869204367        0.1064304524        0.0126206224
       59.0816330000        1.0000000000        1.0000000000       36.4724499102        0.0000000000        0.8869204367        0.1064304524        0.0125668361
       59.1836730000        1.0000000000        1.0000000000       31.9853507599        0.0000000000        0.8869204367        0.1064304524        0.0215314184
       59.2857140000        1.0000000000        1.0000000000       26.9019583576        0.0000000000        0.8869204367        0.1064304524        0.0396273793
       59.3877550000        1.0000000000        1.0000000000       23.8951090126        0.0000000000        0.8869204367        0.1064304524        0.0568457920
       59.4897960000        1.0000000000        1.0000000000       22.4058937455        0.0000000000        0.8869204367        0.1064304524        0.0679687492
       59.5918370000        1.0000000000        1.0000000000       21.4692384653        0.0000000000        0.8869204367        0.1064304524        0.0760542319
       59.6938780000        1.0000000000        1.0000000000       20.7187906661        0.0000000000        0.8869204367        0.1064304524        0.0832210565
       59.7959180000        1.0000000000        1.0000000000       20.0644383059        0.0000000000        0.8869204367        0.1064304524        0.0900191731
       59.8979590000        1.0000000000        1.0000000000       19.4790063926        0.0000000000        0.8869204367        0.1064304524        0.0965706159
       60.0000000000        1.0000000000        1.0000000000       18.9490608804        0.0000000000        0.8869204367        0.1064304524        0.1029113536
