       55.0000000000        1.0000000000        1.0000000000       20.3860904626        0.0000000000        0.8869204367        0.1064304524        0.0866107917
       55.1020410000        1.0000000000        1.0000000000       23.0449337909        0.0000000000        0.8869204367        0.1064304524        0.0629514141
       55.2040820000        1.0000000000        1.0000000000       26.4065951582        0.0000000000        0.8869204367        0.1064304524        0.0420543933
       55.3061220000        1.0000000000        1.0000000000       30.7580074809        0.0000000000        0.8869204367        0.1064304524        0.0249480180
       55.4081630000        1.0000000000        1.0000000000       36.5780916680        0.0000000000        0.8869204367        0.1064304524        0.0124085317
       55.5102040000        1.0000000000        1.0000000000       44.7486842215        0.0000000000        0.8869204367        0.1064304524        0.0046548662
       55.6122450000        1.0000000000        1.0000000000       56.9191885903        0.0000000000        0.8869204367        0.1064304524        0.0010805311
       55.7142860000        1.0000000000        1.0000000000       76.0812215227        0.0000000000        0.8869204367        0.1064304524        0.0001083931
       55.8163270000        1.0000000000        1.0000000000      110.2414745775        0.0000000000        0.8869204367        0.1064304524        0.0000017977
       55.9183670000        1.0000000000        1.0000000000      192.2395534091        0.0000000000        0.8869204367        0.1064304524        0.0000000001
       56.0204080000        1.0000000000        1.0000000000      438.7913312878        0.0000000000        0.8869204367        0.1064304524        0.0000000000
       56.1224490000        1.0000000000        1.0000000000     1062.0022661356        0.0000000000        0.8869204367        0.1064304524        0.0000000000
       56.2244900000        1.0000000000        1.0000000000     1972.0298712223        0.0000000000        0.8869204367        0.1064304524        0.0000000000
       56.3265310000        1.0000000000        1.0000000000     2382.3019002527        0.0000000000        0.8869204367        0.1064304524        0.0000000000
       56.4285710000        1.0000000000        1.0000000000     1786.8064151378        0.0000000000        0.8869204367        0.1064304524        0.0000000000
       56.5306120000        1.0000000000        1.0000000000      868.1904671395        0.0000000000        0.8869204367        0.1064304524        0.0000000000
       56.6326530000        1.0000000000        1.0000000000      328.5560188619        0.0000000000        0.8869204367        0.1064304524        0.0000000000
       56.7346940000        1.0000000000        1.0000000000      152.1135268962        0.0000000000        0.8869204367        0.1064304524        0.0000000118
       56.8367350000        1.0000000000        1.0000000000      123.7966596249        0.0000000000        0.8869204367        0.1064304524        0.0000003534
       56.9387760000        1.0000000000        1.0000000000      151.4118928256        0.0000000000        0.8869204367        0.1064304524        0.0000000129
       57.0408160000        1.0000000000        1.0000000000      233.0836646139        0.0000000000        0.8869204367        0.1064304524        0.0000000000
       57.1428570000        1.0000000000        1.0000000000      438.4256933122        0.0000000000        0.8869204367        0.1064304524        0.0000000000
       57.2448980000        1.0000000000        1.0000000000      991.0856254151        0.0000000000        0.8869204367        0.1064304524        0.0000000000
       57.3469390000        1.0000000000        1.0000000000     2305.0797930108        0.0000000000        0.8869204367        0.1064304524        0.0000000000
       57.4489800000        1.0000000000        1.0000000000     4412.5080299834        0.0000000000        0.8869204367        0.1064304524        0.0000000000
       57.5510200000        1.0000000000        1.0000000000     5996.9075763485        0.0000000000        0.8869204367        0.1064304524        0.0000000000
       57.6530610000        1.0000000000        1.0000000000     5510.1959149632        0.0000000000        0.8869204367        0.1064304524        0.0000000000
       57.7551020000        1.0000000000        1.0000000000     3532.5876848601        0.0000000000        0.8869204367        0.1064304524        0.0000000000
       57.8571430000        1.0000000000        1.0000000000     1787.2750415768        0.0000000000        0.8869204367        0.1064304524        0.0000000000
       57.9591840000        1.0000000000        1.0000000000      879.2023676069        0.0000000000        0.8869204367        0.1064304524        0.0000000000
       58.0612240000        1.0000000000        1.0000000000      500.2200768395        0.0000000000        0.8869204367        0.1064304524        0.0000000000
       58.1632650000        1.0000000000        1.0000000000      333.1271230692        0.0000000000        0.8869204367        0.1064304524        0.0000000000
       58.2653060000        1.0000000000        1.0000000000      245.0668248628        0.0000000000        0.8869204367        0.1064304524        0.0000000000
       58.3673470000        1.0000000000        1.0000000000      191.4131556882        0.0000000000        0.8869204367        0.1064304524        0.0000000001
       58.4693880000        1.0000000000        1.0000000000      155.6301375511        0.0000000000        0.8869204367        0.1064304524        0.0000000077
       58.5714290000        1.0000000000        1.0000000000      130.3346983139        0.0000000000        0.8869204367        0.1064304524        0.0000001613
       58.6734690000        1.0000000000        1.0000000000      111.8576928794        0.0000000000        0.8869204367        0.1064304524        0.0000014808
       58.7755100000        1.0000000000        1.0000000000       98.7172267235        0.0000000000        0.8869204367        0.1064304524        0.0000071667
       58.8775510000        1.0000000000        1.0000000000       90.7756623812        0.0000000000        0.8869204367        0.1064304524        0.0000185864
       58.9795920000        1.0000000000        1.0000000000       86.3513478974        0.0000000000        0.8869204367        0.1064304524        0.0000316061
       59.0816330000        1.0000000000        1.0000000000       80.5749883256        0.0000000000        0.8869204367        0.1064304524        0.0000632131
       59.1836730000        1.0000000000        1.0000000000       71.3306959245        0.0000000000        0.8869204367        0.1064304524        0.0001916799
       59.2857140000        1.0000000000        1.0000000000       62.1636675018        0.0000000000        0.8869204367        0.1064304524        0.0005758634
       59.3877550000        1.0000000000        1.0000000000       55.6508142068        0.0000000000        0.8869204367        0.1064304524        0.0012581691
       59.4897960000        1.0000000000        1.0000000000       51.1854689628        0.0000000000        0.8869204367        0.1064304524        0.0021500670
       59.5918370000        1.0000000000        1.0000000000       47.7137975224        0.0000000000        0.8869204367        0.1064304524        0.0032612142
       59.6938780000        1.0000000000        1.0000000000       44.7825426212        0.0000000000        0.8869204367        0.1064304524        0.0046359918
       59.7959180000        1.0000000000        1.0000000000       42.2348108672        0.0000000000        0.8869204367        0.1064304524        0.0062938815
       59.8979590000        1.0000000000        1.0000000000       39.9928440413        0.0000000000        0.8869204367        0.1064304524        0.0082368171
       60.0000000000        1.0000000000        1.0000000000       38.0039111134        0.0000000000        0.8869204367        0.1064304524        0.0104571499
