       55.0000000000        1.0000000000        1.0000000000       11.8625445044        0.0000000000        0.8869204367        0.1064304524        0.2408682102
       55.1020410000        1.0000000000        1.0000000000       12.7732329465        0.0000000000        0.8869204367        0.1064304524        0.2159328167
       55.2040820000        1.0000000000        1.0000000000       13.8528180003        0.0000000000        0.8869204367        0.1064304524        0.1896949241
       55.3061220000        1.0000000000        1.0000000000       15.1453953168        0.0000000000        0.8869204367        0.1064304524        0.1624398600
       55.4081630000        1.0000000000        1.0000000000       16.7273898820        0.0000000000        0.8869204367        0.1064304524        0.1343527083
       55.5102040000        1.0000000000        1.0000000000       18.7730941021        0.0000000000        0.8869204367        0.1064304524        0.1051075369
       55.6122450000        1.0000000000        1.0000000000       21.5823717773        0.0000000000        0.8869204367        0.1064304524        0.0750286969
       55.7142860000        1.0000000000        1.0000000000       25.1814309112        0.0000000000        0.8869204367        0.1064304524        0.0487148333
       55.8163270000        1.0000000000        1.0000000000       28.9634370243        0.0000000000        0.8869204367        0.1064304524        0.0309428773
       55.9183670000        1.0000000000        1.0000000000       32.7895718136        0.0000000000        0.8869204367        0.1064304524        0.0195506134
       56.0204080000        1.0000000000        1.0000000000       37.7620728938        0.0000000000        0.8869204367        0.1064304524        0.0107650689
       56.1224490000        1.0000000000        1.0000000000       45.0011967096        0.0000000000        0.8869204367        0.1064304524        0.0045159324
       56.2244900000        1.0000000000        1.0000000000       55.2930790164        0.0000000000        0.8869204367        0.1064304524        0.0013133561
       56.3265310000        1.0000000000        1.0000000000       69.9755781329        0.0000000000        0.8869204367        0.1064304524        0.0002255273
       56.4285710000        1.0000000000        1.0000000000       91.8187153196        0.0000000000        0.8869204367        0.1064304524        0.0000163997
       56.5306120000        1.0000000000        1.0000000000      126.8132211173        0.0000000000        0.8869204367        0.1064304524        0.0000002461
       56.6326530000        1.0000000000        1.0000000000      190.9942867174        0.0000000000        0.8869204367        0.1064304524        0.0000000001
       56.7346940000        1.0000000000        1.0000000000      338.5669793419        0.0000000000        0.8869204367        0.1064304524        0.0000000000
       56.8367350000        1.0000000000        1.0000000000      738.4818998505        0.0000000000        0.8869204367        0.1064304524        0.0000000000
       56.9387760000        1.0000000000        1.0000000000     1672.9666100533        0.0000000000        0.8869204367        0.1064304524        0.0000000000
       57.0408160000        1.0000000000        1.0000000000     3006.7455034825        0.0000000000        0.8869204367        0.1064304524        0.0000000000
       57.1428570000        1.0000000000        1.0000000000     3668.1081834739        0.0000000000        0.8869204367        0.1064304524        0.0000000000
       57.2448980000        1.0000000000        1.0000000000     2992.4162757126        0.0000000000        0.8869204367        0.1064304524        0.0000000000
       57.3469390000        1.0000000000        1.0000000000     2144.5565123156        0.0000000000        0.8869204367        0.1064304524        0.0000000000
       57.4489800000        1.0000000000        1.0000000000     2470.5526269629        0.0000000000        0.8869204367        0.1064304524        0.0000000000
       57.5510200000        1.0000000000        1.0000000000     3521.0229375741        0.0000000000        0.8869204367        0.1064304524        0.0000000000
       57.6530610000        1.0000000000        1.0000000000     3690.5649525958        0.0000000000        0.8869204367        0.1064304524        0.0000000000
       57.7551020000        1.0000000000        1.0000000000     2592.8522227677        0.0000000000        0.8869204367        0.1064304524        0.0000000000
       57.8571430000        1.0000000000        1.0000000000     1344.4609666849        0.0000000000        0.8869204367        0.1064304524        0.0000000000
       57.9591840000        1.0000000000        1.0000000000      642.8702013790        0.0000000000        0.8869204367        0.1064304524        0.0000000000
       58.0612240000        1.0000000000        1.0000000000      357.3702877364        0.0000000000        0.8869204367        0.1064304524        0.0000000000
       58.1632650000        1.0000000000        1.0000000000      239.1612899220        0.0000000000        0.8869204367        0.1064304524        0.0000000000
       58.2653060000        1.0000000000        1.0000000000      178.6491176835        0.0000000000        0.8869204367        0.1064304524        0.0000000005
       58.3673470000        1.0000000000        1.0000000000      141.7111713586        0.0000000000        0.8869204367        0.1064304524        0.0000000412
       58.4693880000        1.0000000000        1.0000000000      116.8121133087        0.0000000000        0.8869204367        0.1064304524        0.0000008171
       58.5714290000        1.0000000000        1.0000000000       99.0156307395        0.0000000000        0.8869204367        0.1064304524        0.0000069146
       58.6734690000        1.0000000000        1.0000000000       85.9419828527        0.0000000000        0.8869204367        0.1064304524        0.0000331974
       58.7755100000        1.0000000000        1.0000000000       76.8396089076        0.0000000000        0.8869204367        0.1064304524        0.0000989641
       58.8775510000        1.0000000000        1.0000000000       71.9943020947        0.0000000000        0.8869204367        0.1064304524        0.0001770079
       58.9795920000        1.0000000000        1.0000000000       69.9619318955        0.0000000000        0.8869204367        0.1064304524        0.0002258969
       59.0816330000        1.0000000000        1.0000000000       66.0493618536        0.0000000000        0.8869204367        0.1064304524        0.0003612561
       59.1836730000        1.0000000000        1.0000000000       58.3250875806        0.0000000000        0.8869204367        0.1064304524        0.0009127847
       59.2857140000        1.0000000000        1.0000000000       50.4570152980        0.0000000000        0.8869204367        0.1064304524        0.0023464732
       59.3877550000        1.0000000000        1.0000000000       45.0572314750        0.0000000000        0.8869204367        0.1064304524        0.0044856683
       59.4897960000        1.0000000000        1.0000000000       41.5371138377        0.0000000000        0.8869204367        0.1064304524        0.0068435159
       59.5918370000        1.0000000000        1.0000000000       38.8715916385        0.0000000000        0.8869204367        0.1064304524        0.0094231015
       59.6938780000        1.0000000000        1.0000000000       36.6349609679        0.0000000000        0.8869204367        0.1064304524        0.0123241403
       59.7959180000        1.0000000000        1.0000000000       34.6914621427        0.0000000000        0.8869204367        0.1064304524        0.0155611873
       59.8979590000        1.0000000000        1.0000000000       32.9793235878        0.0000000000        0.8869204367        0.1064304524        0.0191104718
       60.0000000000        1.0000000000        1.0000000000       31.4582030557        0.0000000000        0.8869204367        0.1064304524        0.0229374492
