       55.0000000000        1.0000000000        1.0000000000        7.2772562406        0.0000000000        0.8869204367        0.1064304524        0.4175835024
       55.1020410000        1.0000000000        1.0000000000        7.4460372533        0.0000000000        0.8869204367        0.1064304524        0.4092109563
       55.2040820000        1.0000000000        1.0000000000        7.6494630623        0.0000000000        0.8869204367        0.1064304524        0.3993426066
       55.3061220000        1.0000000000        1.0000000000        7.8992628261        0.0000000000        0.8869204367        0.1064304524        0.3875495610
       55.4081630000        1.0000000000        1.0000000000        8.2289584711        0.0000000000        0.8869204367        0.1064304524        0.3725161015
       55.5102040000        1.0000000000        1.0000000000        8.7563600377        0.0000000000        0.8869204367        0.1064304524        0.3496707769
       55.6122450000        1.0000000000        1.0000000000        9.7118122978        0.0000000000        0.8869204367        0.1064304524        0.3117924691
       55.7142860000        1.0000000000        1.0000000000       11.0358186586        0.0000000000        0.8869204367        0.1064304524        0.2659895547
       55.8163270000        1.0000000000        1.0000000000       11.9791908933        0.0000000000        0.8869204367        0.1064304524        0.2375201286
       55.9183670000        1.0000000000        1.0000000000       12.1615266408        0.0000000000        0.8869204367        0.1064304524        0.2323795630
       56.0204080000        1.0000000000        1.0000000000       12.3503127632        0.0000000000        0.8869204367        0.1064304524        0.2271743416
       56.1224490000        1.0000000000        1.0000000000       13.1864107107        0.0000000000        0.8869204367        0.1064304524        0.2054876621
       56.2244900000        1.0000000000        1.0000000000       14.6716861724        0.0000000000        0.8869204367        0.1064304524        0.1719412654
       56.3265310000        1.0000000000        1.0000000000       16.7615259220        0.0000000000        0.8869204367        0.1064304524        0.1338034816
       56.4285710000        1.0000000000        1.0000000000       19.6198410613        0.0000000000        0.8869204367        0.1064304524        0.0949522707
       56.5306120000        1.0000000000        1.0000000000       23.6171832995        0.0000000000        0.8869204367        0.1064304524        0.0587736299
       56.6326530000        1.0000000000        1.0000000000       29.4248656107        0.0000000000        0.8869204367        0.1064304524        0.0292760977
       56.7346940000        1.0000000000        1.0000000000       38.3286406271        0.0000000000        0.8869204367        0.1064304524        0.0100574978
       56.8367350000        1.0000000000        1.0000000000       53.1564547600        0.0000000000        0.8869204367        0.1064304524        0.0016972015
       56.9387760000        1.0000000000        1.0000000000       81.9856068373        0.0000000000        0.8869204367        0.1064304524        0.0000533694
       57.0408160000        1.0000000000        1.0000000000      155.5468691306        0.0000000000        0.8869204367        0.1064304524        0.0000000078
       57.1428570000        1.0000000000        1.0000000000      385.8567329461        0.0000000000        0.8869204367        0.1064304524        0.0000000000
       57.2448980000        1.0000000000        1.0000000000     1008.0758316120        0.0000000000        0.8869204367        0.1064304524        0.0000000000
       57.3469390000        1.0000000000        1.0000000000     2039.8837020476        0.0000000000        0.8869204367        0.1064304524        0.0000000000
       57.4489800000        1.0000000000        1.0000000000     2723.8010762602        0.0000000000        0.8869204367        0.1064304524        0.0000000000
       57.5510200000        1.0000000000        1.0000000000     2288.2473695180        0.0000000000        0.8869204367        0.1064304524        0.0000000000
       57.6530610000        1.0000000000        1.0000000000     1249.0505310178        0.0000000000        0.8869204367        0.1064304524        0.0000000000
       57.7551020000        1.0000000000        1.0000000000      506.1089657296        0.0000000000        0.8869204367        0.1064304524        0.0000000000
       57.8571430000        1.0000000000        1.0000000000      204.0229721522        0.0000000000        0.8869204367        0.1064304524        0.0000000000
       57.9591840000        1.0000000000        1.0000000000      109.2653385887        0.0000000000        0.8869204367        0.1064304524        0.0000020212
       58.0612240000        1.0000000000        1.0000000000       79.9323687517        0.0000000000        0.8869204367        0.1064304524        0.0000682806
       58.1632650000        1.0000000000        1.0000000000       79.1851146831        0.0000000000        0.8869204367        0.1064304524        0.0000746863
       58.2653060000        1.0000000000        1.0000000000      124.6086901121        0.0000000000        0.8869204367        0.1064304524        0.0000003206
       58.3673470000        1.0000000000        1.0000000000      316.5092900929        0.0000000000        0.8869204367        0.1064304524        0.0000000000
       58.4693880000        1.0000000000        1.0000000000      838.3246980122        0.0000000000        0.8869204367        0.1064304524        0.0000000000
       58.5714290000        1.0000000000        1.0000000000     1616.8897709743        0.0000000000        0.8869204367        0.1064304524        0.0000000000
       58.6734690000        1.0000000000        1.0000000000     2001.6850884277        0.0000000000        0.8869204367        0.1064304524        0.0000000000
       58.7755100000        1.0000000000        1.0000000000     1562.5663612735        0.0000000000        0.8869204367        0.1064304524        0.0000000000
       58.8775510000        1.0000000000        1.0000000000      821.8279422570        0.0000000000        0.8869204367        0.1064304524        0.0000000000
       58.9795920000        1.0000000000        1.0000000000      355.8931194624        0.0000000000        0.8869204367        0.1064304524        0.0000000000
       59.0816330000        1.0000000000        1.0000000000      174.4438001203        0.0000000000        0.8869204367        0.1064304524        0.0000000008
       59.1836730000        1.0000000000        1.0000000000      108.8381595329        0.0000000000        0.8869204367        0.1064304524        0.0000021275
       59.2857140000        1.0000000000        1.0000000000       78.2809519084        0.0000000000        0.8869204367        0.1064304524        0.0000832457
       59.3877550000        1.0000000000        1.0000000000       61.3909504430        0.0000000000        0.8869204367        0.1064304524        0.0006318149
       59.4897960000        1.0000000000        1.0000000000       51.1682545432        0.0000000000        0.8869204367        0.1064304524        0.0021545130
       59.5918370000        1.0000000000        1.0000000000       44.2939920630        0.0000000000        0.8869204367        0.1064304524        0.0049159068
       59.6938780000        1.0000000000        1.0000000000       39.2882415793        0.0000000000        0.8869204367        0.1064304524        0.0089635494
       59.7959180000        1.0000000000        1.0000000000       35.4633734236        0.0000000000        0.8869204367        0.1064304524        0.0141845092
       59.8979590000        1.0000000000        1.0000000000       32.4445933503        0.0000000000        0.8869204367        0.1064304524        0.0203769442
       60.0000000000        1.0000000000        1.0000000000       30.0029148406        0.0000000000        0.8869204367        0.1064304524        0.0273141668
