       55.0000000000        1.0000000000        1.0000000000        7.5679275694        0.0000000000        0.8869204367        0.1064304524        0.4032690555
       55.1020410000        1.0000000000        1.0000000000        7.6884633495        0.0000000000        0.8869204367        0.1064304524        0.3974780359
       55.2040820000        1.0000000000        1.0000000000        7.8483593274        0.0000000000        0.8869204367        0.1064304524        0.3899241214
       55.3061220000        1.0000000000        1.0000000000        8.0660423837        0.0000000000        0.8869204367        0.1064304524        0.3798704194
       55.4081630000        1.0000000000        1.0000000000        8.3867451093        0.0000000000        0.8869204367        0.1064304524        0.3655290901
       55.5102040000        1.0000000000        1.0000000000        8.9495657320        0.0000000000        0.8869204367        0.1064304524        0.3416570278
       55.6122450000        1.0000000000        1.0000000000       10.0266278250        0.0000000000        0.8869204367        0.1064304524        0.3002333303
       55.7142860000        1.0000000000        1.0000000000       11.6419363024        0.0000000000        0.8869204367        0.1064304524        0.2473298628
       55.8163270000        1.0000000000        1.0000000000       13.2138572933        0.0000000000        0.8869204367        0.1064304524        0.2048119833
       55.9183670000        1.0000000000        1.0000000000       14.7732696505        0.0000000000        0.8869204367        0.1064304524        0.1698580216
       56.0204080000        1.0000000000        1.0000000000       18.6633791524        0.0000000000        0.8869204367        0.1064304524        0.1065005107
       56.1224490000        1.0000000000        1.0000000000       33.4430843392        0.0000000000        0.8869204367        0.1064304524        0.0180760012
       56.2244900000        1.0000000000        1.0000000000       89.4919037680        0.0000000000        0.8869204367        0.1064304524        0.0000216820
       56.3265310000        1.0000000000        1.0000000000      237.5129557404        0.0000000000        0.8869204367        0.1064304524        0.0000000000
       56.4285710000        1.0000000000        1.0000000000      437.3926164332        0.0000000000        0.8869204367        0.1064304524        0.0000000000
       56.5306120000        1.0000000000        1.0000000000      493.8453314014        0.0000000000        0.8869204367        0.1064304524        0.0000000000
       56.6326530000        1.0000000000        1.0000000000      337.4184689770        0.0000000000        0.8869204367        0.1064304524        0.0000000000
       56.7346940000        1.0000000000        1.0000000000      152.5609564209        0.0000000000        0.8869204367        0.1064304524        0.0000000112
       56.8367350000        1.0000000000        1.0000000000       61.7674977286        0.0000000000        0.8869204367        0.1064304524        0.0006039013
       56.9387760000        1.0000000000        1.0000000000       37.6456343585        0.0000000000        0.8869204367        0.1064304524        0.0109165409
       57.0408160000        1.0000000000        1.0000000000       38.6663769835        0.0000000000        0.8869204367        0.1064304524        0.0096580334
       57.1428570000        1.0000000000        1.0000000000       58.7159843208        0.0000000000        0.8869204367        0.1064304524        0.0008709569
       57.2448980000        1.0000000000        1.0000000000      136.0469936660        0.0000000000        0.8869204367        0.1064304524        0.0000000813
       57.3469390000        1.0000000000        1.0000000000      393.4392134100        0.0000000000        0.8869204367        0.1064304524        0.0000000000
       57.4489800000        1.0000000000        1.0000000000      950.6440842256        0.0000000000        0.8869204367        0.1064304524        0.0000000000
       57.5510200000        1.0000000000        1.0000000000     1532.6986732600        0.0000000000        0.8869204367        0.1064304524        0.0000000000
       57.6530610000        1.0000000000        1.0000000000     1532.9057287533        0.0000000000        0.8869204367        0.1064304524        0.0000000000
       57.7551020000        1.0000000000        1.0000000000      962.3025903992        0.0000000000        0.8869204367        0.1064304524        0.0000000000
       57.8571430000        1.0000000000        1.0000000000      421.0675174101        0.0000000000        0.8869204367        0.1064304524        0.0000000000
       57.9591840000        1.0000000000        1.0000000000      166.5740129711        0.0000000000        0.8869204367        0.1064304524        0.0000000021
       58.0612240000        1.0000000000        1.0000000000       83.0800442027        0.0000000000        0.8869204367        0.1064304524        0.0000468010
       58.1632650000        1.0000000000        1.0000000000       54.7287364314        0.0000000000        0.8869204367        0.1064304524        0.0014053788
       58.2653060000        1.0000000000        1.0000000000       41.6932279557        0.0000000000        0.8869204367        0.1064304524        0.0067165050
       58.3673470000        1.0000000000        1.0000000000       34.1207424607        0.0000000000        0.8869204367        0.1064304524        0.0166642580
       58.4693880000        1.0000000000        1.0000000000       29.1794084378        0.0000000000        0.8869204367        0.1064304524        0.0301512465
       58.5714290000        1.0000000000        1.0000000000       25.7685844618        0.0000000000        0.8869204367        0.1064304524        0.0454005920
       58.6734690000        1.0000000000        1.0000000000       23.5139797193        0.0000000000        0.8869204367        0.1064304524        0.0595060336
       58.7755100000        1.0000000000        1.0000000000       22.8223188874        0.0000000000        0.8869204367        0.1064304524        0.0646557481
       58.8775510000        1.0000000000        1.0000000000       24.6405726583        0.0000000000        0.8869204367        0.1064304524        0.0519814311
       58.9795920000        1.0000000000        1.0000000000       27.8567556012        0.0000000000        0.8869204367        0.1064304524        0.0353374959
       59.0816330000        1.0000000000        1.0000000000       28.0825435213        0.0000000000        0.8869204367        0.1064304524        0.0343928969
       59.1836730000        1.0000000000        1.0000000000       23.8278516187        0.0000000000        0.8869204367        0.1064304524        0.0573064444
       59.2857140000        1.0000000000        1.0000000000       19.0424198502        0.0000000000        0.8869204367        0.1064304524        0.1017648640
       59.3877550000        1.0000000000        1.0000000000       16.3576099600        0.0000000000        0.8869204367        0.1064304524        0.1404486700
       59.4897960000        1.0000000000        1.0000000000       15.1795959174        0.0000000000        0.8869204367        0.1064304524        0.1617745613
       59.5918370000        1.0000000000        1.0000000000       14.5359989450        0.0000000000        0.8869204367        0.1064304524        0.1747638101
       59.6938780000        1.0000000000        1.0000000000       14.0617815794        0.0000000000        0.8869204367        0.1064304524        0.1849973479
       59.7959180000        1.0000000000        1.0000000000       13.6681075806        0.0000000000        0.8869204367        0.1064304524        0.1939465042
       59.8979590000        1.0000000000        1.0000000000       13.3286060162        0.0000000000        0.8869204367        0.1064304524        0.2020110820
       60.0000000000        1.0000000000        1.0000000000       13.0305475747        0.0000000000        0.8869204367        0.1064304524        0.2093671836
