       55.0000000000        1.0000000000        1.0000000000        9.7508091737        0.0000000000        0.8869204367        0.1064304524        0.3103368058
       55.1020410000        1.0000000000        1.0000000000       10.4476237550        0.0000000000        0.8869204367        0.1064304524        0.2854424488
       55.2040820000        1.0000000000        1.0000000000       11.3239098939        0.0000000000        0.8869204367        0.1064304524        0.2569511764
       55.3061220000        1.0000000000        1.0000000000       12.4420319438        0.0000000000        0.8869204367        0.1064304524        0.2246877017
       55.4081630000        1.0000000000        1.0000000000       13.9090029993        0.0000000000        0.8869204367        0.1064304524        0.1884202648
       55.5102040000        1.0000000000        1.0000000000       15.9510536359        0.0000000000        0.8869204367        0.1064304524        0.1474706013
       55.6122450000        1.0000000000        1.0000000000       18.9596484853        0.0000000000        0.8869204367        0.1064304524        0.1027806865
       55.7142860000        1.0000000000        1.0000000000       23.1235460080        0.0000000000        0.8869204367        0.1064304524        0.0623603563
       55.8163270000        1.0000000000        1.0000000000       28.1206967473        0.0000000000        0.8869204367        0.1064304524        0.0342357928
       55.9183670000        1.0000000000        1.0000000000       34.3356888279        0.0000000000        0.8869204367        0.1064304524        0.0162399234
       56.0204080000        1.0000000000        1.0000000000       43.9530322078        0.0000000000        0.8869204367        0.1064304524        0.0051212135
       56.1224490000        1.0000000000        1.0000000000       60.5852142324        0.0000000000        0.8869204367        0.1064304524        0.0006959549
       56.2244900000        1.0000000000        1.0000000000       91.8076136615        0.0000000000        0.8869204367        0.1064304524        0.0000164216
       56.3265310000        1.0000000000        1.0000000000      163.0371709176        0.0000000000        0.8869204367        0.1064304524        0.0000000032
       56.4285710000        1.0000000000        1.0000000000      369.3664621191        0.0000000000        0.8869204367        0.1064304524        0.0000000000
       56.5306120000        1.0000000000        1.0000000000      967.6278733939        0.0000000000        0.8869204367        0.1064304524        0.0000000000
       56.6326530000        1.0000000000        1.0000000000     2194.2973723504        0.0000000000        0.8869204367        0.1064304524        0.0000000000
       56.7346940000        1.0000000000        1.0000000000     3486.2289806904        0.0000000000        0.8869204367        0.1064304524        0.0000000000
       56.8367350000        1.0000000000        1.0000000000     3566.3318198002        0.0000000000        0.8869204367        0.1064304524        0.0000000000
       56.9387760000        1.0000000000        1.0000000000     2361.7889724607        0.0000000000        0.8869204367        0.1064304524        0.0000000000
       57.0408160000        1.0000000000        1.0000000000     1115.8773664098        0.0000000000        0.8869204367        0.1064304524        0.0000000000
       57.1428570000        1.0000000000        1.0000000000      470.5077013786        0.0000000000        0.8869204367        0.1064304524        0.0000000000
       57.2448980000        1.0000000000        1.0000000000      233.2751086484        0.0000000000        0.8869204367        0.1064304524        0.0000000000
       57.3469390000        1.0000000000        1.0000000000      145.5981441964        0.0000000000        0.8869204367        0.1064304524        0.0000000258
       57.4489800000        1.0000000000        1.0000000000      104.5777900876        0.0000000000        0.8869204367        0.1064304524        0.0000035473
       57.5510200000        1.0000000000        1.0000000000       81.0203478424        0.0000000000        0.8869204367        0.1064304524        0.0000599235
       57.6530610000        1.0000000000        1.0000000000       65.8366078972        0.0000000000        0.8869204367        0.1064304524        0.0003705979
       57.7551020000        1.0000000000        1.0000000000       55.3465860874        0.0000000000        0.8869204367        0.1064304524        0.0013049503
       57.8571430000        1.0000000000        1.0000000000       47.7387775567        0.0000000000        0.8869204367        0.1064304524        0.0032514530
       57.9591840000        1.0000000000        1.0000000000       42.0144979095        0.0000000000        0.8869204367        0.1064304524        0.0064624954
       58.0612240000        1.0000000000        1.0000000000       37.5806874989        0.0000000000        0.8869204367        0.1064304524        0.0110019527
       58.1632650000        1.0000000000        1.0000000000       34.0650003831        0.0000000000        0.8869204367        0.1064304524        0.0167760996
       58.2653060000        1.0000000000        1.0000000000       31.2237501464        0.0000000000        0.8869204367        0.1064304524        0.0235919431
       58.3673470000        1.0000000000        1.0000000000       28.8927438784        0.0000000000        0.8869204367        0.1064304524        0.0312064877
       58.4693880000        1.0000000000        1.0000000000       26.9623191522        0.0000000000        0.8869204367        0.1064304524        0.0393413835
       58.5714290000        1.0000000000        1.0000000000       25.3817353042        0.0000000000        0.8869204367        0.1064304524        0.0475578585
       58.6734690000        1.0000000000        1.0000000000       24.2751146640        0.0000000000        0.8869204367        0.1064304524        0.0543118003
       58.7755100000        1.0000000000        1.0000000000       24.3141287505        0.0000000000        0.8869204367        0.1064304524        0.0540581235
       58.8775510000        1.0000000000        1.0000000000       26.6040207936        0.0000000000        0.8869204367        0.1064304524        0.0410697887
       58.9795920000        1.0000000000        1.0000000000       30.1403863174        0.0000000000        0.8869204367        0.1064304524        0.0268672728
       59.0816330000        1.0000000000        1.0000000000       30.5925690495        0.0000000000        0.8869204367        0.1064304524        0.0254482504
       59.1836730000        1.0000000000        1.0000000000       26.4776846794        0.0000000000        0.8869204367        0.1064304524        0.0416971640
       59.2857140000        1.0000000000        1.0000000000       21.7542154560        0.0000000000        0.8869204367        0.1064304524        0.0734973554
       59.3877550000        1.0000000000        1.0000000000       19.0832372019        0.0000000000        0.8869204367        0.1064304524        0.1012676300
       59.4897960000        1.0000000000        1.0000000000       17.8941650190        0.0000000000        0.8869204367        0.1064304524        0.1167991131
       59.5918370000        1.0000000000        1.0000000000       17.2241986759        0.0000000000        0.8869204367        0.1064304524        0.1265770784
       59.6938780000        1.0000000000        1.0000000000       16.7126948255        0.0000000000        0.8869204367        0.1064304524        0.1345898358
       59.7959180000        1.0000000000        1.0000000000       16.2740218100        0.0000000000        0.8869204367        0.1064304524        0.1418645404
       59.8979590000        1.0000000000        1.0000000000       15.8843243036        0.0000000000        0.8869204367        0.1064304524        0.1486562156
       60.0000000000        1.0000000000        1.0000000000       15.5327775238        0.0000000000        0.8869204367        0.1064304524        0.1550615254
