       55.0000000000        1.0000000000        1.0000000000       10.0188253220        0.0000000000        0.8869204367        0.1064304524        0.3005145705
       55.1020410000        1.0000000000        1.0000000000       10.6568043591        0.0000000000        0.8869204367        0.1064304524        0.2783665460
       55.2040820000        1.0000000000        1.0000000000       11.4161587868        0.0000000000        0.8869204367        0.1064304524        0.2541224467
       55.3061220000        1.0000000000        1.0000000000       12.3299148440        0.0000000000        0.8869204367        0.1064304524        0.2277310888
       55.4081630000        1.0000000000        1.0000000000       13.4599572355        0.0000000000        0.8869204367        0.1064304524        0.1988519167
       55.5102040000        1.0000000000        1.0000000000       14.9616028218        0.0000000000        0.8869204367        0.1064304524        0.1660622869
       55.6122450000        1.0000000000        1.0000000000       17.1114374907        0.0000000000        0.8869204367        0.1064304524        0.1283014765
       55.7142860000        1.0000000000        1.0000000000       19.9070295850        0.0000000000        0.8869204367        0.1064304524        0.0917357103
       55.8163270000        1.0000000000        1.0000000000       22.6949590543        0.0000000000        0.8869204367        0.1064304524        0.0656514832
       55.9183670000        1.0000000000        1.0000000000       25.2590657862        0.0000000000        0.8869204367        0.1064304524        0.0482631044
       56.0204080000        1.0000000000        1.0000000000       28.5958425774        0.0000000000        0.8869204367        0.1064304524        0.0323383609
       56.1224490000        1.0000000000        1.0000000000       33.6761766166        0.0000000000        0.8869204367        0.1064304524        0.0175774017
       56.2244900000        1.0000000000        1.0000000000       41.0457132119        0.0000000000        0.8869204367        0.1064304524        0.0072592005
       56.3265310000        1.0000000000        1.0000000000       51.6246452653        0.0000000000        0.8869204367        0.1064304524        0.0020396900
       56.4285710000        1.0000000000        1.0000000000       67.4029919737        0.0000000000        0.8869204367        0.1064304524        0.0003070933
       56.5306120000        1.0000000000        1.0000000000       92.6704527438        0.0000000000        0.8869204367        0.1064304524        0.0000148064
       56.6326530000        1.0000000000        1.0000000000      138.6026958773        0.0000000000        0.8869204367        0.1064304524        0.0000000598
       56.7346940000        1.0000000000        1.0000000000      242.9128167195        0.0000000000        0.8869204367        0.1064304524        0.0000000000
       56.8367350000        1.0000000000        1.0000000000      535.0070379182        0.0000000000        0.8869204367        0.1064304524        0.0000000000
       56.9387760000        1.0000000000        1.0000000000     1295.8007246237        0.0000000000        0.8869204367        0.1064304524        0.0000000000
       57.0408160000        1.0000000000        1.0000000000     2602.9776042966        0.0000000000        0.8869204367        0.1064304524        0.0000000000
       57.1428570000        1.0000000000        1.0000000000     3600.8505858381        0.0000000000        0.8869204367        0.1064304524        0.0000000000
       57.2448980000        1.0000000000        1.0000000000     3202.6372095174        0.0000000000        0.8869204367        0.1064304524        0.0000000000
       57.3469390000        1.0000000000        1.0000000000     1867.6703117871        0.0000000000        0.8869204367        0.1064304524        0.0000000000
       57.4489800000        1.0000000000        1.0000000000      841.8444332526        0.0000000000        0.8869204367        0.1064304524        0.0000000000
       57.5510200000        1.0000000000        1.0000000000      553.0978377484        0.0000000000        0.8869204367        0.1064304524        0.0000000000
       57.6530610000        1.0000000000        1.0000000000      965.8640029265        0.0000000000        0.8869204367        0.1064304524        0.0000000000
       57.7551020000        1.0000000000        1.0000000000     1965.4814237569        0.0000000000        0.8869204367        0.1064304524        0.0000000000
       57.8571430000        1.0000000000        1.0000000000     2803.9705093778        0.0000000000        0.8869204367        0.1064304524        0.0000000000
       57.9591840000        1.0000000000        1.0000000000     2559.0932514913        0.0000000000        0.8869204367        0.1064304524        0.0000000000
       58.0612240000        1.0000000000        1.0000000000     1551.0128701585        0.0000000000        0.8869204367        0.1064304524        0.0000000000
       58.1632650000        1.0000000000        1.0000000000      723.9248133036        0.0000000000        0.8869204367        0.1064304524        0.0000000000
       58.2653060000        1.0000000000        1.0000000000      343.4982587034        0.0000000000        0.8869204367        0.1064304524        0.0000000000
       58.3673470000        1.0000000000        1.0000000000      203.5635592118        0.0000000000        0.8869204367        0.1064304524        0.0000000000
       58.4693880000        1.0000000000        1.0000000000      144.8397041335        0.0000000000        0.8869204367        0.1064304524        0.0000000283
       58.5714290000        1.0000000000        1.0000000000      113.0091437236        0.0000000000        0.8869204367        0.1064304524        0.0000012897
       58.6734690000        1.0000000000        1.0000000000       92.9205882770        0.0000000000        0.8869204367        0.1064304524        0.0000143685
       58.7755100000        1.0000000000        1.0000000000       79.9592883687        0.0000000000        0.8869204367        0.1064304524        0.0000680604
       58.8775510000        1.0000000000        1.0000000000       72.8733902578        0.0000000000        0.8869204367        0.1064304524        0.0001592864
       58.9795920000        1.0000000000        1.0000000000       69.4903121816        0.0000000000        0.8869204367        0.1064304524        0.0002390501
       59.0816330000        1.0000000000        1.0000000000       64.7412674844        0.0000000000        0.8869204367        0.1064304524        0.0004226559
       59.1836730000        1.0000000000        1.0000000000       56.5031085227        0.0000000000        0.8869204367        0.1064304524        0.0011358511
       59.2857140000        1.0000000000        1.0000000000       48.3327624718        0.0000000000        0.8869204367        0.1064304524        0.0030277622
       59.3877550000        1.0000000000        1.0000000000       42.7645848237        0.0000000000        0.8869204367        0.1064304524        0.0059062145
       59.4897960000        1.0000000000        1.0000000000       39.1596361841        0.0000000000        0.8869204367        0.1064304524        0.0091029536
       59.5918370000        1.0000000000        1.0000000000       36.4632263698        0.0000000000        0.8869204367        0.1064304524        0.0125807531
       59.6938780000        1.0000000000        1.0000000000       34.2313967103        0.0000000000        0.8869204367        0.1064304524        0.0164444441
       59.7959180000        1.0000000000        1.0000000000       32.3162719599        0.0000000000        0.8869204367        0.1064304524        0.0206931483
       59.8979590000        1.0000000000        1.0000000000       30.6478496204        0.0000000000        0.8869204367        0.1064304524        0.0252799938
       60.0000000000        1.0000000000        1.0000000000       29.1801561922        0.0000000000        0.8869204367        0.1064304524        0.0301485412
