       55.0000000000        1.0000000000        1.0000000000        8.2172655144        0.0000000000        0.8869204367        0.1064304524        0.3730391662
       55.1020410000        1.0000000000        1.0000000000        8.5576607082        0.0000000000        0.8869204367        0.1064304524        0.3581084932
       55.2040820000        1.0000000000        1.0000000000        8.9647595805        0.0000000000        0.8869204367        0.1064304524        0.3410346651
       55.3061220000        1.0000000000        1.0000000000        9.4578542361        0.0000000000        0.8869204367        0.1064304524        0.3214406010
       55.4081630000        1.0000000000        1.0000000000       10.0803760182        0.0000000000        0.8869204367        0.1064304524        0.2983031218
       55.5102040000        1.0000000000        1.0000000000       10.9629342116        0.0000000000        0.8869204367        0.1064304524        0.2683261380
       55.6122450000        1.0000000000        1.0000000000       12.3508354664        0.0000000000        0.8869204367        0.1064304524        0.2271600927
       55.7142860000        1.0000000000        1.0000000000       14.2016206698        0.0000000000        0.8869204367        0.1064304524        0.1819188664
       55.8163270000        1.0000000000        1.0000000000       15.7951183771        0.0000000000        0.8869204367        0.1064304524        0.1502560853
       55.9183670000        1.0000000000        1.0000000000       16.8016296548        0.0000000000        0.8869204367        0.1064304524        0.1331611063
       56.0204080000        1.0000000000        1.0000000000       18.0537789808        0.0000000000        0.8869204367        0.1064304524        0.1145832693
       56.1224490000        1.0000000000        1.0000000000       20.2753385958        0.0000000000        0.8869204367        0.1064304524        0.0877695516
       56.2244900000        1.0000000000        1.0000000000       23.5931708359        0.0000000000        0.8869204367        0.1064304524        0.0589432301
       56.3265310000        1.0000000000        1.0000000000       28.1620712882        0.0000000000        0.8869204367        0.1064304524        0.0340662352
       56.4285710000        1.0000000000        1.0000000000       34.4682818118        0.0000000000        0.8869204367        0.1064304524        0.0159835723
       56.5306120000        1.0000000000        1.0000000000       43.4279984318        0.0000000000        0.8869204367        0.1064304524        0.0054542519
       56.6326530000        1.0000000000        1.0000000000       56.6994150544        0.0000000000        0.8869204367        0.1064304524        0.0011094068
       56.7346940000        1.0000000000        1.0000000000       77.5361917452        0.0000000000        0.8869204367        0.1064304524        0.0000910280
       56.8367350000        1.0000000000        1.0000000000      113.3331405600        0.0000000000        0.8869204367        0.1064304524        0.0000012405
       56.9387760000        1.0000000000        1.0000000000      185.0637039234        0.0000000000        0.8869204367        0.1064304524        0.0000000002
       57.0408160000        1.0000000000        1.0000000000      364.4205422641        0.0000000000        0.8869204367        0.1064304524        0.0000000000
       57.1428570000        1.0000000000        1.0000000000      869.6750759746        0.0000000000        0.8869204367        0.1064304524        0.0000000000
       57.2448980000        1.0000000000        1.0000000000     2055.5272860734        0.0000000000        0.8869204367        0.1064304524        0.0000000000
       57.3469390000        1.0000000000        1.0000000000     3770.9348489190        0.0000000000        0.8869204367        0.1064304524        0.0000000000
       57.4489800000        1.0000000000        1.0000000000     4691.6419621588        0.0000000000        0.8869204367        0.1064304524        0.0000000000
       57.5510200000        1.0000000000        1.0000000000     3830.5812406065        0.0000000000        0.8869204367        0.1064304524        0.0000000000
       57.6530610000        1.0000000000        1.0000000000     2154.5313413635        0.0000000000        0.8869204367        0.1064304524        0.0000000000
       57.7551020000        1.0000000000        1.0000000000      973.7816750799        0.0000000000        0.8869204367        0.1064304524        0.0000000000
       57.8571430000        1.0000000000        1.0000000000      453.6425988022        0.0000000000        0.8869204367        0.1064304524        0.0000000000
       57.9591840000        1.0000000000        1.0000000000      257.9113476546        0.0000000000        0.8869204367        0.1064304524        0.0000000000
       58.0612240000        1.0000000000        1.0000000000      173.8911232693        0.0000000000        0.8869204367        0.1064304524        0.0000000009
       58.1632650000        1.0000000000        1.0000000000      129.2447816712        0.0000000000        0.8869204367        0.1064304524        0.0000001838
       58.2653060000        1.0000000000        1.0000000000      101.8167829939        0.0000000000        0.8869204367        0.1064304524        0.0000049406
       58.3673470000        1.0000000000        1.0000000000       83.4528573980        0.0000000000        0.8869204367        0.1064304524        0.0000447534
       58.4693880000        1.0000000000        1.0000000000       70.4465211798        0.0000000000        0.8869204367        0.1064304524        0.0002131355
       58.5714290000        1.0000000000        1.0000000000       60.8797887970        0.0000000000        0.8869204367        0.1064304524        0.0006717834
       58.6734690000        1.0000000000        1.0000000000       53.8139348003        0.0000000000        0.8869204367        0.1064304524        0.0015684425
       58.7755100000        1.0000000000        1.0000000000       49.2779525949        0.0000000000        0.8869204367        0.1064304524        0.0027031046
       58.8775510000        1.0000000000        1.0000000000       47.9931222127        0.0000000000        0.8869204367        0.1064304524        0.0031537134
       58.9795920000        1.0000000000        1.0000000000       48.7436713543        0.0000000000        0.8869204367        0.1064304524        0.0028820871
       59.0816330000        1.0000000000        1.0000000000       47.0185379114        0.0000000000        0.8869204367        0.1064304524        0.0035449737
       59.1836730000        1.0000000000        1.0000000000       41.1094894531        0.0000000000        0.8869204367        0.1064304524        0.0072038568
       59.2857140000        1.0000000000        1.0000000000       34.8296115278        0.0000000000        0.8869204367        0.1064304524        0.0153053417
       59.3877550000        1.0000000000        1.0000000000       30.8150698890        0.0000000000        0.8869204367        0.1064304524        0.0247777703
       59.4897960000        1.0000000000        1.0000000000       28.4849934013        0.0000000000        0.8869204367        0.1064304524        0.0327713963
       59.5918370000        1.0000000000        1.0000000000       26.8441681010        0.0000000000        0.8869204367        0.1064304524        0.0399031436
       59.6938780000        1.0000000000        1.0000000000       25.4984964900        0.0000000000        0.8869204367        0.1064304524        0.0468961555
       59.7959180000        1.0000000000        1.0000000000       24.3366200573        0.0000000000        0.8869204367        0.1064304524        0.0539124197
       59.8979590000        1.0000000000        1.0000000000       23.3152328242        0.0000000000        0.8869204367        0.1064304524        0.0609422893
       60.0000000000        1.0000000000        1.0000000000       22.4083823444        0.0000000000        0.8869204367        0.1064304524        0.0679484546
