       55.0000000000        1.0000000000        1.0000000000       11.0264298793        0.0000000000        0.8869204367        0.1064304524        0.2662894016
       55.1020410000        1.0000000000        1.0000000000       12.2829137019        0.0000000000        0.8869204367        0.1064304524        0.2290191523
       55.2040820000        1.0000000000        1.0000000000       14.0822453646        0.0000000000        0.8869204367        0.1064304524        0.1845436157
       55.3061220000        1.0000000000        1.0000000000       16.7634409959        0.0000000000        0.8869204367        0.1064304524        0.1337727359
       55.4081630000        1.0000000000        1.0000000000       20.9951503688        0.0000000000        0.8869204367        0.1064304524        0.0805064443
       55.5102040000        1.0000000000        1.0000000000       28.2861433785        0.0000000000        0.8869204367        0.1064304524        0.0335627920
       55.6122450000        1.0000000000        1.0000000000       42.6814468782        0.0000000000        0.8869204367        0.1064304524        0.0059654331
       55.7142860000        1.0000000000        1.0000000000       78.6796573601        0.0000000000        0.8869204367        0.1064304524        0.0000793566
       55.8163270000        1.0000000000        1.0000000000      196.5066336308        0.0000000000        0.8869204367        0.1064304524        0.0000000001
       55.9183670000        1.0000000000        1.0000000000      561.1172562953        0.0000000000        0.8869204367        0.1064304524        0.0000000000
       56.0204080000        1.0000000000        1.0000000000     1285.7968966351        0.0000000000        0.8869204367        0.1064304524        0.0000000000
       56.1224490000        1.0000000000        1.0000000000     1928.9762711127        0.0000000000        0.8869204367        0.1064304524        0.0000000000
       56.2244900000        1.0000000000        1.0000000000     1782.0837544897        0.0000000000        0.8869204367        0.1064304524        0.0000000000
       56.3265310000        1.0000000000        1.0000000000     1038.0193342297        0.0000000000        0.8869204367        0.1064304524        0.0000000000
       56.4285710000        1.0000000000        1.0000000000      431.4361993810        0.0000000000        0.8869204367        0.1064304524        0.0000000000
       56.5306120000        1.0000000000        1.0000000000      171.7483274549        0.0000000000        0.8869204367        0.1064304524        0.0000000011
       56.6326530000        1.0000000000        1.0000000000       89.0626774530        0.0000000000        0.8869204367        0.1064304524        0.0000228280
       56.7346940000        1.0000000000        1.0000000000       59.6420701422        0.0000000000        0.8869204367        0.1064304524        0.0007793515
       56.8367350000        1.0000000000        1.0000000000       45.3314196006        0.0000000000        0.8869204367        0.1064304524        0.0043404799
       56.9387760000        1.0000000000        1.0000000000       36.8042088035        0.0000000000        0.8869204367        0.1064304524        0.0120763648
       57.0408160000        1.0000000000        1.0000000000       31.1822686907        0.0000000000        0.8869204367        0.1064304524        0.0237096713
       57.1428570000        1.0000000000        1.0000000000       27.2356532589        0.0000000000        0.8869204367        0.1064304524        0.0380719156
       57.2448980000        1.0000000000        1.0000000000       24.3365659342        0.0000000000        0.8869204367        0.1064304524        0.0539127698
       57.3469390000        1.0000000000        1.0000000000       22.1315339672        0.0000000000        0.8869204367        0.1064304524        0.0702437406
       57.4489800000        1.0000000000        1.0000000000       20.4073742699        0.0000000000        0.8869204367        0.1064304524        0.0863898651
       57.5510200000        1.0000000000        1.0000000000       19.0285054816        0.0000000000        0.8869204367        0.1064304524        0.1019349252
       57.6530610000        1.0000000000        1.0000000000       17.9049217800        0.0000000000        0.8869204367        0.1064304524        0.1166484447
       57.7551020000        1.0000000000        1.0000000000       16.9748316908        0.0000000000        0.8869204367        0.1064304524        0.1304220168
       57.8571430000        1.0000000000        1.0000000000       16.1945645393        0.0000000000        0.8869204367        0.1064304524        0.1432236700
       57.9591840000        1.0000000000        1.0000000000       15.5325608192        0.0000000000        0.8869204367        0.1064304524        0.1550655577
       58.0612240000        1.0000000000        1.0000000000       14.9656564556        0.0000000000        0.8869204367        0.1064304524        0.1659815279
       58.1632650000        1.0000000000        1.0000000000       14.4767627184        0.0000000000        0.8869204367        0.1064304524        0.1760105177
       58.2653060000        1.0000000000        1.0000000000       14.0536197079        0.0000000000        0.8869204367        0.1064304524        0.1851786276
       58.3673470000        1.0000000000        1.0000000000       13.6885899423        0.0000000000        0.8869204367        0.1064304524        0.1934703916
       58.4693880000        1.0000000000        1.0000000000       13.3814391988        0.0000000000        0.8869204367        0.1064304524        0.2007343867
       58.5714290000        1.0000000000        1.0000000000       13.1606038160        0.0000000000        0.8869204367        0.1064304524        0.2061250083
       58.6734690000        1.0000000000        1.0000000000       13.2100265216        0.0000000000        0.8869204367        0.1064304524        0.2049061555
       58.7755100000        1.0000000000        1.0000000000       14.2453601915        0.0000000000        0.8869204367        0.1064304524        0.1809665226
       58.8775510000        1.0000000000        1.0000000000       17.3877958290        0.0000000000        0.8869204367        0.1064304524        0.1241163931
       58.9795920000        1.0000000000        1.0000000000       21.6180426415        0.0000000000        0.8869204367        0.1064304524        0.0747082227
       59.0816330000        1.0000000000        1.0000000000       22.6237879774        0.0000000000        0.8869204367        0.1064304524        0.0662145827
       59.1836730000        1.0000000000        1.0000000000       19.0065224801        0.0000000000        0.8869204367        0.1064304524        0.1022041804
       59.2857140000        1.0000000000        1.0000000000       14.7729959780        0.0000000000        0.8869204367        0.1064304524        0.1698635999
       59.3877550000        1.0000000000        1.0000000000       12.5627230946        0.0000000000        0.8869204367        0.1064304524        0.2214570150
       59.4897960000        1.0000000000        1.0000000000       11.7849194590        0.0000000000        0.8869204367        0.1064304524        0.2431223814
       59.5918370000        1.0000000000        1.0000000000       11.4794580597        0.0000000000        0.8869204367        0.1064304524        0.2521994674
       59.6938780000        1.0000000000        1.0000000000       11.2939774229        0.0000000000        0.8869204367        0.1064304524        0.2578757780
       59.7959180000        1.0000000000        1.0000000000       11.1492543412        0.0000000000        0.8869204367        0.1064304524        0.2623933616
       59.8979590000        1.0000000000        1.0000000000       11.0260945072        0.0000000000        0.8869204367        0.1064304524        0.2663001186
       60.0000000000        1.0000000000        1.0000000000       10.9172998761        0.0000000000        0.8869204367        0.1064304524        0.2697995548
