       55.0000000000        1.0000000000        1.0000000000       31.9288132039        0.0000000000        0.8869204367        0.1064304524        0.0216779951
       55.1020410000        1.0000000000        1.0000000000       37.3623477258        0.0000000000        0.8869204367        0.1064304524        0.0112940219
       55.2040820000        1.0000000000        1.0000000000       44.3950015572        0.0000000000        0.8869204367        0.1064304524        0.0048566801
       55.3061220000        1.0000000000        1.0000000000       53.7042276671        0.0000000000        0.8869204367        0.1064304524        0.0015892274
       55.4081630000        1.0000000000        1.0000000000       66.3890755064        0.0000000000        0.8869204367        0.1064304524        0.0003468254
       55.5102040000        1.0000000000        1.0000000000       84.3558790659        0.0000000000        0.8869204367        0.1064304524        0.0000401573
       55.6122450000        1.0000000000        1.0000000000      111.0298031015        0.0000000000        0.8869204367        0.1064304524        0.0000016355
       55.7142860000        1.0000000000        1.0000000000      152.6603916284        0.0000000000        0.8869204367        0.1064304524        0.0000000111
       55.8163270000        1.0000000000        1.0000000000      223.4179047683        0.0000000000        0.8869204367        0.1064304524        0.0000000000
       55.9183670000        1.0000000000        1.0000000000      366.2513622573        0.0000000000        0.8869204367        0.1064304524        0.0000000000
       56.0204080000        1.0000000000        1.0000000000      720.0388584634        0.0000000000        0.8869204367        0.1064304524        0.0000000000
       56.1224490000        1.0000000000        1.0000000000     1617.5454361295        0.0000000000        0.8869204367        0.1064304524        0.0000000000
       56.2244900000        1.0000000000        1.0000000000     3311.8754851769        0.0000000000        0.8869204367        0.1064304524        0.0000000000
       56.3265310000        1.0000000000        1.0000000000     5022.9813073172        0.0000000000        0.8869204367        0.1064304524        0.0000000000
       56.4285710000        1.0000000000        1.0000000000     5106.2778426337        0.0000000000        0.8869204367        0.1064304524        0.0000000000
       56.5306120000        1.0000000000        1.0000000000     3510.2311308857        0.0000000000        0.8869204367        0.1064304524        0.0000000000
       56.6326530000        1.0000000000        1.0000000000     2059.5906434889        0.0000000000        0.8869204367        0.1064304524        0.0000000000
       56.7346940000        1.0000000000        1.0000000000     1896.6338260986        0.0000000000        0.8869204367        0.1064304524        0.0000000000
       56.8367350000        1.0000000000        1.0000000000     2449.8297615328        0.0000000000        0.8869204367        0.1064304524        0.0000000000
       56.9387760000        1.0000000000        1.0000000000     2455.5176895076        0.0000000000        0.8869204367        0.1064304524        0.0000000000
       57.0408160000        1.0000000000        1.0000000000     1668.1654900885        0.0000000000        0.8869204367        0.1064304524        0.0000000000
       57.1428570000        1.0000000000        1.0000000000      860.9686299526        0.0000000000        0.8869204367        0.1064304524        0.0000000000
       57.2448980000        1.0000000000        1.0000000000      436.3513124044        0.0000000000        0.8869204367        0.1064304524        0.0000000000
       57.3469390000        1.0000000000        1.0000000000      266.7073932529        0.0000000000        0.8869204367        0.1064304524        0.0000000000
       57.4489800000        1.0000000000        1.0000000000      192.4050952017        0.0000000000        0.8869204367        0.1064304524        0.0000000001
       57.5510200000        1.0000000000        1.0000000000      151.0896611032        0.0000000000        0.8869204367        0.1064304524        0.0000000134
       57.6530610000        1.0000000000        1.0000000000      124.1874689380        0.0000000000        0.8869204367        0.1064304524        0.0000003372
       57.7551020000        1.0000000000        1.0000000000      105.1639120278        0.0000000000        0.8869204367        0.1064304524        0.0000033063
       57.8571430000        1.0000000000        1.0000000000       91.0181282938        0.0000000000        0.8869204367        0.1064304524        0.0000180534
       57.9591840000        1.0000000000        1.0000000000       80.1191734715        0.0000000000        0.8869204367        0.1064304524        0.0000667671
       58.0612240000        1.0000000000        1.0000000000       71.4917192294        0.0000000000        0.8869204367        0.1064304524        0.0001880117
       58.1632650000        1.0000000000        1.0000000000       64.5141711661        0.0000000000        0.8869204367        0.1064304524        0.0004343323
       58.2653060000        1.0000000000        1.0000000000       58.7718981345        0.0000000000        0.8869204367        0.1064304524        0.0008651326
       58.3673470000        1.0000000000        1.0000000000       53.9786673034        0.0000000000        0.8869204367        0.1064304524        0.0015377421
       58.4693880000        1.0000000000        1.0000000000       49.9347264695        0.0000000000        0.8869204367        0.1064304524        0.0024982440
       58.5714290000        1.0000000000        1.0000000000       46.5202391883        0.0000000000        0.8869204367        0.1064304524        0.0037634142
       58.6734690000        1.0000000000        1.0000000000       43.8034471876        0.0000000000        0.8869204367        0.1064304524        0.0052139703
       58.7755100000        1.0000000000        1.0000000000       42.4132292593        0.0000000000        0.8869204367        0.1064304524        0.0061605605
       58.8775510000        1.0000000000        1.0000000000       43.4469915656        0.0000000000        0.8869204367        0.1064304524        0.0054418348
       58.9795920000        1.0000000000        1.0000000000       45.9353470583        0.0000000000        0.8869204367        0.1064304524        0.0040370476
       59.0816330000        1.0000000000        1.0000000000       45.5312143582        0.0000000000        0.8869204367        0.1064304524        0.0042376529
       59.1836730000        1.0000000000        1.0000000000       40.6316744223        0.0000000000        0.8869204367        0.1064304524        0.0076289815
       59.2857140000        1.0000000000        1.0000000000       35.1247588343        0.0000000000        0.8869204367        0.1064304524        0.0147727493
       59.3877550000        1.0000000000        1.0000000000       31.7059033027        0.0000000000        0.8869204367        0.1064304524        0.0222656890
       59.4897960000        1.0000000000        1.0000000000       29.8377981139        0.0000000000        0.8869204367        0.1064304524        0.0278607672
       59.5918370000        1.0000000000        1.0000000000       28.5560273094        0.0000000000        0.8869204367        0.1064304524        0.0324932379
       59.6938780000        1.0000000000        1.0000000000       27.4890482176        0.0000000000        0.8869204367        0.1064304524        0.0369316716
       59.7959180000        1.0000000000        1.0000000000       26.5426369160        0.0000000000        0.8869204367        0.1064304524        0.0413734284
       59.8979590000        1.0000000000        1.0000000000       25.6866730155        0.0000000000        0.8869204367        0.1064304524        0.0458490518
       60.0000000000        1.0000000000        1.0000000000       24.9054178391        0.0000000000        0.8869204367        0.1064304524        0.0503553635
