       55.0000000000        1.0000000000        1.0000000000        8.7619405087        0.0000000000        0.8869204367        0.1064304524        0.3494366960
       55.1020410000        1.0000000000        1.0000000000        9.1735265379        0.0000000000        0.8869204367        0.1064304524        0.3325971821
       55.2040820000        1.0000000000        1.0000000000        9.6543155195        0.0000000000        0.8869204367        0.1064304524        0.3139511550
       55.3061220000        1.0000000000        1.0000000000       10.2224183136        0.0000000000        0.8869204367        0.1064304524        0.2932616111
       55.4081630000        1.0000000000        1.0000000000       10.9194375650        0.0000000000        0.8869204367        0.1064304524        0.2697303540
       55.5102040000        1.0000000000        1.0000000000       11.8729872565        0.0000000000        0.8869204367        0.1064304524        0.2405665600
       55.6122450000        1.0000000000        1.0000000000       13.3224194564        0.0000000000        0.8869204367        0.1064304524        0.2021611081
       55.7142860000        1.0000000000        1.0000000000       15.2144482080        0.0000000000        0.8869204367        0.1064304524        0.1610993884
       55.8163270000        1.0000000000        1.0000000000       16.8164990699        0.0000000000        0.8869204367        0.1064304524        0.1329237148
       55.9183670000        1.0000000000        1.0000000000       17.7869105754        0.0000000000        0.8869204367        0.1064304524        0.1183120955
       56.0204080000        1.0000000000        1.0000000000       18.9340296325        0.0000000000        0.8869204367        0.1064304524        0.1030971475
       56.1224490000        1.0000000000        1.0000000000       20.9339070818        0.0000000000        0.8869204367        0.1064304524        0.0811002813
       56.2244900000        1.0000000000        1.0000000000       23.8383774895        0.0000000000        0.8869204367        0.1064304524        0.0572341060
       56.3265310000        1.0000000000        1.0000000000       27.6810481188        0.0000000000        0.8869204367        0.1064304524        0.0360904939
       56.4285710000        1.0000000000        1.0000000000       32.7400586345        0.0000000000        0.8869204367        0.1064304524        0.0196671207
       56.5306120000        1.0000000000        1.0000000000       39.5566372656        0.0000000000        0.8869204367        0.1064304524        0.0086794556
       56.6326530000        1.0000000000        1.0000000000       49.0750348176        0.0000000000        0.8869204367        0.1064304524        0.0027697335
       56.7346940000        1.0000000000        1.0000000000       63.0798602811        0.0000000000        0.8869204367        0.1064304524        0.0005159074
       56.8367350000        1.0000000000        1.0000000000       85.6036941935        0.0000000000        0.8869204367        0.1064304524        0.0000345728
       56.9387760000        1.0000000000        1.0000000000      128.9145718684        0.0000000000        0.8869204367        0.1064304524        0.0000001912
       57.0408160000        1.0000000000        1.0000000000      238.4511538975        0.0000000000        0.8869204367        0.1064304524        0.0000000000
       57.1428570000        1.0000000000        1.0000000000      544.0031688100        0.0000000000        0.8869204367        0.1064304524        0.0000000000
       57.2448980000        1.0000000000        1.0000000000     1180.2255101761        0.0000000000        0.8869204367        0.1064304524        0.0000000000
       57.3469390000        1.0000000000        1.0000000000     1866.4212895061        0.0000000000        0.8869204367        0.1064304524        0.0000000000
       57.4489800000        1.0000000000        1.0000000000     1920.4104517407        0.0000000000        0.8869204367        0.1064304524        0.0000000000
       57.5510200000        1.0000000000        1.0000000000     1367.4309918402        0.0000000000        0.8869204367        0.1064304524        0.0000000000
       57.6530610000        1.0000000000        1.0000000000     1120.0196633558        0.0000000000        0.8869204367        0.1064304524        0.0000000000
       57.7551020000        1.0000000000        1.0000000000     1897.6747404746        0.0000000000        0.8869204367        0.1064304524        0.0000000000
       57.8571430000        1.0000000000        1.0000000000     3560.4019874923        0.0000000000        0.8869204367        0.1064304524        0.0000000000
       57.9591840000        1.0000000000        1.0000000000     4771.0729915826        0.0000000000        0.8869204367        0.1064304524        0.0000000000
       58.0612240000        1.0000000000        1.0000000000     4225.8698760306        0.0000000000        0.8869204367        0.1064304524        0.0000000000
       58.1632650000        1.0000000000        1.0000000000     2572.6050589064        0.0000000000        0.8869204367        0.1064304524        0.0000000000
       58.2653060000        1.0000000000        1.0000000000     1238.6239961229        0.0000000000        0.8869204367        0.1064304524        0.0000000000
       58.3673470000        1.0000000000        1.0000000000      596.3086245869        0.0000000000        0.8869204367        0.1064304524        0.0000000000
       58.4693880000        1.0000000000        1.0000000000      342.6920065839        0.0000000000        0.8869204367        0.1064304524        0.0000000000
       58.5714290000        1.0000000000        1.0000000000      232.4987559843        0.0000000000        0.8869204367        0.1064304524        0.0000000000
       58.6734690000        1.0000000000        1.0000000000      173.9567993964        0.0000000000        0.8869204367        0.1064304524        0.0000000009
       58.7755100000        1.0000000000        1.0000000000      138.7625541900        0.0000000000        0.8869204367        0.1064304524        0.0000000587
       58.8775510000        1.0000000000        1.0000000000      117.4992301459        0.0000000000        0.8869204367        0.1064304524        0.0000007525
       58.9795920000        1.0000000000        1.0000000000      104.5555690128        0.0000000000        0.8869204367        0.1064304524        0.0000035567
       59.0816330000        1.0000000000        1.0000000000       93.1019927566        0.0000000000        0.8869204367        0.1064304524        0.0000140591
       59.1836730000        1.0000000000        1.0000000000       79.9369419482        0.0000000000        0.8869204367        0.1064304524        0.0000682432
       59.2857140000        1.0000000000        1.0000000000       67.9753971309        0.0000000000        0.8869204367        0.1064304524        0.0002867076
       59.3877550000        1.0000000000        1.0000000000       59.4301984175        0.0000000000        0.8869204367        0.1064304524        0.0007994202
       59.4897960000        1.0000000000        1.0000000000       53.4693922670        0.0000000000        0.8869204367        0.1064304524        0.0016346492
       59.5918370000        1.0000000000        1.0000000000       48.8850464575        0.0000000000        0.8869204367        0.1064304524        0.0028336049
       59.6938780000        1.0000000000        1.0000000000       45.1174431746        0.0000000000        0.8869204367        0.1064304524        0.0044533744
       59.7959180000        1.0000000000        1.0000000000       41.9360368032        0.0000000000        0.8869204367        0.1064304524        0.0065236293
       59.8979590000        1.0000000000        1.0000000000       39.2113160455        0.0000000000        0.8869204367        0.1064304524        0.0090466756
       60.0000000000        1.0000000000        1.0000000000       36.8535028937        0.0000000000        0.8869204367        0.1064304524        0.0120051405
