       55.0000000000        1.0000000000        1.0000000000       25.9417631054        0.0000000000        0.8869204367        0.1064304524        0.0444668384
       55.1020410000        1.0000000000        1.0000000000       30.4939155996        0.0000000000        0.8869204367        0.1064304524        0.0257513076
       55.2040820000        1.0000000000        1.0000000000       36.5410423913        0.0000000000        0.8869204367        0.1064304524        0.0124638218
       55.3061220000        1.0000000000        1.0000000000       44.8164792777        0.0000000000        0.8869204367        0.1064304524        0.0046171506
       55.4081630000        1.0000000000        1.0000000000       56.6040338730        0.0000000000        0.8869204367        0.1064304524        0.0011221777
       55.5102040000        1.0000000000        1.0000000000       74.3670266244        0.0000000000        0.8869204367        0.1064304524        0.0001331488
       55.6122450000        1.0000000000        1.0000000000      103.3228913823        0.0000000000        0.8869204367        0.1064304524        0.0000041238
       55.7142860000        1.0000000000        1.0000000000      156.6525817097        0.0000000000        0.8869204367        0.1064304524        0.0000000069
       55.8163270000        1.0000000000        1.0000000000      279.4908362095        0.0000000000        0.8869204367        0.1064304524        0.0000000000
       55.9183670000        1.0000000000        1.0000000000      624.9521450274        0.0000000000        0.8869204367        0.1064304524        0.0000000000
       56.0204080000        1.0000000000        1.0000000000     1490.4441258645        0.0000000000        0.8869204367        0.1064304524        0.0000000000
       56.1224490000        1.0000000000        1.0000000000     2842.9637572501        0.0000000000        0.8869204367        0.1064304524        0.0000000000
       56.2244900000        1.0000000000        1.0000000000     3641.0591045643        0.0000000000        0.8869204367        0.1064304524        0.0000000000
       56.3265310000        1.0000000000        1.0000000000     2965.0390545965        0.0000000000        0.8869204367        0.1064304524        0.0000000000
       56.4285710000        1.0000000000        1.0000000000     1603.9354744110        0.0000000000        0.8869204367        0.1064304524        0.0000000000
       56.5306120000        1.0000000000        1.0000000000      765.7214543397        0.0000000000        0.8869204367        0.1064304524        0.0000000000
       56.6326530000        1.0000000000        1.0000000000      782.6685040241        0.0000000000        0.8869204367        0.1064304524        0.0000000000
       56.7346940000        1.0000000000        1.0000000000     1627.5599998785        0.0000000000        0.8869204367        0.1064304524        0.0000000000
       56.8367350000        1.0000000000        1.0000000000     2859.0599686205        0.0000000000        0.8869204367        0.1064304524        0.0000000000
       56.9387760000        1.0000000000        1.0000000000     3287.2288298706        0.0000000000        0.8869204367        0.1064304524        0.0000000000
       57.0408160000        1.0000000000        1.0000000000     2433.3058264014        0.0000000000        0.8869204367        0.1064304524        0.0000000000
       57.1428570000        1.0000000000        1.0000000000     1268.8419262357        0.0000000000        0.8869204367        0.1064304524        0.0000000000
       57.2448980000        1.0000000000        1.0000000000      578.5545751193        0.0000000000        0.8869204367        0.1064304524        0.0000000000
       57.3469390000        1.0000000000        1.0000000000      303.5378148379        0.0000000000        0.8869204367        0.1064304524        0.0000000000
       57.4489800000        1.0000000000        1.0000000000      197.8086031465        0.0000000000        0.8869204367        0.1064304524        0.0000000000
       57.5510200000        1.0000000000        1.0000000000      146.9474958694        0.0000000000        0.8869204367        0.1064304524        0.0000000220
       57.6530610000        1.0000000000        1.0000000000      116.7834326133        0.0000000000        0.8869204367        0.1064304524        0.0000008200
       57.7551020000        1.0000000000        1.0000000000       96.6985822867        0.0000000000        0.8869204367        0.1064304524        0.0000091310
       57.8571430000        1.0000000000        1.0000000000       82.3957071203        0.0000000000        0.8869204367        0.1064304524        0.0000508066
       57.9591840000        1.0000000000        1.0000000000       71.7326836771        0.0000000000        0.8869204367        0.1064304524        0.0001826531
       58.0612240000        1.0000000000        1.0000000000       63.5073054477        0.0000000000        0.8869204367        0.1064304524        0.0004901120
       58.1632650000        1.0000000000        1.0000000000       56.9913850952        0.0000000000        0.8869204367        0.1064304524        0.0010712102
       58.2653060000        1.0000000000        1.0000000000       51.7190644524        0.0000000000        0.8869204367        0.1064304524        0.0020167101
       58.3673470000        1.0000000000        1.0000000000       47.3798151836        0.0000000000        0.8869204367        0.1064304524        0.0033945712
       58.4693880000        1.0000000000        1.0000000000       43.7632168140        0.0000000000        0.8869204367        0.1064304524        0.0052392023
       58.5714290000        1.0000000000        1.0000000000       40.7459886770        0.0000000000        0.8869204367        0.1064304524        0.0075250438
       58.6734690000        1.0000000000        1.0000000000       38.3971090463        0.0000000000        0.8869204367        0.1064304524        0.0099752018
       58.7755100000        1.0000000000        1.0000000000       37.3475312183        0.0000000000        0.8869204367        0.1064304524        0.0113141203
       58.8775510000        1.0000000000        1.0000000000       38.6906570621        0.0000000000        0.8869204367        0.1064304524        0.0096299346
       58.9795920000        1.0000000000        1.0000000000       41.4437435864        0.0000000000        0.8869204367        0.1064304524        0.0069206248
       59.0816330000        1.0000000000        1.0000000000       41.2607786779        0.0000000000        0.8869204367        0.1064304524        0.0070742529
       59.1836730000        1.0000000000        1.0000000000       36.5679694611        0.0000000000        0.8869204367        0.1064304524        0.0124236131
       59.2857140000        1.0000000000        1.0000000000       31.2705352140        0.0000000000        0.8869204367        0.1064304524        0.0234598642
       59.3877550000        1.0000000000        1.0000000000       28.0541322252        0.0000000000        0.8869204367        0.1064304524        0.0345103546
       59.4897960000        1.0000000000        1.0000000000       26.3720258288        0.0000000000        0.8869204367        0.1064304524        0.0422292108
       59.5918370000        1.0000000000        1.0000000000       25.2596335005        0.0000000000        0.8869204367        0.1064304524        0.0482598166
       59.6938780000        1.0000000000        1.0000000000       24.3478508707        0.0000000000        0.8869204367        0.1064304524        0.0538398110
       59.7959180000        1.0000000000        1.0000000000       23.5444164368        0.0000000000        0.8869204367        0.1064304524        0.0592890898
       59.8979590000        1.0000000000        1.0000000000       22.8206480776        0.0000000000        0.8869204367        0.1064304524        0.0646687127
       60.0000000000        1.0000000000        1.0000000000       22.1619504157        0.0000000000        0.8869204367        0.1064304524        0.0699878202
