       55.0000000000        1.0000000000        1.0000000000       13.3961573021        0.0000000000        0.8869204367        0.1064304524        0.2003801681
       55.1020410000        1.0000000000        1.0000000000       14.6990232460        0.0000000000        0.8869204367        0.1064304524        0.1713781450
       55.2040820000        1.0000000000        1.0000000000       16.3023346641        0.0000000000        0.8869204367        0.1064304524        0.1413833675
       55.3061220000        1.0000000000        1.0000000000       18.3070747256        0.0000000000        0.8869204367        0.1064304524        0.1111528534
       55.4081630000        1.0000000000        1.0000000000       20.8784151650        0.0000000000        0.8869204367        0.1064304524        0.0816421326
       55.5102040000        1.0000000000        1.0000000000       24.3334415497        0.0000000000        0.8869204367        0.1064304524        0.0539329869
       55.6122450000        1.0000000000        1.0000000000       29.2102209252        0.0000000000        0.8869204367        0.1064304524        0.0300399682
       55.7142860000        1.0000000000        1.0000000000       35.9545595453        0.0000000000        0.8869204367        0.1064304524        0.0133726040
       55.8163270000        1.0000000000        1.0000000000       44.7754903408        0.0000000000        0.8869204367        0.1064304524        0.0046399168
       55.9183670000        1.0000000000        1.0000000000       57.2989227362        0.0000000000        0.8869204367        0.1064304524        0.0010323983
       56.0204080000        1.0000000000        1.0000000000       79.3812730240        0.0000000000        0.8869204367        0.1064304524        0.0000729488
       56.1224490000        1.0000000000        1.0000000000      129.6494982576        0.0000000000        0.8869204367        0.1064304524        0.0000001751
       56.2244900000        1.0000000000        1.0000000000      277.7039014816        0.0000000000        0.8869204367        0.1064304524        0.0000000000
       56.3265310000        1.0000000000        1.0000000000      703.6492481707        0.0000000000        0.8869204367        0.1064304524        0.0000000000
       56.4285710000        1.0000000000        1.0000000000     1519.0959098380        0.0000000000        0.8869204367        0.1064304524        0.0000000000
       56.5306120000        1.0000000000        1.0000000000     2228.5043560135        0.0000000000        0.8869204367        0.1064304524        0.0000000000
       56.6326530000        1.0000000000        1.0000000000     2041.6530721834        0.0000000000        0.8869204367        0.1064304524        0.0000000000
       56.7346940000        1.0000000000        1.0000000000     1177.2114311794        0.0000000000        0.8869204367        0.1064304524        0.0000000000
       56.8367350000        1.0000000000        1.0000000000      481.9924198973        0.0000000000        0.8869204367        0.1064304524        0.0000000000
       56.9387760000        1.0000000000        1.0000000000      201.1378932382        0.0000000000        0.8869204367        0.1064304524        0.0000000000
       57.0408160000        1.0000000000        1.0000000000      144.7700458133        0.0000000000        0.8869204367        0.1064304524        0.0000000285
       57.1428570000        1.0000000000        1.0000000000      187.8201467591        0.0000000000        0.8869204367        0.1064304524        0.0000000002
       57.2448980000        1.0000000000        1.0000000000      361.9508165175        0.0000000000        0.8869204367        0.1064304524        0.0000000000
       57.3469390000        1.0000000000        1.0000000000      887.4540608593        0.0000000000        0.8869204367        0.1064304524        0.0000000000
       57.4489800000        1.0000000000        1.0000000000     2118.3542303639        0.0000000000        0.8869204367        0.1064304524        0.0000000000
       57.5510200000        1.0000000000        1.0000000000     3860.5996492368        0.0000000000        0.8869204367        0.1064304524        0.0000000000
       57.6530610000        1.0000000000        1.0000000000     4756.0295028434        0.0000000000        0.8869204367        0.1064304524        0.0000000000
       57.7551020000        1.0000000000        1.0000000000     3868.8091292630        0.0000000000        0.8869204367        0.1064304524        0.0000000000
       57.8571430000        1.0000000000        1.0000000000     2201.0517048905        0.0000000000        0.8869204367        0.1064304524        0.0000000000
       57.9591840000        1.0000000000        1.0000000000     1030.4713710188        0.0000000000        0.8869204367        0.1064304524        0.0000000000
       58.0612240000        1.0000000000        1.0000000000      506.0164696265        0.0000000000        0.8869204367        0.1064304524        0.0000000000
       58.1632650000        1.0000000000        1.0000000000      300.8765896268        0.0000000000        0.8869204367        0.1064304524        0.0000000000
       58.2653060000        1.0000000000        1.0000000000      208.8406957638        0.0000000000        0.8869204367        0.1064304524        0.0000000000
       58.3673470000        1.0000000000        1.0000000000      158.3024914932        0.0000000000        0.8869204367        0.1064304524        0.0000000056
       58.4693880000        1.0000000000        1.0000000000      126.5233067110        0.0000000000        0.8869204367        0.1064304524        0.0000002548
       58.5714290000        1.0000000000        1.0000000000      104.8764174288        0.0000000000        0.8869204367        0.1064304524        0.0000034224
       58.6734690000        1.0000000000        1.0000000000       89.5077654254        0.0000000000        0.8869204367        0.1064304524        0.0000216408
       58.7755100000        1.0000000000        1.0000000000       78.9775170969        0.0000000000        0.8869204367        0.1064304524        0.0000765702
       58.8775510000        1.0000000000        1.0000000000       73.2152552573        0.0000000000        0.8869204367        0.1064304524        0.0001528841
       58.9795920000        1.0000000000        1.0000000000       70.5788789970        0.0000000000        0.8869204367        0.1064304524        0.0002097770
       59.0816330000        1.0000000000        1.0000000000       66.2602195385        0.0000000000        0.8869204367        0.1064304524        0.0003522299
       59.1836730000        1.0000000000        1.0000000000       58.2617081346        0.0000000000        0.8869204367        0.1064304524        0.0009197534
       59.2857140000        1.0000000000        1.0000000000       50.2096083833        0.0000000000        0.8869204367        0.1064304524        0.0024171817
       59.3877550000        1.0000000000        1.0000000000       44.6866397539        0.0000000000        0.8869204367        0.1064304524        0.0046896526
       59.4897960000        1.0000000000        1.0000000000       41.0845493601        0.0000000000        0.8869204367        0.1064304524        0.0072254488
       59.5918370000        1.0000000000        1.0000000000       38.3656599336        0.0000000000        0.8869204367        0.1064304524        0.0100129183
       59.6938780000        1.0000000000        1.0000000000       36.0958715088        0.0000000000        0.8869204367        0.1064304524        0.0131477507
       59.7959180000        1.0000000000        1.0000000000       34.1335811310        0.0000000000        0.8869204367        0.1064304524        0.0166386041
       59.8979590000        1.0000000000        1.0000000000       32.4128853435        0.0000000000        0.8869204367        0.1064304524        0.0204546254
       60.0000000000        1.0000000000        1.0000000000       30.8904955966        0.0000000000        0.8869204367        0.1064304524        0.0245545165
