       55.0000000000        1.0000000000        1.0000000000       13.5517208260        0.0000000000        0.8869204367        0.1064304524        0.1966742447
       55.1020410000        1.0000000000        1.0000000000       14.8184924978        0.0000000000        0.8869204367        0.1064304524        0.1689387426
       55.2040820000        1.0000000000        1.0000000000       16.3538154809        0.0000000000        0.8869204367        0.1064304524        0.1405126361
       55.3061220000        1.0000000000        1.0000000000       18.2383485708        0.0000000000        0.8869204367        0.1064304524        0.1120733369
       55.4081630000        1.0000000000        1.0000000000       20.6024534996        0.0000000000        0.8869204367        0.1064304524        0.0843910083
       55.5102040000        1.0000000000        1.0000000000       23.7016337236        0.0000000000        0.8869204367        0.1064304524        0.0581810228
       55.6122450000        1.0000000000        1.0000000000       27.9603300012        0.0000000000        0.8869204367        0.1064304524        0.0349010069
       55.7142860000        1.0000000000        1.0000000000       33.6032878258        0.0000000000        0.8869204367        0.1064304524        0.0177318195
       55.8163270000        1.0000000000        1.0000000000       40.3691671193        0.0000000000        0.8869204367        0.1064304524        0.0078731263
       55.9183670000        1.0000000000        1.0000000000       48.7472081925        0.0000000000        0.8869204367        0.1064304524        0.0028808641
       56.0204080000        1.0000000000        1.0000000000       61.0513095535        0.0000000000        0.8869204367        0.1064304524        0.0006580977
       56.1224490000        1.0000000000        1.0000000000       81.0729665320        0.0000000000        0.8869204367        0.1064304524        0.0000595463
       56.2244900000        1.0000000000        1.0000000000      116.8769099837        0.0000000000        0.8869204367        0.1064304524        0.0000008108
       56.3265310000        1.0000000000        1.0000000000      195.9954442905        0.0000000000        0.8869204367        0.1064304524        0.0000000001
       56.4285710000        1.0000000000        1.0000000000      417.9642916811        0.0000000000        0.8869204367        0.1064304524        0.0000000000
       56.5306120000        1.0000000000        1.0000000000     1015.9231051593        0.0000000000        0.8869204367        0.1064304524        0.0000000000
       56.6326530000        1.0000000000        1.0000000000     2087.9233967043        0.0000000000        0.8869204367        0.1064304524        0.0000000000
       56.7346940000        1.0000000000        1.0000000000     2948.4459335155        0.0000000000        0.8869204367        0.1064304524        0.0000000000
       56.8367350000        1.0000000000        1.0000000000     2643.5088045290        0.0000000000        0.8869204367        0.1064304524        0.0000000000
       56.9387760000        1.0000000000        1.0000000000     1524.1039340947        0.0000000000        0.8869204367        0.1064304524        0.0000000000
       57.0408160000        1.0000000000        1.0000000000      650.9509061044        0.0000000000        0.8869204367        0.1064304524        0.0000000000
       57.1428570000        1.0000000000        1.0000000000      331.7568416522        0.0000000000        0.8869204367        0.1064304524        0.0000000000
       57.2448980000        1.0000000000        1.0000000000      415.6978251567        0.0000000000        0.8869204367        0.1064304524        0.0000000000
       57.3469390000        1.0000000000        1.0000000000      987.7946515972        0.0000000000        0.8869204367        0.1064304524        0.0000000000
       57.4489800000        1.0000000000        1.0000000000     2291.7572842472        0.0000000000        0.8869204367        0.1064304524        0.0000000000
       57.5510200000        1.0000000000        1.0000000000     3844.3025041447        0.0000000000        0.8869204367        0.1064304524        0.0000000000
       57.6530610000        1.0000000000        1.0000000000     4233.7923065937        0.0000000000        0.8869204367        0.1064304524        0.0000000000
       57.7551020000        1.0000000000        1.0000000000     3068.7189686290        0.0000000000        0.8869204367        0.1064304524        0.0000000000
       57.8571430000        1.0000000000        1.0000000000     1602.0725558010        0.0000000000        0.8869204367        0.1064304524        0.0000000000
       57.9591840000        1.0000000000        1.0000000000      738.0155144521        0.0000000000        0.8869204367        0.1064304524        0.0000000000
       58.0612240000        1.0000000000        1.0000000000      385.2351309975        0.0000000000        0.8869204367        0.1064304524        0.0000000000
       58.1632650000        1.0000000000        1.0000000000      246.1260188626        0.0000000000        0.8869204367        0.1064304524        0.0000000000
       58.2653060000        1.0000000000        1.0000000000      179.2093710115        0.0000000000        0.8869204367        0.1064304524        0.0000000005
       58.3673470000        1.0000000000        1.0000000000      140.0845587859        0.0000000000        0.8869204367        0.1064304524        0.0000000501
       58.4693880000        1.0000000000        1.0000000000      114.4318753425        0.0000000000        0.8869204367        0.1064304524        0.0000010873
       58.5714290000        1.0000000000        1.0000000000       96.4482049116        0.0000000000        0.8869204367        0.1064304524        0.0000094096
       58.6734690000        1.0000000000        1.0000000000       83.4255754749        0.0000000000        0.8869204367        0.1064304524        0.0000449002
       58.7755100000        1.0000000000        1.0000000000       74.4726469046        0.0000000000        0.8869204367        0.1064304524        0.0001314719
       58.8775510000        1.0000000000        1.0000000000       69.8101079426        0.0000000000        0.8869204367        0.1064304524        0.0002300502
       58.9795920000        1.0000000000        1.0000000000       67.9596111308        0.0000000000        0.8869204367        0.1064304524        0.0002872512
       59.0816330000        1.0000000000        1.0000000000       64.2141760491        0.0000000000        0.8869204367        0.1064304524        0.0004502529
       59.1836730000        1.0000000000        1.0000000000       56.6456036397        0.0000000000        0.8869204367        0.1064304524        0.0011165938
       59.2857140000        1.0000000000        1.0000000000       48.9252740941        0.0000000000        0.8869204367        0.1064304524        0.0028199591
       59.3877550000        1.0000000000        1.0000000000       43.6616991741        0.0000000000        0.8869204367        0.1064304524        0.0053034173
       59.4897960000        1.0000000000        1.0000000000       40.2635074168        0.0000000000        0.8869204367        0.1064304524        0.0079735865
       59.5918370000        1.0000000000        1.0000000000       37.7062773685        0.0000000000        0.8869204367        0.1064304524        0.0108373879
       59.6938780000        1.0000000000        1.0000000000       35.5659710211        0.0000000000        0.8869204367        0.1064304524        0.0140109443
       59.7959180000        1.0000000000        1.0000000000       33.7083573121        0.0000000000        0.8869204367        0.1064304524        0.0175096543
       59.8979590000        1.0000000000        1.0000000000       32.0729695356        0.0000000000        0.8869204367        0.1064304524        0.0213062176
       60.0000000000        1.0000000000        1.0000000000       30.6205916959        0.0000000000        0.8869204367        0.1064304524        0.0253628188
