       55.0000000000        1.0000000000        1.0000000000        7.7032387888        0.0000000000        0.8869204367        0.1064304524        0.3967739108
       55.1020410000        1.0000000000        1.0000000000        7.7545396754        0.0000000000        0.8869204367        0.1064304524        0.3943388314
       55.2040820000        1.0000000000        1.0000000000        7.8233037936        0.0000000000        0.8869204367        0.1064304524        0.3910982565
       55.3061220000        1.0000000000        1.0000000000        7.9186709660        0.0000000000        0.8869204367        0.1064304524        0.3866480173
       55.4081630000        1.0000000000        1.0000000000        8.0710596512        0.0000000000        0.8869204367        0.1064304524        0.3796417788
       55.5102040000        1.0000000000        1.0000000000        8.3951764410        0.0000000000        0.8869204367        0.1064304524        0.3651594495
       55.6122450000        1.0000000000        1.0000000000        9.1220211000        0.0000000000        0.8869204367        0.1064304524        0.3346592155
       55.7142860000        1.0000000000        1.0000000000       10.2004074499        0.0000000000        0.8869204367        0.1064304524        0.2940372279
       55.8163270000        1.0000000000        1.0000000000       10.8851337925        0.0000000000        0.8869204367        0.1064304524        0.2708429747
       55.9183670000        1.0000000000        1.0000000000       10.7859256988        0.0000000000        0.8869204367        0.1064304524        0.2740866220
       56.0204080000        1.0000000000        1.0000000000       10.6774361133        0.0000000000        0.8869204367        0.1064304524        0.2776782156
       56.1224490000        1.0000000000        1.0000000000       11.2520129613        0.0000000000        0.8869204367        0.1064304524        0.2591776473
       56.2244900000        1.0000000000        1.0000000000       12.6207823479        0.0000000000        0.8869204367        0.1064304524        0.2199194619
       56.3265310000        1.0000000000        1.0000000000       14.9855972610        0.0000000000        0.8869204367        0.1064304524        0.1655848261
       56.4285710000        1.0000000000        1.0000000000       19.1814570179        0.0000000000        0.8869204367        0.1064304524        0.1000810579
       56.5306120000        1.0000000000        1.0000000000       28.0375040480        0.0000000000        0.8869204367        0.1064304524        0.0345792846
       56.6326530000        1.0000000000        1.0000000000       54.1201487345        0.0000000000        0.8869204367        0.1064304524        0.0015118551
       56.7346940000        1.0000000000        1.0000000000      149.2801567162        0.0000000000        0.8869204367        0.1064304524        0.0000000166
       56.8367350000        1.0000000000        1.0000000000      430.6426154914        0.0000000000        0.8869204367        0.1064304524        0.0000000000
       56.9387760000        1.0000000000        1.0000000000      911.4966192802        0.0000000000        0.8869204367        0.1064304524        0.0000000000
       57.0408160000        1.0000000000        1.0000000000     1218.9669381302        0.0000000000        0.8869204367        0.1064304524        0.0000000000
       57.1428570000        1.0000000000        1.0000000000      994.3521569977        0.0000000000        0.8869204367        0.1064304524        0.0000000000
       57.2448980000        1.0000000000        1.0000000000      517.0773014064        0.0000000000        0.8869204367        0.1064304524        0.0000000000
       57.3469390000        1.0000000000        1.0000000000      201.2744605067        0.0000000000        0.8869204367        0.1064304524        0.0000000000
       57.4489800000        1.0000000000        1.0000000000       82.9445495812        0.0000000000        0.8869204367        0.1064304524        0.0000475682
       57.5510200000        1.0000000000        1.0000000000       47.2428544122        0.0000000000        0.8869204367        0.1064304524        0.0034508230
       57.6530610000        1.0000000000        1.0000000000       34.0557964884        0.0000000000        0.8869204367        0.1064304524        0.0167946385
       57.7551020000        1.0000000000        1.0000000000       27.3060074149        0.0000000000        0.8869204367        0.1064304524        0.0377518465
       57.8571430000        1.0000000000        1.0000000000       23.1623358280        0.0000000000        0.8869204367        0.1064304524        0.0620707572
       57.9591840000        1.0000000000        1.0000000000       20.3776371885        0.0000000000        0.8869204367        0.1064304524        0.0866986937
       58.0612240000        1.0000000000        1.0000000000       18.3955074929        0.0000000000        0.8869204367        0.1064304524        0.1099795434
       58.1632650000        1.0000000000        1.0000000000       16.9249025960        0.0000000000        0.8869204367        0.1064304524        0.1312057849
       58.2653060000        1.0000000000        1.0000000000       15.7998827983        0.0000000000        0.8869204367        0.1064304524        0.1501702039
       58.3673470000        1.0000000000        1.0000000000       14.9210090106        0.0000000000        0.8869204367        0.1064304524        0.1668731925
       58.4693880000        1.0000000000        1.0000000000       14.2305126173        0.0000000000        0.8869204367        0.1064304524        0.1812892396
       58.5714290000        1.0000000000        1.0000000000       13.7193987189        0.0000000000        0.8869204367        0.1064304524        0.1927564419
       58.6734690000        1.0000000000        1.0000000000       13.5465743612        0.0000000000        0.8869204367        0.1064304524        0.1967957435
       58.7755100000        1.0000000000        1.0000000000       14.4103380661        0.0000000000        0.8869204367        0.1064304524        0.1774190966
       58.8775510000        1.0000000000        1.0000000000       17.4182553367        0.0000000000        0.8869204367        0.1064304524        0.1236635583
       58.9795920000        1.0000000000        1.0000000000       21.5390722043        0.0000000000        0.8869204367        0.1064304524        0.0754195567
       59.0816330000        1.0000000000        1.0000000000       22.4538805498        0.0000000000        0.8869204367        0.1064304524        0.0675784816
       59.1836730000        1.0000000000        1.0000000000       18.7647256274        0.0000000000        0.8869204367        0.1064304524        0.1052131407
       59.2857140000        1.0000000000        1.0000000000       14.4774448116        0.0000000000        0.8869204367        0.1064304524        0.1759961116
       59.3877550000        1.0000000000        1.0000000000       12.2262458853        0.0000000000        0.8869204367        0.1064304524        0.2305818213
       59.4897960000        1.0000000000        1.0000000000       11.4159922107        0.0000000000        0.8869204367        0.1064304524        0.2541275265
       59.5918370000        1.0000000000        1.0000000000       11.0845740339        0.0000000000        0.8869204367        0.1064304524        0.2644378878
       59.6938780000        1.0000000000        1.0000000000       10.8785240745        0.0000000000        0.8869204367        0.1064304524        0.2710578834
       59.7959180000        1.0000000000        1.0000000000       10.7177090228        0.0000000000        0.8869204367        0.1064304524        0.2763395039
       59.8979590000        1.0000000000        1.0000000000       10.5821561742        0.0000000000        0.8869204367        0.1064304524        0.2808712946
       60.0000000000        1.0000000000        1.0000000000       10.4640213293        0.0000000000        0.8869204367        0.1064304524        0.2848813334
