       55.0000000000        1.0000000000        1.0000000000        7.2019771206        0.0000000000        0.8869204367        0.1064304524        0.4213728303
       55.1020410000        1.0000000000        1.0000000000        7.3008718611        0.0000000000        0.8869204367        0.1064304524        0.4164017984
       55.2040820000        1.0000000000        1.0000000000        7.4232432016        0.0000000000        0.8869204367        0.1064304524        0.4103317976
       55.3061220000        1.0000000000        1.0000000000        7.5784578129        0.0000000000        0.8869204367        0.1064304524        0.4027597947
       55.4081630000        1.0000000000        1.0000000000        7.7969190942        0.0000000000        0.8869204367        0.1064304524        0.3923385000
       55.5102040000        1.0000000000        1.0000000000        8.1925039015        0.0000000000        0.8869204367        0.1064304524        0.3741492608
       55.6122450000        1.0000000000        1.0000000000        8.9919090615        0.0000000000        0.8869204367        0.1064304524        0.3399254033
       55.7142860000        1.0000000000        1.0000000000       10.1331337515        0.0000000000        0.8869204367        0.1064304524        0.2964205517
       55.8163270000        1.0000000000        1.0000000000       10.8593276976        0.0000000000        0.8869204367        0.1064304524        0.2716830027
       55.9183670000        1.0000000000        1.0000000000       10.7712247699        0.0000000000        0.8869204367        0.1064304524        0.2745705681
       56.0204080000        1.0000000000        1.0000000000       10.6146187454        0.0000000000        0.8869204367        0.1064304524        0.2797792864
       56.1224490000        1.0000000000        1.0000000000       11.0080833590        0.0000000000        0.8869204367        0.1064304524        0.2668763055
       56.2244900000        1.0000000000        1.0000000000       11.9183703898        0.0000000000        0.8869204367        0.1064304524        0.2392600013
       56.3265310000        1.0000000000        1.0000000000       13.2407512914        0.0000000000        0.8869204367        0.1064304524        0.2041520632
       56.4285710000        1.0000000000        1.0000000000       15.0385082850        0.0000000000        0.8869204367        0.1064304524        0.1645368052
       56.5306120000        1.0000000000        1.0000000000       17.5056953468        0.0000000000        0.8869204367        0.1064304524        0.1223727650
       56.6326530000        1.0000000000        1.0000000000       20.9801546042        0.0000000000        0.8869204367        0.1064304524        0.0806514454
       56.7346940000        1.0000000000        1.0000000000       26.0501379228        0.0000000000        0.8869204367        0.1064304524        0.0438922922
       56.8367350000        1.0000000000        1.0000000000       33.8127326108        0.0000000000        0.8869204367        0.1064304524        0.0172917129
       56.9387760000        1.0000000000        1.0000000000       46.5615143651        0.0000000000        0.8869204367        0.1064304524        0.0037448200
       57.0408160000        1.0000000000        1.0000000000       70.1760819955        0.0000000000        0.8869204367        0.1064304524        0.0002201658
       57.1428570000        1.0000000000        1.0000000000      124.7546804109        0.0000000000        0.8869204367        0.1064304524        0.0000003150
       57.2448980000        1.0000000000        1.0000000000      287.4597484932        0.0000000000        0.8869204367        0.1064304524        0.0000000000
       57.3469390000        1.0000000000        1.0000000000      772.5236845530        0.0000000000        0.8869204367        0.1064304524        0.0000000000
       57.4489800000        1.0000000000        1.0000000000     1788.2302417708        0.0000000000        0.8869204367        0.1064304524        0.0000000000
       57.5510200000        1.0000000000        1.0000000000     2881.2101616535        0.0000000000        0.8869204367        0.1064304524        0.0000000000
       57.6530610000        1.0000000000        1.0000000000     2974.4096706696        0.0000000000        0.8869204367        0.1064304524        0.0000000000
       57.7551020000        1.0000000000        1.0000000000     1975.8502366713        0.0000000000        0.8869204367        0.1064304524        0.0000000000
       57.8571430000        1.0000000000        1.0000000000      926.5766324350        0.0000000000        0.8869204367        0.1064304524        0.0000000000
       57.9591840000        1.0000000000        1.0000000000      382.9850876670        0.0000000000        0.8869204367        0.1064304524        0.0000000000
       58.0612240000        1.0000000000        1.0000000000      186.5250872997        0.0000000000        0.8869204367        0.1064304524        0.0000000002
       58.1632650000        1.0000000000        1.0000000000      116.0098738752        0.0000000000        0.8869204367        0.1064304524        0.0000008997
       58.2653060000        1.0000000000        1.0000000000       83.6801763595        0.0000000000        0.8869204367        0.1064304524        0.0000435491
       58.3673470000        1.0000000000        1.0000000000       65.2547340456        0.0000000000        0.8869204367        0.1064304524        0.0003973997
       58.4693880000        1.0000000000        1.0000000000       53.4213043148        0.0000000000        0.8869204367        0.1064304524        0.0016441093
       58.5714290000        1.0000000000        1.0000000000       45.3035800205        0.0000000000        0.8869204367        0.1064304524        0.0043550046
       58.6734690000        1.0000000000        1.0000000000       39.6649279680        0.0000000000        0.8869204367        0.1064304524        0.0085673967
       58.7755100000        1.0000000000        1.0000000000       36.4417178582        0.0000000000        0.8869204367        0.1064304524        0.0126132662
       58.8775510000        1.0000000000        1.0000000000       36.3193125181        0.0000000000        0.8869204367        0.1064304524        0.0127999054
       58.9795920000        1.0000000000        1.0000000000       38.0496964282        0.0000000000        0.8869204367        0.1064304524        0.0103998534
       59.0816330000        1.0000000000        1.0000000000       37.1332830325        0.0000000000        0.8869204367        0.1064304524        0.0116087754
       59.1836730000        1.0000000000        1.0000000000       31.9421463731        0.0000000000        0.8869204367        0.1064304524        0.0216433384
       59.2857140000        1.0000000000        1.0000000000       26.3399705398        0.0000000000        0.8869204367        0.1064304524        0.0423919639
       59.3877550000        1.0000000000        1.0000000000       22.9478667399        0.0000000000        0.8869204367        0.1064304524        0.0636889622
       59.4897960000        1.0000000000        1.0000000000       21.1696933742        0.0000000000        0.8869204367        0.1064304524        0.0788377603
       59.5918370000        1.0000000000        1.0000000000       20.0159109931        0.0000000000        0.8869204367        0.1064304524        0.0905449090
       59.6938780000        1.0000000000        1.0000000000       19.1031440731        0.0000000000        0.8869204367        0.1064304524        0.1010260082
       59.7959180000        1.0000000000        1.0000000000       18.3286550412        0.0000000000        0.8869204367        0.1064304524        0.1108653802
       59.8979590000        1.0000000000        1.0000000000       17.6557389316        0.0000000000        0.8869204367        0.1064304524        0.1201891326
       60.0000000000        1.0000000000        1.0000000000       17.0637234213        0.0000000000        0.8869204367        0.1064304524        0.1290381979
