       55.0000000000        1.0000000000        1.0000000000        9.5074292931        0.0000000000        0.8869204367        0.1064304524        0.3195340254
       55.1020410000        1.0000000000        1.0000000000       10.0811474924        0.0000000000        0.8869204367        0.1064304524        0.2982755071
       55.2040820000        1.0000000000        1.0000000000       10.7692339887        0.0000000000        0.8869204367        0.1064304524        0.2746361691
       55.3061220000        1.0000000000        1.0000000000       11.6036769797        0.0000000000        0.8869204367        0.1064304524        0.2484679942
       55.4081630000        1.0000000000        1.0000000000       12.6450272259        0.0000000000        0.8869204367        0.1064304524        0.2192805613
       55.5102040000        1.0000000000        1.0000000000       14.0469421233        0.0000000000        0.8869204367        0.1064304524        0.1853270726
       55.6122450000        1.0000000000        1.0000000000       16.0844579576        0.0000000000        0.8869204367        0.1064304524        0.1451286113
       55.7142860000        1.0000000000        1.0000000000       18.7538688135        0.0000000000        0.8869204367        0.1064304524        0.1053503035
       55.8163270000        1.0000000000        1.0000000000       21.3975013422        0.0000000000        0.8869204367        0.1064304524        0.0767117674
       55.9183670000        1.0000000000        1.0000000000       23.7885006393        0.0000000000        0.8869204367        0.1064304524        0.0575776921
       56.0204080000        1.0000000000        1.0000000000       26.9078083095        0.0000000000        0.8869204367        0.1064304524        0.0395995709
       56.1224490000        1.0000000000        1.0000000000       31.7010691229        0.0000000000        0.8869204367        0.1064304524        0.0222786091
       56.2244900000        1.0000000000        1.0000000000       38.6595871897        0.0000000000        0.8869204367        0.1064304524        0.0096659057
       56.3265310000        1.0000000000        1.0000000000       48.5761608987        0.0000000000        0.8869204367        0.1064304524        0.0029406068
       56.4285710000        1.0000000000        1.0000000000       63.1150745218        0.0000000000        0.8869204367        0.1064304524        0.0005137319
       56.5306120000        1.0000000000        1.0000000000       85.5642111337        0.0000000000        0.8869204367        0.1064304524        0.0000347370
       56.6326530000        1.0000000000        1.0000000000      123.0645640002        0.0000000000        0.8869204367        0.1064304524        0.0000003859
       56.7346940000        1.0000000000        1.0000000000      194.6686826568        0.0000000000        0.8869204367        0.1064304524        0.0000000001
       56.8367350000        1.0000000000        1.0000000000      363.0767024045        0.0000000000        0.8869204367        0.1064304524        0.0000000000
       56.9387760000        1.0000000000        1.0000000000      825.7224474451        0.0000000000        0.8869204367        0.1064304524        0.0000000000
       57.0408160000        1.0000000000        1.0000000000     1959.8062496623        0.0000000000        0.8869204367        0.1064304524        0.0000000000
       57.1428570000        1.0000000000        1.0000000000     3784.1746976059        0.0000000000        0.8869204367        0.1064304524        0.0000000000
       57.2448980000        1.0000000000        1.0000000000     5091.8402141141        0.0000000000        0.8869204367        0.1064304524        0.0000000000
       57.3469390000        1.0000000000        1.0000000000     4532.9944980502        0.0000000000        0.8869204367        0.1064304524        0.0000000000
       57.4489800000        1.0000000000        1.0000000000     2755.2010241525        0.0000000000        0.8869204367        0.1064304524        0.0000000000
       57.5510200000        1.0000000000        1.0000000000     1300.8195457118        0.0000000000        0.8869204367        0.1064304524        0.0000000000
       57.6530610000        1.0000000000        1.0000000000      600.3614310184        0.0000000000        0.8869204367        0.1064304524        0.0000000000
       57.7551020000        1.0000000000        1.0000000000      329.3560172417        0.0000000000        0.8869204367        0.1064304524        0.0000000000
       57.8571430000        1.0000000000        1.0000000000      215.9088033138        0.0000000000        0.8869204367        0.1064304524        0.0000000000
       57.9591840000        1.0000000000        1.0000000000      157.5779908661        0.0000000000        0.8869204367        0.1064304524        0.0000000061
       58.0612240000        1.0000000000        1.0000000000      122.5075103313        0.0000000000        0.8869204367        0.1064304524        0.0000004126
       58.1632650000        1.0000000000        1.0000000000       99.3507178973        0.0000000000        0.8869204367        0.1064304524        0.0000066421
       58.2653060000        1.0000000000        1.0000000000       83.1050015690        0.0000000000        0.8869204367        0.1064304524        0.0000466611
       58.3673470000        1.0000000000        1.0000000000       71.1987937300        0.0000000000        0.8869204367        0.1064304524        0.0001947380
       58.4693880000        1.0000000000        1.0000000000       62.1804622938        0.0000000000        0.8869204367        0.1064304524        0.0005747040
       58.5714290000        1.0000000000        1.0000000000       55.1981138096        0.0000000000        0.8869204367        0.1064304524        0.0013284085
       58.6734690000        1.0000000000        1.0000000000       49.8701662889        0.0000000000        0.8869204367        0.1064304524        0.0025176737
       58.7755100000        1.0000000000        1.0000000000       46.5376525707        0.0000000000        0.8869204367        0.1064304524        0.0037555584
       58.8775510000        1.0000000000        1.0000000000       46.1060939370        0.0000000000        0.8869204367        0.1064304524        0.0039551717
       58.9795920000        1.0000000000        1.0000000000       47.4730678021        0.0000000000        0.8869204367        0.1064304524        0.0033567967
       59.0816330000        1.0000000000        1.0000000000       46.2005091671        0.0000000000        0.8869204367        0.1064304524        0.0039106132
       59.1836730000        1.0000000000        1.0000000000       40.6280592049        0.0000000000        0.8869204367        0.1064304524        0.0076322919
       59.2857140000        1.0000000000        1.0000000000       34.6011695447        0.0000000000        0.8869204367        0.1064304524        0.0157307113
       59.3877550000        1.0000000000        1.0000000000       30.7783474916        0.0000000000        0.8869204367        0.1064304524        0.0248871991
       59.4897960000        1.0000000000        1.0000000000       28.5943420472        0.0000000000        0.8869204367        0.1064304524        0.0323441844
       59.5918370000        1.0000000000        1.0000000000       27.0652125672        0.0000000000        0.8869204367        0.1064304524        0.0388586138
       59.6938780000        1.0000000000        1.0000000000       25.8050901800        0.0000000000        0.8869204367        0.1064304524        0.0452021412
       59.7959180000        1.0000000000        1.0000000000       24.7086930604        0.0000000000        0.8869204367        0.1064304524        0.0515582436
       59.8979590000        1.0000000000        1.0000000000       23.7372527562        0.0000000000        0.8869204367        0.1064304524        0.0579328713
       60.0000000000        1.0000000000        1.0000000000       22.8682395103        0.0000000000        0.8869204367        0.1064304524        0.0643004441
