       55.0000000000        1.0000000000        1.0000000000       16.4460787678        0.0000000000        0.8869204367        0.1064304524        0.1389655175
       55.1020410000        1.0000000000        1.0000000000       18.1509268459        0.0000000000        0.8869204367        0.1064304524        0.1132552428
       55.2040820000        1.0000000000        1.0000000000       20.2058065233        0.0000000000        0.8869204367        0.1064304524        0.0885049512
       55.3061220000        1.0000000000        1.0000000000       22.7101544724        0.0000000000        0.8869204367        0.1064304524        0.0655318800
       55.4081630000        1.0000000000        1.0000000000       25.8179205980        0.0000000000        0.8869204367        0.1064304524        0.0451325993
       55.5102040000        1.0000000000        1.0000000000       29.8132709334        0.0000000000        0.8869204367        0.1064304524        0.0279428895
       55.6122450000        1.0000000000        1.0000000000       35.1518182510        0.0000000000        0.8869204367        0.1064304524        0.0147248580
       55.7142860000        1.0000000000        1.0000000000       42.0870147887        0.0000000000        0.8869204367        0.1064304524        0.0064065026
       55.8163270000        1.0000000000        1.0000000000       50.3818735959        0.0000000000        0.8869204367        0.1064304524        0.0023677271
       55.9183670000        1.0000000000        1.0000000000       60.5144048757        0.0000000000        0.8869204367        0.1064304524        0.0007018937
       56.0204080000        1.0000000000        1.0000000000       74.6119875689        0.0000000000        0.8869204367        0.1064304524        0.0001292918
       56.1224490000        1.0000000000        1.0000000000       95.6296775504        0.0000000000        0.8869204367        0.1064304524        0.0000103807
       56.2244900000        1.0000000000        1.0000000000      127.9493229118        0.0000000000        0.8869204367        0.1064304524        0.0000002147
       56.3265310000        1.0000000000        1.0000000000      181.0151983983        0.0000000000        0.8869204367        0.1064304524        0.0000000004
       56.4285710000        1.0000000000        1.0000000000      279.5504666337        0.0000000000        0.8869204367        0.1064304524        0.0000000000
       56.5306120000        1.0000000000        1.0000000000      499.8555870643        0.0000000000        0.8869204367        0.1064304524        0.0000000000
       56.6326530000        1.0000000000        1.0000000000     1066.2541835826        0.0000000000        0.8869204367        0.1064304524        0.0000000000
       56.7346940000        1.0000000000        1.0000000000     2376.9560061683        0.0000000000        0.8869204367        0.1064304524        0.0000000000
       56.8367350000        1.0000000000        1.0000000000     4404.0305289397        0.0000000000        0.8869204367        0.1064304524        0.0000000000
       56.9387760000        1.0000000000        1.0000000000     5781.3297462515        0.0000000000        0.8869204367        0.1064304524        0.0000000000
       57.0408160000        1.0000000000        1.0000000000     5082.7211667666        0.0000000000        0.8869204367        0.1064304524        0.0000000000
       57.1428570000        1.0000000000        1.0000000000     3072.2681670215        0.0000000000        0.8869204367        0.1064304524        0.0000000000
       57.2448980000        1.0000000000        1.0000000000     1439.7761390381        0.0000000000        0.8869204367        0.1064304524        0.0000000000
       57.3469390000        1.0000000000        1.0000000000      653.2893736417        0.0000000000        0.8869204367        0.1064304524        0.0000000000
       57.4489800000        1.0000000000        1.0000000000      375.7260100301        0.0000000000        0.8869204367        0.1064304524        0.0000000000
       57.5510200000        1.0000000000        1.0000000000      388.5829068274        0.0000000000        0.8869204367        0.1064304524        0.0000000000
       57.6530610000        1.0000000000        1.0000000000      757.5140078621        0.0000000000        0.8869204367        0.1064304524        0.0000000000
       57.7551020000        1.0000000000        1.0000000000     1458.9781479652        0.0000000000        0.8869204367        0.1064304524        0.0000000000
       57.8571430000        1.0000000000        1.0000000000     1922.1642806489        0.0000000000        0.8869204367        0.1064304524        0.0000000000
       57.9591840000        1.0000000000        1.0000000000     1615.3070992066        0.0000000000        0.8869204367        0.1064304524        0.0000000000
       58.0612240000        1.0000000000        1.0000000000      922.4166765660        0.0000000000        0.8869204367        0.1064304524        0.0000000000
       58.1632650000        1.0000000000        1.0000000000      436.5942988762        0.0000000000        0.8869204367        0.1064304524        0.0000000000
       58.2653060000        1.0000000000        1.0000000000      231.9168992824        0.0000000000        0.8869204367        0.1064304524        0.0000000000
       58.3673470000        1.0000000000        1.0000000000      155.9677586078        0.0000000000        0.8869204367        0.1064304524        0.0000000074
       58.4693880000        1.0000000000        1.0000000000      120.7997274036        0.0000000000        0.8869204367        0.1064304524        0.0000005064
       58.5714290000        1.0000000000        1.0000000000       99.7983833847        0.0000000000        0.8869204367        0.1064304524        0.0000062947
       58.6734690000        1.0000000000        1.0000000000       85.6416320257        0.0000000000        0.8869204367        0.1064304524        0.0000344158
       58.7755100000        1.0000000000        1.0000000000       76.2357507283        0.0000000000        0.8869204367        0.1064304524        0.0001064016
       58.8775510000        1.0000000000        1.0000000000       71.3947018460        0.0000000000        0.8869204367        0.1064304524        0.0001902133
       58.9795920000        1.0000000000        1.0000000000       69.4841639908        0.0000000000        0.8869204367        0.1064304524        0.0002392265
       59.0816330000        1.0000000000        1.0000000000       65.7293393924        0.0000000000        0.8869204367        0.1064304524        0.0003753991
       59.1836730000        1.0000000000        1.0000000000       58.1635444384        0.0000000000        0.8869204367        0.1064304524        0.0009306518
       59.2857140000        1.0000000000        1.0000000000       50.4403051792        0.0000000000        0.8869204367        0.1064304524        0.0023511831
       59.3877550000        1.0000000000        1.0000000000       45.1670823457        0.0000000000        0.8869204367        0.1064304524        0.0044269258
       59.4897960000        1.0000000000        1.0000000000       41.7548474274        0.0000000000        0.8869204367        0.1064304524        0.0066670240
       59.5918370000        1.0000000000        1.0000000000       39.1797997948        0.0000000000        0.8869204367        0.1064304524        0.0090809545
       59.6938780000        1.0000000000        1.0000000000       37.0181461100        0.0000000000        0.8869204367        0.1064304524        0.0117702804
       59.7959180000        1.0000000000        1.0000000000       35.1361860603        0.0000000000        0.8869204367        0.1064304524        0.0147525058
       59.8979590000        1.0000000000        1.0000000000       33.4741136812        0.0000000000        0.8869204367        0.1064304524        0.0180088200
       60.0000000000        1.0000000000        1.0000000000       31.9933523545        0.0000000000        0.8869204367        0.1064304524        0.0215107540
