       55.0000000000        1.0000000000        1.0000000000        7.9528109894        0.0000000000        0.8869204367        0.1064304524        0.3850672369
       55.1020410000        1.0000000000        1.0000000000        8.2068884839        0.0000000000        0.8869204367        0.1064304524        0.3735039802
       55.2040820000        1.0000000000        1.0000000000        8.5266408102        0.0000000000        0.8869204367        0.1064304524        0.3594439959
       55.3061220000        1.0000000000        1.0000000000        8.9354932446        0.0000000000        0.8869204367        0.1064304524        0.3422344709
       55.4081630000        1.0000000000        1.0000000000        9.4837770003        0.0000000000        0.8869204367        0.1064304524        0.3204422391
       55.5102040000        1.0000000000        1.0000000000       10.3138611679        0.0000000000        0.8869204367        0.1064304524        0.2900612011
       55.6122450000        1.0000000000        1.0000000000       11.6927811036        0.0000000000        0.8869204367        0.1064304524        0.2458254046
       55.7142860000        1.0000000000        1.0000000000       13.6170240654        0.0000000000        0.8869204367        0.1064304524        0.1951390519
       55.8163270000        1.0000000000        1.0000000000       15.4260753189        0.0000000000        0.8869204367        0.1064304524        0.1570597397
       55.9183670000        1.0000000000        1.0000000000       16.8835256117        0.0000000000        0.8869204367        0.1064304524        0.1318588729
       56.0204080000        1.0000000000        1.0000000000       19.0037408830        0.0000000000        0.8869204367        0.1064304524        0.1022383010
       56.1224490000        1.0000000000        1.0000000000       22.8786886337        0.0000000000        0.8869204367        0.1064304524        0.0642198686
       56.2244900000        1.0000000000        1.0000000000       29.3855353519        0.0000000000        0.8869204367        0.1064304524        0.0294145967
       56.3265310000        1.0000000000        1.0000000000       40.4175272662        0.0000000000        0.8869204367        0.1064304524        0.0078275691
       56.4285710000        1.0000000000        1.0000000000       61.5139473512        0.0000000000        0.8869204367        0.1064304524        0.0006225580
       56.5306120000        1.0000000000        1.0000000000      113.1441142230        0.0000000000        0.8869204367        0.1064304524        0.0000012690
       56.6326530000        1.0000000000        1.0000000000      275.9640621371        0.0000000000        0.8869204367        0.1064304524        0.0000000000
       56.7346940000        1.0000000000        1.0000000000      762.8050082084        0.0000000000        0.8869204367        0.1064304524        0.0000000000
       56.8367350000        1.0000000000        1.0000000000     1727.4278812273        0.0000000000        0.8869204367        0.1064304524        0.0000000000
       56.9387760000        1.0000000000        1.0000000000     2634.1344264716        0.0000000000        0.8869204367        0.1064304524        0.0000000000
       57.0408160000        1.0000000000        1.0000000000     2527.9300482688        0.0000000000        0.8869204367        0.1064304524        0.0000000000
       57.1428570000        1.0000000000        1.0000000000     1552.6016340093        0.0000000000        0.8869204367        0.1064304524        0.0000000000
       57.2448980000        1.0000000000        1.0000000000      683.6824454767        0.0000000000        0.8869204367        0.1064304524        0.0000000000
       57.3469390000        1.0000000000        1.0000000000      278.9436209497        0.0000000000        0.8869204367        0.1064304524        0.0000000000
       57.4489800000        1.0000000000        1.0000000000      140.9649100909        0.0000000000        0.8869204367        0.1064304524        0.0000000450
       57.5510200000        1.0000000000        1.0000000000       90.9920452957        0.0000000000        0.8869204367        0.1064304524        0.0000181100
       57.6530610000        1.0000000000        1.0000000000       67.1950613313        0.0000000000        0.8869204367        0.1064304524        0.0003148522
       57.7551020000        1.0000000000        1.0000000000       53.2788979076        0.0000000000        0.8869204367        0.1064304524        0.0016724465
       57.8571430000        1.0000000000        1.0000000000       44.1967423933        0.0000000000        0.8869204367        0.1064304524        0.0049736113
       57.9591840000        1.0000000000        1.0000000000       37.8632482704        0.0000000000        0.8869204367        0.1064304524        0.0106351599
       58.0612240000        1.0000000000        1.0000000000       33.2357305894        0.0000000000        0.8869204367        0.1064304524        0.0185314189
       58.1632650000        1.0000000000        1.0000000000       29.7330804491        0.0000000000        0.8869204367        0.1064304524        0.0282130779
       58.2653060000        1.0000000000        1.0000000000       27.0079639665        0.0000000000        0.8869204367        0.1064304524        0.0391264850
       58.3673470000        1.0000000000        1.0000000000       24.8424785809        0.0000000000        0.8869204367        0.1064304524        0.0507371229
       58.4693880000        1.0000000000        1.0000000000       23.0984889063        0.0000000000        0.8869204367        0.1064304524        0.0625481469
       58.5714290000        1.0000000000        1.0000000000       21.7102952610        0.0000000000        0.8869204367        0.1064304524        0.0738857401
       58.6734690000        1.0000000000        1.0000000000       20.7948380321        0.0000000000        0.8869204367        0.1064304524        0.0824650622
       58.7755100000        1.0000000000        1.0000000000       21.0201252587        0.0000000000        0.8869204367        0.1064304524        0.0802655287
       58.8775510000        1.0000000000        1.0000000000       23.4834764692        0.0000000000        0.8869204367        0.1064304524        0.0597242480
       58.9795920000        1.0000000000        1.0000000000       27.1651727176        0.0000000000        0.8869204367        0.1064304524        0.0383952807
       59.0816330000        1.0000000000        1.0000000000       27.7340085822        0.0000000000        0.8869204367        0.1064304524        0.0358618569
       59.1836730000        1.0000000000        1.0000000000       23.7328545218        0.0000000000        0.8869204367        0.1064304524        0.0579634556
       59.2857140000        1.0000000000        1.0000000000       19.1341752027        0.0000000000        0.8869204367        0.1064304524        0.1006505136
       59.3877550000        1.0000000000        1.0000000000       16.5882520871        0.0000000000        0.8869204367        0.1064304524        0.1366147647
       59.4897960000        1.0000000000        1.0000000000       15.5148126143        0.0000000000        0.8869204367        0.1064304524        0.1553961659
       59.5918370000        1.0000000000        1.0000000000       14.9502710329        0.0000000000        0.8869204367        0.1064304524        0.1662882545
       59.6938780000        1.0000000000        1.0000000000       14.5356626986        0.0000000000        0.8869204367        0.1064304524        0.1747708619
       59.7959180000        1.0000000000        1.0000000000       14.1866441226        0.0000000000        0.8869204367        0.1064304524        0.1822461023
       59.8979590000        1.0000000000        1.0000000000       13.8802288395        0.0000000000        0.8869204367        0.1064304524        0.1890719855
       60.0000000000        1.0000000000        1.0000000000       13.6062523839        0.0000000000        0.8869204367        0.1064304524        0.1953914521
