       55.0000000000        1.0000000000        1.0000000000        8.6591732053        0.0000000000        0.8869204367        0.1064304524        0.3537726568
       55.1020410000        1.0000000000        1.0000000000        9.1044413689        0.0000000000        0.8869204367        0.1064304524        0.3353659470
       55.2040820000        1.0000000000        1.0000000000        9.6674349029        0.0000000000        0.8869204367        0.1064304524        0.3134572824
       55.3061220000        1.0000000000        1.0000000000       10.3900765117        0.0000000000        0.8869204367        0.1064304524        0.2874204417
       55.4081630000        1.0000000000        1.0000000000       11.3498249001        0.0000000000        0.8869204367        0.1064304524        0.2561533506
       55.5102040000        1.0000000000        1.0000000000       12.7294798698        0.0000000000        0.8869204367        0.1064304524        0.2170695251
       55.6122450000        1.0000000000        1.0000000000       14.8565185078        0.0000000000        0.8869204367        0.1064304524        0.1681696108
       55.7142860000        1.0000000000        1.0000000000       17.8214074503        0.0000000000        0.8869204367        0.1064304524        0.1178233401
       55.8163270000        1.0000000000        1.0000000000       21.1294014768        0.0000000000        0.8869204367        0.1064304524        0.0792198661
       55.9183670000        1.0000000000        1.0000000000       24.8483212187        0.0000000000        0.8869204367        0.1064304524        0.0507015627
       56.0204080000        1.0000000000        1.0000000000       30.5637179403        0.0000000000        0.8869204367        0.1064304524        0.0255365083
       56.1224490000        1.0000000000        1.0000000000       40.5703664085        0.0000000000        0.8869204367        0.1064304524        0.0076853146
       56.2244900000        1.0000000000        1.0000000000       58.7861906201        0.0000000000        0.8869204367        0.1064304524        0.0008636501
       56.3265310000        1.0000000000        1.0000000000       97.6406689992        0.0000000000        0.8869204367        0.1064304524        0.0000081550
       56.4285710000        1.0000000000        1.0000000000      207.1256195053        0.0000000000        0.8869204367        0.1064304524        0.0000000000
       56.5306120000        1.0000000000        1.0000000000      554.5902910696        0.0000000000        0.8869204367        0.1064304524        0.0000000000
       56.6326530000        1.0000000000        1.0000000000     1411.3981429532        0.0000000000        0.8869204367        0.1064304524        0.0000000000
       56.7346940000        1.0000000000        1.0000000000     2604.0167483089        0.0000000000        0.8869204367        0.1064304524        0.0000000000
       56.8367350000        1.0000000000        1.0000000000     3098.3740855078        0.0000000000        0.8869204367        0.1064304524        0.0000000000
       56.9387760000        1.0000000000        1.0000000000     2329.6431310224        0.0000000000        0.8869204367        0.1064304524        0.0000000000
       57.0408160000        1.0000000000        1.0000000000     1179.7594824426        0.0000000000        0.8869204367        0.1064304524        0.0000000000
       57.1428570000        1.0000000000        1.0000000000      483.5643878688        0.0000000000        0.8869204367        0.1064304524        0.0000000000
       57.2448980000        1.0000000000        1.0000000000      217.8856808999        0.0000000000        0.8869204367        0.1064304524        0.0000000000
       57.3469390000        1.0000000000        1.0000000000      127.1950574647        0.0000000000        0.8869204367        0.1064304524        0.0000002351
       57.4489800000        1.0000000000        1.0000000000       88.9257847778        0.0000000000        0.8869204367        0.1064304524        0.0000232061
       57.5510200000        1.0000000000        1.0000000000       68.1632293888        0.0000000000        0.8869204367        0.1064304524        0.0002803175
       57.6530610000        1.0000000000        1.0000000000       55.1606026642        0.0000000000        0.8869204367        0.1064304524        0.0013344016
       57.7551020000        1.0000000000        1.0000000000       46.3385045685        0.0000000000        0.8869204367        0.1064304524        0.0038463888
       57.8571430000        1.0000000000        1.0000000000       40.0220443702        0.0000000000        0.8869204367        0.1064304524        0.0082080055
       57.9591840000        1.0000000000        1.0000000000       35.3149420840        0.0000000000        0.8869204367        0.1064304524        0.0144394238
       58.0612240000        1.0000000000        1.0000000000       31.6961721283        0.0000000000        0.8869204367        0.1064304524        0.0222917047
       58.1632650000        1.0000000000        1.0000000000       28.8439760841        0.0000000000        0.8869204367        0.1064304524        0.0313896477
       58.2653060000        1.0000000000        1.0000000000       26.5506212797        0.0000000000        0.8869204367        0.1064304524        0.0413338065
       58.3673470000        1.0000000000        1.0000000000       24.6779512754        0.0000000000        0.8869204367        0.1064304524        0.0517487939
       58.4693880000        1.0000000000        1.0000000000       23.1355569419        0.0000000000        0.8869204367        0.1064304524        0.0622705403
       58.5714290000        1.0000000000        1.0000000000       21.8873636786        0.0000000000        0.8869204367        0.1064304524        0.0723323621
       58.6734690000        1.0000000000        1.0000000000       21.0691842719        0.0000000000        0.8869204367        0.1064304524        0.0797943872
       58.7755100000        1.0000000000        1.0000000000       21.3615207372        0.0000000000        0.8869204367        0.1064304524        0.0770436998
       58.8775510000        1.0000000000        1.0000000000       23.8715303727        0.0000000000        0.8869204367        0.1064304524        0.0570068613
       58.9795920000        1.0000000000        1.0000000000       27.5885666662        0.0000000000        0.8869204367        0.1064304524        0.0364932488
       59.0816330000        1.0000000000        1.0000000000       28.1856570598        0.0000000000        0.8869204367        0.1064304524        0.0339699541
       59.1836730000        1.0000000000        1.0000000000       24.2030053518        0.0000000000        0.8869204367        0.1064304524        0.0547838059
       59.2857140000        1.0000000000        1.0000000000       19.6122731254        0.0000000000        0.8869204367        0.1064304524        0.0950385410
       59.3877550000        1.0000000000        1.0000000000       17.0678397528        0.0000000000        0.8869204367        0.1064304524        0.1289744740
       59.4897960000        1.0000000000        1.0000000000       15.9928510544        0.0000000000        0.8869204367        0.1064304524        0.1467327863
       59.5918370000        1.0000000000        1.0000000000       15.4248856462        0.0000000000        0.8869204367        0.1064304524        0.1570821633
       59.6938780000        1.0000000000        1.0000000000       15.0053858398        0.0000000000        0.8869204367        0.1064304524        0.1651920899
       59.7959180000        1.0000000000        1.0000000000       14.6503374710        0.0000000000        0.8869204367        0.1064304524        0.1723823168
       59.8979590000        1.0000000000        1.0000000000       14.3370497711        0.0000000000        0.8869204367        0.1064304524        0.1789863071
       60.0000000000        1.0000000000        1.0000000000       14.0556019747        0.0000000000        0.8869204367        0.1064304524        0.1851345841
