       55.0000000000        1.0000000000        1.0000000000        8.0768294798        0.0000000000        0.8869204367        0.1064304524        0.3793790137
       55.1020410000        1.0000000000        1.0000000000        8.3955656276        0.0000000000        0.8869204367        0.1064304524        0.3651423961
       55.2040820000        1.0000000000        1.0000000000        8.7796470985        0.0000000000        0.8869204367        0.1064304524        0.3486950044
       55.3061220000        1.0000000000        1.0000000000        9.2487577623        0.0000000000        0.8869204367        0.1064304524        0.3296080916
       55.4081630000        1.0000000000        1.0000000000        9.8470628261        0.0000000000        0.8869204367        0.1064304524        0.3067729017
       55.5102040000        1.0000000000        1.0000000000       10.7065274519        0.0000000000        0.8869204367        0.1064304524        0.2767105419
       55.6122450000        1.0000000000        1.0000000000       12.0751666306        0.0000000000        0.8869204367        0.1064304524        0.2348002807
       55.7142860000        1.0000000000        1.0000000000       13.9155448698        0.0000000000        0.8869204367        0.1064304524        0.1882724083
       55.8163270000        1.0000000000        1.0000000000       15.5148255882        0.0000000000        0.8869204367        0.1064304524        0.1553959240
       55.9183670000        1.0000000000        1.0000000000       16.5539802871        0.0000000000        0.8869204367        0.1064304524        0.1371777657
       56.0204080000        1.0000000000        1.0000000000       17.8862104587        0.0000000000        0.8869204367        0.1064304524        0.1169106566
       56.1224490000        1.0000000000        1.0000000000       20.2753561584        0.0000000000        0.8869204367        0.1064304524        0.0877693666
       56.2244900000        1.0000000000        1.0000000000       23.9220554080        0.0000000000        0.8869204367        0.1064304524        0.0566622741
       56.3265310000        1.0000000000        1.0000000000       29.1247353696        0.0000000000        0.8869204367        0.1064304524        0.0303497122
       56.4285710000        1.0000000000        1.0000000000       36.6691649642        0.0000000000        0.8869204367        0.1064304524        0.0122736598
       56.5306120000        1.0000000000        1.0000000000       48.1555755685        0.0000000000        0.8869204367        0.1064304524        0.0030928290
       56.6326530000        1.0000000000        1.0000000000       67.0721844463        0.0000000000        0.8869204367        0.1064304524        0.0003195291
       56.7346940000        1.0000000000        1.0000000000      103.1018435458        0.0000000000        0.8869204367        0.1064304524        0.0000042346
       56.8367350000        1.0000000000        1.0000000000      191.6507838158        0.0000000000        0.8869204367        0.1064304524        0.0000000001
       56.9387760000        1.0000000000        1.0000000000      457.6551888679        0.0000000000        0.8869204367        0.1064304524        0.0000000000
       57.0408160000        1.0000000000        1.0000000000     1157.0204677888        0.0000000000        0.8869204367        0.1064304524        0.0000000000
       57.1428570000        1.0000000000        1.0000000000     2298.5038372427        0.0000000000        0.8869204367        0.1064304524        0.0000000000
       57.2448980000        1.0000000000        1.0000000000     3042.5263297492        0.0000000000        0.8869204367        0.1064304524        0.0000000000
       57.3469390000        1.0000000000        1.0000000000     2554.4102257518        0.0000000000        0.8869204367        0.1064304524        0.0000000000
       57.4489800000        1.0000000000        1.0000000000     1445.3978755145        0.0000000000        0.8869204367        0.1064304524        0.0000000000
       57.5510200000        1.0000000000        1.0000000000      824.5044200622        0.0000000000        0.8869204367        0.1064304524        0.0000000000
       57.6530610000        1.0000000000        1.0000000000     1019.2930373692        0.0000000000        0.8869204367        0.1064304524        0.0000000000
       57.7551020000        1.0000000000        1.0000000000     1614.9031670787        0.0000000000        0.8869204367        0.1064304524        0.0000000000
       57.8571430000        1.0000000000        1.0000000000     1800.3424276508        0.0000000000        0.8869204367        0.1064304524        0.0000000000
       57.9591840000        1.0000000000        1.0000000000     1289.9940838530        0.0000000000        0.8869204367        0.1064304524        0.0000000000
       58.0612240000        1.0000000000        1.0000000000      647.6482870200        0.0000000000        0.8869204367        0.1064304524        0.0000000000
       58.1632650000        1.0000000000        1.0000000000      289.0857979182        0.0000000000        0.8869204367        0.1064304524        0.0000000000
       58.2653060000        1.0000000000        1.0000000000      154.9672665850        0.0000000000        0.8869204367        0.1064304524        0.0000000084
       58.3673470000        1.0000000000        1.0000000000      105.3414206754        0.0000000000        0.8869204367        0.1064304524        0.0000032367
       58.4693880000        1.0000000000        1.0000000000       81.2696455849        0.0000000000        0.8869204367        0.1064304524        0.0000581574
       58.5714290000        1.0000000000        1.0000000000       66.6679258687        0.0000000000        0.8869204367        0.1064304524        0.0003354119
       58.6734690000        1.0000000000        1.0000000000       56.9546756456        0.0000000000        0.8869204367        0.1064304524        0.0010759395
       58.7755100000        1.0000000000        1.0000000000       50.9168730758        0.0000000000        0.8869204367        0.1064304524        0.0022204958
       58.8775510000        1.0000000000        1.0000000000       48.7385020190        0.0000000000        0.8869204367        0.1064304524        0.0028838755
       58.9795920000        1.0000000000        1.0000000000       48.9382525554        0.0000000000        0.8869204367        0.1064304524        0.0028155707
       59.0816330000        1.0000000000        1.0000000000       46.8642214394        0.0000000000        0.8869204367        0.1064304524        0.0036112310
       59.1836730000        1.0000000000        1.0000000000       40.7340091309        0.0000000000        0.8869204367        0.1064304524        0.0075358692
       59.2857140000        1.0000000000        1.0000000000       34.3169690076        0.0000000000        0.8869204367        0.1064304524        0.0162764454
       59.3877550000        1.0000000000        1.0000000000       30.2191029524        0.0000000000        0.8869204367        0.1064304524        0.0266146795
       59.4897960000        1.0000000000        1.0000000000       27.8400574542        0.0000000000        0.8869204367        0.1064304524        0.0354083754
       59.5918370000        1.0000000000        1.0000000000       26.1728943774        0.0000000000        0.8869204367        0.1064304524        0.0432504637
       59.6938780000        1.0000000000        1.0000000000       24.8161457882        0.0000000000        0.8869204367        0.1064304524        0.0508977025
       59.7959180000        1.0000000000        1.0000000000       23.6535203221        0.0000000000        0.8869204367        0.1064304524        0.0585179088
       59.8979590000        1.0000000000        1.0000000000       22.6383405234        0.0000000000        0.8869204367        0.1064304524        0.0660990527
       60.0000000000        1.0000000000        1.0000000000       21.7423303051        0.0000000000        0.8869204367        0.1064304524        0.0736022534
