       55.0000000000        1.0000000000        1.0000000000        7.3958950828        0.0000000000        0.8869204367        0.1064304524        0.4116806260
       55.1020410000        1.0000000000        1.0000000000        7.4428882012        0.0000000000        0.8869204367        0.1064304524        0.4093656207
       55.2040820000        1.0000000000        1.0000000000        7.5049559395        0.0000000000        0.8869204367        0.1064304524        0.4063279395
       55.3061220000        1.0000000000        1.0000000000        7.5899477496        0.0000000000        0.8869204367        0.1064304524        0.4022048553
       55.4081630000        1.0000000000        1.0000000000        7.7263395453        0.0000000000        0.8869204367        0.1064304524        0.3956755406
       55.5102040000        1.0000000000        1.0000000000        8.0257916187        0.0000000000        0.8869204367        0.1064304524        0.3817096667
       55.6122450000        1.0000000000        1.0000000000        8.7139826969        0.0000000000        0.8869204367        0.1064304524        0.3514534800
       55.7142860000        1.0000000000        1.0000000000        9.7305176343        0.0000000000        0.8869204367        0.1064304524        0.3110933920
       55.8163270000        1.0000000000        1.0000000000       10.3168363347        0.0000000000        0.8869204367        0.1064304524        0.2899576619
       55.9183670000        1.0000000000        1.0000000000       10.0632565606        0.0000000000        0.8869204367        0.1064304524        0.2989165662
       56.0204080000        1.0000000000        1.0000000000        9.7077421912        0.0000000000        0.8869204367        0.1064304524        0.3119447897
       56.1224490000        1.0000000000        1.0000000000        9.8703782574        0.0000000000        0.8869204367        0.1064304524        0.3059157961
       56.2244900000        1.0000000000        1.0000000000       10.5226619191        0.0000000000        0.8869204367        0.1064304524        0.2828836970
       56.3265310000        1.0000000000        1.0000000000       11.5695466119        0.0000000000        0.8869204367        0.1064304524        0.2494877175
       56.4285710000        1.0000000000        1.0000000000       13.1021540759        0.0000000000        0.8869204367        0.1064304524        0.2075758448
       56.5306120000        1.0000000000        1.0000000000       15.3890138940        0.0000000000        0.8869204367        0.1064304524        0.1577597982
       56.6326530000        1.0000000000        1.0000000000       18.9641250113        0.0000000000        0.8869204367        0.1064304524        0.1027254893
       56.7346940000        1.0000000000        1.0000000000       24.9815193633        0.0000000000        0.8869204367        0.1064304524        0.0498976025
       56.8367350000        1.0000000000        1.0000000000       36.5995113145        0.0000000000        0.8869204367        0.1064304524        0.0123766783
       56.9387760000        1.0000000000        1.0000000000       65.9641036640        0.0000000000        0.8869204367        0.1064304524        0.0003649711
       57.0408160000        1.0000000000        1.0000000000      164.4893864058        0.0000000000        0.8869204367        0.1064304524        0.0000000027
       57.1428570000        1.0000000000        1.0000000000      477.6581575981        0.0000000000        0.8869204367        0.1064304524        0.0000000000
       57.2448980000        1.0000000000        1.0000000000     1127.8425683909        0.0000000000        0.8869204367        0.1064304524        0.0000000000
       57.3469390000        1.0000000000        1.0000000000     1765.7855786076        0.0000000000        0.8869204367        0.1064304524        0.0000000000
       57.4489800000        1.0000000000        1.0000000000     1714.2733561448        0.0000000000        0.8869204367        0.1064304524        0.0000000000
       57.5510200000        1.0000000000        1.0000000000     1047.5315591701        0.0000000000        0.8869204367        0.1064304524        0.0000000000
       57.6530610000        1.0000000000        1.0000000000      449.5878461197        0.0000000000        0.8869204367        0.1064304524        0.0000000000
       57.7551020000        1.0000000000        1.0000000000      176.6799882805        0.0000000000        0.8869204367        0.1064304524        0.0000000006
       57.8571430000        1.0000000000        1.0000000000       87.9650166439        0.0000000000        0.8869204367        0.1064304524        0.0000260419
       57.9591840000        1.0000000000        1.0000000000       57.5163422553        0.0000000000        0.8869204367        0.1064304524        0.0010058110
       58.0612240000        1.0000000000        1.0000000000       43.3808192486        0.0000000000        0.8869204367        0.1064304524        0.0054852187
       58.1632650000        1.0000000000        1.0000000000       35.1634730046        0.0000000000        0.8869204367        0.1064304524        0.0147042787
       58.2653060000        1.0000000000        1.0000000000       29.8077235163        0.0000000000        0.8869204367        0.1064304524        0.0279614970
       58.3673470000        1.0000000000        1.0000000000       26.0778239280        0.0000000000        0.8869204367        0.1064304524        0.0437467099
       58.4693880000        1.0000000000        1.0000000000       23.3659001911        0.0000000000        0.8869204367        0.1064304524        0.0605728793
       58.5714290000        1.0000000000        1.0000000000       21.3639288082        0.0000000000        0.8869204367        0.1064304524        0.0770214398
       58.6734690000        1.0000000000        1.0000000000       20.0549312496        0.0000000000        0.8869204367        0.1064304524        0.0901219298
       58.7755100000        1.0000000000        1.0000000000       20.0285381028        0.0000000000        0.8869204367        0.1064304524        0.0904078144
       58.8775510000        1.0000000000        1.0000000000       22.3303430514        0.0000000000        0.8869204367        0.1064304524        0.0685877613
       58.9795920000        1.0000000000        1.0000000000       25.9013145615        0.0000000000        0.8869204367        0.1064304524        0.0446831973
       59.0816330000        1.0000000000        1.0000000000       26.3902186596        0.0000000000        0.8869204367        0.1064304524        0.0421371190
       59.1836730000        1.0000000000        1.0000000000       22.3427056517        0.0000000000        0.8869204367        0.1064304524        0.0684860860
       59.2857140000        1.0000000000        1.0000000000       17.7306660543        0.0000000000        0.8869204367        0.1064304524        0.1191133252
       59.3877550000        1.0000000000        1.0000000000       15.1910830460        0.0000000000        0.8869204367        0.1064304524        0.1615517159
       59.4897960000        1.0000000000        1.0000000000       14.1329981728        0.0000000000        0.8869204367        0.1064304524        0.1834230986
       59.5918370000        1.0000000000        1.0000000000       13.5889291431        0.0000000000        0.8869204367        0.1064304524        0.1957980521
       59.6938780000        1.0000000000        1.0000000000       13.1984183587        0.0000000000        0.8869204367        0.1064304524        0.2051917845
       59.7959180000        1.0000000000        1.0000000000       12.8760117610        0.0000000000        0.8869204367        0.1064304524        0.2132859743
       59.8979590000        1.0000000000        1.0000000000       12.5978083759        0.0000000000        0.8869204367        0.1064304524        0.2205265893
       60.0000000000        1.0000000000        1.0000000000       12.3529371836        0.0000000000        0.8869204367        0.1064304524        0.2271028088
