       55.0000000000        1.0000000000        1.0000000000       11.0415064468        0.0000000000        0.8869204367        0.1064304524        0.2658080696
       55.1020410000        1.0000000000        1.0000000000       12.0733718181        0.0000000000        0.8869204367        0.1064304524        0.2348508568
       55.2040820000        1.0000000000        1.0000000000       13.3916500475        0.0000000000        0.8869204367        0.1064304524        0.2004885771
       55.3061220000        1.0000000000        1.0000000000       15.1039897414        0.0000000000        0.8869204367        0.1064304524        0.1632489784
       55.4081630000        1.0000000000        1.0000000000       17.3879670350        0.0000000000        0.8869204367        0.1064304524        0.1241138432
       55.5102040000        1.0000000000        1.0000000000       20.5831328734        0.0000000000        0.8869204367        0.1064304524        0.0845868937
       55.6122450000        1.0000000000        1.0000000000       25.2689541644        0.0000000000        0.8869204367        0.1064304524        0.0482058691
       55.7142860000        1.0000000000        1.0000000000       31.9635798057        0.0000000000        0.8869204367        0.1064304524        0.0215877431
       55.8163270000        1.0000000000        1.0000000000       40.9835576690        0.0000000000        0.8869204367        0.1064304524        0.0073135468
       55.9183670000        1.0000000000        1.0000000000       54.0562712721        0.0000000000        0.8869204367        0.1064304524        0.0015234884
       56.0204080000        1.0000000000        1.0000000000       76.6500275647        0.0000000000        0.8869204367        0.1064304524        0.0001012413
       56.1224490000        1.0000000000        1.0000000000      122.9923999421        0.0000000000        0.8869204367        0.1064304524        0.0000003892
       56.2244900000        1.0000000000        1.0000000000      242.9968921793        0.0000000000        0.8869204367        0.1064304524        0.0000000000
       56.3265310000        1.0000000000        1.0000000000      607.0737081127        0.0000000000        0.8869204367        0.1064304524        0.0000000000
       56.4285710000        1.0000000000        1.0000000000     1540.6476242411        0.0000000000        0.8869204367        0.1064304524        0.0000000000
       56.5306120000        1.0000000000        1.0000000000     3002.8184802800        0.0000000000        0.8869204367        0.1064304524        0.0000000000
       56.6326530000        1.0000000000        1.0000000000     3888.9894236302        0.0000000000        0.8869204367        0.1064304524        0.0000000000
       56.7346940000        1.0000000000        1.0000000000     3219.4850546003        0.0000000000        0.8869204367        0.1064304524        0.0000000000
       56.8367350000        1.0000000000        1.0000000000     1782.7440931881        0.0000000000        0.8869204367        0.1064304524        0.0000000000
       56.9387760000        1.0000000000        1.0000000000      768.9331511989        0.0000000000        0.8869204367        0.1064304524        0.0000000000
       57.0408160000        1.0000000000        1.0000000000      341.1856979575        0.0000000000        0.8869204367        0.1064304524        0.0000000000
       57.1428570000        1.0000000000        1.0000000000      190.3931038425        0.0000000000        0.8869204367        0.1064304524        0.0000000001
       57.2448980000        1.0000000000        1.0000000000      128.5941850318        0.0000000000        0.8869204367        0.1064304524        0.0000001987
       57.3469390000        1.0000000000        1.0000000000       96.1819433267        0.0000000000        0.8869204367        0.1064304524        0.0000097151
       57.4489800000        1.0000000000        1.0000000000       76.3079988036        0.0000000000        0.8869204367        0.1064304524        0.0001054831
       57.5510200000        1.0000000000        1.0000000000       63.0148756103        0.0000000000        0.8869204367        0.1064304524        0.0005199463
       57.6530610000        1.0000000000        1.0000000000       53.5992937257        0.0000000000        0.8869204367        0.1064304524        0.0016093655
       57.7551020000        1.0000000000        1.0000000000       46.6426438932        0.0000000000        0.8869204367        0.1064304524        0.0037085390
       57.8571430000        1.0000000000        1.0000000000       41.3315186340        0.0000000000        0.8869204367        0.1064304524        0.0070144552
       57.9591840000        1.0000000000        1.0000000000       37.1688515119        0.0000000000        0.8869204367        0.1064304524        0.0115593322
       58.0612240000        1.0000000000        1.0000000000       33.8355022726        0.0000000000        0.8869204367        0.1064304524        0.0172445303
       58.1632650000        1.0000000000        1.0000000000       31.1182951979        0.0000000000        0.8869204367        0.1064304524        0.0238923866
       58.2653060000        1.0000000000        1.0000000000       28.8706798029        0.0000000000        0.8869204367        0.1064304524        0.0312892223
       58.3673470000        1.0000000000        1.0000000000       26.9902231354        0.0000000000        0.8869204367        0.1064304524        0.0392098701
       58.4693880000        1.0000000000        1.0000000000       25.4078921726        0.0000000000        0.8869204367        0.1064304524        0.0474088167
       58.5714290000        1.0000000000        1.0000000000       24.1004856761        0.0000000000        0.8869204367        0.1064304524        0.0554619388
       58.6734690000        1.0000000000        1.0000000000       23.2113119168        0.0000000000        0.8869204367        0.1064304524        0.0617070291
       58.7755100000        1.0000000000        1.0000000000       23.4256440372        0.0000000000        0.8869204367        0.1064304524        0.0601401694
       58.8775510000        1.0000000000        1.0000000000       25.8579484997        0.0000000000        0.8869204367        0.1064304524        0.0449163315
       58.9795920000        1.0000000000        1.0000000000       29.5095878026        0.0000000000        0.8869204367        0.1064304524        0.0289799654
       59.0816330000        1.0000000000        1.0000000000       30.0552215963        0.0000000000        0.8869204367        0.1064304524        0.0271432579
       59.1836730000        1.0000000000        1.0000000000       26.0184666033        0.0000000000        0.8869204367        0.1064304524        0.0440594248
       59.2857140000        1.0000000000        1.0000000000       21.3622538225        0.0000000000        0.8869204367        0.1064304524        0.0770369225
       59.3877550000        1.0000000000        1.0000000000       18.7490054490        0.0000000000        0.8869204367        0.1064304524        0.1054118043
       59.4897960000        1.0000000000        1.0000000000       17.6090203871        0.0000000000        0.8869204367        0.1064304524        0.1208648323
       59.5918370000        1.0000000000        1.0000000000       16.9808492154        0.0000000000        0.8869204367        0.1064304524        0.1303278727
       59.6938780000        1.0000000000        1.0000000000       16.5051437017        0.0000000000        0.8869204367        0.1064304524        0.1379840412
       59.7959180000        1.0000000000        1.0000000000       16.0973023836        0.0000000000        0.8869204367        0.1064304524        0.1449050924
       59.8979590000        1.0000000000        1.0000000000       15.7342823432        0.0000000000        0.8869204367        0.1064304524        0.1513570171
       60.0000000000        1.0000000000        1.0000000000       15.4059111713        0.0000000000        0.8869204367        0.1064304524        0.1574402370
