       55.0000000000        1.0000000000        1.0000000000        8.0488529165        0.0000000000        0.8869204367        0.1064304524        0.3806548005
       55.1020410000        1.0000000000        1.0000000000        8.0491724054        0.0000000000        0.8869204367        0.1064304524        0.3806402070
       55.2040820000        1.0000000000        1.0000000000        8.0521100230        0.0000000000        0.8869204367        0.1064304524        0.3805060496
       55.3061220000        1.0000000000        1.0000000000        8.0622177598        0.0000000000        0.8869204367        0.1064304524        0.3800448028
       55.4081630000        1.0000000000        1.0000000000        8.1034860434        0.0000000000        0.8869204367        0.1064304524        0.3781673996
       55.5102040000        1.0000000000        1.0000000000        8.2817854927        0.0000000000        0.8869204367        0.1064304524        0.3701621008
       55.6122450000        1.0000000000        1.0000000000        8.8175243103        0.0000000000        0.8869204367        0.1064304524        0.3471136895
       55.7142860000        1.0000000000        1.0000000000        9.6471230921        0.0000000000        0.8869204367        0.1064304524        0.3142222405
       55.8163270000        1.0000000000        1.0000000000       10.0006612251        0.0000000000        0.8869204367        0.1064304524        0.3011703140
       55.9183670000        1.0000000000        1.0000000000        9.4385694577        0.0000000000        0.8869204367        0.1064304524        0.3221853316
       56.0204080000        1.0000000000        1.0000000000        8.6640700684        0.0000000000        0.8869204367        0.1064304524        0.3535648327
       56.1224490000        1.0000000000        1.0000000000        8.2619226184        0.0000000000        0.8869204367        0.1064304524        0.3710454511
       56.2244900000        1.0000000000        1.0000000000        8.1478909363        0.0000000000        0.8869204367        0.1064304524        0.3761576610
       56.3265310000        1.0000000000        1.0000000000        8.1310266145        0.0000000000        0.8869204367        0.1064304524        0.3769196690
       56.4285710000        1.0000000000        1.0000000000        8.1418018223        0.0000000000        0.8869204367        0.1064304524        0.3764326175
       56.5306120000        1.0000000000        1.0000000000        8.1671614147        0.0000000000        0.8869204367        0.1064304524        0.3752888174
       56.6326530000        1.0000000000        1.0000000000        8.2068482144        0.0000000000        0.8869204367        0.1064304524        0.3735057851
       56.7346940000        1.0000000000        1.0000000000        8.2643025577        0.0000000000        0.8869204367        0.1064304524        0.3709394983
       56.8367350000        1.0000000000        1.0000000000        8.3459048855        0.0000000000        0.8869204367        0.1064304524        0.3673248817
       56.9387760000        1.0000000000        1.0000000000        8.4621033136        0.0000000000        0.8869204367        0.1064304524        0.3622385169
       57.0408160000        1.0000000000        1.0000000000        8.6300489492        0.0000000000        0.8869204367        0.1064304524        0.3550112237
       57.1428570000        1.0000000000        1.0000000000        8.8789865353        0.0000000000        0.8869204367        0.1064304524        0.3445629818
       57.2448980000        1.0000000000        1.0000000000        9.2618104629        0.0000000000        0.8869204367        0.1064304524        0.3290922226
       57.3469390000        1.0000000000        1.0000000000        9.8829318925        0.0000000000        0.8869204367        0.1064304524        0.3054553005
       57.4489800000        1.0000000000        1.0000000000       10.9839032626        0.0000000000        0.8869204367        0.1064304524        0.2676518015
       57.5510200000        1.0000000000        1.0000000000       13.3434312397        0.0000000000        0.8869204367        0.1064304524        0.2016520183
       57.6530610000        1.0000000000        1.0000000000       20.5772958326        0.0000000000        0.8869204367        0.1064304524        0.0846461629
       57.7551020000        1.0000000000        1.0000000000       48.3442911078        0.0000000000        0.8869204367        0.1064304524        0.0030235763
       57.8571430000        1.0000000000        1.0000000000      133.9193023459        0.0000000000        0.8869204367        0.1064304524        0.0000001049
       57.9591840000        1.0000000000        1.0000000000      286.0033977540        0.0000000000        0.8869204367        0.1064304524        0.0000000000
       58.0612240000        1.0000000000        1.0000000000      390.5099461145        0.0000000000        0.8869204367        0.1064304524        0.0000000000
       58.1632650000        1.0000000000        1.0000000000      326.1109599084        0.0000000000        0.8869204367        0.1064304524        0.0000000000
       58.2653060000        1.0000000000        1.0000000000      173.8091072319        0.0000000000        0.8869204367        0.1064304524        0.0000000009
       58.3673470000        1.0000000000        1.0000000000       70.0649113849        0.0000000000        0.8869204367        0.1064304524        0.0002231226
       58.4693880000        1.0000000000        1.0000000000       31.1478642411        0.0000000000        0.8869204367        0.1064304524        0.0238077598
       58.5714290000        1.0000000000        1.0000000000       19.9158900664        0.0000000000        0.8869204367        0.1064304524        0.0916382234
       58.6734690000        1.0000000000        1.0000000000       16.2840958263        0.0000000000        0.8869204367        0.1064304524        0.1416931466
       58.7755100000        1.0000000000        1.0000000000       15.5946131578        0.0000000000        0.8869204367        0.1064304524        0.1539151844
       58.8775510000        1.0000000000        1.0000000000       17.7557713041        0.0000000000        0.8869204367        0.1064304524        0.1187550208
       58.9795920000        1.0000000000        1.0000000000       21.3676763051        0.0000000000        0.8869204367        0.1064304524        0.0769868111
       59.0816330000        1.0000000000        1.0000000000       21.9565562090        0.0000000000        0.8869204367        0.1064304524        0.0717342655
       59.1836730000        1.0000000000        1.0000000000       18.0602873954        0.0000000000        0.8869204367        0.1064304524        0.1144938136
       59.2857140000        1.0000000000        1.0000000000       13.6486336773        0.0000000000        0.8869204367        0.1064304524        0.1944002616
       59.3877550000        1.0000000000        1.0000000000       11.3242440461        0.0000000000        0.8869204367        0.1064304524        0.2569408733
       59.4897960000        1.0000000000        1.0000000000       10.4710066057        0.0000000000        0.8869204367        0.1064304524        0.2846426365
       59.5918370000        1.0000000000        1.0000000000       10.1161409507        0.0000000000        0.8869204367        0.1064304524        0.2970256103
       59.6938780000        1.0000000000        1.0000000000        9.9001937378        0.0000000000        0.8869204367        0.1064304524        0.3048232287
       59.7959180000        1.0000000000        1.0000000000        9.7389825815        0.0000000000        0.8869204367        0.1064304524        0.3107775457
       59.8979590000        1.0000000000        1.0000000000        9.6096703945        0.0000000000        0.8869204367        0.1064304524        0.3156376352
       60.0000000000        1.0000000000        1.0000000000        9.5023820763        0.0000000000        0.8869204367        0.1064304524        0.3197276149
