       55.0000000000        1.0000000000        1.0000000000       15.2913828357        0.0000000000        0.8869204367        0.1064304524        0.1596189383
       55.1020410000        1.0000000000        1.0000000000       16.5293211957        0.0000000000        0.8869204367        0.1064304524        0.1375842884
       55.2040820000        1.0000000000        1.0000000000       17.9641395862        0.0000000000        0.8869204367        0.1064304524        0.1158224632
       55.3061220000        1.0000000000        1.0000000000       19.6402650330        0.0000000000        0.8869204367        0.1064304524        0.0947198393
       55.4081630000        1.0000000000        1.0000000000       21.6329341098        0.0000000000        0.8869204367        0.1064304524        0.0745748401
       55.5102040000        1.0000000000        1.0000000000       24.1120965541        0.0000000000        0.8869204367        0.1064304524        0.0553847172
       55.6122450000        1.0000000000        1.0000000000       27.3655300108        0.0000000000        0.8869204367        0.1064304524        0.0374831567
       55.7142860000        1.0000000000        1.0000000000       31.3940471884        0.0000000000        0.8869204367        0.1064304524        0.0231147194
       55.8163270000        1.0000000000        1.0000000000       35.5546638071        0.0000000000        0.8869204367        0.1064304524        0.0140299681
       55.9183670000        1.0000000000        1.0000000000       39.6571189401        0.0000000000        0.8869204367        0.1064304524        0.0085754289
       56.0204080000        1.0000000000        1.0000000000       44.6956376078        0.0000000000        0.8869204367        0.1064304524        0.0046845917
       56.1224490000        1.0000000000        1.0000000000       51.5705439600        0.0000000000        0.8869204367        0.1064304524        0.0020529751
       56.2244900000        1.0000000000        1.0000000000       60.6573332098        0.0000000000        0.8869204367        0.1064304524        0.0006899579
       56.3265310000        1.0000000000        1.0000000000       72.4806688960        0.0000000000        0.8869204367        0.1064304524        0.0001669727
       56.4285710000        1.0000000000        1.0000000000       88.0615092217        0.0000000000        0.8869204367        0.1064304524        0.0000257421
       56.5306120000        1.0000000000        1.0000000000      109.0974152265        0.0000000000        0.8869204367        0.1064304524        0.0000020623
       56.6326530000        1.0000000000        1.0000000000      138.4036125766        0.0000000000        0.8869204367        0.1064304524        0.0000000612
       56.7346940000        1.0000000000        1.0000000000      180.9161035791        0.0000000000        0.8869204367        0.1064304524        0.0000000004
       56.8367350000        1.0000000000        1.0000000000      246.0643922133        0.0000000000        0.8869204367        0.1064304524        0.0000000000
       56.9387760000        1.0000000000        1.0000000000      354.3687525041        0.0000000000        0.8869204367        0.1064304524        0.0000000000
       57.0408160000        1.0000000000        1.0000000000      558.1794495339        0.0000000000        0.8869204367        0.1064304524        0.0000000000
       57.1428570000        1.0000000000        1.0000000000      998.8010872084        0.0000000000        0.8869204367        0.1064304524        0.0000000000
       57.2448980000        1.0000000000        1.0000000000     1979.2941095721        0.0000000000        0.8869204367        0.1064304524        0.0000000000
       57.3469390000        1.0000000000        1.0000000000     3810.9399026919        0.0000000000        0.8869204367        0.1064304524        0.0000000000
       57.4489800000        1.0000000000        1.0000000000     6188.3017997799        0.0000000000        0.8869204367        0.1064304524        0.0000000000
       57.5510200000        1.0000000000        1.0000000000     7739.5564367319        0.0000000000        0.8869204367        0.1064304524        0.0000000000
       57.6530610000        1.0000000000        1.0000000000     7137.6997179088        0.0000000000        0.8869204367        0.1064304524        0.0000000000
       57.7551020000        1.0000000000        1.0000000000     4886.9633042327        0.0000000000        0.8869204367        0.1064304524        0.0000000000
       57.8571430000        1.0000000000        1.0000000000     2700.7633949314        0.0000000000        0.8869204367        0.1064304524        0.0000000000
       57.9591840000        1.0000000000        1.0000000000     1413.6959840132        0.0000000000        0.8869204367        0.1064304524        0.0000000000
       58.0612240000        1.0000000000        1.0000000000      814.0570913399        0.0000000000        0.8869204367        0.1064304524        0.0000000000
       58.1632650000        1.0000000000        1.0000000000      533.8150195115        0.0000000000        0.8869204367        0.1064304524        0.0000000000
       58.2653060000        1.0000000000        1.0000000000      384.5511903977        0.0000000000        0.8869204367        0.1064304524        0.0000000000
       58.3673470000        1.0000000000        1.0000000000      294.2681252590        0.0000000000        0.8869204367        0.1064304524        0.0000000000
       58.4693880000        1.0000000000        1.0000000000      234.7070378270        0.0000000000        0.8869204367        0.1064304524        0.0000000000
       58.5714290000        1.0000000000        1.0000000000      193.0541576950        0.0000000000        0.8869204367        0.1064304524        0.0000000001
       58.6734690000        1.0000000000        1.0000000000      162.8223111647        0.0000000000        0.8869204367        0.1064304524        0.0000000033
       58.7755100000        1.0000000000        1.0000000000      140.9362507378        0.0000000000        0.8869204367        0.1064304524        0.0000000452
       58.8775510000        1.0000000000        1.0000000000      126.3214883209        0.0000000000        0.8869204367        0.1064304524        0.0000002610
       58.9795920000        1.0000000000        1.0000000000      116.7486836784        0.0000000000        0.8869204367        0.1064304524        0.0000008234
       59.0816330000        1.0000000000        1.0000000000      106.9585402341        0.0000000000        0.8869204367        0.1064304524        0.0000026658
       59.1836730000        1.0000000000        1.0000000000       94.4728570499        0.0000000000        0.8869204367        0.1064304524        0.0000119266
       59.2857140000        1.0000000000        1.0000000000       82.5894289656        0.0000000000        0.8869204367        0.1064304524        0.0000496391
       59.3877550000        1.0000000000        1.0000000000       73.7860860800        0.0000000000        0.8869204367        0.1064304524        0.0001427622
       59.4897960000        1.0000000000        1.0000000000       67.3966130848        0.0000000000        0.8869204367        0.1064304524        0.0003073284
       59.5918370000        1.0000000000        1.0000000000       62.3001477247        0.0000000000        0.8869204367        0.1064304524        0.0005665089
       59.6938780000        1.0000000000        1.0000000000       57.9838371380        0.0000000000        0.8869204367        0.1064304524        0.0009509392
       59.7959180000        1.0000000000        1.0000000000       54.2449441983        0.0000000000        0.8869204367        0.1064304524        0.0014893831
       59.8979590000        1.0000000000        1.0000000000       50.9707111339        0.0000000000        0.8869204367        0.1064304524        0.0022061964
       60.0000000000        1.0000000000        1.0000000000       48.0811786673        0.0000000000        0.8869204367        0.1064304524        0.0031205643
