       55.0000000000        1.0000000000        1.0000000000        7.2507760302        0.0000000000        0.8869204367        0.1064304524        0.4189125368
       55.1020410000        1.0000000000        1.0000000000        7.4141798458        0.0000000000        0.8869204367        0.1064304524        0.4107783183
       55.2040820000        1.0000000000        1.0000000000        7.6099913322        0.0000000000        0.8869204367        0.1064304524        0.4012386226
       55.3061220000        1.0000000000        1.0000000000        7.8491009701        0.0000000000        0.8869204367        0.1064304524        0.3898894208
       55.4081630000        1.0000000000        1.0000000000        8.1638581188        0.0000000000        0.8869204367        0.1064304524        0.3754376097
       55.5102040000        1.0000000000        1.0000000000        8.6704143908        0.0000000000        0.8869204367        0.1064304524        0.3532957596
       55.6122450000        1.0000000000        1.0000000000        9.5967100973        0.0000000000        0.8869204367        0.1064304524        0.3161289081
       55.7142860000        1.0000000000        1.0000000000       10.8797291666        0.0000000000        0.8869204367        0.1064304524        0.2710186883
       55.8163270000        1.0000000000        1.0000000000       11.7651775121        0.0000000000        0.8869204367        0.1064304524        0.2436990293
       55.9183670000        1.0000000000        1.0000000000       11.8652416790        0.0000000000        0.8869204367        0.1064304524        0.2407902632
       56.0204080000        1.0000000000        1.0000000000       11.9359265779        0.0000000000        0.8869204367        0.1064304524        0.2387564727
       56.1224490000        1.0000000000        1.0000000000       12.5997276989        0.0000000000        0.8869204367        0.1064304524        0.2204758037
       56.2244900000        1.0000000000        1.0000000000       13.8292196909        0.0000000000        0.8869204367        0.1064304524        0.1902328629
       56.3265310000        1.0000000000        1.0000000000       15.5310256728        0.0000000000        0.8869204367        0.1064304524        0.1550941262
       56.4285710000        1.0000000000        1.0000000000       17.7844884920        0.0000000000        0.8869204367        0.1064304524        0.1183464879
       56.5306120000        1.0000000000        1.0000000000       20.8057531969        0.0000000000        0.8869204367        0.1064304524        0.0823571185
       56.6326530000        1.0000000000        1.0000000000       24.9653049936        0.0000000000        0.8869204367        0.1064304524        0.0499947840
       56.7346940000        1.0000000000        1.0000000000       30.9059209186        0.0000000000        0.8869204367        0.1064304524        0.0245091071
       56.8367350000        1.0000000000        1.0000000000       39.8368001645        0.0000000000        0.8869204367        0.1064304524        0.0083925068
       56.9387760000        1.0000000000        1.0000000000       54.3958414714        0.0000000000        0.8869204367        0.1064304524        0.0014626565
       57.0408160000        1.0000000000        1.0000000000       82.2251605028        0.0000000000        0.8869204367        0.1064304524        0.0000518571
       57.1428570000        1.0000000000        1.0000000000      152.8092432949        0.0000000000        0.8869204367        0.1064304524        0.0000000109
       57.2448980000        1.0000000000        1.0000000000      369.0407447199        0.0000000000        0.8869204367        0.1064304524        0.0000000000
       57.3469390000        1.0000000000        1.0000000000      917.3533411320        0.0000000000        0.8869204367        0.1064304524        0.0000000000
       57.4489800000        1.0000000000        1.0000000000     1728.3937553100        0.0000000000        0.8869204367        0.1064304524        0.0000000000
       57.5510200000        1.0000000000        1.0000000000     2124.8106683706        0.0000000000        0.8869204367        0.1064304524        0.0000000000
       57.6530610000        1.0000000000        1.0000000000     1666.0950044734        0.0000000000        0.8869204367        0.1064304524        0.0000000000
       57.7551020000        1.0000000000        1.0000000000     1020.2075881522        0.0000000000        0.8869204367        0.1064304524        0.0000000000
       57.8571430000        1.0000000000        1.0000000000     1045.4814837380        0.0000000000        0.8869204367        0.1064304524        0.0000000000
       57.9591840000        1.0000000000        1.0000000000     1853.5662325845        0.0000000000        0.8869204367        0.1064304524        0.0000000000
       58.0612240000        1.0000000000        1.0000000000     2636.1957221882        0.0000000000        0.8869204367        0.1064304524        0.0000000000
       58.1632650000        1.0000000000        1.0000000000     2424.2011476395        0.0000000000        0.8869204367        0.1064304524        0.0000000000
       58.2653060000        1.0000000000        1.0000000000     1465.2895166264        0.0000000000        0.8869204367        0.1064304524        0.0000000000
       58.3673470000        1.0000000000        1.0000000000      665.8079862762        0.0000000000        0.8869204367        0.1064304524        0.0000000000
       58.4693880000        1.0000000000        1.0000000000      299.6914319048        0.0000000000        0.8869204367        0.1064304524        0.0000000000
       58.5714290000        1.0000000000        1.0000000000      169.3588306629        0.0000000000        0.8869204367        0.1064304524        0.0000000015
       58.6734690000        1.0000000000        1.0000000000      117.5452403443        0.0000000000        0.8869204367        0.1064304524        0.0000007483
       58.7755100000        1.0000000000        1.0000000000       91.5165304112        0.0000000000        0.8869204367        0.1064304524        0.0000170053
       58.8775510000        1.0000000000        1.0000000000       77.8591488120        0.0000000000        0.8869204367        0.1064304524        0.0000875677
       58.9795920000        1.0000000000        1.0000000000       70.8198934466        0.0000000000        0.8869204367        0.1064304524        0.0002037968
       59.0816330000        1.0000000000        1.0000000000       63.9142487461        0.0000000000        0.8869204367        0.1064304524        0.0004667532
       59.1836730000        1.0000000000        1.0000000000       54.3745452018        0.0000000000        0.8869204367        0.1064304524        0.0014663992
       59.2857140000        1.0000000000        1.0000000000       45.4230944410        0.0000000000        0.8869204367        0.1064304524        0.0042929921
       59.3877550000        1.0000000000        1.0000000000       39.3926019371        0.0000000000        0.8869204367        0.1064304524        0.0088519967
       59.4897960000        1.0000000000        1.0000000000       35.5228511806        0.0000000000        0.8869204367        0.1064304524        0.0140836301
       59.5918370000        1.0000000000        1.0000000000       32.6881769110        0.0000000000        0.8869204367        0.1064304524        0.0197899464
       59.6938780000        1.0000000000        1.0000000000       30.4012944055        0.0000000000        0.8869204367        0.1064304524        0.0260391181
       59.7959180000        1.0000000000        1.0000000000       28.4862975281        0.0000000000        0.8869204367        0.1064304524        0.0327662681
       59.8979590000        1.0000000000        1.0000000000       26.8545669448        0.0000000000        0.8869204367        0.1064304524        0.0398533810
       60.0000000000        1.0000000000        1.0000000000       25.4475823975        0.0000000000        0.8869204367        0.1064304524        0.0471835536
