       55.0000000000        1.0000000000        1.0000000000        7.7066016195        0.0000000000        0.8869204367        0.1064304524        0.3966138291
       55.1020410000        1.0000000000        1.0000000000        7.7853180109        0.0000000000        0.8869204367        0.1064304524        0.3928850666
       55.2040820000        1.0000000000        1.0000000000        7.8887686638        0.0000000000        0.8869204367        0.1064304524        0.3880379093
       55.3061220000        1.0000000000        1.0000000000        8.0284300082        0.0000000000        0.8869204367        0.1064304524        0.3815888339
       55.4081630000        1.0000000000        1.0000000000        8.2380404690        0.0000000000        0.8869204367        0.1064304524        0.3721103398
       55.5102040000        1.0000000000        1.0000000000        8.6370214275        0.0000000000        0.8869204367        0.1064304524        0.3547143110
       55.6122450000        1.0000000000        1.0000000000        9.4627175596        0.0000000000        0.8869204367        0.1064304524        0.3212530633
       55.7142860000        1.0000000000        1.0000000000       10.6726738527        0.0000000000        0.8869204367        0.1064304524        0.2778369461
       55.8163270000        1.0000000000        1.0000000000       11.5373182478        0.0000000000        0.8869204367        0.1064304524        0.2504544554
       55.9183670000        1.0000000000        1.0000000000       11.6950390695        0.0000000000        0.8869204367        0.1064304524        0.2457588058
       56.0204080000        1.0000000000        1.0000000000       11.9671668706        0.0000000000        0.8869204367        0.1064304524        0.2378630896
       56.1224490000        1.0000000000        1.0000000000       13.1280342923        0.0000000000        0.8869204367        0.1064304524        0.2069321918
       56.2244900000        1.0000000000        1.0000000000       15.4532482270        0.0000000000        0.8869204367        0.1064304524        0.1565484414
       56.3265310000        1.0000000000        1.0000000000       19.5321139291        0.0000000000        0.8869204367        0.1064304524        0.0959571375
       56.4285710000        1.0000000000        1.0000000000       27.4058889231        0.0000000000        0.8869204367        0.1064304524        0.0373020621
       56.5306120000        1.0000000000        1.0000000000       47.1992416284        0.0000000000        0.8869204367        0.1064304524        0.0034689303
       56.6326530000        1.0000000000        1.0000000000      114.7970144684        0.0000000000        0.8869204367        0.1064304524        0.0000010407
       56.7346940000        1.0000000000        1.0000000000      339.1122543476        0.0000000000        0.8869204367        0.1064304524        0.0000000000
       56.8367350000        1.0000000000        1.0000000000      829.6780887190        0.0000000000        0.8869204367        0.1064304524        0.0000000000
       56.9387760000        1.0000000000        1.0000000000     1344.2191321321        0.0000000000        0.8869204367        0.1064304524        0.0000000000
       57.0408160000        1.0000000000        1.0000000000     1339.5066296391        0.0000000000        0.8869204367        0.1064304524        0.0000000000
       57.1428570000        1.0000000000        1.0000000000      830.2254921019        0.0000000000        0.8869204367        0.1064304524        0.0000000000
       57.2448980000        1.0000000000        1.0000000000      355.6485561701        0.0000000000        0.8869204367        0.1064304524        0.0000000000
       57.3469390000        1.0000000000        1.0000000000      137.5451005122        0.0000000000        0.8869204367        0.1064304524        0.0000000679
       57.4489800000        1.0000000000        1.0000000000       67.8979376321        0.0000000000        0.8869204367        0.1064304524        0.0002893850
       57.5510200000        1.0000000000        1.0000000000       44.7433217293        0.0000000000        0.8869204367        0.1064304524        0.0046578626
       57.6530610000        1.0000000000        1.0000000000       34.2021184138        0.0000000000        0.8869204367        0.1064304524        0.0165023215
       57.7551020000        1.0000000000        1.0000000000       28.1147318667        0.0000000000        0.8869204367        0.1064304524        0.0342603070
       57.8571430000        1.0000000000        1.0000000000       24.1560006030        0.0000000000        0.8869204367        0.1064304524        0.0550936909
       57.9591840000        1.0000000000        1.0000000000       21.3985839608        0.0000000000        0.8869204367        0.1064304524        0.0767018021
       58.0612240000        1.0000000000        1.0000000000       19.3845385864        0.0000000000        0.8869204367        0.1064304524        0.0976715822
       58.1632650000        1.0000000000        1.0000000000       17.8604379027        0.0000000000        0.8869204367        0.1064304524        0.1172727866
       58.2653060000        1.0000000000        1.0000000000       16.6759329890        0.0000000000        0.8869204367        0.1064304524        0.1351848796
       58.3673470000        1.0000000000        1.0000000000       15.7381866962        0.0000000000        0.8869204367        0.1064304524        0.1512861196
       58.4693880000        1.0000000000        1.0000000000       14.9921031027        0.0000000000        0.8869204367        0.1064304524        0.1654556043
       58.5714290000        1.0000000000        1.0000000000       14.4295341334        0.0000000000        0.8869204367        0.1064304524        0.1770108771
       58.6734690000        1.0000000000        1.0000000000       14.2093054819        0.0000000000        0.8869204367        0.1064304524        0.1817511822
       58.7755100000        1.0000000000        1.0000000000       15.0293900533        0.0000000000        0.8869204367        0.1064304524        0.1647169379
       58.8775510000        1.0000000000        1.0000000000       17.9982913883        0.0000000000        0.8869204367        0.1064304524        0.1153487690
       58.9795920000        1.0000000000        1.0000000000       22.0874751608        0.0000000000        0.8869204367        0.1064304524        0.0706161068
       59.0816330000        1.0000000000        1.0000000000       22.9776760255        0.0000000000        0.8869204367        0.1064304524        0.0634615465
       59.1836730000        1.0000000000        1.0000000000       19.2650996300        0.0000000000        0.8869204367        0.1064304524        0.0990815574
       59.2857140000        1.0000000000        1.0000000000       14.9524530040        0.0000000000        0.8869204367        0.1064304524        0.1662447198
       59.3877550000        1.0000000000        1.0000000000       12.6761665074        0.0000000000        0.8869204367        0.1064304524        0.2184627016
       59.4897960000        1.0000000000        1.0000000000       11.8430686434        0.0000000000        0.8869204367        0.1064304524        0.2414318025
       59.5918370000        1.0000000000        1.0000000000       11.4911236950        0.0000000000        0.8869204367        0.1064304524        0.2518466664
       59.6938780000        1.0000000000        1.0000000000       11.2664413158        0.0000000000        0.8869204367        0.1064304524        0.2587292948
       59.7959180000        1.0000000000        1.0000000000       11.0885694956        0.0000000000        0.8869204367        0.1064304524        0.2643111320
       59.8979590000        1.0000000000        1.0000000000       10.9373194524        0.0000000000        0.8869204367        0.1064304524        0.2691521800
       60.0000000000        1.0000000000        1.0000000000       10.8046842489        0.0000000000        0.8869204367        0.1064304524        0.2734703398
