       55.0000000000        1.0000000000        1.0000000000        9.8992792468        0.0000000000        0.8869204367        0.1064304524        0.3048566815
       55.1020410000        1.0000000000        1.0000000000       10.4573434556        0.0000000000        0.8869204367        0.1064304524        0.2851097131
       55.2040820000        1.0000000000        1.0000000000       11.1053172873        0.0000000000        0.8869204367        0.1064304524        0.2637804701
       55.3061220000        1.0000000000        1.0000000000       11.8651333324        0.0000000000        0.8869204367        0.1064304524        0.2407933939
       55.4081630000        1.0000000000        1.0000000000       12.7831838866        0.0000000000        0.8869204367        0.1064304524        0.2156751224
       55.5102040000        1.0000000000        1.0000000000       13.9928943877        0.0000000000        0.8869204367        0.1064304524        0.1865329600
       55.6122450000        1.0000000000        1.0000000000       15.7394340267        0.0000000000        0.8869204367        0.1064304524        0.1512634768
       55.7142860000        1.0000000000        1.0000000000       17.9746016205        0.0000000000        0.8869204367        0.1064304524        0.1156771458
       55.8163270000        1.0000000000        1.0000000000       19.9759950606        0.0000000000        0.8869204367        0.1064304524        0.0909796515
       55.9183670000        1.0000000000        1.0000000000       21.4220957115        0.0000000000        0.8869204367        0.1064304524        0.0764856999
       56.0204080000        1.0000000000        1.0000000000       23.1426402778        0.0000000000        0.8869204367        0.1064304524        0.0622176328
       56.1224490000        1.0000000000        1.0000000000       25.8328253350        0.0000000000        0.8869204367        0.1064304524        0.0450519487
       56.2244900000        1.0000000000        1.0000000000       29.5691061892        0.0000000000        0.8869204367        0.1064304524        0.0287737219
       56.3265310000        1.0000000000        1.0000000000       34.4181143235        0.0000000000        0.8869204367        0.1064304524        0.0160800852
       56.4285710000        1.0000000000        1.0000000000       40.6952684533        0.0000000000        0.8869204367        0.1064304524        0.0075709841
       56.5306120000        1.0000000000        1.0000000000       48.9720892995        0.0000000000        0.8869204367        0.1064304524        0.0028041615
       56.6326530000        1.0000000000        1.0000000000       60.1770407542        0.0000000000        0.8869204367        0.1064304524        0.0007308920
       56.7346940000        1.0000000000        1.0000000000       75.8780086931        0.0000000000        0.8869204367        0.1064304524        0.0001110688
       56.8367350000        1.0000000000        1.0000000000       98.9333448978        0.0000000000        0.8869204367        0.1064304524        0.0000069832
       56.9387760000        1.0000000000        1.0000000000      135.2695002667        0.0000000000        0.8869204367        0.1064304524        0.0000000892
       57.0408160000        1.0000000000        1.0000000000      200.3398230102        0.0000000000        0.8869204367        0.1064304524        0.0000000000
       57.1428570000        1.0000000000        1.0000000000      345.0269823290        0.0000000000        0.8869204367        0.1064304524        0.0000000000
       57.2448980000        1.0000000000        1.0000000000      722.6947945831        0.0000000000        0.8869204367        0.1064304524        0.0000000000
       57.3469390000        1.0000000000        1.0000000000     1573.4599123276        0.0000000000        0.8869204367        0.1064304524        0.0000000000
       57.4489800000        1.0000000000        1.0000000000     2745.9026744216        0.0000000000        0.8869204367        0.1064304524        0.0000000000
       57.5510200000        1.0000000000        1.0000000000     3353.1377169219        0.0000000000        0.8869204367        0.1064304524        0.0000000000
       57.6530610000        1.0000000000        1.0000000000     3114.5339749519        0.0000000000        0.8869204367        0.1064304524        0.0000000000
       57.7551020000        1.0000000000        1.0000000000     3256.0701716810        0.0000000000        0.8869204367        0.1064304524        0.0000000000
       57.8571430000        1.0000000000        1.0000000000     4233.4133105805        0.0000000000        0.8869204367        0.1064304524        0.0000000000
       57.9591840000        1.0000000000        1.0000000000     4553.8772025993        0.0000000000        0.8869204367        0.1064304524        0.0000000000
       58.0612240000        1.0000000000        1.0000000000     3397.5933468964        0.0000000000        0.8869204367        0.1064304524        0.0000000000
       58.1632650000        1.0000000000        1.0000000000     1857.4375112424        0.0000000000        0.8869204367        0.1064304524        0.0000000000
       58.2653060000        1.0000000000        1.0000000000      899.7561646358        0.0000000000        0.8869204367        0.1064304524        0.0000000000
       58.3673470000        1.0000000000        1.0000000000      485.2408794510        0.0000000000        0.8869204367        0.1064304524        0.0000000000
       58.4693880000        1.0000000000        1.0000000000      312.8253518715        0.0000000000        0.8869204367        0.1064304524        0.0000000000
       58.5714290000        1.0000000000        1.0000000000      227.2406007189        0.0000000000        0.8869204367        0.1064304524        0.0000000000
       58.6734690000        1.0000000000        1.0000000000      176.7275904422        0.0000000000        0.8869204367        0.1064304524        0.0000000006
       58.7755100000        1.0000000000        1.0000000000      144.4068266539        0.0000000000        0.8869204367        0.1064304524        0.0000000298
       58.8775510000        1.0000000000        1.0000000000      124.1215189847        0.0000000000        0.8869204367        0.1064304524        0.0000003399
       58.9795920000        1.0000000000        1.0000000000      111.3802349789        0.0000000000        0.8869204367        0.1064304524        0.0000015681
       59.0816330000        1.0000000000        1.0000000000       99.8031283440        0.0000000000        0.8869204367        0.1064304524        0.0000062911
       59.1836730000        1.0000000000        1.0000000000       86.3591442589        0.0000000000        0.8869204367        0.1064304524        0.0000315765
       59.2857140000        1.0000000000        1.0000000000       74.0393075734        0.0000000000        0.8869204367        0.1064304524        0.0001384894
       59.3877550000        1.0000000000        1.0000000000       65.1132489967        0.0000000000        0.8869204367        0.1064304524        0.0004042044
       59.4897960000        1.0000000000        1.0000000000       58.7828500556        0.0000000000        0.8869204367        0.1064304524        0.0008639964
       59.5918370000        1.0000000000        1.0000000000       53.8523642448        0.0000000000        0.8869204367        0.1064304524        0.0015612262
       59.6938780000        1.0000000000        1.0000000000       49.7649660051        0.0000000000        0.8869204367        0.1064304524        0.0025496583
       59.7959180000        1.0000000000        1.0000000000       46.2900924808        0.0000000000        0.8869204367        0.1064304524        0.0038687992
       59.8979590000        1.0000000000        1.0000000000       43.2970180888        0.0000000000        0.8869204367        0.1064304524        0.0055406571
       60.0000000000        1.0000000000        1.0000000000       40.6941959923        0.0000000000        0.8869204367        0.1064304524        0.0075719586
