       55.0000000000        1.0000000000        1.0000000000        7.5083931810        0.0000000000        0.8869204367        0.1064304524        0.4061603764
       55.1020410000        1.0000000000        1.0000000000        7.5477464848        0.0000000000        0.8869204367        0.1064304524        0.4042468478
       55.2040820000        1.0000000000        1.0000000000        7.6006420906        0.0000000000        0.8869204367        0.1064304524        0.4016890284
       55.3061220000        1.0000000000        1.0000000000        7.6746351520        0.0000000000        0.8869204367        0.1064304524        0.3981381520
       55.4081630000        1.0000000000        1.0000000000        7.7978251039        0.0000000000        0.8869204367        0.1064304524        0.3922958469
       55.5102040000        1.0000000000        1.0000000000        8.0814498488        0.0000000000        0.8869204367        0.1064304524        0.3791687274
       55.6122450000        1.0000000000        1.0000000000        8.7510992845        0.0000000000        0.8869204367        0.1064304524        0.3498915904
       55.7142860000        1.0000000000        1.0000000000        9.7470042333        0.0000000000        0.8869204367        0.1064304524        0.3104785358
       55.8163270000        1.0000000000        1.0000000000       10.3105352912        0.0000000000        0.8869204367        0.1064304524        0.2901769891
       55.9183670000        1.0000000000        1.0000000000       10.0299734116        0.0000000000        0.8869204367        0.1064304524        0.3001128197
       56.0204080000        1.0000000000        1.0000000000        9.6422076131        0.0000000000        0.8869204367        0.1064304524        0.3144076415
       56.1224490000        1.0000000000        1.0000000000        9.7692449236        0.0000000000        0.8869204367        0.1064304524        0.3096510097
       56.2244900000        1.0000000000        1.0000000000       10.3867247185        0.0000000000        0.8869204367        0.1064304524        0.2875360699
       56.3265310000        1.0000000000        1.0000000000       11.4081439664        0.0000000000        0.8869204367        0.1064304524        0.2543669738
       56.4285710000        1.0000000000        1.0000000000       12.9452989065        0.0000000000        0.8869204367        0.1064304524        0.2115199690
       56.5306120000        1.0000000000        1.0000000000       15.3191734516        0.0000000000        0.8869204367        0.1064304524        0.1590875158
       56.6326530000        1.0000000000        1.0000000000       19.2092324422        0.0000000000        0.8869204367        0.1064304524        0.0997480380
       56.7346940000        1.0000000000        1.0000000000       26.2883701844        0.0000000000        0.8869204367        0.1064304524        0.0426552711
       56.8367350000        1.0000000000        1.0000000000       42.4172241604        0.0000000000        0.8869204367        0.1064304524        0.0061576079
       56.9387760000        1.0000000000        1.0000000000       93.9439700410        0.0000000000        0.8869204367        0.1064304524        0.0000127080
       57.0408160000        1.0000000000        1.0000000000      273.9235048726        0.0000000000        0.8869204367        0.1064304524        0.0000000000
       57.1428570000        1.0000000000        1.0000000000      727.9742883733        0.0000000000        0.8869204367        0.1064304524        0.0000000000
       57.2448980000        1.0000000000        1.0000000000     1333.8884881604        0.0000000000        0.8869204367        0.1064304524        0.0000000000
       57.3469390000        1.0000000000        1.0000000000     1524.9469996912        0.0000000000        0.8869204367        0.1064304524        0.0000000000
       57.4489800000        1.0000000000        1.0000000000     1076.8099159866        0.0000000000        0.8869204367        0.1064304524        0.0000000000
       57.5510200000        1.0000000000        1.0000000000      505.0538540209        0.0000000000        0.8869204367        0.1064304524        0.0000000000
       57.6530610000        1.0000000000        1.0000000000      194.1223652019        0.0000000000        0.8869204367        0.1064304524        0.0000000001
       57.7551020000        1.0000000000        1.0000000000       87.2051208341        0.0000000000        0.8869204367        0.1064304524        0.0000285283
       57.8571430000        1.0000000000        1.0000000000       53.3877952551        0.0000000000        0.8869204367        0.1064304524        0.0016507337
       57.9591840000        1.0000000000        1.0000000000       39.3542316882        0.0000000000        0.8869204367        0.1064304524        0.0088928491
       58.0612240000        1.0000000000        1.0000000000       31.6585815594        0.0000000000        0.8869204367        0.1064304524        0.0223924868
       58.1632650000        1.0000000000        1.0000000000       26.7846868362        0.0000000000        0.8869204367        0.1064304524        0.0401889812
       58.2653060000        1.0000000000        1.0000000000       23.4498597163        0.0000000000        0.8869204367        0.1064304524        0.0599656629
       58.3673470000        1.0000000000        1.0000000000       21.0503295213        0.0000000000        0.8869204367        0.1064304524        0.0799751320
       58.4693880000        1.0000000000        1.0000000000       19.2664503743        0.0000000000        0.8869204367        0.1064304524        0.0990654987
       58.5714290000        1.0000000000        1.0000000000       17.9410207217        0.0000000000        0.8869204367        0.1064304524        0.1161442313
       58.6734690000        1.0000000000        1.0000000000       17.1432928502        0.0000000000        0.8869204367        0.1064304524        0.1278119620
       58.7755100000        1.0000000000        1.0000000000       17.5150448170        0.0000000000        0.8869204367        0.1064304524        0.1222355476
       58.8775510000        1.0000000000        1.0000000000       20.1313468454        0.0000000000        0.8869204367        0.1064304524        0.0892993008
       58.9795920000        1.0000000000        1.0000000000       23.9465112485        0.0000000000        0.8869204367        0.1064304524        0.0564962311
       59.0816330000        1.0000000000        1.0000000000       24.6241495853        0.0000000000        0.8869204367        0.1064304524        0.0520839755
       59.1836730000        1.0000000000        1.0000000000       20.7351775458        0.0000000000        0.8869204367        0.1064304524        0.0830575693
       59.2857140000        1.0000000000        1.0000000000       16.2667094671        0.0000000000        0.8869204367        0.1064304524        0.1419890785
       59.3877550000        1.0000000000        1.0000000000       13.8546015144        0.0000000000        0.8869204367        0.1064304524        0.1896543296
       59.4897960000        1.0000000000        1.0000000000       12.9060807247        0.0000000000        0.8869204367        0.1064304524        0.2125177665
       59.5918370000        1.0000000000        1.0000000000       12.4560548099        0.0000000000        0.8869204367        0.1064304524        0.2243099278
       59.6938780000        1.0000000000        1.0000000000       12.1471646367        0.0000000000        0.8869204367        0.1064304524        0.2327804006
       59.7959180000        1.0000000000        1.0000000000       11.8963104834        0.0000000000        0.8869204367        0.1064304524        0.2398942068
       59.8979590000        1.0000000000        1.0000000000       11.6813261014        0.0000000000        0.8869204367        0.1064304524        0.2461635486
       60.0000000000        1.0000000000        1.0000000000       11.4926746311        0.0000000000        0.8869204367        0.1064304524        0.2517997990
