       55.0000000000        1.0000000000        1.0000000000        7.9508698566        0.0000000000        0.8869204367        0.1064304524        0.3851569433
       55.1020410000        1.0000000000        1.0000000000        8.2374405587        0.0000000000        0.8869204367        0.1064304524        0.3721371287
       55.2040820000        1.0000000000        1.0000000000        8.5709130584        0.0000000000        0.8869204367        0.1064304524        0.3575394522
       55.3061220000        1.0000000000        1.0000000000        8.9642192071        0.0000000000        0.8869204367        0.1064304524        0.3410567802
       55.4081630000        1.0000000000        1.0000000000        9.4521916856        0.0000000000        0.8869204367        0.1064304524        0.3216590960
       55.5102040000        1.0000000000        1.0000000000       10.1536940606        0.0000000000        0.8869204367        0.1064304524        0.2956901134
       55.6122450000        1.0000000000        1.0000000000       11.2976626734        0.0000000000        0.8869204367        0.1064304524        0.2577617628
       55.7142860000        1.0000000000        1.0000000000       12.8185894777        0.0000000000        0.8869204367        0.1064304524        0.2147607336
       55.8163270000        1.0000000000        1.0000000000       13.9637379688        0.0000000000        0.8869204367        0.1064304524        0.1871867390
       55.9183670000        1.0000000000        1.0000000000       14.3573685611        0.0000000000        0.8869204367        0.1064304524        0.1785504245
       56.0204080000        1.0000000000        1.0000000000       14.7634913956        0.0000000000        0.8869204367        0.1064304524        0.1700574484
       56.1224490000        1.0000000000        1.0000000000       15.8003736253        0.0000000000        0.8869204367        0.1064304524        0.1501613592
       56.2244900000        1.0000000000        1.0000000000       17.4326205976        0.0000000000        0.8869204367        0.1064304524        0.1234505668
       56.3265310000        1.0000000000        1.0000000000       19.5547914415        0.0000000000        0.8869204367        0.1064304524        0.0956963642
       56.4285710000        1.0000000000        1.0000000000       22.2193262111        0.0000000000        0.8869204367        0.1064304524        0.0695076024
       56.5306120000        1.0000000000        1.0000000000       25.5828175004        0.0000000000        0.8869204367        0.1064304524        0.0464240284
       56.6326530000        1.0000000000        1.0000000000       29.8872011632        0.0000000000        0.8869204367        0.1064304524        0.0276960870
       56.7346940000        1.0000000000        1.0000000000       35.4927737452        0.0000000000        0.8869204367        0.1064304524        0.0141345539
       56.8367350000        1.0000000000        1.0000000000       42.9499750473        0.0000000000        0.8869204367        0.1064304524        0.0057762707
       56.9387760000        1.0000000000        1.0000000000       53.1330847774        0.0000000000        0.8869204367        0.1064304524        0.0017019678
       57.0408160000        1.0000000000        1.0000000000       67.5012174554        0.0000000000        0.8869204367        0.1064304524        0.0003034948
       57.1428570000        1.0000000000        1.0000000000       88.6536208851        0.0000000000        0.8869204367        0.1064304524        0.0000239765
       57.2448980000        1.0000000000        1.0000000000      121.6708840221        0.0000000000        0.8869204367        0.1064304524        0.0000004561
       57.3469390000        1.0000000000        1.0000000000      178.0584785290        0.0000000000        0.8869204367        0.1064304524        0.0000000005
       57.4489800000        1.0000000000        1.0000000000      289.7603520415        0.0000000000        0.8869204367        0.1064304524        0.0000000000
       57.5510200000        1.0000000000        1.0000000000      557.8939885209        0.0000000000        0.8869204367        0.1064304524        0.0000000000
       57.6530610000        1.0000000000        1.0000000000     1249.6190347844        0.0000000000        0.8869204367        0.1064304524        0.0000000000
       57.7551020000        1.0000000000        1.0000000000     2707.3453759369        0.0000000000        0.8869204367        0.1064304524        0.0000000000
       57.8571430000        1.0000000000        1.0000000000     4638.3121508842        0.0000000000        0.8869204367        0.1064304524        0.0000000000
       57.9591840000        1.0000000000        1.0000000000     5668.3870859694        0.0000000000        0.8869204367        0.1064304524        0.0000000000
       58.0612240000        1.0000000000        1.0000000000     4859.2158227333        0.0000000000        0.8869204367        0.1064304524        0.0000000000
       58.1632650000        1.0000000000        1.0000000000     3037.0347560322        0.0000000000        0.8869204367        0.1064304524        0.0000000000
       58.2653060000        1.0000000000        1.0000000000     1530.6199560994        0.0000000000        0.8869204367        0.1064304524        0.0000000000
       58.3673470000        1.0000000000        1.0000000000      742.4923656953        0.0000000000        0.8869204367        0.1064304524        0.0000000000
       58.4693880000        1.0000000000        1.0000000000      412.6925532850        0.0000000000        0.8869204367        0.1064304524        0.0000000000
       58.5714290000        1.0000000000        1.0000000000      270.4273397782        0.0000000000        0.8869204367        0.1064304524        0.0000000000
       58.6734690000        1.0000000000        1.0000000000      197.2738704608        0.0000000000        0.8869204367        0.1064304524        0.0000000001
       58.7755100000        1.0000000000        1.0000000000      154.2359710605        0.0000000000        0.8869204367        0.1064304524        0.0000000092
       58.8775510000        1.0000000000        1.0000000000      128.2646746520        0.0000000000        0.8869204367        0.1064304524        0.0000002067
       58.9795920000        1.0000000000        1.0000000000      112.3068522770        0.0000000000        0.8869204367        0.1064304524        0.0000014031
       59.0816330000        1.0000000000        1.0000000000       98.8354523579        0.0000000000        0.8869204367        0.1064304524        0.0000070657
       59.1836730000        1.0000000000        1.0000000000       84.2621614305        0.0000000000        0.8869204367        0.1064304524        0.0000406115
       59.2857140000        1.0000000000        1.0000000000       71.2789840224        0.0000000000        0.8869204367        0.1064304524        0.0001928731
       59.3877550000        1.0000000000        1.0000000000       61.9752908907        0.0000000000        0.8869204367        0.1064304524        0.0005890291
       59.4897960000        1.0000000000        1.0000000000       55.4440492971        0.0000000000        0.8869204367        0.1064304524        0.0012897770
       59.5918370000        1.0000000000        1.0000000000       50.4246768963        0.0000000000        0.8869204367        0.1064304524        0.0023555967
       59.6938780000        1.0000000000        1.0000000000       46.3204984034        0.0000000000        0.8869204367        0.1064304524        0.0038547088
       59.7959180000        1.0000000000        1.0000000000       42.8753342964        0.0000000000        0.8869204367        0.1064304524        0.0058282406
       59.8979590000        1.0000000000        1.0000000000       39.9416427792        0.0000000000        0.8869204367        0.1064304524        0.0082875811
       60.0000000000        1.0000000000        1.0000000000       37.4167044221        0.0000000000        0.8869204367        0.1064304524        0.0112205930
