       55.0000000000        1.0000000000        1.0000000000        7.6400321118        0.0000000000        0.8869204367        0.1064304524        0.3997948040
       55.1020410000        1.0000000000        1.0000000000        7.8525944375        0.0000000000        0.8869204367        0.1064304524        0.3897260072
       55.2040820000        1.0000000000        1.0000000000        8.1098272814        0.0000000000        0.8869204367        0.1064304524        0.3778797432
       55.3061220000        1.0000000000        1.0000000000        8.4261193720        0.0000000000        0.8869204367        0.1064304524        0.3638060712
       55.4081630000        1.0000000000        1.0000000000        8.8385012732        0.0000000000        0.8869204367        0.1064304524        0.3462410214
       55.5102040000        1.0000000000        1.0000000000        9.4694187858        0.0000000000        0.8869204367        0.1064304524        0.3209948324
       55.6122450000        1.0000000000        1.0000000000       10.5552324282        0.0000000000        0.8869204367        0.1064304524        0.2817802150
       55.7142860000        1.0000000000        1.0000000000       12.0443007331        0.0000000000        0.8869204367        0.1064304524        0.2356715718
       55.8163270000        1.0000000000        1.0000000000       13.1989791853        0.0000000000        0.8869204367        0.1064304524        0.2051779757
       55.9183670000        1.0000000000        1.0000000000       13.6561136739        0.0000000000        0.8869204367        0.1064304524        0.1942258463
       56.0204080000        1.0000000000        1.0000000000       14.2072245883        0.0000000000        0.8869204367        0.1064304524        0.1817965725
       56.1224490000        1.0000000000        1.0000000000       15.5274431274        0.0000000000        0.8869204367        0.1064304524        0.1551608163
       56.2244900000        1.0000000000        1.0000000000       17.6701284951        0.0000000000        0.8869204367        0.1064304524        0.1199817754
       56.3265310000        1.0000000000        1.0000000000       20.6716239296        0.0000000000        0.8869204367        0.1064304524        0.0836934239
       56.4285710000        1.0000000000        1.0000000000       24.8269689467        0.0000000000        0.8869204367        0.1064304524        0.0508316405
       56.5306120000        1.0000000000        1.0000000000       30.7292674635        0.0000000000        0.8869204367        0.1064304524        0.0250342073
       56.6326530000        1.0000000000        1.0000000000       39.4509795710        0.0000000000        0.8869204367        0.1064304524        0.0087902023
       56.7346940000        1.0000000000        1.0000000000       53.0633025241        0.0000000000        0.8869204367        0.1064304524        0.0017162797
       56.8367350000        1.0000000000        1.0000000000       76.1439205596        0.0000000000        0.8869204367        0.1064304524        0.0001075806
       56.9387760000        1.0000000000        1.0000000000      121.5280961183        0.0000000000        0.8869204367        0.1064304524        0.0000004640
       57.0408160000        1.0000000000        1.0000000000      235.1382364714        0.0000000000        0.8869204367        0.1064304524        0.0000000000
       57.1428570000        1.0000000000        1.0000000000      572.3777383913        0.0000000000        0.8869204367        0.1064304524        0.0000000000
       57.2448980000        1.0000000000        1.0000000000     1440.0220234682        0.0000000000        0.8869204367        0.1064304524        0.0000000000
       57.3469390000        1.0000000000        1.0000000000     2845.0536466997        0.0000000000        0.8869204367        0.1064304524        0.0000000000
       57.4489800000        1.0000000000        1.0000000000     3796.1472125286        0.0000000000        0.8869204367        0.1064304524        0.0000000000
       57.5510200000        1.0000000000        1.0000000000     3270.7861656270        0.0000000000        0.8869204367        0.1064304524        0.0000000000
       57.6530610000        1.0000000000        1.0000000000     1887.6697593752        0.0000000000        0.8869204367        0.1064304524        0.0000000000
       57.7551020000        1.0000000000        1.0000000000      839.5629654720        0.0000000000        0.8869204367        0.1064304524        0.0000000000
       57.8571430000        1.0000000000        1.0000000000      372.2403853966        0.0000000000        0.8869204367        0.1064304524        0.0000000000
       57.9591840000        1.0000000000        1.0000000000      203.4669819939        0.0000000000        0.8869204367        0.1064304524        0.0000000000
       58.0612240000        1.0000000000        1.0000000000      135.1711981794        0.0000000000        0.8869204367        0.1064304524        0.0000000903
       58.1632650000        1.0000000000        1.0000000000      100.1657229986        0.0000000000        0.8869204367        0.1064304524        0.0000060232
       58.2653060000        1.0000000000        1.0000000000       79.0210483865        0.0000000000        0.8869204367        0.1064304524        0.0000761713
       58.3673470000        1.0000000000        1.0000000000       64.9954181037        0.0000000000        0.8869204367        0.1064304524        0.0004099603
       58.4693880000        1.0000000000        1.0000000000       55.1247260816        0.0000000000        0.8869204367        0.1064304524        0.0013401588
       58.5714290000        1.0000000000        1.0000000000       47.9082013140        0.0000000000        0.8869204367        0.1064304524        0.0031860156
       58.6734690000        1.0000000000        1.0000000000       42.6580000028        0.0000000000        0.8869204367        0.1064304524        0.0059822412
       58.7755100000        1.0000000000        1.0000000000       39.5611390419        0.0000000000        0.8869204367        0.1064304524        0.0086747681
       58.8775510000        1.0000000000        1.0000000000       39.4321708470        0.0000000000        0.8869204367        0.1064304524        0.0088100646
       58.9795920000        1.0000000000        1.0000000000       41.1004285302        0.0000000000        0.8869204367        0.1064304524        0.0072116939
       59.0816330000        1.0000000000        1.0000000000       40.1023585408        0.0000000000        0.8869204367        0.1064304524        0.0081292791
       59.1836730000        1.0000000000        1.0000000000       34.8074874284        0.0000000000        0.8869204367        0.1064304524        0.0153460297
       59.2857140000        1.0000000000        1.0000000000       29.0783411246        0.0000000000        0.8869204367        0.1064304524        0.0305191497
       59.3877550000        1.0000000000        1.0000000000       25.5518153186        0.0000000000        0.8869204367        0.1064304524        0.0465970596
       59.4897960000        1.0000000000        1.0000000000       23.6441316520        0.0000000000        0.8869204367        0.1064304524        0.0585838746
       59.5918370000        1.0000000000        1.0000000000       22.3688269307        0.0000000000        0.8869204367        0.1064304524        0.0682717488
       59.6938780000        1.0000000000        1.0000000000       21.3424398797        0.0000000000        0.8869204367        0.1064304524        0.0772203091
       59.7959180000        1.0000000000        1.0000000000       20.4618716063        0.0000000000        0.8869204367        0.1064304524        0.0858267463
       59.8979590000        1.0000000000        1.0000000000       19.6900522084        0.0000000000        0.8869204367        0.1064304524        0.0941556265
       60.0000000000        1.0000000000        1.0000000000       19.0059054413        0.0000000000        0.8869204367        0.1064304524        0.1022117484
