       55.0000000000        1.0000000000        1.0000000000        9.0963925322        0.0000000000        0.8869204367        0.1064304524        0.3356900202
       55.1020410000        1.0000000000        1.0000000000        9.1000825118        0.0000000000        0.8869204367        0.1064304524        0.3355414104
       55.2040820000        1.0000000000        1.0000000000        9.1104575207        0.0000000000        0.8869204367        0.1064304524        0.3351239209
       55.3061220000        1.0000000000        1.0000000000        9.1331299017        0.0000000000        0.8869204367        0.1064304524        0.3342133932
       55.4081630000        1.0000000000        1.0000000000        9.1935127493        0.0000000000        0.8869204367        0.1064304524        0.3318004550
       55.5102040000        1.0000000000        1.0000000000        9.3992973227        0.0000000000        0.8869204367        0.1064304524        0.3237072637
       55.6122450000        1.0000000000        1.0000000000        9.9725653578        0.0000000000        0.8869204367        0.1064304524        0.3021874246
       55.7142860000        1.0000000000        1.0000000000       10.8507810934        0.0000000000        0.8869204367        0.1064304524        0.2719617816
       55.8163270000        1.0000000000        1.0000000000       11.2674721984        0.0000000000        0.8869204367        0.1064304524        0.2586972904
       55.9183670000        1.0000000000        1.0000000000       10.7920076992        0.0000000000        0.8869204367        0.1064304524        0.2738866556
       56.0204080000        1.0000000000        1.0000000000       10.1379486278        0.0000000000        0.8869204367        0.1064304524        0.2962493338
       56.1224490000        1.0000000000        1.0000000000        9.9004094244        0.0000000000        0.8869204367        0.1064304524        0.3048153392
       56.2244900000        1.0000000000        1.0000000000       10.0112577283        0.0000000000        0.8869204367        0.1064304524        0.3007875951
       56.3265310000        1.0000000000        1.0000000000       10.3069647753        0.0000000000        0.8869204367        0.1064304524        0.2903013455
       56.4285710000        1.0000000000        1.0000000000       10.7633295538        0.0000000000        0.8869204367        0.1064304524        0.2748308266
       56.5306120000        1.0000000000        1.0000000000       11.4454645002        0.0000000000        0.8869204367        0.1064304524        0.2532303475
       56.6326530000        1.0000000000        1.0000000000       12.4980764568        0.0000000000        0.8869204367        0.1064304524        0.2231816702
       56.7346940000        1.0000000000        1.0000000000       14.2230847111        0.0000000000        0.8869204367        0.1064304524        0.1814509036
       56.8367350000        1.0000000000        1.0000000000       17.3823180648        0.0000000000        0.8869204367        0.1064304524        0.1241980056
       56.9387760000        1.0000000000        1.0000000000       24.8447781487        0.0000000000        0.8869204367        0.1064304524        0.0507231240
       57.0408160000        1.0000000000        1.0000000000       50.4986469587        0.0000000000        0.8869204367        0.1064304524        0.0023347799
       57.1428570000        1.0000000000        1.0000000000      144.6109270457        0.0000000000        0.8869204367        0.1064304524        0.0000000291
       57.2448980000        1.0000000000        1.0000000000      383.1381078704        0.0000000000        0.8869204367        0.1064304524        0.0000000000
       57.3469390000        1.0000000000        1.0000000000      690.6768335810        0.0000000000        0.8869204367        0.1064304524        0.0000000000
       57.4489800000        1.0000000000        1.0000000000      766.8405001468        0.0000000000        0.8869204367        0.1064304524        0.0000000000
       57.5510200000        1.0000000000        1.0000000000      521.8750872350        0.0000000000        0.8869204367        0.1064304524        0.0000000000
       57.6530610000        1.0000000000        1.0000000000      237.6273317613        0.0000000000        0.8869204367        0.1064304524        0.0000000000
       57.7551020000        1.0000000000        1.0000000000       93.8400374672        0.0000000000        0.8869204367        0.1064304524        0.0000128675
       57.8571430000        1.0000000000        1.0000000000       48.4886059503        0.0000000000        0.8869204367        0.1064304524        0.0029716655
       57.9591840000        1.0000000000        1.0000000000       36.1265462186        0.0000000000        0.8869204367        0.1064304524        0.0130994433
       58.0612240000        1.0000000000        1.0000000000       32.8322609339        0.0000000000        0.8869204367        0.1064304524        0.0194507177
       58.1632650000        1.0000000000        1.0000000000       33.4517235891        0.0000000000        0.8869204367        0.1064304524        0.0180572713
       58.2653060000        1.0000000000        1.0000000000       37.5733305087        0.0000000000        0.8869204367        0.1064304524        0.0110116700
       58.3673470000        1.0000000000        1.0000000000       47.0940522991        0.0000000000        0.8869204367        0.1064304524        0.0035129952
       58.4693880000        1.0000000000        1.0000000000       69.5858241962        0.0000000000        0.8869204367        0.1064304524        0.0002363259
       58.5714290000        1.0000000000        1.0000000000      137.1538785142        0.0000000000        0.8869204367        0.1064304524        0.0000000712
       58.6734690000        1.0000000000        1.0000000000      361.0183602819        0.0000000000        0.8869204367        0.1064304524        0.0000000000
       58.7755100000        1.0000000000        1.0000000000      930.9593817469        0.0000000000        0.8869204367        0.1064304524        0.0000000000
       58.8775510000        1.0000000000        1.0000000000     1757.2022009947        0.0000000000        0.8869204367        0.1064304524        0.0000000000
       58.9795920000        1.0000000000        1.0000000000     2150.4842259002        0.0000000000        0.8869204367        0.1064304524        0.0000000000
       59.0816330000        1.0000000000        1.0000000000     1666.1924261966        0.0000000000        0.8869204367        0.1064304524        0.0000000000
       59.1836730000        1.0000000000        1.0000000000      861.3694558956        0.0000000000        0.8869204367        0.1064304524        0.0000000000
       59.2857140000        1.0000000000        1.0000000000      352.2974476716        0.0000000000        0.8869204367        0.1064304524        0.0000000000
       59.3877550000        1.0000000000        1.0000000000      154.9123887268        0.0000000000        0.8869204367        0.1064304524        0.0000000084
       59.4897960000        1.0000000000        1.0000000000       89.7469888699        0.0000000000        0.8869204367        0.1064304524        0.0000210284
       59.5918370000        1.0000000000        1.0000000000       63.7456420345        0.0000000000        0.8869204367        0.1064304524        0.0004762931
       59.6938780000        1.0000000000        1.0000000000       50.0977108829        0.0000000000        0.8869204367        0.1064304524        0.0024498578
       59.7959180000        1.0000000000        1.0000000000       41.6558898021        0.0000000000        0.8869204367        0.1064304524        0.0067466663
       59.8979590000        1.0000000000        1.0000000000       35.9464153093        0.0000000000        0.8869204367        0.1064304524        0.0133856795
       60.0000000000        1.0000000000        1.0000000000       31.8569096890        0.0000000000        0.8869204367        0.1064304524        0.0218658513
