       55.0000000000        1.0000000000        1.0000000000       14.1424852522        0.0000000000        0.8869204367        0.1064304524        0.1832143994
       55.1020410000        1.0000000000        1.0000000000       15.2906430375        0.0000000000        0.8869204367        0.1064304524        0.1596331092
       55.2040820000        1.0000000000        1.0000000000       16.7593708598        0.0000000000        0.8869204367        0.1064304524        0.1338380887
       55.3061220000        1.0000000000        1.0000000000       18.6702137080        0.0000000000        0.8869204367        0.1064304524        0.1064132005
       55.4081630000        1.0000000000        1.0000000000       21.2223330171        0.0000000000        0.8869204367        0.1064304524        0.0783413309
       55.5102040000        1.0000000000        1.0000000000       24.7899496515        0.0000000000        0.8869204367        0.1064304524        0.0510579530
       55.6122450000        1.0000000000        1.0000000000       30.0103387892        0.0000000000        0.8869204367        0.1064304524        0.0272898442
       55.7142860000        1.0000000000        1.0000000000       37.5042314109        0.0000000000        0.8869204367        0.1064304524        0.0111033572
       55.8163270000        1.0000000000        1.0000000000       47.7928780845        0.0000000000        0.8869204367        0.1064304524        0.0032304127
       55.9183670000        1.0000000000        1.0000000000       63.0688609012        0.0000000000        0.8869204367        0.1064304524        0.0005165888
       56.0204080000        1.0000000000        1.0000000000       90.1117908755        0.0000000000        0.8869204367        0.1064304524        0.0000201277
       56.1224490000        1.0000000000        1.0000000000      147.7624743062        0.0000000000        0.8869204367        0.1064304524        0.0000000199
       56.2244900000        1.0000000000        1.0000000000      302.6152396816        0.0000000000        0.8869204367        0.1064304524        0.0000000000
       56.3265310000        1.0000000000        1.0000000000      764.1344882842        0.0000000000        0.8869204367        0.1064304524        0.0000000000
       56.4285710000        1.0000000000        1.0000000000     1856.3633692143        0.0000000000        0.8869204367        0.1064304524        0.0000000000
       56.5306120000        1.0000000000        1.0000000000     3359.1757481119        0.0000000000        0.8869204367        0.1064304524        0.0000000000
       56.6326530000        1.0000000000        1.0000000000     3993.8956976872        0.0000000000        0.8869204367        0.1064304524        0.0000000000
       56.7346940000        1.0000000000        1.0000000000     3051.0138576364        0.0000000000        0.8869204367        0.1064304524        0.0000000000
       56.8367350000        1.0000000000        1.0000000000     1594.8462406446        0.0000000000        0.8869204367        0.1064304524        0.0000000000
       56.9387760000        1.0000000000        1.0000000000      681.6081470012        0.0000000000        0.8869204367        0.1064304524        0.0000000000
       57.0408160000        1.0000000000        1.0000000000      316.2799814409        0.0000000000        0.8869204367        0.1064304524        0.0000000000
       57.1428570000        1.0000000000        1.0000000000      185.5303179052        0.0000000000        0.8869204367        0.1064304524        0.0000000002
       57.2448980000        1.0000000000        1.0000000000      129.0550671755        0.0000000000        0.8869204367        0.1064304524        0.0000001880
       57.3469390000        1.0000000000        1.0000000000       98.3064834281        0.0000000000        0.8869204367        0.1064304524        0.0000075288
       57.4489800000        1.0000000000        1.0000000000       79.0785877447        0.0000000000        0.8869204367        0.1064304524        0.0000756472
       57.5510200000        1.0000000000        1.0000000000       66.0602084064        0.0000000000        0.8869204367        0.1064304524        0.0003607862
       57.6530610000        1.0000000000        1.0000000000       56.7588992379        0.0000000000        0.8869204367        0.1064304524        0.0011015160
       57.7551020000        1.0000000000        1.0000000000       49.8413670923        0.0000000000        0.8869204367        0.1064304524        0.0025263895
       57.8571430000        1.0000000000        1.0000000000       44.5327787233        0.0000000000        0.8869204367        0.1064304524        0.0047770435
       57.9591840000        1.0000000000        1.0000000000       40.3547400253        0.0000000000        0.8869204367        0.1064304524        0.0078867685
       58.0612240000        1.0000000000        1.0000000000       36.9975801350        0.0000000000        0.8869204367        0.1064304524        0.0117993644
       58.1632650000        1.0000000000        1.0000000000       34.2530666190        0.0000000000        0.8869204367        0.1064304524        0.0164017377
       58.2653060000        1.0000000000        1.0000000000       31.9772603653        0.0000000000        0.8869204367        0.1064304524        0.0215523322
       58.3673470000        1.0000000000        1.0000000000       30.0690917823        0.0000000000        0.8869204367        0.1064304524        0.0270981176
       58.4693880000        1.0000000000        1.0000000000       28.4601999892        0.0000000000        0.8869204367        0.1064304524        0.0328690433
       58.5714290000        1.0000000000        1.0000000000       27.1276476744        0.0000000000        0.8869204367        0.1064304524        0.0385685647
       58.6734690000        1.0000000000        1.0000000000       26.2147334648        0.0000000000        0.8869204367        0.1064304524        0.0430338607
       58.7755100000        1.0000000000        1.0000000000       26.4066559905        0.0000000000        0.8869204367        0.1064304524        0.0420540864
       58.8775510000        1.0000000000        1.0000000000       28.8184509628        0.0000000000        0.8869204367        0.1064304524        0.0314859421
       58.9795920000        1.0000000000        1.0000000000       32.4529679134        0.0000000000        0.8869204367        0.1064304524        0.0203564768
       59.0816330000        1.0000000000        1.0000000000       32.9848298142        0.0000000000        0.8869204367        0.1064304524        0.0190978488
       59.1836730000        1.0000000000        1.0000000000       28.9347954760        0.0000000000        0.8869204367        0.1064304524        0.0310494105
       59.2857140000        1.0000000000        1.0000000000       24.2642188705        0.0000000000        0.8869204367        0.1064304524        0.0543828591
       59.3877550000        1.0000000000        1.0000000000       21.6366518601        0.0000000000        0.8869204367        0.1064304524        0.0745415774
       59.4897960000        1.0000000000        1.0000000000       20.4834255481        0.0000000000        0.8869204367        0.1064304524        0.0856050446
       59.5918370000        1.0000000000        1.0000000000       19.8431656819        0.0000000000        0.8869204367        0.1064304524        0.0924414432
       59.6938780000        1.0000000000        1.0000000000       19.3563341326        0.0000000000        0.8869204367        0.1064304524        0.0980027151
       59.7959180000        1.0000000000        1.0000000000       18.9381837160        0.0000000000        0.8869204367        0.1064304524        0.1030457674
       59.8979590000        1.0000000000        1.0000000000       18.5655729105        0.0000000000        0.8869204367        0.1064304524        0.1077578446
       60.0000000000        1.0000000000        1.0000000000       18.2282545552        0.0000000000        0.8869204367        0.1064304524        0.1122091715
