       55.0000000000        1.0000000000        1.0000000000        9.9577314076        0.0000000000        0.8869204367        0.1064304524        0.3027258196
       55.1020410000        1.0000000000        1.0000000000       10.1103512714        0.0000000000        0.8869204367        0.1064304524        0.2972320439
       55.2040820000        1.0000000000        1.0000000000       10.2969665100        0.0000000000        0.8869204367        0.1064304524        0.2906498557
       55.3061220000        1.0000000000        1.0000000000       10.5295093599        0.0000000000        0.8869204367        0.1064304524        0.2826513490
       55.4081630000        1.0000000000        1.0000000000       10.8417850068        0.0000000000        0.8869204367        0.1064304524        0.2722555312
       55.5102040000        1.0000000000        1.0000000000       11.3520869761        0.0000000000        0.8869204367        0.1064304524        0.2560838274
       55.6122450000        1.0000000000        1.0000000000       12.2920947094        0.0000000000        0.8869204367        0.1064304524        0.2287669761
       55.7142860000        1.0000000000        1.0000000000       13.6051351460        0.0000000000        0.8869204367        0.1064304524        0.1954176497
       55.8163270000        1.0000000000        1.0000000000       14.5443312973        0.0000000000        0.8869204367        0.1064304524        0.1745891542
       55.9183670000        1.0000000000        1.0000000000       14.7293291724        0.0000000000        0.8869204367        0.1064304524        0.1707560241
       56.0204080000        1.0000000000        1.0000000000       14.9299371326        0.0000000000        0.8869204367        0.1064304524        0.1666945045
       56.1224490000        1.0000000000        1.0000000000       15.7944647638        0.0000000000        0.8869204367        0.1064304524        0.1502678709
       56.2244900000        1.0000000000        1.0000000000       17.3352804755        0.0000000000        0.8869204367        0.1064304524        0.1249010248
       56.3265310000        1.0000000000        1.0000000000       19.5220536841        0.0000000000        0.8869204367        0.1064304524        0.0960730497
       56.4285710000        1.0000000000        1.0000000000       22.5402690194        0.0000000000        0.8869204367        0.1064304524        0.0668815401
       56.5306120000        1.0000000000        1.0000000000       26.7939178640        0.0000000000        0.8869204367        0.1064304524        0.0401444876
       56.6326530000        1.0000000000        1.0000000000       33.0052372213        0.0000000000        0.8869204367        0.1064304524        0.0190511375
       56.7346940000        1.0000000000        1.0000000000       42.5299597632        0.0000000000        0.8869204367        0.1064304524        0.0060748671
       56.8367350000        1.0000000000        1.0000000000       58.2230836578        0.0000000000        0.8869204367        0.1064304524        0.0009240263
       56.9387760000        1.0000000000        1.0000000000       87.4831607350        0.0000000000        0.8869204367        0.1064304524        0.0000275921
       57.0408160000        1.0000000000        1.0000000000      155.6219108199        0.0000000000        0.8869204367        0.1064304524        0.0000000078
       57.1428570000        1.0000000000        1.0000000000      357.0407802007        0.0000000000        0.8869204367        0.1064304524        0.0000000000
       57.2448980000        1.0000000000        1.0000000000      938.6930693105        0.0000000000        0.8869204367        0.1064304524        0.0000000000
       57.3469390000        1.0000000000        1.0000000000     2101.5372636872        0.0000000000        0.8869204367        0.1064304524        0.0000000000
       57.4489800000        1.0000000000        1.0000000000     3270.5598626975        0.0000000000        0.8869204367        0.1064304524        0.0000000000
       57.5510200000        1.0000000000        1.0000000000     3274.6899914721        0.0000000000        0.8869204367        0.1064304524        0.0000000000
       57.6530610000        1.0000000000        1.0000000000     2128.9964841131        0.0000000000        0.8869204367        0.1064304524        0.0000000000
       57.7551020000        1.0000000000        1.0000000000      993.9792127893        0.0000000000        0.8869204367        0.1064304524        0.0000000000
       57.8571430000        1.0000000000        1.0000000000      419.0383223729        0.0000000000        0.8869204367        0.1064304524        0.0000000000
       57.9591840000        1.0000000000        1.0000000000      210.2001966520        0.0000000000        0.8869204367        0.1064304524        0.0000000000
       58.0612240000        1.0000000000        1.0000000000      133.1525736987        0.0000000000        0.8869204367        0.1064304524        0.0000001150
       58.1632650000        1.0000000000        1.0000000000       96.9595656291        0.0000000000        0.8869204367        0.1064304524        0.0000088495
       58.2653060000        1.0000000000        1.0000000000       76.0916474714        0.0000000000        0.8869204367        0.1064304524        0.0001082575
       58.3673470000        1.0000000000        1.0000000000       62.6051483010        0.0000000000        0.8869204367        0.1064304524        0.0005461495
       58.4693880000        1.0000000000        1.0000000000       53.2786143993        0.0000000000        0.8869204367        0.1064304524        0.0016725034
       58.5714290000        1.0000000000        1.0000000000       46.5506039473        0.0000000000        0.8869204367        0.1064304524        0.0037497261
       58.6734690000        1.0000000000        1.0000000000       41.7242681903        0.0000000000        0.8869204367        0.1064304524        0.0066915337
       58.7755100000        1.0000000000        1.0000000000       38.9920670566        0.0000000000        0.8869204367        0.1064304524        0.0092878513
       58.8775510000        1.0000000000        1.0000000000       39.1736710094        0.0000000000        0.8869204367        0.1064304524        0.0090876355
       58.9795920000        1.0000000000        1.0000000000       41.0981670814        0.0000000000        0.8869204367        0.1064304524        0.0072136512
       59.0816330000        1.0000000000        1.0000000000       40.3088474669        0.0000000000        0.8869204367        0.1064304524        0.0079303215
       59.1836730000        1.0000000000        1.0000000000       35.1964104554        0.0000000000        0.8869204367        0.1064304524        0.0146462748
       59.2857140000        1.0000000000        1.0000000000       29.6367285998        0.0000000000        0.8869204367        0.1064304524        0.0285411769
       59.3877550000        1.0000000000        1.0000000000       26.2642341351        0.0000000000        0.8869204367        0.1064304524        0.0427789938
       59.4897960000        1.0000000000        1.0000000000       24.4922864594        0.0000000000        0.8869204367        0.1064304524        0.0529146852
       59.5918370000        1.0000000000        1.0000000000       23.3362172528        0.0000000000        0.8869204367        0.1064304524        0.0607890217
       59.6938780000        1.0000000000        1.0000000000       22.4153951969        0.0000000000        0.8869204367        0.1064304524        0.0678912972
       59.7959180000        1.0000000000        1.0000000000       21.6289696346        0.0000000000        0.8869204367        0.1064304524        0.0746103265
       59.8979590000        1.0000000000        1.0000000000       20.9415848740        0.0000000000        0.8869204367        0.1064304524        0.0810255951
       60.0000000000        1.0000000000        1.0000000000       20.3335263892        0.0000000000        0.8869204367        0.1064304524        0.0871588323
