       55.0000000000        1.0000000000        1.0000000000        8.4118293847        0.0000000000        0.8869204367        0.1064304524        0.3644304605
       55.1020410000        1.0000000000        1.0000000000        8.4458391847        0.0000000000        0.8869204367        0.1064304524        0.3629461865
       55.2040820000        1.0000000000        1.0000000000        8.4910702676        0.0000000000        0.8869204367        0.1064304524        0.3609815492
       55.3061220000        1.0000000000        1.0000000000        8.5536720546        0.0000000000        0.8869204367        0.1064304524        0.3582799387
       55.4081630000        1.0000000000        1.0000000000        8.6596747109        0.0000000000        0.8869204367        0.1064304524        0.3537513671
       55.5102040000        1.0000000000        1.0000000000        8.9173623445        0.0000000000        0.8869204367        0.1064304524        0.3429798838
       55.6122450000        1.0000000000        1.0000000000        9.5486153306        0.0000000000        0.8869204367        0.1064304524        0.3179586807
       55.7142860000        1.0000000000        1.0000000000       10.4890987593        0.0000000000        0.8869204367        0.1064304524        0.2840253310
       55.8163270000        1.0000000000        1.0000000000       10.9715217618        0.0000000000        0.8869204367        0.1064304524        0.2680497688
       55.9183670000        1.0000000000        1.0000000000       10.5677953843        0.0000000000        0.8869204367        0.1064304524        0.2813557359
       56.0204080000        1.0000000000        1.0000000000        9.9917770502        0.0000000000        0.8869204367        0.1064304524        0.3014915632
       56.1224490000        1.0000000000        1.0000000000        9.8328009247        0.0000000000        0.8869204367        0.1064304524        0.3072983710
       56.2244900000        1.0000000000        1.0000000000       10.0130092340        0.0000000000        0.8869204367        0.1064304524        0.3007243820
       56.3265310000        1.0000000000        1.0000000000       10.3532766361        0.0000000000        0.8869204367        0.1064304524        0.2886924927
       56.4285710000        1.0000000000        1.0000000000       10.8003847607        0.0000000000        0.8869204367        0.1064304524        0.2736114701
       56.5306120000        1.0000000000        1.0000000000       11.3626386566        0.0000000000        0.8869204367        0.1064304524        0.2557597789
       56.6326530000        1.0000000000        1.0000000000       12.0682993791        0.0000000000        0.8869204367        0.1064304524        0.2349938523
       56.7346940000        1.0000000000        1.0000000000       12.9598708834        0.0000000000        0.8869204367        0.1064304524        0.2111504205
       56.8367350000        1.0000000000        1.0000000000       14.0986745812        0.0000000000        0.8869204367        0.1064304524        0.1841801453
       56.9387760000        1.0000000000        1.0000000000       15.5749587927        0.0000000000        0.8869204367        0.1064304524        0.1542786255
       57.0408160000        1.0000000000        1.0000000000       17.5267351682        0.0000000000        0.8869204367        0.1064304524        0.1220641906
       57.1428570000        1.0000000000        1.0000000000       20.1773985889        0.0000000000        0.8869204367        0.1064304524        0.0888071752
       57.2448980000        1.0000000000        1.0000000000       23.9221694536        0.0000000000        0.8869204367        0.1064304524        0.0566614987
       57.3469390000        1.0000000000        1.0000000000       29.6160756276        0.0000000000        0.8869204367        0.1064304524        0.0286119998
       57.4489800000        1.0000000000        1.0000000000       40.0913291068        0.0000000000        0.8869204367        0.1064304524        0.0081400456
       57.5510200000        1.0000000000        1.0000000000       67.3007575412        0.0000000000        0.8869204367        0.1064304524        0.0003108839
       57.6530610000        1.0000000000        1.0000000000      145.8989652200        0.0000000000        0.8869204367        0.1064304524        0.0000000249
       57.7551020000        1.0000000000        1.0000000000      304.8547161743        0.0000000000        0.8869204367        0.1064304524        0.0000000000
       57.8571430000        1.0000000000        1.0000000000      459.2866693335        0.0000000000        0.8869204367        0.1064304524        0.0000000000
       57.9591840000        1.0000000000        1.0000000000      467.0744268993        0.0000000000        0.8869204367        0.1064304524        0.0000000000
       58.0612240000        1.0000000000        1.0000000000      413.3934259871        0.0000000000        0.8869204367        0.1064304524        0.0000000000
       58.1632650000        1.0000000000        1.0000000000      637.2451900383        0.0000000000        0.8869204367        0.1064304524        0.0000000000
       58.2653060000        1.0000000000        1.0000000000     1582.7271194304        0.0000000000        0.8869204367        0.1064304524        0.0000000000
       58.3673470000        1.0000000000        1.0000000000     3356.1018045537        0.0000000000        0.8869204367        0.1064304524        0.0000000000
       58.4693880000        1.0000000000        1.0000000000     4786.5191685314        0.0000000000        0.8869204367        0.1064304524        0.0000000000
       58.5714290000        1.0000000000        1.0000000000     4340.5902591645        0.0000000000        0.8869204367        0.1064304524        0.0000000000
       58.6734690000        1.0000000000        1.0000000000     2571.5738859163        0.0000000000        0.8869204367        0.1064304524        0.0000000000
       58.7755100000        1.0000000000        1.0000000000     1124.2699825650        0.0000000000        0.8869204367        0.1064304524        0.0000000000
       58.8775510000        1.0000000000        1.0000000000      475.1499934606        0.0000000000        0.8869204367        0.1064304524        0.0000000000
       58.9795920000        1.0000000000        1.0000000000      255.9334197418        0.0000000000        0.8869204367        0.1064304524        0.0000000000
       59.0816330000        1.0000000000        1.0000000000      172.8750301805        0.0000000000        0.8869204367        0.1064304524        0.0000000010
       59.1836730000        1.0000000000        1.0000000000      127.6204137656        0.0000000000        0.8869204367        0.1064304524        0.0000002234
       59.2857140000        1.0000000000        1.0000000000       98.3953912913        0.0000000000        0.8869204367        0.1064304524        0.0000074489
       59.3877550000        1.0000000000        1.0000000000       79.6323469632        0.0000000000        0.8869204367        0.1064304524        0.0000707837
       59.4897960000        1.0000000000        1.0000000000       67.2384825485        0.0000000000        0.8869204367        0.1064304524        0.0003132159
       59.5918370000        1.0000000000        1.0000000000       58.4207727740        0.0000000000        0.8869204367        0.1064304524        0.0009023639
       59.6938780000        1.0000000000        1.0000000000       51.7783326459        0.0000000000        0.8869204367        0.1064304524        0.0020024178
       59.7959180000        1.0000000000        1.0000000000       46.5982775622        0.0000000000        0.8869204367        0.1064304524        0.0037283358
       59.8979590000        1.0000000000        1.0000000000       42.4592734741        0.0000000000        0.8869204367        0.1064304524        0.0061266154
       60.0000000000        1.0000000000        1.0000000000       39.0877354780        0.0000000000        0.8869204367        0.1064304524        0.0091818345
