       55.0000000000        1.0000000000        1.0000000000        9.6637825758        0.0000000000        0.8869204367        0.1064304524        0.3135946944
       55.1020410000        1.0000000000        1.0000000000        9.6643554065        0.0000000000        0.8869204367        0.1064304524        0.3135731387
       55.2040820000        1.0000000000        1.0000000000        9.6694062602        0.0000000000        0.8869204367        0.1064304524        0.3133831389
       55.3061220000        1.0000000000        1.0000000000        9.6839364286        0.0000000000        0.8869204367        0.1064304524        0.3128371938
       55.4081630000        1.0000000000        1.0000000000        9.7326099182        0.0000000000        0.8869204367        0.1064304524        0.3110152943
       55.5102040000        1.0000000000        1.0000000000        9.9220573208        0.0000000000        0.8869204367        0.1064304524        0.3040245335
       55.6122450000        1.0000000000        1.0000000000       10.4719680577        0.0000000000        0.8869204367        0.1064304524        0.2846097979
       55.7142860000        1.0000000000        1.0000000000       11.3150216087        0.0000000000        0.8869204367        0.1064304524        0.2572253852
       55.8163270000        1.0000000000        1.0000000000       11.6806687700        0.0000000000        0.8869204367        0.1064304524        0.2461829667
       55.9183670000        1.0000000000        1.0000000000       11.1378269051        0.0000000000        0.8869204367        0.1064304524        0.2627534264
       56.0204080000        1.0000000000        1.0000000000       10.3961157869        0.0000000000        0.8869204367        0.1064304524        0.2872122199
       56.1224490000        1.0000000000        1.0000000000       10.0383471391        0.0000000000        0.8869204367        0.1064304524        0.2998114036
       56.2244900000        1.0000000000        1.0000000000        9.9784700660        0.0000000000        0.8869204367        0.1064304524        0.3019733810
       56.3265310000        1.0000000000        1.0000000000       10.0271613624        0.0000000000        0.8869204367        0.1064304524        0.3002141086
       56.4285710000        1.0000000000        1.0000000000       10.1179001108        0.0000000000        0.8869204367        0.1064304524        0.2969629150
       56.5306120000        1.0000000000        1.0000000000       10.2411510330        0.0000000000        0.8869204367        0.1064304524        0.2926031210
       56.6326530000        1.0000000000        1.0000000000       10.4008307513        0.0000000000        0.8869204367        0.1064304524        0.2870497624
       56.7346940000        1.0000000000        1.0000000000       10.6054467009        0.0000000000        0.8869204367        0.1064304524        0.2800873937
       56.8367350000        1.0000000000        1.0000000000       10.8675022449        0.0000000000        0.8869204367        0.1064304524        0.2714166271
       56.9387760000        1.0000000000        1.0000000000       11.2046265794        0.0000000000        0.8869204367        0.1064304524        0.2606556244
       57.0408160000        1.0000000000        1.0000000000       11.6417512787        0.0000000000        0.8869204367        0.1064304524        0.2473353543
       57.1428570000        1.0000000000        1.0000000000       12.2147492800        0.0000000000        0.8869204367        0.1064304524        0.2309001499
       57.2448980000        1.0000000000        1.0000000000       12.9764387538        0.0000000000        0.8869204367        0.1064304524        0.2107310400
       57.3469390000        1.0000000000        1.0000000000       14.0069654851        0.0000000000        0.8869204367        0.1064304524        0.1862182589
       57.4489800000        1.0000000000        1.0000000000       15.4324507923        0.0000000000        0.8869204367        0.1064304524        0.1569396260
       57.5510200000        1.0000000000        1.0000000000       17.4605093170        0.0000000000        0.8869204367        0.1064304524        0.1230381120
       57.6530610000        1.0000000000        1.0000000000       20.4532085213        0.0000000000        0.8869204367        0.1064304524        0.0859160156
       57.7551020000        1.0000000000        1.0000000000       25.0927172850        0.0000000000        0.8869204367        0.1064304524        0.0492362039
       57.8571430000        1.0000000000        1.0000000000       32.8332427650        0.0000000000        0.8869204367        0.1064304524        0.0194484261
       57.9591840000        1.0000000000        1.0000000000       47.5733909117        0.0000000000        0.8869204367        0.1064304524        0.0033166272
       58.0612240000        1.0000000000        1.0000000000       83.7088464861        0.0000000000        0.8869204367        0.1064304524        0.0000433995
       58.1632650000        1.0000000000        1.0000000000      199.8852484097        0.0000000000        0.8869204367        0.1064304524        0.0000000000
       58.2653060000        1.0000000000        1.0000000000      560.2909320760        0.0000000000        0.8869204367        0.1064304524        0.0000000000
       58.3673470000        1.0000000000        1.0000000000     1313.1507045635        0.0000000000        0.8869204367        0.1064304524        0.0000000000
       58.4693880000        1.0000000000        1.0000000000     2090.4462882849        0.0000000000        0.8869204367        0.1064304524        0.0000000000
       58.5714290000        1.0000000000        1.0000000000     2101.4890975050        0.0000000000        0.8869204367        0.1064304524        0.0000000000
       58.6734690000        1.0000000000        1.0000000000     1346.4616165354        0.0000000000        0.8869204367        0.1064304524        0.0000000000
       58.7755100000        1.0000000000        1.0000000000      607.1162940526        0.0000000000        0.8869204367        0.1064304524        0.0000000000
       58.8775510000        1.0000000000        1.0000000000      247.6816835922        0.0000000000        0.8869204367        0.1064304524        0.0000000000
       58.9795920000        1.0000000000        1.0000000000      128.6497769493        0.0000000000        0.8869204367        0.1064304524        0.0000001974
       59.0816330000        1.0000000000        1.0000000000       87.4561769834        0.0000000000        0.8869204367        0.1064304524        0.0000276816
       59.1836730000        1.0000000000        1.0000000000       64.7716456941        0.0000000000        0.8869204367        0.1064304524        0.0004211180
       59.2857140000        1.0000000000        1.0000000000       49.5715538806        0.0000000000        0.8869204367        0.1064304524        0.0026095266
       59.3877550000        1.0000000000        1.0000000000       40.2390582381        0.0000000000        0.8869204367        0.1064304524        0.0079970145
       59.4897960000        1.0000000000        1.0000000000       34.5477624193        0.0000000000        0.8869204367        0.1064304524        0.0158318509
       59.5918370000        1.0000000000        1.0000000000       30.6994170605        0.0000000000        0.8869204367        0.1064304524        0.0251240419
       59.6938780000        1.0000000000        1.0000000000       27.8636299098        0.0000000000        0.8869204367        0.1064304524        0.0353083574
       59.7959180000        1.0000000000        1.0000000000       25.6768286544        0.0000000000        0.8869204367        0.1064304524        0.0459032463
       59.8979590000        1.0000000000        1.0000000000       23.9425192340        0.0000000000        0.8869204367        0.1064304524        0.0565233016
       60.0000000000        1.0000000000        1.0000000000       22.5376860335        0.0000000000        0.8869204367        0.1064304524        0.0669022738
