       55.0000000000        1.0000000000        1.0000000000       10.0118597074        0.0000000000        0.8869204367        0.1064304524        0.3007658678
       55.1020410000        1.0000000000        1.0000000000       10.0179774378        0.0000000000        0.8869204367        0.1064304524        0.3005451482
       55.2040820000        1.0000000000        1.0000000000       10.0295888561        0.0000000000        0.8869204367        0.1064304524        0.3001266692
       55.3061220000        1.0000000000        1.0000000000       10.0519767405        0.0000000000        0.8869204367        0.1064304524        0.2993214472
       55.4081630000        1.0000000000        1.0000000000       10.1101522966        0.0000000000        0.8869204367        0.1064304524        0.2972391410
       55.5102040000        1.0000000000        1.0000000000       10.3112189881        0.0000000000        0.8869204367        0.1064304524        0.2901531829
       55.6122450000        1.0000000000        1.0000000000       10.8758019030        0.0000000000        0.8869204367        0.1064304524        0.2711464418
       55.7142860000        1.0000000000        1.0000000000       11.7383244363        0.0000000000        0.8869204367        0.1064304524        0.2444855841
       55.8163270000        1.0000000000        1.0000000000       12.1297663163        0.0000000000        0.8869204367        0.1064304524        0.2332669069
       55.9183670000        1.0000000000        1.0000000000       11.6193795112        0.0000000000        0.8869204367        0.1064304524        0.2480002459
       56.0204080000        1.0000000000        1.0000000000       10.9182068973        0.0000000000        0.8869204367        0.1064304524        0.2697701908
       56.1224490000        1.0000000000        1.0000000000       10.6130400318        0.0000000000        0.8869204367        0.1064304524        0.2798322944
       56.2244900000        1.0000000000        1.0000000000       10.6231897611        0.0000000000        0.8869204367        0.1064304524        0.2794916752
       56.3265310000        1.0000000000        1.0000000000       10.7662179609        0.0000000000        0.8869204367        0.1064304524        0.2747355844
       56.4285710000        1.0000000000        1.0000000000       10.9854919527        0.0000000000        0.8869204367        0.1064304524        0.2676007804
       56.5306120000        1.0000000000        1.0000000000       11.2863485679        0.0000000000        0.8869204367        0.1064304524        0.2581119617
       56.6326530000        1.0000000000        1.0000000000       11.6955817394        0.0000000000        0.8869204367        0.1064304524        0.2457428024
       56.7346940000        1.0000000000        1.0000000000       12.2579053886        0.0000000000        0.8869204367        0.1064304524        0.2297074706
       56.8367350000        1.0000000000        1.0000000000       13.0451820073        0.0000000000        0.8869204367        0.1064304524        0.2089998299
       56.9387760000        1.0000000000        1.0000000000       14.1767202254        0.0000000000        0.8869204367        0.1064304524        0.1824632626
       57.0408160000        1.0000000000        1.0000000000       15.8615973450        0.0000000000        0.8869204367        0.1064304524        0.1490621894
       57.1428570000        1.0000000000        1.0000000000       18.4955282131        0.0000000000        0.8869204367        0.1064304524        0.1086674057
       57.2448980000        1.0000000000        1.0000000000       22.9262505356        0.0000000000        0.8869204367        0.1064304524        0.0638543823
       57.3469390000        1.0000000000        1.0000000000       31.4622810105        0.0000000000        0.8869204367        0.1064304524        0.0229262274
       57.4489800000        1.0000000000        1.0000000000       53.0469498030        0.0000000000        0.8869204367        0.1064304524        0.0017196509
       57.5510200000        1.0000000000        1.0000000000      126.6588389382        0.0000000000        0.8869204367        0.1064304524        0.0000002507
       57.6530610000        1.0000000000        1.0000000000      368.0584016490        0.0000000000        0.8869204367        0.1064304524        0.0000000000
       57.7551020000        1.0000000000        1.0000000000      889.7673993950        0.0000000000        0.8869204367        0.1064304524        0.0000000000
       57.8571430000        1.0000000000        1.0000000000     1434.3137675678        0.0000000000        0.8869204367        0.1064304524        0.0000000000
       57.9591840000        1.0000000000        1.0000000000     1433.2645010592        0.0000000000        0.8869204367        0.1064304524        0.0000000000
       58.0612240000        1.0000000000        1.0000000000      897.2383383163        0.0000000000        0.8869204367        0.1064304524        0.0000000000
       58.1632650000        1.0000000000        1.0000000000      389.8183115971        0.0000000000        0.8869204367        0.1064304524        0.0000000000
       58.2653060000        1.0000000000        1.0000000000      152.5441156010        0.0000000000        0.8869204367        0.1064304524        0.0000000112
       58.3673470000        1.0000000000        1.0000000000       75.8345281037        0.0000000000        0.8869204367        0.1064304524        0.0001116498
       58.4693880000        1.0000000000        1.0000000000       50.4155768400        0.0000000000        0.8869204367        0.1064304524        0.0023581704
       58.5714290000        1.0000000000        1.0000000000       39.0083806266        0.0000000000        0.8869204367        0.1064304524        0.0092696869
       58.6734690000        1.0000000000        1.0000000000       32.7173617950        0.0000000000        0.8869204367        0.1064304524        0.0197207595
       58.7755100000        1.0000000000        1.0000000000       29.6960061491        0.0000000000        0.8869204367        0.1064304524        0.0283388751
       58.8775510000        1.0000000000        1.0000000000       30.0657201728        0.0000000000        0.8869204367        0.1064304524        0.0271090836
       58.9795920000        1.0000000000        1.0000000000       32.3361816932        0.0000000000        0.8869204367        0.1064304524        0.0206437679
       59.0816330000        1.0000000000        1.0000000000       31.9209739039        0.0000000000        0.8869204367        0.1064304524        0.0216983975
       59.1836730000        1.0000000000        1.0000000000       27.2183724486        0.0000000000        0.8869204367        0.1064304524        0.0381509472
       59.2857140000        1.0000000000        1.0000000000       22.1120070132        0.0000000000        0.8869204367        0.1064304524        0.0704085312
       59.3877550000        1.0000000000        1.0000000000       19.1931438521        0.0000000000        0.8869204367        0.1064304524        0.0999408006
       59.4897960000        1.0000000000        1.0000000000       17.8424151925        0.0000000000        0.8869204367        0.1064304524        0.1175266899
       59.5918370000        1.0000000000        1.0000000000       17.0700839333        0.0000000000        0.8869204367        0.1064304524        0.1289397456
       59.6938780000        1.0000000000        1.0000000000       16.4991448508        0.0000000000        0.8869204367        0.1064304524        0.1380834064
       59.7959180000        1.0000000000        1.0000000000       16.0324099419        0.0000000000        0.8869204367        0.1064304524        0.1460378867
       59.8979590000        1.0000000000        1.0000000000       15.6375794140        0.0000000000        0.8869204367        0.1064304524        0.1531236476
       60.0000000000        1.0000000000        1.0000000000       15.2976425451        0.0000000000        0.8869204367        0.1064304524        0.1594990831
