       55.0000000000        1.0000000000        1.0000000000        9.4109200602        0.0000000000        0.8869204367        0.1064304524        0.3232560946
       55.1020410000        1.0000000000        1.0000000000        9.4422594130        0.0000000000        0.8869204367        0.1064304524        0.3220427013
       55.2040820000        1.0000000000        1.0000000000        9.4837216993        0.0000000000        0.8869204367        0.1064304524        0.3204443656
       55.3061220000        1.0000000000        1.0000000000        9.5414511422        0.0000000000        0.8869204367        0.1064304524        0.3182321481
       55.4081630000        1.0000000000        1.0000000000        9.6416163837        0.0000000000        0.8869204367        0.1064304524        0.3144299488
       55.5102040000        1.0000000000        1.0000000000        9.8926506529        0.0000000000        0.8869204367        0.1064304524        0.3050992705
       55.6122450000        1.0000000000        1.0000000000       10.5151897748        0.0000000000        0.8869204367        0.1064304524        0.2831374605
       55.7142860000        1.0000000000        1.0000000000       11.4409185992        0.0000000000        0.8869204367        0.1064304524        0.2533685244
       55.8163270000        1.0000000000        1.0000000000       11.9013353098        0.0000000000        0.8869204367        0.1064304524        0.2397495991
       55.9183670000        1.0000000000        1.0000000000       11.4751927416        0.0000000000        0.8869204367        0.1064304524        0.2523285858
       56.0204080000        1.0000000000        1.0000000000       10.8811849029        0.0000000000        0.8869204367        0.1064304524        0.2709713486
       56.1224490000        1.0000000000        1.0000000000       10.7060461669        0.0000000000        0.8869204367        0.1064304524        0.2767265236
       56.2244900000        1.0000000000        1.0000000000       10.8695878224        0.0000000000        0.8869204367        0.1064304524        0.2713487083
       56.3265310000        1.0000000000        1.0000000000       11.1936497773        0.0000000000        0.8869204367        0.1064304524        0.2609991905
       56.4285710000        1.0000000000        1.0000000000       11.6276616248        0.0000000000        0.8869204367        0.1064304524        0.2477538924
       56.5306120000        1.0000000000        1.0000000000       12.1839033470        0.0000000000        0.8869204367        0.1064304524        0.2317564133
       56.6326530000        1.0000000000        1.0000000000       12.8967953465        0.0000000000        0.8869204367        0.1064304524        0.2127546954
       56.7346940000        1.0000000000        1.0000000000       13.8186515947        0.0000000000        0.8869204367        0.1064304524        0.1904742639
       56.8367350000        1.0000000000        1.0000000000       15.0265937077        0.0000000000        0.8869204367        0.1064304524        0.1647722198
       56.9387760000        1.0000000000        1.0000000000       16.6365104981        0.0000000000        0.8869204367        0.1064304524        0.1358259137
       57.0408160000        1.0000000000        1.0000000000       18.8281822520        0.0000000000        0.8869204367        0.1064304524        0.1044150068
       57.1428570000        1.0000000000        1.0000000000       21.8924300301        0.0000000000        0.8869204367        0.1064304524        0.0722884001
       57.2448980000        1.0000000000        1.0000000000       26.3249581414        0.0000000000        0.8869204367        0.1064304524        0.0424684014
       57.3469390000        1.0000000000        1.0000000000       33.0321749135        0.0000000000        0.8869204367        0.1064304524        0.0189896537
       57.4489800000        1.0000000000        1.0000000000       43.8544545149        0.0000000000        0.8869204367        0.1064304524        0.0051821537
       57.5510200000        1.0000000000        1.0000000000       63.2686021940        0.0000000000        0.8869204367        0.1064304524        0.0005043539
       57.6530610000        1.0000000000        1.0000000000      105.6626211293        0.0000000000        0.8869204367        0.1064304524        0.0000031143
       57.7551020000        1.0000000000        1.0000000000      226.6943614405        0.0000000000        0.8869204367        0.1064304524        0.0000000000
       57.8571430000        1.0000000000        1.0000000000      600.1505505650        0.0000000000        0.8869204367        0.1064304524        0.0000000000
       57.9591840000        1.0000000000        1.0000000000     1472.2549133100        0.0000000000        0.8869204367        0.1064304524        0.0000000000
       58.0612240000        1.0000000000        1.0000000000     2611.8997562616        0.0000000000        0.8869204367        0.1064304524        0.0000000000
       58.1632650000        1.0000000000        1.0000000000     3005.7739556785        0.0000000000        0.8869204367        0.1064304524        0.0000000000
       58.2653060000        1.0000000000        1.0000000000     2212.8894907038        0.0000000000        0.8869204367        0.1064304524        0.0000000000
       58.3673470000        1.0000000000        1.0000000000     1114.5850382977        0.0000000000        0.8869204367        0.1064304524        0.0000000000
       58.4693880000        1.0000000000        1.0000000000      462.3776246557        0.0000000000        0.8869204367        0.1064304524        0.0000000000
       58.5714290000        1.0000000000        1.0000000000      212.9338095335        0.0000000000        0.8869204367        0.1064304524        0.0000000000
       58.6734690000        1.0000000000        1.0000000000      126.8185516359        0.0000000000        0.8869204367        0.1064304524        0.0000002459
       58.7755100000        1.0000000000        1.0000000000       91.1236213651        0.0000000000        0.8869204367        0.1064304524        0.0000178263
       58.8775510000        1.0000000000        1.0000000000       74.2945001573        0.0000000000        0.8869204367        0.1064304524        0.0001343127
       58.9795920000        1.0000000000        1.0000000000       66.1513257572        0.0000000000        0.8869204367        0.1064304524        0.0003568628
       59.0816330000        1.0000000000        1.0000000000       58.9378490425        0.0000000000        0.8869204367        0.1064304524        0.0008480747
       59.1836730000        1.0000000000        1.0000000000       49.4655465318        0.0000000000        0.8869204367        0.1064304524        0.0026429341
       59.2857140000        1.0000000000        1.0000000000       40.7807392878        0.0000000000        0.8869204367        0.1064304524        0.0074937292
       59.3877550000        1.0000000000        1.0000000000       35.0997433747        0.0000000000        0.8869204367        0.1064304524        0.0148171616
       59.4897960000        1.0000000000        1.0000000000       31.5957941501        0.0000000000        0.8869204367        0.1064304524        0.0225618399
       59.5918370000        1.0000000000        1.0000000000       29.1170756200        0.0000000000        0.8869204367        0.1064304524        0.0303776216
       59.6938780000        1.0000000000        1.0000000000       27.1671895342        0.0000000000        0.8869204367        0.1064304524        0.0383859894
       59.7959180000        1.0000000000        1.0000000000       25.5668052166        0.0000000000        0.8869204367        0.1064304524        0.0465133167
       59.8979590000        1.0000000000        1.0000000000       24.2264724412        0.0000000000        0.8869204367        0.1064304524        0.0546297489
       60.0000000000        1.0000000000        1.0000000000       23.0882327031        0.0000000000        0.8869204367        0.1064304524        0.0626251751
