       55.0000000000        1.0000000000        1.0000000000        9.0955469861        0.0000000000        0.8869204367        0.1064304524        0.3357240829
       55.1020410000        1.0000000000        1.0000000000        9.2165759166        0.0000000000        0.8869204367        0.1064304524        0.3308834402
       55.2040820000        1.0000000000        1.0000000000        9.3674980630        0.0000000000        0.8869204367        0.1064304524        0.3249448616
       55.3061220000        1.0000000000        1.0000000000        9.5593749152        0.0000000000        0.8869204367        0.1064304524        0.3175484132
       55.4081630000        1.0000000000        1.0000000000        9.8248734395        0.0000000000        0.8869204367        0.1064304524        0.3075908425
       55.5102040000        1.0000000000        1.0000000000       10.2808498143        0.0000000000        0.8869204367        0.1064304524        0.2912125175
       55.6122450000        1.0000000000        1.0000000000       11.1575299166        0.0000000000        0.8869204367        0.1064304524        0.2621329162
       55.7142860000        1.0000000000        1.0000000000       12.3969834689        0.0000000000        0.8869204367        0.1064304524        0.2259056113
       55.8163270000        1.0000000000        1.0000000000       13.2494850253        0.0000000000        0.8869204367        0.1064304524        0.2039382141
       55.9183670000        1.0000000000        1.0000000000       13.3285363057        0.0000000000        0.8869204367        0.1064304524        0.2020127718
       56.0204080000        1.0000000000        1.0000000000       13.3967766640        0.0000000000        0.8869204367        0.1064304524        0.2003652757
       56.1224490000        1.0000000000        1.0000000000       14.0949033676        0.0000000000        0.8869204367        0.1064304524        0.1842635141
       56.2244900000        1.0000000000        1.0000000000       15.4238932865        0.0000000000        0.8869204367        0.1064304524        0.1571008702
       56.3265310000        1.0000000000        1.0000000000       17.3350570385        0.0000000000        0.8869204367        0.1064304524        0.1249043737
       56.4285710000        1.0000000000        1.0000000000       19.9849664662        0.0000000000        0.8869204367        0.1064304524        0.0908817584
       56.5306120000        1.0000000000        1.0000000000       23.7304896142        0.0000000000        0.8869204367        0.1064304524        0.0579799073
       56.6326530000        1.0000000000        1.0000000000       29.2125216374        0.0000000000        0.8869204367        0.1064304524        0.0300316757
       56.7346940000        1.0000000000        1.0000000000       37.6351402094        0.0000000000        0.8869204367        0.1064304524        0.0109302968
       56.8367350000        1.0000000000        1.0000000000       51.5358688058        0.0000000000        0.8869204367        0.1064304524        0.0020615354
       56.9387760000        1.0000000000        1.0000000000       77.5104001629        0.0000000000        0.8869204367        0.1064304524        0.0000913102
       57.0408160000        1.0000000000        1.0000000000      138.3638123775        0.0000000000        0.8869204367        0.1064304524        0.0000000615
       57.1428570000        1.0000000000        1.0000000000      320.6759222217        0.0000000000        0.8869204367        0.1064304524        0.0000000000
       57.2448980000        1.0000000000        1.0000000000      855.4959668553        0.0000000000        0.8869204367        0.1064304524        0.0000000000
       57.3469390000        1.0000000000        1.0000000000     1938.9338757028        0.0000000000        0.8869204367        0.1064304524        0.0000000000
       57.4489800000        1.0000000000        1.0000000000     3040.9278634297        0.0000000000        0.8869204367        0.1064304524        0.0000000000
       57.5510200000        1.0000000000        1.0000000000     3054.1345486872        0.0000000000        0.8869204367        0.1064304524        0.0000000000
       57.6530610000        1.0000000000        1.0000000000     1981.6780085933        0.0000000000        0.8869204367        0.1064304524        0.0000000000
       57.7551020000        1.0000000000        1.0000000000      918.0488284279        0.0000000000        0.8869204367        0.1064304524        0.0000000000
       57.8571430000        1.0000000000        1.0000000000      382.5276194499        0.0000000000        0.8869204367        0.1064304524        0.0000000000
       57.9591840000        1.0000000000        1.0000000000      190.3146239346        0.0000000000        0.8869204367        0.1064304524        0.0000000001
       58.0612240000        1.0000000000        1.0000000000      120.2847641898        0.0000000000        0.8869204367        0.1064304524        0.0000005387
       58.1632650000        1.0000000000        1.0000000000       87.5920696021        0.0000000000        0.8869204367        0.1064304524        0.0000272339
       58.2653060000        1.0000000000        1.0000000000       68.7780473458        0.0000000000        0.8869204367        0.1064304524        0.0002603807
       58.3673470000        1.0000000000        1.0000000000       56.6314924293        0.0000000000        0.8869204367        0.1064304524        0.0011184862
       58.4693880000        1.0000000000        1.0000000000       48.2435520386        0.0000000000        0.8869204367        0.1064304524        0.0030603492
       58.5714290000        1.0000000000        1.0000000000       42.2103393483        0.0000000000        0.8869204367        0.1064304524        0.0063123912
       58.6734690000        1.0000000000        1.0000000000       37.9239773216        0.0000000000        0.8869204367        0.1064304524        0.0105579381
       58.7755100000        1.0000000000        1.0000000000       35.6312683263        0.0000000000        0.8869204367        0.1064304524        0.0139015880
       58.8775510000        1.0000000000        1.0000000000       36.1847759886        0.0000000000        0.8869204367        0.1064304524        0.0130082290
       58.9795920000        1.0000000000        1.0000000000       38.4321297460        0.0000000000        0.8869204367        0.1064304524        0.0099333691
       59.0816330000        1.0000000000        1.0000000000       37.9359337017        0.0000000000        0.8869204367        0.1064304524        0.0105428008
       59.1836730000        1.0000000000        1.0000000000       33.1152164373        0.0000000000        0.8869204367        0.1064304524        0.0188013619
       59.2857140000        1.0000000000        1.0000000000       27.8683652295        0.0000000000        0.8869204367        0.1064304524        0.0352882995
       59.3877550000        1.0000000000        1.0000000000       24.8424380182        0.0000000000        0.8869204367        0.1064304524        0.0507373698
       59.4897960000        1.0000000000        1.0000000000       23.4671574030        0.0000000000        0.8869204367        0.1064304524        0.0598413199
       59.5918370000        1.0000000000        1.0000000000       22.7846459238        0.0000000000        0.8869204367        0.1064304524        0.0649487026
       59.6938780000        1.0000000000        1.0000000000       22.4528483847        0.0000000000        0.8869204367        0.1064304524        0.0675868524
       59.7959180000        1.0000000000        1.0000000000       22.4269989621        0.0000000000        0.8869204367        0.1064304524        0.0677968276
       59.8979590000        1.0000000000        1.0000000000       22.7576676808        0.0000000000        0.8869204367        0.1064304524        0.0651593076
       60.0000000000        1.0000000000        1.0000000000       23.5640473254        0.0000000000        0.8869204367        0.1064304524        0.0591495865
