       55.0000000000        1.0000000000        1.0000000000       10.1544126703        0.0000000000        0.8869204367        0.1064304524        0.2956646162
       55.1020410000        1.0000000000        1.0000000000       10.2609328879        0.0000000000        0.8869204367        0.1064304524        0.2919093569
       55.2040820000        1.0000000000        1.0000000000       10.3976319571        0.0000000000        0.8869204367        0.1064304524        0.2871599691
       55.3061220000        1.0000000000        1.0000000000       10.5770464089        0.0000000000        0.8869204367        0.1064304524        0.2810435698
       55.4081630000        1.0000000000        1.0000000000       10.8342023137        0.0000000000        0.8869204367        0.1064304524        0.2725033755
       55.5102040000        1.0000000000        1.0000000000       11.2899027054        0.0000000000        0.8869204367        0.1064304524        0.2580019013
       55.6122450000        1.0000000000        1.0000000000       12.1819779671        0.0000000000        0.8869204367        0.1064304524        0.2318099658
       55.7142860000        1.0000000000        1.0000000000       13.4664081149        0.0000000000        0.8869204367        0.1064304524        0.1986980439
       55.8163270000        1.0000000000        1.0000000000       14.4125391717        0.0000000000        0.8869204367        0.1064304524        0.1773722406
       55.9183670000        1.0000000000        1.0000000000       14.6593730211        0.0000000000        0.8869204367        0.1064304524        0.1721955098
       56.0204080000        1.0000000000        1.0000000000       15.0197146987        0.0000000000        0.8869204367        0.1064304524        0.1649082923
       56.1224490000        1.0000000000        1.0000000000       16.2346171441        0.0000000000        0.8869204367        0.1064304524        0.1425369439
       56.2244900000        1.0000000000        1.0000000000       18.4924170302        0.0000000000        0.8869204367        0.1064304524        0.1087079834
       56.3265310000        1.0000000000        1.0000000000       22.1220557311        0.0000000000        0.8869204367        0.1064304524        0.0703236805
       56.4285710000        1.0000000000        1.0000000000       28.1376767185        0.0000000000        0.8869204367        0.1064304524        0.0341661051
       56.5306120000        1.0000000000        1.0000000000       39.2917625598        0.0000000000        0.8869204367        0.1064304524        0.0089597630
       56.6326530000        1.0000000000        1.0000000000       65.3580359623        0.0000000000        0.8869204367        0.1064304524        0.0003925038
       56.7346940000        1.0000000000        1.0000000000      147.9108054863        0.0000000000        0.8869204367        0.1064304524        0.0000000196
       56.8367350000        1.0000000000        1.0000000000      420.3054668400        0.0000000000        0.8869204367        0.1064304524        0.0000000000
       56.9387760000        1.0000000000        1.0000000000     1054.0916545351        0.0000000000        0.8869204367        0.1064304524        0.0000000000
       57.0408160000        1.0000000000        1.0000000000     1816.6301563072        0.0000000000        0.8869204367        0.1064304524        0.0000000000
       57.1428570000        1.0000000000        1.0000000000     1958.7352748029        0.0000000000        0.8869204367        0.1064304524        0.0000000000
       57.2448980000        1.0000000000        1.0000000000     1319.3074950651        0.0000000000        0.8869204367        0.1064304524        0.0000000000
       57.3469390000        1.0000000000        1.0000000000      604.9960534395        0.0000000000        0.8869204367        0.1064304524        0.0000000000
       57.4489800000        1.0000000000        1.0000000000      237.6379411747        0.0000000000        0.8869204367        0.1064304524        0.0000000000
       57.5510200000        1.0000000000        1.0000000000      112.2732993301        0.0000000000        0.8869204367        0.1064304524        0.0000014088
       57.6530610000        1.0000000000        1.0000000000       70.7755040625        0.0000000000        0.8869204367        0.1064304524        0.0002048853
       57.7551020000        1.0000000000        1.0000000000       52.6350095770        0.0000000000        0.8869204367        0.1064304524        0.0018067942
       57.8571430000        1.0000000000        1.0000000000       42.4429741608        0.0000000000        0.8869204367        0.1064304524        0.0061386103
       57.9591840000        1.0000000000        1.0000000000       35.9191898444        0.0000000000        0.8869204367        0.1064304524        0.0134294828
       58.0612240000        1.0000000000        1.0000000000       31.4248552658        0.0000000000        0.8869204367        0.1064304524        0.0230294227
       58.1632650000        1.0000000000        1.0000000000       28.1697615573        0.0000000000        0.8869204367        0.1064304524        0.0340348123
       58.2653060000        1.0000000000        1.0000000000       25.7234778090        0.0000000000        0.8869204367        0.1064304524        0.0456470025
       58.3673470000        1.0000000000        1.0000000000       23.8338998749        0.0000000000        0.8869204367        0.1064304524        0.0572648670
       58.4693880000        1.0000000000        1.0000000000       22.3493923141        0.0000000000        0.8869204367        0.1064304524        0.0684311549
       58.5714290000        1.0000000000        1.0000000000       21.2000613341        0.0000000000        0.8869204367        0.1064304524        0.0785509861
       58.6734690000        1.0000000000        1.0000000000       20.5031602273        0.0000000000        0.8869204367        0.1064304524        0.0854025578
       58.7755100000        1.0000000000        1.0000000000       20.9283425988        0.0000000000        0.8869204367        0.1064304524        0.0811544531
       58.8775510000        1.0000000000        1.0000000000       23.5699213327        0.0000000000        0.8869204367        0.1064304524        0.0591079078
       58.9795920000        1.0000000000        1.0000000000       27.3983331064        0.0000000000        0.8869204367        0.1064304524        0.0373358991
       59.0816330000        1.0000000000        1.0000000000       28.0840152873        0.0000000000        0.8869204367        0.1064304524        0.0343868232
       59.1836730000        1.0000000000        1.0000000000       24.1923305383        0.0000000000        0.8869204367        0.1064304524        0.0548540277
       59.2857140000        1.0000000000        1.0000000000       19.7081443990        0.0000000000        0.8869204367        0.1064304524        0.0939514304
       59.3877550000        1.0000000000        1.0000000000       17.2737400083        0.0000000000        0.8869204367        0.1064304524        0.1258268151
       59.4897960000        1.0000000000        1.0000000000       16.3016357597        0.0000000000        0.8869204367        0.1064304524        0.1413952256
       59.5918370000        1.0000000000        1.0000000000       15.8281505255        0.0000000000        0.8869204367        0.1064304524        0.1496616704
       59.6938780000        1.0000000000        1.0000000000       15.4961012705        0.0000000000        0.8869204367        0.1064304524        0.1557454785
       59.7959180000        1.0000000000        1.0000000000       15.2225139432        0.0000000000        0.8869204367        0.1064304524        0.1609435377
       59.8979590000        1.0000000000        1.0000000000       14.9853615029        0.0000000000        0.8869204367        0.1064304524        0.1655895107
       60.0000000000        1.0000000000        1.0000000000       14.7752167851        0.0000000000        0.8869204367        0.1064304524        0.1698183378
