       55.0000000000        1.0000000000        1.0000000000       10.9271426145        0.0000000000        0.8869204367        0.1064304524        0.2694810750
       55.1020410000        1.0000000000        1.0000000000       11.2803842767        0.0000000000        0.8869204367        0.1064304524        0.2582967624
       55.2040820000        1.0000000000        1.0000000000       11.7222288250        0.0000000000        0.8869204367        0.1064304524        0.2449582579
       55.3061220000        1.0000000000        1.0000000000       12.2830684295        0.0000000000        0.8869204367        0.1064304524        0.2290149001
       55.4081630000        1.0000000000        1.0000000000       13.0230268136        0.0000000000        0.8869204367        0.1064304524        0.2095562210
       55.5102040000        1.0000000000        1.0000000000       14.0983251295        0.0000000000        0.8869204367        0.1064304524        0.1841878689
       55.6122450000        1.0000000000        1.0000000000       15.7951035137        0.0000000000        0.8869204367        0.1064304524        0.1502563533
       55.7142860000        1.0000000000        1.0000000000       18.1369712644        0.0000000000        0.8869204367        0.1064304524        0.1134450669
       55.8163270000        1.0000000000        1.0000000000       20.5097987869        0.0000000000        0.8869204367        0.1064304524        0.0853345509
       55.9183670000        1.0000000000        1.0000000000       22.7587702657        0.0000000000        0.8869204367        0.1064304524        0.0651506869
       56.0204080000        1.0000000000        1.0000000000       26.0337976513        0.0000000000        0.8869204367        0.1064304524        0.0439784421
       56.1224490000        1.0000000000        1.0000000000       31.6714630905        0.0000000000        0.8869204367        0.1064304524        0.0223578996
       56.2244900000        1.0000000000        1.0000000000       41.0473939107        0.0000000000        0.8869204367        0.1064304524        0.0072577365
       56.3265310000        1.0000000000        1.0000000000       57.2681158130        0.0000000000        0.8869204367        0.1064304524        0.0010362220
       56.4285710000        1.0000000000        1.0000000000       89.8170551017        0.0000000000        0.8869204367        0.1064304524        0.0000208523
       56.5306120000        1.0000000000        1.0000000000      175.0031885753        0.0000000000        0.8869204367        0.1064304524        0.0000000008
       56.6326530000        1.0000000000        1.0000000000      443.2889095917        0.0000000000        0.8869204367        0.1064304524        0.0000000000
       56.7346940000        1.0000000000        1.0000000000     1162.1932117822        0.0000000000        0.8869204367        0.1064304524        0.0000000000
       56.8367350000        1.0000000000        1.0000000000     2339.1973109925        0.0000000000        0.8869204367        0.1064304524        0.0000000000
       56.9387760000        1.0000000000        1.0000000000     3106.1224759151        0.0000000000        0.8869204367        0.1064304524        0.0000000000
       57.0408160000        1.0000000000        1.0000000000     2610.2555767290        0.0000000000        0.8869204367        0.1064304524        0.0000000000
       57.1428570000        1.0000000000        1.0000000000     1446.8057898870        0.0000000000        0.8869204367        0.1064304524        0.0000000000
       57.2448980000        1.0000000000        1.0000000000      613.4816676430        0.0000000000        0.8869204367        0.1064304524        0.0000000000
       57.3469390000        1.0000000000        1.0000000000      265.7994484035        0.0000000000        0.8869204367        0.1064304524        0.0000000000
       57.4489800000        1.0000000000        1.0000000000      147.3894478775        0.0000000000        0.8869204367        0.1064304524        0.0000000208
       57.5510200000        1.0000000000        1.0000000000      100.5013271690        0.0000000000        0.8869204367        0.1064304524        0.0000057855
       57.6530610000        1.0000000000        1.0000000000       76.2727417704        0.0000000000        0.8869204367        0.1064304524        0.0001059303
       57.7551020000        1.0000000000        1.0000000000       61.4897561525        0.0000000000        0.8869204367        0.1064304524        0.0006243679
       57.8571430000        1.0000000000        1.0000000000       51.6235863477        0.0000000000        0.8869204367        0.1064304524        0.0020399492
       57.9591840000        1.0000000000        1.0000000000       44.6436486975        0.0000000000        0.8869204367        0.1064304524        0.0047139087
       58.0612240000        1.0000000000        1.0000000000       39.4900908645        0.0000000000        0.8869204367        0.1064304524        0.0087490435
       58.1632650000        1.0000000000        1.0000000000       35.5576276611        0.0000000000        0.8869204367        0.1064304524        0.0140249791
       58.2653060000        1.0000000000        1.0000000000       32.4781442375        0.0000000000        0.8869204367        0.1064304524        0.0202950694
       58.3673470000        1.0000000000        1.0000000000       30.0174143817        0.0000000000        0.8869204367        0.1064304524        0.0272666830
       58.4693880000        1.0000000000        1.0000000000       28.0247562122        0.0000000000        0.8869204367        0.1064304524        0.0346322225
       58.5714290000        1.0000000000        1.0000000000       26.4247462987        0.0000000000        0.8869204367        0.1064304524        0.0419628928
       58.6734690000        1.0000000000        1.0000000000       25.3265452717        0.0000000000        0.8869204367        0.1064304524        0.0478738701
       58.7755100000        1.0000000000        1.0000000000       25.3922619208        0.0000000000        0.8869204367        0.1064304524        0.0474978216
       58.8775510000        1.0000000000        1.0000000000       27.7176291091        0.0000000000        0.8869204367        0.1064304524        0.0359324140
       58.9795920000        1.0000000000        1.0000000000       31.2863648653        0.0000000000        0.8869204367        0.1064304524        0.0234153431
       59.0816330000        1.0000000000        1.0000000000       31.7647541101        0.0000000000        0.8869204367        0.1064304524        0.0221090004
       59.1836730000        1.0000000000        1.0000000000       27.6814957239        0.0000000000        0.8869204367        0.1064304524        0.0360885555
       59.2857140000        1.0000000000        1.0000000000       23.0009510286        0.0000000000        0.8869204367        0.1064304524        0.0632845457
       59.3877550000        1.0000000000        1.0000000000       20.3773484027        0.0000000000        0.8869204367        0.1064304524        0.0867016982
       59.4897960000        1.0000000000        1.0000000000       19.2341133682        0.0000000000        0.8869204367        0.1064304524        0.0994506633
       59.5918370000        1.0000000000        1.0000000000       18.6073542081        0.0000000000        0.8869204367        0.1064304524        0.1072189252
       59.6938780000        1.0000000000        1.0000000000       18.1367863883        0.0000000000        0.8869204367        0.1064304524        0.1134475837
       59.7959180000        1.0000000000        1.0000000000       17.7370430846        0.0000000000        0.8869204367        0.1064304524        0.1190222093
       59.8979590000        1.0000000000        1.0000000000       17.3843980841        0.0000000000        0.8869204367        0.1064304524        0.1241670093
       60.0000000000        1.0000000000        1.0000000000       17.0681120882        0.0000000000        0.8869204367        0.1064304524        0.1289702591
