       55.0000000000        1.0000000000        1.0000000000       27.8879918822        0.0000000000        0.8869204367        0.1064304524        0.0352052864
       55.1020410000        1.0000000000        1.0000000000       34.0013692427        0.0000000000        0.8869204367        0.1064304524        0.0169046878
       55.2040820000        1.0000000000        1.0000000000       43.0421636447        0.0000000000        0.8869204367        0.1064304524        0.0057127221
       55.3061220000        1.0000000000        1.0000000000       57.1968243878        0.0000000000        0.8869204367        0.1064304524        0.0010451249
       55.4081630000        1.0000000000        1.0000000000       81.3633110969        0.0000000000        0.8869204367        0.1064304524        0.0000575074
       55.5102040000        1.0000000000        1.0000000000      129.1751147306        0.0000000000        0.8869204367        0.1064304524        0.0000001854
       55.6122450000        1.0000000000        1.0000000000      248.8024945060        0.0000000000        0.8869204367        0.1064304524        0.0000000000
       55.7142860000        1.0000000000        1.0000000000      605.1816357399        0.0000000000        0.8869204367        0.1064304524        0.0000000000
       55.8163270000        1.0000000000        1.0000000000     1535.4222087004        0.0000000000        0.8869204367        0.1064304524        0.0000000000
       55.9183670000        1.0000000000        1.0000000000     3054.5037284560        0.0000000000        0.8869204367        0.1064304524        0.0000000000
       56.0204080000        1.0000000000        1.0000000000     4056.4000378992        0.0000000000        0.8869204367        0.1064304524        0.0000000000
       56.1224490000        1.0000000000        1.0000000000     3438.2511810118        0.0000000000        0.8869204367        0.1064304524        0.0000000000
       56.2244900000        1.0000000000        1.0000000000     1937.3457973634        0.0000000000        0.8869204367        0.1064304524        0.0000000000
       56.3265310000        1.0000000000        1.0000000000      844.9986866661        0.0000000000        0.8869204367        0.1064304524        0.0000000000
       56.4285710000        1.0000000000        1.0000000000      374.8406927110        0.0000000000        0.8869204367        0.1064304524        0.0000000000
       56.5306120000        1.0000000000        1.0000000000      207.9565651207        0.0000000000        0.8869204367        0.1064304524        0.0000000000
       56.6326530000        1.0000000000        1.0000000000      139.9794270191        0.0000000000        0.8869204367        0.1064304524        0.0000000507
       56.7346940000        1.0000000000        1.0000000000      104.7388870244        0.0000000000        0.8869204367        0.1064304524        0.0000034793
       56.8367350000        1.0000000000        1.0000000000       83.3091371626        0.0000000000        0.8869204367        0.1064304524        0.0000455319
       56.9387760000        1.0000000000        1.0000000000       69.0366225831        0.0000000000        0.8869204367        0.1064304524        0.0002524254
       57.0408160000        1.0000000000        1.0000000000       58.9542126749        0.0000000000        0.8869204367        0.1064304524        0.0008464110
       57.1428570000        1.0000000000        1.0000000000       51.5197451418        0.0000000000        0.8869204367        0.1064304524        0.0020655280
       57.2448980000        1.0000000000        1.0000000000       45.8530032697        0.0000000000        0.8869204367        0.1064304524        0.0040771364
       57.3469390000        1.0000000000        1.0000000000       41.4173461831        0.0000000000        0.8869204367        0.1064304524        0.0069425819
       57.4489800000        1.0000000000        1.0000000000       37.8687180541        0.0000000000        0.8869204367        0.1064304524        0.0106281816
       57.5510200000        1.0000000000        1.0000000000       34.9774242739        0.0000000000        0.8869204367        0.1064304524        0.0150362562
       57.6530610000        1.0000000000        1.0000000000       32.5848111067        0.0000000000        0.8869204367        0.1064304524        0.0200369475
       57.7551020000        1.0000000000        1.0000000000       30.5783017097        0.0000000000        0.8869204367        0.1064304524        0.0254918572
       57.8571430000        1.0000000000        1.0000000000       28.8760269029        0.0000000000        0.8869204367        0.1064304524        0.0312691519
       57.9591840000        1.0000000000        1.0000000000       27.4172734326        0.0000000000        0.8869204367        0.1064304524        0.0372511370
       58.0612240000        1.0000000000        1.0000000000       26.1563142934        0.0000000000        0.8869204367        0.1064304524        0.0433366009
       58.1632650000        1.0000000000        1.0000000000       25.0583325716        0.0000000000        0.8869204367        0.1064304524        0.0494397804
       58.2653060000        1.0000000000        1.0000000000       24.0969722631        0.0000000000        0.8869204367        0.1064304524        0.0554853270
       58.3673470000        1.0000000000        1.0000000000       23.2531762356        0.0000000000        0.8869204367        0.1064304524        0.0613978078
       58.4693880000        1.0000000000        1.0000000000       22.5172120588        0.0000000000        0.8869204367        0.1064304524        0.0670668466
       58.5714290000        1.0000000000        1.0000000000       21.9091288593        0.0000000000        0.8869204367        0.1064304524        0.0721436894
       58.6734690000        1.0000000000        1.0000000000       21.6046962343        0.0000000000        0.8869204367        0.1064304524        0.0748279689
       58.7755100000        1.0000000000        1.0000000000       22.3134032410        0.0000000000        0.8869204367        0.1064304524        0.0687273268
       58.8775510000        1.0000000000        1.0000000000       25.1634667381        0.0000000000        0.8869204367        0.1064304524        0.0488199612
       58.9795920000        1.0000000000        1.0000000000       29.1594626452        0.0000000000        0.8869204367        0.1064304524        0.0302234998
       59.0816330000        1.0000000000        1.0000000000       29.9865900901        0.0000000000        0.8869204367        0.1064304524        0.0273677269
       59.1836730000        1.0000000000        1.0000000000       26.1956733765        0.0000000000        0.8869204367        0.1064304524        0.0431324008
       59.2857140000        1.0000000000        1.0000000000       21.7663493904        0.0000000000        0.8869204367        0.1064304524        0.0733904158
       59.3877550000        1.0000000000        1.0000000000       19.3581604712        0.0000000000        0.8869204367        0.1064304524        0.0979812391
       59.4897960000        1.0000000000        1.0000000000       18.3982315931        0.0000000000        0.8869204367        0.1064304524        0.1099435979
       59.5918370000        1.0000000000        1.0000000000       17.9276798313        0.0000000000        0.8869204367        0.1064304524        0.1163303163
       59.6938780000        1.0000000000        1.0000000000       17.5909159107        0.0000000000        0.8869204367        0.1064304524        0.1211277011
       59.7959180000        1.0000000000        1.0000000000       17.3063288074        0.0000000000        0.8869204367        0.1064304524        0.1253357106
       59.8979590000        1.0000000000        1.0000000000       17.0531794779        0.0000000000        0.8869204367        0.1064304524        0.1292015698
       60.0000000000        1.0000000000        1.0000000000       16.8231434343        0.0000000000        0.8869204367        0.1064304524        0.1328177738
