       55.0000000000        1.0000000000        1.0000000000       10.8819644073        0.0000000000        0.8869204367        0.1064304524        0.2709460030
       55.1020410000        1.0000000000        1.0000000000       11.2432228017        0.0000000000        0.8869204367        0.1064304524        0.2594511771
       55.2040820000        1.0000000000        1.0000000000       11.6877964572        0.0000000000        0.8869204367        0.1064304524        0.2459724909
       55.3061220000        1.0000000000        1.0000000000       12.2423529810        0.0000000000        0.8869204367        0.1064304524        0.2301365714
       55.4081630000        1.0000000000        1.0000000000       12.9610897523        0.0000000000        0.8869204367        0.1064304524        0.2111195390
       55.5102040000        1.0000000000        1.0000000000       13.9905885517        0.0000000000        0.8869204367        0.1064304524        0.1865845808
       55.6122450000        1.0000000000        1.0000000000       15.6005631344        0.0000000000        0.8869204367        0.1064304524        0.1538053286
       55.7142860000        1.0000000000        1.0000000000       17.7863706091        0.0000000000        0.8869204367        0.1064304524        0.1183197619
       55.8163270000        1.0000000000        1.0000000000       19.8865327198        0.0000000000        0.8869204367        0.1064304524        0.0919616234
       55.9183670000        1.0000000000        1.0000000000       21.6640338161        0.0000000000        0.8869204367        0.1064304524        0.0742970481
       56.0204080000        1.0000000000        1.0000000000       24.1089746355        0.0000000000        0.8869204367        0.1064304524        0.0554054699
       56.1224490000        1.0000000000        1.0000000000       28.2259591267        0.0000000000        0.8869204367        0.1064304524        0.0338060636
       56.2244900000        1.0000000000        1.0000000000       34.6566545860        0.0000000000        0.8869204367        0.1064304524        0.0156263209
       56.3265310000        1.0000000000        1.0000000000       44.5797587638        0.0000000000        0.8869204367        0.1064304524        0.0047501881
       56.4285710000        1.0000000000        1.0000000000       60.7567580514        0.0000000000        0.8869204367        0.1064304524        0.0006817749
       56.5306120000        1.0000000000        1.0000000000       90.2361807948        0.0000000000        0.8869204367        0.1064304524        0.0000198295
       56.6326530000        1.0000000000        1.0000000000      156.1346508452        0.0000000000        0.8869204367        0.1064304524        0.0000000073
       56.7346940000        1.0000000000        1.0000000000      344.8365849000        0.0000000000        0.8869204367        0.1064304524        0.0000000000
       56.8367350000        1.0000000000        1.0000000000      899.0738593459        0.0000000000        0.8869204367        0.1064304524        0.0000000000
       56.9387760000        1.0000000000        1.0000000000     2077.5570594709        0.0000000000        0.8869204367        0.1064304524        0.0000000000
       57.0408160000        1.0000000000        1.0000000000     3405.2918157749        0.0000000000        0.8869204367        0.1064304524        0.0000000000
       57.1428570000        1.0000000000        1.0000000000     3609.3346353675        0.0000000000        0.8869204367        0.1064304524        0.0000000000
       57.2448980000        1.0000000000        1.0000000000     2471.5033528113        0.0000000000        0.8869204367        0.1064304524        0.0000000000
       57.3469390000        1.0000000000        1.0000000000     1193.8739601124        0.0000000000        0.8869204367        0.1064304524        0.0000000000
       57.4489800000        1.0000000000        1.0000000000      503.3153876310        0.0000000000        0.8869204367        0.1064304524        0.0000000000
       57.5510200000        1.0000000000        1.0000000000      245.7008387338        0.0000000000        0.8869204367        0.1064304524        0.0000000000
       57.6530610000        1.0000000000        1.0000000000      151.8968526703        0.0000000000        0.8869204367        0.1064304524        0.0000000121
       57.7551020000        1.0000000000        1.0000000000      108.9682616135        0.0000000000        0.8869204367        0.1064304524        0.0000020945
       57.8571430000        1.0000000000        1.0000000000       84.6340814712        0.0000000000        0.8869204367        0.1064304524        0.0000388388
       57.9591840000        1.0000000000        1.0000000000       69.0620268182        0.0000000000        0.8869204367        0.1064304524        0.0002516571
       58.0612240000        1.0000000000        1.0000000000       58.3546478477        0.0000000000        0.8869204367        0.1064304524        0.0009095526
       58.1632650000        1.0000000000        1.0000000000       50.6166974997        0.0000000000        0.8869204367        0.1064304524        0.0023019385
       58.2653060000        1.0000000000        1.0000000000       44.8120642203        0.0000000000        0.8869204367        0.1064304524        0.0046195975
       58.3673470000        1.0000000000        1.0000000000       40.3303422113        0.0000000000        0.8869204367        0.1064304524        0.0079098927
       58.4693880000        1.0000000000        1.0000000000       36.7953154240        0.0000000000        0.8869204367        0.1064304524        0.0120892597
       58.5714290000        1.0000000000        1.0000000000       33.9891602902        0.0000000000        0.8869204367        0.1064304524        0.0169294726
       58.6734690000        1.0000000000        1.0000000000       31.9267854689        0.0000000000        0.8869204367        0.1064304524        0.0216832706
       58.7755100000        1.0000000000        1.0000000000       31.2065636378        0.0000000000        0.8869204367        0.1064304524        0.0236406489
       58.8775510000        1.0000000000        1.0000000000       32.8876301096        0.0000000000        0.8869204367        0.1064304524        0.0193219096
       58.9795920000        1.0000000000        1.0000000000       35.9404793970        0.0000000000        0.8869204367        0.1064304524        0.0133952176
       59.0816330000        1.0000000000        1.0000000000       36.0091171436        0.0000000000        0.8869204367        0.1064304524        0.0132853407
       59.1836730000        1.0000000000        1.0000000000       31.5737956130        0.0000000000        0.8869204367        0.1064304524        0.0226214779
       59.2857140000        1.0000000000        1.0000000000       26.5692668117        0.0000000000        0.8869204367        0.1064304524        0.0412414270
       59.3877550000        1.0000000000        1.0000000000       23.6539511284        0.0000000000        0.8869204367        0.1064304524        0.0585148837
       59.4897960000        1.0000000000        1.0000000000       22.2564526197        0.0000000000        0.8869204367        0.1064304524        0.0691986231
       59.5918370000        1.0000000000        1.0000000000       21.4086301871        0.0000000000        0.8869204367        0.1064304524        0.0766093902
       59.6938780000        1.0000000000        1.0000000000       20.7440724660        0.0000000000        0.8869204367        0.1064304524        0.0829689618
       59.7959180000        1.0000000000        1.0000000000       20.1726545815        0.0000000000        0.8869204367        0.1064304524        0.0888577458
       59.8979590000        1.0000000000        1.0000000000       19.6670848598        0.0000000000        0.8869204367        0.1064304524        0.0944154850
       60.0000000000        1.0000000000        1.0000000000       19.2138343969        0.0000000000        0.8869204367        0.1064304524        0.0996929688
