       55.0000000000        1.0000000000        1.0000000000        9.5782641715        0.0000000000        0.8869204367        0.1064304524        0.3168294379
       55.1020410000        1.0000000000        1.0000000000        9.6531529694        0.0000000000        0.8869204367        0.1064304524        0.3139949562
       55.2040820000        1.0000000000        1.0000000000        9.7458361054        0.0000000000        0.8869204367        0.1064304524        0.3105220602
       55.3061220000        1.0000000000        1.0000000000        9.8641120663        0.0000000000        0.8869204367        0.1064304524        0.3061459139
       55.4081630000        1.0000000000        1.0000000000       10.0363010394        0.0000000000        0.8869204367        0.1064304524        0.2998850259
       55.5102040000        1.0000000000        1.0000000000       10.3735087651        0.0000000000        0.8869204367        0.1064304524        0.2879924392
       55.6122450000        1.0000000000        1.0000000000       11.0988123312        0.0000000000        0.8869204367        0.1064304524        0.2639864561
       55.7142860000        1.0000000000        1.0000000000       12.1454599393        0.0000000000        0.8869204367        0.1064304524        0.2328280239
       55.8163270000        1.0000000000        1.0000000000       12.7496054090        0.0000000000        0.8869204367        0.1064304524        0.2165459207
       55.9183670000        1.0000000000        1.0000000000       12.5015089448        0.0000000000        0.8869204367        0.1064304524        0.2230897609
       56.0204080000        1.0000000000        1.0000000000       12.1323302964        0.0000000000        0.8869204367        0.1064304524        0.2331951469
       56.1224490000        1.0000000000        1.0000000000       12.2397901649        0.0000000000        0.8869204367        0.1064304524        0.2302073580
       56.2244900000        1.0000000000        1.0000000000       12.7594718333        0.0000000000        0.8869204367        0.1064304524        0.2162896884
       56.3265310000        1.0000000000        1.0000000000       13.5381077398        0.0000000000        0.8869204367        0.1064304524        0.1969957885
       56.4285710000        1.0000000000        1.0000000000       14.5615892379        0.0000000000        0.8869204367        0.1064304524        0.1742279624
       56.5306120000        1.0000000000        1.0000000000       15.8958789069        0.0000000000        0.8869204367        0.1064304524        0.1484502388
       56.6326530000        1.0000000000        1.0000000000       17.6568138666        0.0000000000        0.8869204367        0.1064304524        0.1201736302
       56.7346940000        1.0000000000        1.0000000000       20.0246872981        0.0000000000        0.8869204367        0.1064304524        0.0904496012
       56.8367350000        1.0000000000        1.0000000000       23.2862795435        0.0000000000        0.8869204367        0.1064304524        0.0611543951
       56.9387760000        1.0000000000        1.0000000000       27.9187102387        0.0000000000        0.8869204367        0.1064304524        0.0350757515
       57.0408160000        1.0000000000        1.0000000000       34.7650408321        0.0000000000        0.8869204367        0.1064304524        0.0154243955
       57.1428570000        1.0000000000        1.0000000000       45.4448345612        0.0000000000        0.8869204367        0.1064304524        0.0042818071
       57.2448980000        1.0000000000        1.0000000000       63.5209170136        0.0000000000        0.8869204367        0.1064304524        0.0004893121
       57.3469390000        1.0000000000        1.0000000000       98.9794578169        0.0000000000        0.8869204367        0.1064304524        0.0000069447
       57.4489800000        1.0000000000        1.0000000000      188.3044300154        0.0000000000        0.8869204367        0.1064304524        0.0000000002
       57.5510200000        1.0000000000        1.0000000000      461.1199716469        0.0000000000        0.8869204367        0.1064304524        0.0000000000
       57.6530610000        1.0000000000        1.0000000000     1195.0709664848        0.0000000000        0.8869204367        0.1064304524        0.0000000000
       57.7551020000        1.0000000000        1.0000000000     2450.4177009404        0.0000000000        0.8869204367        0.1064304524        0.0000000000
       57.8571430000        1.0000000000        1.0000000000     3385.8753083403        0.0000000000        0.8869204367        0.1064304524        0.0000000000
       57.9591840000        1.0000000000        1.0000000000     2999.6903431789        0.0000000000        0.8869204367        0.1064304524        0.0000000000
       58.0612240000        1.0000000000        1.0000000000     1757.0631466191        0.0000000000        0.8869204367        0.1064304524        0.0000000000
       58.1632650000        1.0000000000        1.0000000000      776.4065151942        0.0000000000        0.8869204367        0.1064304524        0.0000000000
       58.2653060000        1.0000000000        1.0000000000      335.6491889209        0.0000000000        0.8869204367        0.1064304524        0.0000000000
       58.3673470000        1.0000000000        1.0000000000      180.1755174203        0.0000000000        0.8869204367        0.1064304524        0.0000000004
       58.4693880000        1.0000000000        1.0000000000      119.6008672234        0.0000000000        0.8869204367        0.1064304524        0.0000005847
       58.5714290000        1.0000000000        1.0000000000       89.3189254576        0.0000000000        0.8869204367        0.1064304524        0.0000221368
       58.6734690000        1.0000000000        1.0000000000       71.4545460032        0.0000000000        0.8869204367        0.1064304524        0.0001888523
       58.7755100000        1.0000000000        1.0000000000       60.6942233103        0.0000000000        0.8869204367        0.1064304524        0.0006869103
       58.8775510000        1.0000000000        1.0000000000       55.5984362729        0.0000000000        0.8869204367        0.1064304524        0.0012661020
       58.9795920000        1.0000000000        1.0000000000       53.9146749736        0.0000000000        0.8869204367        0.1064304524        0.0015495960
       59.0816330000        1.0000000000        1.0000000000       50.5827153453        0.0000000000        0.8869204367        0.1064304524        0.0023113446
       59.1836730000        1.0000000000        1.0000000000       43.5963232967        0.0000000000        0.8869204367        0.1064304524        0.0053451868
       59.2857140000        1.0000000000        1.0000000000       36.5910592738        0.0000000000        0.8869204367        0.1064304524        0.0123892377
       59.3877550000        1.0000000000        1.0000000000       32.0849551615        0.0000000000        0.8869204367        0.1064304524        0.0212755954
       59.4897960000        1.0000000000        1.0000000000       29.4205598338        0.0000000000        0.8869204367        0.1064304524        0.0292912284
       59.5918370000        1.0000000000        1.0000000000       27.5541263601        0.0000000000        0.8869204367        0.1064304524        0.0366443815
       59.6938780000        1.0000000000        1.0000000000       26.0596436709        0.0000000000        0.8869204367        0.1064304524        0.0438422533
       59.7959180000        1.0000000000        1.0000000000       24.8038163268        0.0000000000        0.8869204367        0.1064304524        0.0509730632
       59.8979590000        1.0000000000        1.0000000000       23.7279568510        0.0000000000        0.8869204367        0.1064304524        0.0579975319
       60.0000000000        1.0000000000        1.0000000000       22.7951925032        0.0000000000        0.8869204367        0.1064304524        0.0648665562
