       55.0000000000        1.0000000000        1.0000000000        9.8190769521        0.0000000000        0.8869204367        0.1064304524        0.3078048705
       55.1020410000        1.0000000000        1.0000000000        9.8454297505        0.0000000000        0.8869204367        0.1064304524        0.3068330256
       55.2040820000        1.0000000000        1.0000000000        9.8818708557        0.0000000000        0.8869204367        0.1064304524        0.3054941948
       55.3061220000        1.0000000000        1.0000000000        9.9347844973        0.0000000000        0.8869204367        0.1064304524        0.3035605630
       55.4081630000        1.0000000000        1.0000000000       10.0306538167        0.0000000000        0.8869204367        0.1064304524        0.3000883169
       55.5102040000        1.0000000000        1.0000000000       10.2784319477        0.0000000000        0.8869204367        0.1064304524        0.2912970233
       55.6122450000        1.0000000000        1.0000000000       10.9002548288        0.0000000000        0.8869204367        0.1064304524        0.2703519692
       55.7142860000        1.0000000000        1.0000000000       11.8310709110        0.0000000000        0.8869204367        0.1064304524        0.2417796489
       55.8163270000        1.0000000000        1.0000000000       12.3049811458        0.0000000000        0.8869204367        0.1064304524        0.2284134905
       55.9183670000        1.0000000000        1.0000000000       11.9004567093        0.0000000000        0.8869204367        0.1064304524        0.2397748778
       56.0204080000        1.0000000000        1.0000000000       11.3384306820        0.0000000000        0.8869204367        0.1064304524        0.2565038302
       56.1224490000        1.0000000000        1.0000000000       11.2138979758        0.0000000000        0.8869204367        0.1064304524        0.2603657887
       56.2244900000        1.0000000000        1.0000000000       11.4584754993        0.0000000000        0.8869204367        0.1064304524        0.2528352824
       56.3265310000        1.0000000000        1.0000000000       11.9102784347        0.0000000000        0.8869204367        0.1064304524        0.2394924439
       56.4285710000        1.0000000000        1.0000000000       12.5441949652        0.0000000000        0.8869204367        0.1064304524        0.2219499449
       56.5306120000        1.0000000000        1.0000000000       13.4144196741        0.0000000000        0.8869204367        0.1064304524        0.1999415189
       56.6326530000        1.0000000000        1.0000000000       14.6266040915        0.0000000000        0.8869204367        0.1064304524        0.1728739624
       56.7346940000        1.0000000000        1.0000000000       16.3592470887        0.0000000000        0.8869204367        0.1064304524        0.1404210808
       56.8367350000        1.0000000000        1.0000000000       18.9255003758        0.0000000000        0.8869204367        0.1064304524        0.1032027225
       56.9387760000        1.0000000000        1.0000000000       22.9170843236        0.0000000000        0.8869204367        0.1064304524        0.0639246573
       57.0408160000        1.0000000000        1.0000000000       29.5976928041        0.0000000000        0.8869204367        0.1064304524        0.0286751858
       57.1428570000        1.0000000000        1.0000000000       42.3727383446        0.0000000000        0.8869204367        0.1064304524        0.0061905670
       57.2448980000        1.0000000000        1.0000000000       74.0527758850        0.0000000000        0.8869204367        0.1064304524        0.0001382657
       57.3469390000        1.0000000000        1.0000000000      178.3666521469        0.0000000000        0.8869204367        0.1064304524        0.0000000005
       57.4489800000        1.0000000000        1.0000000000      509.4977932262        0.0000000000        0.8869204367        0.1064304524        0.0000000000
       57.5510200000        1.0000000000        1.0000000000     1208.7278515838        0.0000000000        0.8869204367        0.1064304524        0.0000000000
       57.6530610000        1.0000000000        1.0000000000     1924.8114729632        0.0000000000        0.8869204367        0.1064304524        0.0000000000
       57.7551020000        1.0000000000        1.0000000000     1913.4895657301        0.0000000000        0.8869204367        0.1064304524        0.0000000000
       57.8571430000        1.0000000000        1.0000000000     1200.8440776191        0.0000000000        0.8869204367        0.1064304524        0.0000000000
       57.9591840000        1.0000000000        1.0000000000      527.5184246474        0.0000000000        0.8869204367        0.1064304524        0.0000000000
       58.0612240000        1.0000000000        1.0000000000      209.1439334474        0.0000000000        0.8869204367        0.1064304524        0.0000000000
       58.1632650000        1.0000000000        1.0000000000      103.5879341961        0.0000000000        0.8869204367        0.1064304524        0.0000039947
       58.2653060000        1.0000000000        1.0000000000       67.5308719339        0.0000000000        0.8869204367        0.1064304524        0.0003024167
       58.3673470000        1.0000000000        1.0000000000       51.0375849499        0.0000000000        0.8869204367        0.1064304524        0.0021885628
       58.4693880000        1.0000000000        1.0000000000       41.5510563615        0.0000000000        0.8869204367        0.1064304524        0.0068320756
       58.5714290000        1.0000000000        1.0000000000       35.4527181380        0.0000000000        0.8869204367        0.1064304524        0.0142026576
       58.6734690000        1.0000000000        1.0000000000       31.4722390831        0.0000000000        0.8869204367        0.1064304524        0.0228988477
       58.7755100000        1.0000000000        1.0000000000       29.6115676848        0.0000000000        0.8869204367        0.1064304524        0.0286274817
       58.8775510000        1.0000000000        1.0000000000       30.6154103141        0.0000000000        0.8869204367        0.1064304524        0.0253785935
       58.9795920000        1.0000000000        1.0000000000       33.2754507195        0.0000000000        0.8869204367        0.1064304524        0.0184433006
       59.0816330000        1.0000000000        1.0000000000       33.1911398484        0.0000000000        0.8869204367        0.1064304524        0.0186308442
       59.1836730000        1.0000000000        1.0000000000       29.1392032899        0.0000000000        0.8869204367        0.1064304524        0.0302970662
       59.2857140000        1.0000000000        1.0000000000       26.3562421211        0.0000000000        0.8869204367        0.1064304524        0.0423092706
       59.3877550000        1.0000000000        1.0000000000       29.8095722014        0.0000000000        0.8869204367        0.1064304524        0.0279552947
       59.4897960000        1.0000000000        1.0000000000       37.4991179977        0.0000000000        0.8869204367        0.1064304524        0.0111101724
       59.5918370000        1.0000000000        1.0000000000       39.9670655592        0.0000000000        0.8869204367        0.1064304524        0.0082623365
       59.6938780000        1.0000000000        1.0000000000       32.9088848597        0.0000000000        0.8869204367        0.1064304524        0.0192726905
       59.7959180000        1.0000000000        1.0000000000       23.8922386824        0.0000000000        0.8869204367        0.1064304524        0.0568653753
       59.8979590000        1.0000000000        1.0000000000       18.9308532465        0.0000000000        0.8869204367        0.1064304524        0.1031364521
       60.0000000000        1.0000000000        1.0000000000       17.1300461665        0.0000000000        0.8869204367        0.1064304524        0.1280152937
