       55.0000000000        1.0000000000        1.0000000000        9.9084286550        0.0000000000        0.8869204367        0.1064304524        0.3045221542
       55.1020410000        1.0000000000        1.0000000000        9.9222461190        0.0000000000        0.8869204367        0.1064304524        0.3040176457
       55.2040820000        1.0000000000        1.0000000000        9.9431992531        0.0000000000        0.8869204367        0.1064304524        0.3032541912
       55.3061220000        1.0000000000        1.0000000000        9.9769366202        0.0000000000        0.8869204367        0.1064304524        0.3020289533
       55.4081630000        1.0000000000        1.0000000000       10.0489579515        0.0000000000        0.8869204367        0.1064304524        0.2994298974
       55.5102040000        1.0000000000        1.0000000000       10.2669647295        0.0000000000        0.8869204367        0.1064304524        0.2916981432
       55.6122450000        1.0000000000        1.0000000000       10.8519428700        0.0000000000        0.8869204367        0.1064304524        0.2719238692
       55.7142860000        1.0000000000        1.0000000000       11.7381138041        0.0000000000        0.8869204367        0.1064304524        0.2444917638
       55.8163270000        1.0000000000        1.0000000000       12.1572436547        0.0000000000        0.8869204367        0.1064304524        0.2324990271
       55.9183670000        1.0000000000        1.0000000000       11.6818601977        0.0000000000        0.8869204367        0.1064304524        0.2461477721
       56.0204080000        1.0000000000        1.0000000000       11.0261975111        0.0000000000        0.8869204367        0.1064304524        0.2662968270
       56.1224490000        1.0000000000        1.0000000000       10.7788727765        0.0000000000        0.8869204367        0.1064304524        0.2743186936
       56.2244900000        1.0000000000        1.0000000000       10.8619538082        0.0000000000        0.8869204367        0.1064304524        0.2715973998
       56.3265310000        1.0000000000        1.0000000000       11.0979577242        0.0000000000        0.8869204367        0.1064304524        0.2640135301
       56.4285710000        1.0000000000        1.0000000000       11.4376256643        0.0000000000        0.8869204367        0.1064304524        0.2534686633
       56.5306120000        1.0000000000        1.0000000000       11.8970944034        0.0000000000        0.8869204367        0.1064304524        0.2398716409
       56.6326530000        1.0000000000        1.0000000000       12.5195044882        0.0000000000        0.8869204367        0.1064304524        0.2226085261
       56.7346940000        1.0000000000        1.0000000000       13.3753141379        0.0000000000        0.8869204367        0.1064304524        0.2008819822
       56.8367350000        1.0000000000        1.0000000000       14.5788155837        0.0000000000        0.8869204367        0.1064304524        0.1738681771
       56.9387760000        1.0000000000        1.0000000000       16.3232758956        0.0000000000        0.8869204367        0.1064304524        0.1410285245
       57.0408160000        1.0000000000        1.0000000000       18.9563046777        0.0000000000        0.8869204367        0.1064304524        0.1028219362
       57.1428570000        1.0000000000        1.0000000000       23.1611188329        0.0000000000        0.8869204367        0.1064304524        0.0620798226
       57.2448980000        1.0000000000        1.0000000000       30.5054495081        0.0000000000        0.8869204367        0.1064304524        0.0257156907
       57.3469390000        1.0000000000        1.0000000000       45.8460345486        0.0000000000        0.8869204367        0.1064304524        0.0040805473
       57.4489800000        1.0000000000        1.0000000000       89.6162644323        0.0000000000        0.8869204367        0.1064304524        0.0000213608
       57.5510200000        1.0000000000        1.0000000000      240.6714413597        0.0000000000        0.8869204367        0.1064304524        0.0000000000
       57.6530610000        1.0000000000        1.0000000000      665.2561547238        0.0000000000        0.8869204367        0.1064304524        0.0000000000
       57.7551020000        1.0000000000        1.0000000000     1366.0131853277        0.0000000000        0.8869204367        0.1064304524        0.0000000000
       57.8571430000        1.0000000000        1.0000000000     1804.3737836157        0.0000000000        0.8869204367        0.1064304524        0.0000000000
       57.9591840000        1.0000000000        1.0000000000     1480.5078094732        0.0000000000        0.8869204367        0.1064304524        0.0000000000
       58.0612240000        1.0000000000        1.0000000000      788.0273602847        0.0000000000        0.8869204367        0.1064304524        0.0000000000
       58.1632650000        1.0000000000        1.0000000000      317.5015530751        0.0000000000        0.8869204367        0.1064304524        0.0000000000
       58.2653060000        1.0000000000        1.0000000000      133.5203129458        0.0000000000        0.8869204367        0.1064304524        0.0000001100
       58.3673470000        1.0000000000        1.0000000000       75.3578866971        0.0000000000        0.8869204367        0.1064304524        0.0001182220
       58.4693880000        1.0000000000        1.0000000000       53.4006525814        0.0000000000        0.8869204367        0.1064304524        0.0016481888
       58.5714290000        1.0000000000        1.0000000000       42.2159921285        0.0000000000        0.8869204367        0.1064304524        0.0063081107
       58.6734690000        1.0000000000        1.0000000000       35.6319590738        0.0000000000        0.8869204367        0.1064304524        0.0139004358
       58.7755100000        1.0000000000        1.0000000000       32.2708758924        0.0000000000        0.8869204367        0.1064304524        0.0208061824
       58.8775510000        1.0000000000        1.0000000000       32.3366620911        0.0000000000        0.8869204367        0.1064304524        0.0206425778
       58.9795920000        1.0000000000        1.0000000000       34.3569715543        0.0000000000        0.8869204367        0.1064304524        0.0161985008
       59.0816330000        1.0000000000        1.0000000000       33.7417488992        0.0000000000        0.8869204367        0.1064304524        0.0174396336
       59.1836730000        1.0000000000        1.0000000000       28.8693361027        0.0000000000        0.8869204367        0.1064304524        0.0312942679
       59.2857140000        1.0000000000        1.0000000000       23.6100693486        0.0000000000        0.8869204367        0.1064304524        0.0588238248
       59.3877550000        1.0000000000        1.0000000000       20.5560728484        0.0000000000        0.8869204367        0.1064304524        0.0848620110
       59.4897960000        1.0000000000        1.0000000000       19.0893068367        0.0000000000        0.8869204367        0.1064304524        0.1011938980
       59.5918370000        1.0000000000        1.0000000000       18.2174763144        0.0000000000        0.8869204367        0.1064304524        0.1123543955
       59.6938780000        1.0000000000        1.0000000000       17.5603753915        0.0000000000        0.8869204367        0.1064304524        0.1215724318
       59.7959180000        1.0000000000        1.0000000000       17.0183363922        0.0000000000        0.8869204367        0.1064304524        0.1297429145
       59.8979590000        1.0000000000        1.0000000000       16.5571971660        0.0000000000        0.8869204367        0.1064304524        0.1371248218
       60.0000000000        1.0000000000        1.0000000000       16.1584990362        0.0000000000        0.8869204367        0.1064304524        0.1438448653
