       55.0000000000        1.0000000000        1.0000000000        9.9050838553        0.0000000000        0.8869204367        0.1064304524        0.3046444066
       55.1020410000        1.0000000000        1.0000000000       10.1448884499        0.0000000000        0.8869204367        0.1064304524        0.2960027264
       55.2040820000        1.0000000000        1.0000000000       10.4412009605        0.0000000000        0.8869204367        0.1064304524        0.2856625342
       55.3061220000        1.0000000000        1.0000000000       10.8127790588        0.0000000000        0.8869204367        0.1064304524        0.2732048259
       55.4081630000        1.0000000000        1.0000000000       11.3028422041        0.0000000000        0.8869204367        0.1064304524        0.2576016023
       55.5102040000        1.0000000000        1.0000000000       12.0427076079        0.0000000000        0.8869204367        0.1064304524        0.2357166307
       55.6122450000        1.0000000000        1.0000000000       13.2816247550        0.0000000000        0.8869204367        0.1064304524        0.2031531866
       55.7142860000        1.0000000000        1.0000000000       14.9869769505        0.0000000000        0.8869204367        0.1064304524        0.1655574136
       55.8163270000        1.0000000000        1.0000000000       16.4504068809        0.0000000000        0.8869204367        0.1064304524        0.1388933612
       55.9183670000        1.0000000000        1.0000000000       17.3545381362        0.0000000000        0.8869204367        0.1064304524        0.1246127218
       56.0204080000        1.0000000000        1.0000000000       18.5645756742        0.0000000000        0.8869204367        0.1064304524        0.1077707405
       56.1224490000        1.0000000000        1.0000000000       20.8796151986        0.0000000000        0.8869204367        0.1064304524        0.0816303766
       56.2244900000        1.0000000000        1.0000000000       24.5683337130        0.0000000000        0.8869204367        0.1064304524        0.0524339999
       56.3265310000        1.0000000000        1.0000000000       30.0667329614        0.0000000000        0.8869204367        0.1064304524        0.0271057891
       56.4285710000        1.0000000000        1.0000000000       38.4680849218        0.0000000000        0.8869204367        0.1064304524        0.0098906027
       56.5306120000        1.0000000000        1.0000000000       52.1562217417        0.0000000000        0.8869204367        0.1064304524        0.0019136428
       56.6326530000        1.0000000000        1.0000000000       77.1141494208        0.0000000000        0.8869204367        0.1064304524        0.0000957569
       56.7346940000        1.0000000000        1.0000000000      133.0844217568        0.0000000000        0.8869204367        0.1064304524        0.0000001159
       56.8367350000        1.0000000000        1.0000000000      295.1789420617        0.0000000000        0.8869204367        0.1064304524        0.0000000000
       56.9387760000        1.0000000000        1.0000000000      779.7353903476        0.0000000000        0.8869204367        0.1064304524        0.0000000000
       57.0408160000        1.0000000000        1.0000000000     1829.2796807638        0.0000000000        0.8869204367        0.1064304524        0.0000000000
       57.1428570000        1.0000000000        1.0000000000     3036.5345030476        0.0000000000        0.8869204367        0.1064304524        0.0000000000
       57.2448980000        1.0000000000        1.0000000000     3247.0942179776        0.0000000000        0.8869204367        0.1064304524        0.0000000000
       57.3469390000        1.0000000000        1.0000000000     2232.2251430551        0.0000000000        0.8869204367        0.1064304524        0.0000000000
       57.4489800000        1.0000000000        1.0000000000     1074.9165726105        0.0000000000        0.8869204367        0.1064304524        0.0000000000
       57.5510200000        1.0000000000        1.0000000000      448.2344391103        0.0000000000        0.8869204367        0.1064304524        0.0000000000
       57.6530610000        1.0000000000        1.0000000000      216.3721711959        0.0000000000        0.8869204367        0.1064304524        0.0000000000
       57.7551020000        1.0000000000        1.0000000000      133.2353393300        0.0000000000        0.8869204367        0.1064304524        0.0000001139
       57.8571430000        1.0000000000        1.0000000000       95.6173981149        0.0000000000        0.8869204367        0.1064304524        0.0000103960
       57.9591840000        1.0000000000        1.0000000000       74.3846072595        0.0000000000        0.8869204367        0.1064304524        0.0001328682
       58.0612240000        1.0000000000        1.0000000000       60.8157989600        0.0000000000        0.8869204367        0.1064304524        0.0006769617
       58.1632650000        1.0000000000        1.0000000000       51.4902358629        0.0000000000        0.8869204367        0.1064304524        0.0020728552
       58.2653060000        1.0000000000        1.0000000000       44.7524310321        0.0000000000        0.8869204367        0.1064304524        0.0046527738
       58.3673470000        1.0000000000        1.0000000000       39.7000859844        0.0000000000        0.8869204367        0.1064304524        0.0085313274
       58.4693880000        1.0000000000        1.0000000000       35.8065761296        0.0000000000        0.8869204367        0.1064304524        0.0136121958
       58.5714290000        1.0000000000        1.0000000000       32.7715114418        0.0000000000        0.8869204367        0.1064304524        0.0195930303
       58.6734690000        1.0000000000        1.0000000000       30.5623211822        0.0000000000        0.8869204367        0.1064304524        0.0255407889
       58.7755100000        1.0000000000        1.0000000000       29.7487919537        0.0000000000        0.8869204367        0.1064304524        0.0281599356
       58.8775510000        1.0000000000        1.0000000000       31.3703585836        0.0000000000        0.8869204367        0.1064304524        0.0231805195
       58.9795920000        1.0000000000        1.0000000000       34.3816341581        0.0000000000        0.8869204367        0.1064304524        0.0161506320
       59.0816330000        1.0000000000        1.0000000000       34.4189804377        0.0000000000        0.8869204367        0.1064304524        0.0160784140
       59.1836730000        1.0000000000        1.0000000000       29.9655530748        0.0000000000        0.8869204367        0.1064304524        0.0274369024
       59.2857140000        1.0000000000        1.0000000000       24.9569560882        0.0000000000        0.8869204367        0.1064304524        0.0500448973
       59.3877550000        1.0000000000        1.0000000000       22.0458848325        0.0000000000        0.8869204367        0.1064304524        0.0709694214
       59.4897960000        1.0000000000        1.0000000000       20.6563081183        0.0000000000        0.8869204367        0.1064304524        0.0838473853
       59.5918370000        1.0000000000        1.0000000000       19.8187144745        0.0000000000        0.8869204367        0.1064304524        0.0927130781
       59.6938780000        1.0000000000        1.0000000000       19.1664767915        0.0000000000        0.8869204367        0.1064304524        0.1002611281
       59.7959180000        1.0000000000        1.0000000000       18.6094452955        0.0000000000        0.8869204367        0.1064304524        0.1071920241
       59.8979590000        1.0000000000        1.0000000000       18.1204341246        0.0000000000        0.8869204367        0.1064304524        0.1136704172
       60.0000000000        1.0000000000        1.0000000000       17.6861901019        0.0000000000        0.8869204367        0.1064304524        0.1197507461
