       55.0000000000        1.0000000000        1.0000000000        9.4290883078        0.0000000000        0.8869204367        0.1064304524        0.3225521027
       55.1020410000        1.0000000000        1.0000000000        9.4667129246        0.0000000000        0.8869204367        0.1064304524        0.3210990775
       55.2040820000        1.0000000000        1.0000000000        9.5167274693        0.0000000000        0.8869204367        0.1064304524        0.3191776942
       55.3061220000        1.0000000000        1.0000000000        9.5859611761        0.0000000000        0.8869204367        0.1064304524        0.3165369365
       55.4081630000        1.0000000000        1.0000000000        9.7014811157        0.0000000000        0.8869204367        0.1064304524        0.3121792509
       55.5102040000        1.0000000000        1.0000000000        9.9729248932        0.0000000000        0.8869204367        0.1064304524        0.3021743872
       55.6122450000        1.0000000000        1.0000000000       10.6226770259        0.0000000000        0.8869204367        0.1064304524        0.2795088724
       55.7142860000        1.0000000000        1.0000000000       11.5849895106        0.0000000000        0.8869204367        0.1064304524        0.2490258080
       55.8163270000        1.0000000000        1.0000000000       12.0945429616        0.0000000000        0.8869204367        0.1064304524        0.2342549667
       55.9183670000        1.0000000000        1.0000000000       11.7337622329        0.0000000000        0.8869204367        0.1064304524        0.2446194679
       56.0204080000        1.0000000000        1.0000000000       11.2269549457        0.0000000000        0.8869204367        0.1064304524        0.2599581575
       56.1224490000        1.0000000000        1.0000000000       11.1697923891        0.0000000000        0.8869204367        0.1064304524        0.2617474722
       56.2244900000        1.0000000000        1.0000000000       11.4948783660        0.0000000000        0.8869204367        0.1064304524        0.2517332198
       56.3265310000        1.0000000000        1.0000000000       12.0427425476        0.0000000000        0.8869204367        0.1064304524        0.2357156424
       56.4285710000        1.0000000000        1.0000000000       12.7911736183        0.0000000000        0.8869204367        0.1064304524        0.2154684392
       56.5306120000        1.0000000000        1.0000000000       13.7968633677        0.0000000000        0.8869204367        0.1064304524        0.1909729271
       56.6326530000        1.0000000000        1.0000000000       15.1660230223        0.0000000000        0.8869204367        0.1064304524        0.1620382659
       56.7346940000        1.0000000000        1.0000000000       17.0716704904        0.0000000000        0.8869204367        0.1064304524        0.1289151995
       56.8367350000        1.0000000000        1.0000000000       19.8039402323        0.0000000000        0.8869204367        0.1064304524        0.0928775957
       56.9387760000        1.0000000000        1.0000000000       23.8785659836        0.0000000000        0.8869204367        0.1064304524        0.0569587522
       57.0408160000        1.0000000000        1.0000000000       30.2923966307        0.0000000000        0.8869204367        0.1064304524        0.0263816234
       57.1428570000        1.0000000000        1.0000000000       41.2630929824        0.0000000000        0.8869204367        0.1064304524        0.0070722885
       57.2448980000        1.0000000000        1.0000000000       63.2105979658        0.0000000000        0.8869204367        0.1064304524        0.0005078768
       57.3469390000        1.0000000000        1.0000000000      121.2510655710        0.0000000000        0.8869204367        0.1064304524        0.0000004797
       57.4489800000        1.0000000000        1.0000000000      311.4345334988        0.0000000000        0.8869204367        0.1064304524        0.0000000000
       57.5510200000        1.0000000000        1.0000000000      851.4880127999        0.0000000000        0.8869204367        0.1064304524        0.0000000000
       57.6530610000        1.0000000000        1.0000000000     1800.2965971464        0.0000000000        0.8869204367        0.1064304524        0.0000000000
       57.7551020000        1.0000000000        1.0000000000     2504.8855124066        0.0000000000        0.8869204367        0.1064304524        0.0000000000
       57.8571430000        1.0000000000        1.0000000000     2188.6900847414        0.0000000000        0.8869204367        0.1064304524        0.0000000000
       57.9591840000        1.0000000000        1.0000000000     1240.9221793064        0.0000000000        0.8869204367        0.1064304524        0.0000000000
       58.0612240000        1.0000000000        1.0000000000      521.7072013513        0.0000000000        0.8869204367        0.1064304524        0.0000000000
       58.1632650000        1.0000000000        1.0000000000      217.1262723992        0.0000000000        0.8869204367        0.1064304524        0.0000000000
       58.2653060000        1.0000000000        1.0000000000      116.7261329287        0.0000000000        0.8869204367        0.1064304524        0.0000008256
       58.3673470000        1.0000000000        1.0000000000       79.1400590640        0.0000000000        0.8869204367        0.1064304524        0.0000750912
       58.4693880000        1.0000000000        1.0000000000       60.3522024667        0.0000000000        0.8869204367        0.1064304524        0.0007156894
       58.5714290000        1.0000000000        1.0000000000       49.0821157404        0.0000000000        0.8869204367        0.1064304524        0.0027673810
       58.6734690000        1.0000000000        1.0000000000       41.8566102668        0.0000000000        0.8869204367        0.1064304524        0.0065861045
       58.7755100000        1.0000000000        1.0000000000       37.7979341242        0.0000000000        0.8869204367        0.1064304524        0.0107188426
       58.8775510000        1.0000000000        1.0000000000       37.2285238963        0.0000000000        0.8869204367        0.1064304524        0.0114768551
       58.9795920000        1.0000000000        1.0000000000       38.7163160458        0.0000000000        0.8869204367        0.1064304524        0.0096003289
       59.0816330000        1.0000000000        1.0000000000       37.6685551200        0.0000000000        0.8869204367        0.1064304524        0.0108865563
       59.1836730000        1.0000000000        1.0000000000       32.4210840657        0.0000000000        0.8869204367        0.1064304524        0.0204345111
       59.2857140000        1.0000000000        1.0000000000       26.8163761056        0.0000000000        0.8869204367        0.1064304524        0.0400364443
       59.3877550000        1.0000000000        1.0000000000       23.4517805665        0.0000000000        0.8869204367        0.1064304524        0.0599518423
       59.4897960000        1.0000000000        1.0000000000       21.7147165261        0.0000000000        0.8869204367        0.1064304524        0.0738465503
       59.5918370000        1.0000000000        1.0000000000       20.6082831352        0.0000000000        0.8869204367        0.1064304524        0.0843319927
       59.6938780000        1.0000000000        1.0000000000       19.7456460526        0.0000000000        0.8869204367        0.1064304524        0.0935295803
       59.7959180000        1.0000000000        1.0000000000       19.0219357091        0.0000000000        0.8869204367        0.1064304524        0.1020153196
       59.8979590000        1.0000000000        1.0000000000       18.3990605997        0.0000000000        0.8869204367        0.1064304524        0.1099326612
       60.0000000000        1.0000000000        1.0000000000       17.8554795985        0.0000000000        0.8869204367        0.1064304524        0.1173425843
