       55.0000000000        1.0000000000        1.0000000000        9.9433505677        0.0000000000        0.8869204367        0.1064304524        0.3032486848
       55.1020410000        1.0000000000        1.0000000000        9.9447246303        0.0000000000        0.8869204367        0.1064304524        0.3031986870
       55.2040820000        1.0000000000        1.0000000000        9.9505437538        0.0000000000        0.8869204367        0.1064304524        0.3029870389
       55.3061220000        1.0000000000        1.0000000000        9.9658267623        0.0000000000        0.8869204367        0.1064304524        0.3024318817
       55.4081630000        1.0000000000        1.0000000000       10.0152364770        0.0000000000        0.8869204367        0.1064304524        0.3006440184
       55.5102040000        1.0000000000        1.0000000000       10.2054321055        0.0000000000        0.8869204367        0.1064304524        0.2938599891
       55.6122450000        1.0000000000        1.0000000000       10.7565846175        0.0000000000        0.8869204367        0.1064304524        0.2750533627
       55.7142860000        1.0000000000        1.0000000000       11.6027262970        0.0000000000        0.8869204367        0.1064304524        0.2484963416
       55.8163270000        1.0000000000        1.0000000000       11.9739742689        0.0000000000        0.8869204367        0.1064304524        0.2376688615
       55.9183670000        1.0000000000        1.0000000000       11.4377177259        0.0000000000        0.8869204367        0.1064304524        0.2534658632
       56.0204080000        1.0000000000        1.0000000000       10.7028362677        0.0000000000        0.8869204367        0.1064304524        0.2768331358
       56.1224490000        1.0000000000        1.0000000000       10.3539019597        0.0000000000        0.8869204367        0.1064304524        0.2886708304
       56.2244900000        1.0000000000        1.0000000000       10.3070361662        0.0000000000        0.8869204367        0.1064304524        0.2902988585
       56.3265310000        1.0000000000        1.0000000000       10.3748679707        0.0000000000        0.8869204367        0.1064304524        0.2879454702
       56.4285710000        1.0000000000        1.0000000000       10.4934510003        0.0000000000        0.8869204367        0.1064304524        0.2838770321
       56.5306120000        1.0000000000        1.0000000000       10.6571559128        0.0000000000        0.8869204367        0.1064304524        0.2783548029
       56.6326530000        1.0000000000        1.0000000000       10.8758621310        0.0000000000        0.8869204367        0.1064304524        0.2711444821
       56.7346940000        1.0000000000        1.0000000000       11.1672884638        0.0000000000        0.8869204367        0.1064304524        0.2618261315
       56.8367350000        1.0000000000        1.0000000000       11.5584684440        0.0000000000        0.8869204367        0.1064304524        0.2498196021
       56.9387760000        1.0000000000        1.0000000000       12.0905782037        0.0000000000        0.8869204367        0.1064304524        0.2343664450
       57.0408160000        1.0000000000        1.0000000000       12.8279921601        0.0000000000        0.8869204367        0.1064304524        0.2145185511
       57.1428570000        1.0000000000        1.0000000000       13.8754342151        0.0000000000        0.8869204367        0.1064304524        0.1891808003
       57.2448980000        1.0000000000        1.0000000000       15.4122294533        0.0000000000        0.8869204367        0.1064304524        0.1573209120
       57.3469390000        1.0000000000        1.0000000000       17.7670819657        0.0000000000        0.8869204367        0.1064304524        0.1185939464
       57.4489800000        1.0000000000        1.0000000000       21.6042171182        0.0000000000        0.8869204367        0.1064304524        0.0748322712
       57.5510200000        1.0000000000        1.0000000000       28.5351107665        0.0000000000        0.8869204367        0.1064304524        0.0325748978
       57.6530610000        1.0000000000        1.0000000000       44.0933984730        0.0000000000        0.8869204367        0.1064304524        0.0050356744
       57.7551020000        1.0000000000        1.0000000000       92.8786254491        0.0000000000        0.8869204367        0.1064304524        0.0000144411
       57.8571430000        1.0000000000        1.0000000000      263.0529263049        0.0000000000        0.8869204367        0.1064304524        0.0000000000
       57.9591840000        1.0000000000        1.0000000000      701.6116066627        0.0000000000        0.8869204367        0.1064304524        0.0000000000
       58.0612240000        1.0000000000        1.0000000000     1316.0489225967        0.0000000000        0.8869204367        0.1064304524        0.0000000000
       58.1632650000        1.0000000000        1.0000000000     1557.0968801084        0.0000000000        0.8869204367        0.1064304524        0.0000000000
       58.2653060000        1.0000000000        1.0000000000     1143.9945630605        0.0000000000        0.8869204367        0.1064304524        0.0000000000
       58.3673470000        1.0000000000        1.0000000000      556.4425789213        0.0000000000        0.8869204367        0.1064304524        0.0000000000
       58.4693880000        1.0000000000        1.0000000000      217.4347433482        0.0000000000        0.8869204367        0.1064304524        0.0000000000
       58.5714290000        1.0000000000        1.0000000000       96.7705358803        0.0000000000        0.8869204367        0.1064304524        0.0000090525
       58.6734690000        1.0000000000        1.0000000000       59.0997432047        0.0000000000        0.8869204367        0.1064304524        0.0008317579
       58.7755100000        1.0000000000        1.0000000000       45.0768728822        0.0000000000        0.8869204367        0.1064304524        0.0044751082
       58.8775510000        1.0000000000        1.0000000000       40.2081484933        0.0000000000        0.8869204367        0.1064304524        0.0080267319
       58.9795920000        1.0000000000        1.0000000000       39.5144799561        0.0000000000        0.8869204367        0.1064304524        0.0087234751
       59.0816330000        1.0000000000        1.0000000000       37.2666261398        0.0000000000        0.8869204367        0.1064304524        0.0114244997
       59.1836730000        1.0000000000        1.0000000000       31.3461813092        0.0000000000        0.8869204367        0.1064304524        0.0232478702
       59.2857140000        1.0000000000        1.0000000000       25.3763712415        0.0000000000        0.8869204367        0.1064304524        0.0475884807
       59.3877550000        1.0000000000        1.0000000000       21.8239793205        0.0000000000        0.8869204367        0.1064304524        0.0728846286
       59.4897960000        1.0000000000        1.0000000000       20.0006121491        0.0000000000        0.8869204367        0.1064304524        0.0907112896
       59.5918370000        1.0000000000        1.0000000000       18.8685785650        0.0000000000        0.8869204367        0.1064304524        0.1039100739
       59.6938780000        1.0000000000        1.0000000000       18.0179302492        0.0000000000        0.8869204367        0.1064304524        0.1150772508
       59.7959180000        1.0000000000        1.0000000000       17.3295143799        0.0000000000        0.8869204367        0.1064304524        0.1249874776
       59.8979590000        1.0000000000        1.0000000000       16.7561275891        0.0000000000        0.8869204367        0.1064304524        0.1338901876
       60.0000000000        1.0000000000        1.0000000000       16.2703508486        0.0000000000        0.8869204367        0.1064304524        0.1419270477
