       55.0000000000        1.0000000000        1.0000000000       10.0771218720        0.0000000000        0.8869204367        0.1064304524        0.2984196312
       55.1020410000        1.0000000000        1.0000000000       10.2386834317        0.0000000000        0.8869204367        0.1064304524        0.2926897772
       55.2040820000        1.0000000000        1.0000000000       10.4380128059        0.0000000000        0.8869204367        0.1064304524        0.2857718435
       55.3061220000        1.0000000000        1.0000000000       10.6884717387        0.0000000000        0.8869204367        0.1064304524        0.2773107366
       55.4081630000        1.0000000000        1.0000000000       11.0258757904        0.0000000000        0.8869204367        0.1064304524        0.2663071080
       55.5102040000        1.0000000000        1.0000000000       11.5713953991        0.0000000000        0.8869204367        0.1064304524        0.2494323737
       55.6122450000        1.0000000000        1.0000000000       12.5609981012        0.0000000000        0.8869204367        0.1064304524        0.2215028612
       55.7142860000        1.0000000000        1.0000000000       13.9444741085        0.0000000000        0.8869204367        0.1064304524        0.1876199522
       55.8163270000        1.0000000000        1.0000000000       14.9843098240        0.0000000000        0.8869204367        0.1064304524        0.1656104096
       55.9183670000        1.0000000000        1.0000000000       15.3137268083        0.0000000000        0.8869204367        0.1064304524        0.1591915290
       56.0204080000        1.0000000000        1.0000000000       15.7244259942        0.0000000000        0.8869204367        0.1064304524        0.1515361423
       56.1224490000        1.0000000000        1.0000000000       16.9013822457        0.0000000000        0.8869204367        0.1064304524        0.1315766287
       56.2244900000        1.0000000000        1.0000000000       18.9179351307        0.0000000000        0.8869204367        0.1064304524        0.1032964555
       56.3265310000        1.0000000000        1.0000000000       21.8506192330        0.0000000000        0.8869204367        0.1064304524        0.0726520038
       56.4285710000        1.0000000000        1.0000000000       26.0830301003        0.0000000000        0.8869204367        0.1064304524        0.0437193881
       56.5306120000        1.0000000000        1.0000000000       32.4132973544        0.0000000000        0.8869204367        0.1064304524        0.0204536141
       56.6326530000        1.0000000000        1.0000000000       42.4285290087        0.0000000000        0.8869204367        0.1064304524        0.0061492603
       56.7346940000        1.0000000000        1.0000000000       59.7413673059        0.0000000000        0.8869204367        0.1064304524        0.0007701201
       56.8367350000        1.0000000000        1.0000000000       95.1051076123        0.0000000000        0.8869204367        0.1064304524        0.0000110552
       56.9387760000        1.0000000000        1.0000000000      189.8823605876        0.0000000000        0.8869204367        0.1064304524        0.0000000001
       57.0408160000        1.0000000000        1.0000000000      487.8046231466        0.0000000000        0.8869204367        0.1064304524        0.0000000000
       57.1428570000        1.0000000000        1.0000000000     1258.7462422984        0.0000000000        0.8869204367        0.1064304524        0.0000000000
       57.2448980000        1.0000000000        1.0000000000     2448.8855923767        0.0000000000        0.8869204367        0.1064304524        0.0000000000
       57.3469390000        1.0000000000        1.0000000000     3129.8252403951        0.0000000000        0.8869204367        0.1064304524        0.0000000000
       57.4489800000        1.0000000000        1.0000000000     2540.3689405268        0.0000000000        0.8869204367        0.1064304524        0.0000000000
       57.5510200000        1.0000000000        1.0000000000     1373.6901779365        0.0000000000        0.8869204367        0.1064304524        0.0000000000
       57.6530610000        1.0000000000        1.0000000000      579.1235352411        0.0000000000        0.8869204367        0.1064304524        0.0000000000
       57.7551020000        1.0000000000        1.0000000000      254.8973267631        0.0000000000        0.8869204367        0.1064304524        0.0000000000
       57.8571430000        1.0000000000        1.0000000000      143.9692449961        0.0000000000        0.8869204367        0.1064304524        0.0000000314
       57.9591840000        1.0000000000        1.0000000000       99.1337403523        0.0000000000        0.8869204367        0.1064304524        0.0000068173
       58.0612240000        1.0000000000        1.0000000000       75.6192124053        0.0000000000        0.8869204367        0.1064304524        0.0001145722
       58.1632650000        1.0000000000        1.0000000000       61.1596565030        0.0000000000        0.8869204367        0.1064304524        0.0006495967
       58.2653060000        1.0000000000        1.0000000000       51.4636005809        0.0000000000        0.8869204367        0.1064304524        0.0020794911
       58.3673470000        1.0000000000        1.0000000000       44.5847774920        0.0000000000        0.8869204367        0.1064304524        0.0047473282
       58.4693880000        1.0000000000        1.0000000000       39.5056306892        0.0000000000        0.8869204367        0.1064304524        0.0087327436
       58.5714290000        1.0000000000        1.0000000000       35.6707945268        0.0000000000        0.8869204367        0.1064304524        0.0138358069
       58.6734690000        1.0000000000        1.0000000000       32.9055414910        0.0000000000        0.8869204367        0.1064304524        0.0192804244
       58.7755100000        1.0000000000        1.0000000000       31.6958964182        0.0000000000        0.8869204367        0.1064304524        0.0222924423
       58.8775510000        1.0000000000        1.0000000000       33.0299288608        0.0000000000        0.8869204367        0.1064304524        0.0189947726
       58.9795920000        1.0000000000        1.0000000000       35.8298704399        0.0000000000        0.8869204367        0.1064304524        0.0135741986
       59.0816330000        1.0000000000        1.0000000000       35.7101704914        0.0000000000        0.8869204367        0.1064304524        0.0137705853
       59.1836730000        1.0000000000        1.0000000000       31.1381838303        0.0000000000        0.8869204367        0.1064304524        0.0238354321
       59.2857140000        1.0000000000        1.0000000000       26.0386659976        0.0000000000        0.8869204367        0.1064304524        0.0439527573
       59.3877550000        1.0000000000        1.0000000000       23.0573754782        0.0000000000        0.8869204367        0.1064304524        0.0628574976
       59.4897960000        1.0000000000        1.0000000000       21.6133324245        0.0000000000        0.8869204367        0.1064304524        0.0747504616
       59.5918370000        1.0000000000        1.0000000000       20.7330589747        0.0000000000        0.8869204367        0.1064304524        0.0830786876
       59.6938780000        1.0000000000        1.0000000000       20.0467906222        0.0000000000        0.8869204367        0.1064304524        0.0902100107
       59.7959180000        1.0000000000        1.0000000000       19.4618917382        0.0000000000        0.8869204367        0.1064304524        0.0967691524
       59.8979590000        1.0000000000        1.0000000000       18.9491359951        0.0000000000        0.8869204367        0.1064304524        0.1029104260
       60.0000000000        1.0000000000        1.0000000000       18.4935114884        0.0000000000        0.8869204367        0.1064304524        0.1086937071
