       55.0000000000        1.0000000000        1.0000000000        9.9466778035        0.0000000000        0.8869204367        0.1064304524        0.3031276314
       55.1020410000        1.0000000000        1.0000000000       10.0197587723        0.0000000000        0.8869204367        0.1064304524        0.3004809105
       55.2040820000        1.0000000000        1.0000000000       10.1130415736        0.0000000000        0.8869204367        0.1064304524        0.2971361021
       55.3061220000        1.0000000000        1.0000000000       10.2355703651        0.0000000000        0.8869204367        0.1064304524        0.2927991371
       55.4081630000        1.0000000000        1.0000000000       10.4174027340        0.0000000000        0.8869204367        0.1064304524        0.2864794916
       55.5102040000        1.0000000000        1.0000000000       10.7722097026        0.0000000000        0.8869204367        0.1064304524        0.2745381180
       55.6122450000        1.0000000000        1.0000000000       11.5276253159        0.0000000000        0.8869204367        0.1064304524        0.2507459415
       55.7142860000        1.0000000000        1.0000000000       12.6247628334        0.0000000000        0.8869204367        0.1064304524        0.2198144407
       55.8163270000        1.0000000000        1.0000000000       13.3090010472        0.0000000000        0.8869204367        0.1064304524        0.2024868919
       55.9183670000        1.0000000000        1.0000000000       13.1798369344        0.0000000000        0.8869204367        0.1064304524        0.2056498256
       56.0204080000        1.0000000000        1.0000000000       12.9858793783        0.0000000000        0.8869204367        0.1064304524        0.2104924433
       56.1224490000        1.0000000000        1.0000000000       13.3582077883        0.0000000000        0.8869204367        0.1064304524        0.2012947686
       56.2244900000        1.0000000000        1.0000000000       14.2850159898        0.0000000000        0.8869204367        0.1064304524        0.1801074037
       56.3265310000        1.0000000000        1.0000000000       15.6987169383        0.0000000000        0.8869204367        0.1064304524        0.1520043663
       56.4285710000        1.0000000000        1.0000000000       17.7343062538        0.0000000000        0.8869204367        0.1064304524        0.1190613050
       56.5306120000        1.0000000000        1.0000000000       20.7328088601        0.0000000000        0.8869204367        0.1064304524        0.0830811811
       56.6326530000        1.0000000000        1.0000000000       25.3549982822        0.0000000000        0.8869204367        0.1064304524        0.0477106902
       56.7346940000        1.0000000000        1.0000000000       32.9911563788        0.0000000000        0.8869204367        0.1064304524        0.0190833555
       56.8367350000        1.0000000000        1.0000000000       47.2446355563        0.0000000000        0.8869204367        0.1064304524        0.0034500855
       56.9387760000        1.0000000000        1.0000000000       80.9346485085        0.0000000000        0.8869204367        0.1064304524        0.0000605429
       57.0408160000        1.0000000000        1.0000000000      186.8214821490        0.0000000000        0.8869204367        0.1064304524        0.0000000002
       57.1428570000        1.0000000000        1.0000000000      522.7064840611        0.0000000000        0.8869204367        0.1064304524        0.0000000000
       57.2448980000        1.0000000000        1.0000000000     1261.8148748105        0.0000000000        0.8869204367        0.1064304524        0.0000000000
       57.3469390000        1.0000000000        1.0000000000     2088.1698223813        0.0000000000        0.8869204367        0.1064304524        0.0000000000
       57.4489800000        1.0000000000        1.0000000000     2175.7050027173        0.0000000000        0.8869204367        0.1064304524        0.0000000000
       57.5510200000        1.0000000000        1.0000000000     1432.2575841239        0.0000000000        0.8869204367        0.1064304524        0.0000000000
       57.6530610000        1.0000000000        1.0000000000      653.5411352569        0.0000000000        0.8869204367        0.1064304524        0.0000000000
       57.7551020000        1.0000000000        1.0000000000      261.3078554556        0.0000000000        0.8869204367        0.1064304524        0.0000000000
       57.8571430000        1.0000000000        1.0000000000      126.2970653484        0.0000000000        0.8869204367        0.1064304524        0.0000002618
       57.9591840000        1.0000000000        1.0000000000       80.1478244393        0.0000000000        0.8869204367        0.1064304524        0.0000665379
       58.0612240000        1.0000000000        1.0000000000       59.4324454658        0.0000000000        0.8869204367        0.1064304524        0.0007992047
       58.1632650000        1.0000000000        1.0000000000       47.6653228693        0.0000000000        0.8869204367        0.1064304524        0.0032802398
       58.2653060000        1.0000000000        1.0000000000       40.0993708251        0.0000000000        0.8869204367        0.1064304524        0.0081321942
       58.3673470000        1.0000000000        1.0000000000       34.8778531168        0.0000000000        0.8869204367        0.1064304524        0.0152169951
       58.4693880000        1.0000000000        1.0000000000       31.1027807387        0.0000000000        0.8869204367        0.1064304524        0.0239369093
       58.5714290000        1.0000000000        1.0000000000       28.3110704432        0.0000000000        0.8869204367        0.1064304524        0.0334625474
       58.6734690000        1.0000000000        1.0000000000       26.3952872551        0.0000000000        0.8869204367        0.1064304524        0.0421114977
       58.7755100000        1.0000000000        1.0000000000       25.8893783333        0.0000000000        0.8869204367        0.1064304524        0.0447472450
       58.8775510000        1.0000000000        1.0000000000       27.8075327500        0.0000000000        0.8869204367        0.1064304524        0.0355468430
       58.9795920000        1.0000000000        1.0000000000       31.0773255908        0.0000000000        0.8869204367        0.1064304524        0.0240101392
       59.0816330000        1.0000000000        1.0000000000       31.3310969706        0.0000000000        0.8869204367        0.1064304524        0.0232899897
       59.1836730000        1.0000000000        1.0000000000       27.0842014786        0.0000000000        0.8869204367        0.1064304524        0.0387701686
       59.2857140000        1.0000000000        1.0000000000       22.2901868139        0.0000000000        0.8869204367        0.1064304524        0.0689190661
       59.3877550000        1.0000000000        1.0000000000       19.5878966564        0.0000000000        0.8869204367        0.1064304524        0.0953169525
       59.4897960000        1.0000000000        1.0000000000       18.3889997365        0.0000000000        0.8869204367        0.1064304524        0.1100654634
       59.5918370000        1.0000000000        1.0000000000       17.7232782712        0.0000000000        0.8869204367        0.1064304524        0.1192189700
       59.6938780000        1.0000000000        1.0000000000       17.2265595993        0.0000000000        0.8869204367        0.1064304524        0.1265412228
       59.7959180000        1.0000000000        1.0000000000       16.8105462475        0.0000000000        0.8869204367        0.1064304524        0.1330187013
       59.8979590000        1.0000000000        1.0000000000       16.4492321826        0.0000000000        0.8869204367        0.1064304524        0.1389129415
       60.0000000000        1.0000000000        1.0000000000       16.1301185426        0.0000000000        0.8869204367        0.1064304524        0.1443355870
