       55.0000000000        1.0000000000        1.0000000000       10.4419569338        0.0000000000        0.8869204367        0.1064304524        0.2856366210
       55.1020410000        1.0000000000        1.0000000000       10.4559562607        0.0000000000        0.8869204367        0.1064304524        0.2851571773
       55.2040820000        1.0000000000        1.0000000000       10.4770383364        0.0000000000        0.8869204367        0.1064304524        0.2844366845
       55.3061220000        1.0000000000        1.0000000000       10.5111005655        0.0000000000        0.8869204367        0.1064304524        0.2832764316
       55.4081630000        1.0000000000        1.0000000000       10.5840008185        0.0000000000        0.8869204367        0.1064304524        0.2808091286
       55.5102040000        1.0000000000        1.0000000000       10.8041081350        0.0000000000        0.8869204367        0.1064304524        0.2734892464
       55.6122450000        1.0000000000        1.0000000000       11.3944763511        0.0000000000        0.8869204367        0.1064304524        0.2547845069
       55.7142860000        1.0000000000        1.0000000000       12.2939737414        0.0000000000        0.8869204367        0.1064304524        0.2287153987
       55.8163270000        1.0000000000        1.0000000000       12.7385973268        0.0000000000        0.8869204367        0.1064304524        0.2168321604
       55.9183670000        1.0000000000        1.0000000000       12.3020866157        0.0000000000        0.8869204367        0.1064304524        0.2284928423
       56.0204080000        1.0000000000        1.0000000000       11.7049071672        0.0000000000        0.8869204367        0.1064304524        0.2454679574
       56.1224490000        1.0000000000        1.0000000000       11.5534879414        0.0000000000        0.8869204367        0.1064304524        0.2499689540
       56.2244900000        1.0000000000        1.0000000000       11.7996703296        0.0000000000        0.8869204367        0.1064304524        0.2426924101
       56.3265310000        1.0000000000        1.0000000000       12.3174793084        0.0000000000        0.8869204367        0.1064304524        0.2280711774
       56.4285710000        1.0000000000        1.0000000000       13.1577129660        0.0000000000        0.8869204367        0.1064304524        0.2061965259
       56.5306120000        1.0000000000        1.0000000000       14.5509827979        0.0000000000        0.8869204367        0.1064304524        0.1744498562
       56.6326530000        1.0000000000        1.0000000000       17.0885912180        0.0000000000        0.8869204367        0.1064304524        0.1286537044
       56.7346940000        1.0000000000        1.0000000000       22.8548593579        0.0000000000        0.8869204367        0.1064304524        0.0644037690
       56.8367350000        1.0000000000        1.0000000000       41.8439797376        0.0000000000        0.8869204367        0.1064304524        0.0065960944
       56.9387760000        1.0000000000        1.0000000000      113.5947778594        0.0000000000        0.8869204367        0.1064304524        0.0000012022
       57.0408160000        1.0000000000        1.0000000000      312.6313591447        0.0000000000        0.8869204367        0.1064304524        0.0000000000
       57.1428570000        1.0000000000        1.0000000000      608.8283780734        0.0000000000        0.8869204367        0.1064304524        0.0000000000
       57.2448980000        1.0000000000        1.0000000000      736.6116047852        0.0000000000        0.8869204367        0.1064304524        0.0000000000
       57.3469390000        1.0000000000        1.0000000000      542.6778346253        0.0000000000        0.8869204367        0.1064304524        0.0000000000
       57.4489800000        1.0000000000        1.0000000000      260.1561464741        0.0000000000        0.8869204367        0.1064304524        0.0000000000
       57.5510200000        1.0000000000        1.0000000000      100.5017499352        0.0000000000        0.8869204367        0.1064304524        0.0000057852
       57.6530610000        1.0000000000        1.0000000000       46.4246555678        0.0000000000        0.8869204367        0.1064304524        0.0038068292
       57.7551020000        1.0000000000        1.0000000000       30.4528588811        0.0000000000        0.8869204367        0.1064304524        0.0258784924
       57.8571430000        1.0000000000        1.0000000000       24.2397814128        0.0000000000        0.8869204367        0.1064304524        0.0545425706
       57.9591840000        1.0000000000        1.0000000000       20.9155034889        0.0000000000        0.8869204367        0.1064304524        0.0812795836
       58.0612240000        1.0000000000        1.0000000000       18.8273383429        0.0000000000        0.8869204367        0.1064304524        0.1044255814
       58.1632650000        1.0000000000        1.0000000000       17.4046658277        0.0000000000        0.8869204367        0.1064304524        0.1238653861
       58.2653060000        1.0000000000        1.0000000000       16.3842889081        0.0000000000        0.8869204367        0.1064304524        0.1399997462
       58.3673470000        1.0000000000        1.0000000000       15.6276420996        0.0000000000        0.8869204367        0.1064304524        0.1533063531
       58.4693880000        1.0000000000        1.0000000000       15.0605209096        0.0000000000        0.8869204367        0.1064304524        0.1641027523
       58.5714290000        1.0000000000        1.0000000000       14.6672996115        0.0000000000        0.8869204367        0.1064304524        0.1720317969
       58.6734690000        1.0000000000        1.0000000000       14.6048712163        0.0000000000        0.8869204367        0.1064304524        0.1733253966
       58.7755100000        1.0000000000        1.0000000000       15.5712126971        0.0000000000        0.8869204367        0.1064304524        0.1543479941
       58.8775510000        1.0000000000        1.0000000000       18.6710544149        0.0000000000        0.8869204367        0.1064304524        0.1064024656
       58.9795920000        1.0000000000        1.0000000000       22.8663016103        0.0000000000        0.8869204367        0.1064304524        0.0643153988
       59.0816330000        1.0000000000        1.0000000000       23.8388007371        0.0000000000        0.8869204367        0.1064304524        0.0572311992
       59.1836730000        1.0000000000        1.0000000000       20.2046244915        0.0000000000        0.8869204367        0.1064304524        0.0885175060
       59.2857140000        1.0000000000        1.0000000000       15.9770850155        0.0000000000        0.8869204367        0.1064304524        0.1470106565
       59.3877550000        1.0000000000        1.0000000000       13.7849830975        0.0000000000        0.8869204367        0.1064304524        0.1912453784
       59.4897960000        1.0000000000        1.0000000000       13.0284390284        0.0000000000        0.8869204367        0.1064304524        0.2094201656
       59.5918370000        1.0000000000        1.0000000000       12.7451717088        0.0000000000        0.8869204367        0.1064304524        0.2166611633
       59.6938780000        1.0000000000        1.0000000000       12.5827382150        0.0000000000        0.8869204367        0.1064304524        0.2209257546
       59.7959180000        1.0000000000        1.0000000000       12.4617759589        0.0000000000        0.8869204367        0.1064304524        0.2241559834
       59.8979590000        1.0000000000        1.0000000000       12.3628348563        0.0000000000        0.8869204367        0.1064304524        0.2268332342
       60.0000000000        1.0000000000        1.0000000000       12.2784643405        0.0000000000        0.8869204367        0.1064304524        0.2291414637
