       55.0000000000        1.0000000000        1.0000000000        9.1963691358        0.0000000000        0.8869204367        0.1064304524        0.3316867445
       55.1020410000        1.0000000000        1.0000000000        9.1991098454        0.0000000000        0.8869204367        0.1064304524        0.3315776755
       55.2040820000        1.0000000000        1.0000000000        9.2078414457        0.0000000000        0.8869204367        0.1064304524        0.3312304330
       55.3061220000        1.0000000000        1.0000000000        9.2279400640        0.0000000000        0.8869204367        0.1064304524        0.3304325228
       55.4081630000        1.0000000000        1.0000000000        9.2845532633        0.0000000000        0.8869204367        0.1064304524        0.3281953096
       55.5102040000        1.0000000000        1.0000000000        9.4849199773        0.0000000000        0.8869204367        0.1064304524        0.3203982912
       55.6122450000        1.0000000000        1.0000000000       10.0493792590        0.0000000000        0.8869204367        0.1064304524        0.2994147596
       55.7142860000        1.0000000000        1.0000000000       10.9112332736        0.0000000000        0.8869204367        0.1064304524        0.2699960384
       55.8163270000        1.0000000000        1.0000000000       11.3010896054        0.0000000000        0.8869204367        0.1064304524        0.2576557847
       55.9183670000        1.0000000000        1.0000000000       10.7900982415        0.0000000000        0.8869204367        0.1064304524        0.2739494198
       56.0204080000        1.0000000000        1.0000000000       10.0904686467        0.0000000000        0.8869204367        0.1064304524        0.2979420610
       56.1224490000        1.0000000000        1.0000000000        9.7877106646        0.0000000000        0.8869204367        0.1064304524        0.3089656171
       56.2244900000        1.0000000000        1.0000000000        9.7994942463        0.0000000000        0.8869204367        0.1064304524        0.3085290393
       56.3265310000        1.0000000000        1.0000000000        9.9419823327        0.0000000000        0.8869204367        0.1064304524        0.3032984788
       56.4285710000        1.0000000000        1.0000000000       10.1564281508        0.0000000000        0.8869204367        0.1064304524        0.2955931161
       56.5306120000        1.0000000000        1.0000000000       10.4443801523        0.0000000000        0.8869204367        0.1064304524        0.2855535738
       56.6326530000        1.0000000000        1.0000000000       10.8258851150        0.0000000000        0.8869204367        0.1064304524        0.2727754871
       56.7346940000        1.0000000000        1.0000000000       11.3335145705        0.0000000000        0.8869204367        0.1064304524        0.2566551950
       56.8367350000        1.0000000000        1.0000000000       12.0166820525        0.0000000000        0.8869204367        0.1064304524        0.2364539401
       56.9387760000        1.0000000000        1.0000000000       12.9515062566        0.0000000000        0.8869204367        0.1064304524        0.2113624703
       57.0408160000        1.0000000000        1.0000000000       14.2592910583        0.0000000000        0.8869204367        0.1064304524        0.1806642528
       57.1428570000        1.0000000000        1.0000000000       16.1425741508        0.0000000000        0.8869204367        0.1064304524        0.1441200137
       57.2448980000        1.0000000000        1.0000000000       18.9604537148        0.0000000000        0.8869204367        0.1064304524        0.1027707555
       57.3469390000        1.0000000000        1.0000000000       23.4052483810        0.0000000000        0.8869204367        0.1064304524        0.0602875415
       57.4489800000        1.0000000000        1.0000000000       31.0118763210        0.0000000000        0.8869204367        0.1064304524        0.0241994552
       57.5510200000        1.0000000000        1.0000000000       46.2282015605        0.0000000000        0.8869204367        0.1064304524        0.0038976394
       57.6530610000        1.0000000000        1.0000000000       86.8236708242        0.0000000000        0.8869204367        0.1064304524        0.0000298645
       57.7551020000        1.0000000000        1.0000000000      223.8237650426        0.0000000000        0.8869204367        0.1064304524        0.0000000000
       57.8571430000        1.0000000000        1.0000000000      629.5657675754        0.0000000000        0.8869204367        0.1064304524        0.0000000000
       57.9591840000        1.0000000000        1.0000000000     1378.1463933647        0.0000000000        0.8869204367        0.1064304524        0.0000000000
       58.0612240000        1.0000000000        1.0000000000     1980.1564136309        0.0000000000        0.8869204367        0.1064304524        0.0000000000
       58.1632650000        1.0000000000        1.0000000000     1775.3883067425        0.0000000000        0.8869204367        0.1064304524        0.0000000000
       58.2653060000        1.0000000000        1.0000000000     1021.0842562331        0.0000000000        0.8869204367        0.1064304524        0.0000000000
       58.3673470000        1.0000000000        1.0000000000      426.8226166773        0.0000000000        0.8869204367        0.1064304524        0.0000000000
       58.4693880000        1.0000000000        1.0000000000      173.1626127334        0.0000000000        0.8869204367        0.1064304524        0.0000000009
       58.5714290000        1.0000000000        1.0000000000       91.5180613518        0.0000000000        0.8869204367        0.1064304524        0.0000170022
       58.6734690000        1.0000000000        1.0000000000       62.4049664577        0.0000000000        0.8869204367        0.1064304524        0.0005594279
       58.7755100000        1.0000000000        1.0000000000       49.2627934790        0.0000000000        0.8869204367        0.1064304524        0.0027080263
       58.8775510000        1.0000000000        1.0000000000       43.9970582843        0.0000000000        0.8869204367        0.1064304524        0.0050942288
       58.9795920000        1.0000000000        1.0000000000       42.7787108162        0.0000000000        0.8869204367        0.1064304524        0.0058962112
       59.0816330000        1.0000000000        1.0000000000       40.0655613676        0.0000000000        0.8869204367        0.1064304524        0.0081652547
       59.1836730000        1.0000000000        1.0000000000       33.7418854361        0.0000000000        0.8869204367        0.1064304524        0.0174393479
       59.2857140000        1.0000000000        1.0000000000       27.4139827455        0.0000000000        0.8869204367        0.1064304524        0.0372658497
       59.3877550000        1.0000000000        1.0000000000       23.5501455231        0.0000000000        0.8869204367        0.1064304524        0.0592483432
       59.4897960000        1.0000000000        1.0000000000       21.4625610546        0.0000000000        0.8869204367        0.1064304524        0.0761151977
       59.5918370000        1.0000000000        1.0000000000       20.1066890817        0.0000000000        0.8869204367        0.1064304524        0.0895639226
       59.6938780000        1.0000000000        1.0000000000       19.0648429344        0.0000000000        0.8869204367        0.1064304524        0.1014914062
       59.7959180000        1.0000000000        1.0000000000       18.2118964813        0.0000000000        0.8869204367        0.1064304524        0.1124296510
       59.8979590000        1.0000000000        1.0000000000       17.4962197828        0.0000000000        0.8869204367        0.1064304524        0.1225119903
       60.0000000000        1.0000000000        1.0000000000       16.8870806453        0.0000000000        0.8869204367        0.1064304524        0.1318026333
