       55.0000000000        1.0000000000        1.0000000000        9.9852933400        0.0000000000        0.8869204367        0.1064304524        0.3017262285
       55.1020410000        1.0000000000        1.0000000000        9.9936075461        0.0000000000        0.8869204367        0.1064304524        0.3014253450
       55.2040820000        1.0000000000        1.0000000000       10.0081952592        0.0000000000        0.8869204367        0.1064304524        0.3008981538
       55.3061220000        1.0000000000        1.0000000000       10.0346007646        0.0000000000        0.8869204367        0.1064304524        0.2999462186
       55.4081630000        1.0000000000        1.0000000000       10.0981789200        0.0000000000        0.8869204367        0.1064304524        0.2976665227
       55.5102040000        1.0000000000        1.0000000000       10.3065218258        0.0000000000        0.8869204367        0.1064304524        0.2903167766
       55.6122450000        1.0000000000        1.0000000000       10.8811655797        0.0000000000        0.8869204367        0.1064304524        0.2709719769
       55.7142860000        1.0000000000        1.0000000000       11.7581692209        0.0000000000        0.8869204367        0.1064304524        0.2439040652
       55.8163270000        1.0000000000        1.0000000000       12.1702065013        0.0000000000        0.8869204367        0.1064304524        0.2321376463
       55.9183670000        1.0000000000        1.0000000000       11.6876829494        0.0000000000        0.8869204367        0.1064304524        0.2459758413
       56.0204080000        1.0000000000        1.0000000000       11.0241524164        0.0000000000        0.8869204367        0.1064304524        0.2663621873
       56.1224490000        1.0000000000        1.0000000000       10.7717595464        0.0000000000        0.8869204367        0.1064304524        0.2745529486
       56.2244900000        1.0000000000        1.0000000000       10.8577891678        0.0000000000        0.8869204367        0.1064304524        0.2717331664
       56.3265310000        1.0000000000        1.0000000000       11.1117789317        0.0000000000        0.8869204367        0.1064304524        0.2635760147
       56.4285710000        1.0000000000        1.0000000000       11.4965352034        0.0000000000        0.8869204367        0.1064304524        0.2516831750
       56.5306120000        1.0000000000        1.0000000000       12.0505228378        0.0000000000        0.8869204367        0.1064304524        0.2354956727
       56.6326530000        1.0000000000        1.0000000000       12.8596558266        0.0000000000        0.8869204367        0.1064304524        0.2137050044
       56.7346940000        1.0000000000        1.0000000000       14.0806509100        0.0000000000        0.8869204367        0.1064304524        0.1845789287
       56.8367350000        1.0000000000        1.0000000000       16.0157584779        0.0000000000        0.8869204367        0.1064304524        0.1463299878
       56.9387760000        1.0000000000        1.0000000000       19.3287976945        0.0000000000        0.8869204367        0.1064304524        0.0983270882
       57.0408160000        1.0000000000        1.0000000000       25.9229252682        0.0000000000        0.8869204367        0.1064304524        0.0445674712
       57.1428570000        1.0000000000        1.0000000000       43.6731307570        0.0000000000        0.8869204367        0.1064304524        0.0052961471
       57.2448980000        1.0000000000        1.0000000000      107.2713656019        0.0000000000        0.8869204367        0.1064304524        0.0000025675
       57.3469390000        1.0000000000        1.0000000000      313.2931353744        0.0000000000        0.8869204367        0.1064304524        0.0000000000
       57.4489800000        1.0000000000        1.0000000000      731.0042154207        0.0000000000        0.8869204367        0.1064304524        0.0000000000
       57.5510200000        1.0000000000        1.0000000000     1111.3387922641        0.0000000000        0.8869204367        0.1064304524        0.0000000000
       57.6530610000        1.0000000000        1.0000000000     1036.2082009248        0.0000000000        0.8869204367        0.1064304524        0.0000000000
       57.7551020000        1.0000000000        1.0000000000      605.5454103603        0.0000000000        0.8869204367        0.1064304524        0.0000000000
       57.8571430000        1.0000000000        1.0000000000      249.9534289975        0.0000000000        0.8869204367        0.1064304524        0.0000000000
       57.9591840000        1.0000000000        1.0000000000       98.8759992056        0.0000000000        0.8869204367        0.1064304524        0.0000070314
       58.0612240000        1.0000000000        1.0000000000       52.6391817768        0.0000000000        0.8869204367        0.1064304524        0.0018058899
       58.1632650000        1.0000000000        1.0000000000       37.0839758179        0.0000000000        0.8869204367        0.1064304524        0.0116776666
       58.2653060000        1.0000000000        1.0000000000       29.7223432468        0.0000000000        0.8869204367        0.1064304524        0.0282494529
       58.3673470000        1.0000000000        1.0000000000       25.3673610494        0.0000000000        0.8869204367        0.1064304524        0.0476399623
       58.4693880000        1.0000000000        1.0000000000       22.5149232276        0.0000000000        0.8869204367        0.1064304524        0.0670852697
       58.5714290000        1.0000000000        1.0000000000       20.5673126747        0.0000000000        0.8869204367        0.1064304524        0.0847476280
       58.6734690000        1.0000000000        1.0000000000       19.3925220907        0.0000000000        0.8869204367        0.1064304524        0.0975780556
       58.7755100000        1.0000000000        1.0000000000       19.5301681720        0.0000000000        0.8869204367        0.1064304524        0.0959795452
       58.8775510000        1.0000000000        1.0000000000       21.9977814650        0.0000000000        0.8869204367        0.1064304524        0.0713802702
       58.9795920000        1.0000000000        1.0000000000       25.7133133653        0.0000000000        0.8869204367        0.1064304524        0.0457027136
       59.0816330000        1.0000000000        1.0000000000       26.3209489428        0.0000000000        0.8869204367        0.1064304524        0.0424888380
       59.1836730000        1.0000000000        1.0000000000       22.3872844733        0.0000000000        0.8869204367        0.1064304524        0.0681207007
       59.2857140000        1.0000000000        1.0000000000       17.8957056212        0.0000000000        0.8869204367        0.1064304524        0.1167775221
       59.3877550000        1.0000000000        1.0000000000       15.4735382117        0.0000000000        0.8869204367        0.1064304524        0.1561677412
       59.4897960000        1.0000000000        1.0000000000       14.5215685524        0.0000000000        0.8869204367        0.1064304524        0.1750667015
       59.5918370000        1.0000000000        1.0000000000       14.0720053037        0.0000000000        0.8869204367        0.1064304524        0.1847705237
       59.6938780000        1.0000000000        1.0000000000       13.7662331301        0.0000000000        0.8869204367        0.1064304524        0.1916761642
       59.7959180000        1.0000000000        1.0000000000       13.5202633131        0.0000000000        0.8869204367        0.1064304524        0.1974180737
       59.8979590000        1.0000000000        1.0000000000       13.3112547490        0.0000000000        0.8869204367        0.1064304524        0.2024321379
       60.0000000000        1.0000000000        1.0000000000       13.1291748671        0.0000000000        0.8869204367        0.1064304524        0.2069038712
