       55.0000000000        1.0000000000        1.0000000000       10.3631430287        0.0000000000        0.8869204367        0.1064304524        0.2883508926
       55.1020410000        1.0000000000        1.0000000000       10.5769271334        0.0000000000        0.8869204367        0.1064304524        0.2810475924
       55.2040820000        1.0000000000        1.0000000000       10.8504321608        0.0000000000        0.8869204367        0.1064304524        0.2719731694
       55.3061220000        1.0000000000        1.0000000000       11.2064107766        0.0000000000        0.8869204367        0.1064304524        0.2605998231
       55.4081630000        1.0000000000        1.0000000000       11.6946848895        0.0000000000        0.8869204367        0.1064304524        0.2457692511
       55.5102040000        1.0000000000        1.0000000000       12.4577136294        0.0000000000        0.8869204367        0.1064304524        0.2242652815
       55.6122450000        1.0000000000        1.0000000000       13.7646440350        0.0000000000        0.8869204367        0.1064304524        0.1917127187
       55.7142860000        1.0000000000        1.0000000000       15.6182669978        0.0000000000        0.8869204367        0.1064304524        0.1534789216
       55.8163270000        1.0000000000        1.0000000000       17.3693925919        0.0000000000        0.8869204367        0.1064304524        0.1243907932
       55.9183670000        1.0000000000        1.0000000000       18.8033895200        0.0000000000        0.8869204367        0.1064304524        0.1047261174
       56.0204080000        1.0000000000        1.0000000000       20.9913461077        0.0000000000        0.8869204367        0.1064304524        0.0805432048
       56.1224490000        1.0000000000        1.0000000000       25.1741215768        0.0000000000        0.8869204367        0.1064304524        0.0487575808
       56.2244900000        1.0000000000        1.0000000000       32.6470467637        0.0000000000        0.8869204367        0.1064304524        0.0198878634
       56.3265310000        1.0000000000        1.0000000000       46.8428972375        0.0000000000        0.8869204367        0.1064304524        0.0036204836
       56.4285710000        1.0000000000        1.0000000000       80.7356559378        0.0000000000        0.8869204367        0.1064304524        0.0000620060
       56.5306120000        1.0000000000        1.0000000000      188.6093668092        0.0000000000        0.8869204367        0.1064304524        0.0000000001
       56.6326530000        1.0000000000        1.0000000000      533.1972354313        0.0000000000        0.8869204367        0.1064304524        0.0000000000
       56.7346940000        1.0000000000        1.0000000000     1288.6626752128        0.0000000000        0.8869204367        0.1064304524        0.0000000000
       56.8367350000        1.0000000000        1.0000000000     2116.7167394832        0.0000000000        0.8869204367        0.1064304524        0.0000000000
       56.9387760000        1.0000000000        1.0000000000     2174.4688224088        0.0000000000        0.8869204367        0.1064304524        0.0000000000
       57.0408160000        1.0000000000        1.0000000000     1405.3446457073        0.0000000000        0.8869204367        0.1064304524        0.0000000000
       57.1428570000        1.0000000000        1.0000000000      630.1731048181        0.0000000000        0.8869204367        0.1064304524        0.0000000000
       57.2448980000        1.0000000000        1.0000000000      250.4099275625        0.0000000000        0.8869204367        0.1064304524        0.0000000000
       57.3469390000        1.0000000000        1.0000000000      121.9966377622        0.0000000000        0.8869204367        0.1064304524        0.0000004386
       57.4489800000        1.0000000000        1.0000000000       78.0632792921        0.0000000000        0.8869204367        0.1064304524        0.0000854488
       57.5510200000        1.0000000000        1.0000000000       58.1309384478        0.0000000000        0.8869204367        0.1064304524        0.0009343003
       57.6530610000        1.0000000000        1.0000000000       46.7272233672        0.0000000000        0.8869204367        0.1064304524        0.0036710895
       57.7551020000        1.0000000000        1.0000000000       39.3636529978        0.0000000000        0.8869204367        0.1064304524        0.0088828009
       57.8571430000        1.0000000000        1.0000000000       34.2622480281        0.0000000000        0.8869204367        0.1064304524        0.0163836767
       57.9591840000        1.0000000000        1.0000000000       30.5515248226        0.0000000000        0.8869204367        0.1064304524        0.0255739000
       58.0612240000        1.0000000000        1.0000000000       27.7515116510        0.0000000000        0.8869204367        0.1064304524        0.0357866129
       58.1632650000        1.0000000000        1.0000000000       25.5773266060        0.0000000000        0.8869204367        0.1064304524        0.0464546276
       58.2653060000        1.0000000000        1.0000000000       23.8507737414        0.0000000000        0.8869204367        0.1064304524        0.0571490307
       58.3673470000        1.0000000000        1.0000000000       22.4566468796        0.0000000000        0.8869204367        0.1064304524        0.0675560520
       58.4693880000        1.0000000000        1.0000000000       21.3223224202        0.0000000000        0.8869204367        0.1064304524        0.0774069514
       58.5714290000        1.0000000000        1.0000000000       20.4257761884        0.0000000000        0.8869204367        0.1064304524        0.0861993068
       58.6734690000        1.0000000000        1.0000000000       19.9144091561        0.0000000000        0.8869204367        0.1064304524        0.0916545098
       58.7755100000        1.0000000000        1.0000000000       20.4775494949        0.0000000000        0.8869204367        0.1064304524        0.0856654282
       58.8775510000        1.0000000000        1.0000000000       23.2231224528        0.0000000000        0.8869204367        0.1064304524        0.0616196359
       58.9795920000        1.0000000000        1.0000000000       27.1315860098        0.0000000000        0.8869204367        0.1064304524        0.0385503415
       59.0816330000        1.0000000000        1.0000000000       27.8798073156        0.0000000000        0.8869204367        0.1064304524        0.0352398802
       59.1836730000        1.0000000000        1.0000000000       24.0360344867        0.0000000000        0.8869204367        0.1064304524        0.0558925524
       59.2857140000        1.0000000000        1.0000000000       19.5875886715        0.0000000000        0.8869204367        0.1064304524        0.0953204753
       59.3877550000        1.0000000000        1.0000000000       17.1799725937        0.0000000000        0.8869204367        0.1064304524        0.1272506251
       59.4897960000        1.0000000000        1.0000000000       16.2282044657        0.0000000000        0.8869204367        0.1064304524        0.1426466714
       59.5918370000        1.0000000000        1.0000000000       15.7700774715        0.0000000000        0.8869204367        0.1064304524        0.1507082702
       59.6938780000        1.0000000000        1.0000000000       15.4493969748        0.0000000000        0.8869204367        0.1064304524        0.1566208070
       59.7959180000        1.0000000000        1.0000000000       15.1839601496        0.0000000000        0.8869204367        0.1064304524        0.1616898608
       59.8979590000        1.0000000000        1.0000000000       14.9523547538        0.0000000000        0.8869204367        0.1064304524        0.1662466799
       60.0000000000        1.0000000000        1.0000000000       14.7456412431        0.0000000000        0.8869204367        0.1064304524        0.1704221049
