       55.0000000000        1.0000000000        1.0000000000       10.6699008838        0.0000000000        0.8869204367        0.1064304524        0.2779294134
       55.1020410000        1.0000000000        1.0000000000       10.7002741968        0.0000000000        0.8869204367        0.1064304524        0.2769182608
       55.2040820000        1.0000000000        1.0000000000       10.7434739496        0.0000000000        0.8869204367        0.1064304524        0.2754864392
       55.3061220000        1.0000000000        1.0000000000       10.8082704517        0.0000000000        0.8869204367        0.1064304524        0.2733526787
       55.4081630000        1.0000000000        1.0000000000       10.9251371645        0.0000000000        0.8869204367        0.1064304524        0.2695459345
       55.5102040000        1.0000000000        1.0000000000       11.2101424466        0.0000000000        0.8869204367        0.1064304524        0.2604831525
       55.6122450000        1.0000000000        1.0000000000       11.8999530511        0.0000000000        0.8869204367        0.1064304524        0.2397893700
       55.7142860000        1.0000000000        1.0000000000       12.9584356911        0.0000000000        0.8869204367        0.1064304524        0.2111867886
       55.8163270000        1.0000000000        1.0000000000       13.6691238834        0.0000000000        0.8869204367        0.1064304524        0.1939228526
       55.9183670000        1.0000000000        1.0000000000       13.7053772784        0.0000000000        0.8869204367        0.1064304524        0.1930810416
       56.0204080000        1.0000000000        1.0000000000       14.0522650248        0.0000000000        0.8869204367        0.1064304524        0.1852087331
       56.1224490000        1.0000000000        1.0000000000       16.3749659107        0.0000000000        0.8869204367        0.1064304524        0.1401564600
       56.2244900000        1.0000000000        1.0000000000       26.0292756366        0.0000000000        0.8869204367        0.1064304524        0.0440023131
       56.3265310000        1.0000000000        1.0000000000       63.4323333180        0.0000000000        0.8869204367        0.1064304524        0.0004945412
       56.4285710000        1.0000000000        1.0000000000      161.1728347428        0.0000000000        0.8869204367        0.1064304524        0.0000000040
       56.5306120000        1.0000000000        1.0000000000      289.1091821987        0.0000000000        0.8869204367        0.1064304524        0.0000000000
       56.6326530000        1.0000000000        1.0000000000      320.1676005320        0.0000000000        0.8869204367        0.1064304524        0.0000000000
       56.7346940000        1.0000000000        1.0000000000      216.8694361690        0.0000000000        0.8869204367        0.1064304524        0.0000000000
       56.8367350000        1.0000000000        1.0000000000       99.4611420885        0.0000000000        0.8869204367        0.1064304524        0.0000065546
       56.9387760000        1.0000000000        1.0000000000       41.5362275707        0.0000000000        0.8869204367        0.1064304524        0.0068442437
       57.0408160000        1.0000000000        1.0000000000       23.5142827222        0.0000000000        0.8869204367        0.1064304524        0.0595038700
       57.1428570000        1.0000000000        1.0000000000       18.1748074648        0.0000000000        0.8869204367        0.1064304524        0.1129311548
       57.2448980000        1.0000000000        1.0000000000       15.9613342000        0.0000000000        0.8869204367        0.1064304524        0.1472887838
       57.3469390000        1.0000000000        1.0000000000       14.7265193308        0.0000000000        0.8869204367        0.1064304524        0.1708136095
       57.4489800000        1.0000000000        1.0000000000       13.9340997010        0.0000000000        0.8869204367        0.1064304524        0.1878536712
       57.5510200000        1.0000000000        1.0000000000       13.3860111644        0.0000000000        0.8869204367        0.1064304524        0.2006242869
       57.6530610000        1.0000000000        1.0000000000       12.9872922436        0.0000000000        0.8869204367        0.1064304524        0.2104567586
       57.7551020000        1.0000000000        1.0000000000       12.6862110547        0.0000000000        0.8869204367        0.1064304524        0.2181995372
       57.8571430000        1.0000000000        1.0000000000       12.4523071703        0.0000000000        0.8869204367        0.1064304524        0.2244108264
       57.9591840000        1.0000000000        1.0000000000       12.2666638765        0.0000000000        0.8869204367        0.1064304524        0.2294661706
       58.0612240000        1.0000000000        1.0000000000       12.1171485943        0.0000000000        0.8869204367        0.1064304524        0.2336203700
       58.1632650000        1.0000000000        1.0000000000       11.9959876784        0.0000000000        0.8869204367        0.1064304524        0.2370418618
       58.2653060000        1.0000000000        1.0000000000       11.8986805438        0.0000000000        0.8869204367        0.1064304524        0.2398259888
       58.3673470000        1.0000000000        1.0000000000       11.8240872623        0.0000000000        0.8869204367        0.1064304524        0.2419823543
       58.4693880000        1.0000000000        1.0000000000       11.7775285472        0.0000000000        0.8869204367        0.1064304524        0.2433381046
       58.5714290000        1.0000000000        1.0000000000       11.7925024641        0.0000000000        0.8869204367        0.1064304524        0.2429012503
       58.6734690000        1.0000000000        1.0000000000       12.0580774240        0.0000000000        0.8869204367        0.1064304524        0.2352822808
       58.7755100000        1.0000000000        1.0000000000       13.2936768776        0.0000000000        0.8869204367        0.1064304524        0.2028595877
       58.8775510000        1.0000000000        1.0000000000       16.6146378719        0.0000000000        0.8869204367        0.1064304524        0.1361828863
       58.9795920000        1.0000000000        1.0000000000       20.9836893035        0.0000000000        0.8869204367        0.1064304524        0.0806172432
       59.0816330000        1.0000000000        1.0000000000       22.0903228069        0.0000000000        0.8869204367        0.1064304524        0.0705919801
       59.1836730000        1.0000000000        1.0000000000       18.5731562275        0.0000000000        0.8869204367        0.1064304524        0.1076598297
       59.2857140000        1.0000000000        1.0000000000       14.4582893905        0.0000000000        0.8869204367        0.1064304524        0.1764011305
       59.3877550000        1.0000000000        1.0000000000       12.3700011432        0.0000000000        0.8869204367        0.1064304524        0.2266382518
       59.4897960000        1.0000000000        1.0000000000       11.7041470917        0.0000000000        0.8869204367        0.1064304524        0.2454903473
       59.5918370000        1.0000000000        1.0000000000       11.4995827119        0.0000000000        0.8869204367        0.1064304524        0.2515911511
       59.6938780000        1.0000000000        1.0000000000       11.4061960107        0.0000000000        0.8869204367        0.1064304524        0.2544264402
       59.7959180000        1.0000000000        1.0000000000       11.3463905577        0.0000000000        0.8869204367        0.1064304524        0.2562589386
       59.8979590000        1.0000000000        1.0000000000       11.3019886469        0.0000000000        0.8869204367        0.1064304524        0.2576279890
       60.0000000000        1.0000000000        1.0000000000       11.2665144796        0.0000000000        0.8869204367        0.1064304524        0.2587270232
