       55.0000000000        1.0000000000        1.0000000000        9.9336308033        0.0000000000        0.8869204367        0.1064304524        0.3036025919
       55.1020410000        1.0000000000        1.0000000000        9.9624765546        0.0000000000        0.8869204367        0.1064304524        0.3025534913
       55.2040820000        1.0000000000        1.0000000000       10.0021384641        0.0000000000        0.8869204367        0.1064304524        0.3011169307
       55.3061220000        1.0000000000        1.0000000000       10.0592679582        0.0000000000        0.8869204367        0.1064304524        0.2990596716
       55.4081630000        1.0000000000        1.0000000000       10.1607122853        0.0000000000        0.8869204367        0.1064304524        0.2954411919
       55.5102040000        1.0000000000        1.0000000000       10.4159436953        0.0000000000        0.8869204367        0.1064304524        0.2865296541
       55.6122450000        1.0000000000        1.0000000000       11.0479605294        0.0000000000        0.8869204367        0.1064304524        0.2656022836
       55.7142860000        1.0000000000        1.0000000000       11.9931343442        0.0000000000        0.8869204367        0.1064304524        0.2371230388
       55.8163270000        1.0000000000        1.0000000000       12.4872767107        0.0000000000        0.8869204367        0.1064304524        0.2234710943
       55.9183670000        1.0000000000        1.0000000000       12.1106674291        0.0000000000        0.8869204367        0.1064304524        0.2338021366
       56.0204080000        1.0000000000        1.0000000000       11.5874366155        0.0000000000        0.8869204367        0.1064304524        0.2489526917
       56.1224490000        1.0000000000        1.0000000000       11.5184027470        0.0000000000        0.8869204367        0.1064304524        0.2510235977
       56.2244900000        1.0000000000        1.0000000000       11.8441831941        0.0000000000        0.8869204367        0.1064304524        0.2413995141
       56.3265310000        1.0000000000        1.0000000000       12.4172024141        0.0000000000        0.8869204367        0.1064304524        0.2253581669
       56.4285710000        1.0000000000        1.0000000000       13.2364408073        0.0000000000        0.8869204367        0.1064304524        0.2042576898
       56.5306120000        1.0000000000        1.0000000000       14.3986779094        0.0000000000        0.8869204367        0.1064304524        0.1776675185
       56.6326530000        1.0000000000        1.0000000000       16.0889891920        0.0000000000        0.8869204367        0.1064304524        0.1450497194
       56.7346940000        1.0000000000        1.0000000000       18.6447140759        0.0000000000        0.8869204367        0.1064304524        0.1067393189
       56.8367350000        1.0000000000        1.0000000000       22.7298667293        0.0000000000        0.8869204367        0.1064304524        0.0653770495
       56.9387760000        1.0000000000        1.0000000000       29.8666924616        0.0000000000        0.8869204367        0.1064304524        0.0277643322
       57.0408160000        1.0000000000        1.0000000000       44.7701074510        0.0000000000        0.8869204367        0.1064304524        0.0046429149
       57.1428570000        1.0000000000        1.0000000000       87.4478909729        0.0000000000        0.8869204367        0.1064304524        0.0000277092
       57.2448980000        1.0000000000        1.0000000000      236.3609519665        0.0000000000        0.8869204367        0.1064304524        0.0000000000
       57.3469390000        1.0000000000        1.0000000000      660.2123590049        0.0000000000        0.8869204367        0.1064304524        0.0000000000
       57.4489800000        1.0000000000        1.0000000000     1366.9046163342        0.0000000000        0.8869204367        0.1064304524        0.0000000000
       57.5510200000        1.0000000000        1.0000000000     1812.9512884750        0.0000000000        0.8869204367        0.1064304524        0.0000000000
       57.6530610000        1.0000000000        1.0000000000     1486.8056092395        0.0000000000        0.8869204367        0.1064304524        0.0000000000
       57.7551020000        1.0000000000        1.0000000000      787.4666234187        0.0000000000        0.8869204367        0.1064304524        0.0000000000
       57.8571430000        1.0000000000        1.0000000000      314.7635579460        0.0000000000        0.8869204367        0.1064304524        0.0000000000
       57.9591840000        1.0000000000        1.0000000000      131.6295320425        0.0000000000        0.8869204367        0.1064304524        0.0000001381
       58.0612240000        1.0000000000        1.0000000000       74.2817525775        0.0000000000        0.8869204367        0.1064304524        0.0001345183
       58.1632650000        1.0000000000        1.0000000000       52.6997305770        0.0000000000        0.8869204367        0.1064304524        0.0017928161
       58.2653060000        1.0000000000        1.0000000000       41.6487607580        0.0000000000        0.8869204367        0.1064304524        0.0067524405
       58.3673470000        1.0000000000        1.0000000000       34.8883049980        0.0000000000        0.8869204367        0.1064304524        0.0151979216
       58.4693880000        1.0000000000        1.0000000000       30.3708738388        0.0000000000        0.8869204367        0.1064304524        0.0261343468
       58.5714290000        1.0000000000        1.0000000000       27.2145030399        0.0000000000        0.8869204367        0.1064304524        0.0381686659
       58.6734690000        1.0000000000        1.0000000000       25.1277787123        0.0000000000        0.8869204367        0.1064304524        0.0490294841
       58.7755100000        1.0000000000        1.0000000000       24.5553597667        0.0000000000        0.8869204367        0.1064304524        0.0525156966
       58.8775510000        1.0000000000        1.0000000000       26.4622151749        0.0000000000        0.8869204367        0.1064304524        0.0417746400
       58.9795920000        1.0000000000        1.0000000000       29.7438099468        0.0000000000        0.8869204367        0.1064304524        0.0281767758
       59.0816330000        1.0000000000        1.0000000000       30.0179366709        0.0000000000        0.8869204367        0.1064304524        0.0272649741
       59.1836730000        1.0000000000        1.0000000000       25.8037758781        0.0000000000        0.8869204367        0.1064304524        0.0452092709
       59.2857140000        1.0000000000        1.0000000000       21.0564119216        0.0000000000        0.8869204367        0.1064304524        0.0799167804
       59.3877550000        1.0000000000        1.0000000000       18.4064036351        0.0000000000        0.8869204367        0.1064304524        0.1098358351
       59.4897960000        1.0000000000        1.0000000000       17.2588383925        0.0000000000        0.8869204367        0.1064304524        0.1260520191
       59.5918370000        1.0000000000        1.0000000000       16.6418434385        0.0000000000        0.8869204367        0.1064304524        0.1357390193
       59.6938780000        1.0000000000        1.0000000000       16.1912080486        0.0000000000        0.8869204367        0.1064304524        0.1432813691
       59.7959180000        1.0000000000        1.0000000000       15.8186998525        0.0000000000        0.8869204367        0.1064304524        0.1498314951
       59.8979590000        1.0000000000        1.0000000000       15.4983670932        0.0000000000        0.8869204367        0.1064304524        0.1557031372
       60.0000000000        1.0000000000        1.0000000000       15.2177895265        0.0000000000        0.8869204367        0.1064304524        0.1610348073
