       55.0000000000        1.0000000000        1.0000000000        9.7724110131        0.0000000000        0.8869204367        0.1064304524        0.3095333861
       55.1020410000        1.0000000000        1.0000000000        9.8591764360        0.0000000000        0.8869204367        0.1064304524        0.3063272903
       55.2040820000        1.0000000000        1.0000000000        9.9685343208        0.0000000000        0.8869204367        0.1064304524        0.3023336354
       55.3061220000        1.0000000000        1.0000000000       10.1099576347        0.0000000000        0.8869204367        0.1064304524        0.2972460844
       55.4081630000        1.0000000000        1.0000000000       10.3140456655        0.0000000000        0.8869204367        0.1064304524        0.2900547793
       55.5102040000        1.0000000000        1.0000000000       10.6950790212        0.0000000000        0.8869204367        0.1064304524        0.2770909513
       55.6122450000        1.0000000000        1.0000000000       11.4808914153        0.0000000000        0.8869204367        0.1064304524        0.2521560922
       55.7142860000        1.0000000000        1.0000000000       12.6119179648        0.0000000000        0.8869204367        0.1064304524        0.2201535204
       55.8163270000        1.0000000000        1.0000000000       13.3337998453        0.0000000000        0.8869204367        0.1064304524        0.2018852159
       55.9183670000        1.0000000000        1.0000000000       13.2488666862        0.0000000000        0.8869204367        0.1064304524        0.2039533470
       56.0204080000        1.0000000000        1.0000000000       13.1074768346        0.0000000000        0.8869204367        0.1064304524        0.2074433020
       56.1224490000        1.0000000000        1.0000000000       13.5390114108        0.0000000000        0.8869204367        0.1064304524        0.1969744273
       56.2244900000        1.0000000000        1.0000000000       14.5279641442        0.0000000000        0.8869204367        0.1064304524        0.1749323944
       56.3265310000        1.0000000000        1.0000000000       15.9994565904        0.0000000000        0.8869204367        0.1064304524        0.1466165226
       56.4285710000        1.0000000000        1.0000000000       18.0710478091        0.0000000000        0.8869204367        0.1064304524        0.1143460689
       56.5306120000        1.0000000000        1.0000000000       21.0411248570        0.0000000000        0.8869204367        0.1064304524        0.0800635181
       56.6326530000        1.0000000000        1.0000000000       25.4610610902        0.0000000000        0.8869204367        0.1064304524        0.0471072986
       56.7346940000        1.0000000000        1.0000000000       32.3978920276        0.0000000000        0.8869204367        0.1064304524        0.0204914604
       56.8367350000        1.0000000000        1.0000000000       44.2118847865        0.0000000000        0.8869204367        0.1064304524        0.0049645820
       56.9387760000        1.0000000000        1.0000000000       67.6434911644        0.0000000000        0.8869204367        0.1064304524        0.0002983573
       57.0408160000        1.0000000000        1.0000000000      128.6231182574        0.0000000000        0.8869204367        0.1064304524        0.0000001980
       57.1428570000        1.0000000000        1.0000000000      325.7819399181        0.0000000000        0.8869204367        0.1064304524        0.0000000000
       57.2448980000        1.0000000000        1.0000000000      884.7184311893        0.0000000000        0.8869204367        0.1064304524        0.0000000000
       57.3469390000        1.0000000000        1.0000000000     1873.9274397960        0.0000000000        0.8869204367        0.1064304524        0.0000000000
       57.4489800000        1.0000000000        1.0000000000     2623.1371295631        0.0000000000        0.8869204367        0.1064304524        0.0000000000
       57.5510200000        1.0000000000        1.0000000000     2310.0207455964        0.0000000000        0.8869204367        0.1064304524        0.0000000000
       57.6530610000        1.0000000000        1.0000000000     1321.2579643311        0.0000000000        0.8869204367        0.1064304524        0.0000000000
       57.7551020000        1.0000000000        1.0000000000      560.3989634362        0.0000000000        0.8869204367        0.1064304524        0.0000000000
       57.8571430000        1.0000000000        1.0000000000      234.3983057720        0.0000000000        0.8869204367        0.1064304524        0.0000000000
       57.9591840000        1.0000000000        1.0000000000      125.7970058279        0.0000000000        0.8869204367        0.1064304524        0.0000002780
       58.0612240000        1.0000000000        1.0000000000       84.9337360483        0.0000000000        0.8869204367        0.1064304524        0.0000374671
       58.1632650000        1.0000000000        1.0000000000       64.5102510093        0.0000000000        0.8869204367        0.1064304524        0.0004345367
       58.2653060000        1.0000000000        1.0000000000       52.2256984365        0.0000000000        0.8869204367        0.1064304524        0.0018977547
       58.3673470000        1.0000000000        1.0000000000       44.0919811913        0.0000000000        0.8869204367        0.1064304524        0.0050365309
       58.4693880000        1.0000000000        1.0000000000       38.3789783895        0.0000000000        0.8869204367        0.1064304524        0.0099969283
       58.5714290000        1.0000000000        1.0000000000       34.2255605514        0.0000000000        0.8869204367        0.1064304524        0.0164559648
       58.6734690000        1.0000000000        1.0000000000       31.3111992261        0.0000000000        0.8869204367        0.1064304524        0.0233456664
       58.7755100000        1.0000000000        1.0000000000       30.0471245291        0.0000000000        0.8869204367        0.1064304524        0.0271696444
       58.8775510000        1.0000000000        1.0000000000       31.3778298067        0.0000000000        0.8869204367        0.1064304524        0.0231597464
       58.9795920000        1.0000000000        1.0000000000       34.1953665633        0.0000000000        0.8869204367        0.1064304524        0.0165156975
       59.0816330000        1.0000000000        1.0000000000       34.1005208154        0.0000000000        0.8869204367        0.1064304524        0.0167047445
       59.1836730000        1.0000000000        1.0000000000       29.5655833358        0.0000000000        0.8869204367        0.1064304524        0.0287858883
       59.2857140000        1.0000000000        1.0000000000       24.5174519760        0.0000000000        0.8869204367        0.1064304524        0.0527551312
       59.3877550000        1.0000000000        1.0000000000       21.5933365580        0.0000000000        0.8869204367        0.1064304524        0.0749300410
       59.4897960000        1.0000000000        1.0000000000       20.2053446841        0.0000000000        0.8869204367        0.1064304524        0.0885098563
       59.5918370000        1.0000000000        1.0000000000       19.3782602372        0.0000000000        0.8869204367        0.1064304524        0.0977451959
       59.6938780000        1.0000000000        1.0000000000       18.7422843117        0.0000000000        0.8869204367        0.1064304524        0.1054968571
       59.7959180000        1.0000000000        1.0000000000       18.2048498027        0.0000000000        0.8869204367        0.1064304524        0.1125247618
       59.8979590000        1.0000000000        1.0000000000       17.7367838411        0.0000000000        0.8869204367        0.1064304524        0.1190259121
       60.0000000000        1.0000000000        1.0000000000       17.3231528390        0.0000000000        0.8869204367        0.1064304524        0.1250829276
