       55.0000000000        1.0000000000        1.0000000000       15.7811099577        0.0000000000        0.8869204367        0.1064304524        0.1505088797
       55.1020410000        1.0000000000        1.0000000000       17.3913624577        0.0000000000        0.8869204367        0.1064304524        0.1240632832
       55.2040820000        1.0000000000        1.0000000000       19.3643870556        0.0000000000        0.8869204367        0.1064304524        0.0979080558
       55.3061220000        1.0000000000        1.0000000000       21.8092382167        0.0000000000        0.8869204367        0.1064304524        0.0730136707
       55.4081630000        1.0000000000        1.0000000000       24.8947704784        0.0000000000        0.8869204367        0.1064304524        0.0504197428
       55.5102040000        1.0000000000        1.0000000000       28.9295484589        0.0000000000        0.8869204367        0.1064304524        0.0310689666
       55.6122450000        1.0000000000        1.0000000000       34.4140671053        0.0000000000        0.8869204367        0.1064304524        0.0160878966
       55.7142860000        1.0000000000        1.0000000000       41.6821607879        0.0000000000        0.8869204367        0.1064304524        0.0067254308
       55.8163270000        1.0000000000        1.0000000000       50.6181775352        0.0000000000        0.8869204367        0.1064304524        0.0023015297
       55.9183670000        1.0000000000        1.0000000000       61.8951410000        0.0000000000        0.8869204367        0.1064304524        0.0005947217
       56.0204080000        1.0000000000        1.0000000000       78.0540728130        0.0000000000        0.8869204367        0.1064304524        0.0000855432
       56.1224490000        1.0000000000        1.0000000000      102.9857616770        0.0000000000        0.8869204367        0.1064304524        0.0000042940
       56.2244900000        1.0000000000        1.0000000000      143.3883430432        0.0000000000        0.8869204367        0.1064304524        0.0000000337
       56.3265310000        1.0000000000        1.0000000000      216.2030801831        0.0000000000        0.8869204367        0.1064304524        0.0000000000
       56.4285710000        1.0000000000        1.0000000000      376.0312989519        0.0000000000        0.8869204367        0.1064304524        0.0000000000
       56.5306120000        1.0000000000        1.0000000000      801.0848647268        0.0000000000        0.8869204367        0.1064304524        0.0000000000
       56.6326530000        1.0000000000        1.0000000000     1878.2686885001        0.0000000000        0.8869204367        0.1064304524        0.0000000000
       56.7346940000        1.0000000000        1.0000000000     3820.8093502195        0.0000000000        0.8869204367        0.1064304524        0.0000000000
       56.8367350000        1.0000000000        1.0000000000     5867.3924985912        0.0000000000        0.8869204367        0.1064304524        0.0000000000
       56.9387760000        1.0000000000        1.0000000000     6844.5428340696        0.0000000000        0.8869204367        0.1064304524        0.0000000000
       57.0408160000        1.0000000000        1.0000000000     6512.5179472292        0.0000000000        0.8869204367        0.1064304524        0.0000000000
       57.1428570000        1.0000000000        1.0000000000     5079.6500030570        0.0000000000        0.8869204367        0.1064304524        0.0000000000
       57.2448980000        1.0000000000        1.0000000000     3102.6471314781        0.0000000000        0.8869204367        0.1064304524        0.0000000000
       57.3469390000        1.0000000000        1.0000000000     1549.9362059949        0.0000000000        0.8869204367        0.1064304524        0.0000000000
       57.4489800000        1.0000000000        1.0000000000      756.8208031730        0.0000000000        0.8869204367        0.1064304524        0.0000000000
       57.5510200000        1.0000000000        1.0000000000      431.9102591744        0.0000000000        0.8869204367        0.1064304524        0.0000000000
       57.6530610000        1.0000000000        1.0000000000      291.2914305786        0.0000000000        0.8869204367        0.1064304524        0.0000000000
       57.7551020000        1.0000000000        1.0000000000      217.2924306846        0.0000000000        0.8869204367        0.1064304524        0.0000000000
       57.8571430000        1.0000000000        1.0000000000      171.8064793486        0.0000000000        0.8869204367        0.1064304524        0.0000000011
       57.9591840000        1.0000000000        1.0000000000      141.1614503369        0.0000000000        0.8869204367        0.1064304524        0.0000000440
       58.0612240000        1.0000000000        1.0000000000      119.2793117582        0.0000000000        0.8869204367        0.1064304524        0.0000006077
       58.1632650000        1.0000000000        1.0000000000      102.9906109394        0.0000000000        0.8869204367        0.1064304524        0.0000042915
       58.2653060000        1.0000000000        1.0000000000       90.4737525346        0.0000000000        0.8869204367        0.1064304524        0.0000192721
       58.3673470000        1.0000000000        1.0000000000       80.6105310469        0.0000000000        0.8869204367        0.1064304524        0.0000629441
       58.4693880000        1.0000000000        1.0000000000       72.6834427077        0.0000000000        0.8869204367        0.1064304524        0.0001629588
       58.5714290000        1.0000000000        1.0000000000       66.2375349464        0.0000000000        0.8869204367        0.1064304524        0.0003531901
       58.6734690000        1.0000000000        1.0000000000       61.1180266216        0.0000000000        0.8869204367        0.1064304524        0.0006528500
       58.7755100000        1.0000000000        1.0000000000       57.7994507274        0.0000000000        0.8869204367        0.1064304524        0.0009722145
       58.8775510000        1.0000000000        1.0000000000       57.2536863419        0.0000000000        0.8869204367        0.1064304524        0.0010380178
       58.9795920000        1.0000000000        1.0000000000       58.3931787454        0.0000000000        0.8869204367        0.1064304524        0.0009053568
       59.0816330000        1.0000000000        1.0000000000       56.8086017229        0.0000000000        0.8869204367        0.1064304524        0.0010949657
       59.1836730000        1.0000000000        1.0000000000       50.9184998900        0.0000000000        0.8869204367        0.1064304524        0.0022200624
       59.2857140000        1.0000000000        1.0000000000       44.6136811305        0.0000000000        0.8869204367        0.1064304524        0.0047308909
       59.3877550000        1.0000000000        1.0000000000       40.5347162425        0.0000000000        0.8869204367        0.1064304524        0.0077182629
       59.4897960000        1.0000000000        1.0000000000       38.0969346366        0.0000000000        0.8869204367        0.1064304524        0.0103410677
       59.5918370000        1.0000000000        1.0000000000       36.3158333100        0.0000000000        0.8869204367        0.1064304524        0.0128052505
       59.6938780000        1.0000000000        1.0000000000       34.8097363108        0.0000000000        0.8869204367        0.1064304524        0.0153418889
       59.7959180000        1.0000000000        1.0000000000       33.4759691890        0.0000000000        0.8869204367        0.1064304524        0.0180048106
       59.8979590000        1.0000000000        1.0000000000       32.2769317027        0.0000000000        0.8869204367        0.1064304524        0.0207910681
       60.0000000000        1.0000000000        1.0000000000       31.1905251876        0.0000000000        0.8869204367        0.1064304524        0.0236861919
