       55.0000000000        1.0000000000        1.0000000000        9.8212861812        0.0000000000        0.8869204367        0.1064304524        0.3077232799
       55.1020410000        1.0000000000        1.0000000000        9.8407715854        0.0000000000        0.8869204367        0.1064304524        0.3070045870
       55.2040820000        1.0000000000        1.0000000000        9.8686510772        0.0000000000        0.8869204367        0.1064304524        0.3059792073
       55.3061220000        1.0000000000        1.0000000000        9.9108582965        0.0000000000        0.8869204367        0.1064304524        0.3044333815
       55.4081630000        1.0000000000        1.0000000000        9.9932746575        0.0000000000        0.8869204367        0.1064304524        0.3014373861
       55.5102040000        1.0000000000        1.0000000000       10.2240700103        0.0000000000        0.8869204367        0.1064304524        0.2932034914
       55.6122450000        1.0000000000        1.0000000000       10.8245148606        0.0000000000        0.8869204367        0.1064304524        0.2728203434
       55.7142860000        1.0000000000        1.0000000000       11.7286781066        0.0000000000        0.8869204367        0.1064304524        0.2447687546
       55.8163270000        1.0000000000        1.0000000000       12.1689513948        0.0000000000        0.8869204367        0.1064304524        0.2321726118
       55.9183670000        1.0000000000        1.0000000000       11.7204422996        0.0000000000        0.8869204367        0.1064304524        0.2450107784
       56.0204080000        1.0000000000        1.0000000000       11.0999103076        0.0000000000        0.8869204367        0.1064304524        0.2639516763
       56.1224490000        1.0000000000        1.0000000000       10.8974508902        0.0000000000        0.8869204367        0.1064304524        0.2704429505
       56.2244900000        1.0000000000        1.0000000000       11.0373725259        0.0000000000        0.8869204367        0.1064304524        0.2659399618
       56.3265310000        1.0000000000        1.0000000000       11.3462107532        0.0000000000        0.8869204367        0.1064304524        0.2562644678
       56.4285710000        1.0000000000        1.0000000000       11.7807189086        0.0000000000        0.8869204367        0.1064304524        0.2432449621
       56.5306120000        1.0000000000        1.0000000000       12.3659108901        0.0000000000        0.8869204367        0.1064304524        0.2267495200
       56.6326530000        1.0000000000        1.0000000000       13.1584917016        0.0000000000        0.8869204367        0.1064304524        0.2061772581
       56.7346940000        1.0000000000        1.0000000000       14.2505251941        0.0000000000        0.8869204367        0.1064304524        0.1808543942
       56.8367350000        1.0000000000        1.0000000000       15.7924124597        0.0000000000        0.8869204367        0.1064304524        0.1503048829
       56.9387760000        1.0000000000        1.0000000000       18.0414860688        0.0000000000        0.8869204367        0.1064304524        0.1147524215
       57.0408160000        1.0000000000        1.0000000000       21.4681803785        0.0000000000        0.8869204367        0.1064304524        0.0760638891
       57.1428570000        1.0000000000        1.0000000000       27.0195771042        0.0000000000        0.8869204367        0.1064304524        0.0390719972
       57.2448980000        1.0000000000        1.0000000000       36.9711481840        0.0000000000        0.8869204367        0.1064304524        0.0118368494
       57.3469390000        1.0000000000        1.0000000000       58.9227210246        0.0000000000        0.8869204367        0.1064304524        0.0008496156
       57.4489800000        1.0000000000        1.0000000000      125.4260428015        0.0000000000        0.8869204367        0.1064304524        0.0000002907
       57.5510200000        1.0000000000        1.0000000000      350.1059849804        0.0000000000        0.8869204367        0.1064304524        0.0000000000
       57.6530610000        1.0000000000        1.0000000000      918.9561840948        0.0000000000        0.8869204367        0.1064304524        0.0000000000
       57.7551020000        1.0000000000        1.0000000000     1710.0050263227        0.0000000000        0.8869204367        0.1064304524        0.0000000000
       57.8571430000        1.0000000000        1.0000000000     2021.0235096325        0.0000000000        0.8869204367        0.1064304524        0.0000000000
       57.9591840000        1.0000000000        1.0000000000     1492.3228699869        0.0000000000        0.8869204367        0.1064304524        0.0000000000
       58.0612240000        1.0000000000        1.0000000000      734.1407715583        0.0000000000        0.8869204367        0.1064304524        0.0000000000
       58.1632650000        1.0000000000        1.0000000000      291.0127106872        0.0000000000        0.8869204367        0.1064304524        0.0000000000
       58.2653060000        1.0000000000        1.0000000000      129.7500286858        0.0000000000        0.8869204367        0.1064304524        0.0000001730
       58.3673470000        1.0000000000        1.0000000000       77.6102460632        0.0000000000        0.8869204367        0.1064304524        0.0000902227
       58.4693880000        1.0000000000        1.0000000000       56.2955203830        0.0000000000        0.8869204367        0.1064304524        0.0011645012
       58.5714290000        1.0000000000        1.0000000000       44.8530206710        0.0000000000        0.8869204367        0.1064304524        0.0045969489
       58.6734690000        1.0000000000        1.0000000000       37.9330650056        0.0000000000        0.8869204367        0.1064304524        0.0105464307
       58.7755100000        1.0000000000        1.0000000000       34.2723637739        0.0000000000        0.8869204367        0.1064304524        0.0163638008
       58.8775510000        1.0000000000        1.0000000000       34.0886018290        0.0000000000        0.8869204367        0.1064304524        0.0167286540
       58.9795920000        1.0000000000        1.0000000000       35.9099246161        0.0000000000        0.8869204367        0.1064304524        0.0134444224
       59.0816330000        1.0000000000        1.0000000000       35.1384737670        0.0000000000        0.8869204367        0.1064304524        0.0147484564
       59.1836730000        1.0000000000        1.0000000000       30.1347830792        0.0000000000        0.8869204367        0.1064304524        0.0268853441
       59.2857140000        1.0000000000        1.0000000000       24.7578241166        0.0000000000        0.8869204367        0.1064304524        0.0512551646
       59.3877550000        1.0000000000        1.0000000000       21.6000850974        0.0000000000        0.8869204367        0.1064304524        0.0748693854
       59.4897960000        1.0000000000        1.0000000000       20.0444586056        0.0000000000        0.8869204367        0.1064304524        0.0902352588
       59.5918370000        1.0000000000        1.0000000000       19.0965810176        0.0000000000        0.8869204367        0.1064304524        0.1011056042
       59.6938780000        1.0000000000        1.0000000000       18.3737098820        0.0000000000        0.8869204367        0.1064304524        0.1102675950
       59.7959180000        1.0000000000        1.0000000000       17.7742322152        0.0000000000        0.8869204367        0.1064304524        0.1184922329
       59.8979590000        1.0000000000        1.0000000000       17.2625370205        0.0000000000        0.8869204367        0.1064304524        0.1259960852
       60.0000000000        1.0000000000        1.0000000000       16.8190461903        0.0000000000        0.8869204367        0.1064304524        0.1328830923
