       55.0000000000        1.0000000000        1.0000000000       11.0179395787        0.0000000000        0.8869204367        0.1064304524        0.2665608451
       55.1020410000        1.0000000000        1.0000000000       11.3991778282        0.0000000000        0.8869204367        0.1064304524        0.2546408038
       55.2040820000        1.0000000000        1.0000000000       11.8683223853        0.0000000000        0.8869204367        0.1064304524        0.2407012632
       55.3061220000        1.0000000000        1.0000000000       12.4534735229        0.0000000000        0.8869204367        0.1064304524        0.2243794196
       55.4081630000        1.0000000000        1.0000000000       13.2108442458        0.0000000000        0.8869204367        0.1064304524        0.2048860497
       55.5102040000        1.0000000000        1.0000000000       14.2898901256        0.0000000000        0.8869204367        0.1064304524        0.1800020904
       55.6122450000        1.0000000000        1.0000000000       15.9644480743        0.0000000000        0.8869204367        0.1064304524        0.1472337574
       55.7142860000        1.0000000000        1.0000000000       18.2359530514        0.0000000000        0.8869204367        0.1064304524        0.1121055584
       55.8163270000        1.0000000000        1.0000000000       20.4527284294        0.0000000000        0.8869204367        0.1064304524        0.0859209655
       55.9183670000        1.0000000000        1.0000000000       22.3939491159        0.0000000000        0.8869204367        0.1064304524        0.0680662425
       56.0204080000        1.0000000000        1.0000000000       25.0767078613        0.0000000000        0.8869204367        0.1064304524        0.0493308840
       56.1224490000        1.0000000000        1.0000000000       29.5536970410        0.0000000000        0.8869204367        0.1064304524        0.0288269765
       56.2244900000        1.0000000000        1.0000000000       36.5584123470        0.0000000000        0.8869204367        0.1064304524        0.0124378693
       56.3265310000        1.0000000000        1.0000000000       47.4644955001        0.0000000000        0.8869204367        0.1064304524        0.0033602515
       56.4285710000        1.0000000000        1.0000000000       65.5181765912        0.0000000000        0.8869204367        0.1064304524        0.0003850331
       56.5306120000        1.0000000000        1.0000000000       99.3522424504        0.0000000000        0.8869204367        0.1064304524        0.0000066409
       56.6326530000        1.0000000000        1.0000000000      178.5558363127        0.0000000000        0.8869204367        0.1064304524        0.0000000005
       56.7346940000        1.0000000000        1.0000000000      411.4826898473        0.0000000000        0.8869204367        0.1064304524        0.0000000000
       56.8367350000        1.0000000000        1.0000000000     1069.5186974094        0.0000000000        0.8869204367        0.1064304524        0.0000000000
       56.9387760000        1.0000000000        1.0000000000     2338.5900638845        0.0000000000        0.8869204367        0.1064304524        0.0000000000
       57.0408160000        1.0000000000        1.0000000000     3538.7279962646        0.0000000000        0.8869204367        0.1064304524        0.0000000000
       57.1428570000        1.0000000000        1.0000000000     3446.3444416628        0.0000000000        0.8869204367        0.1064304524        0.0000000000
       57.2448980000        1.0000000000        1.0000000000     2191.0210106904        0.0000000000        0.8869204367        0.1064304524        0.0000000000
       57.3469390000        1.0000000000        1.0000000000     1014.1171556139        0.0000000000        0.8869204367        0.1064304524        0.0000000000
       57.4489800000        1.0000000000        1.0000000000      432.9035308898        0.0000000000        0.8869204367        0.1064304524        0.0000000000
       57.5510200000        1.0000000000        1.0000000000      221.7364283404        0.0000000000        0.8869204367        0.1064304524        0.0000000000
       57.6530610000        1.0000000000        1.0000000000      142.0095223847        0.0000000000        0.8869204367        0.1064304524        0.0000000397
       57.7551020000        1.0000000000        1.0000000000      103.7314014443        0.0000000000        0.8869204367        0.1064304524        0.0000039265
       57.8571430000        1.0000000000        1.0000000000       81.4182308872        0.0000000000        0.8869204367        0.1064304524        0.0000571296
       57.9591840000        1.0000000000        1.0000000000       66.9135760934        0.0000000000        0.8869204367        0.1064304524        0.0003256690
       58.0612240000        1.0000000000        1.0000000000       56.8349686057        0.0000000000        0.8869204367        0.1064304524        0.0010915067
       58.1632650000        1.0000000000        1.0000000000       49.4949076232        0.0000000000        0.8869204367        0.1064304524        0.0026336385
       58.2653060000        1.0000000000        1.0000000000       43.9558361870        0.0000000000        0.8869204367        0.1064304524        0.0051194906
       58.3673470000        1.0000000000        1.0000000000       39.6589336055        0.0000000000        0.8869204367        0.1064304524        0.0085735617
       58.4693880000        1.0000000000        1.0000000000       36.2569860311        0.0000000000        0.8869204367        0.1064304524        0.0128959970
       58.5714290000        1.0000000000        1.0000000000       33.5494386248        0.0000000000        0.8869204367        0.1064304524        0.0178467719
       58.6734690000        1.0000000000        1.0000000000       31.5620007868        0.0000000000        0.8869204367        0.1064304524        0.0226535186
       58.7755100000        1.0000000000        1.0000000000       30.9000156133        0.0000000000        0.8869204367        0.1064304524        0.0245264814
       58.8775510000        1.0000000000        1.0000000000       32.6268049890        0.0000000000        0.8869204367        0.1064304524        0.0199362300
       58.9795920000        1.0000000000        1.0000000000       35.7149731974        0.0000000000        0.8869204367        0.1064304524        0.0137626513
       59.0816330000        1.0000000000        1.0000000000       35.8107531793        0.0000000000        0.8869204367        0.1064304524        0.0136053745
       59.1836730000        1.0000000000        1.0000000000       31.3978505346        0.0000000000        0.8869204367        0.1064304524        0.0231041722
       59.2857140000        1.0000000000        1.0000000000       26.4131383756        0.0000000000        0.8869204367        0.1064304524        0.0420213858
       59.3877550000        1.0000000000        1.0000000000       23.5150584123        0.0000000000        0.8869204367        0.1064304524        0.0594983315
       59.4897960000        1.0000000000        1.0000000000       22.1321154912        0.0000000000        0.8869204367        0.1064304524        0.0702388390
       59.5918370000        1.0000000000        1.0000000000       21.2965688161        0.0000000000        0.8869204367        0.1064304524        0.0776465424
       59.6938780000        1.0000000000        1.0000000000       20.6424728243        0.0000000000        0.8869204367        0.1064304524        0.0839867073
       59.7959180000        1.0000000000        1.0000000000       20.0800573767        0.0000000000        0.8869204367        0.1064304524        0.0898506092
       59.8979590000        1.0000000000        1.0000000000       19.5822944182        0.0000000000        0.8869204367        0.1064304524        0.0953810526
       60.0000000000        1.0000000000        1.0000000000       19.1358581954        0.0000000000        0.8869204367        0.1064304524        0.1006301883
