       55.0000000000        1.0000000000        1.0000000000        9.4051194026        0.0000000000        0.8869204367        0.1064304524        0.3234811847
       55.1020410000        1.0000000000        1.0000000000        9.4015778579        0.0000000000        0.8869204367        0.1064304524        0.3236186887
       55.2040820000        1.0000000000        1.0000000000        9.4021680605        0.0000000000        0.8869204367        0.1064304524        0.3235957695
       55.3061220000        1.0000000000        1.0000000000        9.4118250508        0.0000000000        0.8869204367        0.1064304524        0.3232209913
       55.4081630000        1.0000000000        1.0000000000        9.4551308967        0.0000000000        0.8869204367        0.1064304524        0.3215456651
       55.5102040000        1.0000000000        1.0000000000        9.6386138018        0.0000000000        0.8869204367        0.1064304524        0.3145432614
       55.6122450000        1.0000000000        1.0000000000       10.1818276109        0.0000000000        0.8869204367        0.1064304524        0.2946935390
       55.7142860000        1.0000000000        1.0000000000       11.0172692449        0.0000000000        0.8869204367        0.1064304524        0.2665822882
       55.8163270000        1.0000000000        1.0000000000       11.3741729597        0.0000000000        0.8869204367        0.1064304524        0.2554060225
       55.9183670000        1.0000000000        1.0000000000       10.8212193979        0.0000000000        0.8869204367        0.1064304524        0.2729282530
       56.0204080000        1.0000000000        1.0000000000       10.0677024617        0.0000000000        0.8869204367        0.1064304524        0.2987571343
       56.1224490000        1.0000000000        1.0000000000        9.6959624719        0.0000000000        0.8869204367        0.1064304524        0.3123860561
       56.2244900000        1.0000000000        1.0000000000        9.6193370156        0.0000000000        0.8869204367        0.1064304524        0.3152717096
       56.3265310000        1.0000000000        1.0000000000        9.6477052657        0.0000000000        0.8869204367        0.1064304524        0.3142002895
       56.4285710000        1.0000000000        1.0000000000        9.7134779821        0.0000000000        0.8869204367        0.1064304524        0.3117301536
       56.5306120000        1.0000000000        1.0000000000        9.8056628951        0.0000000000        0.8869204367        0.1064304524        0.3083007389
       56.6326530000        1.0000000000        1.0000000000        9.9261655608        0.0000000000        0.8869204367        0.1064304524        0.3038746898
       56.7346940000        1.0000000000        1.0000000000       10.0806745777        0.0000000000        0.8869204367        0.1064304524        0.2982924347
       56.8367350000        1.0000000000        1.0000000000       10.2776754397        0.0000000000        0.8869204367        0.1064304524        0.2913234687
       56.9387760000        1.0000000000        1.0000000000       10.5289600464        0.0000000000        0.8869204367        0.1064304524        0.2826699813
       57.0408160000        1.0000000000        1.0000000000       10.8507943481        0.0000000000        0.8869204367        0.1064304524        0.2719613491
       57.1428570000        1.0000000000        1.0000000000       11.2658555316        0.0000000000        0.8869204367        0.1064304524        0.2587474825
       57.2448980000        1.0000000000        1.0000000000       11.8062869428        0.0000000000        0.8869204367        0.1064304524        0.2424997904
       57.3469390000        1.0000000000        1.0000000000       12.5187062285        0.0000000000        0.8869204367        0.1064304524        0.2226298510
       57.4489800000        1.0000000000        1.0000000000       13.4725915014        0.0000000000        0.8869204367        0.1064304524        0.1985506634
       57.5510200000        1.0000000000        1.0000000000       14.7749522148        0.0000000000        0.8869204367        0.1064304524        0.1698237294
       57.6530610000        1.0000000000        1.0000000000       16.5974520830        0.0000000000        0.8869204367        0.1064304524        0.1364640253
       57.7551020000        1.0000000000        1.0000000000       19.2295247414        0.0000000000        0.8869204367        0.1064304524        0.0995054394
       57.8571430000        1.0000000000        1.0000000000       23.1919029517        0.0000000000        0.8869204367        0.1064304524        0.0618509170
       57.9591840000        1.0000000000        1.0000000000       29.5104615813        0.0000000000        0.8869204367        0.1064304524        0.0289769269
       58.0612240000        1.0000000000        1.0000000000       40.5530316254        0.0000000000        0.8869204367        0.1064304524        0.0077013180
       58.1632650000        1.0000000000        1.0000000000       63.6506564596        0.0000000000        0.8869204367        0.1064304524        0.0004817531
       58.2653060000        1.0000000000        1.0000000000      128.5714841030        0.0000000000        0.8869204367        0.1064304524        0.0000001993
       58.3673470000        1.0000000000        1.0000000000      342.8796038623        0.0000000000        0.8869204367        0.1064304524        0.0000000000
       58.4693880000        1.0000000000        1.0000000000      914.1289338007        0.0000000000        0.8869204367        0.1064304524        0.0000000000
       58.5714290000        1.0000000000        1.0000000000     1811.9560449046        0.0000000000        0.8869204367        0.1064304524        0.0000000000
       58.6734690000        1.0000000000        1.0000000000     2338.8223956650        0.0000000000        0.8869204367        0.1064304524        0.0000000000
       58.7755100000        1.0000000000        1.0000000000     1905.5145526247        0.0000000000        0.8869204367        0.1064304524        0.0000000000
       58.8775510000        1.0000000000        1.0000000000     1026.6000783914        0.0000000000        0.8869204367        0.1064304524        0.0000000000
       58.9795920000        1.0000000000        1.0000000000      431.0966799147        0.0000000000        0.8869204367        0.1064304524        0.0000000000
       59.0816330000        1.0000000000        1.0000000000      191.6968781331        0.0000000000        0.8869204367        0.1064304524        0.0000000001
       59.1836730000        1.0000000000        1.0000000000      108.9063337560        0.0000000000        0.8869204367        0.1064304524        0.0000021101
       59.2857140000        1.0000000000        1.0000000000       73.7825152898        0.0000000000        0.8869204367        0.1064304524        0.0001428234
       59.3877550000        1.0000000000        1.0000000000       55.6148028081        0.0000000000        0.8869204367        0.1064304524        0.0012636179
       59.4897960000        1.0000000000        1.0000000000       45.1280188508        0.0000000000        0.8869204367        0.1064304524        0.0044477263
       59.5918370000        1.0000000000        1.0000000000       38.3718406385        0.0000000000        0.8869204367        0.1064304524        0.0100054946
       59.6938780000        1.0000000000        1.0000000000       33.6402604605        0.0000000000        0.8869204367        0.1064304524        0.0176533228
       59.7959180000        1.0000000000        1.0000000000       30.1499757570        0.0000000000        0.8869204367        0.1064304524        0.0268363735
       59.8979590000        1.0000000000        1.0000000000       27.4823890636        0.0000000000        0.8869204367        0.1064304524        0.0369611955
       60.0000000000        1.0000000000        1.0000000000       25.3879274347        0.0000000000        0.8869204367        0.1064304524        0.0475225334
