       55.0000000000        1.0000000000        1.0000000000       24.5563257529        0.0000000000        0.8869204367        0.1064304524        0.0525096094
       55.1020410000        1.0000000000        1.0000000000       29.6807568166        0.0000000000        0.8869204367        0.1064304524        0.0283907805
       55.2040820000        1.0000000000        1.0000000000       37.1320617586        0.0000000000        0.8869204367        0.1064304524        0.0116104769
       55.3061220000        1.0000000000        1.0000000000       48.5223689961        0.0000000000        0.8869204367        0.1064304524        0.0029596499
       55.4081630000        1.0000000000        1.0000000000       67.2522165330        0.0000000000        0.8869204367        0.1064304524        0.0003127001
       55.5102040000        1.0000000000        1.0000000000      101.9074022423        0.0000000000        0.8869204367        0.1064304524        0.0000048872
       55.6122450000        1.0000000000        1.0000000000      180.3277776507        0.0000000000        0.8869204367        0.1064304524        0.0000000004
       55.7142860000        1.0000000000        1.0000000000      403.7372545929        0.0000000000        0.8869204367        0.1064304524        0.0000000000
       55.8163270000        1.0000000000        1.0000000000     1045.1524553323        0.0000000000        0.8869204367        0.1064304524        0.0000000000
       55.9183670000        1.0000000000        1.0000000000     2350.8330288262        0.0000000000        0.8869204367        0.1064304524        0.0000000000
       56.0204080000        1.0000000000        1.0000000000     3697.8205468694        0.0000000000        0.8869204367        0.1064304524        0.0000000000
       56.1224490000        1.0000000000        1.0000000000     3738.7979206842        0.0000000000        0.8869204367        0.1064304524        0.0000000000
       56.2244900000        1.0000000000        1.0000000000     2447.2616809673        0.0000000000        0.8869204367        0.1064304524        0.0000000000
       56.3265310000        1.0000000000        1.0000000000     1149.2127193282        0.0000000000        0.8869204367        0.1064304524        0.0000000000
       56.4285710000        1.0000000000        1.0000000000      487.7673920397        0.0000000000        0.8869204367        0.1064304524        0.0000000000
       56.5306120000        1.0000000000        1.0000000000      245.3766210585        0.0000000000        0.8869204367        0.1064304524        0.0000000000
       56.6326530000        1.0000000000        1.0000000000      154.7118010148        0.0000000000        0.8869204367        0.1064304524        0.0000000087
       56.7346940000        1.0000000000        1.0000000000      111.7285025463        0.0000000000        0.8869204367        0.1064304524        0.0000015039
       56.8367350000        1.0000000000        1.0000000000       86.8767434785        0.0000000000        0.8869204367        0.1064304524        0.0000296749
       56.9387760000        1.0000000000        1.0000000000       70.8066429360        0.0000000000        0.8869204367        0.1064304524        0.0002041211
       57.0408160000        1.0000000000        1.0000000000       59.6820858394        0.0000000000        0.8869204367        0.1064304524        0.0007756181
       57.1428570000        1.0000000000        1.0000000000       51.6020437775        0.0000000000        0.8869204367        0.1064304524        0.0020452295
       57.2448980000        1.0000000000        1.0000000000       45.5148393303        0.0000000000        0.8869204367        0.1064304524        0.0042459881
       57.3469390000        1.0000000000        1.0000000000       40.7941339072        0.0000000000        0.8869204367        0.1064304524        0.0074816938
       57.4489800000        1.0000000000        1.0000000000       37.0457170216        0.0000000000        0.8869204367        0.1064304524        0.0117314027
       57.5510200000        1.0000000000        1.0000000000       34.0103335229        0.0000000000        0.8869204367        0.1064304524        0.0168865130
       57.6530610000        1.0000000000        1.0000000000       31.5111399745        0.0000000000        0.8869204367        0.1064304524        0.0227922025
       57.7551020000        1.0000000000        1.0000000000       29.4239676508        0.0000000000        0.8869204367        0.1064304524        0.0292792525
       57.8571430000        1.0000000000        1.0000000000       27.6593331050        0.0000000000        0.8869204367        0.1064304524        0.0361846612
       57.9591840000        1.0000000000        1.0000000000       26.1513942167        0.0000000000        0.8869204367        0.1064304524        0.0433621948
       58.0612240000        1.0000000000        1.0000000000       24.8508946692        0.0000000000        0.8869204367        0.1064304524        0.0506859078
       58.1632650000        1.0000000000        1.0000000000       23.7205435474        0.0000000000        0.8869204367        0.1064304524        0.0580491493
       58.2653060000        1.0000000000        1.0000000000       22.7322269088        0.0000000000        0.8869204367        0.1064304524        0.0653585359
       58.3673470000        1.0000000000        1.0000000000       21.8656247481        0.0000000000        0.8869204367        0.1064304524        0.0725212998
       58.4693880000        1.0000000000        1.0000000000       21.1100957223        0.0000000000        0.8869204367        0.1064304524        0.0794036068
       58.5714290000        1.0000000000        1.0000000000       20.4850482212        0.0000000000        0.8869204367        0.1064304524        0.0855883771
       58.6734690000        1.0000000000        1.0000000000       20.1658322438        0.0000000000        0.8869204367        0.1064304524        0.0889305217
       58.7755100000        1.0000000000        1.0000000000       20.8616128636        0.0000000000        0.8869204367        0.1064304524        0.0818069117
       58.8775510000        1.0000000000        1.0000000000       23.6999231640        0.0000000000        0.8869204367        0.1064304524        0.0581929666
       58.9795920000        1.0000000000        1.0000000000       27.6841370842        0.0000000000        0.8869204367        0.1064304524        0.0360771185
       59.0816330000        1.0000000000        1.0000000000       28.4993245892        0.0000000000        0.8869204367        0.1064304524        0.0327150864
       59.1836730000        1.0000000000        1.0000000000       24.6980385233        0.0000000000        0.8869204367        0.1064304524        0.0516242052
       59.2857140000        1.0000000000        1.0000000000       20.2608066944        0.0000000000        0.8869204367        0.1064304524        0.0879227401
       59.3877550000        1.0000000000        1.0000000000       17.8463576162        0.0000000000        0.8869204367        0.1064304524        0.1174711023
       59.4897960000        1.0000000000        1.0000000000       16.8811346563        0.0000000000        0.8869204367        0.1064304524        0.1318967105
       59.5918370000        1.0000000000        1.0000000000       16.4062368180        0.0000000000        0.8869204367        0.1064304524        0.1396315072
       59.6938780000        1.0000000000        1.0000000000       16.0662615947        0.0000000000        0.8869204367        0.1064304524        0.1454458551
       59.7959180000        1.0000000000        1.0000000000       15.7797927970        0.0000000000        0.8869204367        0.1064304524        0.1505326709
       59.8979590000        1.0000000000        1.0000000000       15.5262962227        0.0000000000        0.8869204367        0.1064304524        0.1551821723
       60.0000000000        1.0000000000        1.0000000000       15.2976817692        0.0000000000        0.8869204367        0.1064304524        0.1594983323
