       55.0000000000        1.0000000000        1.0000000000        9.7293917960        0.0000000000        0.8869204367        0.1064304524        0.3111354237
       55.1020410000        1.0000000000        1.0000000000        9.7707638031        0.0000000000        0.8869204367        0.1064304524        0.3095945761
       55.2040820000        1.0000000000        1.0000000000        9.8248289455        0.0000000000        0.8869204367        0.1064304524        0.3075924848
       55.3061220000        1.0000000000        1.0000000000        9.8984870603        0.0000000000        0.8869204367        0.1064304524        0.3048856633
       55.4081630000        1.0000000000        1.0000000000       10.0188962947        0.0000000000        0.8869204367        0.1064304524        0.3005120111
       55.5102040000        1.0000000000        1.0000000000       10.2958173867        0.0000000000        0.8869204367        0.1064304524        0.2906899376
       55.6122450000        1.0000000000        1.0000000000       10.9518349496        0.0000000000        0.8869204367        0.1064304524        0.2686837628
       55.7142860000        1.0000000000        1.0000000000       11.9215281141        0.0000000000        0.8869204367        0.1064304524        0.2391693564
       55.8163270000        1.0000000000        1.0000000000       12.4399410893        0.0000000000        0.8869204367        0.1064304524        0.2247440835
       55.9183670000        1.0000000000        1.0000000000       12.0898166579        0.0000000000        0.8869204367        0.1064304524        0.2343878636
       56.0204080000        1.0000000000        1.0000000000       11.5960312933        0.0000000000        0.8869204367        0.1064304524        0.2486960638
       56.1224490000        1.0000000000        1.0000000000       11.5553207272        0.0000000000        0.8869204367        0.1064304524        0.2499139833
       56.2244900000        1.0000000000        1.0000000000       11.9018417443        0.0000000000        0.8869204367        0.1064304524        0.2397350295
       56.3265310000        1.0000000000        1.0000000000       12.4784162202        0.0000000000        0.8869204367        0.1064304524        0.2237088283
       56.4285710000        1.0000000000        1.0000000000       13.2664367641        0.0000000000        0.8869204367        0.1064304524        0.2035237829
       56.5306120000        1.0000000000        1.0000000000       14.3285094518        0.0000000000        0.8869204367        0.1064304524        0.1791698332
       56.6326530000        1.0000000000        1.0000000000       15.7809485408        0.0000000000        0.8869204367        0.1064304524        0.1505117951
       56.7346940000        1.0000000000        1.0000000000       17.8149167011        0.0000000000        0.8869204367        0.1064304524        0.1179151473
       56.8367350000        1.0000000000        1.0000000000       20.7552410887        0.0000000000        0.8869204367        0.1064304524        0.0828578384
       56.9387760000        1.0000000000        1.0000000000       25.1895734861        0.0000000000        0.8869204367        0.1064304524        0.0486672569
       57.0408160000        1.0000000000        1.0000000000       32.2827123801        0.0000000000        0.8869204367        0.1064304524        0.0207766507
       57.1428570000        1.0000000000        1.0000000000       44.7485154071        0.0000000000        0.8869204367        0.1064304524        0.0046549605
       57.2448980000        1.0000000000        1.0000000000       71.1124859747        0.0000000000        0.8869204367        0.1064304524        0.0001967654
       57.3469390000        1.0000000000        1.0000000000      146.1906962488        0.0000000000        0.8869204367        0.1064304524        0.0000000241
       57.4489800000        1.0000000000        1.0000000000      393.1660485067        0.0000000000        0.8869204367        0.1064304524        0.0000000000
       57.5510200000        1.0000000000        1.0000000000     1034.3519766551        0.0000000000        0.8869204367        0.1064304524        0.0000000000
       57.6530610000        1.0000000000        1.0000000000     1991.0696257258        0.0000000000        0.8869204367        0.1064304524        0.0000000000
       57.7551020000        1.0000000000        1.0000000000     2473.2919863762        0.0000000000        0.8869204367        0.1064304524        0.0000000000
       57.8571430000        1.0000000000        1.0000000000     1931.5308118526        0.0000000000        0.8869204367        0.1064304524        0.0000000000
       57.9591840000        1.0000000000        1.0000000000     1000.8138180758        0.0000000000        0.8869204367        0.1064304524        0.0000000000
       58.0612240000        1.0000000000        1.0000000000      407.5382606415        0.0000000000        0.8869204367        0.1064304524        0.0000000000
       58.1632650000        1.0000000000        1.0000000000      178.3795083015        0.0000000000        0.8869204367        0.1064304524        0.0000000005
       58.2653060000        1.0000000000        1.0000000000      102.7994633658        0.0000000000        0.8869204367        0.1064304524        0.0000043911
       58.3673470000        1.0000000000        1.0000000000       72.4406750137        0.0000000000        0.8869204367        0.1064304524        0.0001677760
       58.4693880000        1.0000000000        1.0000000000       56.4057608338        0.0000000000        0.8869204367        0.1064304524        0.0011491976
       58.5714290000        1.0000000000        1.0000000000       46.5228189862        0.0000000000        0.8869204367        0.1064304524        0.0037622493
       58.6734690000        1.0000000000        1.0000000000       40.1073793732        0.0000000000        0.8869204367        0.1064304524        0.0081243827
       58.7755100000        1.0000000000        1.0000000000       36.5648564135        0.0000000000        0.8869204367        0.1064304524        0.0124282550
       58.8775510000        1.0000000000        1.0000000000       36.3444641510        0.0000000000        0.8869204367        0.1064304524        0.0127613310
       58.9795920000        1.0000000000        1.0000000000       38.0762694354        0.0000000000        0.8869204367        0.1064304524        0.0103667435
       59.0816330000        1.0000000000        1.0000000000       37.2038040214        0.0000000000        0.8869204367        0.1064304524        0.0115109505
       59.1836730000        1.0000000000        1.0000000000       32.0896918747        0.0000000000        0.8869204367        0.1064304524        0.0212635057
       59.2857140000        1.0000000000        1.0000000000       26.5925406040        0.0000000000        0.8869204367        0.1064304524        0.0411264064
       59.3877550000        1.0000000000        1.0000000000       23.3158561676        0.0000000000        0.8869204367        0.1064304524        0.0609377310
       59.4897960000        1.0000000000        1.0000000000       21.6505706802        0.0000000000        0.8869204367        0.1064304524        0.0744171776
       59.5918370000        1.0000000000        1.0000000000       20.6034483098        0.0000000000        0.8869204367        0.1064304524        0.0843809345
       59.6938780000        1.0000000000        1.0000000000       19.7906985016        0.0000000000        0.8869204367        0.1064304524        0.0930252962
       59.7959180000        1.0000000000        1.0000000000       19.1096439951        0.0000000000        0.8869204367        0.1064304524        0.1009472395
       59.8979590000        1.0000000000        1.0000000000       18.5237706533        0.0000000000        0.8869204367        0.1064304524        0.1082997451
       60.0000000000        1.0000000000        1.0000000000       18.0127035652        0.0000000000        0.8869204367        0.1064304524        0.1151494501
