       55.0000000000        1.0000000000        1.0000000000        9.7982812945        0.0000000000        0.8869204367        0.1064304524        0.3085739502
       55.1020410000        1.0000000000        1.0000000000        9.8306388808        0.0000000000        0.8869204367        0.1064304524        0.3073781084
       55.2040820000        1.0000000000        1.0000000000        9.8742117577        0.0000000000        0.8869204367        0.1064304524        0.3057751011
       55.3061220000        1.0000000000        1.0000000000        9.9356306439        0.0000000000        0.8869204367        0.1064304524        0.3035297418
       55.4081630000        1.0000000000        1.0000000000       10.0417043055        0.0000000000        0.8869204367        0.1064304524        0.2996906459
       55.5102040000        1.0000000000        1.0000000000       10.3017886352        0.0000000000        0.8869204367        0.1064304524        0.2904817184
       55.6122450000        1.0000000000        1.0000000000       10.9383284264        0.0000000000        0.8869204367        0.1064304524        0.2691195939
       55.7142860000        1.0000000000        1.0000000000       11.8863323374        0.0000000000        0.8869204367        0.1064304524        0.2401816227
       55.8163270000        1.0000000000        1.0000000000       12.3805332879        0.0000000000        0.8869204367        0.1064304524        0.2263519943
       55.9183670000        1.0000000000        1.0000000000       12.0013949032        0.0000000000        0.8869204367        0.1064304524        0.2368881030
       56.0204080000        1.0000000000        1.0000000000       11.4719119155        0.0000000000        0.8869204367        0.1064304524        0.2524279469
       56.1224490000        1.0000000000        1.0000000000       11.3886224248        0.0000000000        0.8869204367        0.1064304524        0.2549635485
       56.2244900000        1.0000000000        1.0000000000       11.6854429014        0.0000000000        0.8869204367        0.1064304524        0.2460419699
       56.3265310000        1.0000000000        1.0000000000       12.2043669936        0.0000000000        0.8869204367        0.1064304524        0.2311880017
       56.4285710000        1.0000000000        1.0000000000       12.9261408841        0.0000000000        0.8869204367        0.1064304524        0.2120068049
       56.5306120000        1.0000000000        1.0000000000       13.9138518778        0.0000000000        0.8869204367        0.1064304524        0.1883106615
       56.6326530000        1.0000000000        1.0000000000       15.2872081369        0.0000000000        0.8869204367        0.1064304524        0.1596989216
       56.7346940000        1.0000000000        1.0000000000       17.2480728167        0.0000000000        0.8869204367        0.1064304524        0.1262149671
       56.8367350000        1.0000000000        1.0000000000       20.1509119333        0.0000000000        0.8869204367        0.1064304524        0.0890898888
       56.9387760000        1.0000000000        1.0000000000       24.6669056397        0.0000000000        0.8869204367        0.1064304524        0.0518174312
       57.0408160000        1.0000000000        1.0000000000       32.2349710858        0.0000000000        0.8869204367        0.1064304524        0.0208960208
       57.1428570000        1.0000000000        1.0000000000       46.7567876891        0.0000000000        0.8869204367        0.1064304524        0.0036580885
       57.2448980000        1.0000000000        1.0000000000       82.9069606281        0.0000000000        0.8869204367        0.1064304524        0.0000477833
       57.3469390000        1.0000000000        1.0000000000      201.1574608607        0.0000000000        0.8869204367        0.1064304524        0.0000000000
       57.4489800000        1.0000000000        1.0000000000      569.3553821424        0.0000000000        0.8869204367        0.1064304524        0.0000000000
       57.5510200000        1.0000000000        1.0000000000     1326.9459487595        0.0000000000        0.8869204367        0.1064304524        0.0000000000
       57.6530610000        1.0000000000        1.0000000000     2074.1618463923        0.0000000000        0.8869204367        0.1064304524        0.0000000000
       57.7551020000        1.0000000000        1.0000000000     2028.8683567552        0.0000000000        0.8869204367        0.1064304524        0.0000000000
       57.8571430000        1.0000000000        1.0000000000     1258.9402138461        0.0000000000        0.8869204367        0.1064304524        0.0000000000
       57.9591840000        1.0000000000        1.0000000000      551.6770862487        0.0000000000        0.8869204367        0.1064304524        0.0000000000
       58.0612240000        1.0000000000        1.0000000000      220.7310608350        0.0000000000        0.8869204367        0.1064304524        0.0000000000
       58.1632650000        1.0000000000        1.0000000000      110.5084255155        0.0000000000        0.8869204367        0.1064304524        0.0000017411
       58.2653060000        1.0000000000        1.0000000000       72.2212292099        0.0000000000        0.8869204367        0.1064304524        0.0001722528
       58.3673470000        1.0000000000        1.0000000000       54.4739968846        0.0000000000        0.8869204367        0.1064304524        0.0014490029
       58.4693880000        1.0000000000        1.0000000000       44.2061257647        0.0000000000        0.8869204367        0.1064304524        0.0049680141
       58.5714290000        1.0000000000        1.0000000000       37.5802131989        0.0000000000        0.8869204367        0.1064304524        0.0110025789
       58.6734690000        1.0000000000        1.0000000000       33.2197332120        0.0000000000        0.8869204367        0.1064304524        0.0185670275
       58.7755100000        1.0000000000        1.0000000000       31.0684659064        0.0000000000        0.8869204367        0.1064304524        0.0240356795
       58.8775510000        1.0000000000        1.0000000000       31.8354015030        0.0000000000        0.8869204367        0.1064304524        0.0219223595
       58.9795920000        1.0000000000        1.0000000000       34.2824903746        0.0000000000        0.8869204367        0.1064304524        0.0163439277
       59.0816330000        1.0000000000        1.0000000000       33.9374309184        0.0000000000        0.8869204367        0.1064304524        0.0170348896
       59.1836730000        1.0000000000        1.0000000000       29.2355629339        0.0000000000        0.8869204367        0.1064304524        0.0299487542
       59.2857140000        1.0000000000        1.0000000000       24.0802303164        0.0000000000        0.8869204367        0.1064304524        0.0555969109
       59.3877550000        1.0000000000        1.0000000000       21.0883573626        0.0000000000        0.8869204367        0.1064304524        0.0796110096
       59.4897960000        1.0000000000        1.0000000000       19.6580204906        0.0000000000        0.8869204367        0.1064304524        0.0945182389
       59.5918370000        1.0000000000        1.0000000000       18.8059282750        0.0000000000        0.8869204367        0.1064304524        0.1046942174
       59.6938780000        1.0000000000        1.0000000000       18.1572605748        0.0000000000        0.8869204367        0.1064304524        0.1131691962
       59.7959180000        1.0000000000        1.0000000000       17.6159433348        0.0000000000        0.8869204367        0.1064304524        0.1207644651
       59.8979590000        1.0000000000        1.0000000000       17.1502860182        0.0000000000        0.8869204367        0.1064304524        0.1277047497
       60.0000000000        1.0000000000        1.0000000000       16.7435411468        0.0000000000        0.8869204367        0.1064304524        0.1340925645
