       55.0000000000        1.0000000000        1.0000000000        9.9029931570        0.0000000000        0.8869204367        0.1064304524        0.3047208465
       55.1020410000        1.0000000000        1.0000000000        9.9408181304        0.0000000000        0.8869204367        0.1064304524        0.3033408538
       55.2040820000        1.0000000000        1.0000000000        9.9912833008        0.0000000000        0.8869204367        0.1064304524        0.3015094271
       55.3061220000        1.0000000000        1.0000000000       10.0614691839        0.0000000000        0.8869204367        0.1064304524        0.2989806863
       55.4081630000        1.0000000000        1.0000000000       10.1787932903        0.0000000000        0.8869204367        0.1064304524        0.2948008619
       55.5102040000        1.0000000000        1.0000000000       10.4534513084        0.0000000000        0.8869204367        0.1064304524        0.2852429068
       55.6122450000        1.0000000000        1.0000000000       11.1091138066        0.0000000000        0.8869204367        0.1064304524        0.2636603237
       55.7142860000        1.0000000000        1.0000000000       12.0826008556        0.0000000000        0.8869204367        0.1064304524        0.2345909071
       55.8163270000        1.0000000000        1.0000000000       12.6110925387        0.0000000000        0.8869204367        0.1064304524        0.2201753280
       55.9183670000        1.0000000000        1.0000000000       12.2782774021        0.0000000000        0.8869204367        0.1064304524        0.2291466040
       56.0204080000        1.0000000000        1.0000000000       11.8121627407        0.0000000000        0.8869204367        0.1064304524        0.2423288650
       56.1224490000        1.0000000000        1.0000000000       11.8173744283        0.0000000000        0.8869204367        0.1064304524        0.2421773593
       56.2244900000        1.0000000000        1.0000000000       12.2403202257        0.0000000000        0.8869204367        0.1064304524        0.2301927156
       56.3265310000        1.0000000000        1.0000000000       12.9430231694        0.0000000000        0.8869204367        0.1064304524        0.2115777406
       56.4285710000        1.0000000000        1.0000000000       13.9397545736        0.0000000000        0.8869204367        0.1064304524        0.1877262398
       56.5306120000        1.0000000000        1.0000000000       15.3524254955        0.0000000000        0.8869204367        0.1064304524        0.1584539824
       56.6326530000        1.0000000000        1.0000000000       17.4098690455        0.0000000000        0.8869204367        0.1064304524        0.1237880704
       56.7346940000        1.0000000000        1.0000000000       20.5315452582        0.0000000000        0.8869204367        0.1064304524        0.0851121542
       56.8367350000        1.0000000000        1.0000000000       25.5529108047        0.0000000000        0.8869204367        0.1064304524        0.0465909344
       56.9387760000        1.0000000000        1.0000000000       34.4336467229        0.0000000000        0.8869204367        0.1064304524        0.0160501416
       57.0408160000        1.0000000000        1.0000000000       53.4728677056        0.0000000000        0.8869204367        0.1064304524        0.0016339676
       57.1428570000        1.0000000000        1.0000000000      109.5211579771        0.0000000000        0.8869204367        0.1064304524        0.0000019601
       57.2448980000        1.0000000000        1.0000000000      301.5818242999        0.0000000000        0.8869204367        0.1064304524        0.0000000000
       57.3469390000        1.0000000000        1.0000000000      814.6508977616        0.0000000000        0.8869204367        0.1064304524        0.0000000000
       57.4489800000        1.0000000000        1.0000000000     1590.8133337854        0.0000000000        0.8869204367        0.1064304524        0.0000000000
       57.5510200000        1.0000000000        1.0000000000     1979.7977324418        0.0000000000        0.8869204367        0.1064304524        0.0000000000
       57.6530610000        1.0000000000        1.0000000000     1531.4052441684        0.0000000000        0.8869204367        0.1064304524        0.0000000000
       57.7551020000        1.0000000000        1.0000000000      777.8594583150        0.0000000000        0.8869204367        0.1064304524        0.0000000000
       57.8571430000        1.0000000000        1.0000000000      309.1546734084        0.0000000000        0.8869204367        0.1064304524        0.0000000000
       57.9591840000        1.0000000000        1.0000000000      134.0103374980        0.0000000000        0.8869204367        0.1064304524        0.0000001038
       58.0612240000        1.0000000000        1.0000000000       78.1501629762        0.0000000000        0.8869204367        0.1064304524        0.0000845625
       58.1632650000        1.0000000000        1.0000000000       56.0547905302        0.0000000000        0.8869204367        0.1064304524        0.0011986314
       58.2653060000        1.0000000000        1.0000000000       44.3839648614        0.0000000000        0.8869204367        0.1064304524        0.0048631165
       58.3673470000        1.0000000000        1.0000000000       37.1437069391        0.0000000000        0.8869204367        0.1064304524        0.0115942635
       58.4693880000        1.0000000000        1.0000000000       32.2649431080        0.0000000000        0.8869204367        0.1064304524        0.0208210003
       58.5714290000        1.0000000000        1.0000000000       28.8318115714        0.0000000000        0.8869204367        0.1064304524        0.0314355020
       58.6734690000        1.0000000000        1.0000000000       26.5282774008        0.0000000000        0.8869204367        0.1064304524        0.0414447822
       58.7755100000        1.0000000000        1.0000000000       25.7822401130        0.0000000000        0.8869204367        0.1064304524        0.0453262559
       58.8775510000        1.0000000000        1.0000000000       27.5489116657        0.0000000000        0.8869204367        0.1064304524        0.0366673194
       58.9795920000        1.0000000000        1.0000000000       30.7198211455        0.0000000000        0.8869204367        0.1064304524        0.0250626012
       59.0816330000        1.0000000000        1.0000000000       30.9071907259        0.0000000000        0.8869204367        0.1064304524        0.0245053728
       59.1836730000        1.0000000000        1.0000000000       26.6191077274        0.0000000000        0.8869204367        0.1064304524        0.0409955019
       59.2857140000        1.0000000000        1.0000000000       21.8039375367        0.0000000000        0.8869204367        0.1064304524        0.0730601281
       59.3877550000        1.0000000000        1.0000000000       19.0930895283        0.0000000000        0.8869204367        0.1064304524        0.1011479742
       59.4897960000        1.0000000000        1.0000000000       17.8927444635        0.0000000000        0.8869204367        0.1064304524        0.1168190251
       59.5918370000        1.0000000000        1.0000000000       17.2300608350        0.0000000000        0.8869204367        0.1064304524        0.1264880679
       59.6938780000        1.0000000000        1.0000000000       16.7394668138        0.0000000000        0.8869204367        0.1064304524        0.1341581411
       59.7959180000        1.0000000000        1.0000000000       16.3316851209        0.0000000000        0.8869204367        0.1064304524        0.1408862834
       59.8979590000        1.0000000000        1.0000000000       15.9799894873        0.0000000000        0.8869204367        0.1064304524        0.1469594268
       60.0000000000        1.0000000000        1.0000000000       15.6713595825        0.0000000000        0.8869204367        0.1064304524        0.1525041988
