       55.0000000000        1.0000000000        1.0000000000       12.0761451402        0.0000000000        0.8869204367        0.1064304524        0.2347727118
       55.1020410000        1.0000000000        1.0000000000       12.6068079572        0.0000000000        0.8869204367        0.1064304524        0.2202885602
       55.2040820000        1.0000000000        1.0000000000       13.2297139155        0.0000000000        0.8869204367        0.1064304524        0.2044226387
       55.3061220000        1.0000000000        1.0000000000       13.9684589940        0.0000000000        0.8869204367        0.1064304524        0.1870807234
       55.4081630000        1.0000000000        1.0000000000       14.8717744934        0.0000000000        0.8869204367        0.1064304524        0.1678620212
       55.5102040000        1.0000000000        1.0000000000       16.0764680135        0.0000000000        0.8869204367        0.1064304524        0.1452678264
       55.6122450000        1.0000000000        1.0000000000       17.8330829579        0.0000000000        0.8869204367        0.1064304524        0.1176583780
       55.7142860000        1.0000000000        1.0000000000       20.1018557968        0.0000000000        0.8869204367        0.1064304524        0.0896158842
       55.8163270000        1.0000000000        1.0000000000       22.1710942817        0.0000000000        0.8869204367        0.1064304524        0.0699110672
       55.9183670000        1.0000000000        1.0000000000       23.7321635998        0.0000000000        0.8869204367        0.1064304524        0.0579682616
       56.0204080000        1.0000000000        1.0000000000       25.6361937984        0.0000000000        0.8869204367        0.1064304524        0.0461276255
       56.1224490000        1.0000000000        1.0000000000       28.6146047185        0.0000000000        0.8869204367        0.1064304524        0.0322656344
       56.2244900000        1.0000000000        1.0000000000       32.7989566296        0.0000000000        0.8869204367        0.1064304524        0.0195286083
       56.3265310000        1.0000000000        1.0000000000       38.3422127424        0.0000000000        0.8869204367        0.1064304524        0.0100411309
       56.4285710000        1.0000000000        1.0000000000       45.7010805097        0.0000000000        0.8869204367        0.1064304524        0.0041521473
       56.5306120000        1.0000000000        1.0000000000       55.6875869442        0.0000000000        0.8869204367        0.1064304524        0.0012526294
       56.6326530000        1.0000000000        1.0000000000       69.6579812450        0.0000000000        0.8869204367        0.1064304524        0.0002342884
       56.7346940000        1.0000000000        1.0000000000       89.9866120205        0.0000000000        0.8869204367        0.1064304524        0.0000204323
       56.8367350000        1.0000000000        1.0000000000      121.1842895712        0.0000000000        0.8869204367        0.1064304524        0.0000004835
       56.9387760000        1.0000000000        1.0000000000      172.9655625201        0.0000000000        0.8869204367        0.1064304524        0.0000000010
       57.0408160000        1.0000000000        1.0000000000      270.3867771282        0.0000000000        0.8869204367        0.1064304524        0.0000000000
       57.1428570000        1.0000000000        1.0000000000      490.2283976596        0.0000000000        0.8869204367        0.1064304524        0.0000000000
       57.2448980000        1.0000000000        1.0000000000     1056.9046092893        0.0000000000        0.8869204367        0.1064304524        0.0000000000
       57.3469390000        1.0000000000        1.0000000000     2373.3445383083        0.0000000000        0.8869204367        0.1064304524        0.0000000000
       57.4489800000        1.0000000000        1.0000000000     4445.3812965975        0.0000000000        0.8869204367        0.1064304524        0.0000000000
       57.5510200000        1.0000000000        1.0000000000     5951.5454314310        0.0000000000        0.8869204367        0.1064304524        0.0000000000
       57.6530610000        1.0000000000        1.0000000000     5396.5391705567        0.0000000000        0.8869204367        0.1064304524        0.0000000000
       57.7551020000        1.0000000000        1.0000000000     3408.0007764452        0.0000000000        0.8869204367        0.1064304524        0.0000000000
       57.8571430000        1.0000000000        1.0000000000     1690.0902408727        0.0000000000        0.8869204367        0.1064304524        0.0000000000
       57.9591840000        1.0000000000        1.0000000000      810.9327675442        0.0000000000        0.8869204367        0.1064304524        0.0000000000
       58.0612240000        1.0000000000        1.0000000000      450.7413793361        0.0000000000        0.8869204367        0.1064304524        0.0000000000
       58.1632650000        1.0000000000        1.0000000000      295.0511143421        0.0000000000        0.8869204367        0.1064304524        0.0000000000
       58.2653060000        1.0000000000        1.0000000000      214.4245147878        0.0000000000        0.8869204367        0.1064304524        0.0000000000
       58.3673470000        1.0000000000        1.0000000000      166.0093820782        0.0000000000        0.8869204367        0.1064304524        0.0000000022
       58.4693880000        1.0000000000        1.0000000000      134.1268847828        0.0000000000        0.8869204367        0.1064304524        0.0000001023
       58.5714290000        1.0000000000        1.0000000000      111.8512754080        0.0000000000        0.8869204367        0.1064304524        0.0000014819
       58.6734690000        1.0000000000        1.0000000000       95.7840531763        0.0000000000        0.8869204367        0.1064304524        0.0000101902
       58.7755100000        1.0000000000        1.0000000000       84.6143178679        0.0000000000        0.8869204367        0.1064304524        0.0000389311
       58.8775510000        1.0000000000        1.0000000000       78.3038036956        0.0000000000        0.8869204367        0.1064304524        0.0000830177
       58.9795920000        1.0000000000        1.0000000000       75.2133912732        0.0000000000        0.8869204367        0.1064304524        0.0001202898
       59.0816330000        1.0000000000        1.0000000000       70.5243550852        0.0000000000        0.8869204367        0.1064304524        0.0002111540
       59.1836730000        1.0000000000        1.0000000000       62.2191506591        0.0000000000        0.8869204367        0.1064304524        0.0005720420
       59.2857140000        1.0000000000        1.0000000000       53.9082115970        0.0000000000        0.8869204367        0.1064304524        0.0015507984
       59.3877550000        1.0000000000        1.0000000000       48.1675478598        0.0000000000        0.8869204367        0.1064304524        0.0030883888
       59.4897960000        1.0000000000        1.0000000000       44.3839168378        0.0000000000        0.8869204367        0.1064304524        0.0048631446
       59.5918370000        1.0000000000        1.0000000000       41.5135572759        0.0000000000        0.8869204367        0.1064304524        0.0068628884
       59.6938780000        1.0000000000        1.0000000000       39.1167786983        0.0000000000        0.8869204367        0.1064304524        0.0091498898
       59.7959180000        1.0000000000        1.0000000000       37.0475034020        0.0000000000        0.8869204367        0.1064304524        0.0117288881
       59.8979590000        1.0000000000        1.0000000000       35.2362860083        0.0000000000        0.8869204367        0.1064304524        0.0145763588
       60.0000000000        1.0000000000        1.0000000000       33.6370057288        0.0000000000        0.8869204367        0.1064304524        0.0176602189
