       55.0000000000        1.0000000000        1.0000000000       10.5893821830        0.0000000000        0.8869204367        0.1064304524        0.2806278508
       55.1020410000        1.0000000000        1.0000000000       11.0070604389        0.0000000000        0.8869204367        0.1064304524        0.2669090667
       55.2040820000        1.0000000000        1.0000000000       11.5301169657        0.0000000000        0.8869204367        0.1064304524        0.2506709801
       55.3061220000        1.0000000000        1.0000000000       12.1943408930        0.0000000000        0.8869204367        0.1064304524        0.2314663188
       55.4081630000        1.0000000000        1.0000000000       13.0675516982        0.0000000000        0.8869204367        0.1064304524        0.2084395508
       55.5102040000        1.0000000000        1.0000000000       14.3170567074        0.0000000000        0.8869204367        0.1064304524        0.1794162408
       55.6122450000        1.0000000000        1.0000000000       16.2447535693        0.0000000000        0.8869204367        0.1064304524        0.1423636715
       55.7142860000        1.0000000000        1.0000000000       18.8974154739        0.0000000000        0.8869204367        0.1064304524        0.1035511219
       55.8163270000        1.0000000000        1.0000000000       21.7008218637        0.0000000000        0.8869204367        0.1064304524        0.0739697818
       55.9183670000        1.0000000000        1.0000000000       24.5711048190        0.0000000000        0.8869204367        0.1064304524        0.0524165667
       56.0204080000        1.0000000000        1.0000000000       28.7814020056        0.0000000000        0.8869204367        0.1064304524        0.0316262363
       56.1224490000        1.0000000000        1.0000000000       35.9041873216        0.0000000000        0.8869204367        0.1064304524        0.0134536817
       56.2244900000        1.0000000000        1.0000000000       47.8396502532        0.0000000000        0.8869204367        0.1064304524        0.0032123323
       56.3265310000        1.0000000000        1.0000000000       69.1633708567        0.0000000000        0.8869204367        0.1064304524        0.0002486151
       56.4285710000        1.0000000000        1.0000000000      114.6395506552        0.0000000000        0.8869204367        0.1064304524        0.0000010605
       56.5306120000        1.0000000000        1.0000000000      240.8935088712        0.0000000000        0.8869204367        0.1064304524        0.0000000000
       56.6326530000        1.0000000000        1.0000000000      629.6496126947        0.0000000000        0.8869204367        0.1064304524        0.0000000000
       56.7346940000        1.0000000000        1.0000000000     1559.4862242883        0.0000000000        0.8869204367        0.1064304524        0.0000000000
       56.8367350000        1.0000000000        1.0000000000     2823.9429457686        0.0000000000        0.8869204367        0.1064304524        0.0000000000
       56.9387760000        1.0000000000        1.0000000000     3317.3213969437        0.0000000000        0.8869204367        0.1064304524        0.0000000000
       57.0408160000        1.0000000000        1.0000000000     2481.7952202066        0.0000000000        0.8869204367        0.1064304524        0.0000000000
       57.1428570000        1.0000000000        1.0000000000     1262.8199135375        0.0000000000        0.8869204367        0.1064304524        0.0000000000
       57.2448980000        1.0000000000        1.0000000000      525.8781139665        0.0000000000        0.8869204367        0.1064304524        0.0000000000
       57.3469390000        1.0000000000        1.0000000000      241.4245388199        0.0000000000        0.8869204367        0.1064304524        0.0000000000
       57.4489800000        1.0000000000        1.0000000000      142.3865404075        0.0000000000        0.8869204367        0.1064304524        0.0000000380
       57.5510200000        1.0000000000        1.0000000000       99.9832990484        0.0000000000        0.8869204367        0.1064304524        0.0000061565
       57.6530610000        1.0000000000        1.0000000000       76.8550465683        0.0000000000        0.8869204367        0.1064304524        0.0000987810
       57.7551020000        1.0000000000        1.0000000000       62.3447057575        0.0000000000        0.8869204367        0.1064304524        0.0005634879
       57.8571430000        1.0000000000        1.0000000000       52.4905012384        0.0000000000        0.8869204367        0.1064304524        0.0018383991
       57.9591840000        1.0000000000        1.0000000000       45.4308980773        0.0000000000        0.8869204367        0.1064304524        0.0042889739
       58.0612240000        1.0000000000        1.0000000000       40.1679049254        0.0000000000        0.8869204367        0.1064304524        0.0080655886
       58.1632650000        1.0000000000        1.0000000000       36.1206460561        0.0000000000        0.8869204367        0.1064304524        0.0131087212
       58.2653060000        1.0000000000        1.0000000000       32.9306820082        0.0000000000        0.8869204367        0.1064304524        0.0192223456
       58.3673470000        1.0000000000        1.0000000000       30.3672900235        0.0000000000        0.8869204367        0.1064304524        0.0261455885
       58.4693880000        1.0000000000        1.0000000000       28.2806147313        0.0000000000        0.8869204367        0.1064304524        0.0335850662
       58.5714290000        1.0000000000        1.0000000000       26.5948575662        0.0000000000        0.8869204367        0.1064304524        0.0411149734
       58.6734690000        1.0000000000        1.0000000000       25.4182119741        0.0000000000        0.8869204367        0.1064304524        0.0473501431
       58.7755100000        1.0000000000        1.0000000000       25.4118017317        0.0000000000        0.8869204367        0.1064304524        0.0473865802
       58.8775510000        1.0000000000        1.0000000000       27.6719874394        0.0000000000        0.8869204367        0.1064304524        0.0361297558
       58.9795920000        1.0000000000        1.0000000000       31.1853152653        0.0000000000        0.8869204367        0.1064304524        0.0237010049
       59.0816330000        1.0000000000        1.0000000000       31.6175022605        0.0000000000        0.8869204367        0.1064304524        0.0225031434
       59.1836730000        1.0000000000        1.0000000000       27.4903752619        0.0000000000        0.8869204367        0.1064304524        0.0369257909
       59.2857140000        1.0000000000        1.0000000000       22.7644647613        0.0000000000        0.8869204367        0.1064304524        0.0651061821
       59.3877550000        1.0000000000        1.0000000000       20.0963758496        0.0000000000        0.8869204367        0.1064304524        0.0896748344
       59.4897960000        1.0000000000        1.0000000000       18.9117038713        0.0000000000        0.8869204367        0.1064304524        0.1033737245
       59.5918370000        1.0000000000        1.0000000000       18.2465789789        0.0000000000        0.8869204367        0.1064304524        0.1119627024
       59.6938780000        1.0000000000        1.0000000000       17.7401692221        0.0000000000        0.8869204367        0.1064304524        0.1189775681
       59.7959180000        1.0000000000        1.0000000000       17.3066865470        0.0000000000        0.8869204367        0.1064304524        0.1253303302
       59.8979590000        1.0000000000        1.0000000000       16.9221095887        0.0000000000        0.8869204367        0.1064304524        0.1312497673
       60.0000000000        1.0000000000        1.0000000000       16.5754736786        0.0000000000        0.8869204367        0.1064304524        0.1368244117
