       55.0000000000        1.0000000000        1.0000000000        9.2605410424        0.0000000000        0.8869204367        0.1064304524        0.3291423572
       55.1020410000        1.0000000000        1.0000000000        9.3479325198        0.0000000000        0.8869204367        0.1064304524        0.3257086847
       55.2040820000        1.0000000000        1.0000000000        9.4561480694        0.0000000000        0.8869204367        0.1064304524        0.3215064194
       55.3061220000        1.0000000000        1.0000000000        9.5937306162        0.0000000000        0.8869204367        0.1064304524        0.3162419563
       55.4081630000        1.0000000000        1.0000000000        9.7899744782        0.0000000000        0.8869204367        0.1064304524        0.3088816956
       55.5102040000        1.0000000000        1.0000000000       10.1572427339        0.0000000000        0.8869204367        0.1064304524        0.2955642233
       55.6122450000        1.0000000000        1.0000000000       10.9200887656        0.0000000000        0.8869204367        0.1064304524        0.2697092770
       55.7142860000        1.0000000000        1.0000000000       12.0134431679        0.0000000000        0.8869204367        0.1064304524        0.2365458596
       55.8163270000        1.0000000000        1.0000000000       12.6762492938        0.0000000000        0.8869204367        0.1064304524        0.2184605314
       55.9183670000        1.0000000000        1.0000000000       12.5035487340        0.0000000000        0.8869204367        0.1064304524        0.2230351608
       56.0204080000        1.0000000000        1.0000000000       12.2325742678        0.0000000000        0.8869204367        0.1064304524        0.2304067826
       56.1224490000        1.0000000000        1.0000000000       12.4685937548        0.0000000000        0.8869204367        0.1064304524        0.2239726684
       56.2244900000        1.0000000000        1.0000000000       13.1581872532        0.0000000000        0.8869204367        0.1064304524        0.2061847906
       56.3265310000        1.0000000000        1.0000000000       14.1649269989        0.0000000000        0.8869204367        0.1064304524        0.1827216651
       56.4285710000        1.0000000000        1.0000000000       15.5004638998        0.0000000000        0.8869204367        0.1064304524        0.1556639646
       56.5306120000        1.0000000000        1.0000000000       17.2712301007        0.0000000000        0.8869204367        0.1064304524        0.1258647184
       56.6326530000        1.0000000000        1.0000000000       19.6590506036        0.0000000000        0.8869204367        0.1064304524        0.0945065559
       56.7346940000        1.0000000000        1.0000000000       22.9568330856        0.0000000000        0.8869204367        0.1064304524        0.0636204722
       56.8367350000        1.0000000000        1.0000000000       27.6545220008        0.0000000000        0.8869204367        0.1064304524        0.0362055579
       56.9387760000        1.0000000000        1.0000000000       34.6226091940        0.0000000000        0.8869204367        0.1064304524        0.0156902920
       57.0408160000        1.0000000000        1.0000000000       45.5448792639        0.0000000000        0.8869204367        0.1064304524        0.0042307097
       57.1428570000        1.0000000000        1.0000000000       64.1707290589        0.0000000000        0.8869204367        0.1064304524        0.0004526065
       57.2448980000        1.0000000000        1.0000000000      101.2239201103        0.0000000000        0.8869204367        0.1064304524        0.0000053049
       57.3469390000        1.0000000000        1.0000000000      196.4022185147        0.0000000000        0.8869204367        0.1064304524        0.0000000001
       57.4489800000        1.0000000000        1.0000000000      488.2986305226        0.0000000000        0.8869204367        0.1064304524        0.0000000000
       57.5510200000        1.0000000000        1.0000000000     1256.5317624067        0.0000000000        0.8869204367        0.1064304524        0.0000000000
       57.6530610000        1.0000000000        1.0000000000     2513.5336587778        0.0000000000        0.8869204367        0.1064304524        0.0000000000
       57.7551020000        1.0000000000        1.0000000000     3362.7045623087        0.0000000000        0.8869204367        0.1064304524        0.0000000000
       57.8571430000        1.0000000000        1.0000000000     2881.0271064041        0.0000000000        0.8869204367        0.1064304524        0.0000000000
       57.9591840000        1.0000000000        1.0000000000     1640.9981913555        0.0000000000        0.8869204367        0.1064304524        0.0000000000
       58.0612240000        1.0000000000        1.0000000000      713.5821671179        0.0000000000        0.8869204367        0.1064304524        0.0000000000
       58.1632650000        1.0000000000        1.0000000000      310.8984821706        0.0000000000        0.8869204367        0.1064304524        0.0000000000
       58.2653060000        1.0000000000        1.0000000000      170.1942396127        0.0000000000        0.8869204367        0.1064304524        0.0000000013
       58.3673470000        1.0000000000        1.0000000000      114.4819237868        0.0000000000        0.8869204367        0.1064304524        0.0000010808
       58.4693880000        1.0000000000        1.0000000000       85.9868259531        0.0000000000        0.8869204367        0.1064304524        0.0000330193
       58.5714290000        1.0000000000        1.0000000000       68.7600829503        0.0000000000        0.8869204367        0.1064304524        0.0002609426
       58.6734690000        1.0000000000        1.0000000000       57.5518655394        0.0000000000        0.8869204367        0.1064304524        0.0010015326
       58.7755100000        1.0000000000        1.0000000000       50.6699832259        0.0000000000        0.8869204367        0.1064304524        0.0022872662
       58.8775510000        1.0000000000        1.0000000000       48.0211478381        0.0000000000        0.8869204367        0.1064304524        0.0031431250
       58.9795920000        1.0000000000        1.0000000000       47.9575108766        0.0000000000        0.8869204367        0.1064304524        0.0031672192
       59.0816330000        1.0000000000        1.0000000000       45.7377095710        0.0000000000        0.8869204367        0.1064304524        0.0041339366
       59.1836730000        1.0000000000        1.0000000000       39.5521949038        0.0000000000        0.8869204367        0.1064304524        0.0086840837
       59.2857140000        1.0000000000        1.0000000000       33.1522324156        0.0000000000        0.8869204367        0.1064304524        0.0187180330
       59.3877550000        1.0000000000        1.0000000000       29.1126212662        0.0000000000        0.8869204367        0.1064304524        0.0303938634
       59.4897960000        1.0000000000        1.0000000000       26.8098253375        0.0000000000        0.8869204367        0.1064304524        0.0400679290
       59.5918370000        1.0000000000        1.0000000000       25.2270649431        0.0000000000        0.8869204367        0.1064304524        0.0484487959
       59.6938780000        1.0000000000        1.0000000000       23.9584962526        0.0000000000        0.8869204367        0.1064304524        0.0564150366
       59.7959180000        1.0000000000        1.0000000000       22.8850154343        0.0000000000        0.8869204367        0.1064304524        0.0641711304
       59.8979590000        1.0000000000        1.0000000000       21.9580021607        0.0000000000        0.8869204367        0.1064304524        0.0717218196
       60.0000000000        1.0000000000        1.0000000000       21.1478949313        0.0000000000        0.8869204367        0.1064304524        0.0790442551
