       55.0000000000        1.0000000000        1.0000000000        9.1652701157        0.0000000000        0.8869204367        0.1064304524        0.3329268729
       55.1020410000        1.0000000000        1.0000000000        9.1587544947        0.0000000000        0.8869204367        0.1064304524        0.3331872818
       55.2040820000        1.0000000000        1.0000000000        9.1568874557        0.0000000000        0.8869204367        0.1064304524        0.3332619390
       55.3061220000        1.0000000000        1.0000000000        9.1647747943        0.0000000000        0.8869204367        0.1064304524        0.3329466622
       55.4081630000        1.0000000000        1.0000000000        9.2071658788        0.0000000000        0.8869204367        0.1064304524        0.3312572863
       55.5102040000        1.0000000000        1.0000000000        9.3908620682        0.0000000000        0.8869204367        0.1064304524        0.3240350960
       55.6122450000        1.0000000000        1.0000000000        9.9366681048        0.0000000000        0.8869204367        0.1064304524        0.3034919561
       55.7142860000        1.0000000000        1.0000000000       10.7801818810        0.0000000000        0.8869204367        0.1064304524        0.2742756036
       55.8163270000        1.0000000000        1.0000000000       11.1524832448        0.0000000000        0.8869204367        0.1064304524        0.2622917122
       55.9183670000        1.0000000000        1.0000000000       10.6198338104        0.0000000000        0.8869204367        0.1064304524        0.2796042531
       56.0204080000        1.0000000000        1.0000000000        9.8909581105        0.0000000000        0.8869204367        0.1064304524        0.3051612440
       56.1224490000        1.0000000000        1.0000000000        9.5530970913        0.0000000000        0.8869204367        0.1064304524        0.3177877249
       56.2244900000        1.0000000000        1.0000000000        9.5259409866        0.0000000000        0.8869204367        0.1064304524        0.3188249993
       56.3265310000        1.0000000000        1.0000000000        9.6262856734        0.0000000000        0.8869204367        0.1064304524        0.3150089333
       56.4285710000        1.0000000000        1.0000000000        9.7963762050        0.0000000000        0.8869204367        0.1064304524        0.3086445016
       56.5306120000        1.0000000000        1.0000000000       10.0405956116        0.0000000000        0.8869204367        0.1064304524        0.2997305204
       56.6326530000        1.0000000000        1.0000000000       10.3854654085        0.0000000000        0.8869204367        0.1064304524        0.2875795248
       56.7346940000        1.0000000000        1.0000000000       10.8773762522        0.0000000000        0.8869204367        0.1064304524        0.2710952211
       56.8367350000        1.0000000000        1.0000000000       11.5951350798        0.0000000000        0.8869204367        0.1064304524        0.2487228115
       56.9387760000        1.0000000000        1.0000000000       12.6792330921        0.0000000000        0.8869204367        0.1064304524        0.2183823243
       57.0408160000        1.0000000000        1.0000000000       14.4011626595        0.0000000000        0.8869204367        0.1064304524        0.1776145512
       57.1428570000        1.0000000000        1.0000000000       17.3648153277        0.0000000000        0.8869204367        0.1064304524        0.1244591363
       57.2448980000        1.0000000000        1.0000000000       23.3559425836        0.0000000000        0.8869204367        0.1064304524        0.0606453018
       57.3469390000        1.0000000000        1.0000000000       39.9986606395        0.0000000000        0.8869204367        0.1064304524        0.0082310699
       57.4489800000        1.0000000000        1.0000000000      100.5764824318        0.0000000000        0.8869204367        0.1064304524        0.0000057335
       57.5510200000        1.0000000000        1.0000000000      292.9784568142        0.0000000000        0.8869204367        0.1064304524        0.0000000000
       57.6530610000        1.0000000000        1.0000000000      666.1779059424        0.0000000000        0.8869204367        0.1064304524        0.0000000000
       57.7551020000        1.0000000000        1.0000000000      978.4079448581        0.0000000000        0.8869204367        0.1064304524        0.0000000000
       57.8571430000        1.0000000000        1.0000000000      880.3478080435        0.0000000000        0.8869204367        0.1064304524        0.0000000000
       57.9591840000        1.0000000000        1.0000000000      499.0058115894        0.0000000000        0.8869204367        0.1064304524        0.0000000000
       58.0612240000        1.0000000000        1.0000000000      203.2544145056        0.0000000000        0.8869204367        0.1064304524        0.0000000000
       58.1632650000        1.0000000000        1.0000000000       82.3261195645        0.0000000000        0.8869204367        0.1064304524        0.0000512326
       58.2653060000        1.0000000000        1.0000000000       46.0743070293        0.0000000000        0.8869204367        0.1064304524        0.0039702872
       58.3673470000        1.0000000000        1.0000000000       34.0602089625        0.0000000000        0.8869204367        0.1064304524        0.0167857482
       58.4693880000        1.0000000000        1.0000000000       28.6883299266        0.0000000000        0.8869204367        0.1064304524        0.0319814385
       58.5714290000        1.0000000000        1.0000000000       25.9905932184        0.0000000000        0.8869204367        0.1064304524        0.0442070418
       58.6734690000        1.0000000000        1.0000000000       25.0333344644        0.0000000000        0.8869204367        0.1064304524        0.0495883111
       58.7755100000        1.0000000000        1.0000000000       26.1553435403        0.0000000000        0.8869204367        0.1064304524        0.0433416495
       58.8775510000        1.0000000000        1.0000000000       30.4343727863        0.0000000000        0.8869204367        0.1064304524        0.0259359632
       58.9795920000        1.0000000000        1.0000000000       37.0756823984        0.0000000000        0.8869204367        0.1064304524        0.0116892941
       59.0816330000        1.0000000000        1.0000000000       42.3604444358        0.0000000000        0.8869204367        0.1064304524        0.0061997065
       59.1836730000        1.0000000000        1.0000000000       46.2398045207        0.0000000000        0.8869204367        0.1064304524        0.0038922163
       59.2857140000        1.0000000000        1.0000000000       56.2891616541        0.0000000000        0.8869204367        0.1064304524        0.0011653901
       59.3877550000        1.0000000000        1.0000000000       87.6193465357        0.0000000000        0.8869204367        0.1064304524        0.0000271449
       59.4897960000        1.0000000000        1.0000000000      188.9106400822        0.0000000000        0.8869204367        0.1064304524        0.0000000001
       59.5918370000        1.0000000000        1.0000000000      504.7359496600        0.0000000000        0.8869204367        0.1064304524        0.0000000000
       59.6938780000        1.0000000000        1.0000000000     1207.1493169688        0.0000000000        0.8869204367        0.1064304524        0.0000000000
       59.7959180000        1.0000000000        1.0000000000     2046.8562170815        0.0000000000        0.8869204367        0.1064304524        0.0000000000
       59.8979590000        1.0000000000        1.0000000000     2244.5894591491        0.0000000000        0.8869204367        0.1064304524        0.0000000000
       60.0000000000        1.0000000000        1.0000000000     1583.7228602408        0.0000000000        0.8869204367        0.1064304524        0.0000000000
