       55.0000000000        1.0000000000        1.0000000000       10.3878286895        0.0000000000        0.8869204367        0.1064304524        0.2874979806
       55.1020410000        1.0000000000        1.0000000000       10.4852653494        0.0000000000        0.8869204367        0.1064304524        0.2841560153
       55.2040820000        1.0000000000        1.0000000000       10.6142485350        0.0000000000        0.8869204367        0.1064304524        0.2797917160
       55.3061220000        1.0000000000        1.0000000000       10.7891835122        0.0000000000        0.8869204367        0.1064304524        0.2739794922
       55.4081630000        1.0000000000        1.0000000000       11.0482775516        0.0000000000        0.8869204367        0.1064304524        0.2655921796
       55.5102040000        1.0000000000        1.0000000000       11.5179034904        0.0000000000        0.8869204367        0.1064304524        0.2510386371
       55.6122450000        1.0000000000        1.0000000000       12.4463876665        0.0000000000        0.8869204367        0.1064304524        0.2245702911
       55.7142860000        1.0000000000        1.0000000000       13.8092578992        0.0000000000        0.8869204367        0.1064304524        0.1906890958
       55.8163270000        1.0000000000        1.0000000000       14.9091379277        0.0000000000        0.8869204367        0.1064304524        0.1671110778
       55.9183670000        1.0000000000        1.0000000000       15.4445734616        0.0000000000        0.8869204367        0.1064304524        0.1567114888
       56.0204080000        1.0000000000        1.0000000000       16.3550931643        0.0000000000        0.8869204367        0.1064304524        0.1404910941
       56.1224490000        1.0000000000        1.0000000000       18.6740388757        0.0000000000        0.8869204367        0.1064304524        0.1063643659
       56.2244900000        1.0000000000        1.0000000000       23.3540129447        0.0000000000        0.8869204367        0.1064304524        0.0606593463
       56.3265310000        1.0000000000        1.0000000000       33.5179274264        0.0000000000        0.8869204367        0.1064304524        0.0179143844
       56.4285710000        1.0000000000        1.0000000000       63.8296996035        0.0000000000        0.8869204367        0.1064304524        0.0004715130
       56.5306120000        1.0000000000        1.0000000000      174.2456371600        0.0000000000        0.8869204367        0.1064304524        0.0000000008
       56.6326530000        1.0000000000        1.0000000000      494.9412090807        0.0000000000        0.8869204367        0.1064304524        0.0000000000
       56.7346940000        1.0000000000        1.0000000000     1025.6540205550        0.0000000000        0.8869204367        0.1064304524        0.0000000000
       56.8367350000        1.0000000000        1.0000000000     1339.3854055300        0.0000000000        0.8869204367        0.1064304524        0.0000000000
       56.9387760000        1.0000000000        1.0000000000     1067.1767416950        0.0000000000        0.8869204367        0.1064304524        0.0000000000
       57.0408160000        1.0000000000        1.0000000000      545.1479662402        0.0000000000        0.8869204367        0.1064304524        0.0000000000
       57.1428570000        1.0000000000        1.0000000000      212.1740024111        0.0000000000        0.8869204367        0.1064304524        0.0000000000
       57.2448980000        1.0000000000        1.0000000000       89.8284057640        0.0000000000        0.8869204367        0.1064304524        0.0000208239
       57.3469390000        1.0000000000        1.0000000000       52.7845357424        0.0000000000        0.8869204367        0.1064304524        0.0017746638
       57.4489800000        1.0000000000        1.0000000000       38.8173833454        0.0000000000        0.8869204367        0.1064304524        0.0094845985
       57.5510200000        1.0000000000        1.0000000000       31.5696990849        0.0000000000        0.8869204367        0.1064304524        0.0226326010
       57.6530610000        1.0000000000        1.0000000000       27.0933144432        0.0000000000        0.8869204367        0.1064304524        0.0387277945
       57.7551020000        1.0000000000        1.0000000000       24.0741951801        0.0000000000        0.8869204367        0.1064304524        0.0556371897
       57.8571430000        1.0000000000        1.0000000000       21.9190938211        0.0000000000        0.8869204367        0.1064304524        0.0720574718
       57.9591840000        1.0000000000        1.0000000000       20.3155828572        0.0000000000        0.8869204367        0.1064304524        0.0873467069
       58.0612240000        1.0000000000        1.0000000000       19.0840082746        0.0000000000        0.8869204367        0.1064304524        0.1012582603
       58.1632650000        1.0000000000        1.0000000000       18.1145168845        0.0000000000        0.8869204367        0.1064304524        0.1137511597
       58.2653060000        1.0000000000        1.0000000000       17.3371833790        0.0000000000        0.8869204367        0.1064304524        0.1248725071
       58.3673470000        1.0000000000        1.0000000000       16.7071064330        0.0000000000        0.8869204367        0.1064304524        0.1346801229
       58.4693880000        1.0000000000        1.0000000000       16.1992182315        0.0000000000        0.8869204367        0.1064304524        0.1431437101
       58.5714290000        1.0000000000        1.0000000000       15.8250138190        0.0000000000        0.8869204367        0.1064304524        0.1497180144
       58.6734690000        1.0000000000        1.0000000000       15.7567198396        0.0000000000        0.8869204367        0.1064304524        0.1509500365
       58.7755100000        1.0000000000        1.0000000000       16.7015557559        0.0000000000        0.8869204367        0.1064304524        0.1347698607
       58.8775510000        1.0000000000        1.0000000000       19.7731335355        0.0000000000        0.8869204367        0.1064304524        0.0932215814
       58.9795920000        1.0000000000        1.0000000000       23.9443029715        0.0000000000        0.8869204367        0.1064304524        0.0565112042
       59.0816330000        1.0000000000        1.0000000000       24.8992556070        0.0000000000        0.8869204367        0.1064304524        0.0503926135
       59.1836730000        1.0000000000        1.0000000000       21.2426322414        0.0000000000        0.8869204367        0.1064304524        0.0781507310
       59.2857140000        1.0000000000        1.0000000000       16.9821271371        0.0000000000        0.8869204367        0.1064304524        0.1303078884
       59.3877550000        1.0000000000        1.0000000000       14.7530600655        0.0000000000        0.8869204367        0.1064304524        0.1702704527
       59.4897960000        1.0000000000        1.0000000000       13.9611117426        0.0000000000        0.8869204367        0.1064304524        0.1872457396
       59.5918370000        1.0000000000        1.0000000000       13.6448928880        0.0000000000        0.8869204367        0.1064304524        0.1944875464
       59.6938780000        1.0000000000        1.0000000000       13.4515275345        0.0000000000        0.8869204367        0.1064304524        0.1990531700
       59.7959180000        1.0000000000        1.0000000000       13.3013461446        0.0000000000        0.8869204367        0.1064304524        0.2026729795
       59.8979590000        1.0000000000        1.0000000000       13.1747410768        0.0000000000        0.8869204367        0.1064304524        0.2057756196
       60.0000000000        1.0000000000        1.0000000000       13.0641584937        0.0000000000        0.8869204367        0.1064304524        0.2085244415
