       55.0000000000        1.0000000000        1.0000000000        9.2013941528        0.0000000000        0.8869204367        0.1064304524        0.3314867970
       55.1020410000        1.0000000000        1.0000000000        9.2757038209        0.0000000000        0.8869204367        0.1064304524        0.3285440162
       55.2040820000        1.0000000000        1.0000000000        9.3642484841        0.0000000000        0.8869204367        0.1064304524        0.3250715984
       55.3061220000        1.0000000000        1.0000000000        9.4736085645        0.0000000000        0.8869204367        0.1064304524        0.3208334853
       55.4081630000        1.0000000000        1.0000000000        9.6305558048        0.0000000000        0.8869204367        0.1064304524        0.3148475591
       55.5102040000        1.0000000000        1.0000000000        9.9440981578        0.0000000000        0.8869204367        0.1064304524        0.3032214814
       55.6122450000        1.0000000000        1.0000000000       10.6336829883        0.0000000000        0.8869204367        0.1064304524        0.2791399644
       55.7142860000        1.0000000000        1.0000000000       11.6264078864        0.0000000000        0.8869204367        0.1064304524        0.2477911694
       55.8163270000        1.0000000000        1.0000000000       12.1523958475        0.0000000000        0.8869204367        0.1064304524        0.2326343197
       55.9183670000        1.0000000000        1.0000000000       11.7983666493        0.0000000000        0.8869204367        0.1064304524        0.2427303803
       56.0204080000        1.0000000000        1.0000000000       11.2878879663        0.0000000000        0.8869204367        0.1064304524        0.2580642856
       56.1224490000        1.0000000000        1.0000000000       11.2027199824        0.0000000000        0.8869204367        0.1064304524        0.2607152671
       56.2244900000        1.0000000000        1.0000000000       11.4567713103        0.0000000000        0.8869204367        0.1064304524        0.2528869932
       56.3265310000        1.0000000000        1.0000000000       11.8678721756        0.0000000000        0.8869204367        0.1064304524        0.2407142675
       56.4285710000        1.0000000000        1.0000000000       12.3801802993        0.0000000000        0.8869204367        0.1064304524        0.2263615824
       56.5306120000        1.0000000000        1.0000000000       12.9971202284        0.0000000000        0.8869204367        0.1064304524        0.2102087010
       56.6326530000        1.0000000000        1.0000000000       13.7386094053        0.0000000000        0.8869204367        0.1064304524        0.1923125956
       56.7346940000        1.0000000000        1.0000000000       14.6334286830        0.0000000000        0.8869204367        0.1064304524        0.1727324451
       56.8367350000        1.0000000000        1.0000000000       15.7201769276        0.0000000000        0.8869204367        0.1064304524        0.1516134285
       56.9387760000        1.0000000000        1.0000000000       17.0505403002        0.0000000000        0.8869204367        0.1064304524        0.1292424946
       57.0408160000        1.0000000000        1.0000000000       18.6945129855        0.0000000000        0.8869204367        0.1064304524        0.1061033608
       57.1428570000        1.0000000000        1.0000000000       20.7485517250        0.0000000000        0.8869204367        0.1064304524        0.0829243770
       57.2448980000        1.0000000000        1.0000000000       23.3481600299        0.0000000000        0.8869204367        0.1064304524        0.0607019653
       57.3469390000        1.0000000000        1.0000000000       26.6883975083        0.0000000000        0.8869204367        0.1064304524        0.0406560468
       57.4489800000        1.0000000000        1.0000000000       31.0580362663        0.0000000000        0.8869204367        0.1064304524        0.0240657803
       57.5510200000        1.0000000000        1.0000000000       36.8990935253        0.0000000000        0.8869204367        0.1064304524        0.0119396412
       57.6530610000        1.0000000000        1.0000000000       44.9165570688        0.0000000000        0.8869204367        0.1064304524        0.0045620333
       57.7551020000        1.0000000000        1.0000000000       56.2925761477        0.0000000000        0.8869204367        0.1064304524        0.0011649127
       57.8571430000        1.0000000000        1.0000000000       73.1450200952        0.0000000000        0.8869204367        0.1064304524        0.0001541781
       57.9591840000        1.0000000000        1.0000000000       99.6454886899        0.0000000000        0.8869204367        0.1064304524        0.0000064112
       58.0612240000        1.0000000000        1.0000000000      145.3423339409        0.0000000000        0.8869204367        0.1064304524        0.0000000266
       58.1632650000        1.0000000000        1.0000000000      237.2584044265        0.0000000000        0.8869204367        0.1064304524        0.0000000000
       58.2653060000        1.0000000000        1.0000000000      464.2243965845        0.0000000000        0.8869204367        0.1064304524        0.0000000000
       58.3673470000        1.0000000000        1.0000000000     1075.7802806691        0.0000000000        0.8869204367        0.1064304524        0.0000000000
       58.4693880000        1.0000000000        1.0000000000     2425.7165245491        0.0000000000        0.8869204367        0.1064304524        0.0000000000
       58.5714290000        1.0000000000        1.0000000000     4258.8089239306        0.0000000000        0.8869204367        0.1064304524        0.0000000000
       58.6734690000        1.0000000000        1.0000000000     5149.2017506711        0.0000000000        0.8869204367        0.1064304524        0.0000000000
       58.7755100000        1.0000000000        1.0000000000     4168.6864931854        0.0000000000        0.8869204367        0.1064304524        0.0000000000
       58.8775510000        1.0000000000        1.0000000000     2378.8797372777        0.0000000000        0.8869204367        0.1064304524        0.0000000000
       58.9795920000        1.0000000000        1.0000000000     1114.6365327664        0.0000000000        0.8869204367        0.1064304524        0.0000000000
       59.0816330000        1.0000000000        1.0000000000      542.7399969159        0.0000000000        0.8869204367        0.1064304524        0.0000000000
       59.1836730000        1.0000000000        1.0000000000      315.6789784836        0.0000000000        0.8869204367        0.1064304524        0.0000000000
       59.2857140000        1.0000000000        1.0000000000      212.6834887315        0.0000000000        0.8869204367        0.1064304524        0.0000000000
       59.3877550000        1.0000000000        1.0000000000      157.1226955850        0.0000000000        0.8869204367        0.1064304524        0.0000000065
       59.4897960000        1.0000000000        1.0000000000      123.4594179643        0.0000000000        0.8869204367        0.1064304524        0.0000003680
       59.5918370000        1.0000000000        1.0000000000      101.1816232405        0.0000000000        0.8869204367        0.1064304524        0.0000053319
       59.6938780000        1.0000000000        1.0000000000       85.4636569913        0.0000000000        0.8869204367        0.1064304524        0.0000351587
       59.7959180000        1.0000000000        1.0000000000       73.8656544734        0.0000000000        0.8869204367        0.1064304524        0.0001414056
       59.8979590000        1.0000000000        1.0000000000       65.0175418362        0.0000000000        0.8869204367        0.1064304524        0.0004088734
       60.0000000000        1.0000000000        1.0000000000       58.0877442546        0.0000000000        0.8869204367        0.1064304524        0.0009391557
