       55.0000000000        1.0000000000        1.0000000000       10.0940180230        0.0000000000        0.8869204367        0.1064304524        0.2978151870
       55.1020410000        1.0000000000        1.0000000000       10.4661462286        0.0000000000        0.8869204367        0.1064304524        0.2848087013
       55.2040820000        1.0000000000        1.0000000000       10.9248469697        0.0000000000        0.8869204367        0.1064304524        0.2695553212
       55.3061220000        1.0000000000        1.0000000000       11.4975217304        0.0000000000        0.8869204367        0.1064304524        0.2516533817
       55.4081630000        1.0000000000        1.0000000000       12.2393075769        0.0000000000        0.8869204367        0.1064304524        0.2302206898
       55.5102040000        1.0000000000        1.0000000000       13.2979711989        0.0000000000        0.8869204367        0.1064304524        0.2027550774
       55.6122450000        1.0000000000        1.0000000000       14.9445894267        0.0000000000        0.8869204367        0.1064304524        0.1664016672
       55.7142860000        1.0000000000        1.0000000000       17.1760354154        0.0000000000        0.8869204367        0.1064304524        0.1273107603
       55.8163270000        1.0000000000        1.0000000000       19.3332199883        0.0000000000        0.8869204367        0.1064304524        0.0982749223
       55.9183670000        1.0000000000        1.0000000000       21.1829535226        0.0000000000        0.8869204367        0.1064304524        0.0787124120
       56.0204080000        1.0000000000        1.0000000000       23.7195918270        0.0000000000        0.8869204367        0.1064304524        0.0580557793
       56.1224490000        1.0000000000        1.0000000000       27.9516138247        0.0000000000        0.8869204367        0.1064304524        0.0349375304
       56.2244900000        1.0000000000        1.0000000000       34.5231874454        0.0000000000        0.8869204367        0.1064304524        0.0158786079
       56.3265310000        1.0000000000        1.0000000000       44.6075933815        0.0000000000        0.8869204367        0.1064304524        0.0047343483
       56.4285710000        1.0000000000        1.0000000000       60.9215783013        0.0000000000        0.8869204367        0.1064304524        0.0006684230
       56.5306120000        1.0000000000        1.0000000000       90.2484250788        0.0000000000        0.8869204367        0.1064304524        0.0000198003
       56.6326530000        1.0000000000        1.0000000000      154.1536397982        0.0000000000        0.8869204367        0.1064304524        0.0000000093
       56.7346940000        1.0000000000        1.0000000000      332.3524178939        0.0000000000        0.8869204367        0.1064304524        0.0000000000
       56.8367350000        1.0000000000        1.0000000000      855.8730038817        0.0000000000        0.8869204367        0.1064304524        0.0000000000
       56.9387760000        1.0000000000        1.0000000000     2004.3042644029        0.0000000000        0.8869204367        0.1064304524        0.0000000000
       57.0408160000        1.0000000000        1.0000000000     3386.1293576293        0.0000000000        0.8869204367        0.1064304524        0.0000000000
       57.1428570000        1.0000000000        1.0000000000     3726.6453322889        0.0000000000        0.8869204367        0.1064304524        0.0000000000
       57.2448980000        1.0000000000        1.0000000000     2651.1004082254        0.0000000000        0.8869204367        0.1064304524        0.0000000000
       57.3469390000        1.0000000000        1.0000000000     1318.9652088525        0.0000000000        0.8869204367        0.1064304524        0.0000000000
       57.4489800000        1.0000000000        1.0000000000      559.7899236001        0.0000000000        0.8869204367        0.1064304524        0.0000000000
       57.5510200000        1.0000000000        1.0000000000      268.4440349748        0.0000000000        0.8869204367        0.1064304524        0.0000000000
       57.6530610000        1.0000000000        1.0000000000      162.6330057813        0.0000000000        0.8869204367        0.1064304524        0.0000000033
       57.7551020000        1.0000000000        1.0000000000      115.0906571264        0.0000000000        0.8869204367        0.1064304524        0.0000010046
       57.8571430000        1.0000000000        1.0000000000       88.4986639383        0.0000000000        0.8869204367        0.1064304524        0.0000244266
       57.9591840000        1.0000000000        1.0000000000       71.6148857676        0.0000000000        0.8869204367        0.1064304524        0.0001852533
       58.0612240000        1.0000000000        1.0000000000       60.0689271354        0.0000000000        0.8869204367        0.1064304524        0.0007404361
       58.1632650000        1.0000000000        1.0000000000       51.7613432207        0.0000000000        0.8869204367        0.1064304524        0.0020065044
       58.2653060000        1.0000000000        1.0000000000       45.5532876467        0.0000000000        0.8869204367        0.1064304524        0.0042264431
       58.3673470000        1.0000000000        1.0000000000       40.7777445343        0.0000000000        0.8869204367        0.1064304524        0.0074964227
       58.4693880000        1.0000000000        1.0000000000       37.0252958505        0.0000000000        0.8869204367        0.1064304524        0.0117601862
       58.5714290000        1.0000000000        1.0000000000       34.0577596247        0.0000000000        0.8869204367        0.1064304524        0.0167906826
       58.6734690000        1.0000000000        1.0000000000       31.8771841715        0.0000000000        0.8869204367        0.1064304524        0.0218127177
       58.7755100000        1.0000000000        1.0000000000       31.0739192231        0.0000000000        0.8869204367        0.1064304524        0.0240199557
       58.8775510000        1.0000000000        1.0000000000       32.7033290919        0.0000000000        0.8869204367        0.1064304524        0.0197539958
       58.9795920000        1.0000000000        1.0000000000       35.7359077450        0.0000000000        0.8869204367        0.1064304524        0.0137281209
       59.0816330000        1.0000000000        1.0000000000       35.8153179055        0.0000000000        0.8869204367        0.1064304524        0.0135979239
       59.1836730000        1.0000000000        1.0000000000       31.4189270627        0.0000000000        0.8869204367        0.1064304524        0.0230458113
       59.2857140000        1.0000000000        1.0000000000       26.4821399283        0.0000000000        0.8869204367        0.1064304524        0.0416748774
       59.3877550000        1.0000000000        1.0000000000       23.6700137593        0.0000000000        0.8869204367        0.1064304524        0.0584022039
       59.4897960000        1.0000000000        1.0000000000       22.4199731003        0.0000000000        0.8869204367        0.1064304524        0.0678540115
       59.5918370000        1.0000000000        1.0000000000       21.7743499330        0.0000000000        0.8869204367        0.1064304524        0.0733199900
       59.6938780000        1.0000000000        1.0000000000       21.3809976414        0.0000000000        0.8869204367        0.1064304524        0.0768638413
       59.7959180000        1.0000000000        1.0000000000       21.1700921348        0.0000000000        0.8869204367        0.1064304524        0.0788339879
       59.8979590000        1.0000000000        1.0000000000       21.1435224362        0.0000000000        0.8869204367        0.1064304524        0.0790857405
       60.0000000000        1.0000000000        1.0000000000       21.3303547284        0.0000000000        0.8869204367        0.1064304524        0.0773323766
