       55.0000000000        1.0000000000        1.0000000000       10.1145261460        0.0000000000        0.8869204367        0.1064304524        0.2970831724
       55.1020410000        1.0000000000        1.0000000000       10.1129728920        0.0000000000        0.8869204367        0.1064304524        0.2971385511
       55.2040820000        1.0000000000        1.0000000000       10.1149754349        0.0000000000        0.8869204367        0.1064304524        0.2970671557
       55.3061220000        1.0000000000        1.0000000000       10.1253466043        0.0000000000        0.8869204367        0.1064304524        0.2966976736
       55.4081630000        1.0000000000        1.0000000000       10.1684677945        0.0000000000        0.8869204367        0.1064304524        0.2951663641
       55.5102040000        1.0000000000        1.0000000000       10.3506600734        0.0000000000        0.8869204367        0.1064304524        0.2887831528
       55.6122450000        1.0000000000        1.0000000000       10.8919984335        0.0000000000        0.8869204367        0.1064304524        0.2706199578
       55.7142860000        1.0000000000        1.0000000000       11.7269507173        0.0000000000        0.8869204367        0.1064304524        0.2448194972
       55.8163270000        1.0000000000        1.0000000000       12.0853502592        0.0000000000        0.8869204367        0.1064304524        0.2345135217
       55.9183670000        1.0000000000        1.0000000000       11.5323642550        0.0000000000        0.8869204367        0.1064304524        0.2506033896
       56.0204080000        1.0000000000        1.0000000000       10.7748936798        0.0000000000        0.8869204367        0.1064304524        0.2744497097
       56.1224490000        1.0000000000        1.0000000000       10.3969392596        0.0000000000        0.8869204367        0.1064304524        0.2871838399
       56.2244900000        1.0000000000        1.0000000000       10.3136826510        0.0000000000        0.8869204367        0.1064304524        0.2900674148
       56.3265310000        1.0000000000        1.0000000000       10.3356235332        0.0000000000        0.8869204367        0.1064304524        0.2893046991
       56.4285710000        1.0000000000        1.0000000000       10.3956763230        0.0000000000        0.8869204367        0.1064304524        0.2872273666
       56.5306120000        1.0000000000        1.0000000000       10.4838675201        0.0000000000        0.8869204367        0.1064304524        0.2842036835
       56.6326530000        1.0000000000        1.0000000000       10.6039160525        0.0000000000        0.8869204367        0.1064304524        0.2801388443
       56.7346940000        1.0000000000        1.0000000000       10.7645460797        0.0000000000        0.8869204367        0.1064304524        0.2747907089
       56.8367350000        1.0000000000        1.0000000000       10.9792739856        0.0000000000        0.8869204367        0.1064304524        0.2678005269
       56.9387760000        1.0000000000        1.0000000000       11.2682879524        0.0000000000        0.8869204367        0.1064304524        0.2586719676
       57.0408160000        1.0000000000        1.0000000000       11.6620956830        0.0000000000        0.8869204367        0.1064304524        0.2467322639
       57.1428570000        1.0000000000        1.0000000000       12.2081296486        0.0000000000        0.8869204367        0.1064304524        0.2310836396
       57.2448980000        1.0000000000        1.0000000000       12.9830036214        0.0000000000        0.8869204367        0.1064304524        0.2105650948
       57.3469390000        1.0000000000        1.0000000000       14.1168264645        0.0000000000        0.8869204367        0.1064304524        0.1837793959
       57.4489800000        1.0000000000        1.0000000000       15.8453917773        0.0000000000        0.8869204367        0.1064304524        0.1493523480
       57.5510200000        1.0000000000        1.0000000000       18.6372237454        0.0000000000        0.8869204367        0.1064304524        0.1068353036
       57.6530610000        1.0000000000        1.0000000000       23.5926125343        0.0000000000        0.8869204367        0.1064304524        0.0589471792
       57.7551020000        1.0000000000        1.0000000000       34.3020425458        0.0000000000        0.8869204367        0.1064304524        0.0163056255
       57.8571430000        1.0000000000        1.0000000000       66.7105474756        0.0000000000        0.8869204367        0.1064304524        0.0003337008
       57.9591840000        1.0000000000        1.0000000000      182.9867273515        0.0000000000        0.8869204367        0.1064304524        0.0000000003
       58.0612240000        1.0000000000        1.0000000000      509.0058581557        0.0000000000        0.8869204367        0.1064304524        0.0000000000
       58.1632650000        1.0000000000        1.0000000000     1029.1918939122        0.0000000000        0.8869204367        0.1064304524        0.0000000000
       58.2653060000        1.0000000000        1.0000000000     1322.2753848260        0.0000000000        0.8869204367        0.1064304524        0.0000000000
       58.3673470000        1.0000000000        1.0000000000     1048.7103748222        0.0000000000        0.8869204367        0.1064304524        0.0000000000
       58.4693880000        1.0000000000        1.0000000000      539.1543587256        0.0000000000        0.8869204367        0.1064304524        0.0000000000
       58.5714290000        1.0000000000        1.0000000000      212.3840431615        0.0000000000        0.8869204367        0.1064304524        0.0000000000
       58.6734690000        1.0000000000        1.0000000000       90.7648739877        0.0000000000        0.8869204367        0.1064304524        0.0000186105
       58.7755100000        1.0000000000        1.0000000000       54.6600193010        0.0000000000        0.8869204367        0.1064304524        0.0014170156
       58.8775510000        1.0000000000        1.0000000000       43.9268460100        0.0000000000        0.8869204367        0.1064304524        0.0051373314
       58.9795920000        1.0000000000        1.0000000000       41.1127498697        0.0000000000        0.8869204367        0.1064304524        0.0072010388
       59.0816330000        1.0000000000        1.0000000000       37.8846925691        0.0000000000        0.8869204367        0.1064304524        0.0106078275
       59.1836730000        1.0000000000        1.0000000000       31.4594626603        0.0000000000        0.8869204367        0.1064304524        0.0229339824
       59.2857140000        1.0000000000        1.0000000000       25.2185762569        0.0000000000        0.8869204367        0.1064304524        0.0484981730
       59.3877550000        1.0000000000        1.0000000000       21.5181535174        0.0000000000        0.8869204367        0.1064304524        0.0756091159
       59.4897960000        1.0000000000        1.0000000000       19.6145172726        0.0000000000        0.8869204367        0.1064304524        0.0950129508
       59.5918370000        1.0000000000        1.0000000000       18.4411771379        0.0000000000        0.8869204367        0.1064304524        0.1093784648
       59.6938780000        1.0000000000        1.0000000000       17.5723961496        0.0000000000        0.8869204367        0.1064304524        0.1213971911
       59.7959180000        1.0000000000        1.0000000000       16.8798672327        0.0000000000        0.8869204367        0.1064304524        0.1319167723
       59.8979590000        1.0000000000        1.0000000000       16.3108930911        0.0000000000        0.8869204367        0.1064304524        0.1412382397
       60.0000000000        1.0000000000        1.0000000000       15.8346765779        0.0000000000        0.8869204367        0.1064304524        0.1495445123
