       55.0000000000        1.0000000000        1.0000000000        9.3575499812        0.0000000000        0.8869204367        0.1064304524        0.3253330026
       55.1020410000        1.0000000000        1.0000000000        9.3995430644        0.0000000000        0.8869204367        0.1064304524        0.3236977180
       55.2040820000        1.0000000000        1.0000000000        9.4526674288        0.0000000000        0.8869204367        0.1064304524        0.3216407333
       55.3061220000        1.0000000000        1.0000000000        9.5231593111        0.0000000000        0.8869204367        0.1064304524        0.3189314411
       55.4081630000        1.0000000000        1.0000000000        9.6373177077        0.0000000000        0.8869204367        0.1064304524        0.3145921865
       55.5102040000        1.0000000000        1.0000000000        9.9036837922        0.0000000000        0.8869204367        0.1064304524        0.3046955934
       55.6122450000        1.0000000000        1.0000000000       10.5424621444        0.0000000000        0.8869204367        0.1064304524        0.2822123556
       55.7142860000        1.0000000000        1.0000000000       11.4838718787        0.0000000000        0.8869204367        0.1064304524        0.2520659233
       55.8163270000        1.0000000000        1.0000000000       11.9588385622        0.0000000000        0.8869204367        0.1064304524        0.2381009281
       55.9183670000        1.0000000000        1.0000000000       11.5482370201        0.0000000000        0.8869204367        0.1064304524        0.2501265117
       56.0204080000        1.0000000000        1.0000000000       10.9718936581        0.0000000000        0.8869204367        0.1064304524        0.2680378066
       56.1224490000        1.0000000000        1.0000000000       10.8146307774        0.0000000000        0.8869204367        0.1064304524        0.2731441248
       56.2244900000        1.0000000000        1.0000000000       10.9938595497        0.0000000000        0.8869204367        0.1064304524        0.2673322142
       56.3265310000        1.0000000000        1.0000000000       11.3292494898        0.0000000000        0.8869204367        0.1064304524        0.2567865873
       56.4285710000        1.0000000000        1.0000000000       11.7671772909        0.0000000000        0.8869204367        0.1064304524        0.2436405550
       56.5306120000        1.0000000000        1.0000000000       12.3149895115        0.0000000000        0.8869204367        0.1064304524        0.2281393297
       56.6326530000        1.0000000000        1.0000000000       12.9991507044        0.0000000000        0.8869204367        0.1064304524        0.2101574884
       56.7346940000        1.0000000000        1.0000000000       13.8590559865        0.0000000000        0.8869204367        0.1064304524        0.1895529795
       56.8367350000        1.0000000000        1.0000000000       14.9504675179        0.0000000000        0.8869204367        0.1064304524        0.1662843337
       56.9387760000        1.0000000000        1.0000000000       16.3530529296        0.0000000000        0.8869204367        0.1064304524        0.1405254944
       57.0408160000        1.0000000000        1.0000000000       18.1831315585        0.0000000000        0.8869204367        0.1064304524        0.1128184051
       57.1428570000        1.0000000000        1.0000000000       20.6155854930        0.0000000000        0.8869204367        0.1064304524        0.0842581264
       57.2448980000        1.0000000000        1.0000000000       23.9226561856        0.0000000000        0.8869204367        0.1064304524        0.0566581893
       57.3469390000        1.0000000000        1.0000000000       28.5472227111        0.0000000000        0.8869204367        0.1064304524        0.0325275868
       57.4489800000        1.0000000000        1.0000000000       35.2505814608        0.0000000000        0.8869204367        0.1064304524        0.0145513752
       57.5510200000        1.0000000000        1.0000000000       45.4411936611        0.0000000000        0.8869204367        0.1064304524        0.0042836782
       57.6530610000        1.0000000000        1.0000000000       62.0340818372        0.0000000000        0.8869204367        0.1064304524        0.0005848882
       57.7551020000        1.0000000000        1.0000000000       92.3419162469        0.0000000000        0.8869204367        0.1064304524        0.0000154017
       57.8571430000        1.0000000000        1.0000000000      160.2934692591        0.0000000000        0.8869204367        0.1064304524        0.0000000044
       57.9591840000        1.0000000000        1.0000000000      353.5378587583        0.0000000000        0.8869204367        0.1064304524        0.0000000000
       58.0612240000        1.0000000000        1.0000000000      910.1045370707        0.0000000000        0.8869204367        0.1064304524        0.0000000000
       58.1632650000        1.0000000000        1.0000000000     2069.9504656720        0.0000000000        0.8869204367        0.1064304524        0.0000000000
       58.2653060000        1.0000000000        1.0000000000     3361.5840700816        0.0000000000        0.8869204367        0.1064304524        0.0000000000
       58.3673470000        1.0000000000        1.0000000000     3566.7748066752        0.0000000000        0.8869204367        0.1064304524        0.0000000000
       58.4693880000        1.0000000000        1.0000000000     2469.5639374219        0.0000000000        0.8869204367        0.1064304524        0.0000000000
       58.5714290000        1.0000000000        1.0000000000     1213.0713097334        0.0000000000        0.8869204367        0.1064304524        0.0000000000
       58.6734690000        1.0000000000        1.0000000000      517.8016544673        0.0000000000        0.8869204367        0.1064304524        0.0000000000
       58.7755100000        1.0000000000        1.0000000000      253.8318393223        0.0000000000        0.8869204367        0.1064304524        0.0000000000
       58.8775510000        1.0000000000        1.0000000000      159.8922036666        0.0000000000        0.8869204367        0.1064304524        0.0000000046
       58.9795920000        1.0000000000        1.0000000000      120.2576861380        0.0000000000        0.8869204367        0.1064304524        0.0000005404
       59.0816330000        1.0000000000        1.0000000000       96.8573980614        0.0000000000        0.8869204367        0.1064304524        0.0000089587
       59.1836730000        1.0000000000        1.0000000000       77.7498788403        0.0000000000        0.8869204367        0.1064304524        0.0000887235
       59.2857140000        1.0000000000        1.0000000000       62.7530545665        0.0000000000        0.8869204367        0.1064304524        0.0005365416
       59.3877550000        1.0000000000        1.0000000000       52.6910076416        0.0000000000        0.8869204367        0.1064304524        0.0017946937
       59.4897960000        1.0000000000        1.0000000000       46.0395871767        0.0000000000        0.8869204367        0.1064304524        0.0039868634
       59.5918370000        1.0000000000        1.0000000000       41.2295062914        0.0000000000        0.8869204367        0.1064304524        0.0071008502
       59.6938780000        1.0000000000        1.0000000000       37.5033668299        0.0000000000        0.8869204367        0.1064304524        0.0111045092
       59.7959180000        1.0000000000        1.0000000000       34.5168180776        0.0000000000        0.8869204367        0.1064304524        0.0158907489
       59.8979590000        1.0000000000        1.0000000000       32.0728417343        0.0000000000        0.8869204367        0.1064304524        0.0213065443
       60.0000000000        1.0000000000        1.0000000000       30.0408560870        0.0000000000        0.8869204367        0.1064304524        0.0271900895
