       55.0000000000        1.0000000000        1.0000000000        9.0257621187        0.0000000000        0.8869204367        0.1064304524        0.3385473027
       55.1020410000        1.0000000000        1.0000000000        9.0617163197        0.0000000000        0.8869204367        0.1064304524        0.3370897855
       55.2040820000        1.0000000000        1.0000000000        9.1113579764        0.0000000000        0.8869204367        0.1064304524        0.3350877111
       55.3061220000        1.0000000000        1.0000000000        9.1820751138        0.0000000000        0.8869204367        0.1064304524        0.3322561692
       55.4081630000        1.0000000000        1.0000000000        9.3016987745        0.0000000000        0.8869204367        0.1064304524        0.3275207547
       55.5102040000        1.0000000000        1.0000000000        9.5809773947        0.0000000000        0.8869204367        0.1064304524        0.3167262992
       55.6122450000        1.0000000000        1.0000000000       10.2442731169        0.0000000000        0.8869204367        0.1064304524        0.2924935178
       55.7142860000        1.0000000000        1.0000000000       11.2292667061        0.0000000000        0.8869204367        0.1064304524        0.2598860522
       55.8163270000        1.0000000000        1.0000000000       11.7745480877        0.0000000000        0.8869204367        0.1064304524        0.2434251513
       55.9183670000        1.0000000000        1.0000000000       11.4661775587        0.0000000000        0.8869204367        0.1064304524        0.2526017081
       56.0204080000        1.0000000000        1.0000000000       11.0354389128        0.0000000000        0.8869204367        0.1064304524        0.2660016760
       56.1224490000        1.0000000000        1.0000000000       11.0915500558        0.0000000000        0.8869204367        0.1064304524        0.2642166135
       56.2244900000        1.0000000000        1.0000000000       11.5881143443        0.0000000000        0.8869204367        0.1064304524        0.2489324458
       56.3265310000        1.0000000000        1.0000000000       12.3990535668        0.0000000000        0.8869204367        0.1064304524        0.2258495006
       56.4285710000        1.0000000000        1.0000000000       13.5588704077        0.0000000000        0.8869204367        0.1064304524        0.1965055804
       56.5306120000        1.0000000000        1.0000000000       15.2257156561        0.0000000000        0.8869204367        0.1064304524        0.1608817142
       56.6326530000        1.0000000000        1.0000000000       17.6979813962        0.0000000000        0.8869204367        0.1064304524        0.1195814240
       56.7346940000        1.0000000000        1.0000000000       21.5424706836        0.0000000000        0.8869204367        0.1064304524        0.0753888056
       56.8367350000        1.0000000000        1.0000000000       27.9658025997        0.0000000000        0.8869204367        0.1064304524        0.0348780945
       56.9387760000        1.0000000000        1.0000000000       40.1902407304        0.0000000000        0.8869204367        0.1064304524        0.0080439994
       57.0408160000        1.0000000000        1.0000000000       70.2081787672        0.0000000000        0.8869204367        0.1064304524        0.0002193194
       57.1428570000        1.0000000000        1.0000000000      168.3590557905        0.0000000000        0.8869204367        0.1064304524        0.0000000017
       57.2448980000        1.0000000000        1.0000000000      481.2629871059        0.0000000000        0.8869204367        0.1064304524        0.0000000000
       57.3469390000        1.0000000000        1.0000000000     1150.2058883765        0.0000000000        0.8869204367        0.1064304524        0.0000000000
       57.4489800000        1.0000000000        1.0000000000     1849.7370759746        0.0000000000        0.8869204367        0.1064304524        0.0000000000
       57.5510200000        1.0000000000        1.0000000000     1856.7850500574        0.0000000000        0.8869204367        0.1064304524        0.0000000000
       57.6530610000        1.0000000000        1.0000000000     1174.6902068558        0.0000000000        0.8869204367        0.1064304524        0.0000000000
       57.7551020000        1.0000000000        1.0000000000      518.3275536518        0.0000000000        0.8869204367        0.1064304524        0.0000000000
       57.8571430000        1.0000000000        1.0000000000      205.0157668179        0.0000000000        0.8869204367        0.1064304524        0.0000000000
       57.9591840000        1.0000000000        1.0000000000      100.7133592436        0.0000000000        0.8869204367        0.1064304524        0.0000056401
       58.0612240000        1.0000000000        1.0000000000       65.1337552178        0.0000000000        0.8869204367        0.1064304524        0.0004032110
       58.1632650000        1.0000000000        1.0000000000       48.9044045417        0.0000000000        0.8869204367        0.1064304524        0.0028270301
       58.2653060000        1.0000000000        1.0000000000       39.5719840495        0.0000000000        0.8869204367        0.1064304524        0.0086634861
       58.3673470000        1.0000000000        1.0000000000       33.5277944379        0.0000000000        0.8869204367        0.1064304524        0.0178931856
       58.4693880000        1.0000000000        1.0000000000       29.3422241574        0.0000000000        0.8869204367        0.1064304524        0.0295678724
       58.5714290000        1.0000000000        1.0000000000       26.3420903361        0.0000000000        0.8869204367        0.1064304524        0.0423811818
       58.6734690000        1.0000000000        1.0000000000       24.3239413142        0.0000000000        0.8869204367        0.1064304524        0.0539945071
       58.7755100000        1.0000000000        1.0000000000       23.7738412224        0.0000000000        0.8869204367        0.1064304524        0.0576790679
       58.8775510000        1.0000000000        1.0000000000       25.6787064197        0.0000000000        0.8869204367        0.1064304524        0.0458929040
       58.9795920000        1.0000000000        1.0000000000       28.9475427037        0.0000000000        0.8869204367        0.1064304524        0.0310019515
       59.0816330000        1.0000000000        1.0000000000       29.2045036640        0.0000000000        0.8869204367        0.1064304524        0.0300605848
       59.1836730000        1.0000000000        1.0000000000       24.9682498006        0.0000000000        0.8869204367        0.1064304524        0.0499771201
       59.2857140000        1.0000000000        1.0000000000       20.1937797272        0.0000000000        0.8869204367        0.1064304524        0.0886327751
       59.3877550000        1.0000000000        1.0000000000       17.5147348429        0.0000000000        0.8869204367        0.1064304524        0.1222400944
       59.4897960000        1.0000000000        1.0000000000       16.3386218999        0.0000000000        0.8869204367        0.1064304524        0.1407690566
       59.5918370000        1.0000000000        1.0000000000       15.6942656732        0.0000000000        0.8869204367        0.1064304524        0.1520855814
       59.6938780000        1.0000000000        1.0000000000       15.2175763791        0.0000000000        0.8869204367        0.1064304524        0.1610389262
       59.7959180000        1.0000000000        1.0000000000       14.8203965298        0.0000000000        0.8869204367        0.1064304524        0.1689001472
       59.8979590000        1.0000000000        1.0000000000       14.4768518790        0.0000000000        0.8869204367        0.1064304524        0.1760086345
       60.0000000000        1.0000000000        1.0000000000       14.1745978036        0.0000000000        0.8869204367        0.1064304524        0.1825097402
