       55.0000000000        1.0000000000        1.0000000000       10.0736435244        0.0000000000        0.8869204367        0.1064304524        0.2985442181
       55.1020410000        1.0000000000        1.0000000000       10.1319841551        0.0000000000        0.8869204367        0.1064304524        0.2964614462
       55.2040820000        1.0000000000        1.0000000000       10.2086093620        0.0000000000        0.8869204367        0.1064304524        0.2937479702
       55.3061220000        1.0000000000        1.0000000000       10.3124481621        0.0000000000        0.8869204367        0.1064304524        0.2901103882
       55.4081630000        1.0000000000        1.0000000000       10.4734936495        0.0000000000        0.8869204367        0.1064304524        0.2845576989
       55.5102040000        1.0000000000        1.0000000000       10.8055525950        0.0000000000        0.8869204367        0.1064304524        0.2734418452
       55.6122450000        1.0000000000        1.0000000000       11.5373117329        0.0000000000        0.8869204367        0.1064304524        0.2504546512
       55.7142860000        1.0000000000        1.0000000000       12.6126586439        0.0000000000        0.8869204367        0.1064304524        0.2201339537
       55.8163270000        1.0000000000        1.0000000000       13.2798294626        0.0000000000        0.8869204367        0.1064304524        0.2031969577
       55.9183670000        1.0000000000        1.0000000000       13.1401474536        0.0000000000        0.8869204367        0.1064304524        0.2066316180
       56.0204080000        1.0000000000        1.0000000000       12.9488412992        0.0000000000        0.8869204367        0.1064304524        0.2114300737
       56.1224490000        1.0000000000        1.0000000000       13.3542820179        0.0000000000        0.8869204367        0.1064304524        0.2013896194
       56.2244900000        1.0000000000        1.0000000000       14.3769060902        0.0000000000        0.8869204367        0.1064304524        0.1781323028
       56.3265310000        1.0000000000        1.0000000000       16.0121831254        0.0000000000        0.8869204367        0.1064304524        0.1463927830
       56.4285710000        1.0000000000        1.0000000000       18.5302249018        0.0000000000        0.8869204367        0.1064304524        0.1082158984
       56.5306120000        1.0000000000        1.0000000000       22.5914080747        0.0000000000        0.8869204367        0.1064304524        0.0664723658
       56.6326530000        1.0000000000        1.0000000000       29.7661022527        0.0000000000        0.8869204367        0.1064304524        0.0281015015
       56.7346940000        1.0000000000        1.0000000000       45.0881804531        0.0000000000        0.8869204367        0.1064304524        0.0044690400
       56.8367350000        1.0000000000        1.0000000000       90.3735080794        0.0000000000        0.8869204367        0.1064304524        0.0000195054
       56.9387760000        1.0000000000        1.0000000000      249.2349946346        0.0000000000        0.8869204367        0.1064304524        0.0000000000
       57.0408160000        1.0000000000        1.0000000000      687.7597942370        0.0000000000        0.8869204367        0.1064304524        0.0000000000
       57.1428570000        1.0000000000        1.0000000000     1375.5632487054        0.0000000000        0.8869204367        0.1064304524        0.0000000000
       57.2448980000        1.0000000000        1.0000000000     1745.2731655594        0.0000000000        0.8869204367        0.1064304524        0.0000000000
       57.3469390000        1.0000000000        1.0000000000     1366.0677174536        0.0000000000        0.8869204367        0.1064304524        0.0000000000
       57.4489800000        1.0000000000        1.0000000000      695.2667239147        0.0000000000        0.8869204367        0.1064304524        0.0000000000
       57.5510200000        1.0000000000        1.0000000000      273.7649122533        0.0000000000        0.8869204367        0.1064304524        0.0000000000
       57.6530610000        1.0000000000        1.0000000000      117.2799996275        0.0000000000        0.8869204367        0.1064304524        0.0000007725
       57.7551020000        1.0000000000        1.0000000000       68.3639704014        0.0000000000        0.8869204367        0.1064304524        0.0002736457
       57.8571430000        1.0000000000        1.0000000000       49.3664791090        0.0000000000        0.8869204367        0.1064304524        0.0026745410
       57.9591840000        1.0000000000        1.0000000000       39.4001369073        0.0000000000        0.8869204367        0.1064304524        0.0088439963
       58.0612240000        1.0000000000        1.0000000000       33.2262808145        0.0000000000        0.8869204367        0.1064304524        0.0185524449
       58.1632650000        1.0000000000        1.0000000000       29.0584102978        0.0000000000        0.8869204367        0.1064304524        0.0305922296
       58.2653060000        1.0000000000        1.0000000000       26.0846532990        0.0000000000        0.8869204367        0.1064304524        0.0437108731
       58.3673470000        1.0000000000        1.0000000000       23.8779238924        0.0000000000        0.8869204367        0.1064304524        0.0569631411
       58.4693880000        1.0000000000        1.0000000000       22.1980031267        0.0000000000        0.8869204367        0.1064304524        0.0696856841
       58.5714290000        1.0000000000        1.0000000000       20.9270043936        0.0000000000        0.8869204367        0.1064304524        0.0811674863
       58.6734690000        1.0000000000        1.0000000000       20.1548679678        0.0000000000        0.8869204367        0.1064304524        0.0890476058
       58.7755100000        1.0000000000        1.0000000000       20.5349135660        0.0000000000        0.8869204367        0.1064304524        0.0850777591
       58.8775510000        1.0000000000        1.0000000000       23.1500700407        0.0000000000        0.8869204367        0.1064304524        0.0621621861
       58.9795920000        1.0000000000        1.0000000000       26.9613605716        0.0000000000        0.8869204367        0.1064304524        0.0393459092
       59.0816330000        1.0000000000        1.0000000000       27.6349149296        0.0000000000        0.8869204367        0.1064304524        0.0362908443
       59.1836730000        1.0000000000        1.0000000000       23.7384630177        0.0000000000        0.8869204367        0.1064304524        0.0579244582
       59.2857140000        1.0000000000        1.0000000000       19.2576581009        0.0000000000        0.8869204367        0.1064304524        0.0991700751
       59.3877550000        1.0000000000        1.0000000000       16.8311268960        0.0000000000        0.8869204367        0.1064304524        0.1326905932
       59.4897960000        1.0000000000        1.0000000000       15.8683917719        0.0000000000        0.8869204367        0.1064304524        0.1489407039
       59.5918370000        1.0000000000        1.0000000000       15.4048572598        0.0000000000        0.8869204367        0.1064304524        0.1574601496
       59.6938780000        1.0000000000        1.0000000000       15.0831133691        0.0000000000        0.8869204367        0.1064304524        0.1636584566
       59.7959180000        1.0000000000        1.0000000000       14.8200160651        0.0000000000        0.8869204367        0.1064304524        0.1689078587
       59.8979590000        1.0000000000        1.0000000000       14.5933840869        0.0000000000        0.8869204367        0.1064304524        0.1735644827
       60.0000000000        1.0000000000        1.0000000000       14.3936689029        0.0000000000        0.8869204367        0.1064304524        0.1777743431
