       55.0000000000        1.0000000000        1.0000000000        9.9892846371        0.0000000000        0.8869204367        0.1064304524        0.3015817496
       55.1020410000        1.0000000000        1.0000000000       10.1572616075        0.0000000000        0.8869204367        0.1064304524        0.2955635539
       55.2040820000        1.0000000000        1.0000000000       10.3633965916        0.0000000000        0.8869204367        0.1064304524        0.2883421189
       55.3061220000        1.0000000000        1.0000000000       10.6208811030        0.0000000000        0.8869204367        0.1064304524        0.2795691160
       55.4081630000        1.0000000000        1.0000000000       10.9652458848        0.0000000000        0.8869204367        0.1064304524        0.2682517145
       55.5102040000        1.0000000000        1.0000000000       11.5171374394        0.0000000000        0.8869204367        0.1064304524        0.2510617152
       55.6122450000        1.0000000000        1.0000000000       12.5112708938        0.0000000000        0.8869204367        0.1064304524        0.2228285790
       55.7142860000        1.0000000000        1.0000000000       13.8948968626        0.0000000000        0.8869204367        0.1064304524        0.1887394808
       55.8163270000        1.0000000000        1.0000000000       14.9275812800        0.0000000000        0.8869204367        0.1064304524        0.1667416361
       55.9183670000        1.0000000000        1.0000000000       15.2398001579        0.0000000000        0.8869204367        0.1064304524        0.1606100312
       56.0204080000        1.0000000000        1.0000000000       15.6168771166        0.0000000000        0.8869204367        0.1064304524        0.1535045219
       56.1224490000        1.0000000000        1.0000000000       16.7298879119        0.0000000000        0.8869204367        0.1064304524        0.1343124403
       56.2244900000        1.0000000000        1.0000000000       18.6279646430        0.0000000000        0.8869204367        0.1064304524        0.1069540734
       56.3265310000        1.0000000000        1.0000000000       21.3435473195        0.0000000000        0.8869204367        0.1064304524        0.0772100477
       56.4285710000        1.0000000000        1.0000000000       25.1733503396        0.0000000000        0.8869204367        0.1064304524        0.0487620935
       56.5306120000        1.0000000000        1.0000000000       30.7309401280        0.0000000000        0.8869204367        0.1064304524        0.0250291830
       56.6326530000        1.0000000000        1.0000000000       39.1684756515        0.0000000000        0.8869204367        0.1064304524        0.0090933029
       56.7346940000        1.0000000000        1.0000000000       52.8519901668        0.0000000000        0.8869204367        0.1064304524        0.0017603567
       56.8367350000        1.0000000000        1.0000000000       77.6266087030        0.0000000000        0.8869204367        0.1064304524        0.0000900457
       56.9387760000        1.0000000000        1.0000000000      132.5429680139        0.0000000000        0.8869204367        0.1064304524        0.0000001237
       57.0408160000        1.0000000000        1.0000000000      290.3243497784        0.0000000000        0.8869204367        0.1064304524        0.0000000000
       57.1428570000        1.0000000000        1.0000000000      766.3299526187        0.0000000000        0.8869204367        0.1064304524        0.0000000000
       57.2448980000        1.0000000000        1.0000000000     1824.2243588525        0.0000000000        0.8869204367        0.1064304524        0.0000000000
       57.3469390000        1.0000000000        1.0000000000     3097.7140284542        0.0000000000        0.8869204367        0.1064304524        0.0000000000
       57.4489800000        1.0000000000        1.0000000000     3397.3614952706        0.0000000000        0.8869204367        0.1064304524        0.0000000000
       57.5510200000        1.0000000000        1.0000000000     2391.1147206190        0.0000000000        0.8869204367        0.1064304524        0.0000000000
       57.6530610000        1.0000000000        1.0000000000     1169.2289275134        0.0000000000        0.8869204367        0.1064304524        0.0000000000
       57.7551020000        1.0000000000        1.0000000000      486.8480916985        0.0000000000        0.8869204367        0.1064304524        0.0000000000
       57.8571430000        1.0000000000        1.0000000000      231.5625735711        0.0000000000        0.8869204367        0.1064304524        0.0000000000
       57.9591840000        1.0000000000        1.0000000000      140.9846644088        0.0000000000        0.8869204367        0.1064304524        0.0000000449
       58.0612240000        1.0000000000        1.0000000000      100.6843565374        0.0000000000        0.8869204367        0.1064304524        0.0000056598
       58.1632650000        1.0000000000        1.0000000000       78.1660840283        0.0000000000        0.8869204367        0.1064304524        0.0000844011
       58.2653060000        1.0000000000        1.0000000000       63.8568388860        0.0000000000        0.8869204367        0.1064304524        0.0004699799
       58.3673470000        1.0000000000        1.0000000000       54.0631319891        0.0000000000        0.8869204367        0.1064304524        0.0015222347
       58.4693880000        1.0000000000        1.0000000000       47.0182440316        0.0000000000        0.8869204367        0.1064304524        0.0035450987
       58.5714290000        1.0000000000        1.0000000000       41.7915764152        0.0000000000        0.8869204367        0.1064304524        0.0066377039
       58.6734690000        1.0000000000        1.0000000000       38.0015829763        0.0000000000        0.8869204367        0.1064304524        0.0104600718
       58.7755100000        1.0000000000        1.0000000000       36.0127167326        0.0000000000        0.8869204367        0.1064304524        0.0132796033
       58.8775510000        1.0000000000        1.0000000000       36.7426587615        0.0000000000        0.8869204367        0.1064304524        0.0121658911
       58.9795920000        1.0000000000        1.0000000000       39.0767205331        0.0000000000        0.8869204367        0.1064304524        0.0091939790
       59.0816330000        1.0000000000        1.0000000000       38.5971318330        0.0000000000        0.8869204367        0.1064304524        0.0097386203
       59.1836730000        1.0000000000        1.0000000000       33.7287374113        0.0000000000        0.8869204367        0.1064304524        0.0174668848
       59.2857140000        1.0000000000        1.0000000000       28.3696250273        0.0000000000        0.8869204367        0.1064304524        0.0332282453
       59.3877550000        1.0000000000        1.0000000000       25.1629123280        0.0000000000        0.8869204367        0.1064304524        0.0488232093
       59.4897960000        1.0000000000        1.0000000000       23.5272831334        0.0000000000        0.8869204367        0.1064304524        0.0594111134
       59.5918370000        1.0000000000        1.0000000000       22.4839734310        0.0000000000        0.8869204367        0.1064304524        0.0673348860
       59.6938780000        1.0000000000        1.0000000000       21.6574568927        0.0000000000        0.8869204367        0.1064304524        0.0743557087
       59.7959180000        1.0000000000        1.0000000000       20.9507116516        0.0000000000        0.8869204367        0.1064304524        0.0809369034
       59.8979590000        1.0000000000        1.0000000000       20.3312418892        0.0000000000        0.8869204367        0.1064304524        0.0871827293
       60.0000000000        1.0000000000        1.0000000000       19.7815160038        0.0000000000        0.8869204367        0.1064304524        0.0931278573
