       55.0000000000        1.0000000000        1.0000000000       17.5832971463        0.0000000000        0.8869204367        0.1064304524        0.1212384929
       55.1020410000        1.0000000000        1.0000000000       19.7514449326        0.0000000000        0.8869204367        0.1064304524        0.0934645189
       55.2040820000        1.0000000000        1.0000000000       22.6560046813        0.0000000000        0.8869204367        0.1064304524        0.0659590910
       55.3061220000        1.0000000000        1.0000000000       26.6490432955        0.0000000000        0.8869204367        0.1064304524        0.0408484993
       55.4081630000        1.0000000000        1.0000000000       32.3341340965        0.0000000000        0.8869204367        0.1064304524        0.0206488409
       55.5102040000        1.0000000000        1.0000000000       40.8388317768        0.0000000000        0.8869204367        0.1064304524        0.0074416713
       55.6122450000        1.0000000000        1.0000000000       54.3234120812        0.0000000000        0.8869204367        0.1064304524        0.0014754246
       55.7142860000        1.0000000000        1.0000000000       76.9135729812        0.0000000000        0.8869204367        0.1064304524        0.0000980896
       55.8163270000        1.0000000000        1.0000000000      119.3734973128        0.0000000000        0.8869204367        0.1064304524        0.0000006009
       55.9183670000        1.0000000000        1.0000000000      222.2311846243        0.0000000000        0.8869204367        0.1064304524        0.0000000000
       56.0204080000        1.0000000000        1.0000000000      530.7597036056        0.0000000000        0.8869204367        0.1064304524        0.0000000000
       56.1224490000        1.0000000000        1.0000000000     1358.8243905046        0.0000000000        0.8869204367        0.1064304524        0.0000000000
       56.2244900000        1.0000000000        1.0000000000     2770.1468649555        0.0000000000        0.8869204367        0.1064304524        0.0000000000
       56.3265310000        1.0000000000        1.0000000000     3806.6166462346        0.0000000000        0.8869204367        0.1064304524        0.0000000000
       56.4285710000        1.0000000000        1.0000000000     3346.4080943379        0.0000000000        0.8869204367        0.1064304524        0.0000000000
       56.5306120000        1.0000000000        1.0000000000     1946.2761869887        0.0000000000        0.8869204367        0.1064304524        0.0000000000
       56.6326530000        1.0000000000        1.0000000000      861.5550394051        0.0000000000        0.8869204367        0.1064304524        0.0000000000
       56.7346940000        1.0000000000        1.0000000000      378.1257126234        0.0000000000        0.8869204367        0.1064304524        0.0000000000
       56.8367350000        1.0000000000        1.0000000000      205.7895215167        0.0000000000        0.8869204367        0.1064304524        0.0000000000
       56.9387760000        1.0000000000        1.0000000000      136.9843651897        0.0000000000        0.8869204367        0.1064304524        0.0000000726
       57.0408160000        1.0000000000        1.0000000000      101.9682382690        0.0000000000        0.8869204367        0.1064304524        0.0000048517
       57.1428570000        1.0000000000        1.0000000000       80.8904249046        0.0000000000        0.8869204367        0.1064304524        0.0000608651
       57.2448980000        1.0000000000        1.0000000000       66.9369114945        0.0000000000        0.8869204367        0.1064304524        0.0003247583
       57.3469390000        1.0000000000        1.0000000000       57.1209478452        0.0000000000        0.8869204367        0.1064304524        0.0010546844
       57.4489800000        1.0000000000        1.0000000000       49.9057686917        0.0000000000        0.8869204367        0.1064304524        0.0025069404
       57.5510200000        1.0000000000        1.0000000000       44.4198056839        0.0000000000        0.8869204367        0.1064304524        0.0048422457
       57.6530610000        1.0000000000        1.0000000000       40.1342348811        0.0000000000        0.8869204367        0.1064304524        0.0080982427
       57.7551020000        1.0000000000        1.0000000000       36.7114718827        0.0000000000        0.8869204367        0.1064304524        0.0122115064
       57.8571430000        1.0000000000        1.0000000000       33.9268324302        0.0000000000        0.8869204367        0.1064304524        0.0170565686
       57.9591840000        1.0000000000        1.0000000000       31.6256895017        0.0000000000        0.8869204367        0.1064304524        0.0224810457
       58.0612240000        1.0000000000        1.0000000000       29.6986806210        0.0000000000        0.8869204367        0.1064304524        0.0283297816
       58.1632650000        1.0000000000        1.0000000000       28.0667202175        0.0000000000        0.8869204367        0.1064304524        0.0344582640
       58.2653060000        1.0000000000        1.0000000000       26.6719820404        0.0000000000        0.8869204367        0.1064304524        0.0407362123
       58.3673470000        1.0000000000        1.0000000000       25.4725660624        0.0000000000        0.8869204367        0.1064304524        0.0470423073
       58.4693880000        1.0000000000        1.0000000000       24.4418509957        0.0000000000        0.8869204367        0.1064304524        0.0532359095
       58.5714290000        1.0000000000        1.0000000000       23.5871508399        0.0000000000        0.8869204367        0.1064304524        0.0589858260
       58.6734690000        1.0000000000        1.0000000000       23.0744023375        0.0000000000        0.8869204367        0.1064304524        0.0627291968
       58.7755100000        1.0000000000        1.0000000000       23.6055657821        0.0000000000        0.8869204367        0.1064304524        0.0588556235
       58.8775510000        1.0000000000        1.0000000000       26.3043553592        0.0000000000        0.8869204367        0.1064304524        0.0425735273
       58.9795920000        1.0000000000        1.0000000000       30.1739463917        0.0000000000        0.8869204367        0.1064304524        0.0267592902
       59.0816330000        1.0000000000        1.0000000000       30.8960723084        0.0000000000        0.8869204367        0.1064304524        0.0245380899
       59.1836730000        1.0000000000        1.0000000000       27.0132781094        0.0000000000        0.8869204367        0.1064304524        0.0391015421
       59.2857140000        1.0000000000        1.0000000000       22.4999754320        0.0000000000        0.8869204367        0.1064304524        0.0672057109
       59.3877550000        1.0000000000        1.0000000000       20.0162217830        0.0000000000        0.8869204367        0.1064304524        0.0905415322
       59.4897960000        1.0000000000        1.0000000000       18.9898079928        0.0000000000        0.8869204367        0.1064304524        0.1024093810
       59.5918370000        1.0000000000        1.0000000000       18.4608862937        0.0000000000        0.8869204367        0.1064304524        0.1091200796
       59.6938780000        1.0000000000        1.0000000000       18.0725816348        0.0000000000        0.8869204367        0.1064304524        0.1143250244
       59.7959180000        1.0000000000        1.0000000000       17.7422444720        0.0000000000        0.8869204367        0.1064304524        0.1189479428
       59.8979590000        1.0000000000        1.0000000000       17.4483185334        0.0000000000        0.8869204367        0.1064304524        0.1232182354
       60.0000000000        1.0000000000        1.0000000000       17.1818142464        0.0000000000        0.8869204367        0.1064304524        0.1272225060
