       55.0000000000        1.0000000000        1.0000000000        9.8541799746        0.0000000000        0.8869204367        0.1064304524        0.3065110117
       55.1020410000        1.0000000000        1.0000000000        9.9169861531        0.0000000000        0.8869204367        0.1064304524        0.3042096009
       55.2040820000        1.0000000000        1.0000000000        9.9975404722        0.0000000000        0.8869204367        0.1064304524        0.3012831205
       55.3061220000        1.0000000000        1.0000000000       10.1041519256        0.0000000000        0.8869204367        0.1064304524        0.2974532435
       55.4081630000        1.0000000000        1.0000000000       10.2658736086        0.0000000000        0.8869204367        0.1064304524        0.2917363391
       55.5102040000        1.0000000000        1.0000000000       10.5949958664        0.0000000000        0.8869204367        0.1064304524        0.2804388717
       55.6122450000        1.0000000000        1.0000000000       11.3172680444        0.0000000000        0.8869204367        0.1064304524        0.2571560538
       55.7142860000        1.0000000000        1.0000000000       12.3711970676        0.0000000000        0.8869204367        0.1064304524        0.2266057290
       55.8163270000        1.0000000000        1.0000000000       12.9982002991        0.0000000000        0.8869204367        0.1064304524        0.2101814579
       55.9183670000        1.0000000000        1.0000000000       12.7916590911        0.0000000000        0.8869204367        0.1064304524        0.2154558870
       56.0204080000        1.0000000000        1.0000000000       12.4910335769        0.0000000000        0.8869204367        0.1064304524        0.2233703709
       56.1224490000        1.0000000000        1.0000000000       12.7132293040        0.0000000000        0.8869204367        0.1064304524        0.2174932385
       56.2244900000        1.0000000000        1.0000000000       13.4235027464        0.0000000000        0.8869204367        0.1064304524        0.1997237076
       56.3265310000        1.0000000000        1.0000000000       14.5151242854        0.0000000000        0.8869204367        0.1064304524        0.1752021350
       56.4285710000        1.0000000000        1.0000000000       16.0531634627        0.0000000000        0.8869204367        0.1064304524        0.1456746432
       56.5306120000        1.0000000000        1.0000000000       18.2454343599        0.0000000000        0.8869204367        0.1064304524        0.1119780820
       56.6326530000        1.0000000000        1.0000000000       21.4756941685        0.0000000000        0.8869204367        0.1064304524        0.0759953367
       56.7346940000        1.0000000000        1.0000000000       26.4689236581        0.0000000000        0.8869204367        0.1064304524        0.0417410242
       56.8367350000        1.0000000000        1.0000000000       34.7596238473        0.0000000000        0.8869204367        0.1064304524        0.0154344252
       56.9387760000        1.0000000000        1.0000000000       50.3919046678        0.0000000000        0.8869204367        0.1064304524        0.0023648787
       57.0408160000        1.0000000000        1.0000000000       88.0145359214        0.0000000000        0.8869204367        0.1064304524        0.0000258877
       57.1428570000        1.0000000000        1.0000000000      207.4920744810        0.0000000000        0.8869204367        0.1064304524        0.0000000000
       57.2448980000        1.0000000000        1.0000000000      580.9466217368        0.0000000000        0.8869204367        0.1064304524        0.0000000000
       57.3469390000        1.0000000000        1.0000000000     1375.2387607729        0.0000000000        0.8869204367        0.1064304524        0.0000000000
       57.4489800000        1.0000000000        1.0000000000     2214.0307402187        0.0000000000        0.8869204367        0.1064304524        0.0000000000
       57.5510200000        1.0000000000        1.0000000000     2242.1376238101        0.0000000000        0.8869204367        0.1064304524        0.0000000000
       57.6530610000        1.0000000000        1.0000000000     1439.8046092826        0.0000000000        0.8869204367        0.1064304524        0.0000000000
       57.7551020000        1.0000000000        1.0000000000      647.3424983258        0.0000000000        0.8869204367        0.1064304524        0.0000000000
       57.8571430000        1.0000000000        1.0000000000      259.7696115681        0.0000000000        0.8869204367        0.1064304524        0.0000000000
       57.9591840000        1.0000000000        1.0000000000      127.5525723981        0.0000000000        0.8869204367        0.1064304524        0.0000002252
       58.0612240000        1.0000000000        1.0000000000       81.7671136066        0.0000000000        0.8869204367        0.1064304524        0.0000547872
       58.1632650000        1.0000000000        1.0000000000       60.8579970121        0.0000000000        0.8869204367        0.1064304524        0.0006735424
       58.2653060000        1.0000000000        1.0000000000       48.8707012726        0.0000000000        0.8869204367        0.1064304524        0.0028384869
       58.3673470000        1.0000000000        1.0000000000       41.1280358683        0.0000000000        0.8869204367        0.1064304524        0.0071878419
       58.4693880000        1.0000000000        1.0000000000       35.7757636176        0.0000000000        0.8869204367        0.1064304524        0.0136626201
       58.5714290000        1.0000000000        1.0000000000       31.9334246653        0.0000000000        0.8869204367        0.1064304524        0.0216660023
       58.6734690000        1.0000000000        1.0000000000       29.2833338142        0.0000000000        0.8869204367        0.1064304524        0.0297775639
       58.7755100000        1.0000000000        1.0000000000       28.2439673938        0.0000000000        0.8869204367        0.1064304524        0.0337330879
       58.8775510000        1.0000000000        1.0000000000       29.7643269223        0.0000000000        0.8869204367        0.1064304524        0.0281074889
       58.9795920000        1.0000000000        1.0000000000       32.7361128070        0.0000000000        0.8869204367        0.1064304524        0.0196764353
       59.0816330000        1.0000000000        1.0000000000       32.7649223624        0.0000000000        0.8869204367        0.1064304524        0.0196085284
       59.1836730000        1.0000000000        1.0000000000       28.3383982721        0.0000000000        0.8869204367        0.1064304524        0.0333529921
       59.2857140000        1.0000000000        1.0000000000       23.3926699978        0.0000000000        0.8869204367        0.1064304524        0.0603786086
       59.3877550000        1.0000000000        1.0000000000       20.5624403666        0.0000000000        0.8869204367        0.1064304524        0.0847971925
       59.4897960000        1.0000000000        1.0000000000       19.2572484286        0.0000000000        0.8869204367        0.1064304524        0.0991749505
       59.5918370000        1.0000000000        1.0000000000       18.5028904383        0.0000000000        0.8869204367        0.1064304524        0.1085714440
       59.6938780000        1.0000000000        1.0000000000       17.9313855671        0.0000000000        0.8869204367        0.1064304524        0.1162785971
       59.7959180000        1.0000000000        1.0000000000       17.4515852048        0.0000000000        0.8869204367        0.1064304524        0.1231699433
       59.8979590000        1.0000000000        1.0000000000       17.0353737078        0.0000000000        0.8869204367        0.1064304524        0.1294779290
       60.0000000000        1.0000000000        1.0000000000       16.6686458540        0.0000000000        0.8869204367        0.1064304524        0.1353031446
