       55.0000000000        1.0000000000        1.0000000000        9.4141636127        0.0000000000        0.8869204367        0.1064304524        0.3231302994
       55.1020410000        1.0000000000        1.0000000000        9.4794257167        0.0000000000        0.8869204367        0.1064304524        0.3206096030
       55.2040820000        1.0000000000        1.0000000000        9.5615196937        0.0000000000        0.8869204367        0.1064304524        0.3174666952
       55.3061220000        1.0000000000        1.0000000000        9.6681408673        0.0000000000        0.8869204367        0.1064304524        0.3134307288
       55.4081630000        1.0000000000        1.0000000000        9.8274836154        0.0000000000        0.8869204367        0.1064304524        0.3074945136
       55.5102040000        1.0000000000        1.0000000000       10.1505408739        0.0000000000        0.8869204367        0.1064304524        0.2958020185
       55.6122450000        1.0000000000        1.0000000000       10.8605638753        0.0000000000        0.8869204367        0.1064304524        0.2716427038
       55.7142860000        1.0000000000        1.0000000000       11.8915262537        0.0000000000        0.8869204367        0.1064304524        0.2400319714
       55.8163270000        1.0000000000        1.0000000000       12.4798760285        0.0000000000        0.8869204367        0.1064304524        0.2236696431
       55.9183670000        1.0000000000        1.0000000000       12.2148485995        0.0000000000        0.8869204367        0.1064304524        0.2308973979
       56.0204080000        1.0000000000        1.0000000000       11.8272368587        0.0000000000        0.8869204367        0.1064304524        0.2418909140
       56.1224490000        1.0000000000        1.0000000000       11.9162202334        0.0000000000        0.8869204367        0.1064304524        0.2393217428
       56.2244900000        1.0000000000        1.0000000000       12.4195275533        0.0000000000        0.8869204367        0.1064304524        0.2252952969
       56.3265310000        1.0000000000        1.0000000000       13.1867249908        0.0000000000        0.8869204367        0.1064304524        0.2054799126
       56.4285710000        1.0000000000        1.0000000000       14.2084819828        0.0000000000        0.8869204367        0.1064304524        0.1817691438
       56.5306120000        1.0000000000        1.0000000000       15.5593142048        0.0000000000        0.8869204367        0.1064304524        0.1545685326
       56.6326530000        1.0000000000        1.0000000000       17.3706161612        0.0000000000        0.8869204367        0.1064304524        0.1243725305
       56.7346940000        1.0000000000        1.0000000000       19.8518026506        0.0000000000        0.8869204367        0.1064304524        0.0923456831
       56.8367350000        1.0000000000        1.0000000000       23.3465484865        0.0000000000        0.8869204367        0.1064304524        0.0607137053
       56.9387760000        1.0000000000        1.0000000000       28.4499045471        0.0000000000        0.8869204367        0.1064304524        0.0329096765
       57.0408160000        1.0000000000        1.0000000000       36.2718624999        0.0000000000        0.8869204367        0.1064304524        0.0128729959
       57.1428570000        1.0000000000        1.0000000000       49.1382075624        0.0000000000        0.8869204367        0.1064304524        0.0027488163
       57.2448980000        1.0000000000        1.0000000000       73.0390231554        0.0000000000        0.8869204367        0.1064304524        0.0001561517
       57.3469390000        1.0000000000        1.0000000000      128.5763263712        0.0000000000        0.8869204367        0.1064304524        0.0000001992
       57.4489800000        1.0000000000        1.0000000000      294.9622448709        0.0000000000        0.8869204367        0.1064304524        0.0000000000
       57.5510200000        1.0000000000        1.0000000000      790.8886981861        0.0000000000        0.8869204367        0.1064304524        0.0000000000
       57.6530610000        1.0000000000        1.0000000000     1824.8062852767        0.0000000000        0.8869204367        0.1064304524        0.0000000000
       57.7551020000        1.0000000000        1.0000000000     2928.8668977093        0.0000000000        0.8869204367        0.1064304524        0.0000000000
       57.8571430000        1.0000000000        1.0000000000     3013.0457555768        0.0000000000        0.8869204367        0.1064304524        0.0000000000
       57.9591840000        1.0000000000        1.0000000000     1996.3740765560        0.0000000000        0.8869204367        0.1064304524        0.0000000000
       58.0612240000        1.0000000000        1.0000000000      935.2641007446        0.0000000000        0.8869204367        0.1064304524        0.0000000000
       58.1632650000        1.0000000000        1.0000000000      387.3309332908        0.0000000000        0.8869204367        0.1064304524        0.0000000000
       58.2653060000        1.0000000000        1.0000000000      189.7405248527        0.0000000000        0.8869204367        0.1064304524        0.0000000001
       58.3673470000        1.0000000000        1.0000000000      118.9262281089        0.0000000000        0.8869204367        0.1064304524        0.0000006340
       58.4693880000        1.0000000000        1.0000000000       86.4811543832        0.0000000000        0.8869204367        0.1064304524        0.0000311176
       58.5714290000        1.0000000000        1.0000000000       68.0288625367        0.0000000000        0.8869204367        0.1064304524        0.0002848740
       58.6734690000        1.0000000000        1.0000000000       56.4071003939        0.0000000000        0.8869204367        0.1064304524        0.0011490129
       58.7755100000        1.0000000000        1.0000000000       49.4141975249        0.0000000000        0.8869204367        0.1064304524        0.0026592698
       58.8775510000        1.0000000000        1.0000000000       46.7786537553        0.0000000000        0.8869204367        0.1064304524        0.0036485026
       58.9795920000        1.0000000000        1.0000000000       46.7751597034        0.0000000000        0.8869204367        0.1064304524        0.0036500327
       59.0816330000        1.0000000000        1.0000000000       44.6294495861        0.0000000000        0.8869204367        0.1064304524        0.0047219475
       59.1836730000        1.0000000000        1.0000000000       38.5258702503        0.0000000000        0.8869204367        0.1064304524        0.0098222562
       59.2857140000        1.0000000000        1.0000000000       32.2137006485        0.0000000000        0.8869204367        0.1064304524        0.0209494250
       59.3877550000        1.0000000000        1.0000000000       28.2607655260        0.0000000000        0.8869204367        0.1064304524        0.0336651580
       59.4897960000        1.0000000000        1.0000000000       26.0386326974        0.0000000000        0.8869204367        0.1064304524        0.0439529329
       59.5918370000        1.0000000000        1.0000000000       24.5296654935        0.0000000000        0.8869204367        0.1064304524        0.0526778688
       59.6938780000        1.0000000000        1.0000000000       23.3285363698        0.0000000000        0.8869204367        0.1064304524        0.0608450771
       59.7959180000        1.0000000000        1.0000000000       22.3167635935        0.0000000000        0.8869204367        0.1064304524        0.0686996186
       59.8979590000        1.0000000000        1.0000000000       21.4463042768        0.0000000000        0.8869204367        0.1064304524        0.0762638292
       60.0000000000        1.0000000000        1.0000000000       20.6881318062        0.0000000000        0.8869204367        0.1064304524        0.0835277960
