       55.0000000000        1.0000000000        1.0000000000        9.6800138497        0.0000000000        0.8869204367        0.1064304524        0.3129844839
       55.1020410000        1.0000000000        1.0000000000        9.7215005011        0.0000000000        0.8869204367        0.1064304524        0.3114301946
       55.2040820000        1.0000000000        1.0000000000        9.7754222887        0.0000000000        0.8869204367        0.1064304524        0.3094215555
       55.3061220000        1.0000000000        1.0000000000        9.8485572442        0.0000000000        0.8869204367        0.1064304524        0.3067178930
       55.4081630000        1.0000000000        1.0000000000        9.9678990155        0.0000000000        0.8869204367        0.1064304524        0.3023566852
       55.5102040000        1.0000000000        1.0000000000       10.2429710141        0.0000000000        0.8869204367        0.1064304524        0.2925392241
       55.6122450000        1.0000000000        1.0000000000       10.8959283850        0.0000000000        0.8869204367        0.1064304524        0.2704923651
       55.7142860000        1.0000000000        1.0000000000       11.8606004828        0.0000000000        0.8869204367        0.1064304524        0.2409244072
       55.8163270000        1.0000000000        1.0000000000       12.3712252080        0.0000000000        0.8869204367        0.1064304524        0.2266049638
       55.9183670000        1.0000000000        1.0000000000       12.0099039851        0.0000000000        0.8869204367        0.1064304524        0.2366463425
       56.0204080000        1.0000000000        1.0000000000       11.5002280268        0.0000000000        0.8869204367        0.1064304524        0.2515716692
       56.1224490000        1.0000000000        1.0000000000       11.4363686430        0.0000000000        0.8869204367        0.1064304524        0.2535069001
       56.2244900000        1.0000000000        1.0000000000       11.7486919329        0.0000000000        0.8869204367        0.1064304524        0.2441816089
       56.3265310000        1.0000000000        1.0000000000       12.2743636885        0.0000000000        0.8869204367        0.1064304524        0.2292542469
       56.4285710000        1.0000000000        1.0000000000       12.9857651497        0.0000000000        0.8869204367        0.1064304524        0.2104953286
       56.5306120000        1.0000000000        1.0000000000       13.9305544163        0.0000000000        0.8869204367        0.1064304524        0.1879336075
       56.6326530000        1.0000000000        1.0000000000       15.1993206508        0.0000000000        0.8869204367        0.1064304524        0.1613920989
       56.7346940000        1.0000000000        1.0000000000       16.9368563312        0.0000000000        0.8869204367        0.1064304524        0.1310177119
       56.8367350000        1.0000000000        1.0000000000       19.3793929088        0.0000000000        0.8869204367        0.1064304524        0.0977319112
       56.9387760000        1.0000000000        1.0000000000       22.9320590460        0.0000000000        0.8869204367        0.1064304524        0.0638098900
       57.0408160000        1.0000000000        1.0000000000       28.3401754593        0.0000000000        0.8869204367        0.1064304524        0.0333458799
       57.1428570000        1.0000000000        1.0000000000       37.1306067524        0.0000000000        0.8869204367        0.1064304524        0.0116125042
       57.2448980000        1.0000000000        1.0000000000       53.0835436147        0.0000000000        0.8869204367        0.1064304524        0.0017121160
       57.3469390000        1.0000000000        1.0000000000       88.7748298644        0.0000000000        0.8869204367        0.1064304524        0.0000236303
       57.4489800000        1.0000000000        1.0000000000      194.5921854653        0.0000000000        0.8869204367        0.1064304524        0.0000000001
       57.5510200000        1.0000000000        1.0000000000      529.5173343925        0.0000000000        0.8869204367        0.1064304524        0.0000000000
       57.6530610000        1.0000000000        1.0000000000     1311.3415945210        0.0000000000        0.8869204367        0.1064304524        0.0000000000
       57.7551020000        1.0000000000        1.0000000000     2304.0095753449        0.0000000000        0.8869204367        0.1064304524        0.0000000000
       57.8571430000        1.0000000000        1.0000000000     2590.8611938471        0.0000000000        0.8869204367        0.1064304524        0.0000000000
       57.9591840000        1.0000000000        1.0000000000     1847.5447433264        0.0000000000        0.8869204367        0.1064304524        0.0000000000
       58.0612240000        1.0000000000        1.0000000000      899.2619950727        0.0000000000        0.8869204367        0.1064304524        0.0000000000
       58.1632650000        1.0000000000        1.0000000000      364.8942631453        0.0000000000        0.8869204367        0.1064304524        0.0000000000
       58.2653060000        1.0000000000        1.0000000000      168.8920550914        0.0000000000        0.8869204367        0.1064304524        0.0000000016
       58.3673470000        1.0000000000        1.0000000000      102.3021624586        0.0000000000        0.8869204367        0.1064304524        0.0000046611
       58.4693880000        1.0000000000        1.0000000000       73.7013373435        0.0000000000        0.8869204367        0.1064304524        0.0001442215
       58.5714290000        1.0000000000        1.0000000000       57.9879348223        0.0000000000        0.8869204367        0.1064304524        0.0009504717
       58.6734690000        1.0000000000        1.0000000000       48.3001131837        0.0000000000        0.8869204367        0.1064304524        0.0030396479
       58.7755100000        1.0000000000        1.0000000000       42.7193851819        0.0000000000        0.8869204367        0.1064304524        0.0059383366
       58.8775510000        1.0000000000        1.0000000000       41.1440053723        0.0000000000        0.8869204367        0.1064304524        0.0071740807
       58.9795920000        1.0000000000        1.0000000000       41.9407336556        0.0000000000        0.8869204367        0.1064304524        0.0065199535
       59.0816330000        1.0000000000        1.0000000000       40.4040894809        0.0000000000        0.8869204367        0.1064304524        0.0078402015
       59.1836730000        1.0000000000        1.0000000000       34.7926467861        0.0000000000        0.8869204367        0.1064304524        0.0153733834
       59.2857140000        1.0000000000        1.0000000000       28.9024227137        0.0000000000        0.8869204367        0.1064304524        0.0311702637
       59.3877550000        1.0000000000        1.0000000000       25.3106404299        0.0000000000        0.8869204367        0.1064304524        0.0479653285
       59.4897960000        1.0000000000        1.0000000000       23.3928965932        0.0000000000        0.8869204367        0.1064304524        0.0603769668
       59.5918370000        1.0000000000        1.0000000000       22.1414420857        0.0000000000        0.8869204367        0.1064304524        0.0701602723
       59.6938780000        1.0000000000        1.0000000000       21.1607934032        0.0000000000        0.8869204367        0.1064304524        0.0789220038
       59.7959180000        1.0000000000        1.0000000000       20.3398740500        0.0000000000        0.8869204367        0.1064304524        0.0870924670
       59.8979590000        1.0000000000        1.0000000000       19.6361265812        0.0000000000        0.8869204367        0.1064304524        0.0947668902
       60.0000000000        1.0000000000        1.0000000000       19.0247143250        0.0000000000        0.8869204367        0.1064304524        0.1019813099
