       55.0000000000        1.0000000000        1.0000000000       20.9780637176        0.0000000000        0.8869204367        0.1064304524        0.0806716839
       55.1020410000        1.0000000000        1.0000000000       24.1200797705        0.0000000000        0.8869204367        0.1064304524        0.0553316848
       55.2040820000        1.0000000000        1.0000000000       28.3818670288        0.0000000000        0.8869204367        0.1064304524        0.0331794675
       55.3061220000        1.0000000000        1.0000000000       34.3344728614        0.0000000000        0.8869204367        0.1064304524        0.0162422933
       55.4081630000        1.0000000000        1.0000000000       42.9805361848        0.0000000000        0.8869204367        0.1064304524        0.0057551260
       55.5102040000        1.0000000000        1.0000000000       56.2366433239        0.0000000000        0.8869204367        0.1064304524        0.0011727578
       55.6122450000        1.0000000000        1.0000000000       78.0291976966        0.0000000000        0.8869204367        0.1064304524        0.0000857990
       55.7142860000        1.0000000000        1.0000000000      117.3594631343        0.0000000000        0.8869204367        0.1064304524        0.0000007652
       55.8163270000        1.0000000000        1.0000000000      202.5351937475        0.0000000000        0.8869204367        0.1064304524        0.0000000000
       55.9183670000        1.0000000000        1.0000000000      437.9853790619        0.0000000000        0.8869204367        0.1064304524        0.0000000000
       56.0204080000        1.0000000000        1.0000000000     1109.0216708243        0.0000000000        0.8869204367        0.1064304524        0.0000000000
       56.1224490000        1.0000000000        1.0000000000     2498.6582172598        0.0000000000        0.8869204367        0.1064304524        0.0000000000
       56.2244900000        1.0000000000        1.0000000000     4008.0928837955        0.0000000000        0.8869204367        0.1064304524        0.0000000000
       56.3265310000        1.0000000000        1.0000000000     4177.8267505194        0.0000000000        0.8869204367        0.1064304524        0.0000000000
       56.4285710000        1.0000000000        1.0000000000     2833.5668096597        0.0000000000        0.8869204367        0.1064304524        0.0000000000
       56.5306120000        1.0000000000        1.0000000000     1373.6496227404        0.0000000000        0.8869204367        0.1064304524        0.0000000000
       56.6326530000        1.0000000000        1.0000000000      591.0747869294        0.0000000000        0.8869204367        0.1064304524        0.0000000000
       56.7346940000        1.0000000000        1.0000000000      295.0162685873        0.0000000000        0.8869204367        0.1064304524        0.0000000000
       56.8367350000        1.0000000000        1.0000000000      183.7763078816        0.0000000000        0.8869204367        0.1064304524        0.0000000003
       56.9387760000        1.0000000000        1.0000000000      131.6165153187        0.0000000000        0.8869204367        0.1064304524        0.0000001383
       57.0408160000        1.0000000000        1.0000000000      101.7495287509        0.0000000000        0.8869204367        0.1064304524        0.0000049807
       57.1428570000        1.0000000000        1.0000000000       82.5606706032        0.0000000000        0.8869204367        0.1064304524        0.0000498107
       57.2448980000        1.0000000000        1.0000000000       69.3405205014        0.0000000000        0.8869204367        0.1064304524        0.0002433859
       57.3469390000        1.0000000000        1.0000000000       59.7756380881        0.0000000000        0.8869204367        0.1064304524        0.0007669595
       57.4489800000        1.0000000000        1.0000000000       52.5935954141        0.0000000000        0.8869204367        0.1064304524        0.0018157958
       57.5510200000        1.0000000000        1.0000000000       47.0402009518        0.0000000000        0.8869204367        0.1064304524        0.0035357702
       57.6530610000        1.0000000000        1.0000000000       42.6423980403        0.0000000000        0.8869204367        0.1064304524        0.0059934518
       57.7551020000        1.0000000000        1.0000000000       39.0901439216        0.0000000000        0.8869204367        0.1064304524        0.0091791812
       57.8571430000        1.0000000000        1.0000000000       36.1725814869        0.0000000000        0.8869204367        0.1064304524        0.0130272784
       57.9591840000        1.0000000000        1.0000000000       33.7419624710        0.0000000000        0.8869204367        0.1064304524        0.0174391867
       58.0612240000        1.0000000000        1.0000000000       31.6921803394        0.0000000000        0.8869204367        0.1064304524        0.0223023853
       58.1632650000        1.0000000000        1.0000000000       29.9454785914        0.0000000000        0.8869204367        0.1064304524        0.0275030759
       58.2653060000        1.0000000000        1.0000000000       28.4443355683        0.0000000000        0.8869204367        0.1064304524        0.0329316767
       58.3673470000        1.0000000000        1.0000000000       27.1466023759        0.0000000000        0.8869204367        0.1064304524        0.0384809377
       58.4693880000        1.0000000000        1.0000000000       26.0250961992        0.0000000000        0.8869204367        0.1064304524        0.0440243872
       58.5714290000        1.0000000000        1.0000000000       25.0863263074        0.0000000000        0.8869204367        0.1064304524        0.0492739785
       58.6734690000        1.0000000000        1.0000000000       24.4951345685        0.0000000000        0.8869204367        0.1064304524        0.0528966035
       58.7755100000        1.0000000000        1.0000000000       24.9526133699        0.0000000000        0.8869204367        0.1064304524        0.0500709838
       58.8775510000        1.0000000000        1.0000000000       27.5845086674        0.0000000000        0.8869204367        0.1064304524        0.0365110239
       58.9795920000        1.0000000000        1.0000000000       31.3998691217        0.0000000000        0.8869204367        0.1064304524        0.0230985763
       59.0816330000        1.0000000000        1.0000000000       32.0801529048        0.0000000000        0.8869204367        0.1064304524        0.0212878594
       59.1836730000        1.0000000000        1.0000000000       28.1563131743        0.0000000000        0.8869204367        0.1064304524        0.0340897822
       59.2857140000        1.0000000000        1.0000000000       23.5965077396        0.0000000000        0.8869204367        0.1064304524        0.0589196323
       59.3877550000        1.0000000000        1.0000000000       21.0654974242        0.0000000000        0.8869204367        0.1064304524        0.0798296978
       59.4897960000        1.0000000000        1.0000000000       19.9953182450        0.0000000000        0.8869204367        0.1064304524        0.0907689339
       59.5918370000        1.0000000000        1.0000000000       19.4264815937        0.0000000000        0.8869204367        0.1064304524        0.0971812205
       59.6938780000        1.0000000000        1.0000000000       19.0014077365        0.0000000000        0.8869204367        0.1064304524        0.1022669295
       59.7959180000        1.0000000000        1.0000000000       18.6369231278        0.0000000000        0.8869204367        0.1064304524        0.1068391576
       59.8979590000        1.0000000000        1.0000000000       18.3111349878        0.0000000000        0.8869204367        0.1064304524        0.1110987094
       60.0000000000        1.0000000000        1.0000000000       18.0148086728        0.0000000000        0.8869204367        0.1064304524        0.1151203656
