       55.0000000000        1.0000000000        1.0000000000        8.9069362001        0.0000000000        0.8869204367        0.1064304524        0.3434092673
       55.1020410000        1.0000000000        1.0000000000        8.9726454107        0.0000000000        0.8869204367        0.1064304524        0.3407120968
       55.2040820000        1.0000000000        1.0000000000        9.0539977150        0.0000000000        0.8869204367        0.1064304524        0.3374021537
       55.3061220000        1.0000000000        1.0000000000        9.1581441661        0.0000000000        0.8869204367        0.1064304524        0.3332116851
       55.4081630000        1.0000000000        1.0000000000        9.3125597756        0.0000000000        0.8869204367        0.1064304524        0.3270941683
       55.5102040000        1.0000000000        1.0000000000        9.6272194727        0.0000000000        0.8869204367        0.1064304524        0.3149736367
       55.6122450000        1.0000000000        1.0000000000       10.3235376147        0.0000000000        0.8869204367        0.1064304524        0.2897245851
       55.7142860000        1.0000000000        1.0000000000       11.3322945112        0.0000000000        0.8869204367        0.1064304524        0.2566927739
       55.8163270000        1.0000000000        1.0000000000       11.8866737372        0.0000000000        0.8869204367        0.1064304524        0.2401717832
       55.9183670000        1.0000000000        1.0000000000       11.5736879728        0.0000000000        0.8869204367        0.1064304524        0.2493637621
       56.0204080000        1.0000000000        1.0000000000       11.1194585066        0.0000000000        0.8869204367        0.1064304524        0.2633332284
       56.1224490000        1.0000000000        1.0000000000       11.1135575351        0.0000000000        0.8869204367        0.1064304524        0.2635197650
       56.2244900000        1.0000000000        1.0000000000       11.4800684938        0.0000000000        0.8869204367        0.1064304524        0.2521809940
       56.3265310000        1.0000000000        1.0000000000       12.0492427314        0.0000000000        0.8869204367        0.1064304524        0.2355318506
       56.4285710000        1.0000000000        1.0000000000       12.7823934324        0.0000000000        0.8869204367        0.1064304524        0.2156955811
       56.5306120000        1.0000000000        1.0000000000       13.7077371908        0.0000000000        0.8869204367        0.1064304524        0.1930263708
       56.6326530000        1.0000000000        1.0000000000       14.8815419551        0.0000000000        0.8869204367        0.1064304524        0.1676653862
       56.7346940000        1.0000000000        1.0000000000       16.3868907964        0.0000000000        0.8869204367        0.1064304524        0.1399560414
       56.8367350000        1.0000000000        1.0000000000       18.3454024268        0.0000000000        0.8869204367        0.1064304524        0.1106427993
       56.9387760000        1.0000000000        1.0000000000       20.9392765529        0.0000000000        0.8869204367        0.1064304524        0.0810480422
       57.0408160000        1.0000000000        1.0000000000       24.4506656908        0.0000000000        0.8869204367        0.1064304524        0.0531796283
       57.1428570000        1.0000000000        1.0000000000       29.3354689404        0.0000000000        0.8869204367        0.1064304524        0.0295918506
       57.2448980000        1.0000000000        1.0000000000       36.3701943346        0.0000000000        0.8869204367        0.1064304524        0.0127219896
       57.3469390000        1.0000000000        1.0000000000       46.9742285917        0.0000000000        0.8869204367        0.1064304524        0.0035638729
       57.4489800000        1.0000000000        1.0000000000       64.0288167158        0.0000000000        0.8869204367        0.1064304524        0.0004603801
       57.5510200000        1.0000000000        1.0000000000       94.5117889463        0.0000000000        0.8869204367        0.1064304524        0.0000118710
       57.6530610000        1.0000000000        1.0000000000      160.2317644407        0.0000000000        0.8869204367        0.1064304524        0.0000000045
       57.7551020000        1.0000000000        1.0000000000      340.2228584267        0.0000000000        0.8869204367        0.1064304524        0.0000000000
       57.8571430000        1.0000000000        1.0000000000      861.2978173691        0.0000000000        0.8869204367        0.1064304524        0.0000000000
       57.9591840000        1.0000000000        1.0000000000     2004.7256900741        0.0000000000        0.8869204367        0.1064304524        0.0000000000
       58.0612240000        1.0000000000        1.0000000000     3414.6694522348        0.0000000000        0.8869204367        0.1064304524        0.0000000000
       58.1632650000        1.0000000000        1.0000000000     3836.0573265013        0.0000000000        0.8869204367        0.1064304524        0.0000000000
       58.2653060000        1.0000000000        1.0000000000     2809.5709764052        0.0000000000        0.8869204367        0.1064304524        0.0000000000
       58.3673470000        1.0000000000        1.0000000000     1440.0421822915        0.0000000000        0.8869204367        0.1064304524        0.0000000000
       58.4693880000        1.0000000000        1.0000000000      620.6991510959        0.0000000000        0.8869204367        0.1064304524        0.0000000000
       58.5714290000        1.0000000000        1.0000000000      295.4982320185        0.0000000000        0.8869204367        0.1064304524        0.0000000000
       58.6734690000        1.0000000000        1.0000000000      176.9053264649        0.0000000000        0.8869204367        0.1064304524        0.0000000006
       58.7755100000        1.0000000000        1.0000000000      125.4216425300        0.0000000000        0.8869204367        0.1064304524        0.0000002908
       58.8775510000        1.0000000000        1.0000000000       99.6076577939        0.0000000000        0.8869204367        0.1064304524        0.0000064404
       58.9795920000        1.0000000000        1.0000000000       85.7984047859        0.0000000000        0.8869204367        0.1064304524        0.0000337744
       59.0816330000        1.0000000000        1.0000000000       74.7768443413        0.0000000000        0.8869204367        0.1064304524        0.0001267592
       59.1836730000        1.0000000000        1.0000000000       62.5745721296        0.0000000000        0.8869204367        0.1064304524        0.0005481571
       59.2857140000        1.0000000000        1.0000000000       51.8106218887        0.0000000000        0.8869204367        0.1064304524        0.0019946740
       59.3877550000        1.0000000000        1.0000000000       44.5040163673        0.0000000000        0.8869204367        0.1064304524        0.0047935598
       59.4897960000        1.0000000000        1.0000000000       39.7166233968        0.0000000000        0.8869204367        0.1064304524        0.0085144138
       59.5918370000        1.0000000000        1.0000000000       36.2088720592        0.0000000000        0.8869204367        0.1064304524        0.0129706697
       59.6938780000        1.0000000000        1.0000000000       33.4188931419        0.0000000000        0.8869204367        0.1064304524        0.0181285511
       59.7959180000        1.0000000000        1.0000000000       31.1215995764        0.0000000000        0.8869204367        0.1064304524        0.0238829145
       59.8979590000        1.0000000000        1.0000000000       29.1952330753        0.0000000000        0.8869204367        0.1064304524        0.0300940449
       60.0000000000        1.0000000000        1.0000000000       27.5583820524        0.0000000000        0.8869204367        0.1064304524        0.0366256726
