       55.0000000000        1.0000000000        1.0000000000       11.1529117190        0.0000000000        0.8869204367        0.1064304524        0.2622782263
       55.1020410000        1.0000000000        1.0000000000       11.8192374507        0.0000000000        0.8869204367        0.1064304524        0.2421232236
       55.2040820000        1.0000000000        1.0000000000       12.7021695254        0.0000000000        0.8869204367        0.1064304524        0.2177820813
       55.3061220000        1.0000000000        1.0000000000       13.8959223617        0.0000000000        0.8869204367        0.1064304524        0.1887162559
       55.4081630000        1.0000000000        1.0000000000       15.5652637941        0.0000000000        0.8869204367        0.1064304524        0.1544582176
       55.5102040000        1.0000000000        1.0000000000       18.0447120741        0.0000000000        0.8869204367        0.1064304524        0.1147080070
       55.6122450000        1.0000000000        1.0000000000       21.9389027439        0.0000000000        0.8869204367        0.1064304524        0.0718863895
       55.7142860000        1.0000000000        1.0000000000       27.8812248431        0.0000000000        0.8869204367        0.1064304524        0.0352338863
       55.8163270000        1.0000000000        1.0000000000       36.5833953680        0.0000000000        0.8869204367        0.1064304524        0.0124006369
       55.9183670000        1.0000000000        1.0000000000       51.3704399780        0.0000000000        0.8869204367        0.1064304524        0.0021028687
       56.0204080000        1.0000000000        1.0000000000       85.7848925681        0.0000000000        0.8869204367        0.1064304524        0.0000338292
       56.1224490000        1.0000000000        1.0000000000      193.3888845579        0.0000000000        0.8869204367        0.1064304524        0.0000000001
       56.2244900000        1.0000000000        1.0000000000      539.7580342786        0.0000000000        0.8869204367        0.1064304524        0.0000000000
       56.3265310000        1.0000000000        1.0000000000     1333.5148968789        0.0000000000        0.8869204367        0.1064304524        0.0000000000
       56.4285710000        1.0000000000        1.0000000000     2279.9020718420        0.0000000000        0.8869204367        0.1064304524        0.0000000000
       56.5306120000        1.0000000000        1.0000000000     2451.2761307284        0.0000000000        0.8869204367        0.1064304524        0.0000000000
       56.6326530000        1.0000000000        1.0000000000     1654.6304158044        0.0000000000        0.8869204367        0.1064304524        0.0000000000
       56.7346940000        1.0000000000        1.0000000000      765.6654344817        0.0000000000        0.8869204367        0.1064304524        0.0000000000
       56.8367350000        1.0000000000        1.0000000000      304.9483008628        0.0000000000        0.8869204367        0.1064304524        0.0000000000
       56.9387760000        1.0000000000        1.0000000000      144.5146264940        0.0000000000        0.8869204367        0.1064304524        0.0000000294
       57.0408160000        1.0000000000        1.0000000000       89.8811767617        0.0000000000        0.8869204367        0.1064304524        0.0000206925
       57.1428570000        1.0000000000        1.0000000000       65.5936912288        0.0000000000        0.8869204367        0.1064304524        0.0003815598
       57.2448980000        1.0000000000        1.0000000000       51.8877240681        0.0000000000        0.8869204367        0.1064304524        0.0019763039
       57.3469390000        1.0000000000        1.0000000000       43.1071698950        0.0000000000        0.8869204367        0.1064304524        0.0056683320
       57.4489800000        1.0000000000        1.0000000000       37.0563371167        0.0000000000        0.8869204367        0.1064304524        0.0117164616
       57.5510200000        1.0000000000        1.0000000000       32.6717498618        0.0000000000        0.8869204367        0.1064304524        0.0198289957
       57.6530610000        1.0000000000        1.0000000000       29.3718525347        0.0000000000        0.8869204367        0.1064304524        0.0294629333
       57.7551020000        1.0000000000        1.0000000000       26.8131990783        0.0000000000        0.8869204367        0.1064304524        0.0400517108
       57.8571430000        1.0000000000        1.0000000000       24.7808803318        0.0000000000        0.8869204367        0.1064304524        0.0511135506
       57.9591840000        1.0000000000        1.0000000000       23.1342488001        0.0000000000        0.8869204367        0.1064304524        0.0622803161
       58.0612240000        1.0000000000        1.0000000000       21.7779316657        0.0000000000        0.8869204367        0.1064304524        0.0732884833
       58.1632650000        1.0000000000        1.0000000000       20.6454518930        0.0000000000        0.8869204367        0.1064304524        0.0839566884
       58.2653060000        1.0000000000        1.0000000000       19.6898523188        0.0000000000        0.8869204367        0.1064304524        0.0941578850
       58.3673470000        1.0000000000        1.0000000000       18.8784866078        0.0000000000        0.8869204367        0.1064304524        0.1037866019
       58.4693880000        1.0000000000        1.0000000000       18.1926519948        0.0000000000        0.8869204367        0.1064304524        0.1126895891
       58.5714290000        1.0000000000        1.0000000000       17.6467065992        0.0000000000        0.8869204367        0.1064304524        0.1203194738
       58.6734690000        1.0000000000        1.0000000000       17.4133465845        0.0000000000        0.8869204367        0.1064304524        0.1237364238
       58.7755100000        1.0000000000        1.0000000000       18.1997886182        0.0000000000        0.8869204367        0.1064304524        0.1125931236
       58.8775510000        1.0000000000        1.0000000000       21.1258295630        0.0000000000        0.8869204367        0.1064304524        0.0792538293
       58.9795920000        1.0000000000        1.0000000000       25.1789736213        0.0000000000        0.8869204367        0.1064304524        0.0487292002
       59.0816330000        1.0000000000        1.0000000000       26.0431753635        0.0000000000        0.8869204367        0.1064304524        0.0439289798
       59.1836730000        1.0000000000        1.0000000000       22.2963070167        0.0000000000        0.8869204367        0.1064304524        0.0688684689
       59.2857140000        1.0000000000        1.0000000000       17.9320665272        0.0000000000        0.8869204367        0.1064304524        0.1162690958
       59.3877550000        1.0000000000        1.0000000000       15.5973353787        0.0000000000        0.8869204367        0.1064304524        0.1538649137
       59.4897960000        1.0000000000        1.0000000000       14.7080325337        0.0000000000        0.8869204367        0.1064304524        0.1711929657
       59.5918370000        1.0000000000        1.0000000000       14.3038499164        0.0000000000        0.8869204367        0.1064304524        0.1797008078
       59.6938780000        1.0000000000        1.0000000000       14.0305356928        0.0000000000        0.8869204367        0.1064304524        0.1856922987
       59.7959180000        1.0000000000        1.0000000000       13.8074985737        0.0000000000        0.8869204367        0.1064304524        0.1907293581
       59.8979590000        1.0000000000        1.0000000000       13.6146772262        0.0000000000        0.8869204367        0.1064304524        0.1951940148
       60.0000000000        1.0000000000        1.0000000000       13.4443147041        0.0000000000        0.8869204367        0.1064304524        0.1992255330
