       55.0000000000        1.0000000000        1.0000000000       10.1569683141        0.0000000000        0.8869204367        0.1064304524        0.2955739565
       55.1020410000        1.0000000000        1.0000000000       10.3246852473        0.0000000000        0.8869204367        0.1064304524        0.2896846882
       55.2040820000        1.0000000000        1.0000000000       10.5516712811        0.0000000000        0.8869204367        0.1064304524        0.2819006560
       55.3061220000        1.0000000000        1.0000000000       10.8649402160        0.0000000000        0.8869204367        0.1064304524        0.2715000852
       55.4081630000        1.0000000000        1.0000000000       11.3226406443        0.0000000000        0.8869204367        0.1064304524        0.2569903156
       55.5102040000        1.0000000000        1.0000000000       12.0837522426        0.0000000000        0.8869204367        0.1064304524        0.2345584968
       55.6122450000        1.0000000000        1.0000000000       13.4520714585        0.0000000000        0.8869204367        0.1064304524        0.1990401780
       55.7142860000        1.0000000000        1.0000000000       15.5028883227        0.0000000000        0.8869204367        0.1064304524        0.1556186838
       55.8163270000        1.0000000000        1.0000000000       17.7370095577        0.0000000000        0.8869204367        0.1064304524        0.1190226882
       55.9183670000        1.0000000000        1.0000000000       20.3007223992        0.0000000000        0.8869204367        0.1064304524        0.0875026073
       56.0204080000        1.0000000000        1.0000000000       25.5021341330        0.0000000000        0.8869204367        0.1064304524        0.0468756890
       56.1224490000        1.0000000000        1.0000000000       40.5459390782        0.0000000000        0.8869204367        0.1064304524        0.0077078754
       56.2244900000        1.0000000000        1.0000000000       94.1602721898        0.0000000000        0.8869204367        0.1064304524        0.0000123824
       56.3265310000        1.0000000000        1.0000000000      269.6860141572        0.0000000000        0.8869204367        0.1064304524        0.0000000000
       56.4285710000        1.0000000000        1.0000000000      671.2810178278        0.0000000000        0.8869204367        0.1064304524        0.0000000000
       56.5306120000        1.0000000000        1.0000000000     1216.2277408275        0.0000000000        0.8869204367        0.1064304524        0.0000000000
       56.6326530000        1.0000000000        1.0000000000     1490.2750139468        0.0000000000        0.8869204367        0.1064304524        0.0000000000
       56.7346940000        1.0000000000        1.0000000000     1190.8820758712        0.0000000000        0.8869204367        0.1064304524        0.0000000000
       56.8367350000        1.0000000000        1.0000000000      629.2898755084        0.0000000000        0.8869204367        0.1064304524        0.0000000000
       56.9387760000        1.0000000000        1.0000000000      249.6873594357        0.0000000000        0.8869204367        0.1064304524        0.0000000000
       57.0408160000        1.0000000000        1.0000000000      102.7431934439        0.0000000000        0.8869204367        0.1064304524        0.0000044208
       57.1428570000        1.0000000000        1.0000000000       58.0824479140        0.0000000000        0.8869204367        0.1064304524        0.0009397527
       57.2448980000        1.0000000000        1.0000000000       41.9157433387        0.0000000000        0.8869204367        0.1064304524        0.0065395351
       57.3469390000        1.0000000000        1.0000000000       33.7448783240        0.0000000000        0.8869204367        0.1064304524        0.0174330857
       57.4489800000        1.0000000000        1.0000000000       28.7400633584        0.0000000000        0.8869204367        0.1064304524        0.0317835124
       57.5510200000        1.0000000000        1.0000000000       25.3741777903        0.0000000000        0.8869204367        0.1064304524        0.0476010083
       57.6530610000        1.0000000000        1.0000000000       22.9736683306        0.0000000000        0.8869204367        0.1064304524        0.0634920740
       57.7551020000        1.0000000000        1.0000000000       21.1870821294        0.0000000000        0.8869204367        0.1064304524        0.0786734250
       57.8571430000        1.0000000000        1.0000000000       19.8131679688        0.0000000000        0.8869204367        0.1064304524        0.0927748066
       57.9591840000        1.0000000000        1.0000000000       18.7289301331        0.0000000000        0.8869204367        0.1064304524        0.1056660515
       58.0612240000        1.0000000000        1.0000000000       17.8554258493        0.0000000000        0.8869204367        0.1064304524        0.1173433411
       58.1632650000        1.0000000000        1.0000000000       17.1401371844        0.0000000000        0.8869204367        0.1064304524        0.1278603710
       58.2653060000        1.0000000000        1.0000000000       16.5475637473        0.0000000000        0.8869204367        0.1064304524        0.1372834312
       58.3673470000        1.0000000000        1.0000000000       16.0544053835        0.0000000000        0.8869204367        0.1064304524        0.1456529348
       58.4693880000        1.0000000000        1.0000000000       15.6496652081        0.0000000000        0.8869204367        0.1064304524        0.1529017341
       58.5714290000        1.0000000000        1.0000000000       15.3543452308        0.0000000000        0.8869204367        0.1064304524        0.1584174839
       58.6734690000        1.0000000000        1.0000000000       15.3473732512        0.0000000000        0.8869204367        0.1064304524        0.1585500773
       58.7755100000        1.0000000000        1.0000000000       16.3406284804        0.0000000000        0.8869204367        0.1064304524        0.1407351649
       58.8775510000        1.0000000000        1.0000000000       19.4495955787        0.0000000000        0.8869204367        0.1064304524        0.0969120445
       58.9795920000        1.0000000000        1.0000000000       23.6461769572        0.0000000000        0.8869204367        0.1064304524        0.0585694977
       59.0816330000        1.0000000000        1.0000000000       24.6163087712        0.0000000000        0.8869204367        0.1064304524        0.0521330042
       59.1836730000        1.0000000000        1.0000000000       20.9717908996        0.0000000000        0.8869204367        0.1064304524        0.0807324314
       59.2857140000        1.0000000000        1.0000000000       16.7242935355        0.0000000000        0.8869204367        0.1064304524        0.1344026378
       59.3877550000        1.0000000000        1.0000000000       14.5072232000        0.0000000000        0.8869204367        0.1064304524        0.1753683283
       59.4897960000        1.0000000000        1.0000000000       13.7244944167        0.0000000000        0.8869204367        0.1064304524        0.1926386105
       59.5918370000        1.0000000000        1.0000000000       13.4148734073        0.0000000000        0.8869204367        0.1064304524        0.1999306327
       59.6938780000        1.0000000000        1.0000000000       13.2260990779        0.0000000000        0.8869204367        0.1064304524        0.2045113325
       59.7959180000        1.0000000000        1.0000000000       13.0789555540        0.0000000000        0.8869204367        0.1064304524        0.2081545042
       59.8979590000        1.0000000000        1.0000000000       12.9541430446        0.0000000000        0.8869204367        0.1064304524        0.2112956027
       60.0000000000        1.0000000000        1.0000000000       12.8443330836        0.0000000000        0.8869204367        0.1064304524        0.2140983115
