       55.0000000000        1.0000000000        1.0000000000       10.1061031559        0.0000000000        0.8869204367        0.1064304524        0.2973836037
       55.1020410000        1.0000000000        1.0000000000       10.3954299049        0.0000000000        0.8869204367        0.1064304524        0.2872358601
       55.2040820000        1.0000000000        1.0000000000       10.7590243864        0.0000000000        0.8869204367        0.1064304524        0.2749728465
       55.3061220000        1.0000000000        1.0000000000       11.2227300118        0.0000000000        0.8869204367        0.1064304524        0.2600899877
       55.4081630000        1.0000000000        1.0000000000       11.8401988318        0.0000000000        0.8869204367        0.1064304524        0.2415149604
       55.5102040000        1.0000000000        1.0000000000       12.7583546026        0.0000000000        0.8869204367        0.1064304524        0.2163186878
       55.6122450000        1.0000000000        1.0000000000       14.2501644819        0.0000000000        0.8869204367        0.1064304524        0.1808622228
       55.7142860000        1.0000000000        1.0000000000       16.3199654074        0.0000000000        0.8869204367        0.1064304524        0.1410845604
       55.8163270000        1.0000000000        1.0000000000       18.3206340907        0.0000000000        0.8869204367        0.1064304524        0.1109721410
       55.9183670000        1.0000000000        1.0000000000       20.0391455574        0.0000000000        0.8869204367        0.1064304524        0.0902928080
       56.0204080000        1.0000000000        1.0000000000       22.5255198606        0.0000000000        0.8869204367        0.1064304524        0.0670000185
       56.1224490000        1.0000000000        1.0000000000       26.9294719348        0.0000000000        0.8869204367        0.1064304524        0.0394967601
       56.2244900000        1.0000000000        1.0000000000       34.2339212381        0.0000000000        0.8869204367        0.1064304524        0.0164394631
       56.3265310000        1.0000000000        1.0000000000       46.5485174197        0.0000000000        0.8869204367        0.1064304524        0.0037506651
       56.4285710000        1.0000000000        1.0000000000       69.9204026627        0.0000000000        0.8869204367        0.1064304524        0.0002270255
       56.5306120000        1.0000000000        1.0000000000      126.2181322765        0.0000000000        0.8869204367        0.1064304524        0.0000002643
       56.6326530000        1.0000000000        1.0000000000      300.2722112811        0.0000000000        0.8869204367        0.1064304524        0.0000000000
       56.7346940000        1.0000000000        1.0000000000      815.6855848149        0.0000000000        0.8869204367        0.1064304524        0.0000000000
       56.8367350000        1.0000000000        1.0000000000     1840.0816502510        0.0000000000        0.8869204367        0.1064304524        0.0000000000
       56.9387760000        1.0000000000        1.0000000000     2821.3987038305        0.0000000000        0.8869204367        0.1064304524        0.0000000000
       57.0408160000        1.0000000000        1.0000000000     2738.6084705090        0.0000000000        0.8869204367        0.1064304524        0.0000000000
       57.1428570000        1.0000000000        1.0000000000     1707.9496572614        0.0000000000        0.8869204367        0.1064304524        0.0000000000
       57.2448980000        1.0000000000        1.0000000000      764.7207069481        0.0000000000        0.8869204367        0.1064304524        0.0000000000
       57.3469390000        1.0000000000        1.0000000000      315.7164611640        0.0000000000        0.8869204367        0.1064304524        0.0000000000
       57.4489800000        1.0000000000        1.0000000000      159.9630035505        0.0000000000        0.8869204367        0.1064304524        0.0000000046
       57.5510200000        1.0000000000        1.0000000000      103.1836255260        0.0000000000        0.8869204367        0.1064304524        0.0000041932
       57.6530610000        1.0000000000        1.0000000000       76.2037490373        0.0000000000        0.8869204367        0.1064304524        0.0001068110
       57.7551020000        1.0000000000        1.0000000000       60.4728257629        0.0000000000        0.8869204367        0.1064304524        0.0007054045
       57.8571430000        1.0000000000        1.0000000000       50.2272254467        0.0000000000        0.8869204367        0.1064304524        0.0024120771
       57.9591840000        1.0000000000        1.0000000000       43.0925877585        0.0000000000        0.8869204367        0.1064304524        0.0056782594
       58.0612240000        1.0000000000        1.0000000000       37.8849380921        0.0000000000        0.8869204367        0.1064304524        0.0106075150
       58.1632650000        1.0000000000        1.0000000000       33.9456966357        0.0000000000        0.8869204367        0.1064304524        0.0170180013
       58.2653060000        1.0000000000        1.0000000000       30.8817357085        0.0000000000        0.8869204367        0.1064304524        0.0245803414
       58.3673470000        1.0000000000        1.0000000000       28.4464804518        0.0000000000        0.8869204367        0.1064304524        0.0329232016
       58.4693880000        1.0000000000        1.0000000000       26.4829896501        0.0000000000        0.8869204367        0.1064304524        0.0416706282
       58.5714290000        1.0000000000        1.0000000000       24.9126902350        0.0000000000        0.8869204367        0.1064304524        0.0503114382
       58.6734690000        1.0000000000        1.0000000000       23.8432941932        0.0000000000        0.8869204367        0.1064304524        0.0572003476
       58.7755100000        1.0000000000        1.0000000000       23.9362313973        0.0000000000        0.8869204367        0.1064304524        0.0565659668
       58.8775510000        1.0000000000        1.0000000000       26.2858693136        0.0000000000        0.8869204367        0.1064304524        0.0426680741
       58.9795920000        1.0000000000        1.0000000000       29.8732803349        0.0000000000        0.8869204367        0.1064304524        0.0277423920
       59.0816330000        1.0000000000        1.0000000000       30.3647153466        0.0000000000        0.8869204367        0.1064304524        0.0261536677
       59.1836730000        1.0000000000        1.0000000000       26.2934820931        0.0000000000        0.8869204367        0.1064304524        0.0426291132
       59.2857140000        1.0000000000        1.0000000000       21.6264724719        0.0000000000        0.8869204367        0.1064304524        0.0746326876
       59.3877550000        1.0000000000        1.0000000000       19.0160678674        0.0000000000        0.8869204367        0.1064304524        0.1020871780
       59.4897960000        1.0000000000        1.0000000000       17.8840354055        0.0000000000        0.8869204367        0.1064304524        0.1169411750
       59.5918370000        1.0000000000        1.0000000000       17.2663927264        0.0000000000        0.8869204367        0.1064304524        0.1259378022
       59.6938780000        1.0000000000        1.0000000000       16.8031979215        0.0000000000        0.8869204367        0.1064304524        0.1331360488
       59.7959180000        1.0000000000        1.0000000000       16.4093574344        0.0000000000        0.8869204367        0.1064304524        0.1395792286
       59.8979590000        1.0000000000        1.0000000000       16.0613446771        0.0000000000        0.8869204367        0.1064304524        0.1455316979
       60.0000000000        1.0000000000        1.0000000000       15.7485854773        0.0000000000        0.8869204367        0.1064304524        0.1510974544
