       55.0000000000        1.0000000000        1.0000000000       10.5732323585        0.0000000000        0.8869204367        0.1064304524        0.2811722289
       55.1020410000        1.0000000000        1.0000000000       10.9678037282        0.0000000000        0.8869204367        0.1064304524        0.2681693896
       55.2040820000        1.0000000000        1.0000000000       11.4627374796        0.0000000000        0.8869204367        0.1064304524        0.2527060060
       55.3061220000        1.0000000000        1.0000000000       12.0921852936        0.0000000000        0.8869204367        0.1064304524        0.2343212516
       55.4081630000        1.0000000000        1.0000000000       12.9215799638        0.0000000000        0.8869204367        0.1064304524        0.2121228702
       55.5102040000        1.0000000000        1.0000000000       14.1147107286        0.0000000000        0.8869204367        0.1064304524        0.1838260613
       55.6122450000        1.0000000000        1.0000000000       15.9683688420        0.0000000000        0.8869204367        0.1064304524        0.1471645014
       55.7142860000        1.0000000000        1.0000000000       18.5215955949        0.0000000000        0.8869204367        0.1064304524        0.1083280158
       55.8163270000        1.0000000000        1.0000000000       21.1862197042        0.0000000000        0.8869204367        0.1064304524        0.0786815674
       55.9183670000        1.0000000000        1.0000000000       23.8524373807        0.0000000000        0.8869204367        0.1064304524        0.0571376228
       56.0204080000        1.0000000000        1.0000000000       27.7461560041        0.0000000000        0.8869204367        0.1064304524        0.0358096195
       56.1224490000        1.0000000000        1.0000000000       34.3433786205        0.0000000000        0.8869204367        0.1064304524        0.0162249445
       56.2244900000        1.0000000000        1.0000000000       45.3066537426        0.0000000000        0.8869204367        0.1064304524        0.0043533986
       56.3265310000        1.0000000000        1.0000000000       64.4606715928        0.0000000000        0.8869204367        0.1064304524        0.0004371297
       56.4285710000        1.0000000000        1.0000000000      103.8088636546        0.0000000000        0.8869204367        0.1064304524        0.0000038901
       56.5306120000        1.0000000000        1.0000000000      210.7767128863        0.0000000000        0.8869204367        0.1064304524        0.0000000000
       56.6326530000        1.0000000000        1.0000000000      553.4073723918        0.0000000000        0.8869204367        0.1064304524        0.0000000000
       56.7346940000        1.0000000000        1.0000000000     1448.6192180332        0.0000000000        0.8869204367        0.1064304524        0.0000000000
       56.8367350000        1.0000000000        1.0000000000     2824.1360781833        0.0000000000        0.8869204367        0.1064304524        0.0000000000
       56.9387760000        1.0000000000        1.0000000000     3582.2980031974        0.0000000000        0.8869204367        0.1064304524        0.0000000000
       57.0408160000        1.0000000000        1.0000000000     2867.4006331893        0.0000000000        0.8869204367        0.1064304524        0.0000000000
       57.1428570000        1.0000000000        1.0000000000     1525.0038226073        0.0000000000        0.8869204367        0.1064304524        0.0000000000
       57.2448980000        1.0000000000        1.0000000000      634.2701711534        0.0000000000        0.8869204367        0.1064304524        0.0000000000
       57.3469390000        1.0000000000        1.0000000000      277.8915197453        0.0000000000        0.8869204367        0.1064304524        0.0000000000
       57.4489800000        1.0000000000        1.0000000000      156.9949235319        0.0000000000        0.8869204367        0.1064304524        0.0000000066
       57.5510200000        1.0000000000        1.0000000000      107.9742876291        0.0000000000        0.8869204367        0.1064304524        0.0000023598
       57.6530610000        1.0000000000        1.0000000000       82.1428195337        0.0000000000        0.8869204367        0.1064304524        0.0000523720
       57.7551020000        1.0000000000        1.0000000000       66.2149215802        0.0000000000        0.8869204367        0.1064304524        0.0003541498
       57.8571430000        1.0000000000        1.0000000000       55.5131299114        0.0000000000        0.8869204367        0.1064304524        0.0012791294
       57.9591840000        1.0000000000        1.0000000000       47.9044599215        0.0000000000        0.8869204367        0.1064304524        0.0031874464
       58.0612240000        1.0000000000        1.0000000000       42.2646892721        0.0000000000        0.8869204367        0.1064304524        0.0062713558
       58.1632650000        1.0000000000        1.0000000000       37.9472492328        0.0000000000        0.8869204367        0.1064304524        0.0105284948
       58.2653060000        1.0000000000        1.0000000000       34.5567194370        0.0000000000        0.8869204367        0.1064304524        0.0158148433
       58.3673470000        1.0000000000        1.0000000000       31.8402357310        0.0000000000        0.8869204367        0.1064304524        0.0219096459
       58.4693880000        1.0000000000        1.0000000000       29.6340215433        0.0000000000        0.8869204367        0.1064304524        0.0285504499
       58.5714290000        1.0000000000        1.0000000000       27.8531739905        0.0000000000        0.8869204367        0.1064304524        0.0353526870
       58.6734690000        1.0000000000        1.0000000000       26.5997487315        0.0000000000        0.8869204367        0.1064304524        0.0410908484
       58.7755100000        1.0000000000        1.0000000000       26.5305789187        0.0000000000        0.8869204367        0.1064304524        0.0414333374
       58.8775510000        1.0000000000        1.0000000000       28.7386796231        0.0000000000        0.8869204367        0.1064304524        0.0317887904
       58.9795920000        1.0000000000        1.0000000000       32.2077011497        0.0000000000        0.8869204367        0.1064304524        0.0209645128
       59.0816330000        1.0000000000        1.0000000000       32.6016352562        0.0000000000        0.8869204367        0.1064304524        0.0199965358
       59.1836730000        1.0000000000        1.0000000000       28.4421412503        0.0000000000        0.8869204367        0.1064304524        0.0329403493
       59.2857140000        1.0000000000        1.0000000000       23.6893572264        0.0000000000        0.8869204367        0.1064304524        0.0582667970
       59.3877550000        1.0000000000        1.0000000000       20.9986160610        0.0000000000        0.8869204367        0.1064304524        0.0804729700
       59.4897960000        1.0000000000        1.0000000000       19.7944482055        0.0000000000        0.8869204367        0.1064304524        0.0929834476
       59.5918370000        1.0000000000        1.0000000000       19.1124278865        0.0000000000        0.8869204367        0.1064304524        0.1009135220
       59.6938780000        1.0000000000        1.0000000000       18.5913698635        0.0000000000        0.8869204367        0.1064304524        0.1074247815
       59.7959180000        1.0000000000        1.0000000000       18.1451895124        0.0000000000        0.8869204367        0.1064304524        0.1133332436
       59.8979590000        1.0000000000        1.0000000000       17.7496081764        0.0000000000        0.8869204367        0.1064304524        0.1188428816
       60.0000000000        1.0000000000        1.0000000000       17.3934413622        0.0000000000        0.8869204367        0.1064304524        0.1240323372
