       55.0000000000        1.0000000000        1.0000000000       11.5941036821        0.0000000000        0.8869204367        0.1064304524        0.2487535972
       55.1020410000        1.0000000000        1.0000000000       12.0885887449        0.0000000000        0.8869204367        0.1064304524        0.2344224031
       55.2040820000        1.0000000000        1.0000000000       12.6908494078        0.0000000000        0.8869204367        0.1064304524        0.2180781206
       55.3061220000        1.0000000000        1.0000000000       13.4334552146        0.0000000000        0.8869204367        0.1064304524        0.1994853207
       55.4081630000        1.0000000000        1.0000000000       14.3784151594        0.0000000000        0.8869204367        0.1064304524        0.1781000480
       55.5102040000        1.0000000000        1.0000000000       15.6825584416        0.0000000000        0.8869204367        0.1064304524        0.1522993917
       55.6122450000        1.0000000000        1.0000000000       17.6280671414        0.0000000000        0.8869204367        0.1064304524        0.1205888978
       55.7142860000        1.0000000000        1.0000000000       20.2253943678        0.0000000000        0.8869204367        0.1064304524        0.0882971610
       55.8163270000        1.0000000000        1.0000000000       22.8382155816        0.0000000000        0.8869204367        0.1064304524        0.0645325282
       55.9183670000        1.0000000000        1.0000000000       25.2722982850        0.0000000000        0.8869204367        0.1064304524        0.0481865282
       56.0204080000        1.0000000000        1.0000000000       28.5754663145        0.0000000000        0.8869204367        0.1064304524        0.0324175299
       56.1224490000        1.0000000000        1.0000000000       33.8313443328        0.0000000000        0.8869204367        0.1064304524        0.0172531366
       56.2244900000        1.0000000000        1.0000000000       41.8045009639        0.0000000000        0.8869204367        0.1064304524        0.0066274172
       56.3265310000        1.0000000000        1.0000000000       53.8727684349        0.0000000000        0.8869204367        0.1064304524        0.0015574083
       56.4285710000        1.0000000000        1.0000000000       73.1075323278        0.0000000000        0.8869204367        0.1064304524        0.0001548732
       56.5306120000        1.0000000000        1.0000000000      106.8782625577        0.0000000000        0.8869204367        0.1064304524        0.0000026916
       56.6326530000        1.0000000000        1.0000000000      177.2544941935        0.0000000000        0.8869204367        0.1064304524        0.0000000006
       56.7346940000        1.0000000000        1.0000000000      362.4540749848        0.0000000000        0.8869204367        0.1064304524        0.0000000000
       56.8367350000        1.0000000000        1.0000000000      893.9753439856        0.0000000000        0.8869204367        0.1064304524        0.0000000000
       56.9387760000        1.0000000000        1.0000000000     2095.9234585294        0.0000000000        0.8869204367        0.1064304524        0.0000000000
       57.0408160000        1.0000000000        1.0000000000     3675.1642535861        0.0000000000        0.8869204367        0.1064304524        0.0000000000
       57.1428570000        1.0000000000        1.0000000000     4282.0169540193        0.0000000000        0.8869204367        0.1064304524        0.0000000000
       57.2448980000        1.0000000000        1.0000000000     3250.8487357700        0.0000000000        0.8869204367        0.1064304524        0.0000000000
       57.3469390000        1.0000000000        1.0000000000     1716.0315251293        0.0000000000        0.8869204367        0.1064304524        0.0000000000
       57.4489800000        1.0000000000        1.0000000000      750.9839153506        0.0000000000        0.8869204367        0.1064304524        0.0000000000
       57.5510200000        1.0000000000        1.0000000000      356.2655668301        0.0000000000        0.8869204367        0.1064304524        0.0000000000
       57.6530610000        1.0000000000        1.0000000000      210.5640623056        0.0000000000        0.8869204367        0.1064304524        0.0000000000
       57.7551020000        1.0000000000        1.0000000000      146.3480412291        0.0000000000        0.8869204367        0.1064304524        0.0000000236
       57.8571430000        1.0000000000        1.0000000000      111.1399595756        0.0000000000        0.8869204367        0.1064304524        0.0000016140
       57.9591840000        1.0000000000        1.0000000000       89.0720165429        0.0000000000        0.8869204367        0.1064304524        0.0000228025
       58.0612240000        1.0000000000        1.0000000000       74.1146854316        0.0000000000        0.8869204367        0.1064304524        0.0001372423
       58.1632650000        1.0000000000        1.0000000000       63.4231034140        0.0000000000        0.8869204367        0.1064304524        0.0004950893
       58.2653060000        1.0000000000        1.0000000000       55.4720790126        0.0000000000        0.8869204367        0.1064304524        0.0012854461
       58.3673470000        1.0000000000        1.0000000000       49.3753741935        0.0000000000        0.8869204367        0.1064304524        0.0026716877
       58.4693880000        1.0000000000        1.0000000000       44.5905370745        0.0000000000        0.8869204367        0.1064304524        0.0047440482
       58.5714290000        1.0000000000        1.0000000000       40.7939771897        0.0000000000        0.8869204367        0.1064304524        0.0074818345
       58.6734690000        1.0000000000        1.0000000000       37.9299062241        0.0000000000        0.8869204367        0.1064304524        0.0105504291
       58.7755100000        1.0000000000        1.0000000000       36.5484328954        0.0000000000        0.8869204367        0.1064304524        0.0124527730
       58.8775510000        1.0000000000        1.0000000000       37.6813329549        0.0000000000        0.8869204367        0.1064304524        0.0108698763
       58.9795920000        1.0000000000        1.0000000000       40.2904063114        0.0000000000        0.8869204367        0.1064304524        0.0079478903
       59.0816330000        1.0000000000        1.0000000000       40.0027096142        0.0000000000        0.8869204367        0.1064304524        0.0082270716
       59.1836730000        1.0000000000        1.0000000000       35.2586151406        0.0000000000        0.8869204367        0.1064304524        0.0145373538
       59.2857140000        1.0000000000        1.0000000000       29.9682251690        0.0000000000        0.8869204367        0.1064304524        0.0274281061
       59.3877550000        1.0000000000        1.0000000000       26.7938201713        0.0000000000        0.8869204367        0.1064304524        0.0401449582
       59.4897960000        1.0000000000        1.0000000000       25.1687644574        0.0000000000        0.8869204367        0.1064304524        0.0487889349
       59.5918370000        1.0000000000        1.0000000000       24.1216039623        0.0000000000        0.8869204367        0.1064304524        0.0553215654
       59.6938780000        1.0000000000        1.0000000000       23.2809046977        0.0000000000        0.8869204367        0.1064304524        0.0611938513
       59.7959180000        1.0000000000        1.0000000000       22.5526076834        0.0000000000        0.8869204367        0.1064304524        0.0667825859
       59.8979590000        1.0000000000        1.0000000000       21.9064568064        0.0000000000        0.8869204367        0.1064304524        0.0721668257
       60.0000000000        1.0000000000        1.0000000000       21.3265904357        0.0000000000        0.8869204367        0.1064304524        0.0773673167
