       55.0000000000        1.0000000000        1.0000000000        9.8929588758        0.0000000000        0.8869204367        0.1064304524        0.3050879861
       55.1020410000        1.0000000000        1.0000000000        9.9379661889        0.0000000000        0.8869204367        0.1064304524        0.3034446848
       55.2040820000        1.0000000000        1.0000000000        9.9977539944        0.0000000000        0.8869204367        0.1064304524        0.3012754009
       55.3061220000        1.0000000000        1.0000000000       10.0801054208        0.0000000000        0.8869204367        0.1064304524        0.2983128084
       55.4081630000        1.0000000000        1.0000000000       10.2134064212        0.0000000000        0.8869204367        0.1064304524        0.2935789237
       55.5102040000        1.0000000000        1.0000000000       10.5092104916        0.0000000000        0.8869204367        0.1064304524        0.2833406885
       55.6122450000        1.0000000000        1.0000000000       11.1931692326        0.0000000000        0.8869204367        0.1064304524        0.2610142415
       55.7142860000        1.0000000000        1.0000000000       12.2050347009        0.0000000000        0.8869204367        0.1064304524        0.2311694785
       55.8163270000        1.0000000000        1.0000000000       12.7861765503        0.0000000000        0.8869204367        0.1064304524        0.2155976832
       55.9183670000        1.0000000000        1.0000000000       12.5262506712        0.0000000000        0.8869204367        0.1064304524        0.2224283881
       56.0204080000        1.0000000000        1.0000000000       12.1626877373        0.0000000000        0.8869204367        0.1064304524        0.2323471874
       56.1224490000        1.0000000000        1.0000000000       12.3155939711        0.0000000000        0.8869204367        0.1064304524        0.2281227822
       56.2244900000        1.0000000000        1.0000000000       12.9565955952        0.0000000000        0.8869204367        0.1064304524        0.2112334263
       56.3265310000        1.0000000000        1.0000000000       13.9909058641        0.0000000000        0.8869204367        0.1064304524        0.1865774763
       56.4285710000        1.0000000000        1.0000000000       15.5107854056        0.0000000000        0.8869204367        0.1064304524        0.1554712816
       56.5306120000        1.0000000000        1.0000000000       17.7885687128        0.0000000000        0.8869204367        0.1064304524        0.1182885565
       56.6326530000        1.0000000000        1.0000000000       21.3702416025        0.0000000000        0.8869204367        0.1064304524        0.0769631154
       56.7346940000        1.0000000000        1.0000000000       27.4539326643        0.0000000000        0.8869204367        0.1064304524        0.0370876251
       56.8367350000        1.0000000000        1.0000000000       39.4212726105        0.0000000000        0.8869204367        0.1064304524        0.0088215939
       56.9387760000        1.0000000000        1.0000000000       70.6470389229        0.0000000000        0.8869204367        0.1064304524        0.0002080682
       57.0408160000        1.0000000000        1.0000000000      176.8291039426        0.0000000000        0.8869204367        0.1064304524        0.0000000006
       57.1428570000        1.0000000000        1.0000000000      505.5034461162        0.0000000000        0.8869204367        0.1064304524        0.0000000000
       57.2448980000        1.0000000000        1.0000000000     1151.1089171513        0.0000000000        0.8869204367        0.1064304524        0.0000000000
       57.3469390000        1.0000000000        1.0000000000     1723.5600534675        0.0000000000        0.8869204367        0.1064304524        0.0000000000
       57.4489800000        1.0000000000        1.0000000000     1598.8857088523        0.0000000000        0.8869204367        0.1064304524        0.0000000000
       57.5510200000        1.0000000000        1.0000000000      939.9545297570        0.0000000000        0.8869204367        0.1064304524        0.0000000000
       57.6530610000        1.0000000000        1.0000000000      394.5288591432        0.0000000000        0.8869204367        0.1064304524        0.0000000000
       57.7551020000        1.0000000000        1.0000000000      157.8897582177        0.0000000000        0.8869204367        0.1064304524        0.0000000059
       57.8571430000        1.0000000000        1.0000000000       82.4676066734        0.0000000000        0.8869204367        0.1064304524        0.0000503701
       57.9591840000        1.0000000000        1.0000000000       56.0516730273        0.0000000000        0.8869204367        0.1064304524        0.0011990799
       58.0612240000        1.0000000000        1.0000000000       43.3716218382        0.0000000000        0.8869204367        0.1064304524        0.0054912760
       58.1632650000        1.0000000000        1.0000000000       35.8520024727        0.0000000000        0.8869204367        0.1064304524        0.0135381954
       58.2653060000        1.0000000000        1.0000000000       30.9049926929        0.0000000000        0.8869204367        0.1064304524        0.0245118373
       58.3673470000        1.0000000000        1.0000000000       27.4413533162        0.0000000000        0.8869204367        0.1064304524        0.0371436520
       58.4693880000        1.0000000000        1.0000000000       24.9140712643        0.0000000000        0.8869204367        0.1064304524        0.0503031011
       58.5714290000        1.0000000000        1.0000000000       23.0460362212        0.0000000000        0.8869204367        0.1064304524        0.0629430867
       58.6734690000        1.0000000000        1.0000000000       21.8377711314        0.0000000000        0.8869204367        0.1064304524        0.0727641030
       58.7755100000        1.0000000000        1.0000000000       21.8894229809        0.0000000000        0.8869204367        0.1064304524        0.0723144898
       58.8775510000        1.0000000000        1.0000000000       24.2523874989        0.0000000000        0.8869204367        0.1064304524        0.0544601248
       58.9795920000        1.0000000000        1.0000000000       27.8700335437        0.0000000000        0.8869204367        0.1064304524        0.0352812356
       59.0816330000        1.0000000000        1.0000000000       28.3941005518        0.0000000000        0.8869204367        0.1064304524        0.0331307950
       59.1836730000        1.0000000000        1.0000000000       24.3757737604        0.0000000000        0.8869204367        0.1064304524        0.0536597093
       59.2857140000        1.0000000000        1.0000000000       19.7902223125        0.0000000000        0.8869204367        0.1064304524        0.0930306121
       59.3877550000        1.0000000000        1.0000000000       17.2739732878        0.0000000000        0.8869204367        0.1064304524        0.1258232928
       59.4897960000        1.0000000000        1.0000000000       16.2355086682        0.0000000000        0.8869204367        0.1064304524        0.1425216957
       59.5918370000        1.0000000000        1.0000000000       15.7077981778        0.0000000000        0.8869204367        0.1064304524        0.1518388100
       59.6938780000        1.0000000000        1.0000000000       15.3310231300        0.0000000000        0.8869204367        0.1064304524        0.1588614603
       59.7959180000        1.0000000000        1.0000000000       15.0202121416        0.0000000000        0.8869204367        0.1064304524        0.1648984487
       59.8979590000        1.0000000000        1.0000000000       14.7518156876        0.0000000000        0.8869204367        0.1064304524        0.1702958803
       60.0000000000        1.0000000000        1.0000000000       14.5152311510        0.0000000000        0.8869204367        0.1064304524        0.1751998883
