       55.0000000000        1.0000000000        1.0000000000       10.6017242375        0.0000000000        0.8869204367        0.1064304524        0.2802125355
       55.1020410000        1.0000000000        1.0000000000       10.9624689720        0.0000000000        0.8869204367        0.1064304524        0.2683411188
       55.2040820000        1.0000000000        1.0000000000       11.4069418092        0.0000000000        0.8869204367        0.1064304524        0.2544036711
       55.3061220000        1.0000000000        1.0000000000       11.9619441253        0.0000000000        0.8869204367        0.1064304524        0.2380122122
       55.4081630000        1.0000000000        1.0000000000       12.6818595886        0.0000000000        0.8869204367        0.1064304524        0.2183135055
       55.5102040000        1.0000000000        1.0000000000       13.7135297761        0.0000000000        0.8869204367        0.1064304524        0.1928922429
       55.6122450000        1.0000000000        1.0000000000       15.3270157477        0.0000000000        0.8869204367        0.1064304524        0.1589378729
       55.7142860000        1.0000000000        1.0000000000       17.5181483961        0.0000000000        0.8869204367        0.1064304524        0.1221900319
       55.8163270000        1.0000000000        1.0000000000       19.6262557162        0.0000000000        0.8869204367        0.1064304524        0.0948792085
       55.9183670000        1.0000000000        1.0000000000       21.4157250367        0.0000000000        0.8869204367        0.1064304524        0.0765441941
       56.0204080000        1.0000000000        1.0000000000       23.8788506471        0.0000000000        0.8869204367        0.1064304524        0.0569568066
       56.1224490000        1.0000000000        1.0000000000       28.0238836682        0.0000000000        0.8869204367        0.1064304524        0.0346358488
       56.2244900000        1.0000000000        1.0000000000       34.4992381553        0.0000000000        0.8869204367        0.1064304524        0.0159243073
       56.3265310000        1.0000000000        1.0000000000       44.4974166405        0.0000000000        0.8869204367        0.1064304524        0.0047973577
       56.4285710000        1.0000000000        1.0000000000       60.8123834158        0.0000000000        0.8869204367        0.1064304524        0.0006772392
       56.5306120000        1.0000000000        1.0000000000       90.5914374378        0.0000000000        0.8869204367        0.1064304524        0.0000190019
       56.6326530000        1.0000000000        1.0000000000      157.3393731339        0.0000000000        0.8869204367        0.1064304524        0.0000000063
       56.7346940000        1.0000000000        1.0000000000      348.8327962954        0.0000000000        0.8869204367        0.1064304524        0.0000000000
       56.8367350000        1.0000000000        1.0000000000      910.2475087048        0.0000000000        0.8869204367        0.1064304524        0.0000000000
       56.9387760000        1.0000000000        1.0000000000     2097.7278299825        0.0000000000        0.8869204367        0.1064304524        0.0000000000
       57.0408160000        1.0000000000        1.0000000000     3423.2269518311        0.0000000000        0.8869204367        0.1064304524        0.0000000000
       57.1428570000        1.0000000000        1.0000000000     3610.8176588011        0.0000000000        0.8869204367        0.1064304524        0.0000000000
       57.2448980000        1.0000000000        1.0000000000     2461.6200231432        0.0000000000        0.8869204367        0.1064304524        0.0000000000
       57.3469390000        1.0000000000        1.0000000000     1185.6566848501        0.0000000000        0.8869204367        0.1064304524        0.0000000000
       57.4489800000        1.0000000000        1.0000000000      499.8032483049        0.0000000000        0.8869204367        0.1064304524        0.0000000000
       57.5510200000        1.0000000000        1.0000000000      244.4428836946        0.0000000000        0.8869204367        0.1064304524        0.0000000000
       57.6530610000        1.0000000000        1.0000000000      151.2901725752        0.0000000000        0.8869204367        0.1064304524        0.0000000130
       57.7551020000        1.0000000000        1.0000000000      108.5364177489        0.0000000000        0.8869204367        0.1064304524        0.0000022059
       57.8571430000        1.0000000000        1.0000000000       84.2582149041        0.0000000000        0.8869204367        0.1064304524        0.0000406307
       57.9591840000        1.0000000000        1.0000000000       68.7058463223        0.0000000000        0.8869204367        0.1064304524        0.0002626465
       58.0612240000        1.0000000000        1.0000000000       58.0039809325        0.0000000000        0.8869204367        0.1064304524        0.0009486433
       58.1632650000        1.0000000000        1.0000000000       50.2652134845        0.0000000000        0.8869204367        0.1064304524        0.0024011065
       58.2653060000        1.0000000000        1.0000000000       44.4567345633        0.0000000000        0.8869204367        0.1064304524        0.0048208349
       58.3673470000        1.0000000000        1.0000000000       39.9696615232        0.0000000000        0.8869204367        0.1064304524        0.0082597630
       58.4693880000        1.0000000000        1.0000000000       36.4285209264        0.0000000000        0.8869204367        0.1064304524        0.0126332568
       58.5714290000        1.0000000000        1.0000000000       33.6158613003        0.0000000000        0.8869204367        0.1064304524        0.0177050856
       58.6734690000        1.0000000000        1.0000000000       31.5467745859        0.0000000000        0.8869204367        0.1064304524        0.0226949476
       58.7755100000        1.0000000000        1.0000000000       30.8197261977        0.0000000000        0.8869204367        0.1064304524        0.0247639294
       58.8775510000        1.0000000000        1.0000000000       32.4939564405        0.0000000000        0.8869204367        0.1064304524        0.0202565968
       58.9795920000        1.0000000000        1.0000000000       35.5401207301        0.0000000000        0.8869204367        0.1064304524        0.0140544742
       59.0816330000        1.0000000000        1.0000000000       35.6022349292        0.0000000000        0.8869204367        0.1064304524        0.0139501057
       59.1836730000        1.0000000000        1.0000000000       31.1603034076        0.0000000000        0.8869204367        0.1064304524        0.0237722485
       59.2857140000        1.0000000000        1.0000000000       26.1489414167        0.0000000000        0.8869204367        0.1064304524        0.0433749597
       59.3877550000        1.0000000000        1.0000000000       23.2266704681        0.0000000000        0.8869204367        0.1064304524        0.0615934062
       59.4897960000        1.0000000000        1.0000000000       21.8221843538        0.0000000000        0.8869204367        0.1064304524        0.0729003293
       59.5918370000        1.0000000000        1.0000000000       20.9673455408        0.0000000000        0.8869204367        0.1064304524        0.0807755091
       59.6938780000        1.0000000000        1.0000000000       20.2957224122        0.0000000000        0.8869204367        0.1064304524        0.0875551245
       59.7959180000        1.0000000000        1.0000000000       19.7171737469        0.0000000000        0.8869204367        0.1064304524        0.0938496871
       59.8979590000        1.0000000000        1.0000000000       19.2043955459        0.0000000000        0.8869204367        0.1064304524        0.0998059513
       60.0000000000        1.0000000000        1.0000000000       18.7438490021        0.0000000000        0.8869204367        0.1064304524        0.1054770505
