       55.0000000000        1.0000000000        1.0000000000       10.1508639909        0.0000000000        0.8869204367        0.1064304524        0.2957905493
       55.1020410000        1.0000000000        1.0000000000       10.2649297258        0.0000000000        0.8869204367        0.1064304524        0.2917693847
       55.2040820000        1.0000000000        1.0000000000       10.4116079273        0.0000000000        0.8869204367        0.1064304524        0.2866787720
       55.3061220000        1.0000000000        1.0000000000       10.6043103213        0.0000000000        0.8869204367        0.1064304524        0.2801255906
       55.4081630000        1.0000000000        1.0000000000       10.8793289640        0.0000000000        0.8869204367        0.1064304524        0.2710317041
       55.5102040000        1.0000000000        1.0000000000       11.3593044150        0.0000000000        0.8869204367        0.1064304524        0.2558621311
       55.6122450000        1.0000000000        1.0000000000       12.2846483743        0.0000000000        0.8869204367        0.1064304524        0.2289714845
       55.7142860000        1.0000000000        1.0000000000       13.6150574193        0.0000000000        0.8869204367        0.1064304524        0.1951851097
       55.8163270000        1.0000000000        1.0000000000       14.6263590080        0.0000000000        0.8869204367        0.1064304524        0.1728790467
       55.9183670000        1.0000000000        1.0000000000       14.9691362256        0.0000000000        0.8869204367        0.1064304524        0.1659122330
       56.0204080000        1.0000000000        1.0000000000       15.4754603674        0.0000000000        0.8869204367        0.1064304524        0.1561317239
       56.1224490000        1.0000000000        1.0000000000       16.9206556632        0.0000000000        0.8869204367        0.1064304524        0.1312726686
       56.2244900000        1.0000000000        1.0000000000       19.5602543020        0.0000000000        0.8869204367        0.1064304524        0.0956336516
       56.3265310000        1.0000000000        1.0000000000       23.8704184833        0.0000000000        0.8869204367        0.1064304524        0.0570144680
       56.4285710000        1.0000000000        1.0000000000       31.2509037318        0.0000000000        0.8869204367        0.1064304524        0.0235151955
       56.5306120000        1.0000000000        1.0000000000       45.8775646287        0.0000000000        0.8869204367        0.1064304524        0.0040651373
       56.6326530000        1.0000000000        1.0000000000       84.4190289177        0.0000000000        0.8869204367        0.1064304524        0.0000398542
       56.7346940000        1.0000000000        1.0000000000      215.3739401602        0.0000000000        0.8869204367        0.1064304524        0.0000000000
       56.8367350000        1.0000000000        1.0000000000      613.6376940104        0.0000000000        0.8869204367        0.1064304524        0.0000000000
       56.9387760000        1.0000000000        1.0000000000     1371.9582113308        0.0000000000        0.8869204367        0.1064304524        0.0000000000
       57.0408160000        1.0000000000        1.0000000000     2005.1961821786        0.0000000000        0.8869204367        0.1064304524        0.0000000000
       57.1428570000        1.0000000000        1.0000000000     1813.3004391826        0.0000000000        0.8869204367        0.1064304524        0.0000000000
       57.2448980000        1.0000000000        1.0000000000     1042.1138767798        0.0000000000        0.8869204367        0.1064304524        0.0000000000
       57.3469390000        1.0000000000        1.0000000000      432.2139094006        0.0000000000        0.8869204367        0.1064304524        0.0000000000
       57.4489800000        1.0000000000        1.0000000000      174.2283198467        0.0000000000        0.8869204367        0.1064304524        0.0000000008
       57.5510200000        1.0000000000        1.0000000000       92.2015479408        0.0000000000        0.8869204367        0.1064304524        0.0000156634
       57.6530610000        1.0000000000        1.0000000000       62.8544394809        0.0000000000        0.8869204367        0.1064304524        0.0005300534
       57.7551020000        1.0000000000        1.0000000000       48.4938504835        0.0000000000        0.8869204367        0.1064304524        0.0029697959
       57.8571430000        1.0000000000        1.0000000000       39.9042742263        0.0000000000        0.8869204367        0.1064304524        0.0083248280
       57.9591840000        1.0000000000        1.0000000000       34.2266925664        0.0000000000        0.8869204367        0.1064304524        0.0164537295
       58.0612240000        1.0000000000        1.0000000000       30.2339785360        0.0000000000        0.8869204367        0.1064304524        0.0265672128
       58.1632650000        1.0000000000        1.0000000000       27.2981412836        0.0000000000        0.8869204367        0.1064304524        0.0377874987
       58.2653060000        1.0000000000        1.0000000000       25.0658256752        0.0000000000        0.8869204367        0.1064304524        0.0493953454
       58.3673470000        1.0000000000        1.0000000000       23.3255473463        0.0000000000        0.8869204367        0.1064304524        0.0608669051
       58.4693880000        1.0000000000        1.0000000000       21.9486563419        0.0000000000        0.8869204367        0.1064304524        0.0718023006
       58.5714290000        1.0000000000        1.0000000000       20.8790124784        0.0000000000        0.8869204367        0.1064304524        0.0816362809
       58.6734690000        1.0000000000        1.0000000000       20.2424864312        0.0000000000        0.8869204367        0.1064304524        0.0881162449
       58.7755100000        1.0000000000        1.0000000000       20.7143285757        0.0000000000        0.8869204367        0.1064304524        0.0832656292
       58.8775510000        1.0000000000        1.0000000000       23.3924964046        0.0000000000        0.8869204367        0.1064304524        0.0603798663
       58.9795920000        1.0000000000        1.0000000000       27.2497467329        0.0000000000        0.8869204367        0.1064304524        0.0380075822
       59.0816330000        1.0000000000        1.0000000000       27.9583177787        0.0000000000        0.8869204367        0.1064304524        0.0349094353
       59.1836730000        1.0000000000        1.0000000000       24.0853007764        0.0000000000        0.8869204367        0.1064304524        0.0555630930
       59.2857140000        1.0000000000        1.0000000000       19.6167588194        0.0000000000        0.8869204367        0.1064304524        0.0949873971
       59.3877550000        1.0000000000        1.0000000000       17.1955053751        0.0000000000        0.8869204367        0.1064304524        0.1270136593
       59.4897960000        1.0000000000        1.0000000000       16.2344175483        0.0000000000        0.8869204367        0.1064304524        0.1425403579
       59.5918370000        1.0000000000        1.0000000000       15.7701981962        0.0000000000        0.8869204367        0.1064304524        0.1507060869
       59.6938780000        1.0000000000        1.0000000000       15.4460001833        0.0000000000        0.8869204367        0.1064304524        0.1566846610
       59.7959180000        1.0000000000        1.0000000000       15.1791112967        0.0000000000        0.8869204367        0.1064304524        0.1617839694
       59.8979590000        1.0000000000        1.0000000000       14.9477079651        0.0000000000        0.8869204367        0.1064304524        0.1663394073
       60.0000000000        1.0000000000        1.0000000000       14.7425236212        0.0000000000        0.8869204367        0.1064304524        0.1704858743
