       55.0000000000        1.0000000000        1.0000000000       16.5633728625        0.0000000000        0.8869204367        0.1064304524        0.1370232385
       55.1020410000        1.0000000000        1.0000000000       18.7134465748        0.0000000000        0.8869204367        0.1064304524        0.1058625643
       55.2040820000        1.0000000000        1.0000000000       21.6679513840        0.0000000000        0.8869204367        0.1064304524        0.0742621286
       55.3061220000        1.0000000000        1.0000000000       25.8553222247        0.0000000000        0.8869204367        0.1064304524        0.0449304892
       55.4081630000        1.0000000000        1.0000000000       32.0465332734        0.0000000000        0.8869204367        0.1064304524        0.0213739157
       55.5102040000        1.0000000000        1.0000000000       41.7671890524        0.0000000000        0.8869204367        0.1064304524        0.0066571575
       55.6122450000        1.0000000000        1.0000000000       58.2679945349        0.0000000000        0.8869204367        0.1064304524        0.0009190598
       55.7142860000        1.0000000000        1.0000000000       89.4902942339        0.0000000000        0.8869204367        0.1064304524        0.0000216862
       55.8163270000        1.0000000000        1.0000000000      163.1817882340        0.0000000000        0.8869204367        0.1064304524        0.0000000031
       55.9183670000        1.0000000000        1.0000000000      386.2367190461        0.0000000000        0.8869204367        0.1064304524        0.0000000000
       56.0204080000        1.0000000000        1.0000000000     1026.0748275838        0.0000000000        0.8869204367        0.1064304524        0.0000000000
       56.1224490000        1.0000000000        1.0000000000     2236.5739775810        0.0000000000        0.8869204367        0.1064304524        0.0000000000
       56.2244900000        1.0000000000        1.0000000000     3289.9373776387        0.0000000000        0.8869204367        0.1064304524        0.0000000000
       56.3265310000        1.0000000000        1.0000000000     3063.7319370418        0.0000000000        0.8869204367        0.1064304524        0.0000000000
       56.4285710000        1.0000000000        1.0000000000     1847.1895066096        0.0000000000        0.8869204367        0.1064304524        0.0000000000
       56.5306120000        1.0000000000        1.0000000000      816.9285838540        0.0000000000        0.8869204367        0.1064304524        0.0000000000
       56.6326530000        1.0000000000        1.0000000000      344.3647379096        0.0000000000        0.8869204367        0.1064304524        0.0000000000
       56.7346940000        1.0000000000        1.0000000000      179.9590530785        0.0000000000        0.8869204367        0.1064304524        0.0000000004
       56.8367350000        1.0000000000        1.0000000000      117.7457549246        0.0000000000        0.8869204367        0.1064304524        0.0000007305
       56.9387760000        1.0000000000        1.0000000000       87.2237816815        0.0000000000        0.8869204367        0.1064304524        0.0000284645
       57.0408160000        1.0000000000        1.0000000000       69.1585054455        0.0000000000        0.8869204367        0.1064304524        0.0002487603
       57.1428570000        1.0000000000        1.0000000000       57.3043440523        0.0000000000        0.8869204367        0.1064304524        0.0010317269
       57.2448980000        1.0000000000        1.0000000000       49.0114918643        0.0000000000        0.8869204367        0.1064304524        0.0027909339
       57.3469390000        1.0000000000        1.0000000000       42.9387431480        0.0000000000        0.8869204367        0.1064304524        0.0057840614
       57.4489800000        1.0000000000        1.0000000000       38.3332510940        0.0000000000        0.8869204367        0.1064304524        0.0100519349
       57.5510200000        1.0000000000        1.0000000000       34.7417997260        0.0000000000        0.8869204367        0.1064304524        0.0154674731
       57.6530610000        1.0000000000        1.0000000000       31.8765351784        0.0000000000        0.8869204367        0.1064304524        0.0218144165
       57.7551020000        1.0000000000        1.0000000000       29.5468504101        0.0000000000        0.8869204367        0.1064304524        0.0288506704
       57.8571430000        1.0000000000        1.0000000000       27.6219999614        0.0000000000        0.8869204367        0.1064304524        0.0363471314
       57.9591840000        1.0000000000        1.0000000000       26.0097255707        0.0000000000        0.8869204367        0.1064304524        0.0441056640
       58.0612240000        1.0000000000        1.0000000000       24.6434226996        0.0000000000        0.8869204367        0.1064304524        0.0519636562
       58.1632650000        1.0000000000        1.0000000000       23.4741595155        0.0000000000        0.8869204367        0.1064304524        0.0597910591
       58.2653060000        1.0000000000        1.0000000000       22.4658758126        0.0000000000        0.8869204367        0.1064304524        0.0674812770
       58.3673470000        1.0000000000        1.0000000000       21.5927555714        0.0000000000        0.8869204367        0.1064304524        0.0749352652
       58.4693880000        1.0000000000        1.0000000000       20.8403411902        0.0000000000        0.8869204367        0.1064304524        0.0820159989
       58.5714290000        1.0000000000        1.0000000000       20.2254525402        0.0000000000        0.8869204367        0.1064304524        0.0882965446
       58.6734690000        1.0000000000        1.0000000000       19.9218416923        0.0000000000        0.8869204367        0.1064304524        0.0915727992
       58.7755100000        1.0000000000        1.0000000000       20.6374524569        0.0000000000        0.8869204367        0.1064304524        0.0840373199
       58.8775510000        1.0000000000        1.0000000000       23.4966797622        0.0000000000        0.8869204367        0.1064304524        0.0596296961
       58.9795920000        1.0000000000        1.0000000000       27.4969921682        0.0000000000        0.8869204367        0.1064304524        0.0368964824
       59.0816330000        1.0000000000        1.0000000000       28.3227769429        0.0000000000        0.8869204367        0.1064304524        0.0334155729
       59.1836730000        1.0000000000        1.0000000000       24.5352404259        0.0000000000        0.8869204367        0.1064304524        0.0526426395
       59.2857140000        1.0000000000        1.0000000000       20.1193987001        0.0000000000        0.8869204367        0.1064304524        0.0894274279
       59.3877550000        1.0000000000        1.0000000000       17.7297641185        0.0000000000        0.8869204367        0.1064304524        0.1191262178
       59.4897960000        1.0000000000        1.0000000000       16.7890719797        0.0000000000        0.8869204367        0.1064304524        0.1333619208
       59.5918370000        1.0000000000        1.0000000000       16.3379685130        0.0000000000        0.8869204367        0.1064304524        0.1407800942
       59.6938780000        1.0000000000        1.0000000000       16.0215728136        0.0000000000        0.8869204367        0.1064304524        0.1462279260
       59.7959180000        1.0000000000        1.0000000000       15.7589701294        0.0000000000        0.8869204367        0.1064304524        0.1509092803
       59.8979590000        1.0000000000        1.0000000000       15.5301218694        0.0000000000        0.8869204367        0.1064304524        0.1551109480
       60.0000000000        1.0000000000        1.0000000000       15.3275372988        0.0000000000        0.8869204367        0.1064304524        0.1589279259
