       55.0000000000        1.0000000000        1.0000000000       10.0011843704        0.0000000000        0.8869204367        0.1064304524        0.3011514079
       55.1020410000        1.0000000000        1.0000000000       10.2219230847        0.0000000000        0.8869204367        0.1064304524        0.2932790394
       55.2040820000        1.0000000000        1.0000000000       10.4852580741        0.0000000000        0.8869204367        0.1064304524        0.2841562634
       55.3061220000        1.0000000000        1.0000000000       10.8042917089        0.0000000000        0.8869204367        0.1064304524        0.2734832219
       55.4081630000        1.0000000000        1.0000000000       11.2142176864        0.0000000000        0.8869204367        0.1064304524        0.2603557999
       55.5102040000        1.0000000000        1.0000000000       11.8347618993        0.0000000000        0.8869204367        0.1064304524        0.2416725839
       55.6122450000        1.0000000000        1.0000000000       12.8977533145        0.0000000000        0.8869204367        0.1064304524        0.2127302394
       55.7142860000        1.0000000000        1.0000000000       14.3441110962        0.0000000000        0.8869204367        0.1064304524        0.1788347057
       55.8163270000        1.0000000000        1.0000000000       15.4266684888        0.0000000000        0.8869204367        0.1064304524        0.1570485605
       55.9183670000        1.0000000000        1.0000000000       15.7708240651        0.0000000000        0.8869204367        0.1064304524        0.1506947686
       56.0204080000        1.0000000000        1.0000000000       16.1481410507        0.0000000000        0.8869204367        0.1064304524        0.1440237696
       56.1224490000        1.0000000000        1.0000000000       17.1981762384        0.0000000000        0.8869204367        0.1064304524        0.1269729575
       56.2244900000        1.0000000000        1.0000000000       18.9174941156        0.0000000000        0.8869204367        0.1064304524        0.1033019223
       56.3265310000        1.0000000000        1.0000000000       21.2483668397        0.0000000000        0.8869204367        0.1064304524        0.0780969699
       56.4285710000        1.0000000000        1.0000000000       24.3213847154        0.0000000000        0.8869204367        0.1064304524        0.0540110747
       56.5306120000        1.0000000000        1.0000000000       28.4265718808        0.0000000000        0.8869204367        0.1064304524        0.0330019501
       56.6326530000        1.0000000000        1.0000000000       34.0413565137        0.0000000000        0.8869204367        0.1064304524        0.0168237655
       56.7346940000        1.0000000000        1.0000000000       41.9603282928        0.0000000000        0.8869204367        0.1064304524        0.0065046408
       56.8367350000        1.0000000000        1.0000000000       53.5827233046        0.0000000000        0.8869204367        0.1064304524        0.0016125689
       56.9387760000        1.0000000000        1.0000000000       71.5824712851        0.0000000000        0.8869204367        0.1064304524        0.0001859753
       57.0408160000        1.0000000000        1.0000000000      101.7813597811        0.0000000000        0.8869204367        0.1064304524        0.0000049617
       57.1428570000        1.0000000000        1.0000000000      159.9644395363        0.0000000000        0.8869204367        0.1064304524        0.0000000046
       57.2448980000        1.0000000000        1.0000000000      299.7032898241        0.0000000000        0.8869204367        0.1064304524        0.0000000000
       57.3469390000        1.0000000000        1.0000000000      695.1986711160        0.0000000000        0.8869204367        0.1064304524        0.0000000000
       57.4489800000        1.0000000000        1.0000000000     1688.4948292672        0.0000000000        0.8869204367        0.1064304524        0.0000000000
       57.5510200000        1.0000000000        1.0000000000     3309.4872826703        0.0000000000        0.8869204367        0.1064304524        0.0000000000
       57.6530610000        1.0000000000        1.0000000000     4479.6135103426        0.0000000000        0.8869204367        0.1064304524        0.0000000000
       57.7551020000        1.0000000000        1.0000000000     3979.5137809376        0.0000000000        0.8869204367        0.1064304524        0.0000000000
       57.8571430000        1.0000000000        1.0000000000     2393.9546221082        0.0000000000        0.8869204367        0.1064304524        0.0000000000
       57.9591840000        1.0000000000        1.0000000000     1110.2269042328        0.0000000000        0.8869204367        0.1064304524        0.0000000000
       58.0612240000        1.0000000000        1.0000000000      503.6085029670        0.0000000000        0.8869204367        0.1064304524        0.0000000000
       58.1632650000        1.0000000000        1.0000000000      274.8547246708        0.0000000000        0.8869204367        0.1064304524        0.0000000000
       58.2653060000        1.0000000000        1.0000000000      181.0411310503        0.0000000000        0.8869204367        0.1064304524        0.0000000004
       58.3673470000        1.0000000000        1.0000000000      133.2028149349        0.0000000000        0.8869204367        0.1064304524        0.0000001143
       58.4693880000        1.0000000000        1.0000000000      104.5074513660        0.0000000000        0.8869204367        0.1064304524        0.0000035773
       58.5714290000        1.0000000000        1.0000000000       85.6085362495        0.0000000000        0.8869204367        0.1064304524        0.0000345527
       58.6734690000        1.0000000000        1.0000000000       72.5811894376        0.0000000000        0.8869204367        0.1064304524        0.0001649707
       58.7755100000        1.0000000000        1.0000000000       64.0340118698        0.0000000000        0.8869204367        0.1064304524        0.0004600932
       58.8775510000        1.0000000000        1.0000000000       59.9440213320        0.0000000000        0.8869204367        0.1064304524        0.0007516178
       58.9795920000        1.0000000000        1.0000000000       58.6852214891        0.0000000000        0.8869204367        0.1064304524        0.0008741780
       59.0816330000        1.0000000000        1.0000000000       55.4912265836        0.0000000000        0.8869204367        0.1064304524        0.0012824959
       59.1836730000        1.0000000000        1.0000000000       48.4687318138        0.0000000000        0.8869204367        0.1064304524        0.0029787611
       59.2857140000        1.0000000000        1.0000000000       41.3124202196        0.0000000000        0.8869204367        0.1064304524        0.0070305494
       59.3877550000        1.0000000000        1.0000000000       36.5992917780        0.0000000000        0.8869204367        0.1064304524        0.0123770044
       59.4897960000        1.0000000000        1.0000000000       33.7110087615        0.0000000000        0.8869204367        0.1064304524        0.0175040840
       59.5918370000        1.0000000000        1.0000000000       31.6200252313        0.0000000000        0.8869204367        0.1064304524        0.0224963315
       59.6938780000        1.0000000000        1.0000000000       29.9067695433        0.0000000000        0.8869204367        0.1064304524        0.0276311272
       59.7959180000        1.0000000000        1.0000000000       28.4412356043        0.0000000000        0.8869204367        0.1064304524        0.0329439294
       59.8979590000        1.0000000000        1.0000000000       27.1664241382        0.0000000000        0.8869204367        0.1064304524        0.0383895153
       60.0000000000        1.0000000000        1.0000000000       26.0461359711        0.0000000000        0.8869204367        0.1064304524        0.0439133758
