       55.0000000000        1.0000000000        1.0000000000        8.9052578657        0.0000000000        0.8869204367        0.1064304524        0.3434784369
       55.1020410000        1.0000000000        1.0000000000        8.9685914486        0.0000000000        0.8869204367        0.1064304524        0.3408778852
       55.2040820000        1.0000000000        1.0000000000        9.0488805608        0.0000000000        0.8869204367        0.1064304524        0.3376094019
       55.3061220000        1.0000000000        1.0000000000        9.1538251761        0.0000000000        0.8869204367        0.1064304524        0.3333844264
       55.4081630000        1.0000000000        1.0000000000        9.3116218418        0.0000000000        0.8869204367        0.1064304524        0.3271309855
       55.5102040000        1.0000000000        1.0000000000        9.6332532998        0.0000000000        0.8869204367        0.1064304524        0.3147456597
       55.6122450000        1.0000000000        1.0000000000       10.3418894802        0.0000000000        0.8869204367        0.1064304524        0.2890872488
       55.7142860000        1.0000000000        1.0000000000       11.3712939354        0.0000000000        0.8869204367        0.1064304524        0.2554942761
       55.8163270000        1.0000000000        1.0000000000       11.9577601967        0.0000000000        0.8869204367        0.1064304524        0.2381317413
       55.9183670000        1.0000000000        1.0000000000       11.6905839361        0.0000000000        0.8869204367        0.1064304524        0.2458902275
       56.0204080000        1.0000000000        1.0000000000       11.3004151991        0.0000000000        0.8869204367        0.1064304524        0.2576766373
       56.1224490000        1.0000000000        1.0000000000       11.3858178181        0.0000000000        0.8869204367        0.1064304524        0.2550493717
       56.2244900000        1.0000000000        1.0000000000       11.8835992613        0.0000000000        0.8869204367        0.1064304524        0.2402604078
       56.3265310000        1.0000000000        1.0000000000       12.6419828140        0.0000000000        0.8869204367        0.1064304524        0.2193606856
       56.4285710000        1.0000000000        1.0000000000       13.6494319084        0.0000000000        0.8869204367        0.1064304524        0.1943816413
       56.5306120000        1.0000000000        1.0000000000       14.9766760270        0.0000000000        0.8869204367        0.1064304524        0.1657621875
       56.6326530000        1.0000000000        1.0000000000       16.7484273259        0.0000000000        0.8869204367        0.1064304524        0.1340139635
       56.7346940000        1.0000000000        1.0000000000       19.1618508431        0.0000000000        0.8869204367        0.1064304524        0.1003167999
       56.8367350000        1.0000000000        1.0000000000       22.5370178947        0.0000000000        0.8869204367        0.1064304524        0.0669076380
       56.9387760000        1.0000000000        1.0000000000       27.4204150731        0.0000000000        0.8869204367        0.1064304524        0.0372370961
       57.0408160000        1.0000000000        1.0000000000       34.8123330814        0.0000000000        0.8869204367        0.1064304524        0.0153371089
       57.1428570000        1.0000000000        1.0000000000       46.7467546812        0.0000000000        0.8869204367        0.1064304524        0.0036624954
       57.2448980000        1.0000000000        1.0000000000       68.1788295740        0.0000000000        0.8869204367        0.1064304524        0.0002797933
       57.3469390000        1.0000000000        1.0000000000      115.0153416797        0.0000000000        0.8869204367        0.1064304524        0.0000010138
       57.4489800000        1.0000000000        1.0000000000      248.2795115320        0.0000000000        0.8869204367        0.1064304524        0.0000000000
       57.5510200000        1.0000000000        1.0000000000      655.5020645030        0.0000000000        0.8869204367        0.1064304524        0.0000000000
       57.6530610000        1.0000000000        1.0000000000     1593.0517348498        0.0000000000        0.8869204367        0.1064304524        0.0000000000
       57.7551020000        1.0000000000        1.0000000000     2793.2415064416        0.0000000000        0.8869204367        0.1064304524        0.0000000000
       57.8571430000        1.0000000000        1.0000000000     3175.8726704914        0.0000000000        0.8869204367        0.1064304524        0.0000000000
       57.9591840000        1.0000000000        1.0000000000     2313.1898518613        0.0000000000        0.8869204367        0.1064304524        0.0000000000
       58.0612240000        1.0000000000        1.0000000000     1157.8788177409        0.0000000000        0.8869204367        0.1064304524        0.0000000000
       58.1632650000        1.0000000000        1.0000000000      481.5165921811        0.0000000000        0.8869204367        0.1064304524        0.0000000000
       58.2653060000        1.0000000000        1.0000000000      223.5667261080        0.0000000000        0.8869204367        0.1064304524        0.0000000000
       58.3673470000        1.0000000000        1.0000000000      133.3601135979        0.0000000000        0.8869204367        0.1064304524        0.0000001122
       58.4693880000        1.0000000000        1.0000000000       94.3223123049        0.0000000000        0.8869204367        0.1064304524        0.0000121440
       58.5714290000        1.0000000000        1.0000000000       72.9123656060        0.0000000000        0.8869204367        0.1064304524        0.0001585431
       58.6734690000        1.0000000000        1.0000000000       59.6614529940        0.0000000000        0.8869204367        0.1064304524        0.0007775409
       58.7755100000        1.0000000000        1.0000000000       51.6637903470        0.0000000000        0.8869204367        0.1064304524        0.0020301312
       58.8775510000        1.0000000000        1.0000000000       48.3631513301        0.0000000000        0.8869204367        0.1064304524        0.0030167410
       58.9795920000        1.0000000000        1.0000000000       47.9001560927        0.0000000000        0.8869204367        0.1064304524        0.0031890930
       59.0816330000        1.0000000000        1.0000000000       45.4262671702        0.0000000000        0.8869204367        0.1064304524        0.0042913579
       59.1836730000        1.0000000000        1.0000000000       39.0757653272        0.0000000000        0.8869204367        0.1064304524        0.0091950329
       59.2857140000        1.0000000000        1.0000000000       32.5678210711        0.0000000000        0.8869204367        0.1064304524        0.0200778406
       59.3877550000        1.0000000000        1.0000000000       28.4568922726        0.0000000000        0.8869204367        0.1064304524        0.0328820924
       59.4897960000        1.0000000000        1.0000000000       26.1066818507        0.0000000000        0.8869204367        0.1064304524        0.0435954792
       59.5918370000        1.0000000000        1.0000000000       24.4925110731        0.0000000000        0.8869204367        0.1064304524        0.0529132590
       59.6938780000        1.0000000000        1.0000000000       23.2034798992        0.0000000000        0.8869204367        0.1064304524        0.0617650513
       59.7959180000        1.0000000000        1.0000000000       22.1171088697        0.0000000000        0.8869204367        0.1064304524        0.0703654387
       59.8979590000        1.0000000000        1.0000000000       21.1824782803        0.0000000000        0.8869204367        0.1064304524        0.0787169011
       60.0000000000        1.0000000000        1.0000000000       20.3684407991        0.0000000000        0.8869204367        0.1064304524        0.0867944243
