       55.0000000000        1.0000000000        1.0000000000       10.1998716497        0.0000000000        0.8869204367        0.1064304524        0.2940561340
       55.1020410000        1.0000000000        1.0000000000       10.3030341238        0.0000000000        0.8869204367        0.1064304524        0.2904383066
       55.2040820000        1.0000000000        1.0000000000       10.4363952138        0.0000000000        0.8869204367        0.1064304524        0.2858273203
       55.3061220000        1.0000000000        1.0000000000       10.6127781477        0.0000000000        0.8869204367        0.1064304524        0.2798410886
       55.4081630000        1.0000000000        1.0000000000       10.8676983583        0.0000000000        0.8869204367        0.1064304524        0.2714102397
       55.5102040000        1.0000000000        1.0000000000       11.3228185206        0.0000000000        0.8869204367        0.1064304524        0.2569848302
       55.6122450000        1.0000000000        1.0000000000       12.2176308722        0.0000000000        0.8869204367        0.1064304524        0.2308203205
       55.7142860000        1.0000000000        1.0000000000       13.5112098268        0.0000000000        0.8869204367        0.1064304524        0.1976326688
       55.8163270000        1.0000000000        1.0000000000       14.4777309126        0.0000000000        0.8869204367        0.1064304524        0.1759900694
       55.9183670000        1.0000000000        1.0000000000       14.7639328386        0.0000000000        0.8869204367        0.1064304524        0.1700484401
       56.0204080000        1.0000000000        1.0000000000       15.1983235531        0.0000000000        0.8869204367        0.1064304524        0.1614114109
       56.1224490000        1.0000000000        1.0000000000       16.5551098232        0.0000000000        0.8869204367        0.1064304524        0.1371591733
       56.2244900000        1.0000000000        1.0000000000       19.0929265166        0.0000000000        0.8869204367        0.1064304524        0.1011499528
       56.3265310000        1.0000000000        1.0000000000       23.3077648121        0.0000000000        0.8869204367        0.1064304524        0.0609969280
       56.4285710000        1.0000000000        1.0000000000       30.7047568494        0.0000000000        0.8869204367        0.1064304524        0.0251079482
       56.5306120000        1.0000000000        1.0000000000       46.1278043551        0.0000000000        0.8869204367        0.1064304524        0.0039448809
       56.6326530000        1.0000000000        1.0000000000       90.1206132098        0.0000000000        0.8869204367        0.1064304524        0.0000201064
       56.7346940000        1.0000000000        1.0000000000      243.2380347001        0.0000000000        0.8869204367        0.1064304524        0.0000000000
       56.8367350000        1.0000000000        1.0000000000      678.3492593327        0.0000000000        0.8869204367        0.1064304524        0.0000000000
       56.9387760000        1.0000000000        1.0000000000     1400.3795249165        0.0000000000        0.8869204367        0.1064304524        0.0000000000
       57.0408160000        1.0000000000        1.0000000000     1847.5230015077        0.0000000000        0.8869204367        0.1064304524        0.0000000000
       57.1428570000        1.0000000000        1.0000000000     1503.7947460317        0.0000000000        0.8869204367        0.1064304524        0.0000000000
       57.2448980000        1.0000000000        1.0000000000      790.3357786779        0.0000000000        0.8869204367        0.1064304524        0.0000000000
       57.3469390000        1.0000000000        1.0000000000      314.9866315180        0.0000000000        0.8869204367        0.1064304524        0.0000000000
       57.4489800000        1.0000000000        1.0000000000      132.5113222157        0.0000000000        0.8869204367        0.1064304524        0.0000001242
       57.5510200000        1.0000000000        1.0000000000       75.2768143845        0.0000000000        0.8869204367        0.1064304524        0.0001193777
       57.6530610000        1.0000000000        1.0000000000       53.5021549824        0.0000000000        0.8869204367        0.1064304524        0.0016282351
       57.7551020000        1.0000000000        1.0000000000       42.2674701287        0.0000000000        0.8869204367        0.1064304524        0.0062692634
       57.8571430000        1.0000000000        1.0000000000       35.3678587134        0.0000000000        0.8869204367        0.1064304524        0.0143480240
       57.9591840000        1.0000000000        1.0000000000       30.7345208549        0.0000000000        0.8869204367        0.1064304524        0.0250184306
       58.0612240000        1.0000000000        1.0000000000       27.4392256664        0.0000000000        0.8869204367        0.1064304524        0.0371531366
       58.1632650000        1.0000000000        1.0000000000       24.9955483625        0.0000000000        0.8869204367        0.1064304524        0.0498136716
       58.2653060000        1.0000000000        1.0000000000       23.1253736297        0.0000000000        0.8869204367        0.1064304524        0.0623466813
       58.3673470000        1.0000000000        1.0000000000       21.6605229024        0.0000000000        0.8869204367        0.1064304524        0.0743283567
       58.4693880000        1.0000000000        1.0000000000       20.4988628180        0.0000000000        0.8869204367        0.1064304524        0.0854466104
       58.5714290000        1.0000000000        1.0000000000       19.6013723429        0.0000000000        0.8869204367        0.1064304524        0.0951629417
       58.6734690000        1.0000000000        1.0000000000       19.1055614547        0.0000000000        0.8869204367        0.1064304524        0.1009967062
       58.7755100000        1.0000000000        1.0000000000       19.6946561788        0.0000000000        0.8869204367        0.1064304524        0.0941036221
       58.8775510000        1.0000000000        1.0000000000       22.4704338918        0.0000000000        0.8869204367        0.1064304524        0.0674443769
       58.9795920000        1.0000000000        1.0000000000       26.4054990799        0.0000000000        0.8869204367        0.1064304524        0.0420599251
       59.0816330000        1.0000000000        1.0000000000       27.1750248295        0.0000000000        0.8869204367        0.1064304524        0.0383499145
       59.1836730000        1.0000000000        1.0000000000       23.3556737450        0.0000000000        0.8869204367        0.1064304524        0.0606472583
       59.2857140000        1.0000000000        1.0000000000       18.9390092736        0.0000000000        0.8869204367        0.1064304524        0.1030355595
       59.3877550000        1.0000000000        1.0000000000       16.5658496160        0.0000000000        0.8869204367        0.1064304524        0.1369825198
       59.4897960000        1.0000000000        1.0000000000       15.6471609388        0.0000000000        0.8869204367        0.1064304524        0.1529476898
       59.5918370000        1.0000000000        1.0000000000       15.2200927159        0.0000000000        0.8869204367        0.1064304524        0.1609903062
       59.6938780000        1.0000000000        1.0000000000       14.9287861760        0.0000000000        0.8869204367        0.1064304524        0.1667175291
       59.7959180000        1.0000000000        1.0000000000       14.6912852604        0.0000000000        0.8869204367        0.1064304524        0.1715373535
       59.8979590000        1.0000000000        1.0000000000       14.4863147530        0.0000000000        0.8869204367        0.1064304524        0.1758088822
       60.0000000000        1.0000000000        1.0000000000       14.3050309334        0.0000000000        0.8869204367        0.1064304524        0.1796753420
