       55.0000000000        1.0000000000        1.0000000000        9.8113348278        0.0000000000        0.8869204367        0.1064304524        0.3080909710
       55.1020410000        1.0000000000        1.0000000000        9.8944731566        0.0000000000        0.8869204367        0.1064304524        0.3050325524
       55.2040820000        1.0000000000        1.0000000000        9.9988044524        0.0000000000        0.8869204367        0.1064304524        0.3012374261
       55.3061220000        1.0000000000        1.0000000000       10.1333203521        0.0000000000        0.8869204367        0.1064304524        0.2964139143
       55.4081630000        1.0000000000        1.0000000000       10.3279554984        0.0000000000        0.8869204367        0.1064304524        0.2895710295
       55.5102040000        1.0000000000        1.0000000000       10.6960615717        0.0000000000        0.8869204367        0.1064304524        0.2770582826
       55.6122450000        1.0000000000        1.0000000000       11.4641443673        0.0000000000        0.8869204367        0.1064304524        0.2526633461
       55.7142860000        1.0000000000        1.0000000000       12.5707186540        0.0000000000        0.8869204367        0.1064304524        0.2212446362
       55.8163270000        1.0000000000        1.0000000000       13.2586390412        0.0000000000        0.8869204367        0.1064304524        0.2037143147
       55.9183670000        1.0000000000        1.0000000000       13.1261755352        0.0000000000        0.8869204367        0.1064304524        0.2069783534
       56.0204080000        1.0000000000        1.0000000000       12.9174287306        0.0000000000        0.8869204367        0.1064304524        0.2122285651
       56.1224490000        1.0000000000        1.0000000000       13.2517978453        0.0000000000        0.8869204367        0.1064304524        0.2038816213
       56.2244900000        1.0000000000        1.0000000000       14.0977861885        0.0000000000        0.8869204367        0.1064304524        0.1841997813
       56.3265310000        1.0000000000        1.0000000000       15.3536784091        0.0000000000        0.8869204367        0.1064304524        0.1584301607
       56.4285710000        1.0000000000        1.0000000000       17.0899520397        0.0000000000        0.8869204367        0.1064304524        0.1286326972
       56.5306120000        1.0000000000        1.0000000000       19.5176303924        0.0000000000        0.8869204367        0.1064304524        0.0961240584
       56.6326530000        1.0000000000        1.0000000000       23.0140926048        0.0000000000        0.8869204367        0.1064304524        0.0631848253
       56.7346940000        1.0000000000        1.0000000000       28.2628762285        0.0000000000        0.8869204367        0.1064304524        0.0336566322
       56.8367350000        1.0000000000        1.0000000000       36.6114168389        0.0000000000        0.8869204367        0.1064304524        0.0123590088
       56.9387760000        1.0000000000        1.0000000000       51.1592989625        0.0000000000        0.8869204367        0.1064304524        0.0021568297
       57.0408160000        1.0000000000        1.0000000000       81.3790533322        0.0000000000        0.8869204367        0.1064304524        0.0000573988
       57.1428570000        1.0000000000        1.0000000000      164.8650190319        0.0000000000        0.8869204367        0.1064304524        0.0000000026
       57.2448980000        1.0000000000        1.0000000000      433.8481439997        0.0000000000        0.8869204367        0.1064304524        0.0000000000
       57.3469390000        1.0000000000        1.0000000000     1132.8746469074        0.0000000000        0.8869204367        0.1064304524        0.0000000000
       57.4489800000        1.0000000000        1.0000000000     2196.6491994336        0.0000000000        0.8869204367        0.1064304524        0.0000000000
       57.5510200000        1.0000000000        1.0000000000     2771.6743047920        0.0000000000        0.8869204367        0.1064304524        0.0000000000
       57.6530610000        1.0000000000        1.0000000000     2208.4469490736        0.0000000000        0.8869204367        0.1064304524        0.0000000000
       57.7551020000        1.0000000000        1.0000000000     1168.9763726581        0.0000000000        0.8869204367        0.1064304524        0.0000000000
       57.8571430000        1.0000000000        1.0000000000      483.7891804123        0.0000000000        0.8869204367        0.1064304524        0.0000000000
       57.9591840000        1.0000000000        1.0000000000      211.9167298447        0.0000000000        0.8869204367        0.1064304524        0.0000000000
       58.0612240000        1.0000000000        1.0000000000      120.7402772834        0.0000000000        0.8869204367        0.1064304524        0.0000005100
       58.1632650000        1.0000000000        1.0000000000       84.0631505708        0.0000000000        0.8869204367        0.1064304524        0.0000415930
       58.2653060000        1.0000000000        1.0000000000       64.7670172393        0.0000000000        0.8869204367        0.1064304524        0.0004213520
       58.3673470000        1.0000000000        1.0000000000       52.8644022311        0.0000000000        0.8869204367        0.1064304524        0.0017577367
       58.4693880000        1.0000000000        1.0000000000       44.8729665044        0.0000000000        0.8869204367        0.1064304524        0.0045859592
       58.5714290000        1.0000000000        1.0000000000       39.2370447535        0.0000000000        0.8869204367        0.1064304524        0.0090187876
       58.6734690000        1.0000000000        1.0000000000       35.3043023831        0.0000000000        0.8869204367        0.1064304524        0.0144578713
       58.7755100000        1.0000000000        1.0000000000       33.3101438735        0.0000000000        0.8869204367        0.1064304524        0.0183666774
       58.8775510000        1.0000000000        1.0000000000       34.1017191185        0.0000000000        0.8869204367        0.1064304524        0.0167023426
       58.9795920000        1.0000000000        1.0000000000       36.5175488916        0.0000000000        0.8869204367        0.1064304524        0.0124990096
       59.0816330000        1.0000000000        1.0000000000       36.1203185909        0.0000000000        0.8869204367        0.1064304524        0.0131092364
       59.1836730000        1.0000000000        1.0000000000       31.3454941370        0.0000000000        0.8869204367        0.1064304524        0.0232497873
       59.2857140000        1.0000000000        1.0000000000       26.0966701649        0.0000000000        0.8869204367        0.1064304524        0.0436478864
       59.3877550000        1.0000000000        1.0000000000       23.0044284590        0.0000000000        0.8869204367        0.1064304524        0.0632581431
       59.4897960000        1.0000000000        1.0000000000       21.4772553184        0.0000000000        0.8869204367        0.1064304524        0.0759811012
       59.5918370000        1.0000000000        1.0000000000       20.5344432550        0.0000000000        0.8869204367        0.1064304524        0.0850825608
       59.6938780000        1.0000000000        1.0000000000       19.8011182582        0.0000000000        0.8869204367        0.1064304524        0.0929090528
       59.7959180000        1.0000000000        1.0000000000       19.1809196941        0.0000000000        0.8869204367        0.1064304524        0.1000875112
       59.8979590000        1.0000000000        1.0000000000       18.6418658873        0.0000000000        0.8869204367        0.1064304524        0.1067758068
       60.0000000000        1.0000000000        1.0000000000       18.1668866515        0.0000000000        0.8869204367        0.1064304524        0.1130385466
