       55.0000000000        1.0000000000        1.0000000000       14.3851907756        0.0000000000        0.8869204367        0.1064304524        0.1779552984
       55.1020410000        1.0000000000        1.0000000000       15.3222390976        0.0000000000        0.8869204367        0.1064304524        0.1590290019
       55.2040820000        1.0000000000        1.0000000000       16.4439727118        0.0000000000        0.8869204367        0.1064304524        0.1390006422
       55.3061220000        1.0000000000        1.0000000000       17.8006928907        0.0000000000        0.8869204367        0.1064304524        0.1181165835
       55.4081630000        1.0000000000        1.0000000000       19.4776194473        0.0000000000        0.8869204367        0.1064304524        0.0965866898
       55.5102040000        1.0000000000        1.0000000000       21.6616806146        0.0000000000        0.8869204367        0.1064304524        0.0743180313
       55.6122450000        1.0000000000        1.0000000000       24.6713461377        0.0000000000        0.8869204367        0.1064304524        0.0517898271
       55.7142860000        1.0000000000        1.0000000000       28.5605682198        0.0000000000        0.8869204367        0.1064304524        0.0324755368
       55.8163270000        1.0000000000        1.0000000000       32.7640911700        0.0000000000        0.8869204367        0.1064304524        0.0196104843
       55.9183670000        1.0000000000        1.0000000000       37.2060314980        0.0000000000        0.8869204367        0.1064304524        0.0115078740
       56.0204080000        1.0000000000        1.0000000000       43.0898641852        0.0000000000        0.8869204367        0.1064304524        0.0056801156
       56.1224490000        1.0000000000        1.0000000000       51.7052288897        0.0000000000        0.8869204367        0.1064304524        0.0020200612
       56.2244900000        1.0000000000        1.0000000000       64.1253912535        0.0000000000        0.8869204367        0.1064304524        0.0004550756
       56.3265310000        1.0000000000        1.0000000000       82.2032968451        0.0000000000        0.8869204367        0.1064304524        0.0000519933
       56.4285710000        1.0000000000        1.0000000000      109.6864210147        0.0000000000        0.8869204367        0.1064304524        0.0000019216
       56.5306120000        1.0000000000        1.0000000000      154.5268889484        0.0000000000        0.8869204367        0.1064304524        0.0000000088
       56.6326530000        1.0000000000        1.0000000000      236.6224701756        0.0000000000        0.8869204367        0.1064304524        0.0000000000
       56.7346940000        1.0000000000        1.0000000000      416.5703419453        0.0000000000        0.8869204367        0.1064304524        0.0000000000
       56.8367350000        1.0000000000        1.0000000000      880.4421564314        0.0000000000        0.8869204367        0.1064304524        0.0000000000
       56.9387760000        1.0000000000        1.0000000000     2013.4248058773        0.0000000000        0.8869204367        0.1064304524        0.0000000000
       57.0408160000        1.0000000000        1.0000000000     3965.4154002177        0.0000000000        0.8869204367        0.1064304524        0.0000000000
       57.1428570000        1.0000000000        1.0000000000     5667.0176614868        0.0000000000        0.8869204367        0.1064304524        0.0000000000
       57.2448980000        1.0000000000        1.0000000000     5476.8623939953        0.0000000000        0.8869204367        0.1064304524        0.0000000000
       57.3469390000        1.0000000000        1.0000000000     3633.5144005786        0.0000000000        0.8869204367        0.1064304524        0.0000000000
       57.4489800000        1.0000000000        1.0000000000     1838.4923919730        0.0000000000        0.8869204367        0.1064304524        0.0000000000
       57.5510200000        1.0000000000        1.0000000000      867.9842522607        0.0000000000        0.8869204367        0.1064304524        0.0000000000
       57.6530610000        1.0000000000        1.0000000000      467.7043572936        0.0000000000        0.8869204367        0.1064304524        0.0000000000
       57.7551020000        1.0000000000        1.0000000000      299.5292086234        0.0000000000        0.8869204367        0.1064304524        0.0000000000
       57.8571430000        1.0000000000        1.0000000000      215.0518962184        0.0000000000        0.8869204367        0.1064304524        0.0000000000
       57.9591840000        1.0000000000        1.0000000000      165.2786457284        0.0000000000        0.8869204367        0.1064304524        0.0000000024
       58.0612240000        1.0000000000        1.0000000000      132.8769000368        0.0000000000        0.8869204367        0.1064304524        0.0000001189
       58.1632650000        1.0000000000        1.0000000000      110.3837508185        0.0000000000        0.8869204367        0.1064304524        0.0000017673
       58.2653060000        1.0000000000        1.0000000000       94.0334991177        0.0000000000        0.8869204367        0.1064304524        0.0000125722
       58.3673470000        1.0000000000        1.0000000000       81.7231797288        0.0000000000        0.8869204367        0.1064304524        0.0000550768
       58.4693880000        1.0000000000        1.0000000000       72.1974823805        0.0000000000        0.8869204367        0.1064304524        0.0001727443
       58.5714290000        1.0000000000        1.0000000000       64.6898253975        0.0000000000        0.8869204367        0.1064304524        0.0004252731
       58.6734690000        1.0000000000        1.0000000000       58.8546520599        0.0000000000        0.8869204367        0.1064304524        0.0008565839
       58.7755100000        1.0000000000        1.0000000000       55.0470979198        0.0000000000        0.8869204367        0.1064304524        0.0013527013
       58.8775510000        1.0000000000        1.0000000000       54.1833011540        0.0000000000        0.8869204367        0.1064304524        0.0015004411
       58.9795920000        1.0000000000        1.0000000000       55.1764993730        0.0000000000        0.8869204367        0.1064304524        0.0013318585
       59.0816330000        1.0000000000        1.0000000000       53.5877447885        0.0000000000        0.8869204367        0.1064304524        0.0016115975
       59.1836730000        1.0000000000        1.0000000000       47.7262809566        0.0000000000        0.8869204367        0.1064304524        0.0032563325
       59.2857140000        1.0000000000        1.0000000000       41.4186077547        0.0000000000        0.8869204367        0.1064304524        0.0069415310
       59.3877550000        1.0000000000        1.0000000000       37.3316190579        0.0000000000        0.8869204367        0.1064304524        0.0113357448
       59.4897960000        1.0000000000        1.0000000000       34.9083601602        0.0000000000        0.8869204367        0.1064304524        0.0151613899
       59.5918370000        1.0000000000        1.0000000000       33.1639513446        0.0000000000        0.8869204367        0.1064304524        0.0186917288
       59.6938780000        1.0000000000        1.0000000000       31.7090521712        0.0000000000        0.8869204367        0.1064304524        0.0222572772
       59.7959180000        1.0000000000        1.0000000000       30.4355135216        0.0000000000        0.8869204367        0.1064304524        0.0259324131
       59.8979590000        1.0000000000        1.0000000000       29.3023526391        0.0000000000        0.8869204367        0.1064304524        0.0297096813
       60.0000000000        1.0000000000        1.0000000000       28.2852361591        0.0000000000        0.8869204367        0.1064304524        0.0335664461
