       55.0000000000        1.0000000000        1.0000000000       11.4953764359        0.0000000000        0.8869204367        0.1064304524        0.2517181745
       55.1020410000        1.0000000000        1.0000000000       12.1213776668        0.0000000000        0.8869204367        0.1064304524        0.2335018404
       55.2040820000        1.0000000000        1.0000000000       12.8946124601        0.0000000000        0.8869204367        0.1064304524        0.2128104331
       55.3061220000        1.0000000000        1.0000000000       13.8617636812        0.0000000000        0.8869204367        0.1064304524        0.1894913993
       55.4081630000        1.0000000000        1.0000000000       15.1052971188        0.0000000000        0.8869204367        0.1064304524        0.1632233690
       55.5102040000        1.0000000000        1.0000000000       16.8121256861        0.0000000000        0.8869204367        0.1064304524        0.1329934923
       55.6122450000        1.0000000000        1.0000000000       19.3089765785        0.0000000000        0.8869204367        0.1064304524        0.0985612409
       55.7142860000        1.0000000000        1.0000000000       22.6742405184        0.0000000000        0.8869204367        0.1064304524        0.0658149106
       55.8163270000        1.0000000000        1.0000000000       26.3853591988        0.0000000000        0.8869204367        0.1064304524        0.0421616979
       55.9183670000        1.0000000000        1.0000000000       30.4441702197        0.0000000000        0.8869204367        0.1064304524        0.0259054884
       56.0204080000        1.0000000000        1.0000000000       36.2423342785        0.0000000000        0.8869204367        0.1064304524        0.0129186908
       56.1224490000        1.0000000000        1.0000000000       45.5139538230        0.0000000000        0.8869204367        0.1064304524        0.0042464393
       56.2244900000        1.0000000000        1.0000000000       60.3648731176        0.0000000000        0.8869204367        0.1064304524        0.0007146020
       56.3265310000        1.0000000000        1.0000000000       85.3926180655        0.0000000000        0.8869204367        0.1064304524        0.0000354597
       56.4285710000        1.0000000000        1.0000000000      133.4721135470        0.0000000000        0.8869204367        0.1064304524        0.0000001107
       56.5306120000        1.0000000000        1.0000000000      249.3763465952        0.0000000000        0.8869204367        0.1064304524        0.0000000000
       56.6326530000        1.0000000000        1.0000000000      586.3044805007        0.0000000000        0.8869204367        0.1064304524        0.0000000000
       56.7346940000        1.0000000000        1.0000000000     1469.9121653120        0.0000000000        0.8869204367        0.1064304524        0.0000000000
       56.8367350000        1.0000000000        1.0000000000     2980.1093860511        0.0000000000        0.8869204367        0.1064304524        0.0000000000
       56.9387760000        1.0000000000        1.0000000000     4136.4115827812        0.0000000000        0.8869204367        0.1064304524        0.0000000000
       57.0408160000        1.0000000000        1.0000000000     3719.2227406328        0.0000000000        0.8869204367        0.1064304524        0.0000000000
       57.1428570000        1.0000000000        1.0000000000     2230.1796822815        0.0000000000        0.8869204367        0.1064304524        0.0000000000
       57.2448980000        1.0000000000        1.0000000000     1015.6534621583        0.0000000000        0.8869204367        0.1064304524        0.0000000000
       57.3469390000        1.0000000000        1.0000000000      450.0460041948        0.0000000000        0.8869204367        0.1064304524        0.0000000000
       57.4489800000        1.0000000000        1.0000000000      242.4446480986        0.0000000000        0.8869204367        0.1064304524        0.0000000000
       57.5510200000        1.0000000000        1.0000000000      159.2265407102        0.0000000000        0.8869204367        0.1064304524        0.0000000050
       57.6530610000        1.0000000000        1.0000000000      117.2000350333        0.0000000000        0.8869204367        0.1064304524        0.0000007800
       57.7551020000        1.0000000000        1.0000000000       92.0625324898        0.0000000000        0.8869204367        0.1064304524        0.0000159269
       57.8571430000        1.0000000000        1.0000000000       75.4902266297        0.0000000000        0.8869204367        0.1064304524        0.0001163594
       57.9591840000        1.0000000000        1.0000000000       63.8667576943        0.0000000000        0.8869204367        0.1064304524        0.0004694208
       58.0612240000        1.0000000000        1.0000000000       55.3431833252        0.0000000000        0.8869204367        0.1064304524        0.0013054833
       58.1632650000        1.0000000000        1.0000000000       48.8754567784        0.0000000000        0.8869204367        0.1064304524        0.0028368675
       58.2653060000        1.0000000000        1.0000000000       43.8333000416        0.0000000000        0.8869204367        0.1064304524        0.0051953255
       58.3673470000        1.0000000000        1.0000000000       39.8170254486        0.0000000000        0.8869204367        0.1064304524        0.0084124456
       58.4693880000        1.0000000000        1.0000000000       36.5667958173        0.0000000000        0.8869204367        0.1064304524        0.0124253629
       58.5714290000        1.0000000000        1.0000000000       33.9321847130        0.0000000000        0.8869204367        0.1064304524        0.0170456172
       58.6734690000        1.0000000000        1.0000000000       31.9685089105        0.0000000000        0.8869204367        0.1064304524        0.0215749778
       58.7755100000        1.0000000000        1.0000000000       31.2994027742        0.0000000000        0.8869204367        0.1064304524        0.0233787373
       58.8775510000        1.0000000000        1.0000000000       33.0026571697        0.0000000000        0.8869204367        0.1064304524        0.0190570368
       58.9795920000        1.0000000000        1.0000000000       36.0652473640        0.0000000000        0.8869204367        0.1064304524        0.0131961563
       59.0816330000        1.0000000000        1.0000000000       36.1389826487        0.0000000000        0.8869204367        0.1064304524        0.0130799086
       59.1836730000        1.0000000000        1.0000000000       31.6996552390        0.0000000000        0.8869204367        0.1064304524        0.0222823893
       59.2857140000        1.0000000000        1.0000000000       26.6805903522        0.0000000000        0.8869204367        0.1064304524        0.0406941536
       59.3877550000        1.0000000000        1.0000000000       23.7475153819        0.0000000000        0.8869204367        0.1064304524        0.0578615700
       59.4897960000        1.0000000000        1.0000000000       22.3355155474        0.0000000000        0.8869204367        0.1064304524        0.0685452022
       59.5918370000        1.0000000000        1.0000000000       21.4793064509        0.0000000000        0.8869204367        0.1064304524        0.0759624018
       59.6938780000        1.0000000000        1.0000000000       20.8143429813        0.0000000000        0.8869204367        0.1064304524        0.0822722707
       59.7959180000        1.0000000000        1.0000000000       20.2526696538        0.0000000000        0.8869204367        0.1064304524        0.0880086338
       59.8979590000        1.0000000000        1.0000000000       19.7696823389        0.0000000000        0.8869204367        0.1064304524        0.0932601965
       60.0000000000        1.0000000000        1.0000000000       19.3552043567        0.0000000000        0.8869204367        0.1064304524        0.0980160025
