       55.0000000000        1.0000000000        1.0000000000        9.5652965787        0.0000000000        0.8869204367        0.1064304524        0.3173228436
       55.1020410000        1.0000000000        1.0000000000        9.5901414497        0.0000000000        0.8869204367        0.1064304524        0.3163781910
       55.2040820000        1.0000000000        1.0000000000        9.6240263650        0.0000000000        0.8869204367        0.1064304524        0.3150943492
       55.3061220000        1.0000000000        1.0000000000        9.6729087610        0.0000000000        0.8869204367        0.1064304524        0.3132514516
       55.4081630000        1.0000000000        1.0000000000        9.7627112730        0.0000000000        0.8869204367        0.1064304524        0.3098938831
       55.5102040000        1.0000000000        1.0000000000       10.0015863095        0.0000000000        0.8869204367        0.1064304524        0.3011368829
       55.6122450000        1.0000000000        1.0000000000       10.6101414704        0.0000000000        0.8869204367        0.1064304524        0.2799296447
       55.7142860000        1.0000000000        1.0000000000       11.5205575336        0.0000000000        0.8869204367        0.1064304524        0.2509586978
       55.8163270000        1.0000000000        1.0000000000       11.9641909904        0.0000000000        0.8869204367        0.1064304524        0.2379480471
       55.9183670000        1.0000000000        1.0000000000       11.5179235221        0.0000000000        0.8869204367        0.1064304524        0.2510380337
       56.0204080000        1.0000000000        1.0000000000       10.8989434418        0.0000000000        0.8869204367        0.1064304524        0.2703945168
       56.1224490000        1.0000000000        1.0000000000       10.6939614317        0.0000000000        0.8869204367        0.1064304524        0.2771281147
       56.2244900000        1.0000000000        1.0000000000       10.8226505102        0.0000000000        0.8869204367        0.1064304524        0.2728813861
       56.3265310000        1.0000000000        1.0000000000       11.1059832370        0.0000000000        0.8869204367        0.1064304524        0.2637593912
       56.4285710000        1.0000000000        1.0000000000       11.4921787106        0.0000000000        0.8869204367        0.1064304524        0.2518147841
       56.5306120000        1.0000000000        1.0000000000       11.9921313221        0.0000000000        0.8869204367        0.1064304524        0.2371515813
       56.6326530000        1.0000000000        1.0000000000       12.6387202724        0.0000000000        0.8869204367        0.1064304524        0.2194465832
       56.7346940000        1.0000000000        1.0000000000       13.4826425835        0.0000000000        0.8869204367        0.1064304524        0.1983113299
       56.8367350000        1.0000000000        1.0000000000       14.5996100529        0.0000000000        0.8869204367        0.1064304524        0.1734348583
       56.9387760000        1.0000000000        1.0000000000       16.1050599432        0.0000000000        0.8869204367        0.1064304524        0.1447702620
       57.0408160000        1.0000000000        1.0000000000       18.1811846152        0.0000000000        0.8869204367        0.1064304524        0.1128447664
       57.1428570000        1.0000000000        1.0000000000       21.1289713448        0.0000000000        0.8869204367        0.1064304524        0.0792239552
       57.2448980000        1.0000000000        1.0000000000       25.4753139359        0.0000000000        0.8869204367        0.1064304524        0.0470267979
       57.3469390000        1.0000000000        1.0000000000       32.2190541471        0.0000000000        0.8869204367        0.1064304524        0.0209359710
       57.4489800000        1.0000000000        1.0000000000       43.5108234492        0.0000000000        0.8869204367        0.1064304524        0.0054003106
       57.5510200000        1.0000000000        1.0000000000       65.1988408524        0.0000000000        0.8869204367        0.1064304524        0.0004000741
       57.6530610000        1.0000000000        1.0000000000      118.7590101895        0.0000000000        0.8869204367        0.1064304524        0.0000006469
       57.7551020000        1.0000000000        1.0000000000      287.3684569811        0.0000000000        0.8869204367        0.1064304524        0.0000000000
       57.8571430000        1.0000000000        1.0000000000      783.3442207974        0.0000000000        0.8869204367        0.1064304524        0.0000000000
       57.9591840000        1.0000000000        1.0000000000     1747.4884150408        0.0000000000        0.8869204367        0.1064304524        0.0000000000
       58.0612240000        1.0000000000        1.0000000000     2639.7548312146        0.0000000000        0.8869204367        0.1064304524        0.0000000000
       58.1632650000        1.0000000000        1.0000000000     2530.7175674040        0.0000000000        0.8869204367        0.1064304524        0.0000000000
       58.2653060000        1.0000000000        1.0000000000     1565.5006384692        0.0000000000        0.8869204367        0.1064304524        0.0000000000
       58.3673470000        1.0000000000        1.0000000000      697.7109189070        0.0000000000        0.8869204367        0.1064304524        0.0000000000
       58.4693880000        1.0000000000        1.0000000000      287.5240244748        0.0000000000        0.8869204367        0.1064304524        0.0000000000
       58.5714290000        1.0000000000        1.0000000000      146.1122551511        0.0000000000        0.8869204367        0.1064304524        0.0000000243
       58.6734690000        1.0000000000        1.0000000000       95.1858029591        0.0000000000        0.8869204367        0.1064304524        0.0000109486
       58.7755100000        1.0000000000        1.0000000000       72.1695458131        0.0000000000        0.8869204367        0.1064304524        0.0001733244
       58.8775510000        1.0000000000        1.0000000000       61.3661654365        0.0000000000        0.8869204367        0.1064304524        0.0006336969
       58.9795920000        1.0000000000        1.0000000000       56.6595091477        0.0000000000        0.8869204367        0.1064304524        0.0011147322
       59.0816330000        1.0000000000        1.0000000000       51.6040975489        0.0000000000        0.8869204367        0.1064304524        0.0020447255
       59.1836730000        1.0000000000        1.0000000000       43.5957023968        0.0000000000        0.8869204367        0.1064304524        0.0053455850
       59.2857140000        1.0000000000        1.0000000000       35.9740441927        0.0000000000        0.8869204367        0.1064304524        0.0133413732
       59.3877550000        1.0000000000        1.0000000000       31.0929765307        0.0000000000        0.8869204367        0.1064304524        0.0239650878
       59.4897960000        1.0000000000        1.0000000000       28.2012242310        0.0000000000        0.8869204367        0.1064304524        0.0339065554
       59.5918370000        1.0000000000        1.0000000000       26.2005483508        0.0000000000        0.8869204367        0.1064304524        0.0431071759
       59.6938780000        1.0000000000        1.0000000000       24.6320567602        0.0000000000        0.8869204367        0.1064304524        0.0520345784
       59.7959180000        1.0000000000        1.0000000000       23.3417210110        0.0000000000        0.8869204367        0.1064304524        0.0607488868
       59.8979590000        1.0000000000        1.0000000000       22.2574426568        0.0000000000        0.8869204367        0.1064304524        0.0691904025
       60.0000000000        1.0000000000        1.0000000000       21.3335134817        0.0000000000        0.8869204367        0.1064304524        0.0773030693
