       55.0000000000        1.0000000000        1.0000000000       10.5542116426        0.0000000000        0.8869204367        0.1064304524        0.2818147336
       55.1020410000        1.0000000000        1.0000000000       10.8436481625        0.0000000000        0.8869204367        0.1064304524        0.2721946675
       55.2040820000        1.0000000000        1.0000000000       11.2005134333        0.0000000000        0.8869204367        0.1064304524        0.2607843099
       55.3061220000        1.0000000000        1.0000000000       11.6469043243        0.0000000000        0.8869204367        0.1064304524        0.2471824579
       55.4081630000        1.0000000000        1.0000000000       12.2307052344        0.0000000000        0.8869204367        0.1064304524        0.2304584650
       55.5102040000        1.0000000000        1.0000000000       13.0897779041        0.0000000000        0.8869204367        0.1064304524        0.2078843531
       55.6122450000        1.0000000000        1.0000000000       14.4823179607        0.0000000000        0.8869204367        0.1064304524        0.1758932230
       55.7142860000        1.0000000000        1.0000000000       16.3881937551        0.0000000000        0.8869204367        0.1064304524        0.1399341603
       55.8163270000        1.0000000000        1.0000000000       18.1197089783        0.0000000000        0.8869204367        0.1064304524        0.1136803090
       55.9183670000        1.0000000000        1.0000000000       19.3944579456        0.0000000000        0.8869204367        0.1064304524        0.0975553906
       56.0204080000        1.0000000000        1.0000000000       21.1327487747        0.0000000000        0.8869204367        0.1064304524        0.0791880518
       56.1224490000        1.0000000000        1.0000000000       24.2254883552        0.0000000000        0.8869204367        0.1064304524        0.0546362005
       56.2244900000        1.0000000000        1.0000000000       29.1078469912        0.0000000000        0.8869204367        0.1064304524        0.0304112815
       56.3265310000        1.0000000000        1.0000000000       36.5446662612        0.0000000000        0.8869204367        0.1064304524        0.0124584029
       56.4285710000        1.0000000000        1.0000000000       48.3470883719        0.0000000000        0.8869204367        0.1064304524        0.0030225616
       56.5306120000        1.0000000000        1.0000000000       68.7933574740        0.0000000000        0.8869204367        0.1064304524        0.0002599028
       56.6326530000        1.0000000000        1.0000000000      110.6713849608        0.0000000000        0.8869204367        0.1064304524        0.0000017074
       56.7346940000        1.0000000000        1.0000000000      222.4777436870        0.0000000000        0.8869204367        0.1064304524        0.0000000000
       56.8367350000        1.0000000000        1.0000000000      567.5701898067        0.0000000000        0.8869204367        0.1064304524        0.0000000000
       56.9387760000        1.0000000000        1.0000000000     1436.3866066351        0.0000000000        0.8869204367        0.1064304524        0.0000000000
       57.0408160000        1.0000000000        1.0000000000     2732.4489466466        0.0000000000        0.8869204367        0.1064304524        0.0000000000
       57.1428570000        1.0000000000        1.0000000000     3420.6303894519        0.0000000000        0.8869204367        0.1064304524        0.0000000000
       57.2448980000        1.0000000000        1.0000000000     2731.7592583399        0.0000000000        0.8869204367        0.1064304524        0.0000000000
       57.3469390000        1.0000000000        1.0000000000     1465.8501451637        0.0000000000        0.8869204367        0.1064304524        0.0000000000
       57.4489800000        1.0000000000        1.0000000000      621.8828044549        0.0000000000        0.8869204367        0.1064304524        0.0000000000
       57.5510200000        1.0000000000        1.0000000000      278.3985618299        0.0000000000        0.8869204367        0.1064304524        0.0000000000
       57.6530610000        1.0000000000        1.0000000000      158.9492964589        0.0000000000        0.8869204367        0.1064304524        0.0000000052
       57.7551020000        1.0000000000        1.0000000000      109.6120248957        0.0000000000        0.8869204367        0.1064304524        0.0000019388
       57.8571430000        1.0000000000        1.0000000000       83.4355315244        0.0000000000        0.8869204367        0.1064304524        0.0000448466
       57.9591840000        1.0000000000        1.0000000000       67.2614692138        0.0000000000        0.8869204367        0.1064304524        0.0003123531
       58.0612240000        1.0000000000        1.0000000000       56.3861013040        0.0000000000        0.8869204367        0.1064304524        0.0011519119
       58.1632650000        1.0000000000        1.0000000000       48.6528171336        0.0000000000        0.8869204367        0.1064304524        0.0029136810
       58.2653060000        1.0000000000        1.0000000000       42.9229390470        0.0000000000        0.8869204367        0.1064304524        0.0057950412
       58.3673470000        1.0000000000        1.0000000000       38.5421186669        0.0000000000        0.8869204367        0.1064304524        0.0098031233
       58.4693880000        1.0000000000        1.0000000000       35.1145647568        0.0000000000        0.8869204367        0.1064304524        0.0147908317
       58.5714290000        1.0000000000        1.0000000000       32.4138118720        0.0000000000        0.8869204367        0.1064304524        0.0204523513
       58.6734690000        1.0000000000        1.0000000000       30.4513859584        0.0000000000        0.8869204367        0.1064304524        0.0258830668
       58.7755100000        1.0000000000        1.0000000000       29.8245211188        0.0000000000        0.8869204367        0.1064304524        0.0279051914
       58.8775510000        1.0000000000        1.0000000000       31.5900273463        0.0000000000        0.8869204367        0.1064304524        0.0225774585
       58.9795920000        1.0000000000        1.0000000000       34.7134780754        0.0000000000        0.8869204367        0.1064304524        0.0155201303
       59.0816330000        1.0000000000        1.0000000000       34.8392308695        0.0000000000        0.8869204367        0.1064304524        0.0152876846
       59.1836730000        1.0000000000        1.0000000000       30.4573099249        0.0000000000        0.8869204367        0.1064304524        0.0258646737
       59.2857140000        1.0000000000        1.0000000000       25.5079607953        0.0000000000        0.8869204367        0.1064304524        0.0468429250
       59.3877550000        1.0000000000        1.0000000000       22.6460983699        0.0000000000        0.8869204367        0.1064304524        0.0660375470
       59.4897960000        1.0000000000        1.0000000000       21.2971349140        0.0000000000        0.8869204367        0.1064304524        0.0776412679
       59.5918370000        1.0000000000        1.0000000000       20.4928891454        0.0000000000        0.8869204367        0.1064304524        0.0855078839
       59.6938780000        1.0000000000        1.0000000000       19.8677571847        0.0000000000        0.8869204367        0.1064304524        0.0921690524
       59.7959180000        1.0000000000        1.0000000000       19.3322468649        0.0000000000        0.8869204367        0.1064304524        0.0982863990
       59.8979590000        1.0000000000        1.0000000000       18.8595191728        0.0000000000        0.8869204367        0.1064304524        0.1040230988
       60.0000000000        1.0000000000        1.0000000000       18.4363985600        0.0000000000        0.8869204367        0.1064304524        0.1094412036
