       55.0000000000        1.0000000000        1.0000000000       11.0649058131        0.0000000000        0.8869204367        0.1064304524        0.2650627476
       55.1020410000        1.0000000000        1.0000000000       11.4483615306        0.0000000000        0.8869204367        0.1064304524        0.2531423289
       55.2040820000        1.0000000000        1.0000000000       11.9536059388        0.0000000000        0.8869204367        0.1064304524        0.2382504822
       55.3061220000        1.0000000000        1.0000000000       12.6324863668        0.0000000000        0.8869204367        0.1064304524        0.2196108058
       55.4081630000        1.0000000000        1.0000000000       13.5814804129        0.0000000000        0.8869204367        0.1064304524        0.1959731440
       55.5102040000        1.0000000000        1.0000000000       15.0204083599        0.0000000000        0.8869204367        0.1064304524        0.1648945660
       55.6122450000        1.0000000000        1.0000000000       17.3517636541        0.0000000000        0.8869204367        0.1064304524        0.1246542170
       55.7142860000        1.0000000000        1.0000000000       20.8219953342        0.0000000000        0.8869204367        0.1064304524        0.0821967562
       55.8163270000        1.0000000000        1.0000000000       25.2760489738        0.0000000000        0.8869204367        0.1064304524        0.0481648452
       55.9183670000        1.0000000000        1.0000000000       31.6272276855        0.0000000000        0.8869204367        0.1064304524        0.0224768964
       56.0204080000        1.0000000000        1.0000000000       44.2288752870        0.0000000000        0.8869204367        0.1064304524        0.0049544702
       56.1224490000        1.0000000000        1.0000000000       77.6141430598        0.0000000000        0.8869204367        0.1064304524        0.0000901805
       56.2244900000        1.0000000000        1.0000000000      189.6596011159        0.0000000000        0.8869204367        0.1064304524        0.0000000001
       56.3265310000        1.0000000000        1.0000000000      539.9532211557        0.0000000000        0.8869204367        0.1064304524        0.0000000000
       56.4285710000        1.0000000000        1.0000000000     1249.1888277339        0.0000000000        0.8869204367        0.1064304524        0.0000000000
       56.5306120000        1.0000000000        1.0000000000     1913.0905686293        0.0000000000        0.8869204367        0.1064304524        0.0000000000
       56.6326530000        1.0000000000        1.0000000000     1814.6667452849        0.0000000000        0.8869204367        0.1064304524        0.0000000000
       56.7346940000        1.0000000000        1.0000000000     1086.5812729801        0.0000000000        0.8869204367        0.1064304524        0.0000000000
       56.8367350000        1.0000000000        1.0000000000      463.3271547454        0.0000000000        0.8869204367        0.1064304524        0.0000000000
       56.9387760000        1.0000000000        1.0000000000      185.9645517061        0.0000000000        0.8869204367        0.1064304524        0.0000000002
       57.0408160000        1.0000000000        1.0000000000       95.7770429320        0.0000000000        0.8869204367        0.1064304524        0.0000101988
       57.1428570000        1.0000000000        1.0000000000       63.9680410773        0.0000000000        0.8869204367        0.1064304524        0.0004637500
       57.2448980000        1.0000000000        1.0000000000       48.8439664475        0.0000000000        0.8869204367        0.1064304524        0.0028476079
       57.3469390000        1.0000000000        1.0000000000       39.9603096193        0.0000000000        0.8869204367        0.1064304524        0.0082690376
       57.4489800000        1.0000000000        1.0000000000       34.1397316296        0.0000000000        0.8869204367        0.1064304524        0.0166263283
       57.5510200000        1.0000000000        1.0000000000       30.0670682586        0.0000000000        0.8869204367        0.1064304524        0.0271046985
       57.6530610000        1.0000000000        1.0000000000       27.0820621036        0.0000000000        0.8869204367        0.1064304524        0.0387801232
       57.7551020000        1.0000000000        1.0000000000       24.8155991969        0.0000000000        0.8869204367        0.1064304524        0.0509010410
       57.8571430000        1.0000000000        1.0000000000       23.0459525074        0.0000000000        0.8869204367        0.1064304524        0.0629437190
       57.9591840000        1.0000000000        1.0000000000       21.6326188399        0.0000000000        0.8869204367        0.1064304524        0.0745776615
       58.0612240000        1.0000000000        1.0000000000       20.4827979776        0.0000000000        0.8869204367        0.1064304524        0.0856114916
       58.1632650000        1.0000000000        1.0000000000       19.5332338686        0.0000000000        0.8869204367        0.1064304524        0.0959442424
       58.2653060000        1.0000000000        1.0000000000       18.7401326598        0.0000000000        0.8869204367        0.1064304524        0.1055240997
       58.3673470000        1.0000000000        1.0000000000       18.0737242286        0.0000000000        0.8869204367        0.1064304524        0.1143093502
       58.4693880000        1.0000000000        1.0000000000       17.5178608671        0.0000000000        0.8869204367        0.1064304524        0.1221942480
       58.5714290000        1.0000000000        1.0000000000       17.0892352914        0.0000000000        0.8869204367        0.1064304524        0.1286437613
       58.6734690000        1.0000000000        1.0000000000       16.9628394992        0.0000000000        0.8869204367        0.1064304524        0.1306098375
       58.7755100000        1.0000000000        1.0000000000       17.8476359601        0.0000000000        0.8869204367        0.1064304524        0.1174530834
       58.8775510000        1.0000000000        1.0000000000       20.8616119321        0.0000000000        0.8869204367        0.1064304524        0.0818069209
       58.9795920000        1.0000000000        1.0000000000       24.9859475063        0.0000000000        0.8869204367        0.1064304524        0.0498710951
       59.0816330000        1.0000000000        1.0000000000       25.9053308480        0.0000000000        0.8869204367        0.1064304524        0.0446616672
       59.1836730000        1.0000000000        1.0000000000       22.2112090939        0.0000000000        0.8869204367        0.1064304524        0.0695753395
       59.2857140000        1.0000000000        1.0000000000       17.9044710525        0.0000000000        0.8869204367        0.1064304524        0.1166547541
       59.3877550000        1.0000000000        1.0000000000       15.6265517419        0.0000000000        0.8869204367        0.1064304524        0.1533264134
       59.4897960000        1.0000000000        1.0000000000       14.7884905677        0.0000000000        0.8869204367        0.1064304524        0.1695480574
       59.5918370000        1.0000000000        1.0000000000       14.4295318879        0.0000000000        0.8869204367        0.1064304524        0.1770109248
       59.6938780000        1.0000000000        1.0000000000       14.1961326249        0.0000000000        0.8869204367        0.1064304524        0.1820387113
       59.7959180000        1.0000000000        1.0000000000       14.0081438994        0.0000000000        0.8869204367        0.1064304524        0.1861919277
       59.8979590000        1.0000000000        1.0000000000       13.8456765353        0.0000000000        0.8869204367        0.1064304524        0.1898575577
       60.0000000000        1.0000000000        1.0000000000       13.7009833512        0.0000000000        0.8869204367        0.1064304524        0.1931828746
