       55.0000000000        1.0000000000        1.0000000000       10.2700898892        0.0000000000        0.8869204367        0.1064304524        0.2915887713
       55.1020410000        1.0000000000        1.0000000000       10.3942866365        0.0000000000        0.8869204367        0.1064304524        0.2872752693
       55.2040820000        1.0000000000        1.0000000000       10.5538226822        0.0000000000        0.8869204367        0.1064304524        0.2818278876
       55.3061220000        1.0000000000        1.0000000000       10.7631393037        0.0000000000        0.8869204367        0.1064304524        0.2748371011
       55.4081630000        1.0000000000        1.0000000000       11.0600406631        0.0000000000        0.8869204367        0.1064304524        0.2652175412
       55.5102040000        1.0000000000        1.0000000000       11.5694439318        0.0000000000        0.8869204367        0.1064304524        0.2494907916
       55.6122450000        1.0000000000        1.0000000000       12.5353359977        0.0000000000        0.8869204367        0.1064304524        0.2221860201
       55.7142860000        1.0000000000        1.0000000000       13.9231644749        0.0000000000        0.8869204367        0.1064304524        0.1881003397
       55.8163270000        1.0000000000        1.0000000000       15.0180562094        0.0000000000        0.8869204367        0.1064304524        0.1649411154
       55.9183670000        1.0000000000        1.0000000000       15.4860847843        0.0000000000        0.8869204367        0.1064304524        0.1559327937
       56.0204080000        1.0000000000        1.0000000000       16.1876669986        0.0000000000        0.8869204367        0.1064304524        0.1433422660
       56.1224490000        1.0000000000        1.0000000000       17.9537361736        0.0000000000        0.8869204367        0.1064304524        0.1159671473
       56.2244900000        1.0000000000        1.0000000000       21.1552393974        0.0000000000        0.8869204367        0.1064304524        0.0789746213
       56.3265310000        1.0000000000        1.0000000000       26.5416144347        0.0000000000        0.8869204367        0.1064304524        0.0413785052
       56.4285710000        1.0000000000        1.0000000000       36.3458737857        0.0000000000        0.8869204367        0.1064304524        0.0127591725
       56.5306120000        1.0000000000        1.0000000000       58.4768161452        0.0000000000        0.8869204367        0.1064304524        0.0008963156
       56.6326530000        1.0000000000        1.0000000000      127.3649230937        0.0000000000        0.8869204367        0.1064304524        0.0000002303
       56.7346940000        1.0000000000        1.0000000000      360.4592760191        0.0000000000        0.8869204367        0.1064304524        0.0000000000
       56.8367350000        1.0000000000        1.0000000000      933.0819670147        0.0000000000        0.8869204367        0.1064304524        0.0000000000
       56.9387760000        1.0000000000        1.0000000000     1678.3588409538        0.0000000000        0.8869204367        0.1064304524        0.0000000000
       57.0408160000        1.0000000000        1.0000000000     1895.7858726277        0.0000000000        0.8869204367        0.1064304524        0.0000000000
       57.1428570000        1.0000000000        1.0000000000     1332.0967855104        0.0000000000        0.8869204367        0.1064304524        0.0000000000
       57.2448980000        1.0000000000        1.0000000000      628.5213180646        0.0000000000        0.8869204367        0.1064304524        0.0000000000
       57.3469390000        1.0000000000        1.0000000000      246.6818610764        0.0000000000        0.8869204367        0.1064304524        0.0000000000
       57.4489800000        1.0000000000        1.0000000000      113.5015755676        0.0000000000        0.8869204367        0.1064304524        0.0000012157
       57.5510200000        1.0000000000        1.0000000000       70.1502207601        0.0000000000        0.8869204367        0.1064304524        0.0002208501
       57.6530610000        1.0000000000        1.0000000000       51.7663148820        0.0000000000        0.8869204367        0.1064304524        0.0020053077
       57.7551020000        1.0000000000        1.0000000000       41.6138704189        0.0000000000        0.8869204367        0.1064304524        0.0067807711
       57.8571430000        1.0000000000        1.0000000000       35.1712908951        0.0000000000        0.8869204367        0.1064304524        0.0146904904
       57.9591840000        1.0000000000        1.0000000000       30.7570077829        0.0000000000        0.8869204367        0.1064304524        0.0249510111
       58.0612240000        1.0000000000        1.0000000000       27.5720712044        0.0000000000        0.8869204367        0.1064304524        0.0365655571
       58.1632650000        1.0000000000        1.0000000000       25.1843734822        0.0000000000        0.8869204367        0.1064304524        0.0486976347
       58.2653060000        1.0000000000        1.0000000000       23.3413422322        0.0000000000        0.8869204367        0.1064304524        0.0607516481
       58.3673470000        1.0000000000        1.0000000000       21.8877347086        0.0000000000        0.8869204367        0.1064304524        0.0723291417
       58.4693880000        1.0000000000        1.0000000000       20.7283338581        0.0000000000        0.8869204367        0.1064304524        0.0831258077
       58.5714290000        1.0000000000        1.0000000000       19.8279551178        0.0000000000        0.8869204367        0.1064304524        0.0926103276
       58.6734690000        1.0000000000        1.0000000000       19.3262653477        0.0000000000        0.8869204367        0.1064304524        0.0983569725
       58.7755100000        1.0000000000        1.0000000000       19.9077651072        0.0000000000        0.8869204367        0.1064304524        0.0917276138
       58.8775510000        1.0000000000        1.0000000000       22.6754205783        0.0000000000        0.8869204367        0.1064304524        0.0658055913
       58.9795920000        1.0000000000        1.0000000000       26.6032979279        0.0000000000        0.8869204367        0.1064304524        0.0410733514
       59.0816330000        1.0000000000        1.0000000000       27.3668880869        0.0000000000        0.8869204367        0.1064304524        0.0374770486
       59.1836730000        1.0000000000        1.0000000000       23.5412961937        0.0000000000        0.8869204367        0.1064304524        0.0593112936
       59.2857140000        1.0000000000        1.0000000000       19.1172735601        0.0000000000        0.8869204367        0.1064304524        0.1008548598
       59.3877550000        1.0000000000        1.0000000000       16.7364684876        0.0000000000        0.8869204367        0.1064304524        0.1342064197
       59.4897960000        1.0000000000        1.0000000000       15.8105720257        0.0000000000        0.8869204367        0.1064304524        0.1499777029
       59.5918370000        1.0000000000        1.0000000000       15.3768355094        0.0000000000        0.8869204367        0.1064304524        0.1579905179
       59.6938780000        1.0000000000        1.0000000000       15.0793222555        0.0000000000        0.8869204367        0.1064304524        0.1637329273
       59.7959180000        1.0000000000        1.0000000000       14.8360157711        0.0000000000        0.8869204367        0.1064304524        0.1685838726
       59.8979590000        1.0000000000        1.0000000000       14.6256022067        0.0000000000        0.8869204367        0.1064304524        0.1728947476
       60.0000000000        1.0000000000        1.0000000000       14.4392084550        0.0000000000        0.8869204367        0.1064304524        0.1768055011
