       55.0000000000        1.0000000000        1.0000000000       10.2994645515        0.0000000000        0.8869204367        0.1064304524        0.2905627421
       55.1020410000        1.0000000000        1.0000000000       10.3956809957        0.0000000000        0.8869204367        0.1064304524        0.2872272055
       55.2040820000        1.0000000000        1.0000000000       10.5226157207        0.0000000000        0.8869204367        0.1064304524        0.2828852653
       55.3061220000        1.0000000000        1.0000000000       10.6940812205        0.0000000000        0.8869204367        0.1064304524        0.2771241311
       55.4081630000        1.0000000000        1.0000000000       10.9472945080        0.0000000000        0.8869204367        0.1064304524        0.2688301958
       55.5102040000        1.0000000000        1.0000000000       11.4069125387        0.0000000000        0.8869204367        0.1064304524        0.2544045647
       55.6122450000        1.0000000000        1.0000000000       12.3180599478        0.0000000000        0.8869204367        0.1064304524        0.2280552867
       55.7142860000        1.0000000000        1.0000000000       13.6502675279        0.0000000000        0.8869204367        0.1064304524        0.1943621508
       55.8163270000        1.0000000000        1.0000000000       14.6955293128        0.0000000000        0.8869204367        0.1064304524        0.1714500142
       55.9183670000        1.0000000000        1.0000000000       15.1323629419        0.0000000000        0.8869204367        0.1064304524        0.1626940960
       56.0204080000        1.0000000000        1.0000000000       15.8559431959        0.0000000000        0.8869204367        0.1064304524        0.1491633621
       56.1224490000        1.0000000000        1.0000000000       17.7900514666        0.0000000000        0.8869204367        0.1064304524        0.1182675112
       56.2244900000        1.0000000000        1.0000000000       21.5554224429        0.0000000000        0.8869204367        0.1064304524        0.0752717265
       56.3265310000        1.0000000000        1.0000000000       28.7872245130        0.0000000000        0.8869204367        0.1064304524        0.0316041467
       56.4285710000        1.0000000000        1.0000000000       46.3122033875        0.0000000000        0.8869204367        0.1064304524        0.0038585477
       56.5306120000        1.0000000000        1.0000000000      105.8669556317        0.0000000000        0.8869204367        0.1064304524        0.0000030388
       56.6326530000        1.0000000000        1.0000000000      312.5418750759        0.0000000000        0.8869204367        0.1064304524        0.0000000000
       56.7346940000        1.0000000000        1.0000000000      798.4883952476        0.0000000000        0.8869204367        0.1064304524        0.0000000000
       56.8367350000        1.0000000000        1.0000000000     1363.8550783049        0.0000000000        0.8869204367        0.1064304524        0.0000000000
       56.9387760000        1.0000000000        1.0000000000     1434.2457268074        0.0000000000        0.8869204367        0.1064304524        0.0000000000
       57.0408160000        1.0000000000        1.0000000000      931.0374116965        0.0000000000        0.8869204367        0.1064304524        0.0000000000
       57.1428570000        1.0000000000        1.0000000000      409.8417480810        0.0000000000        0.8869204367        0.1064304524        0.0000000000
       57.2448980000        1.0000000000        1.0000000000      157.4874178639        0.0000000000        0.8869204367        0.1064304524        0.0000000062
       57.3469390000        1.0000000000        1.0000000000       75.9627913422        0.0000000000        0.8869204367        0.1064304524        0.0001099445
       57.4489800000        1.0000000000        1.0000000000       49.7331970383        0.0000000000        0.8869204367        0.1064304524        0.0025593969
       57.5510200000        1.0000000000        1.0000000000       38.2223295906        0.0000000000        0.8869204367        0.1064304524        0.0101866265
       57.6530610000        1.0000000000        1.0000000000       31.6906465304        0.0000000000        0.8869204367        0.1064304524        0.0223064906
       57.7551020000        1.0000000000        1.0000000000       27.4795127495        0.0000000000        0.8869204367        0.1064304524        0.0369739551
       57.8571430000        1.0000000000        1.0000000000       24.5621888412        0.0000000000        0.8869204367        0.1064304524        0.0524726782
       57.9591840000        1.0000000000        1.0000000000       22.4392031828        0.0000000000        0.8869204367        0.1064304524        0.0676976114
       58.0612240000        1.0000000000        1.0000000000       20.8364422087        0.0000000000        0.8869204367        0.1064304524        0.0820543813
       58.1632650000        1.0000000000        1.0000000000       19.5917081241        0.0000000000        0.8869204367        0.1064304524        0.0952733667
       58.2653060000        1.0000000000        1.0000000000       18.6040737893        0.0000000000        0.8869204367        0.1064304524        0.1072611403
       58.3673470000        1.0000000000        1.0000000000       17.8092682074        0.0000000000        0.8869204367        0.1064304524        0.1179950995
       58.4693880000        1.0000000000        1.0000000000       17.1695726760        0.0000000000        0.8869204367        0.1064304524        0.1274095318
       58.5714290000        1.0000000000        1.0000000000       16.6878644664        0.0000000000        0.8869204367        0.1064304524        0.1349914635
       58.6734690000        1.0000000000        1.0000000000       16.5302187281        0.0000000000        0.8869204367        0.1064304524        0.1375694708
       58.7755100000        1.0000000000        1.0000000000       17.3995144511        0.0000000000        0.8869204367        0.1064304524        0.1239419790
       58.8775510000        1.0000000000        1.0000000000       20.4075920768        0.0000000000        0.8869204367        0.1064304524        0.0863876072
       58.9795920000        1.0000000000        1.0000000000       24.5281592329        0.0000000000        0.8869204367        0.1064304524        0.0526873912
       59.0816330000        1.0000000000        1.0000000000       25.4436790992        0.0000000000        0.8869204367        0.1064304524        0.0472056594
       59.1836730000        1.0000000000        1.0000000000       21.7519094054        0.0000000000        0.8869204367        0.1064304524        0.0735176968
       59.2857140000        1.0000000000        1.0000000000       17.4566803070        0.0000000000        0.8869204367        0.1064304524        0.1230946587
       59.3877550000        1.0000000000        1.0000000000       15.1950391768        0.0000000000        0.8869204367        0.1064304524        0.1614750397
       59.4897960000        1.0000000000        1.0000000000       14.3742556378        0.0000000000        0.8869204367        0.1064304524        0.1781889675
       59.5918370000        1.0000000000        1.0000000000       14.0327077187        0.0000000000        0.8869204367        0.1064304524        0.1856439056
       59.6938780000        1.0000000000        1.0000000000       13.8168556330        0.0000000000        0.8869204367        0.1064304524        0.1905153184
       59.7959180000        1.0000000000        1.0000000000       13.6465247011        0.0000000000        0.8869204367        0.1064304524        0.1944494661
       59.8979590000        1.0000000000        1.0000000000       13.5017455517        0.0000000000        0.8869204367        0.1064304524        0.1978572503
       60.0000000000        1.0000000000        1.0000000000       13.3746867524        0.0000000000        0.8869204367        0.1064304524        0.2008971064
