       55.0000000000        1.0000000000        1.0000000000       10.2471928654        0.0000000000        0.8869204367        0.1064304524        0.2923910548
       55.1020410000        1.0000000000        1.0000000000       10.4908373713        0.0000000000        0.8869204367        0.1064304524        0.2839660800
       55.2040820000        1.0000000000        1.0000000000       10.7836290267        0.0000000000        0.8869204367        0.1064304524        0.2741621709
       55.3061220000        1.0000000000        1.0000000000       11.1407173469        0.0000000000        0.8869204367        0.1064304524        0.2626623054
       55.4081630000        1.0000000000        1.0000000000       11.6000759397        0.0000000000        0.8869204367        0.1064304524        0.2485753866
       55.5102040000        1.0000000000        1.0000000000       12.2852335582        0.0000000000        0.8869204367        0.1064304524        0.2289554062
       55.6122450000        1.0000000000        1.0000000000       13.4332505720        0.0000000000        0.8869204367        0.1064304524        0.1994902196
       55.7142860000        1.0000000000        1.0000000000       14.9923186664        0.0000000000        0.8869204367        0.1064304524        0.1654513244
       55.8163270000        1.0000000000        1.0000000000       16.2258778342        0.0000000000        0.8869204367        0.1064304524        0.1426865033
       55.9183670000        1.0000000000        1.0000000000       16.7749246422        0.0000000000        0.8869204367        0.1064304524        0.1335885190
       56.0204080000        1.0000000000        1.0000000000       17.4341003167        0.0000000000        0.8869204367        0.1064304524        0.1234286481
       56.1224490000        1.0000000000        1.0000000000       18.8781531981        0.0000000000        0.8869204367        0.1064304524        0.1037907544
       56.2244900000        1.0000000000        1.0000000000       21.1584008499        0.0000000000        0.8869204367        0.1064304524        0.0789446660
       56.3265310000        1.0000000000        1.0000000000       24.3061055589        0.0000000000        0.8869204367        0.1064304524        0.0541101948
       56.4285710000        1.0000000000        1.0000000000       28.6017942103        0.0000000000        0.8869204367        0.1064304524        0.0323152732
       56.5306120000        1.0000000000        1.0000000000       34.6005471257        0.0000000000        0.8869204367        0.1064304524        0.0157318862
       56.6326530000        1.0000000000        1.0000000000       43.2771659092        0.0000000000        0.8869204367        0.1064304524        0.0055538722
       56.7346940000        1.0000000000        1.0000000000       56.4378201081        0.0000000000        0.8869204367        0.1064304524        0.0011447850
       56.8367350000        1.0000000000        1.0000000000       77.8125525772        0.0000000000        0.8869204367        0.1064304524        0.0000880588
       56.9387760000        1.0000000000        1.0000000000      116.6872521322        0.0000000000        0.8869204367        0.1064304524        0.0000008295
       57.0408160000        1.0000000000        1.0000000000      202.7723341951        0.0000000000        0.8869204367        0.1064304524        0.0000000000
       57.1428570000        1.0000000000        1.0000000000      441.1366750632        0.0000000000        0.8869204367        0.1064304524        0.0000000000
       57.2448980000        1.0000000000        1.0000000000     1106.2730004647        0.0000000000        0.8869204367        0.1064304524        0.0000000000
       57.3469390000        1.0000000000        1.0000000000     2452.3389191927        0.0000000000        0.8869204367        0.1064304524        0.0000000000
       57.4489800000        1.0000000000        1.0000000000     3901.8243146897        0.0000000000        0.8869204367        0.1064304524        0.0000000000
       57.5510200000        1.0000000000        1.0000000000     4078.1084353681        0.0000000000        0.8869204367        0.1064304524        0.0000000000
       57.6530610000        1.0000000000        1.0000000000     2802.3289961183        0.0000000000        0.8869204367        0.1064304524        0.0000000000
       57.7551020000        1.0000000000        1.0000000000     1383.7403439053        0.0000000000        0.8869204367        0.1064304524        0.0000000000
       57.8571430000        1.0000000000        1.0000000000      602.9113489760        0.0000000000        0.8869204367        0.1064304524        0.0000000000
       57.9591840000        1.0000000000        1.0000000000      300.6296350307        0.0000000000        0.8869204367        0.1064304524        0.0000000000
       58.0612240000        1.0000000000        1.0000000000      186.2609970593        0.0000000000        0.8869204367        0.1064304524        0.0000000002
       58.1632650000        1.0000000000        1.0000000000      132.9305617561        0.0000000000        0.8869204367        0.1064304524        0.0000001181
       58.2653060000        1.0000000000        1.0000000000      102.5515485641        0.0000000000        0.8869204367        0.1064304524        0.0000045237
       58.3673470000        1.0000000000        1.0000000000       83.0914288175        0.0000000000        0.8869204367        0.1064304524        0.0000467371
       58.4693880000        1.0000000000        1.0000000000       69.7184425869        0.0000000000        0.8869204367        0.1064304524        0.0002325947
       58.5714290000        1.0000000000        1.0000000000       60.1012111537        0.0000000000        0.8869204367        0.1064304524        0.0007375731
       58.6734690000        1.0000000000        1.0000000000       53.1264085968        0.0000000000        0.8869204367        0.1064304524        0.0017033319
       58.7755100000        1.0000000000        1.0000000000       48.7433481193        0.0000000000        0.8869204367        0.1064304524        0.0028821989
       58.8775510000        1.0000000000        1.0000000000       47.6312231942        0.0000000000        0.8869204367        0.1064304524        0.0032936899
       58.9795920000        1.0000000000        1.0000000000       48.5458647837        0.0000000000        0.8869204367        0.1064304524        0.0029513170
       59.0816330000        1.0000000000        1.0000000000       46.9665013157        0.0000000000        0.8869204367        0.1064304524        0.0035671791
       59.1836730000        1.0000000000        1.0000000000       41.1977932852        0.0000000000        0.8869204367        0.1064304524        0.0071279244
       59.2857140000        1.0000000000        1.0000000000       35.0607407522        0.0000000000        0.8869204367        0.1064304524        0.0148866731
       59.3877550000        1.0000000000        1.0000000000       31.1839078492        0.0000000000        0.8869204367        0.1064304524        0.0237050081
       59.4897960000        1.0000000000        1.0000000000       28.9798666257        0.0000000000        0.8869204367        0.1064304524        0.0308819319
       59.5918370000        1.0000000000        1.0000000000       27.4530768116        0.0000000000        0.8869204367        0.1064304524        0.0370914343
       59.6938780000        1.0000000000        1.0000000000       26.2109580715        0.0000000000        0.8869204367        0.1064304524        0.0430533615
       59.7959180000        1.0000000000        1.0000000000       25.1434758738        0.0000000000        0.8869204367        0.1064304524        0.0489372162
       59.8979590000        1.0000000000        1.0000000000       24.2083685639        0.0000000000        0.8869204367        0.1064304524        0.0547485591
       60.0000000000        1.0000000000        1.0000000000       23.3805595381        0.0000000000        0.8869204367        0.1064304524        0.0604664179
