       55.0000000000        1.0000000000        1.0000000000        9.8120572731        0.0000000000        0.8869204367        0.1064304524        0.3080642627
       55.1020410000        1.0000000000        1.0000000000        9.9380392496        0.0000000000        0.8869204367        0.1064304524        0.3034420245
       55.2040820000        1.0000000000        1.0000000000       10.0918255809        0.0000000000        0.8869204367        0.1064304524        0.2978935504
       55.3061220000        1.0000000000        1.0000000000       10.2836254947        0.0000000000        0.8869204367        0.1064304524        0.2911155361
       55.4081630000        1.0000000000        1.0000000000       10.5449270877        0.0000000000        0.8869204367        0.1064304524        0.2821288915
       55.5102040000        1.0000000000        1.0000000000       10.9909192580        0.0000000000        0.8869204367        0.1064304524        0.2674265550
       55.6122450000        1.0000000000        1.0000000000       11.8493124780        0.0000000000        0.8869204367        0.1064304524        0.2412509750
       55.7142860000        1.0000000000        1.0000000000       13.0583549743        0.0000000000        0.8869204367        0.1064304524        0.2086697131
       55.8163270000        1.0000000000        1.0000000000       13.8631380141        0.0000000000        0.8869204367        0.1064304524        0.1894601510
       55.9183670000        1.0000000000        1.0000000000       13.8702985365        0.0000000000        0.8869204367        0.1064304524        0.1892974249
       56.0204080000        1.0000000000        1.0000000000       13.8314697148        0.0000000000        0.8869204367        0.1064304524        0.1901815064
       56.1224490000        1.0000000000        1.0000000000       14.3690927924        0.0000000000        0.8869204367        0.1064304524        0.1782993972
       56.2244900000        1.0000000000        1.0000000000       15.4553394565        0.0000000000        0.8869204367        0.1064304524        0.1565091609
       56.3265310000        1.0000000000        1.0000000000       16.9942231083        0.0000000000        0.8869204367        0.1064304524        0.1301188815
       56.4285710000        1.0000000000        1.0000000000       19.0609499107        0.0000000000        0.8869204367        0.1064304524        0.1015388303
       56.5306120000        1.0000000000        1.0000000000       21.8650632089        0.0000000000        0.8869204367        0.1064304524        0.0725261868
       56.6326530000        1.0000000000        1.0000000000       25.7636678610        0.0000000000        0.8869204367        0.1064304524        0.0454273858
       56.7346940000        1.0000000000        1.0000000000       31.3656295715        0.0000000000        0.8869204367        0.1064304524        0.0231936777
       56.8367350000        1.0000000000        1.0000000000       39.7757706969        0.0000000000        0.8869204367        0.1064304524        0.0084541952
       56.9387760000        1.0000000000        1.0000000000       53.2074008313        0.0000000000        0.8869204367        0.1064304524        0.0016868572
       57.0408160000        1.0000000000        1.0000000000       76.9021990278        0.0000000000        0.8869204367        0.1064304524        0.0000982236
       57.1428570000        1.0000000000        1.0000000000      126.9381924511        0.0000000000        0.8869204367        0.1064304524        0.0000002424
       57.2448980000        1.0000000000        1.0000000000      263.2419479969        0.0000000000        0.8869204367        0.1064304524        0.0000000000
       57.3469390000        1.0000000000        1.0000000000      674.0229096980        0.0000000000        0.8869204367        0.1064304524        0.0000000000
       57.4489800000        1.0000000000        1.0000000000     1645.6968611517        0.0000000000        0.8869204367        0.1064304524        0.0000000000
       57.5510200000        1.0000000000        1.0000000000     2974.7409350932        0.0000000000        0.8869204367        0.1064304524        0.0000000000
       57.6530610000        1.0000000000        1.0000000000     3529.9348171514        0.0000000000        0.8869204367        0.1064304524        0.0000000000
       57.7551020000        1.0000000000        1.0000000000     2693.4810576071        0.0000000000        0.8869204367        0.1064304524        0.0000000000
       57.8571430000        1.0000000000        1.0000000000     1405.0059878667        0.0000000000        0.8869204367        0.1064304524        0.0000000000
       57.9591840000        1.0000000000        1.0000000000      596.5896052982        0.0000000000        0.8869204367        0.1064304524        0.0000000000
       58.0612240000        1.0000000000        1.0000000000      274.4296103039        0.0000000000        0.8869204367        0.1064304524        0.0000000000
       58.1632650000        1.0000000000        1.0000000000      160.5456290479        0.0000000000        0.8869204367        0.1064304524        0.0000000043
       58.2653060000        1.0000000000        1.0000000000      111.9905933909        0.0000000000        0.8869204367        0.1064304524        0.0000014574
       58.3673470000        1.0000000000        1.0000000000       85.7110236734        0.0000000000        0.8869204367        0.1064304524        0.0000341304
       58.4693880000        1.0000000000        1.0000000000       69.3168455028        0.0000000000        0.8869204367        0.1064304524        0.0002440783
       58.5714290000        1.0000000000        1.0000000000       58.2693081206        0.0000000000        0.8869204367        0.1064304524        0.0009189150
       58.6734690000        1.0000000000        1.0000000000       50.6199449581        0.0000000000        0.8869204367        0.1064304524        0.0023010416
       58.7755100000        1.0000000000        1.0000000000       45.9472082624        0.0000000000        0.8869204367        0.1064304524        0.0040313056
       58.8775510000        1.0000000000        1.0000000000       44.7449617476        0.0000000000        0.8869204367        0.1064304524        0.0046569460
       58.9795920000        1.0000000000        1.0000000000       45.6637230633        0.0000000000        0.8869204367        0.1064304524        0.0041708027
       59.0816330000        1.0000000000        1.0000000000       44.1311052659        0.0000000000        0.8869204367        0.1064304524        0.0050129404
       59.1836730000        1.0000000000        1.0000000000       38.4444911147        0.0000000000        0.8869204367        0.1064304524        0.0099186453
       59.2857140000        1.0000000000        1.0000000000       32.4204717378        0.0000000000        0.8869204367        0.1064304524        0.0204360126
       59.3877550000        1.0000000000        1.0000000000       28.6692982738        0.0000000000        0.8869204367        0.1064304524        0.0320545611
       59.4897960000        1.0000000000        1.0000000000       26.5896916560        0.0000000000        0.8869204367        0.1064304524        0.0411404688
       59.5918370000        1.0000000000        1.0000000000       25.1818399420        0.0000000000        0.8869204367        0.1064304524        0.0487124423
       59.6938780000        1.0000000000        1.0000000000       24.0523917846        0.0000000000        0.8869204367        0.1064304524        0.0557829499
       59.7959180000        1.0000000000        1.0000000000       23.0911121679        0.0000000000        0.8869204367        0.1064304524        0.0626035395
       59.8979590000        1.0000000000        1.0000000000       22.2557364711        0.0000000000        0.8869204367        0.1064304524        0.0692045701
       60.0000000000        1.0000000000        1.0000000000       21.5213464491        0.0000000000        0.8869204367        0.1064304524        0.0755801517
