       55.0000000000        1.0000000000        1.0000000000       10.0870743620        0.0000000000        0.8869204367        0.1064304524        0.2980634417
       55.1020410000        1.0000000000        1.0000000000       10.2136814455        0.0000000000        0.8869204367        0.1064304524        0.2935692349
       55.2040820000        1.0000000000        1.0000000000       10.3727245371        0.0000000000        0.8869204367        0.1064304524        0.2880195427
       55.3061220000        1.0000000000        1.0000000000       10.5767021813        0.0000000000        0.8869204367        0.1064304524        0.2810551792
       55.4081630000        1.0000000000        1.0000000000       10.8603965987        0.0000000000        0.8869204367        0.1064304524        0.2716481566
       55.5102040000        1.0000000000        1.0000000000       11.3438886123        0.0000000000        0.8869204367        0.1064304524        0.2563358876
       55.6122450000        1.0000000000        1.0000000000       12.2628604011        0.0000000000        0.8869204367        0.1064304524        0.2295709268
       55.7142860000        1.0000000000        1.0000000000       13.5685130727        0.0000000000        0.8869204367        0.1064304524        0.1962783314
       55.8163270000        1.0000000000        1.0000000000       14.5236855455        0.0000000000        0.8869204367        0.1064304524        0.1750222333
       55.9183670000        1.0000000000        1.0000000000       14.7587671830        0.0000000000        0.8869204367        0.1064304524        0.1701538822
       56.0204080000        1.0000000000        1.0000000000       15.0666129316        0.0000000000        0.8869204367        0.1064304524        0.1639828300
       56.1224490000        1.0000000000        1.0000000000       16.1436030906        0.0000000000        0.8869204367        0.1064304524        0.1441022199
       56.2244900000        1.0000000000        1.0000000000       18.0874426274        0.0000000000        0.8869204367        0.1064304524        0.1141213281
       56.3265310000        1.0000000000        1.0000000000       21.0273482117        0.0000000000        0.8869204367        0.1064304524        0.0801959884
       56.4285710000        1.0000000000        1.0000000000       25.4717360674        0.0000000000        0.8869204367        0.1064304524        0.0470469929
       56.5306120000        1.0000000000        1.0000000000       32.5409953613        0.0000000000        0.8869204367        0.1064304524        0.0201425770
       56.6326530000        1.0000000000        1.0000000000       44.8230752666        0.0000000000        0.8869204367        0.1064304524        0.0046134975
       56.7346940000        1.0000000000        1.0000000000       70.1716167445        0.0000000000        0.8869204367        0.1064304524        0.0002202838
       56.8367350000        1.0000000000        1.0000000000      140.0732843525        0.0000000000        0.8869204367        0.1064304524        0.0000000501
       56.9387760000        1.0000000000        1.0000000000      369.2756366899        0.0000000000        0.8869204367        0.1064304524        0.0000000000
       57.0408160000        1.0000000000        1.0000000000      983.8573568580        0.0000000000        0.8869204367        0.1064304524        0.0000000000
       57.1428570000        1.0000000000        1.0000000000     1955.6659960905        0.0000000000        0.8869204367        0.1064304524        0.0000000000
       57.2448980000        1.0000000000        1.0000000000     2521.9130577942        0.0000000000        0.8869204367        0.1064304524        0.0000000000
       57.3469390000        1.0000000000        1.0000000000     2040.1208071534        0.0000000000        0.8869204367        0.1064304524        0.0000000000
       57.4489800000        1.0000000000        1.0000000000     1085.8453772659        0.0000000000        0.8869204367        0.1064304524        0.0000000000
       57.5510200000        1.0000000000        1.0000000000      446.2253994996        0.0000000000        0.8869204367        0.1064304524        0.0000000000
       57.6530610000        1.0000000000        1.0000000000      192.7257103563        0.0000000000        0.8869204367        0.1064304524        0.0000000001
       57.7551020000        1.0000000000        1.0000000000      109.0608455925        0.0000000000        0.8869204367        0.1064304524        0.0000020714
       57.8571430000        1.0000000000        1.0000000000       75.9972504808        0.0000000000        0.8869204367        0.1064304524        0.0001094908
       57.9591840000        1.0000000000        1.0000000000       58.7461354056        0.0000000000        0.8869204367        0.1064304524        0.0008678113
       58.0612240000        1.0000000000        1.0000000000       48.1362658966        0.0000000000        0.8869204367        0.1064304524        0.0031000039
       58.1632650000        1.0000000000        1.0000000000       41.0142624547        0.0000000000        0.8869204367        0.1064304524        0.0072866491
       58.2653060000        1.0000000000        1.0000000000       35.9547622691        0.0000000000        0.8869204367        0.1064304524        0.0133722787
       58.3673470000        1.0000000000        1.0000000000       32.2105155195        0.0000000000        0.8869204367        0.1064304524        0.0209574338
       58.4693880000        1.0000000000        1.0000000000       29.3583386089        0.0000000000        0.8869204367        0.1064304524        0.0295107512
       58.5714290000        1.0000000000        1.0000000000       27.1684261900        0.0000000000        0.8869204367        0.1064304524        0.0383802934
       58.6734690000        1.0000000000        1.0000000000       25.6580774361        0.0000000000        0.8869204367        0.1064304524        0.0460066516
       58.7755100000        1.0000000000        1.0000000000       25.4322828821        0.0000000000        0.8869204367        0.1064304524        0.0472702594
       58.8775510000        1.0000000000        1.0000000000       27.5482691766        0.0000000000        0.8869204367        0.1064304524        0.0366701465
       58.9795920000        1.0000000000        1.0000000000       30.9613011229        0.0000000000        0.8869204367        0.1064304524        0.0243467688
       59.0816330000        1.0000000000        1.0000000000       31.3209274110        0.0000000000        0.8869204367        0.1064304524        0.0233184289
       59.1836730000        1.0000000000        1.0000000000       27.1516513804        0.0000000000        0.8869204367        0.1064304524        0.0384576299
       59.2857140000        1.0000000000        1.0000000000       22.4135740649        0.0000000000        0.8869204367        0.1064304524        0.0679061355
       59.3877550000        1.0000000000        1.0000000000       19.7518660524        0.0000000000        0.8869204367        0.1064304524        0.0934597958
       59.4897960000        1.0000000000        1.0000000000       18.5828308084        0.0000000000        0.8869204367        0.1064304524        0.1075349146
       59.5918370000        1.0000000000        1.0000000000       17.9390815934        0.0000000000        0.8869204367        0.1064304524        0.1161712607
       59.6938780000        1.0000000000        1.0000000000       17.4583336328        0.0000000000        0.8869204367        0.1064304524        0.1230702392
       59.7959180000        1.0000000000        1.0000000000       17.0536906182        0.0000000000        0.8869204367        0.1064304524        0.1291936453
       59.8979590000        1.0000000000        1.0000000000       16.7002092012        0.0000000000        0.8869204367        0.1064304524        0.1347916395
       60.0000000000        1.0000000000        1.0000000000       16.3861979779        0.0000000000        0.8869204367        0.1064304524        0.1399676776
