       55.0000000000        1.0000000000        1.0000000000       11.1976800227        0.0000000000        0.8869204367        0.1064304524        0.2608729941
       55.1020410000        1.0000000000        1.0000000000       11.6267675904        0.0000000000        0.8869204367        0.1064304524        0.2477804739
       55.2040820000        1.0000000000        1.0000000000       12.1562311241        0.0000000000        0.8869204367        0.1064304524        0.2325272783
       55.3061220000        1.0000000000        1.0000000000       12.8182994935        0.0000000000        0.8869204367        0.1064304524        0.2147682070
       55.4081630000        1.0000000000        1.0000000000       13.6750743293        0.0000000000        0.8869204367        0.1064304524        0.1937844307
       55.5102040000        1.0000000000        1.0000000000       14.8844884000        0.0000000000        0.8869204367        0.1064304524        0.1676061147
       55.6122450000        1.0000000000        1.0000000000       16.7324458271        0.0000000000        0.8869204367        0.1064304524        0.1342712194
       55.7142860000        1.0000000000        1.0000000000       19.2380499001        0.0000000000        0.8869204367        0.1064304524        0.0994036955
       55.8163270000        1.0000000000        1.0000000000       21.7793545885        0.0000000000        0.8869204367        0.1064304524        0.0732759703
       55.9183670000        1.0000000000        1.0000000000       24.1868788156        0.0000000000        0.8869204367        0.1064304524        0.0548899253
       56.0204080000        1.0000000000        1.0000000000       27.5640144705        0.0000000000        0.8869204367        0.1064304524        0.0366009261
       56.1224490000        1.0000000000        1.0000000000       33.1192361285        0.0000000000        0.8869204367        0.1064304524        0.0187922950
       56.2244900000        1.0000000000        1.0000000000       41.8932238446        0.0000000000        0.8869204367        0.1064304524        0.0065572310
       56.3265310000        1.0000000000        1.0000000000       55.9421767100        0.0000000000        0.8869204367        0.1064304524        0.0012149392
       56.4285710000        1.0000000000        1.0000000000       80.3553551634        0.0000000000        0.8869204367        0.1064304524        0.0000649013
       56.5306120000        1.0000000000        1.0000000000      130.5198572484        0.0000000000        0.8869204367        0.1064304524        0.0000001577
       56.6326530000        1.0000000000        1.0000000000      263.9550922670        0.0000000000        0.8869204367        0.1064304524        0.0000000000
       56.7346940000        1.0000000000        1.0000000000      668.0884994347        0.0000000000        0.8869204367        0.1064304524        0.0000000000
       56.8367350000        1.0000000000        1.0000000000     1656.8928123060        0.0000000000        0.8869204367        0.1064304524        0.0000000000
       56.9387760000        1.0000000000        1.0000000000     3080.6640808324        0.0000000000        0.8869204367        0.1064304524        0.0000000000
       57.0408160000        1.0000000000        1.0000000000     3778.3706130373        0.0000000000        0.8869204367        0.1064304524        0.0000000000
       57.1428570000        1.0000000000        1.0000000000     2972.1186116177        0.0000000000        0.8869204367        0.1064304524        0.0000000000
       57.2448980000        1.0000000000        1.0000000000     1585.3697492606        0.0000000000        0.8869204367        0.1064304524        0.0000000000
       57.3469390000        1.0000000000        1.0000000000      677.8588580680        0.0000000000        0.8869204367        0.1064304524        0.0000000000
       57.4489800000        1.0000000000        1.0000000000      308.5713778230        0.0000000000        0.8869204367        0.1064304524        0.0000000000
       57.5510200000        1.0000000000        1.0000000000      177.9457954944        0.0000000000        0.8869204367        0.1064304524        0.0000000005
       57.6530610000        1.0000000000        1.0000000000      122.8945615768        0.0000000000        0.8869204367        0.1064304524        0.0000003938
       57.7551020000        1.0000000000        1.0000000000       93.3835486286        0.0000000000        0.8869204367        0.1064304524        0.0000135920
       57.8571430000        1.0000000000        1.0000000000       75.0701613789        0.0000000000        0.8869204367        0.1064304524        0.0001223751
       57.9591840000        1.0000000000        1.0000000000       62.7273526413        0.0000000000        0.8869204367        0.1064304524        0.0005381989
       58.0612240000        1.0000000000        1.0000000000       53.9371038572        0.0000000000        0.8869204367        0.1064304524        0.0015454310
       58.1632650000        1.0000000000        1.0000000000       47.4158937138        0.0000000000        0.8869204367        0.1064304524        0.0033799065
       58.2653060000        1.0000000000        1.0000000000       42.4228271107        0.0000000000        0.8869204367        0.1064304524        0.0061534692
       58.3673470000        1.0000000000        1.0000000000       38.5039998741        0.0000000000        0.8869204367        0.1064304524        0.0098480680
       58.4693880000        1.0000000000        1.0000000000       35.3719764023        0.0000000000        0.8869204367        0.1064304524        0.0143409361
       58.5714290000        1.0000000000        1.0000000000       32.8620866876        0.0000000000        0.8869204367        0.1064304524        0.0193812262
       58.6734690000        1.0000000000        1.0000000000       31.0225266170        0.0000000000        0.8869204367        0.1064304524        0.0241685472
       58.7755100000        1.0000000000        1.0000000000       30.4732356003        0.0000000000        0.8869204367        0.1064304524        0.0258152914
       58.8775510000        1.0000000000        1.0000000000       32.2871974842        0.0000000000        0.8869204367        0.1064304524        0.0207654714
       58.9795920000        1.0000000000        1.0000000000       35.4434513280        0.0000000000        0.8869204367        0.1064304524        0.0142184600
       59.0816330000        1.0000000000        1.0000000000       35.5929069236        0.0000000000        0.8869204367        0.1064304524        0.0139657297
       59.1836730000        1.0000000000        1.0000000000       31.2230220723        0.0000000000        0.8869204367        0.1064304524        0.0235940044
       59.2857140000        1.0000000000        1.0000000000       26.2733678327        0.0000000000        0.8869204367        0.1064304524        0.0427321318
       59.3877550000        1.0000000000        1.0000000000       23.4040448945        0.0000000000        0.8869204367        0.1064304524        0.0602962487
       59.4897960000        1.0000000000        1.0000000000       22.0447440718        0.0000000000        0.8869204367        0.1064304524        0.0709791371
       59.5918370000        1.0000000000        1.0000000000       21.2287288808        0.0000000000        0.8869204367        0.1064304524        0.0782812267
       59.6938780000        1.0000000000        1.0000000000       20.5908651159        0.0000000000        0.8869204367        0.1064304524        0.0845084446
       59.7959180000        1.0000000000        1.0000000000       20.0420136183        0.0000000000        0.8869204367        0.1064304524        0.0902617376
       59.8979590000        1.0000000000        1.0000000000       19.5556385844        0.0000000000        0.8869204367        0.1064304524        0.0956866365
       60.0000000000        1.0000000000        1.0000000000       19.1188021904        0.0000000000        0.8869204367        0.1064304524        0.1008363611
