       55.0000000000        1.0000000000        1.0000000000       13.3143778165        0.0000000000        0.8869204367        0.1064304524        0.2023562870
       55.1020410000        1.0000000000        1.0000000000       14.1406981651        0.0000000000        0.8869204367        0.1064304524        0.1832536941
       55.2040820000        1.0000000000        1.0000000000       15.1473962128        0.0000000000        0.8869204367        0.1064304524        0.1624008617
       55.3061220000        1.0000000000        1.0000000000       16.3882487209        0.0000000000        0.8869204367        0.1064304524        0.1399332373
       55.4081630000        1.0000000000        1.0000000000       17.9546960658        0.0000000000        0.8869204367        0.1064304524        0.1159537902
       55.5102040000        1.0000000000        1.0000000000       20.0446851121        0.0000000000        0.8869204367        0.1064304524        0.0902328062
       55.6122450000        1.0000000000        1.0000000000       22.9967840278        0.0000000000        0.8869204367        0.1064304524        0.0633161984
       55.7142860000        1.0000000000        1.0000000000       26.9007950436        0.0000000000        0.8869204367        0.1064304524        0.0396329116
       55.8163270000        1.0000000000        1.0000000000       31.2512765816        0.0000000000        0.8869204367        0.1064304524        0.0235141435
       55.9183670000        1.0000000000        1.0000000000       36.0750241747        0.0000000000        0.8869204367        0.1064304524        0.0131806834
       56.0204080000        1.0000000000        1.0000000000       42.7742599739        0.0000000000        0.8869204367        0.1064304524        0.0058993612
       56.1224490000        1.0000000000        1.0000000000       53.0408227225        0.0000000000        0.8869204367        0.1064304524        0.0017209157
       56.2244900000        1.0000000000        1.0000000000       68.7868942244        0.0000000000        0.8869204367        0.1064304524        0.0002601044
       56.3265310000        1.0000000000        1.0000000000       93.8284526873        0.0000000000        0.8869204367        0.1064304524        0.0000128854
       56.4285710000        1.0000000000        1.0000000000      137.3762235094        0.0000000000        0.8869204367        0.1064304524        0.0000000693
       56.5306120000        1.0000000000        1.0000000000      226.2475208709        0.0000000000        0.8869204367        0.1064304524        0.0000000000
       56.6326530000        1.0000000000        1.0000000000      451.3212332568        0.0000000000        0.8869204367        0.1064304524        0.0000000000
       56.7346940000        1.0000000000        1.0000000000     1072.9104143753        0.0000000000        0.8869204367        0.1064304524        0.0000000000
       56.8367350000        1.0000000000        1.0000000000     2451.7288901487        0.0000000000        0.8869204367        0.1064304524        0.0000000000
       56.9387760000        1.0000000000        1.0000000000     4270.7172148795        0.0000000000        0.8869204367        0.1064304524        0.0000000000
       57.0408160000        1.0000000000        1.0000000000     5021.8906185503        0.0000000000        0.8869204367        0.1064304524        0.0000000000
       57.1428570000        1.0000000000        1.0000000000     3895.7683061987        0.0000000000        0.8869204367        0.1064304524        0.0000000000
       57.2448980000        1.0000000000        1.0000000000     2120.2311409708        0.0000000000        0.8869204367        0.1064304524        0.0000000000
       57.3469390000        1.0000000000        1.0000000000      956.7855150006        0.0000000000        0.8869204367        0.1064304524        0.0000000000
       57.4489800000        1.0000000000        1.0000000000      460.5653057937        0.0000000000        0.8869204367        0.1064304524        0.0000000000
       57.5510200000        1.0000000000        1.0000000000      271.3379315278        0.0000000000        0.8869204367        0.1064304524        0.0000000000
       57.6530610000        1.0000000000        1.0000000000      186.9611575028        0.0000000000        0.8869204367        0.1064304524        0.0000000002
       57.7551020000        1.0000000000        1.0000000000      140.7255777615        0.0000000000        0.8869204367        0.1064304524        0.0000000463
       57.8571430000        1.0000000000        1.0000000000      111.8236953171        0.0000000000        0.8869204367        0.1064304524        0.0000014869
       57.9591840000        1.0000000000        1.0000000000       92.2839545656        0.0000000000        0.8869204367        0.1064304524        0.0000155092
       58.0612240000        1.0000000000        1.0000000000       78.3480175837        0.0000000000        0.8869204367        0.1064304524        0.0000825784
       58.1632650000        1.0000000000        1.0000000000       68.0033073815        0.0000000000        0.8869204367        0.1064304524        0.0002857490
       58.2653060000        1.0000000000        1.0000000000       60.0812914480        0.0000000000        0.8869204367        0.1064304524        0.0007393383
       58.3673470000        1.0000000000        1.0000000000       53.8622147701        0.0000000000        0.8869204367        0.1064304524        0.0015593819
       58.4693880000        1.0000000000        1.0000000000       48.8854622010        0.0000000000        0.8869204367        0.1064304524        0.0028334635
       58.5714290000        1.0000000000        1.0000000000       44.8687223856        0.0000000000        0.8869204367        0.1064304524        0.0045882954
       58.6734690000        1.0000000000        1.0000000000       41.7767426404        0.0000000000        0.8869204367        0.1064304524        0.0066495299
       58.7755100000        1.0000000000        1.0000000000       40.1700209898        0.0000000000        0.8869204367        0.1064304524        0.0080635408
       58.8775510000        1.0000000000        1.0000000000       41.0908251200        0.0000000000        0.8869204367        0.1064304524        0.0072200095
       58.9795920000        1.0000000000        1.0000000000       43.5162457785        0.0000000000        0.8869204367        0.1064304524        0.0053967978
       59.0816330000        1.0000000000        1.0000000000       43.0748638784        0.0000000000        0.8869204367        0.1064304524        0.0056903492
       59.1836730000        1.0000000000        1.0000000000       38.1845387370        0.0000000000        0.8869204367        0.1064304524        0.0102329267
       59.2857140000        1.0000000000        1.0000000000       32.7425046367        0.0000000000        0.8869204367        0.1064304524        0.0196613489
       59.3877550000        1.0000000000        1.0000000000       29.4200514256        0.0000000000        0.8869204367        0.1064304524        0.0292930155
       59.4897960000        1.0000000000        1.0000000000       27.6588116565        0.0000000000        0.8869204367        0.1064304524        0.0361869255
       59.5918370000        1.0000000000        1.0000000000       26.4877583124        0.0000000000        0.8869204367        0.1064304524        0.0416467894
       59.6938780000        1.0000000000        1.0000000000       25.5336669795        0.0000000000        0.8869204367        0.1064304524        0.0466986493
       59.7959180000        1.0000000000        1.0000000000       24.7010331829        0.0000000000        0.8869204367        0.1064304524        0.0516056569
       59.8979590000        1.0000000000        1.0000000000       23.9585481029        0.0000000000        0.8869204367        0.1064304524        0.0564146855
       60.0000000000        1.0000000000        1.0000000000       23.2895105047        0.0000000000        0.8869204367        0.1064304524        0.0611306892
