       55.0000000000        1.0000000000        1.0000000000       10.9133417557        0.0000000000        0.8869204367        0.1064304524        0.2699277332
       55.1020410000        1.0000000000        1.0000000000       11.2684150925        0.0000000000        0.8869204367        0.1064304524        0.2586680211
       55.2040820000        1.0000000000        1.0000000000       11.6999163754        0.0000000000        0.8869204367        0.1064304524        0.2456150110
       55.3061220000        1.0000000000        1.0000000000       12.2312196563        0.0000000000        0.8869204367        0.1064304524        0.2304442391
       55.4081630000        1.0000000000        1.0000000000       12.9116148224        0.0000000000        0.8869204367        0.1064304524        0.2123766821
       55.5102040000        1.0000000000        1.0000000000       13.8802643490        0.0000000000        0.8869204367        0.1064304524        0.1890711798
       55.6122450000        1.0000000000        1.0000000000       15.3954242355        0.0000000000        0.8869204367        0.1064304524        0.1576384896
       55.7142860000        1.0000000000        1.0000000000       17.4344646897        0.0000000000        0.8869204367        0.1064304524        0.1234232513
       55.8163270000        1.0000000000        1.0000000000       19.3068749469        0.0000000000        0.8869204367        0.1064304524        0.0985861007
       55.9183670000        1.0000000000        1.0000000000       20.7277260286        0.0000000000        0.8869204367        0.1064304524        0.0831318711
       56.0204080000        1.0000000000        1.0000000000       22.6037283150        0.0000000000        0.8869204367        0.1064304524        0.0663741638
       56.1224490000        1.0000000000        1.0000000000       25.7863922852        0.0000000000        0.8869204367        0.1064304524        0.0453036773
       56.2244900000        1.0000000000        1.0000000000       30.6244135792        0.0000000000        0.8869204367        0.1064304524        0.0253511894
       56.3265310000        1.0000000000        1.0000000000       37.6827490669        0.0000000000        0.8869204367        0.1064304524        0.0108680293
       56.4285710000        1.0000000000        1.0000000000       48.2619940288        0.0000000000        0.8869204367        0.1064304524        0.0030535840
       56.5306120000        1.0000000000        1.0000000000       65.0755721704        0.0000000000        0.8869204367        0.1064304524        0.0004060360
       56.6326530000        1.0000000000        1.0000000000       94.4972029215        0.0000000000        0.8869204367        0.1064304524        0.0000118918
       56.7346940000        1.0000000000        1.0000000000      155.5462818601        0.0000000000        0.8869204367        0.1064304524        0.0000000078
       56.8367350000        1.0000000000        1.0000000000      316.5726771459        0.0000000000        0.8869204367        0.1064304524        0.0000000000
       56.9387760000        1.0000000000        1.0000000000      786.9732364947        0.0000000000        0.8869204367        0.1064304524        0.0000000000
       57.0408160000        1.0000000000        1.0000000000     1882.3126720473        0.0000000000        0.8869204367        0.1064304524        0.0000000000
       57.1428570000        1.0000000000        1.0000000000     3379.5504635984        0.0000000000        0.8869204367        0.1064304524        0.0000000000
       57.2448980000        1.0000000000        1.0000000000     4024.5084744175        0.0000000000        0.8869204367        0.1064304524        0.0000000000
       57.3469390000        1.0000000000        1.0000000000     3106.3909264596        0.0000000000        0.8869204367        0.1064304524        0.0000000000
       57.4489800000        1.0000000000        1.0000000000     1650.9810796243        0.0000000000        0.8869204367        0.1064304524        0.0000000000
       57.5510200000        1.0000000000        1.0000000000      716.9955818768        0.0000000000        0.8869204367        0.1064304524        0.0000000000
       57.6530610000        1.0000000000        1.0000000000      334.5123639176        0.0000000000        0.8869204367        0.1064304524        0.0000000000
       57.7551020000        1.0000000000        1.0000000000      195.5833955315        0.0000000000        0.8869204367        0.1064304524        0.0000000001
       57.8571430000        1.0000000000        1.0000000000      135.4974341447        0.0000000000        0.8869204367        0.1064304524        0.0000000868
       57.9591840000        1.0000000000        1.0000000000      102.8868297185        0.0000000000        0.8869204367        0.1064304524        0.0000043453
       58.0612240000        1.0000000000        1.0000000000       82.5436923558        0.0000000000        0.8869204367        0.1064304524        0.0000499123
       58.1632650000        1.0000000000        1.0000000000       68.7933534485        0.0000000000        0.8869204367        0.1064304524        0.0002599029
       58.2653060000        1.0000000000        1.0000000000       58.9839138484        0.0000000000        0.8869204367        0.1064304524        0.0008433996
       58.3673470000        1.0000000000        1.0000000000       51.7014141546        0.0000000000        0.8869204367        0.1064304524        0.0020209861
       58.4693880000        1.0000000000        1.0000000000       46.1311235413        0.0000000000        0.8869204367        0.1064304524        0.0039433099
       58.5714290000        1.0000000000        1.0000000000       41.7989040405        0.0000000000        0.8869204367        0.1064304524        0.0066318699
       58.6734690000        1.0000000000        1.0000000000       38.5611339766        0.0000000000        0.8869204367        0.1064304524        0.0097807797
       58.7755100000        1.0000000000        1.0000000000       36.9143156036        0.0000000000        0.8869204367        0.1064304524        0.0119178516
       58.8775510000        1.0000000000        1.0000000000       37.8556911711        0.0000000000        0.8869204367        0.1064304524        0.0106448088
       58.9795920000        1.0000000000        1.0000000000       40.3235001942        0.0000000000        0.8869204367        0.1064304524        0.0079163897
       59.0816330000        1.0000000000        1.0000000000       39.9297904704        0.0000000000        0.8869204367        0.1064304524        0.0082993768
       59.1836730000        1.0000000000        1.0000000000       35.1072565165        0.0000000000        0.8869204367        0.1064304524        0.0148038088
       59.2857140000        1.0000000000        1.0000000000       29.7602330238        0.0000000000        0.8869204367        0.1064304524        0.0281213006
       59.3877550000        1.0000000000        1.0000000000       26.5448176836        0.0000000000        0.8869204367        0.1064304524        0.0413626027
       59.4897960000        1.0000000000        1.0000000000       24.8897147152        0.0000000000        0.8869204367        0.1064304524        0.0504503414
       59.5918370000        1.0000000000        1.0000000000       23.8206474949        0.0000000000        0.8869204367        0.1064304524        0.0573560069
       59.6938780000        1.0000000000        1.0000000000       22.9642985779        0.0000000000        0.8869204367        0.1064304524        0.0635635028
       59.7959180000        1.0000000000        1.0000000000       22.2251898727        0.0000000000        0.8869204367        0.1064304524        0.0694587113
       59.8979590000        1.0000000000        1.0000000000       21.5719723782        0.0000000000        0.8869204367        0.1064304524        0.0751223858
       60.0000000000        1.0000000000        1.0000000000       20.9879434619        0.0000000000        0.8869204367        0.1064304524        0.0805760987
