       55.0000000000        1.0000000000        1.0000000000       14.2306022125        0.0000000000        0.8869204367        0.1064304524        0.1812872905
       55.1020410000        1.0000000000        1.0000000000       15.4331348990        0.0000000000        0.8869204367        0.1064304524        0.1569267430
       55.2040820000        1.0000000000        1.0000000000       16.9389639693        0.0000000000        0.8869204367        0.1064304524        0.1309845795
       55.3061220000        1.0000000000        1.0000000000       18.8515324719        0.0000000000        0.8869204367        0.1064304524        0.1041228427
       55.4081630000        1.0000000000        1.0000000000       21.3373567914        0.0000000000        0.8869204367        0.1064304524        0.0772674256
       55.5102040000        1.0000000000        1.0000000000       24.7104840659        0.0000000000        0.8869204367        0.1064304524        0.0515471638
       55.6122450000        1.0000000000        1.0000000000       29.4932568365        0.0000000000        0.8869204367        0.1064304524        0.0290368136
       55.7142860000        1.0000000000        1.0000000000       36.0781448245        0.0000000000        0.8869204367        0.1064304524        0.0131757484
       55.8163270000        1.0000000000        1.0000000000       44.5008634432        0.0000000000        0.8869204367        0.1064304524        0.0047953738
       55.9183670000        1.0000000000        1.0000000000       55.8042216768        0.0000000000        0.8869204367        0.1064304524        0.0012352195
       56.0204080000        1.0000000000        1.0000000000       73.4423866088        0.0000000000        0.8869204367        0.1064304524        0.0001487734
       56.1224490000        1.0000000000        1.0000000000      103.8869749035        0.0000000000        0.8869204367        0.1064304524        0.0000038539
       56.2244900000        1.0000000000        1.0000000000      162.8066961606        0.0000000000        0.8869204367        0.1064304524        0.0000000033
       56.3265310000        1.0000000000        1.0000000000      303.4537081969        0.0000000000        0.8869204367        0.1064304524        0.0000000000
       56.4285710000        1.0000000000        1.0000000000      702.0761148826        0.0000000000        0.8869204367        0.1064304524        0.0000000000
       56.5306120000        1.0000000000        1.0000000000     1715.9532769064        0.0000000000        0.8869204367        0.1064304524        0.0000000000
       56.6326530000        1.0000000000        1.0000000000     3398.0563864832        0.0000000000        0.8869204367        0.1064304524        0.0000000000
       56.7346940000        1.0000000000        1.0000000000     4636.1299505613        0.0000000000        0.8869204367        0.1064304524        0.0000000000
       56.8367350000        1.0000000000        1.0000000000     4129.9199409195        0.0000000000        0.8869204367        0.1064304524        0.0000000000
       56.9387760000        1.0000000000        1.0000000000     2478.5383816518        0.0000000000        0.8869204367        0.1064304524        0.0000000000
       57.0408160000        1.0000000000        1.0000000000     1144.0548093312        0.0000000000        0.8869204367        0.1064304524        0.0000000000
       57.1428570000        1.0000000000        1.0000000000      517.5852230138        0.0000000000        0.8869204367        0.1064304524        0.0000000000
       57.2448980000        1.0000000000        1.0000000000      282.4624678163        0.0000000000        0.8869204367        0.1064304524        0.0000000000
       57.3469390000        1.0000000000        1.0000000000      185.9570316739        0.0000000000        0.8869204367        0.1064304524        0.0000000002
       57.4489800000        1.0000000000        1.0000000000      136.6247373888        0.0000000000        0.8869204367        0.1064304524        0.0000000758
       57.5510200000        1.0000000000        1.0000000000      106.9865715143        0.0000000000        0.8869204367        0.1064304524        0.0000026568
       57.6530610000        1.0000000000        1.0000000000       87.4115196642        0.0000000000        0.8869204367        0.1064304524        0.0000278304
       57.7551020000        1.0000000000        1.0000000000       73.6699215119        0.0000000000        0.8869204367        0.1064304524        0.0001447662
       57.8571430000        1.0000000000        1.0000000000       63.5883502921        0.0000000000        0.8869204367        0.1064304524        0.0004853686
       57.9591840000        1.0000000000        1.0000000000       55.9360933779        0.0000000000        0.8869204367        0.1064304524        0.0012158265
       58.0612240000        1.0000000000        1.0000000000       49.9679190644        0.0000000000        0.8869204367        0.1064304524        0.0024883131
       58.1632650000        1.0000000000        1.0000000000       45.2087538844        0.0000000000        0.8869204367        0.1064304524        0.0044048439
       58.2653060000        1.0000000000        1.0000000000       41.3436935938        0.0000000000        0.8869204367        0.1064304524        0.0070042146
       58.3673470000        1.0000000000        1.0000000000       38.1578491577        0.0000000000        0.8869204367        0.1064304524        0.0102657528
       58.4693880000        1.0000000000        1.0000000000       35.5045549484        0.0000000000        0.8869204367        0.1064304524        0.0141145854
       58.5714290000        1.0000000000        1.0000000000       33.3052158266        0.0000000000        0.8869204367        0.1064304524        0.0183775421
       58.6734690000        1.0000000000        1.0000000000       31.6620464315        0.0000000000        0.8869204367        0.1064304524        0.0223831783
       58.7755100000        1.0000000000        1.0000000000       31.2302011544        0.0000000000        0.8869204367        0.1064304524        0.0235736872
       58.8775510000        1.0000000000        1.0000000000       33.1102156123        0.0000000000        0.8869204367        0.1064304524        0.0188126479
       58.9795920000        1.0000000000        1.0000000000       36.3067991129        0.0000000000        0.8869204367        0.1064304524        0.0128191402
       59.0816330000        1.0000000000        1.0000000000       36.4826314256        0.0000000000        0.8869204367        0.1064304524        0.0125514916
       59.1836730000        1.0000000000        1.0000000000       32.1165228278        0.0000000000        0.8869204367        0.1064304524        0.0211951533
       59.2857140000        1.0000000000        1.0000000000       27.1447359895        0.0000000000        0.8869204367        0.1064304524        0.0384895571
       59.3877550000        1.0000000000        1.0000000000       24.2388206724        0.0000000000        0.8869204367        0.1064304524        0.0545488592
       59.4897960000        1.0000000000        1.0000000000       22.8382542956        0.0000000000        0.8869204367        0.1064304524        0.0645322284
       59.5918370000        1.0000000000        1.0000000000       21.9795579974        0.0000000000        0.8869204367        0.1064304524        0.0715365365
       59.6938780000        1.0000000000        1.0000000000       21.2986889531        0.0000000000        0.8869204367        0.1064304524        0.0776267904
       59.7959180000        1.0000000000        1.0000000000       20.7074667666        0.0000000000        0.8869204367        0.1064304524        0.0833342198
       59.8979590000        1.0000000000        1.0000000000       20.1803285323        0.0000000000        0.8869204367        0.1064304524        0.0887759567
       60.0000000000        1.0000000000        1.0000000000       19.7052824364        0.0000000000        0.8869204367        0.1064304524        0.0939837022
