       55.0000000000        1.0000000000        1.0000000000       10.0021543618        0.0000000000        0.8869204367        0.1064304524        0.3011163562
       55.1020410000        1.0000000000        1.0000000000       10.0876112518        0.0000000000        0.8869204367        0.1064304524        0.2980442391
       55.2040820000        1.0000000000        1.0000000000       10.1969808489        0.0000000000        0.8869204367        0.1064304524        0.2941581586
       55.3061220000        1.0000000000        1.0000000000       10.3405504258        0.0000000000        0.8869204367        0.1064304524        0.2891337049
       55.4081630000        1.0000000000        1.0000000000       10.5501200647        0.0000000000        0.8869204367        0.1064304524        0.2819531356
       55.5102040000        1.0000000000        1.0000000000       10.9418100436        0.0000000000        0.8869204367        0.1064304524        0.2690071808
       55.6122450000        1.0000000000        1.0000000000       11.7466134120        0.0000000000        0.8869204367        0.1064304524        0.2442425208
       55.7142860000        1.0000000000        1.0000000000       12.9103107119        0.0000000000        0.8869204367        0.1064304524        0.2124099202
       55.8163270000        1.0000000000        1.0000000000       13.6858079513        0.0000000000        0.8869204367        0.1064304524        0.1935349904
       55.9183670000        1.0000000000        1.0000000000       13.6850062796        0.0000000000        0.8869204367        0.1064304524        0.1935536094
       56.0204080000        1.0000000000        1.0000000000       13.6755645132        0.0000000000        0.8869204367        0.1064304524        0.1937730323
       56.1224490000        1.0000000000        1.0000000000       14.3189994523        0.0000000000        0.8869204367        0.1064304524        0.1793744185
       56.2244900000        1.0000000000        1.0000000000       15.6554788006        0.0000000000        0.8869204367        0.1064304524        0.1527951023
       56.3265310000        1.0000000000        1.0000000000       17.7120461402        0.0000000000        0.8869204367        0.1064304524        0.1193797683
       56.4285710000        1.0000000000        1.0000000000       20.8066401729        0.0000000000        0.8869204367        0.1064304524        0.0823483531
       56.5306120000        1.0000000000        1.0000000000       25.6679930287        0.0000000000        0.8869204367        0.1064304524        0.0459519422
       56.6326530000        1.0000000000        1.0000000000       33.9189899635        0.0000000000        0.8869204367        0.1064304524        0.0170726281
       56.7346940000        1.0000000000        1.0000000000       50.1434318447        0.0000000000        0.8869204367        0.1064304524        0.0024364534
       56.8367350000        1.0000000000        1.0000000000       92.2189414338        0.0000000000        0.8869204367        0.1064304524        0.0000156307
       56.9387760000        1.0000000000        1.0000000000      232.3692603823        0.0000000000        0.8869204367        0.1064304524        0.0000000000
       57.0408160000        1.0000000000        1.0000000000      654.0465410519        0.0000000000        0.8869204367        0.1064304524        0.0000000000
       57.1428570000        1.0000000000        1.0000000000     1457.8269262694        0.0000000000        0.8869204367        0.1064304524        0.0000000000
       57.2448980000        1.0000000000        1.0000000000     2141.4824923192        0.0000000000        0.8869204367        0.1064304524        0.0000000000
       57.3469390000        1.0000000000        1.0000000000     1958.4519686825        0.0000000000        0.8869204367        0.1064304524        0.0000000000
       57.4489800000        1.0000000000        1.0000000000     1143.3694453922        0.0000000000        0.8869204367        0.1064304524        0.0000000000
       57.5510200000        1.0000000000        1.0000000000      481.8833976622        0.0000000000        0.8869204367        0.1064304524        0.0000000000
       57.6530610000        1.0000000000        1.0000000000      195.3300014411        0.0000000000        0.8869204367        0.1064304524        0.0000000001
       57.7551020000        1.0000000000        1.0000000000      102.4777435133        0.0000000000        0.8869204367        0.1064304524        0.0000045639
       57.8571430000        1.0000000000        1.0000000000       69.1244468319        0.0000000000        0.8869204367        0.1064304524        0.0002497791
       57.9591840000        1.0000000000        1.0000000000       52.8945907186        0.0000000000        0.8869204367        0.1064304524        0.0017513806
       58.0612240000        1.0000000000        1.0000000000       43.2287392560        0.0000000000        0.8869204367        0.1064304524        0.0055862408
       58.1632650000        1.0000000000        1.0000000000       36.8570846816        0.0000000000        0.8869204367        0.1064304524        0.0119999816
       58.2653060000        1.0000000000        1.0000000000       32.3869904084        0.0000000000        0.8869204367        0.1064304524        0.0205182848
       58.3673470000        1.0000000000        1.0000000000       29.1100941051        0.0000000000        0.8869204367        0.1064304524        0.0304030820
       58.4693880000        1.0000000000        1.0000000000       26.6337724447        0.0000000000        0.8869204367        0.1064304524        0.0409234229
       58.5714290000        1.0000000000        1.0000000000       24.7508135863        0.0000000000        0.8869204367        0.1064304524        0.0512983018
       58.6734690000        1.0000000000        1.0000000000       23.4952653874        0.0000000000        0.8869204367        0.1064304524        0.0596398177
       58.7755100000        1.0000000000        1.0000000000       23.4842658531        0.0000000000        0.8869204367        0.1064304524        0.0597185909
       58.8775510000        1.0000000000        1.0000000000       25.7809853704        0.0000000000        0.8869204367        0.1064304524        0.0453330812
       58.9795920000        1.0000000000        1.0000000000       29.3402953352        0.0000000000        0.8869204367        0.1064304524        0.0295747169
       59.0816330000        1.0000000000        1.0000000000       29.8165266610        0.0000000000        0.8869204367        0.1064304524        0.0279319747
       59.1836730000        1.0000000000        1.0000000000       25.7501400834        0.0000000000        0.8869204367        0.1064304524        0.0455011895
       59.2857140000        1.0000000000        1.0000000000       21.1106264761        0.0000000000        0.8869204367        0.1064304524        0.0793985497
       59.3877550000        1.0000000000        1.0000000000       18.5400620157        0.0000000000        0.8869204367        0.1064304524        0.1080882299
       59.4897960000        1.0000000000        1.0000000000       17.4516881080        0.0000000000        0.8869204367        0.1064304524        0.1231684223
       59.5918370000        1.0000000000        1.0000000000       16.8789483690        0.0000000000        0.8869204367        0.1064304524        0.1319313188
       59.6938780000        1.0000000000        1.0000000000       16.4612945666        0.0000000000        0.8869204367        0.1064304524        0.1387120124
       59.7959180000        1.0000000000        1.0000000000       16.1131777893        0.0000000000        0.8869204367        0.1064304524        0.1446293039
       59.8979590000        1.0000000000        1.0000000000       15.8106478996        0.0000000000        0.8869204367        0.1064304524        0.1499763374
       60.0000000000        1.0000000000        1.0000000000       15.5427882917        0.0000000000        0.8869204367        0.1064304524        0.1548753630
