       55.0000000000        1.0000000000        1.0000000000        9.9454396679        0.0000000000        0.8869204367        0.1064304524        0.3031726723
       55.1020410000        1.0000000000        1.0000000000        9.9582262471        0.0000000000        0.8869204367        0.1064304524        0.3027078441
       55.2040820000        1.0000000000        1.0000000000        9.9779732233        0.0000000000        0.8869204367        0.1064304524        0.3019913855
       55.3061220000        1.0000000000        1.0000000000       10.0103047360        0.0000000000        0.8869204367        0.1064304524        0.3008219949
       55.4081630000        1.0000000000        1.0000000000       10.0806875117        0.0000000000        0.8869204367        0.1064304524        0.2982919717
       55.5102040000        1.0000000000        1.0000000000       10.2967914282        0.0000000000        0.8869204367        0.1064304524        0.2906559623
       55.6122450000        1.0000000000        1.0000000000       10.8796606987        0.0000000000        0.8869204367        0.1064304524        0.2710209150
       55.7142860000        1.0000000000        1.0000000000       11.7637522671        0.0000000000        0.8869204367        0.1064304524        0.2437407126
       55.8163270000        1.0000000000        1.0000000000       12.1809184171        0.0000000000        0.8869204367        0.1064304524        0.2318394414
       55.9183670000        1.0000000000        1.0000000000       11.7033146057        0.0000000000        0.8869204367        0.1064304524        0.2455148726
       56.0204080000        1.0000000000        1.0000000000       11.0449784904        0.0000000000        0.8869204367        0.1064304524        0.2656973450
       56.1224490000        1.0000000000        1.0000000000       10.7948791884        0.0000000000        0.8869204367        0.1064304524        0.2737922963
       56.2244900000        1.0000000000        1.0000000000       10.8755779941        0.0000000000        0.8869204367        0.1064304524        0.2711537274
       56.3265310000        1.0000000000        1.0000000000       11.1101579592        0.0000000000        0.8869204367        0.1064304524        0.2636272896
       56.4285710000        1.0000000000        1.0000000000       11.4502988824        0.0000000000        0.8869204367        0.1064304524        0.2530834846
       56.5306120000        1.0000000000        1.0000000000       11.9138450879        0.0000000000        0.8869204367        0.1064304524        0.2393899634
       56.6326530000        1.0000000000        1.0000000000       12.5470795800        0.0000000000        0.8869204367        0.1064304524        0.2218731294
       56.7346940000        1.0000000000        1.0000000000       13.4263964429        0.0000000000        0.8869204367        0.1064304524        0.1996543669
       56.8367350000        1.0000000000        1.0000000000       14.6777768075        0.0000000000        0.8869204367        0.1064304524        0.1718156435
       56.9387760000        1.0000000000        1.0000000000       16.5188686242        0.0000000000        0.8869204367        0.1064304524        0.1377569698
       57.0408160000        1.0000000000        1.0000000000       19.3523022424        0.0000000000        0.8869204367        0.1064304524        0.0980501429
       57.1428570000        1.0000000000        1.0000000000       24.0027473017        0.0000000000        0.8869204367        0.1064304524        0.0561162596
       57.2448980000        1.0000000000        1.0000000000       32.5246479986        0.0000000000        0.8869204367        0.1064304524        0.0201821292
       57.3469390000        1.0000000000        1.0000000000       52.2288045351        0.0000000000        0.8869204367        0.1064304524        0.0018970475
       57.4489800000        1.0000000000        1.0000000000      115.4004880002        0.0000000000        0.8869204367        0.1064304524        0.0000009680
       57.5510200000        1.0000000000        1.0000000000      330.3580937767        0.0000000000        0.8869204367        0.1064304524        0.0000000000
       57.6530610000        1.0000000000        1.0000000000      850.2906315199        0.0000000000        0.8869204367        0.1064304524        0.0000000000
       57.7551020000        1.0000000000        1.0000000000     1508.1071641543        0.0000000000        0.8869204367        0.1064304524        0.0000000000
       57.8571430000        1.0000000000        1.0000000000     1678.1930478370        0.0000000000        0.8869204367        0.1064304524        0.0000000000
       57.9591840000        1.0000000000        1.0000000000     1164.1077338411        0.0000000000        0.8869204367        0.1064304524        0.0000000000
       58.0612240000        1.0000000000        1.0000000000      543.9202077471        0.0000000000        0.8869204367        0.1064304524        0.0000000000
       58.1632650000        1.0000000000        1.0000000000      212.5174121727        0.0000000000        0.8869204367        0.1064304524        0.0000000000
       58.2653060000        1.0000000000        1.0000000000       98.2537638771        0.0000000000        0.8869204367        0.1064304524        0.0000075766
       58.3673470000        1.0000000000        1.0000000000       61.4130857812        0.0000000000        0.8869204367        0.1064304524        0.0006301389
       58.4693880000        1.0000000000        1.0000000000       45.8642618902        0.0000000000        0.8869204367        0.1064304524        0.0040716318
       58.5714290000        1.0000000000        1.0000000000       37.3272457512        0.0000000000        0.8869204367        0.1064304524        0.0113416953
       58.6734690000        1.0000000000        1.0000000000       32.1599179422        0.0000000000        0.8869204367        0.1064304524        0.0210850683
       58.7755100000        1.0000000000        1.0000000000       29.6621681352        0.0000000000        0.8869204367        0.1064304524        0.0284541808
       58.8775510000        1.0000000000        1.0000000000       30.2950514697        0.0000000000        0.8869204367        0.1064304524        0.0263732200
       58.9795920000        1.0000000000        1.0000000000       32.7035333506        0.0000000000        0.8869204367        0.1064304524        0.0197535116
       59.0816330000        1.0000000000        1.0000000000       32.3623445563        0.0000000000        0.8869204367        0.1064304524        0.0205790575
       59.1836730000        1.0000000000        1.0000000000       27.6951559026        0.0000000000        0.8869204367        0.1064304524        0.0360294468
       59.2857140000        1.0000000000        1.0000000000       22.5990974560        0.0000000000        0.8869204367        0.1064304524        0.0664110584
       59.3877550000        1.0000000000        1.0000000000       19.6766503912        0.0000000000        0.8869204367        0.1064304524        0.0943071711
       59.4897960000        1.0000000000        1.0000000000       18.3156224092        0.0000000000        0.8869204367        0.1064304524        0.1110388999
       59.5918370000        1.0000000000        1.0000000000       17.5296299049        0.0000000000        0.8869204367        0.1064304524        0.1220217967
       59.6938780000        1.0000000000        1.0000000000       16.9433172367        0.0000000000        0.8869204367        0.1064304524        0.1309161721
       59.7959180000        1.0000000000        1.0000000000       16.4604887148        0.0000000000        0.8869204367        0.1064304524        0.1387254269
       59.8979590000        1.0000000000        1.0000000000       16.0494682209        0.0000000000        0.8869204367        0.1064304524        0.1457392538
       60.0000000000        1.0000000000        1.0000000000       15.6936281188        0.0000000000        0.8869204367        0.1064304524        0.1520972174
