       55.0000000000        1.0000000000        1.0000000000       10.3249592821        0.0000000000        0.8869204367        0.1064304524        0.2896751623
       55.1020410000        1.0000000000        1.0000000000       10.3276028057        0.0000000000        0.8869204367        0.1064304524        0.2895832853
       55.2040820000        1.0000000000        1.0000000000       10.3343046490        0.0000000000        0.8869204367        0.1064304524        0.2893504899
       55.3061220000        1.0000000000        1.0000000000       10.3500078922        0.0000000000        0.8869204367        0.1064304524        0.2888057544
       55.4081630000        1.0000000000        1.0000000000       10.3992465750        0.0000000000        0.8869204367        0.1064304524        0.2871043361
       55.5102040000        1.0000000000        1.0000000000       10.5885641214        0.0000000000        0.8869204367        0.1064304524        0.2806554006
       55.6122450000        1.0000000000        1.0000000000       11.1386520608        0.0000000000        0.8869204367        0.1064304524        0.2627274102
       55.7142860000        1.0000000000        1.0000000000       11.9853223506        0.0000000000        0.8869204367        0.1064304524        0.2373454315
       55.8163270000        1.0000000000        1.0000000000       12.3594078325        0.0000000000        0.8869204367        0.1064304524        0.2269265369
       55.9183670000        1.0000000000        1.0000000000       11.8256884750        0.0000000000        0.8869204367        0.1064304524        0.2419358630
       56.0204080000        1.0000000000        1.0000000000       11.0915382924        0.0000000000        0.8869204367        0.1064304524        0.2642169864
       56.1224490000        1.0000000000        1.0000000000       10.7437095536        0.0000000000        0.8869204367        0.1064304524        0.2754786507
       56.2244900000        1.0000000000        1.0000000000       10.7011430432        0.0000000000        0.8869204367        0.1064304524        0.2768893904
       56.3265310000        1.0000000000        1.0000000000       10.7790868129        0.0000000000        0.8869204367        0.1064304524        0.2743116480
       56.4285710000        1.0000000000        1.0000000000       10.9175235393        0.0000000000        0.8869204367        0.1064304524        0.2697923136
       56.5306120000        1.0000000000        1.0000000000       11.1176845804        0.0000000000        0.8869204367        0.1064304524        0.2633892904
       56.6326530000        1.0000000000        1.0000000000       11.4015670780        0.0000000000        0.8869204367        0.1064304524        0.2545678062
       56.7346940000        1.0000000000        1.0000000000       11.8088331866        0.0000000000        0.8869204367        0.1064304524        0.2424257060
       56.8367350000        1.0000000000        1.0000000000       12.4079152028        0.0000000000        0.8869204367        0.1064304524        0.2256094607
       56.9387760000        1.0000000000        1.0000000000       13.3226705703        0.0000000000        0.8869204367        0.1064304524        0.2021550163
       57.0408160000        1.0000000000        1.0000000000       14.7969953430        0.0000000000        0.8869204367        0.1064304524        0.1693751094
       57.1428570000        1.0000000000        1.0000000000       17.3917213636        0.0000000000        0.8869204367        0.1064304524        0.1240579401
       57.2448980000        1.0000000000        1.0000000000       22.8788931450        0.0000000000        0.8869204367        0.1064304524        0.0642182926
       57.3469390000        1.0000000000        1.0000000000       39.2065928920        0.0000000000        0.8869204367        0.1064304524        0.0090518045
       57.4489800000        1.0000000000        1.0000000000       99.8119041402        0.0000000000        0.8869204367        0.1064304524        0.0000062845
       57.5510200000        1.0000000000        1.0000000000      282.5475468075        0.0000000000        0.8869204367        0.1064304524        0.0000000000
       57.6530610000        1.0000000000        1.0000000000      602.9268625710        0.0000000000        0.8869204367        0.1064304524        0.0000000000
       57.7551020000        1.0000000000        1.0000000000      820.1139447815        0.0000000000        0.8869204367        0.1064304524        0.0000000000
       57.8571430000        1.0000000000        1.0000000000      682.9032035761        0.0000000000        0.8869204367        0.1064304524        0.0000000000
       57.9591840000        1.0000000000        1.0000000000      362.8404876986        0.0000000000        0.8869204367        0.1064304524        0.0000000000
       58.0612240000        1.0000000000        1.0000000000      144.3428601520        0.0000000000        0.8869204367        0.1064304524        0.0000000300
       58.1632650000        1.0000000000        1.0000000000       61.3195218724        0.0000000000        0.8869204367        0.1064304524        0.0006372538
       58.2653060000        1.0000000000        1.0000000000       36.5922375220        0.0000000000        0.8869204367        0.1064304524        0.0123874861
       58.3673470000        1.0000000000        1.0000000000       27.7466342070        0.0000000000        0.8869204367        0.1064304524        0.0358075646
       58.4693880000        1.0000000000        1.0000000000       23.3190239661        0.0000000000        0.8869204367        0.1064304524        0.0609145707
       58.5714290000        1.0000000000        1.0000000000       20.6772400161        0.0000000000        0.8869204367        0.1064304524        0.0836370394
       58.6734690000        1.0000000000        1.0000000000       19.1706636388        0.0000000000        0.8869204367        0.1064304524        0.1002107674
       58.7755100000        1.0000000000        1.0000000000       19.1499719344        0.0000000000        0.8869204367        0.1064304524        0.1004599004
       58.8775510000        1.0000000000        1.0000000000       21.5467330895        0.0000000000        0.8869204367        0.1064304524        0.0753502549
       58.9795920000        1.0000000000        1.0000000000       25.2327836803        0.0000000000        0.8869204367        0.1064304524        0.0484155594
       59.0816330000        1.0000000000        1.0000000000       25.8308100162        0.0000000000        0.8869204367        0.1064304524        0.0450628453
       59.1836730000        1.0000000000        1.0000000000       21.9049706843        0.0000000000        0.8869204367        0.1064304524        0.0721796967
       59.2857140000        1.0000000000        1.0000000000       17.4367549389        0.0000000000        0.8869204367        0.1064304524        0.1233893356
       59.3877550000        1.0000000000        1.0000000000       15.0454206119        0.0000000000        0.8869204367        0.1064304524        0.1644003819
       59.4897960000        1.0000000000        1.0000000000       14.1257823945        0.0000000000        0.8869204367        0.1064304524        0.1835819922
       59.5918370000        1.0000000000        1.0000000000       13.7082172237        0.0000000000        0.8869204367        0.1064304524        0.1930152521
       59.6938780000        1.0000000000        1.0000000000       13.4337066363        0.0000000000        0.8869204367        0.1064304524        0.1994793022
       59.7959180000        1.0000000000        1.0000000000       13.2180581809        0.0000000000        0.8869204367        0.1064304524        0.2047087623
       59.8979590000        1.0000000000        1.0000000000       13.0382967585        0.0000000000        0.8869204367        0.1064304524        0.2091725832
       60.0000000000        1.0000000000        1.0000000000       12.8843243330        0.0000000000        0.8869204367        0.1064304524        0.2130733258
