       55.0000000000        1.0000000000        1.0000000000        9.6487444738        0.0000000000        0.8869204367        0.1064304524        0.3141611096
       55.1020410000        1.0000000000        1.0000000000        9.7649034536        0.0000000000        0.8869204367        0.1064304524        0.3098123726
       55.2040820000        1.0000000000        1.0000000000        9.9048048100        0.0000000000        0.8869204367        0.1064304524        0.3046546079
       55.3061220000        1.0000000000        1.0000000000       10.0773147482        0.0000000000        0.8869204367        0.1064304524        0.2984127243
       55.4081630000        1.0000000000        1.0000000000       10.3121204697        0.0000000000        0.8869204367        0.1064304524        0.2901217965
       55.5102040000        1.0000000000        1.0000000000       10.7219503773        0.0000000000        0.8869204367        0.1064304524        0.2761988932
       55.6122450000        1.0000000000        1.0000000000       11.5309454772        0.0000000000        0.8869204367        0.1064304524        0.2506460593
       55.7142860000        1.0000000000        1.0000000000       12.6721284306        0.0000000000        0.8869204367        0.1064304524        0.2185685876
       55.8163270000        1.0000000000        1.0000000000       13.3837465397        0.0000000000        0.8869204367        0.1064304524        0.2006788149
       55.9183670000        1.0000000000        1.0000000000       13.2637834304        0.0000000000        0.8869204367        0.1064304524        0.2035885952
       56.0204080000        1.0000000000        1.0000000000       13.0506205785        0.0000000000        0.8869204367        0.1064304524        0.2088634751
       56.1224490000        1.0000000000        1.0000000000       13.3456998714        0.0000000000        0.8869204367        0.1064304524        0.2015971289
       56.2244900000        1.0000000000        1.0000000000       14.0899373456        0.0000000000        0.8869204367        0.1064304524        0.1843733536
       56.3265310000        1.0000000000        1.0000000000       15.1393981084        0.0000000000        0.8869204367        0.1064304524        0.1625568044
       56.4285710000        1.0000000000        1.0000000000       16.4929248129        0.0000000000        0.8869204367        0.1064304524        0.1381865110
       56.5306120000        1.0000000000        1.0000000000       18.2337807273        0.0000000000        0.8869204367        0.1064304524        0.1121347857
       56.6326530000        1.0000000000        1.0000000000       20.5012758727        0.0000000000        0.8869204367        0.1064304524        0.0854218715
       56.7346940000        1.0000000000        1.0000000000       23.5080836216        0.0000000000        0.8869204367        0.1064304524        0.0595481509
       56.8367350000        1.0000000000        1.0000000000       27.5860810600        0.0000000000        0.8869204367        0.1064304524        0.0365041354
       56.9387760000        1.0000000000        1.0000000000       33.2750522925        0.0000000000        0.8869204367        0.1064304524        0.0184441824
       57.0408160000        1.0000000000        1.0000000000       41.5020152576        0.0000000000        0.8869204367        0.1064304524        0.0068724004
       57.1428570000        1.0000000000        1.0000000000       53.9803175214        0.0000000000        0.8869204367        0.1064304524        0.0015374377
       57.2448980000        1.0000000000        1.0000000000       74.2466930148        0.0000000000        0.8869204367        0.1064304524        0.0001350854
       57.3469390000        1.0000000000        1.0000000000      111.1133063331        0.0000000000        0.8869204367        0.1064304524        0.0000016192
       57.4489800000        1.0000000000        1.0000000000      192.8628235332        0.0000000000        0.8869204367        0.1064304524        0.0000000001
       57.5510200000        1.0000000000        1.0000000000      420.0684063384        0.0000000000        0.8869204367        0.1064304524        0.0000000000
       57.6530610000        1.0000000000        1.0000000000     1057.7823095352        0.0000000000        0.8869204367        0.1064304524        0.0000000000
       57.7551020000        1.0000000000        1.0000000000     2358.8288595035        0.0000000000        0.8869204367        0.1064304524        0.0000000000
       57.8571430000        1.0000000000        1.0000000000     3779.7509655437        0.0000000000        0.8869204367        0.1064304524        0.0000000000
       57.9591840000        1.0000000000        1.0000000000     3981.4479016691        0.0000000000        0.8869204367        0.1064304524        0.0000000000
       58.0612240000        1.0000000000        1.0000000000     2755.7614720741        0.0000000000        0.8869204367        0.1064304524        0.0000000000
       58.1632650000        1.0000000000        1.0000000000     1365.7520412216        0.0000000000        0.8869204367        0.1064304524        0.0000000000
       58.2653060000        1.0000000000        1.0000000000      593.0671195499        0.0000000000        0.8869204367        0.1064304524        0.0000000000
       58.3673470000        1.0000000000        1.0000000000      293.4958980549        0.0000000000        0.8869204367        0.1064304524        0.0000000000
       58.4693880000        1.0000000000        1.0000000000      181.0284101501        0.0000000000        0.8869204367        0.1064304524        0.0000000004
       58.5714290000        1.0000000000        1.0000000000      129.0917434555        0.0000000000        0.8869204367        0.1064304524        0.0000001872
       58.6734690000        1.0000000000        1.0000000000       99.8843419084        0.0000000000        0.8869204367        0.1064304524        0.0000062301
       58.7755100000        1.0000000000        1.0000000000       82.2424328884        0.0000000000        0.8869204367        0.1064304524        0.0000517497
       58.8775510000        1.0000000000        1.0000000000       72.6070524048        0.0000000000        0.8869204367        0.1064304524        0.0001644595
       58.9795920000        1.0000000000        1.0000000000       67.7871845945        0.0000000000        0.8869204367        0.1064304524        0.0002932567
       59.0816330000        1.0000000000        1.0000000000       62.2151557679        0.0000000000        0.8869204367        0.1064304524        0.0005723163
       59.1836730000        1.0000000000        1.0000000000       53.5408260744        0.0000000000        0.8869204367        0.1064304524        0.0016206968
       59.2857140000        1.0000000000        1.0000000000       45.1933618845        0.0000000000        0.8869204367        0.1064304524        0.0044129873
       59.3877550000        1.0000000000        1.0000000000       39.6029977356        0.0000000000        0.8869204367        0.1064304524        0.0086313036
       59.4897960000        1.0000000000        1.0000000000       36.0616764589        0.0000000000        0.8869204367        0.1064304524        0.0132018121
       59.5918370000        1.0000000000        1.0000000000       33.4784960460        0.0000000000        0.8869204367        0.1064304524        0.0179993519
       59.6938780000        1.0000000000        1.0000000000       31.3894136225        0.0000000000        0.8869204367        0.1064304524        0.0231275754
       59.7959180000        1.0000000000        1.0000000000       29.6336761577        0.0000000000        0.8869204367        0.1064304524        0.0285516332
       59.8979590000        1.0000000000        1.0000000000       28.1327351672        0.0000000000        0.8869204367        0.1064304524        0.0341863711
       60.0000000000        1.0000000000        1.0000000000       26.8349784209        0.0000000000        0.8869204367        0.1064304524        0.0399471715
