       55.0000000000        1.0000000000        1.0000000000       10.2075593951        0.0000000000        0.8869204367        0.1064304524        0.2937849836
       55.1020410000        1.0000000000        1.0000000000       10.3628758004        0.0000000000        0.8869204367        0.1064304524        0.2883601394
       55.2040820000        1.0000000000        1.0000000000       10.5586006251        0.0000000000        0.8869204367        0.1064304524        0.2816663471
       55.3061220000        1.0000000000        1.0000000000       10.8099136033        0.0000000000        0.8869204367        0.1064304524        0.2732987848
       55.4081630000        1.0000000000        1.0000000000       11.1554010741        0.0000000000        0.8869204367        0.1064304524        0.2621998896
       55.5102040000        1.0000000000        1.0000000000       11.7205770239        0.0000000000        0.8869204367        0.1064304524        0.2450068174
       55.6122450000        1.0000000000        1.0000000000       12.7487611565        0.0000000000        0.8869204367        0.1064304524        0.2165678602
       55.7142860000        1.0000000000        1.0000000000       14.2021211744        0.0000000000        0.8869204367        0.1064304524        0.1819079406
       55.8163270000        1.0000000000        1.0000000000       15.3615762339        0.0000000000        0.8869204367        0.1064304524        0.1582800814
       55.9183670000        1.0000000000        1.0000000000       15.8880202720        0.0000000000        0.8869204367        0.1064304524        0.1485902988
       56.0204080000        1.0000000000        1.0000000000       16.6236004007        0.0000000000        0.8869204367        0.1064304524        0.1360364998
       56.1224490000        1.0000000000        1.0000000000       18.3489081158        0.0000000000        0.8869204367        0.1064304524        0.1105962636
       56.2244900000        1.0000000000        1.0000000000       21.3164883147        0.0000000000        0.8869204367        0.1064304524        0.0774611625
       56.3265310000        1.0000000000        1.0000000000       25.9656308961        0.0000000000        0.8869204367        0.1064304524        0.0443396616
       56.4285710000        1.0000000000        1.0000000000       33.4936861858        0.0000000000        0.8869204367        0.1064304524        0.0179665723
       56.5306120000        1.0000000000        1.0000000000       46.8994910902        0.0000000000        0.8869204367        0.1064304524        0.0035959793
       56.6326530000        1.0000000000        1.0000000000       75.9634023869        0.0000000000        0.8869204367        0.1064304524        0.0001099364
       56.7346940000        1.0000000000        1.0000000000      161.1372217005        0.0000000000        0.8869204367        0.1064304524        0.0000000040
       56.8367350000        1.0000000000        1.0000000000      440.5620710796        0.0000000000        0.8869204367        0.1064304524        0.0000000000
       56.9387760000        1.0000000000        1.0000000000     1137.1068508956        0.0000000000        0.8869204367        0.1064304524        0.0000000000
       57.0408160000        1.0000000000        1.0000000000     2097.9090817539        0.0000000000        0.8869204367        0.1064304524        0.0000000000
       57.1428570000        1.0000000000        1.0000000000     2470.8509669751        0.0000000000        0.8869204367        0.1064304524        0.0000000000
       57.2448980000        1.0000000000        1.0000000000     1825.4790919331        0.0000000000        0.8869204367        0.1064304524        0.0000000000
       57.3469390000        1.0000000000        1.0000000000      904.0014983623        0.0000000000        0.8869204367        0.1064304524        0.0000000000
       57.4489800000        1.0000000000        1.0000000000      363.5480599534        0.0000000000        0.8869204367        0.1064304524        0.0000000000
       57.5510200000        1.0000000000        1.0000000000      164.0333500074        0.0000000000        0.8869204367        0.1064304524        0.0000000028
       57.6530610000        1.0000000000        1.0000000000       97.7566453653        0.0000000000        0.8869204367        0.1064304524        0.0000080423
       57.7551020000        1.0000000000        1.0000000000       70.0342690199        0.0000000000        0.8869204367        0.1064304524        0.0002239445
       57.8571430000        1.0000000000        1.0000000000       54.9680743815        0.0000000000        0.8869204367        0.1064304524        0.0013655897
       57.9591840000        1.0000000000        1.0000000000       45.5056679810        0.0000000000        0.8869204367        0.1064304524        0.0042506636
       58.0612240000        1.0000000000        1.0000000000       39.0696874531        0.0000000000        0.8869204367        0.1064304524        0.0092017417
       58.1632650000        1.0000000000        1.0000000000       34.4526129001        0.0000000000        0.8869204367        0.1064304524        0.0160136540
       58.2653060000        1.0000000000        1.0000000000       31.0079408060        0.0000000000        0.8869204367        0.1064304524        0.0242108864
       58.3673470000        1.0000000000        1.0000000000       28.3609678454        0.0000000000        0.8869204367        0.1064304524        0.0332627828
       58.4693880000        1.0000000000        1.0000000000       26.2856995878        0.0000000000        0.8869204367        0.1064304524        0.0426689431
       58.5714290000        1.0000000000        1.0000000000       24.6645750411        0.0000000000        0.8869204367        0.1064304524        0.0518319251
       58.6734690000        1.0000000000        1.0000000000       23.5826464030        0.0000000000        0.8869204367        0.1064304524        0.0590177184
       58.7755100000        1.0000000000        1.0000000000       23.6875395007        0.0000000000        0.8869204367        0.1064304524        0.0582795080
       58.8775510000        1.0000000000        1.0000000000       26.0624733112        0.0000000000        0.8869204367        0.1064304524        0.0438273688
       58.9795920000        1.0000000000        1.0000000000       29.6770782830        0.0000000000        0.8869204367        0.1064304524        0.0284033156
       59.0816330000        1.0000000000        1.0000000000       30.1938090592        0.0000000000        0.8869204367        0.1064304524        0.0266955849
       59.1836730000        1.0000000000        1.0000000000       26.1539119272        0.0000000000        0.8869204367        0.1064304524        0.0433490959
       59.2857140000        1.0000000000        1.0000000000       21.5281452189        0.0000000000        0.8869204367        0.1064304524        0.0755185146
       59.3877550000        1.0000000000        1.0000000000       18.9632285414        0.0000000000        0.8869204367        0.1064304524        0.1027365407
       59.4897960000        1.0000000000        1.0000000000       17.8760790973        0.0000000000        0.8869204367        0.1064304524        0.1170528787
       59.5918370000        1.0000000000        1.0000000000       17.3016999207        0.0000000000        0.8869204367        0.1064304524        0.1254053497
       59.6938780000        1.0000000000        1.0000000000       16.8802946365        0.0000000000        0.8869204367        0.1064304524        0.1319100067
       59.7959180000        1.0000000000        1.0000000000       16.5268756023        0.0000000000        0.8869204367        0.1064304524        0.1376246713
       59.8979590000        1.0000000000        1.0000000000       16.2179392654        0.0000000000        0.8869204367        0.1064304524        0.1428224952
       60.0000000000        1.0000000000        1.0000000000       15.9429126535        0.0000000000        0.8869204367        0.1064304524        0.1476147384
