       55.0000000000        1.0000000000        1.0000000000       10.8280230745        0.0000000000        0.8869204367        0.1064304524        0.2727055141
       55.1020410000        1.0000000000        1.0000000000       11.2142275529        0.0000000000        0.8869204367        0.1064304524        0.2603554916
       55.2040820000        1.0000000000        1.0000000000       11.6800405605        0.0000000000        0.8869204367        0.1064304524        0.2462015259
       55.3061220000        1.0000000000        1.0000000000       12.2488605581        0.0000000000        0.8869204367        0.1064304524        0.2299569257
       55.4081630000        1.0000000000        1.0000000000       12.9697964034        0.0000000000        0.8869204367        0.1064304524        0.2108990769
       55.5102040000        1.0000000000        1.0000000000       13.9813724781        0.0000000000        0.8869204367        0.1064304524        0.1867910442
       55.6122450000        1.0000000000        1.0000000000       15.5399379209        0.0000000000        0.8869204367        0.1064304524        0.1549283464
       55.7142860000        1.0000000000        1.0000000000       17.6186885585        0.0000000000        0.8869204367        0.1064304524        0.1207246886
       55.8163270000        1.0000000000        1.0000000000       19.5214177049        0.0000000000        0.8869204367        0.1064304524        0.0960803821
       55.9183670000        1.0000000000        1.0000000000       20.9556452007        0.0000000000        0.8869204367        0.1064304524        0.0808890008
       56.0204080000        1.0000000000        1.0000000000       22.8113046805        0.0000000000        0.8869204367        0.1064304524        0.0647412604
       56.1224490000        1.0000000000        1.0000000000       25.9040969406        0.0000000000        0.8869204367        0.1064304524        0.0446682807
       56.2244900000        1.0000000000        1.0000000000       30.5143701972        0.0000000000        0.8869204367        0.1064304524        0.0256881772
       56.3265310000        1.0000000000        1.0000000000       37.0687232332        0.0000000000        0.8869204367        0.1064304524        0.0116990599
       56.4285710000        1.0000000000        1.0000000000       46.5628527450        0.0000000000        0.8869204367        0.1064304524        0.0037442186
       56.5306120000        1.0000000000        1.0000000000       60.9486270677        0.0000000000        0.8869204367        0.1064304524        0.0006662569
       56.6326530000        1.0000000000        1.0000000000       84.2697199431        0.0000000000        0.8869204367        0.1064304524        0.0000405747
       56.7346940000        1.0000000000        1.0000000000      126.5301461312        0.0000000000        0.8869204367        0.1064304524        0.0000002546
       56.8367350000        1.0000000000        1.0000000000      219.3449246832        0.0000000000        0.8869204367        0.1064304524        0.0000000000
       56.9387760000        1.0000000000        1.0000000000      473.0891176544        0.0000000000        0.8869204367        0.1064304524        0.0000000000
       57.0408160000        1.0000000000        1.0000000000     1173.5349939068        0.0000000000        0.8869204367        0.1064304524        0.0000000000
       57.1428570000        1.0000000000        1.0000000000     2582.6318083312        0.0000000000        0.8869204367        0.1064304524        0.0000000000
       57.2448980000        1.0000000000        1.0000000000     4097.1191004372        0.0000000000        0.8869204367        0.1064304524        0.0000000000
       57.3469390000        1.0000000000        1.0000000000     4284.3539209416        0.0000000000        0.8869204367        0.1064304524        0.0000000000
       57.4489800000        1.0000000000        1.0000000000     2954.8684313366        0.0000000000        0.8869204367        0.1064304524        0.0000000000
       57.5510200000        1.0000000000        1.0000000000     1469.2988318814        0.0000000000        0.8869204367        0.1064304524        0.0000000000
       57.6530610000        1.0000000000        1.0000000000      645.7451878978        0.0000000000        0.8869204367        0.1064304524        0.0000000000
       57.7551020000        1.0000000000        1.0000000000      323.6100978157        0.0000000000        0.8869204367        0.1064304524        0.0000000000
       57.8571430000        1.0000000000        1.0000000000      200.4562278338        0.0000000000        0.8869204367        0.1064304524        0.0000000000
       57.9591840000        1.0000000000        1.0000000000      142.7225728469        0.0000000000        0.8869204367        0.1064304524        0.0000000365
       58.0612240000        1.0000000000        1.0000000000      109.7886635694        0.0000000000        0.8869204367        0.1064304524        0.0000018981
       58.1632650000        1.0000000000        1.0000000000       88.6843038022        0.0000000000        0.8869204367        0.1064304524        0.0000238884
       58.2653060000        1.0000000000        1.0000000000       74.1718967643        0.0000000000        0.8869204367        0.1064304524        0.0001363034
       58.3673470000        1.0000000000        1.0000000000       63.6911200631        0.0000000000        0.8869204367        0.1064304524        0.0004794196
       58.4693880000        1.0000000000        1.0000000000       55.8428479186        0.0000000000        0.8869204367        0.1064304524        0.0012295073
       58.5714290000        1.0000000000        1.0000000000       49.8273339902        0.0000000000        0.8869204367        0.1064304524        0.0025306475
       58.6734690000        1.0000000000        1.0000000000       45.3068549439        0.0000000000        0.8869204367        0.1064304524        0.0043532935
       58.7755100000        1.0000000000        1.0000000000       42.6566428216        0.0000000000        0.8869204367        0.1064304524        0.0059832155
       58.8775510000        1.0000000000        1.0000000000       42.8012386921        0.0000000000        0.8869204367        0.1064304524        0.0058802933
       58.9795920000        1.0000000000        1.0000000000       44.6408030862        0.0000000000        0.8869204367        0.1064304524        0.0047155186
       59.0816330000        1.0000000000        1.0000000000       43.7514438432        0.0000000000        0.8869204367        0.1064304524        0.0052466093
       59.1836730000        1.0000000000        1.0000000000       38.5143722685        0.0000000000        0.8869204367        0.1064304524        0.0098358179
       59.2857140000        1.0000000000        1.0000000000       32.8009409373        0.0000000000        0.8869204367        0.1064304524        0.0195239588
       59.3877550000        1.0000000000        1.0000000000       29.2642617850        0.0000000000        0.8869204367        0.1064304524        0.0298457922
       59.4897960000        1.0000000000        1.0000000000       27.3328826917        0.0000000000        0.8869204367        0.1064304524        0.0376302917
       59.5918370000        1.0000000000        1.0000000000       26.0259130820        0.0000000000        0.8869204367        0.1064304524        0.0440200719
       59.6938780000        1.0000000000        1.0000000000       24.9626616899        0.0000000000        0.8869204367        0.1064304524        0.0500106447
       59.7959180000        1.0000000000        1.0000000000       24.0419498238        0.0000000000        0.8869204367        0.1064304524        0.0558528917
       59.8979590000        1.0000000000        1.0000000000       23.2281188357        0.0000000000        0.8869204367        0.1064304524        0.0615827020
       60.0000000000        1.0000000000        1.0000000000       22.5011037435        0.0000000000        0.8869204367        0.1064304524        0.0671966120
