       55.0000000000        1.0000000000        1.0000000000       10.0903432851        0.0000000000        0.8869204367        0.1064304524        0.2979465431
       55.1020410000        1.0000000000        1.0000000000       10.1700151615        0.0000000000        0.8869204367        0.1064304524        0.2951115616
       55.2040820000        1.0000000000        1.0000000000       10.2733856552        0.0000000000        0.8869204367        0.1064304524        0.2914734731
       55.3061220000        1.0000000000        1.0000000000       10.4110324493        0.0000000000        0.8869204367        0.1064304524        0.2866985700
       55.4081630000        1.0000000000        1.0000000000       10.6152472177        0.0000000000        0.8869204367        0.1064304524        0.2797581872
       55.5102040000        1.0000000000        1.0000000000       11.0030217960        0.0000000000        0.8869204367        0.1064304524        0.2670384521
       55.6122450000        1.0000000000        1.0000000000       11.8071504815        0.0000000000        0.8869204367        0.1064304524        0.2424746627
       55.7142860000        1.0000000000        1.0000000000       12.9768545437        0.0000000000        0.8869204367        0.1064304524        0.2107205259
       55.8163270000        1.0000000000        1.0000000000       13.7697823931        0.0000000000        0.8869204367        0.1064304524        0.1915945445
       55.9183670000        1.0000000000        1.0000000000       13.8042157072        0.0000000000        0.8869204367        0.1064304524        0.1908045096
       56.0204080000        1.0000000000        1.0000000000       13.8608676100        0.0000000000        0.8869204367        0.1064304524        0.1895117761
       56.1224490000        1.0000000000        1.0000000000       14.6281911370        0.0000000000        0.8869204367        0.1064304524        0.1728410425
       56.2244900000        1.0000000000        1.0000000000       16.1979327081        0.0000000000        0.8869204367        0.1064304524        0.1431657935
       56.3265310000        1.0000000000        1.0000000000       18.7033746722        0.0000000000        0.8869204367        0.1064304524        0.1059905902
       56.4285710000        1.0000000000        1.0000000000       22.7052877628        0.0000000000        0.8869204367        0.1064304524        0.0655701622
       56.5306120000        1.0000000000        1.0000000000       29.5958072451        0.0000000000        0.8869204367        0.1064304524        0.0286816748
       56.6326530000        1.0000000000        1.0000000000       43.5027408363        0.0000000000        0.8869204367        0.1064304524        0.0054055509
       56.7346940000        1.0000000000        1.0000000000       81.3452117291        0.0000000000        0.8869204367        0.1064304524        0.0000576324
       56.8367350000        1.0000000000        1.0000000000      212.1138143768        0.0000000000        0.8869204367        0.1064304524        0.0000000000
       56.9387760000        1.0000000000        1.0000000000      603.1085440937        0.0000000000        0.8869204367        0.1064304524        0.0000000000
       57.0408160000        1.0000000000        1.0000000000     1316.4319642321        0.0000000000        0.8869204367        0.1064304524        0.0000000000
       57.1428570000        1.0000000000        1.0000000000     1860.7043682857        0.0000000000        0.8869204367        0.1064304524        0.0000000000
       57.2448980000        1.0000000000        1.0000000000     1623.5858206632        0.0000000000        0.8869204367        0.1064304524        0.0000000000
       57.3469390000        1.0000000000        1.0000000000      903.7773634700        0.0000000000        0.8869204367        0.1064304524        0.0000000000
       57.4489800000        1.0000000000        1.0000000000      368.3352849786        0.0000000000        0.8869204367        0.1064304524        0.0000000000
       57.5510200000        1.0000000000        1.0000000000      150.0392162980        0.0000000000        0.8869204367        0.1064304524        0.0000000152
       57.6530610000        1.0000000000        1.0000000000       81.4350988914        0.0000000000        0.8869204367        0.1064304524        0.0000570141
       57.7551020000        1.0000000000        1.0000000000       56.5190002268        0.0000000000        0.8869204367        0.1064304524        0.0011336871
       57.8571430000        1.0000000000        1.0000000000       44.1216418797        0.0000000000        0.8869204367        0.1064304524        0.0050186364
       57.9591840000        1.0000000000        1.0000000000       36.6393233772        0.0000000000        0.8869204367        0.1064304524        0.0123176904
       58.0612240000        1.0000000000        1.0000000000       31.6664525685        0.0000000000        0.8869204367        0.1064304524        0.0223713466
       58.1632650000        1.0000000000        1.0000000000       28.1560183887        0.0000000000        0.8869204367        0.1064304524        0.0340909882
       58.2653060000        1.0000000000        1.0000000000       25.5686679542        0.0000000000        0.8869204367        0.1064304524        0.0465029208
       58.3673470000        1.0000000000        1.0000000000       23.6004031040        0.0000000000        0.8869204367        0.1064304524        0.0588920971
       58.4693880000        1.0000000000        1.0000000000       22.0728980787        0.0000000000        0.8869204367        0.1064304524        0.0707397401
       58.5714290000        1.0000000000        1.0000000000       20.9017378331        0.0000000000        0.8869204367        0.1064304524        0.0814139585
       58.6734690000        1.0000000000        1.0000000000       20.1959728531        0.0000000000        0.8869204367        0.1064304524        0.0886094523
       58.7755100000        1.0000000000        1.0000000000       20.6203927995        0.0000000000        0.8869204367        0.1064304524        0.0842095338
       58.8775510000        1.0000000000        1.0000000000       23.2656219268        0.0000000000        0.8869204367        0.1064304524        0.0613061796
       58.9795920000        1.0000000000        1.0000000000       27.0985526261        0.0000000000        0.8869204367        0.1064304524        0.0387034585
       59.0816330000        1.0000000000        1.0000000000       27.7883845840        0.0000000000        0.8869204367        0.1064304524        0.0356286158
       59.1836730000        1.0000000000        1.0000000000       23.9026523175        0.0000000000        0.8869204367        0.1064304524        0.0567943586
       59.2857140000        1.0000000000        1.0000000000       19.4272631332        0.0000000000        0.8869204367        0.1064304524        0.0971721068
       59.3877550000        1.0000000000        1.0000000000       17.0028529612        0.0000000000        0.8869204367        0.1064304524        0.1299842025
       59.4897960000        1.0000000000        1.0000000000       16.0405446714        0.0000000000        0.8869204367        0.1064304524        0.1458953988
       59.5918370000        1.0000000000        1.0000000000       15.5763640742        0.0000000000        0.8869204367        0.1064304524        0.1542526111
       59.6938780000        1.0000000000        1.0000000000       15.2531703039        0.0000000000        0.8869204367        0.1064304524        0.1603525522
       59.7959180000        1.0000000000        1.0000000000       14.9880236422        0.0000000000        0.8869204367        0.1064304524        0.1655366204
       59.8979590000        1.0000000000        1.0000000000       14.7589104780        0.0000000000        0.8869204367        0.1064304524        0.1701509564
       60.0000000000        1.0000000000        1.0000000000       14.5564133311        0.0000000000        0.8869204367        0.1064304524        0.1743362105
