       55.0000000000        1.0000000000        1.0000000000        9.9623434479        0.0000000000        0.8869204367        0.1064304524        0.3025583239
       55.1020410000        1.0000000000        1.0000000000       10.0701021320        0.0000000000        0.8869204367        0.1064304524        0.2986711165
       55.2040820000        1.0000000000        1.0000000000       10.2056408524        0.0000000000        0.8869204367        0.1064304524        0.2938526281
       55.3061220000        1.0000000000        1.0000000000       10.3800047168        0.0000000000        0.8869204367        0.1064304524        0.2877680325
       55.4081630000        1.0000000000        1.0000000000       10.6259554807        0.0000000000        0.8869204367        0.1064304524        0.2793989312
       55.5102040000        1.0000000000        1.0000000000       11.0607470245        0.0000000000        0.8869204367        0.1064304524        0.2651950614
       55.6122450000        1.0000000000        1.0000000000       11.9161519420        0.0000000000        0.8869204367        0.1064304524        0.2393237041
       55.7142860000        1.0000000000        1.0000000000       13.1378694417        0.0000000000        0.8869204367        0.1064304524        0.2066881108
       55.8163270000        1.0000000000        1.0000000000       13.9800175430        0.0000000000        0.8869204367        0.1064304524        0.1868214175
       55.9183670000        1.0000000000        1.0000000000       14.0588850973        0.0000000000        0.8869204367        0.1064304524        0.1850616601
       56.0204080000        1.0000000000        1.0000000000       14.1454216481        0.0000000000        0.8869204367        0.1064304524        0.1831498520
       56.1224490000        1.0000000000        1.0000000000       14.9003938236        0.0000000000        0.8869204367        0.1064304524        0.1672865182
       56.2244900000        1.0000000000        1.0000000000       16.3600466648        0.0000000000        0.8869204367        0.1064304524        0.1404076081
       56.3265310000        1.0000000000        1.0000000000       18.5400367749        0.0000000000        0.8869204367        0.1064304524        0.1080885573
       56.4285710000        1.0000000000        1.0000000000       21.7240698247        0.0000000000        0.8869204367        0.1064304524        0.0737637118
       56.5306120000        1.0000000000        1.0000000000       26.5384138915        0.0000000000        0.8869204367        0.1064304524        0.0413944002
       56.6326530000        1.0000000000        1.0000000000       34.2529193645        0.0000000000        0.8869204367        0.1064304524        0.0164020275
       56.7346940000        1.0000000000        1.0000000000       47.8427511478        0.0000000000        0.8869204367        0.1064304524        0.0032111372
       56.8367350000        1.0000000000        1.0000000000       76.7001721642        0.0000000000        0.8869204367        0.1064304524        0.0001006340
       56.9387760000        1.0000000000        1.0000000000      159.1253672658        0.0000000000        0.8869204367        0.1064304524        0.0000000051
       57.0408160000        1.0000000000        1.0000000000      428.9004703560        0.0000000000        0.8869204367        0.1064304524        0.0000000000
       57.1428570000        1.0000000000        1.0000000000     1119.5517897120        0.0000000000        0.8869204367        0.1064304524        0.0000000000
       57.2448980000        1.0000000000        1.0000000000     2125.1455134344        0.0000000000        0.8869204367        0.1064304524        0.0000000000
       57.3469390000        1.0000000000        1.0000000000     2595.2509020441        0.0000000000        0.8869204367        0.1064304524        0.0000000000
       57.4489800000        1.0000000000        1.0000000000     1991.3635686172        0.0000000000        0.8869204367        0.1064304524        0.0000000000
       57.5510200000        1.0000000000        1.0000000000     1017.5294316638        0.0000000000        0.8869204367        0.1064304524        0.0000000000
       57.6530610000        1.0000000000        1.0000000000      413.2855914355        0.0000000000        0.8869204367        0.1064304524        0.0000000000
       57.7551020000        1.0000000000        1.0000000000      182.9458735231        0.0000000000        0.8869204367        0.1064304524        0.0000000003
       57.8571430000        1.0000000000        1.0000000000      106.5259362582        0.0000000000        0.8869204367        0.1064304524        0.0000028078
       57.9591840000        1.0000000000        1.0000000000       75.3023233987        0.0000000000        0.8869204367        0.1064304524        0.0001190129
       58.0612240000        1.0000000000        1.0000000000       58.6188328909        0.0000000000        0.8869204367        0.1064304524        0.0008811700
       58.1632650000        1.0000000000        1.0000000000       48.2324581434        0.0000000000        0.8869204367        0.1064304524        0.0030644261
       58.2653060000        1.0000000000        1.0000000000       41.2086713670        0.0000000000        0.8869204367        0.1064304524        0.0071186259
       58.3673470000        1.0000000000        1.0000000000       36.1946919721        0.0000000000        0.8869204367        0.1064304524        0.0129927595
       58.4693880000        1.0000000000        1.0000000000       32.4772601288        0.0000000000        0.8869204367        0.1064304524        0.0202972227
       58.5714290000        1.0000000000        1.0000000000       29.6727292623        0.0000000000        0.8869204367        0.1064304524        0.0284181427
       58.6734690000        1.0000000000        1.0000000000       27.7105621343        0.0000000000        0.8869204367        0.1064304524        0.0359628990
       58.7755100000        1.0000000000        1.0000000000       27.1428643634        0.0000000000        0.8869204367        0.1064304524        0.0384982026
       58.8775510000        1.0000000000        1.0000000000       28.9954792842        0.0000000000        0.8869204367        0.1064304524        0.0308241282
       58.9795920000        1.0000000000        1.0000000000       32.2064541946        0.0000000000        0.8869204367        0.1064304524        0.0209676500
       59.0816330000        1.0000000000        1.0000000000       32.4107008156        0.0000000000        0.8869204367        0.1064304524        0.0204599881
       59.1836730000        1.0000000000        1.0000000000       28.1147161636        0.0000000000        0.8869204367        0.1064304524        0.0342603716
       59.2857140000        1.0000000000        1.0000000000       23.2672566499        0.0000000000        0.8869204367        0.1064304524        0.0612941546
       59.3877550000        1.0000000000        1.0000000000       20.5117587266        0.0000000000        0.8869204367        0.1064304524        0.0853144832
       59.4897960000        1.0000000000        1.0000000000       19.2638365146        0.0000000000        0.8869204367        0.1064304524        0.0990965767
       59.5918370000        1.0000000000        1.0000000000       18.5536200362        0.0000000000        0.8869204367        0.1064304524        0.1079125174
       59.6938780000        1.0000000000        1.0000000000       18.0162688873        0.0000000000        0.8869204367        0.1064304524        0.1151001953
       59.7959180000        1.0000000000        1.0000000000       17.5629463651        0.0000000000        0.8869204367        0.1064304524        0.1215349305
       59.8979590000        1.0000000000        1.0000000000       17.1672600153        0.0000000000        0.8869204367        0.1064304524        0.1274448953
       60.0000000000        1.0000000000        1.0000000000       16.8164027533        0.0000000000        0.8869204367        0.1064304524        0.1329252511
