       55.0000000000        1.0000000000        1.0000000000        9.4536102472        0.0000000000        0.8869204367        0.1064304524        0.3216043455
       55.1020410000        1.0000000000        1.0000000000        9.5181203219        0.0000000000        0.8869204367        0.1064304524        0.3191243505
       55.2040820000        1.0000000000        1.0000000000        9.6007726136        0.0000000000        0.8869204367        0.1064304524        0.3159748322
       55.3061220000        1.0000000000        1.0000000000        9.7097993029        0.0000000000        0.8869204367        0.1064304524        0.3118677946
       55.4081630000        1.0000000000        1.0000000000        9.8741221539        0.0000000000        0.8869204367        0.1064304524        0.3057783890
       55.5102040000        1.0000000000        1.0000000000       10.2057620920        0.0000000000        0.8869204367        0.1064304524        0.2938483529
       55.6122450000        1.0000000000        1.0000000000       10.9296518123        0.0000000000        0.8869204367        0.1064304524        0.2693999455
       55.7142860000        1.0000000000        1.0000000000       11.9824991289        0.0000000000        0.8869204367        0.1064304524        0.2374258546
       55.8163270000        1.0000000000        1.0000000000       12.6040025595        0.0000000000        0.8869204367        0.1064304524        0.2203627323
       55.9183670000        1.0000000000        1.0000000000       12.3867784677        0.0000000000        0.8869204367        0.1064304524        0.2261824248
       56.0204080000        1.0000000000        1.0000000000       12.0674982327        0.0000000000        0.8869204367        0.1064304524        0.2350164452
       56.1224490000        1.0000000000        1.0000000000       12.2558782749        0.0000000000        0.8869204367        0.1064304524        0.2297633546
       56.2244900000        1.0000000000        1.0000000000       12.9055432111        0.0000000000        0.8869204367        0.1064304524        0.2125314747
       56.3265310000        1.0000000000        1.0000000000       13.8906046942        0.0000000000        0.8869204367        0.1064304524        0.1888367180
       56.4285710000        1.0000000000        1.0000000000       15.2417365325        0.0000000000        0.8869204367        0.1064304524        0.1605727153
       56.5306120000        1.0000000000        1.0000000000       17.1015065797        0.0000000000        0.8869204367        0.1064304524        0.1284544658
       56.6326530000        1.0000000000        1.0000000000       19.7224154847        0.0000000000        0.8869204367        0.1064304524        0.0937906734
       56.7346940000        1.0000000000        1.0000000000       23.5422009772        0.0000000000        0.8869204367        0.1064304524        0.0593048542
       56.8367350000        1.0000000000        1.0000000000       29.3696561300        0.0000000000        0.8869204367        0.1064304524        0.0294706998
       56.9387760000        1.0000000000        1.0000000000       38.8692519615        0.0000000000        0.8869204367        0.1064304524        0.0094257475
       57.0408160000        1.0000000000        1.0000000000       56.1946392500        0.0000000000        0.8869204367        0.1064304524        0.0011786840
       57.1428570000        1.0000000000        1.0000000000       95.2813394629        0.0000000000        0.8869204367        0.1064304524        0.0000108238
       57.2448980000        1.0000000000        1.0000000000      211.7246362290        0.0000000000        0.8869204367        0.1064304524        0.0000000000
       57.3469390000        1.0000000000        1.0000000000      577.0084648328        0.0000000000        0.8869204367        0.1064304524        0.0000000000
       57.4489800000        1.0000000000        1.0000000000     1411.7381926602        0.0000000000        0.8869204367        0.1064304524        0.0000000000
       57.5510200000        1.0000000000        1.0000000000     2434.6586414216        0.0000000000        0.8869204367        0.1064304524        0.0000000000
       57.6530610000        1.0000000000        1.0000000000     2682.1733584391        0.0000000000        0.8869204367        0.1064304524        0.0000000000
       57.7551020000        1.0000000000        1.0000000000     1876.2786152527        0.0000000000        0.8869204367        0.1064304524        0.0000000000
       57.8571430000        1.0000000000        1.0000000000      901.5056787862        0.0000000000        0.8869204367        0.1064304524        0.0000000000
       57.9591840000        1.0000000000        1.0000000000      366.0482118121        0.0000000000        0.8869204367        0.1064304524        0.0000000000
       58.0612240000        1.0000000000        1.0000000000      171.5124343622        0.0000000000        0.8869204367        0.1064304524        0.0000000012
       58.1632650000        1.0000000000        1.0000000000      104.7980461384        0.0000000000        0.8869204367        0.1064304524        0.0000034547
       58.2653060000        1.0000000000        1.0000000000       75.7050032696        0.0000000000        0.8869204367        0.1064304524        0.0001133987
       58.3673470000        1.0000000000        1.0000000000       59.5792998832        0.0000000000        0.8869204367        0.1064304524        0.0007852441
       58.4693880000        1.0000000000        1.0000000000       49.4186839509        0.0000000000        0.8869204367        0.1064304524        0.0026578385
       58.5714290000        1.0000000000        1.0000000000       42.6082965216        0.0000000000        0.8869204367        0.1064304524        0.0060180284
       58.6734690000        1.0000000000        1.0000000000       38.0940103784        0.0000000000        0.8869204367        0.1064304524        0.0103446971
       58.7755100000        1.0000000000        1.0000000000       35.9679391369        0.0000000000        0.8869204367        0.1064304524        0.0133511508
       58.8775510000        1.0000000000        1.0000000000       37.1018718922        0.0000000000        0.8869204367        0.1064304524        0.0116526154
       58.9795920000        1.0000000000        1.0000000000       40.5956725307        0.0000000000        0.8869204367        0.1064304524        0.0076620117
       59.0816330000        1.0000000000        1.0000000000       43.0973090196        0.0000000000        0.8869204367        0.1064304524        0.0056750433
       59.1836730000        1.0000000000        1.0000000000       48.6308260274        0.0000000000        0.8869204367        0.1064304524        0.0029213801
       59.2857140000        1.0000000000        1.0000000000       85.4670144172        0.0000000000        0.8869204367        0.1064304524        0.0000351445
       59.3877550000        1.0000000000        1.0000000000      210.8648650752        0.0000000000        0.8869204367        0.1064304524        0.0000000000
       59.4897960000        1.0000000000        1.0000000000      427.0327746217        0.0000000000        0.8869204367        0.1064304524        0.0000000000
       59.5918370000        1.0000000000        1.0000000000      560.5409248563        0.0000000000        0.8869204367        0.1064304524        0.0000000000
       59.6938780000        1.0000000000        1.0000000000      453.8966009498        0.0000000000        0.8869204367        0.1064304524        0.0000000000
       59.7959180000        1.0000000000        1.0000000000      237.9694048634        0.0000000000        0.8869204367        0.1064304524        0.0000000000
       59.8979590000        1.0000000000        1.0000000000       97.7324179226        0.0000000000        0.8869204367        0.1064304524        0.0000080657
       60.0000000000        1.0000000000        1.0000000000       46.7561576624        0.0000000000        0.8869204367        0.1064304524        0.0036583651
