       55.0000000000        1.0000000000        1.0000000000        9.9230023191        0.0000000000        0.8869204367        0.1064304524        0.3039900591
       55.1020410000        1.0000000000        1.0000000000       10.0718878944        0.0000000000        0.8869204367        0.1064304524        0.2986071207
       55.2040820000        1.0000000000        1.0000000000       10.2644859506        0.0000000000        0.8869204367        0.1064304524        0.2917849227
       55.3061220000        1.0000000000        1.0000000000       10.5183328699        0.0000000000        0.8869204367        0.1064304524        0.2830306893
       55.4081630000        1.0000000000        1.0000000000       10.8757754541        0.0000000000        0.8869204367        0.1064304524        0.2711473024
       55.5102040000        1.0000000000        1.0000000000       11.4684732714        0.0000000000        0.8869204367        0.1064304524        0.2525321296
       55.6122450000        1.0000000000        1.0000000000       12.5503240697        0.0000000000        0.8869204367        0.1064304524        0.2217867624
       55.7142860000        1.0000000000        1.0000000000       14.1018418800        0.0000000000        0.8869204367        0.1064304524        0.1841101562
       55.8163270000        1.0000000000        1.0000000000       15.4346143096        0.0000000000        0.8869204367        0.1064304524        0.1568988863
       55.9183670000        1.0000000000        1.0000000000       16.2627009013        0.0000000000        0.8869204367        0.1064304524        0.1420573957
       56.0204080000        1.0000000000        1.0000000000       17.5325804767        0.0000000000        0.8869204367        0.1064304524        0.1219786003
       56.1224490000        1.0000000000        1.0000000000       20.2437907894        0.0000000000        0.8869204367        0.1064304524        0.0881024537
       56.2244900000        1.0000000000        1.0000000000       25.1388593373        0.0000000000        0.8869204367        0.1064304524        0.0489643341
       56.3265310000        1.0000000000        1.0000000000       33.9867373350        0.0000000000        0.8869204367        0.1064304524        0.0169343956
       56.4285710000        1.0000000000        1.0000000000       53.0332859461        0.0000000000        0.8869204367        0.1064304524        0.0017224729
       56.5306120000        1.0000000000        1.0000000000      109.3784341462        0.0000000000        0.8869204367        0.1064304524        0.0000019939
       56.6326530000        1.0000000000        1.0000000000      303.7368866327        0.0000000000        0.8869204367        0.1064304524        0.0000000000
       56.7346940000        1.0000000000        1.0000000000      824.2329498078        0.0000000000        0.8869204367        0.1064304524        0.0000000000
       56.8367350000        1.0000000000        1.0000000000     1606.5722965814        0.0000000000        0.8869204367        0.1064304524        0.0000000000
       56.9387760000        1.0000000000        1.0000000000     1983.4730899383        0.0000000000        0.8869204367        0.1064304524        0.0000000000
       57.0408160000        1.0000000000        1.0000000000     1514.2277811083        0.0000000000        0.8869204367        0.1064304524        0.0000000000
       57.1428570000        1.0000000000        1.0000000000      757.6093735202        0.0000000000        0.8869204367        0.1064304524        0.0000000000
       57.2448980000        1.0000000000        1.0000000000      298.2554335495        0.0000000000        0.8869204367        0.1064304524        0.0000000000
       57.3469390000        1.0000000000        1.0000000000      129.7747678459        0.0000000000        0.8869204367        0.1064304524        0.0000001725
       57.4489800000        1.0000000000        1.0000000000       76.2294021571        0.0000000000        0.8869204367        0.1064304524        0.0001064827
       57.5510200000        1.0000000000        1.0000000000       54.8104166832        0.0000000000        0.8869204367        0.1064304524        0.0013916711
       57.6530610000        1.0000000000        1.0000000000       43.3919771385        0.0000000000        0.8869204367        0.1064304524        0.0054778792
       57.7551020000        1.0000000000        1.0000000000       36.2716843562        0.0000000000        0.8869204367        0.1064304524        0.0128732711
       57.8571430000        1.0000000000        1.0000000000       31.4456190305        0.0000000000        0.8869204367        0.1064304524        0.0229721128
       57.9591840000        1.0000000000        1.0000000000       27.9896530533        0.0000000000        0.8869204367        0.1064304524        0.0347784142
       58.0612240000        1.0000000000        1.0000000000       25.4124122772        0.0000000000        0.8869204367        0.1064304524        0.0473831086
       58.1632650000        1.0000000000        1.0000000000       23.4295202849        0.0000000000        0.8869204367        0.1064304524        0.0601122017
       58.2653060000        1.0000000000        1.0000000000       21.8665527848        0.0000000000        0.8869204367        0.1064304524        0.0725132240
       58.3673470000        1.0000000000        1.0000000000       20.6125837880        0.0000000000        0.8869204367        0.1064304524        0.0842884820
       58.4693880000        1.0000000000        1.0000000000       19.5989338388        0.0000000000        0.8869204367        0.1064304524        0.0951907924
       58.5714290000        1.0000000000        1.0000000000       18.8070356236        0.0000000000        0.8869204367        0.1064304524        0.1046803063
       58.6734690000        1.0000000000        1.0000000000       18.3873642450        0.0000000000        0.8869204367        0.1064304524        0.1100870669
       58.7755100000        1.0000000000        1.0000000000       19.0316571681        0.0000000000        0.8869204367        0.1064304524        0.1018963804
       58.8775510000        1.0000000000        1.0000000000       21.8476882325        0.0000000000        0.8869204367        0.1064304524        0.0726775614
       58.9795920000        1.0000000000        1.0000000000       25.8126170517        0.0000000000        0.8869204367        0.1064304524        0.0451613319
       59.0816330000        1.0000000000        1.0000000000       26.6044304557        0.0000000000        0.8869204367        0.1064304524        0.0410677698
       59.1836730000        1.0000000000        1.0000000000       22.8007387860        0.0000000000        0.8869204367        0.1064304524        0.0648233984
       59.2857140000        1.0000000000        1.0000000000       18.3940239770        0.0000000000        0.8869204367        0.1064304524        0.1099991240
       59.3877550000        1.0000000000        1.0000000000       16.0266654068        0.0000000000        0.8869204367        0.1064304524        0.1461385918
       59.4897960000        1.0000000000        1.0000000000       15.1108559400        0.0000000000        0.8869204367        0.1064304524        0.1631145258
       59.5918370000        1.0000000000        1.0000000000       14.6844100902        0.0000000000        0.8869204367        0.1064304524        0.1716789337
       59.6938780000        1.0000000000        1.0000000000       14.3918902996        0.0000000000        0.8869204367        0.1064304524        0.1778122900
       59.7959180000        1.0000000000        1.0000000000       14.1516706939        0.0000000000        0.8869204367        0.1064304524        0.1830125621
       59.8979590000        1.0000000000        1.0000000000       13.9427417084        0.0000000000        0.8869204367        0.1064304524        0.1876589602
       60.0000000000        1.0000000000        1.0000000000       13.7564712769        0.0000000000        0.8869204367        0.1064304524        0.1919008295
