       55.0000000000        1.0000000000        1.0000000000       10.9846932505        0.0000000000        0.8869204367        0.1064304524        0.2676264297
       55.1020410000        1.0000000000        1.0000000000       11.3639083655        0.0000000000        0.8869204367        0.1064304524        0.2557208130
       55.2040820000        1.0000000000        1.0000000000       11.8178196700        0.0000000000        0.8869204367        0.1064304524        0.2421644204
       55.3061220000        1.0000000000        1.0000000000       12.3678303238        0.0000000000        0.8869204367        0.1064304524        0.2266972983
       55.4081630000        1.0000000000        1.0000000000       13.0602030014        0.0000000000        0.8869204367        0.1064304524        0.2086234430
       55.5102040000        1.0000000000        1.0000000000       14.0293412634        0.0000000000        0.8869204367        0.1064304524        0.1857189162
       55.6122450000        1.0000000000        1.0000000000       15.5254532680        0.0000000000        0.8869204367        0.1064304524        0.1551978705
       55.7142860000        1.0000000000        1.0000000000       17.5124721251        0.0000000000        0.8869204367        0.1064304524        0.1222732903
       55.8163270000        1.0000000000        1.0000000000       19.2803011419        0.0000000000        0.8869204367        0.1064304524        0.0989009794
       55.9183670000        1.0000000000        1.0000000000       20.5154323740        0.0000000000        0.8869204367        0.1064304524        0.0852768817
       56.0204080000        1.0000000000        1.0000000000       22.0735804204        0.0000000000        0.8869204367        0.1064304524        0.0707339481
       56.1224490000        1.0000000000        1.0000000000       24.7125025319        0.0000000000        0.8869204367        0.1064304524        0.0515346798
       56.2244900000        1.0000000000        1.0000000000       28.6133924218        0.0000000000        0.8869204367        0.1064304524        0.0322703286
       56.3265310000        1.0000000000        1.0000000000       34.0229178860        0.0000000000        0.8869204367        0.1064304524        0.0168610315
       56.4285710000        1.0000000000        1.0000000000       41.5892976792        0.0000000000        0.8869204367        0.1064304524        0.0068007953
       56.5306120000        1.0000000000        1.0000000000       52.5335938009        0.0000000000        0.8869204367        0.1064304524        0.0018289171
       56.6326530000        1.0000000000        1.0000000000       69.1415096033        0.0000000000        0.8869204367        0.1064304524        0.0002492682
       56.7346940000        1.0000000000        1.0000000000       96.1547772724        0.0000000000        0.8869204367        0.1064304524        0.0000097468
       56.8367350000        1.0000000000        1.0000000000      145.4134099186        0.0000000000        0.8869204367        0.1064304524        0.0000000264
       56.9387760000        1.0000000000        1.0000000000      254.3781627109        0.0000000000        0.8869204367        0.1064304524        0.0000000000
       57.0408160000        1.0000000000        1.0000000000      550.3875759967        0.0000000000        0.8869204367        0.1064304524        0.0000000000
       57.1428570000        1.0000000000        1.0000000000     1344.6606178046        0.0000000000        0.8869204367        0.1064304524        0.0000000000
       57.2448980000        1.0000000000        1.0000000000     2875.6258577490        0.0000000000        0.8869204367        0.1064304524        0.0000000000
       57.3469390000        1.0000000000        1.0000000000     4423.1960285450        0.0000000000        0.8869204367        0.1064304524        0.0000000000
       57.4489800000        1.0000000000        1.0000000000     4504.4097508964        0.0000000000        0.8869204367        0.1064304524        0.0000000000
       57.5510200000        1.0000000000        1.0000000000     3052.8824324710        0.0000000000        0.8869204367        0.1064304524        0.0000000000
       57.6530610000        1.0000000000        1.0000000000     1513.6958785498        0.0000000000        0.8869204367        0.1064304524        0.0000000000
       57.7551020000        1.0000000000        1.0000000000      674.9410811980        0.0000000000        0.8869204367        0.1064304524        0.0000000000
       57.8571430000        1.0000000000        1.0000000000      344.9365254483        0.0000000000        0.8869204367        0.1064304524        0.0000000000
       57.9591840000        1.0000000000        1.0000000000      215.9813675678        0.0000000000        0.8869204367        0.1064304524        0.0000000000
       58.0612240000        1.0000000000        1.0000000000      154.3654533579        0.0000000000        0.8869204367        0.1064304524        0.0000000090
       58.1632650000        1.0000000000        1.0000000000      118.8771676254        0.0000000000        0.8869204367        0.1064304524        0.0000006378
       58.2653060000        1.0000000000        1.0000000000       96.0255063873        0.0000000000        0.8869204367        0.1064304524        0.0000098992
       58.3673470000        1.0000000000        1.0000000000       80.2659883003        0.0000000000        0.8869204367        0.1064304524        0.0000656011
       58.4693880000        1.0000000000        1.0000000000       68.8675733754        0.0000000000        0.8869204367        0.1064304524        0.0002575984
       58.5714290000        1.0000000000        1.0000000000       60.3518243743        0.0000000000        0.8869204367        0.1064304524        0.0007157219
       58.6734690000        1.0000000000        1.0000000000       54.0038472220        0.0000000000        0.8869204367        0.1064304524        0.0015331027
       58.7755100000        1.0000000000        1.0000000000       49.9759917084        0.0000000000        0.8869204367        0.1064304524        0.0024859037
       58.8775510000        1.0000000000        1.0000000000       49.0604630099        0.0000000000        0.8869204367        0.1064304524        0.0027745809
       58.9795920000        1.0000000000        1.0000000000       50.0827635029        0.0000000000        0.8869204367        0.1064304524        0.0024542560
       59.0816330000        1.0000000000        1.0000000000       48.5599862259        0.0000000000        0.8869204367        0.1064304524        0.0029463200
       59.1836730000        1.0000000000        1.0000000000       42.8073278210        0.0000000000        0.8869204367        0.1064304524        0.0058759981
       59.2857140000        1.0000000000        1.0000000000       36.6531375221        0.0000000000        0.8869204367        0.1064304524        0.0122972883
       59.3877550000        1.0000000000        1.0000000000       32.7402124531        0.0000000000        0.8869204367        0.1064304524        0.0196667577
       59.4897960000        1.0000000000        1.0000000000       30.4918717776        0.0000000000        0.8869204367        0.1064304524        0.0257576241
       59.5918370000        1.0000000000        1.0000000000       28.9171103132        0.0000000000        0.8869204367        0.1064304524        0.0311153741
       59.6938780000        1.0000000000        1.0000000000       27.6253481114        0.0000000000        0.8869204367        0.1064304524        0.0363325308
       59.7959180000        1.0000000000        1.0000000000       26.5078448944        0.0000000000        0.8869204367        0.1064304524        0.0415465253
       59.8979590000        1.0000000000        1.0000000000       25.5232396299        0.0000000000        0.8869204367        0.1064304524        0.0467571191
       60.0000000000        1.0000000000        1.0000000000       24.6470537449        0.0000000000        0.8869204367        0.1064304524        0.0519410192
