       55.0000000000        1.0000000000        1.0000000000       16.3965974432        0.0000000000        0.8869204367        0.1064304524        0.1397931159
       55.1020410000        1.0000000000        1.0000000000       17.7646906321        0.0000000000        0.8869204367        0.1064304524        0.1186279830
       55.2040820000        1.0000000000        1.0000000000       19.4325359779        0.0000000000        0.8869204367        0.1064304524        0.0971106414
       55.3061220000        1.0000000000        1.0000000000       21.4897093468        0.0000000000        0.8869204367        0.1064304524        0.0758676335
       55.4081630000        1.0000000000        1.0000000000       24.0777977672        0.0000000000        0.8869204367        0.1064304524        0.0556131424
       55.5102040000        1.0000000000        1.0000000000       27.4657976353        0.0000000000        0.8869204367        0.1064304524        0.0370348575
       55.6122450000        1.0000000000        1.0000000000       32.0925672590        0.0000000000        0.8869204367        0.1064304524        0.0212561700
       55.7142860000        1.0000000000        1.0000000000       38.1939798468        0.0000000000        0.8869204367        0.1064304524        0.0102213401
       55.8163270000        1.0000000000        1.0000000000       45.5060628339        0.0000000000        0.8869204367        0.1064304524        0.0042504622
       55.9183670000        1.0000000000        1.0000000000       54.4657162381        0.0000000000        0.8869204367        0.1064304524        0.0014504434
       56.0204080000        1.0000000000        1.0000000000       67.1644592759        0.0000000000        0.8869204367        0.1064304524        0.0003160105
       56.1224490000        1.0000000000        1.0000000000       86.5521359884        0.0000000000        0.8869204367        0.1064304524        0.0000308536
       56.2244900000        1.0000000000        1.0000000000      117.0973438215        0.0000000000        0.8869204367        0.1064304524        0.0000007896
       56.3265310000        1.0000000000        1.0000000000      168.7210425028        0.0000000000        0.8869204367        0.1064304524        0.0000000016
       56.4285710000        1.0000000000        1.0000000000      268.3955350769        0.0000000000        0.8869204367        0.1064304524        0.0000000000
       56.5306120000        1.0000000000        1.0000000000      501.6430566066        0.0000000000        0.8869204367        0.1064304524        0.0000000000
       56.6326530000        1.0000000000        1.0000000000     1116.3740055631        0.0000000000        0.8869204367        0.1064304524        0.0000000000
       56.7346940000        1.0000000000        1.0000000000     2519.2148471490        0.0000000000        0.8869204367        0.1064304524        0.0000000000
       56.8367350000        1.0000000000        1.0000000000     4587.7412492072        0.0000000000        0.8869204367        0.1064304524        0.0000000000
       56.9387760000        1.0000000000        1.0000000000     5841.0717543363        0.0000000000        0.8869204367        0.1064304524        0.0000000000
       57.0408160000        1.0000000000        1.0000000000     4985.0231624948        0.0000000000        0.8869204367        0.1064304524        0.0000000000
       57.1428570000        1.0000000000        1.0000000000     2971.7433599340        0.0000000000        0.8869204367        0.1064304524        0.0000000000
       57.2448980000        1.0000000000        1.0000000000     1423.1246707151        0.0000000000        0.8869204367        0.1064304524        0.0000000000
       57.3469390000        1.0000000000        1.0000000000      684.9284984472        0.0000000000        0.8869204367        0.1064304524        0.0000000000
       57.4489800000        1.0000000000        1.0000000000      390.0074826453        0.0000000000        0.8869204367        0.1064304524        0.0000000000
       57.5510200000        1.0000000000        1.0000000000      260.5235011675        0.0000000000        0.8869204367        0.1064304524        0.0000000000
       57.6530610000        1.0000000000        1.0000000000      191.8350155956        0.0000000000        0.8869204367        0.1064304524        0.0000000001
       57.7551020000        1.0000000000        1.0000000000      149.8980818976        0.0000000000        0.8869204367        0.1064304524        0.0000000154
       57.8571430000        1.0000000000        1.0000000000      121.9738761220        0.0000000000        0.8869204367        0.1064304524        0.0000004398
       57.9591840000        1.0000000000        1.0000000000      102.2762701279        0.0000000000        0.8869204367        0.1064304524        0.0000046756
       58.0612240000        1.0000000000        1.0000000000       87.7817312798        0.0000000000        0.8869204367        0.1064304524        0.0000266211
       58.1632650000        1.0000000000        1.0000000000       76.7598866814        0.0000000000        0.8869204367        0.1064304524        0.0000999154
       58.2653060000        1.0000000000        1.0000000000       68.1557519101        0.0000000000        0.8869204367        0.1064304524        0.0002805692
       58.3673470000        1.0000000000        1.0000000000       61.2942168805        0.0000000000        0.8869204367        0.1064304524        0.0006391918
       58.4693880000        1.0000000000        1.0000000000       55.7297202804        0.0000000000        0.8869204367        0.1064304524        0.0012463121
       58.5714290000        1.0000000000        1.0000000000       51.1818703982        0.0000000000        0.8869204367        0.1064304524        0.0021509957
       58.6734690000        1.0000000000        1.0000000000       47.6112364939        0.0000000000        0.8869204367        0.1064304524        0.0033015990
       58.7755100000        1.0000000000        1.0000000000       45.5725355021        0.0000000000        0.8869204367        0.1064304524        0.0042166924
       58.8775510000        1.0000000000        1.0000000000       46.1090116890        0.0000000000        0.8869204367        0.1064304524        0.0039537871
       58.9795920000        1.0000000000        1.0000000000       48.2090428871        0.0000000000        0.8869204367        0.1064304524        0.0030730487
       59.0816330000        1.0000000000        1.0000000000       47.4976948623        0.0000000000        0.8869204367        0.1064304524        0.0033468911
       59.1836730000        1.0000000000        1.0000000000       42.3602431069        0.0000000000        0.8869204367        0.1064304524        0.0061998562
       59.2857140000        1.0000000000        1.0000000000       36.6743905912        0.0000000000        0.8869204367        0.1064304524        0.0122659657
       59.3877550000        1.0000000000        1.0000000000       33.1205834742        0.0000000000        0.8869204367        0.1064304524        0.0187892568
       59.4897960000        1.0000000000        1.0000000000       31.1494170898        0.0000000000        0.8869204367        0.1064304524        0.0238033238
       59.5918370000        1.0000000000        1.0000000000       29.7892471656        0.0000000000        0.8869204367        0.1064304524        0.0280235610
       59.6938780000        1.0000000000        1.0000000000       28.6636492465        0.0000000000        0.8869204367        0.1064304524        0.0320762977
       59.7959180000        1.0000000000        1.0000000000       27.6745461878        0.0000000000        0.8869204367        0.1064304524        0.0361186639
       59.8979590000        1.0000000000        1.0000000000       26.7887064110        0.0000000000        0.8869204367        0.1064304524        0.0401696008
       60.0000000000        1.0000000000        1.0000000000       25.9878942846        0.0000000000        0.8869204367        0.1064304524        0.0442213615
