       55.0000000000        1.0000000000        1.0000000000        9.5711283497        0.0000000000        0.8869204367        0.1064304524        0.3171008547
       55.1020410000        1.0000000000        1.0000000000        9.6260095257        0.0000000000        0.8869204367        0.1064304524        0.3150193722
       55.2040820000        1.0000000000        1.0000000000        9.6955645792        0.0000000000        0.8869204367        0.1064304524        0.3124009720
       55.3061220000        1.0000000000        1.0000000000        9.7869938731        0.0000000000        0.8869204367        0.1064304524        0.3089921939
       55.4081630000        1.0000000000        1.0000000000        9.9278448761        0.0000000000        0.8869204367        0.1064304524        0.3038134598
       55.5102040000        1.0000000000        1.0000000000       10.2282919005        0.0000000000        0.8869204367        0.1064304524        0.2930549842
       55.6122450000        1.0000000000        1.0000000000       10.9107455737        0.0000000000        0.8869204367        0.1064304524        0.2700118401
       55.7142860000        1.0000000000        1.0000000000       11.9084328714        0.0000000000        0.8869204367        0.1064304524        0.2395454896
       55.8163270000        1.0000000000        1.0000000000       12.4561932613        0.0000000000        0.8869204367        0.1064304524        0.2243062011
       55.9183670000        1.0000000000        1.0000000000       12.1398750063        0.0000000000        0.8869204367        0.1064304524        0.2329841157
       56.0204080000        1.0000000000        1.0000000000       11.6863310399        0.0000000000        0.8869204367        0.1064304524        0.2460157490
       56.1224490000        1.0000000000        1.0000000000       11.6906085934        0.0000000000        0.8869204367        0.1064304524        0.2458894999
       56.2244900000        1.0000000000        1.0000000000       12.0844228836        0.0000000000        0.8869204367        0.1064304524        0.2345396210
       56.3265310000        1.0000000000        1.0000000000       12.7079496624        0.0000000000        0.8869204367        0.1064304524        0.2176310765
       56.4285710000        1.0000000000        1.0000000000       13.5376854594        0.0000000000        0.8869204367        0.1064304524        0.1970057712
       56.5306120000        1.0000000000        1.0000000000       14.6263529812        0.0000000000        0.8869204367        0.1064304524        0.1728791717
       56.6326530000        1.0000000000        1.0000000000       16.0706097610        0.0000000000        0.8869204367        0.1064304524        0.1453699842
       56.7346940000        1.0000000000        1.0000000000       18.0220218872        0.0000000000        0.8869204367        0.1064304524        0.1150207622
       56.8367350000        1.0000000000        1.0000000000       20.7227235065        0.0000000000        0.8869204367        0.1064304524        0.0831817904
       56.9387760000        1.0000000000        1.0000000000       24.5772971384        0.0000000000        0.8869204367        0.1064304524        0.0523776316
       57.0408160000        1.0000000000        1.0000000000       30.3042585166        0.0000000000        0.8869204367        0.1064304524        0.0263440978
       57.1428570000        1.0000000000        1.0000000000       39.2932171943        0.0000000000        0.8869204367        0.1064304524        0.0089581991
       57.2448980000        1.0000000000        1.0000000000       54.6381578405        0.0000000000        0.8869204367        0.1064304524        0.0014207378
       57.3469390000        1.0000000000        1.0000000000       85.2457602901        0.0000000000        0.8869204367        0.1064304524        0.0000360901
       57.4489800000        1.0000000000        1.0000000000      164.8689201964        0.0000000000        0.8869204367        0.1064304524        0.0000000026
       57.5510200000        1.0000000000        1.0000000000      415.7903832877        0.0000000000        0.8869204367        0.1064304524        0.0000000000
       57.6530610000        1.0000000000        1.0000000000     1097.1099764931        0.0000000000        0.8869204367        0.1064304524        0.0000000000
       57.7551020000        1.0000000000        1.0000000000     2246.0619145675        0.0000000000        0.8869204367        0.1064304524        0.0000000000
       57.8571430000        1.0000000000        1.0000000000     3056.4734167340        0.0000000000        0.8869204367        0.1064304524        0.0000000000
       57.9591840000        1.0000000000        1.0000000000     2643.3049517948        0.0000000000        0.8869204367        0.1064304524        0.0000000000
       58.0612240000        1.0000000000        1.0000000000     1504.6988782810        0.0000000000        0.8869204367        0.1064304524        0.0000000000
       58.1632650000        1.0000000000        1.0000000000      645.6967937016        0.0000000000        0.8869204367        0.1064304524        0.0000000000
       58.2653060000        1.0000000000        1.0000000000      275.8758468767        0.0000000000        0.8869204367        0.1064304524        0.0000000000
       58.3673470000        1.0000000000        1.0000000000      149.6775634748        0.0000000000        0.8869204367        0.1064304524        0.0000000158
       58.4693880000        1.0000000000        1.0000000000      100.9221185541        0.0000000000        0.8869204367        0.1064304524        0.0000055006
       58.5714290000        1.0000000000        1.0000000000       76.2980393696        0.0000000000        0.8869204367        0.1064304524        0.0001056092
       58.6734690000        1.0000000000        1.0000000000       61.6705615312        0.0000000000        0.8869204367        0.1064304524        0.0006109671
       58.7755100000        1.0000000000        1.0000000000       52.9980477808        0.0000000000        0.8869204367        0.1064304524        0.0017297719
       58.8775510000        1.0000000000        1.0000000000       49.3450890332        0.0000000000        0.8869204367        0.1064304524        0.0026814149
       58.9795920000        1.0000000000        1.0000000000       48.6920724985        0.0000000000        0.8869204367        0.1064304524        0.0028999879
       59.0816330000        1.0000000000        1.0000000000       46.1148027290        0.0000000000        0.8869204367        0.1064304524        0.0039510405
       59.1836730000        1.0000000000        1.0000000000       39.7119473573        0.0000000000        0.8869204367        0.1064304524        0.0085191928
       59.2857140000        1.0000000000        1.0000000000       33.1834693454        0.0000000000        0.8869204367        0.1064304524        0.0186480010
       59.3877550000        1.0000000000        1.0000000000       29.0708354011        0.0000000000        0.8869204367        0.1064304524        0.0305466502
       59.4897960000        1.0000000000        1.0000000000       26.7296832076        0.0000000000        0.8869204367        0.1064304524        0.0404551233
       59.5918370000        1.0000000000        1.0000000000       25.1309305182        0.0000000000        0.8869204367        0.1064304524        0.0490109438
       59.6938780000        1.0000000000        1.0000000000       23.8611616845        0.0000000000        0.8869204367        0.1064304524        0.0570778358
       59.7959180000        1.0000000000        1.0000000000       22.7963191218        0.0000000000        0.8869204367        0.1064304524        0.0648577872
       59.8979590000        1.0000000000        1.0000000000       21.8844660143        0.0000000000        0.8869204367        0.1064304524        0.0723575179
       60.0000000000        1.0000000000        1.0000000000       21.0937969635        0.0000000000        0.8869204367        0.1064304524        0.0795590604
