       55.0000000000        1.0000000000        1.0000000000       10.4616027515        0.0000000000        0.8869204367        0.1064304524        0.2849640263
       55.1020410000        1.0000000000        1.0000000000       10.8827715234        0.0000000000        0.8869204367        0.1064304524        0.2709197621
       55.2040820000        1.0000000000        1.0000000000       11.3906180488        0.0000000000        0.8869204367        0.1064304524        0.2549024985
       55.3061220000        1.0000000000        1.0000000000       12.0102380340        0.0000000000        0.8869204367        0.1064304524        0.2366368565
       55.4081630000        1.0000000000        1.0000000000       12.7929835130        0.0000000000        0.8869204367        0.1064304524        0.2154216472
       55.5102040000        1.0000000000        1.0000000000       13.8803130509        0.0000000000        0.8869204367        0.1064304524        0.1890700749
       55.6122450000        1.0000000000        1.0000000000       15.5321054036        0.0000000000        0.8869204367        0.1064304524        0.1550740323
       55.7142860000        1.0000000000        1.0000000000       17.7257656582        0.0000000000        0.8869204367        0.1064304524        0.1191833901
       55.8163270000        1.0000000000        1.0000000000       19.7722177252        0.0000000000        0.8869204367        0.1064304524        0.0932318267
       55.9183670000        1.0000000000        1.0000000000       21.3913158792        0.0000000000        0.8869204367        0.1064304524        0.0767687283
       56.0204080000        1.0000000000        1.0000000000       23.4895817641        0.0000000000        0.8869204367        0.1064304524        0.0596805080
       56.1224490000        1.0000000000        1.0000000000       26.9054239176        0.0000000000        0.8869204367        0.1064304524        0.0396109030
       56.2244900000        1.0000000000        1.0000000000       31.9552422636        0.0000000000        0.8869204367        0.1064304524        0.0216093525
       56.3265310000        1.0000000000        1.0000000000       39.1266920568        0.0000000000        0.8869204367        0.1064304524        0.0091390115
       56.4285710000        1.0000000000        1.0000000000       49.5230601577        0.0000000000        0.8869204367        0.1064304524        0.0026247563
       56.5306120000        1.0000000000        1.0000000000       65.3012747496        0.0000000000        0.8869204367        0.1064304524        0.0003951864
       56.6326530000        1.0000000000        1.0000000000       90.9477717205        0.0000000000        0.8869204367        0.1064304524        0.0000182065
       56.7346940000        1.0000000000        1.0000000000      137.6361608469        0.0000000000        0.8869204367        0.1064304524        0.0000000671
       56.8367350000        1.0000000000        1.0000000000      240.7438019250        0.0000000000        0.8869204367        0.1064304524        0.0000000000
       56.9387760000        1.0000000000        1.0000000000      521.8040259546        0.0000000000        0.8869204367        0.1064304524        0.0000000000
       57.0408160000        1.0000000000        1.0000000000     1283.7251035511        0.0000000000        0.8869204367        0.1064304524        0.0000000000
       57.1428570000        1.0000000000        1.0000000000     2772.5353031723        0.0000000000        0.8869204367        0.1064304524        0.0000000000
       57.2448980000        1.0000000000        1.0000000000     4304.4981968988        0.0000000000        0.8869204367        0.1064304524        0.0000000000
       57.3469390000        1.0000000000        1.0000000000     4414.1067429849        0.0000000000        0.8869204367        0.1064304524        0.0000000000
       57.4489800000        1.0000000000        1.0000000000     3001.9497886621        0.0000000000        0.8869204367        0.1064304524        0.0000000000
       57.5510200000        1.0000000000        1.0000000000     1486.4673283012        0.0000000000        0.8869204367        0.1064304524        0.0000000000
       57.6530610000        1.0000000000        1.0000000000      658.7559119089        0.0000000000        0.8869204367        0.1064304524        0.0000000000
       57.7551020000        1.0000000000        1.0000000000      334.3653300080        0.0000000000        0.8869204367        0.1064304524        0.0000000000
       57.8571430000        1.0000000000        1.0000000000      208.4952284183        0.0000000000        0.8869204367        0.1064304524        0.0000000000
       57.9591840000        1.0000000000        1.0000000000      148.6561888656        0.0000000000        0.8869204367        0.1064304524        0.0000000179
       58.0612240000        1.0000000000        1.0000000000      114.2691043910        0.0000000000        0.8869204367        0.1064304524        0.0000011087
       58.1632650000        1.0000000000        1.0000000000       92.1480310957        0.0000000000        0.8869204367        0.1064304524        0.0000157643
       58.2653060000        1.0000000000        1.0000000000       76.8982766084        0.0000000000        0.8869204367        0.1064304524        0.0000982699
       58.3673470000        1.0000000000        1.0000000000       65.8645718003        0.0000000000        0.8869204367        0.1064304524        0.0003693564
       58.4693880000        1.0000000000        1.0000000000       57.5896675503        0.0000000000        0.8869204367        0.1064304524        0.0009969997
       58.5714290000        1.0000000000        1.0000000000       51.2367768148        0.0000000000        0.8869204367        0.1064304524        0.0021368698
       58.6734690000        1.0000000000        1.0000000000       46.4435289240        0.0000000000        0.8869204367        0.1064304524        0.0037982172
       58.7755100000        1.0000000000        1.0000000000       43.5683951235        0.0000000000        0.8869204367        0.1064304524        0.0053631306
       58.8775510000        1.0000000000        1.0000000000       43.5261135980        0.0000000000        0.8869204367        0.1064304524        0.0053904111
       58.9795920000        1.0000000000        1.0000000000       45.2130930483        0.0000000000        0.8869204367        0.1064304524        0.0044025509
       59.0816330000        1.0000000000        1.0000000000       44.1996786836        0.0000000000        0.8869204367        0.1064304524        0.0049718591
       59.1836730000        1.0000000000        1.0000000000       38.8547978567        0.0000000000        0.8869204367        0.1064304524        0.0094421106
       59.2857140000        1.0000000000        1.0000000000       33.0420581317        0.0000000000        0.8869204367        0.1064304524        0.0189671456
       59.3877550000        1.0000000000        1.0000000000       29.4153243027        0.0000000000        0.8869204367        0.1064304524        0.0293096368
       59.4897960000        1.0000000000        1.0000000000       27.4043049920        0.0000000000        0.8869204367        0.1064304524        0.0373091528
       59.5918370000        1.0000000000        1.0000000000       26.0269739119        0.0000000000        0.8869204367        0.1064304524        0.0440144685
       59.6938780000        1.0000000000        1.0000000000       24.9010410579        0.0000000000        0.8869204367        0.1064304524        0.0503818178
       59.7959180000        1.0000000000        1.0000000000       23.9240811152        0.0000000000        0.8869204367        0.1064304524        0.0566485021
       59.8979590000        1.0000000000        1.0000000000       23.0595018490        0.0000000000        0.8869204367        0.1064304524        0.0628414607
       60.0000000000        1.0000000000        1.0000000000       22.2865147365        0.0000000000        0.8869204367        0.1064304524        0.0689494419
