       55.0000000000        1.0000000000        1.0000000000       10.1000976163        0.0000000000        0.8869204367        0.1064304524        0.2975979948
       55.1020410000        1.0000000000        1.0000000000       10.2492395595        0.0000000000        0.8869204367        0.1064304524        0.2923192514
       55.2040820000        1.0000000000        1.0000000000       10.4353690711        0.0000000000        0.8869204367        0.1064304524        0.2858625184
       55.3061220000        1.0000000000        1.0000000000       10.6721089107        0.0000000000        0.8869204367        0.1064304524        0.2778557821
       55.4081630000        1.0000000000        1.0000000000       10.9957425869        0.0000000000        0.8869204367        0.1064304524        0.2672718135
       55.5102040000        1.0000000000        1.0000000000       11.5283059904        0.0000000000        0.8869204367        0.1064304524        0.2507254611
       55.6122450000        1.0000000000        1.0000000000       12.5076347998        0.0000000000        0.8869204367        0.1064304524        0.2229258273
       55.7142860000        1.0000000000        1.0000000000       13.8871367448        0.0000000000        0.8869204367        0.1064304524        0.1889153195
       55.8163270000        1.0000000000        1.0000000000       14.9340944583        0.0000000000        0.8869204367        0.1064304524        0.1666113649
       55.9183670000        1.0000000000        1.0000000000       15.2877864474        0.0000000000        0.8869204367        0.1064304524        0.1596878393
       56.0204080000        1.0000000000        1.0000000000       15.7523844657        0.0000000000        0.8869204367        0.1064304524        0.1510285880
       56.1224490000        1.0000000000        1.0000000000       17.0383343700        0.0000000000        0.8869204367        0.1064304524        0.1294319363
       56.2244900000        1.0000000000        1.0000000000       19.2656350919        0.0000000000        0.8869204367        0.1064304524        0.0990751911
       56.3265310000        1.0000000000        1.0000000000       22.6014095982        0.0000000000        0.8869204367        0.1064304524        0.0663926347
       56.4285710000        1.0000000000        1.0000000000       27.6197425834        0.0000000000        0.8869204367        0.1064304524        0.0363569786
       56.5306120000        1.0000000000        1.0000000000       35.5625295153        0.0000000000        0.8869204367        0.1064304524        0.0140167317
       56.6326530000        1.0000000000        1.0000000000       49.2649891787        0.0000000000        0.8869204367        0.1064304524        0.0027073129
       56.7346940000        1.0000000000        1.0000000000       77.1448078753        0.0000000000        0.8869204367        0.1064304524        0.0000954053
       56.8367350000        1.0000000000        1.0000000000      152.2092471000        0.0000000000        0.8869204367        0.1064304524        0.0000000117
       56.9387760000        1.0000000000        1.0000000000      394.6538184506        0.0000000000        0.8869204367        0.1064304524        0.0000000000
       57.0408160000        1.0000000000        1.0000000000     1048.3529787754        0.0000000000        0.8869204367        0.1064304524        0.0000000000
       57.1428570000        1.0000000000        1.0000000000     2107.2245832927        0.0000000000        0.8869204367        0.1064304524        0.0000000000
       57.2448980000        1.0000000000        1.0000000000     2769.5219576540        0.0000000000        0.8869204367        0.1064304524        0.0000000000
       57.3469390000        1.0000000000        1.0000000000     2291.7396700895        0.0000000000        0.8869204367        0.1064304524        0.0000000000
       57.4489800000        1.0000000000        1.0000000000     1247.0850084469        0.0000000000        0.8869204367        0.1064304524        0.0000000000
       57.5510200000        1.0000000000        1.0000000000      519.6483087452        0.0000000000        0.8869204367        0.1064304524        0.0000000000
       57.6530610000        1.0000000000        1.0000000000      223.5651417972        0.0000000000        0.8869204367        0.1064304524        0.0000000000
       57.7551020000        1.0000000000        1.0000000000      124.7293570629        0.0000000000        0.8869204367        0.1064304524        0.0000003160
       57.8571430000        1.0000000000        1.0000000000       85.8857313914        0.0000000000        0.8869204367        0.1064304524        0.0000334223
       57.9591840000        1.0000000000        1.0000000000       65.7870457229        0.0000000000        0.8869204367        0.1064304524        0.0003728086
       58.0612240000        1.0000000000        1.0000000000       53.4907280707        0.0000000000        0.8869204367        0.1064304524        0.0016304693
       58.1632650000        1.0000000000        1.0000000000       45.2656043085        0.0000000000        0.8869204367        0.1064304524        0.0043748961
       58.2653060000        1.0000000000        1.0000000000       39.4375069712        0.0000000000        0.8869204367        0.1064304524        0.0088044251
       58.3673470000        1.0000000000        1.0000000000       35.1325286507        0.0000000000        0.8869204367        0.1064304524        0.0147589819
       58.4693880000        1.0000000000        1.0000000000       31.8564131071        0.0000000000        0.8869204367        0.1064304524        0.0218671543
       58.5714290000        1.0000000000        1.0000000000       29.3365179322        0.0000000000        0.8869204367        0.1064304524        0.0295881258
       58.6734690000        1.0000000000        1.0000000000       27.5626982564        0.0000000000        0.8869204367        0.1064304524        0.0366067075
       58.7755100000        1.0000000000        1.0000000000       27.1218474806        0.0000000000        0.8869204367        0.1064304524        0.0385954186
       58.8775510000        1.0000000000        1.0000000000       29.0613503522        0.0000000000        0.8869204367        0.1064304524        0.0305814384
       58.9795920000        1.0000000000        1.0000000000       32.3337242809        0.0000000000        0.8869204367        0.1064304524        0.0206498564
       59.0816330000        1.0000000000        1.0000000000       32.5824466919        0.0000000000        0.8869204367        0.1064304524        0.0200426334
       59.1836730000        1.0000000000        1.0000000000       28.3172189033        0.0000000000        0.8869204367        0.1064304524        0.0334378673
       59.2857140000        1.0000000000        1.0000000000       23.4893083639        0.0000000000        0.8869204367        0.1064304524        0.0596824660
       59.3877550000        1.0000000000        1.0000000000       20.7458411072        0.0000000000        0.8869204367        0.1064304524        0.0829513545
       59.4897960000        1.0000000000        1.0000000000       19.5052330765        0.0000000000        0.8869204367        0.1064304524        0.0962671664
       59.5918370000        1.0000000000        1.0000000000       18.7990580544        0.0000000000        0.8869204367        0.1064304524        0.1047805657
       59.6938780000        1.0000000000        1.0000000000       18.2633199704        0.0000000000        0.8869204367        0.1064304524        0.1117380042
       59.7959180000        1.0000000000        1.0000000000       17.8098036167        0.0000000000        0.8869204367        0.1064304524        0.1179875187
       59.8979590000        1.0000000000        1.0000000000       17.4125913957        0.0000000000        0.8869204367        0.1064304524        0.1237476376
       60.0000000000        1.0000000000        1.0000000000       17.0592353394        0.0000000000        0.8869204367        0.1064304524        0.1291077127
