       55.0000000000        1.0000000000        1.0000000000        9.7801929442        0.0000000000        0.8869204367        0.1064304524        0.3092444689
       55.1020410000        1.0000000000        1.0000000000        9.7799590994        0.0000000000        0.8869204367        0.1064304524        0.3092531469
       55.2040820000        1.0000000000        1.0000000000        9.7841021836        0.0000000000        0.8869204367        0.1064304524        0.3090994337
       55.3061220000        1.0000000000        1.0000000000        9.7976211293        0.0000000000        0.8869204367        0.1064304524        0.3085983964
       55.4081630000        1.0000000000        1.0000000000        9.8451552617        0.0000000000        0.8869204367        0.1064304524        0.3068431324
       55.5102040000        1.0000000000        1.0000000000       10.0333284515        0.0000000000        0.8869204367        0.1064304524        0.2999920171
       55.6122450000        1.0000000000        1.0000000000       10.5822078422        0.0000000000        0.8869204367        0.1064304524        0.2808695532
       55.7142860000        1.0000000000        1.0000000000       11.4255969943        0.0000000000        0.8869204367        0.1064304524        0.2538347944
       55.8163270000        1.0000000000        1.0000000000       11.7934503603        0.0000000000        0.8869204367        0.1064304524        0.2428736224
       55.9183670000        1.0000000000        1.0000000000       11.2532421490        0.0000000000        0.8869204367        0.1064304524        0.2591394208
       56.0204080000        1.0000000000        1.0000000000       10.5137922122        0.0000000000        0.8869204367        0.1064304524        0.2831849488
       56.1224490000        1.0000000000        1.0000000000       10.1592320494        0.0000000000        0.8869204367        0.1064304524        0.2954936752
       56.2244900000        1.0000000000        1.0000000000       10.1051007109        0.0000000000        0.8869204367        0.1064304524        0.2974193791
       56.3265310000        1.0000000000        1.0000000000       10.1633334537        0.0000000000        0.8869204367        0.1064304524        0.2953482783
       56.4285710000        1.0000000000        1.0000000000       10.2689990754        0.0000000000        0.8869204367        0.1064304524        0.2916269421
       56.5306120000        1.0000000000        1.0000000000       10.4149831804        0.0000000000        0.8869204367        0.1064304524        0.2865626819
       56.6326530000        1.0000000000        1.0000000000       10.6088901602        0.0000000000        0.8869204367        0.1064304524        0.2799716813
       56.7346940000        1.0000000000        1.0000000000       10.8648805354        0.0000000000        0.8869204367        0.1064304524        0.2715020296
       56.8367350000        1.0000000000        1.0000000000       11.2042734756        0.0000000000        0.8869204367        0.1064304524        0.2606666693
       56.9387760000        1.0000000000        1.0000000000       11.6587688774        0.0000000000        0.8869204367        0.1064304524        0.2468307832
       57.0408160000        1.0000000000        1.0000000000       12.2764049940        0.0000000000        0.8869204367        0.1064304524        0.2291980965
       57.1428570000        1.0000000000        1.0000000000       13.1323582224        0.0000000000        0.8869204367        0.1064304524        0.2068248484
       57.2448980000        1.0000000000        1.0000000000       14.3492236318        0.0000000000        0.8869204367        0.1064304524        0.1787250235
       57.3469390000        1.0000000000        1.0000000000       16.1379434219        0.0000000000        0.8869204367        0.1064304524        0.1442001216
       57.4489800000        1.0000000000        1.0000000000       18.8877345029        0.0000000000        0.8869204367        0.1064304524        0.1036714888
       57.5510200000        1.0000000000        1.0000000000       23.3934534366        0.0000000000        0.8869204367        0.1064304524        0.0603729325
       57.6530610000        1.0000000000        1.0000000000       31.6263865756        0.0000000000        0.8869204367        0.1064304524        0.0224791652
       57.7551020000        1.0000000000        1.0000000000       50.5395761753        0.0000000000        0.8869204367        0.1064304524        0.0023233408
       57.8571430000        1.0000000000        1.0000000000      110.6574086408        0.0000000000        0.8869204367        0.1064304524        0.0000017102
       57.9591840000        1.0000000000        1.0000000000      314.8412264540        0.0000000000        0.8869204367        0.1064304524        0.0000000000
       58.0612240000        1.0000000000        1.0000000000      812.5354797586        0.0000000000        0.8869204367        0.1064304524        0.0000000000
       58.1632650000        1.0000000000        1.0000000000     1455.2577933015        0.0000000000        0.8869204367        0.1064304524        0.0000000000
       58.2653060000        1.0000000000        1.0000000000     1642.9420690582        0.0000000000        0.8869204367        0.1064304524        0.0000000000
       58.3673470000        1.0000000000        1.0000000000     1159.1209538603        0.0000000000        0.8869204367        0.1064304524        0.0000000000
       58.4693880000        1.0000000000        1.0000000000      549.8043398178        0.0000000000        0.8869204367        0.1064304524        0.0000000000
       58.5714290000        1.0000000000        1.0000000000      215.7759118975        0.0000000000        0.8869204367        0.1064304524        0.0000000000
       58.6734690000        1.0000000000        1.0000000000       99.0592974783        0.0000000000        0.8869204367        0.1064304524        0.0000068785
       58.7755100000        1.0000000000        1.0000000000       62.6438003312        0.0000000000        0.8869204367        0.1064304524        0.0005436222
       58.8775510000        1.0000000000        1.0000000000       50.2676763766        0.0000000000        0.8869204367        0.1064304524        0.0024003969
       58.9795920000        1.0000000000        1.0000000000       46.1257074433        0.0000000000        0.8869204367        0.1064304524        0.0039458736
       59.0816330000        1.0000000000        1.0000000000       41.9566423482        0.0000000000        0.8869204367        0.1064304524        0.0065075185
       59.1836730000        1.0000000000        1.0000000000       34.8397476496        0.0000000000        0.8869204367        0.1064304524        0.0152867366
       59.2857140000        1.0000000000        1.0000000000       28.0600583195        0.0000000000        0.8869204367        0.1064304524        0.0344858219
       59.3877550000        1.0000000000        1.0000000000       23.9318847185        0.0000000000        0.8869204367        0.1064304524        0.0565954794
       59.4897960000        1.0000000000        1.0000000000       21.6877108259        0.0000000000        0.8869204367        0.1064304524        0.0740862518
       59.5918370000        1.0000000000        1.0000000000       20.2396054322        0.0000000000        0.8869204367        0.1064304524        0.0881467137
       59.6938780000        1.0000000000        1.0000000000       19.1450475793        0.0000000000        0.8869204367        0.1064304524        0.1005192820
       59.7959180000        1.0000000000        1.0000000000       18.2639443779        0.0000000000        0.8869204367        0.1064304524        0.1117296321
       59.8979590000        1.0000000000        1.0000000000       17.5352941643        0.0000000000        0.8869204367        0.1064304524        0.1219388853
       60.0000000000        1.0000000000        1.0000000000       16.9222842119        0.0000000000        0.8869204367        0.1064304524        0.1312470170
