       55.0000000000        1.0000000000        1.0000000000       11.6509340755        0.0000000000        0.8869204367        0.1064304524        0.2470629568
       55.1020410000        1.0000000000        1.0000000000       12.1138154550        0.0000000000        0.8869204367        0.1064304524        0.2337138314
       55.2040820000        1.0000000000        1.0000000000       12.6573157704        0.0000000000        0.8869204367        0.1064304524        0.2189574430
       55.3061220000        1.0000000000        1.0000000000       13.3024116141        0.0000000000        0.8869204367        0.1064304524        0.2026470681
       55.4081630000        1.0000000000        1.0000000000       14.0944271749        0.0000000000        0.8869204367        0.1064304524        0.1842740438
       55.5102040000        1.0000000000        1.0000000000       15.1657910071        0.0000000000        0.8869204367        0.1064304524        0.1620427774
       55.6122450000        1.0000000000        1.0000000000       16.7618732853        0.0000000000        0.8869204367        0.1064304524        0.1337979043
       55.7142860000        1.0000000000        1.0000000000       18.8368891752        0.0000000000        0.8869204367        0.1064304524        0.1043059678
       55.8163270000        1.0000000000        1.0000000000       20.6692130326        0.0000000000        0.8869204367        0.1064304524        0.0837176406
       55.9183670000        1.0000000000        1.0000000000       21.9334525624        0.0000000000        0.8869204367        0.1064304524        0.0719334202
       56.0204080000        1.0000000000        1.0000000000       23.4591866279        0.0000000000        0.8869204367        0.1064304524        0.0598985851
       56.1224490000        1.0000000000        1.0000000000       25.9501464671        0.0000000000        0.8869204367        0.1064304524        0.0444221271
       56.2244900000        1.0000000000        1.0000000000       29.4965065258        0.0000000000        0.8869204367        0.1064304524        0.0290254925
       56.3265310000        1.0000000000        1.0000000000       34.1860668400        0.0000000000        0.8869204367        0.1064304524        0.0165341387
       56.4285710000        1.0000000000        1.0000000000       40.3716832019        0.0000000000        0.8869204367        0.1064304524        0.0078707495
       56.5306120000        1.0000000000        1.0000000000       48.6929385395        0.0000000000        0.8869204367        0.1064304524        0.0028996866
       56.6326530000        1.0000000000        1.0000000000       60.2034327998        0.0000000000        0.8869204367        0.1064304524        0.0007285809
       56.7346940000        1.0000000000        1.0000000000       76.7057763888        0.0000000000        0.8869204367        0.1064304524        0.0001005663
       56.8367350000        1.0000000000        1.0000000000      101.5068575713        0.0000000000        0.8869204367        0.1064304524        0.0000051279
       56.9387760000        1.0000000000        1.0000000000      141.3455265046        0.0000000000        0.8869204367        0.1064304524        0.0000000430
       57.0408160000        1.0000000000        1.0000000000      212.4556503850        0.0000000000        0.8869204367        0.1064304524        0.0000000000
       57.1428570000        1.0000000000        1.0000000000      362.8489518981        0.0000000000        0.8869204367        0.1064304524        0.0000000000
       57.2448980000        1.0000000000        1.0000000000      743.7860619108        0.0000000000        0.8869204367        0.1064304524        0.0000000000
       57.3469390000        1.0000000000        1.0000000000     1707.8822407814        0.0000000000        0.8869204367        0.1064304524        0.0000000000
       57.4489800000        1.0000000000        1.0000000000     3528.2407648193        0.0000000000        0.8869204367        0.1064304524        0.0000000000
       57.5510200000        1.0000000000        1.0000000000     5424.3323107740        0.0000000000        0.8869204367        0.1064304524        0.0000000000
       57.6530610000        1.0000000000        1.0000000000     5679.3192361559        0.0000000000        0.8869204367        0.1064304524        0.0000000000
       57.7551020000        1.0000000000        1.0000000000     4044.5644091750        0.0000000000        0.8869204367        0.1064304524        0.0000000000
       57.8571430000        1.0000000000        1.0000000000     2131.4012755061        0.0000000000        0.8869204367        0.1064304524        0.0000000000
       57.9591840000        1.0000000000        1.0000000000      998.3074706878        0.0000000000        0.8869204367        0.1064304524        0.0000000000
       58.0612240000        1.0000000000        1.0000000000      517.3881424300        0.0000000000        0.8869204367        0.1064304524        0.0000000000
       58.1632650000        1.0000000000        1.0000000000      320.8212034180        0.0000000000        0.8869204367        0.1064304524        0.0000000000
       58.2653060000        1.0000000000        1.0000000000      226.1165296315        0.0000000000        0.8869204367        0.1064304524        0.0000000000
       58.3673470000        1.0000000000        1.0000000000      171.8468044628        0.0000000000        0.8869204367        0.1064304524        0.0000000011
       58.4693880000        1.0000000000        1.0000000000      137.1113471282        0.0000000000        0.8869204367        0.1064304524        0.0000000715
       58.5714290000        1.0000000000        1.0000000000      113.3098099230        0.0000000000        0.8869204367        0.1064304524        0.0000012440
       58.6734690000        1.0000000000        1.0000000000       96.3791962146        0.0000000000        0.8869204367        0.1064304524        0.0000094878
       58.7755100000        1.0000000000        1.0000000000       84.7036074570        0.0000000000        0.8869204367        0.1064304524        0.0000385162
       58.8775510000        1.0000000000        1.0000000000       78.0904617964        0.0000000000        0.8869204367        0.1064304524        0.0000851705
       58.9795920000        1.0000000000        1.0000000000       74.8160083263        0.0000000000        0.8869204367        0.1064304524        0.0001261649
       59.0816330000        1.0000000000        1.0000000000       70.0142294504        0.0000000000        0.8869204367        0.1064304524        0.0002244837
       59.1836730000        1.0000000000        1.0000000000       61.6437918600        0.0000000000        0.8869204367        0.1064304524        0.0006129329
       59.2857140000        1.0000000000        1.0000000000       53.3005843677        0.0000000000        0.8869204367        0.1064304524        0.0016680998
       59.3877550000        1.0000000000        1.0000000000       47.5484930117        0.0000000000        0.8869204367        0.1064304524        0.0033265513
       59.4897960000        1.0000000000        1.0000000000       43.7659563649        0.0000000000        0.8869204367        0.1064304524        0.0052374803
       59.5918370000        1.0000000000        1.0000000000       40.9045223962        0.0000000000        0.8869204367        0.1064304524        0.0073832402
       59.6938780000        1.0000000000        1.0000000000       38.5217039390        0.0000000000        0.8869204367        0.1064304524        0.0098271681
       59.7959180000        1.0000000000        1.0000000000       36.4695556212        0.0000000000        0.8869204367        0.1064304524        0.0125712015
       59.8979590000        1.0000000000        1.0000000000       34.6773516988        0.0000000000        0.8869204367        0.1064304524        0.0155875587
       60.0000000000        1.0000000000        1.0000000000       33.0980952163        0.0000000000        0.8869204367        0.1064304524        0.0188400298
