       55.0000000000        1.0000000000        1.0000000000       10.7493759276        0.0000000000        0.8869204367        0.1064304524        0.2752913985
       55.1020410000        1.0000000000        1.0000000000       11.1871932197        0.0000000000        0.8869204367        0.1064304524        0.2612014876
       55.2040820000        1.0000000000        1.0000000000       11.7578004646        0.0000000000        0.8869204367        0.1064304524        0.2439148584
       55.3061220000        1.0000000000        1.0000000000       12.5142491834        0.0000000000        0.8869204367        0.1064304524        0.2227489554
       55.4081630000        1.0000000000        1.0000000000       13.5531275882        0.0000000000        0.8869204367        0.1064304524        0.1966410466
       55.5102040000        1.0000000000        1.0000000000       15.0910373181        0.0000000000        0.8869204367        0.1064304524        0.1635029120
       55.6122450000        1.0000000000        1.0000000000       17.5176171935        0.0000000000        0.8869204367        0.1064304524        0.1221978211
       55.7142860000        1.0000000000        1.0000000000       21.0421790772        0.0000000000        0.8869204367        0.1064304524        0.0800533902
       55.8163270000        1.0000000000        1.0000000000       25.4112867693        0.0000000000        0.8869204367        0.1064304524        0.0473895086
       55.9183670000        1.0000000000        1.0000000000       31.2271862812        0.0000000000        0.8869204367        0.1064304524        0.0235822173
       56.0204080000        1.0000000000        1.0000000000       41.4891714342        0.0000000000        0.8869204367        0.1064304524        0.0068830007
       56.1224490000        1.0000000000        1.0000000000       63.5548867367        0.0000000000        0.8869204367        0.1064304524        0.0004873215
       56.2244900000        1.0000000000        1.0000000000      124.4639779728        0.0000000000        0.8869204367        0.1064304524        0.0000003262
       56.3265310000        1.0000000000        1.0000000000      328.0212447649        0.0000000000        0.8869204367        0.1064304524        0.0000000000
       56.4285710000        1.0000000000        1.0000000000      900.4569461231        0.0000000000        0.8869204367        0.1064304524        0.0000000000
       56.5306120000        1.0000000000        1.0000000000     1865.5696409302        0.0000000000        0.8869204367        0.1064304524        0.0000000000
       56.6326530000        1.0000000000        1.0000000000     2501.3919847238        0.0000000000        0.8869204367        0.1064304524        0.0000000000
       56.7346940000        1.0000000000        1.0000000000     2084.7910249761        0.0000000000        0.8869204367        0.1064304524        0.0000000000
       56.8367350000        1.0000000000        1.0000000000     1126.4289778142        0.0000000000        0.8869204367        0.1064304524        0.0000000000
       56.9387760000        1.0000000000        1.0000000000      459.7255336244        0.0000000000        0.8869204367        0.1064304524        0.0000000000
       57.0408160000        1.0000000000        1.0000000000      193.5625216769        0.0000000000        0.8869204367        0.1064304524        0.0000000001
       57.1428570000        1.0000000000        1.0000000000      107.3154317564        0.0000000000        0.8869204367        0.1064304524        0.0000025540
       57.2448980000        1.0000000000        1.0000000000       74.1253124885        0.0000000000        0.8869204367        0.1064304524        0.0001370674
       57.3469390000        1.0000000000        1.0000000000       57.0653185105        0.0000000000        0.8869204367        0.1064304524        0.0010617485
       57.4489800000        1.0000000000        1.0000000000       46.6558369019        0.0000000000        0.8869204367        0.1064304524        0.0037026725
       57.5510200000        1.0000000000        1.0000000000       39.7159825916        0.0000000000        0.8869204367        0.1064304524        0.0085150686
       57.6530610000        1.0000000000        1.0000000000       34.8249573244        0.0000000000        0.8869204367        0.1064304524        0.0153138921
       57.7551020000        1.0000000000        1.0000000000       31.2442738558        0.0000000000        0.8869204367        0.1064304524        0.0235339113
       57.8571430000        1.0000000000        1.0000000000       28.5567806717        0.0000000000        0.8869204367        0.1064304524        0.0324903005
       57.9591840000        1.0000000000        1.0000000000       26.5155227484        0.0000000000        0.8869204367        0.1064304524        0.0415082644
       58.0612240000        1.0000000000        1.0000000000       24.9735485243        0.0000000000        0.8869204367        0.1064304524        0.0499453524
       58.1632650000        1.0000000000        1.0000000000       23.8509289056        0.0000000000        0.8869204367        0.1064304524        0.0571479666
       58.2653060000        1.0000000000        1.0000000000       23.1232491195        0.0000000000        0.8869204367        0.1064304524        0.0623625780
       58.3673470000        1.0000000000        1.0000000000       22.8286619047        0.0000000000        0.8869204367        0.1064304524        0.0646065533
       58.4693880000        1.0000000000        1.0000000000       23.1063262225        0.0000000000        0.8869204367        0.1064304524        0.0624893494
       58.5714290000        1.0000000000        1.0000000000       24.3304407183        0.0000000000        0.8869204367        0.1064304524        0.0539524117
       58.6734690000        1.0000000000        1.0000000000       27.6755887971        0.0000000000        0.8869204367        0.1064304524        0.0361141452
       58.7755100000        1.0000000000        1.0000000000       37.8713807378        0.0000000000        0.8869204367        0.1064304524        0.0106247862
       58.8775510000        1.0000000000        1.0000000000       74.9987060444        0.0000000000        0.8869204367        0.1064304524        0.0001234290
       58.9795920000        1.0000000000        1.0000000000      200.8626568819        0.0000000000        0.8869204367        0.1064304524        0.0000000000
       59.0816330000        1.0000000000        1.0000000000      491.1407288056        0.0000000000        0.8869204367        0.1064304524        0.0000000000
       59.1836730000        1.0000000000        1.0000000000      829.2571033972        0.0000000000        0.8869204367        0.1064304524        0.0000000000
       59.2857140000        1.0000000000        1.0000000000      876.0286939214        0.0000000000        0.8869204367        0.1064304524        0.0000000000
       59.3877550000        1.0000000000        1.0000000000      576.7007455826        0.0000000000        0.8869204367        0.1064304524        0.0000000000
       59.4897960000        1.0000000000        1.0000000000      258.3461905535        0.0000000000        0.8869204367        0.1064304524        0.0000000000
       59.5918370000        1.0000000000        1.0000000000      101.7637156970        0.0000000000        0.8869204367        0.1064304524        0.0000049722
       59.6938780000        1.0000000000        1.0000000000       51.7892664502        0.0000000000        0.8869204367        0.1064304524        0.0019997923
       59.7959180000        1.0000000000        1.0000000000       36.4827611248        0.0000000000        0.8869204367        0.1064304524        0.0125512962
       59.8979590000        1.0000000000        1.0000000000       29.9870114425        0.0000000000        0.8869204367        0.1064304524        0.0273663431
       60.0000000000        1.0000000000        1.0000000000       26.2877749799        0.0000000000        0.8869204367        0.1064304524        0.0426583179
