       55.0000000000        1.0000000000        1.0000000000        9.3558959143        0.0000000000        0.8869204367        0.1064304524        0.3253975837
       55.1020410000        1.0000000000        1.0000000000        9.3533398340        0.0000000000        0.8869204367        0.1064304524        0.3254974081
       55.2040820000        1.0000000000        1.0000000000        9.3562275247        0.0000000000        0.8869204367        0.1064304524        0.3253846354
       55.3061220000        1.0000000000        1.0000000000        9.3699320668        0.0000000000        0.8869204367        0.1064304524        0.3248499654
       55.4081630000        1.0000000000        1.0000000000        9.4195756219        0.0000000000        0.8869204367        0.1064304524        0.3229205134
       55.5102040000        1.0000000000        1.0000000000        9.6124609312        0.0000000000        0.8869204367        0.1064304524        0.3155319571
       55.6122450000        1.0000000000        1.0000000000       10.1699420271        0.0000000000        0.8869204367        0.1064304524        0.2951141515
       55.7142860000        1.0000000000        1.0000000000       11.0281572162        0.0000000000        0.8869204367        0.1064304524        0.2662342108
       55.8163270000        1.0000000000        1.0000000000       11.4193668675        0.0000000000        0.8869204367        0.1064304524        0.2540246361
       55.9183670000        1.0000000000        1.0000000000       10.9123315094        0.0000000000        0.8869204367        0.1064304524        0.2699604584
       56.0204080000        1.0000000000        1.0000000000       10.2189462591        0.0000000000        0.8869204367        0.1064304524        0.2933838230
       56.1224490000        1.0000000000        1.0000000000        9.9302705991        0.0000000000        0.8869204367        0.1064304524        0.3037250366
       56.2244900000        1.0000000000        1.0000000000        9.9719171095        0.0000000000        0.8869204367        0.1064304524        0.3022109326
       56.3265310000        1.0000000000        1.0000000000       10.1704449745        0.0000000000        0.8869204367        0.1064304524        0.2950963408
       56.4285710000        1.0000000000        1.0000000000       10.4840781745        0.0000000000        0.8869204367        0.1064304524        0.2841964994
       56.5306120000        1.0000000000        1.0000000000       10.9442416069        0.0000000000        0.8869204367        0.1064304524        0.2689286993
       56.6326530000        1.0000000000        1.0000000000       11.6255909767        0.0000000000        0.8869204367        0.1064304524        0.2478154614
       56.7346940000        1.0000000000        1.0000000000       12.6659343217        0.0000000000        0.8869204367        0.1064304524        0.2187311085
       56.8367350000        1.0000000000        1.0000000000       14.3338868736        0.0000000000        0.8869204367        0.1064304524        0.1790542539
       56.9387760000        1.0000000000        1.0000000000       17.2300816289        0.0000000000        0.8869204367        0.1064304524        0.1264877523
       57.0408160000        1.0000000000        1.0000000000       23.1459006449        0.0000000000        0.8869204367        0.1064304524        0.0621932953
       57.1428570000        1.0000000000        1.0000000000       39.8275721299        0.0000000000        0.8869204367        0.1064304524        0.0084018055
       57.2448980000        1.0000000000        1.0000000000      101.3594215694        0.0000000000        0.8869204367        0.1064304524        0.0000052194
       57.3469390000        1.0000000000        1.0000000000      297.6254575907        0.0000000000        0.8869204367        0.1064304524        0.0000000000
       57.4489800000        1.0000000000        1.0000000000      676.6597500120        0.0000000000        0.8869204367        0.1064304524        0.0000000000
       57.5510200000        1.0000000000        1.0000000000      988.0549597199        0.0000000000        0.8869204367        0.1064304524        0.0000000000
       57.6530610000        1.0000000000        1.0000000000      880.3786295765        0.0000000000        0.8869204367        0.1064304524        0.0000000000
       57.7551020000        1.0000000000        1.0000000000      492.7954159370        0.0000000000        0.8869204367        0.1064304524        0.0000000000
       57.8571430000        1.0000000000        1.0000000000      198.0032890989        0.0000000000        0.8869204367        0.1064304524        0.0000000000
       57.9591840000        1.0000000000        1.0000000000       79.2106557336        0.0000000000        0.8869204367        0.1064304524        0.0000744578
       58.0612240000        1.0000000000        1.0000000000       43.6912624218        0.0000000000        0.8869204367        0.1064304524        0.0052846362
       58.1632650000        1.0000000000        1.0000000000       31.5679896773        0.0000000000        0.8869204367        0.1064304524        0.0226372441
       58.2653060000        1.0000000000        1.0000000000       25.7226545665        0.0000000000        0.8869204367        0.1064304524        0.0456515121
       58.3673470000        1.0000000000        1.0000000000       22.2507951485        0.0000000000        0.8869204367        0.1064304524        0.0692456177
       58.4693880000        1.0000000000        1.0000000000       19.9950080369        0.0000000000        0.8869204367        0.1064304524        0.0907723129
       58.5714290000        1.0000000000        1.0000000000       18.4952746405        0.0000000000        0.8869204367        0.1064304524        0.1086707123
       58.6734690000        1.0000000000        1.0000000000       17.6896670606        0.0000000000        0.8869204367        0.1064304524        0.1197007923
       58.7755100000        1.0000000000        1.0000000000       18.1593969292        0.0000000000        0.8869204367        0.1064304524        0.1131401875
       58.8775510000        1.0000000000        1.0000000000       20.9491179501        0.0000000000        0.8869204367        0.1064304524        0.0809523836
       58.9795920000        1.0000000000        1.0000000000       24.9964303699        0.0000000000        0.8869204367        0.1064304524        0.0498083995
       59.0816330000        1.0000000000        1.0000000000       25.9683770486        0.0000000000        0.8869204367        0.1064304524        0.0443250524
       59.1836730000        1.0000000000        1.0000000000       22.4638878506        0.0000000000        0.8869204367        0.1064304524        0.0674973769
       59.2857140000        1.0000000000        1.0000000000       18.5022429658        0.0000000000        0.8869204367        0.1064304524        0.1085798800
       59.3877550000        1.0000000000        1.0000000000       16.7524931449        0.0000000000        0.8869204367        0.1064304524        0.1339485943
       59.4897960000        1.0000000000        1.0000000000       16.6773511548        0.0000000000        0.8869204367        0.1064304524        0.1351618758
       59.5918370000        1.0000000000        1.0000000000       17.4078578747        0.0000000000        0.8869204367        0.1064304524        0.1238179491
       59.6938780000        1.0000000000        1.0000000000       18.7456894912        0.0000000000        0.8869204367        0.1064304524        0.1054537576
       59.7959180000        1.0000000000        1.0000000000       20.8806751467        0.0000000000        0.8869204367        0.1064304524        0.0816199944
       59.8979590000        1.0000000000        1.0000000000       24.2933535229        0.0000000000        0.8869204367        0.1064304524        0.0541930600
       60.0000000000        1.0000000000        1.0000000000       30.0015434926        0.0000000000        0.8869204367        0.1064304524        0.0273186620
