       55.0000000000        1.0000000000        1.0000000000        9.7438195643        0.0000000000        0.8869204367        0.1064304524        0.3105972110
       55.1020410000        1.0000000000        1.0000000000        9.8059277946        0.0000000000        0.8869204367        0.1064304524        0.3082909388
       55.2040820000        1.0000000000        1.0000000000        9.8877268246        0.0000000000        0.8869204367        0.1064304524        0.3052795945
       55.3061220000        1.0000000000        1.0000000000        9.9984273924        0.0000000000        0.8869204367        0.1064304524        0.3012510565
       55.4081630000        1.0000000000        1.0000000000       10.1683695008        0.0000000000        0.8869204367        0.1064304524        0.2951698457
       55.5102040000        1.0000000000        1.0000000000       10.5117481710        0.0000000000        0.8869204367        0.1064304524        0.2832544183
       55.6122450000        1.0000000000        1.0000000000       11.2574496949        0.0000000000        0.8869204367        0.1064304524        0.2590086129
       55.7142860000        1.0000000000        1.0000000000       12.3491335040        0.0000000000        0.8869204367        0.1064304524        0.2272064916
       55.8163270000        1.0000000000        1.0000000000       13.0351669975        0.0000000000        0.8869204367        0.1064304524        0.2092511571
       55.9183670000        1.0000000000        1.0000000000       12.9179938555        0.0000000000        0.8869204367        0.1064304524        0.2122141733
       56.0204080000        1.0000000000        1.0000000000       12.7529995876        0.0000000000        0.8869204367        0.1064304524        0.2164577392
       56.1224490000        1.0000000000        1.0000000000       13.1860350832        0.0000000000        0.8869204367        0.1064304524        0.2054969247
       56.2244900000        1.0000000000        1.0000000000       14.2315766758        0.0000000000        0.8869204367        0.1064304524        0.1812660928
       56.3265310000        1.0000000000        1.0000000000       15.8712518144        0.0000000000        0.8869204367        0.1064304524        0.1488895955
       56.4285710000        1.0000000000        1.0000000000       18.3402590853        0.0000000000        0.8869204367        0.1064304524        0.1107111092
       56.5306120000        1.0000000000        1.0000000000       22.2031952749        0.0000000000        0.8869204367        0.1064304524        0.0696422794
       56.6326530000        1.0000000000        1.0000000000       28.7026229321        0.0000000000        0.8869204367        0.1064304524        0.0319266322
       56.7346940000        1.0000000000        1.0000000000       41.2437098342        0.0000000000        0.8869204367        0.1064304524        0.0070887576
       56.8367350000        1.0000000000        1.0000000000       72.8622816808        0.0000000000        0.8869204367        0.1064304524        0.0001594989
       56.9387760000        1.0000000000        1.0000000000      178.1085570277        0.0000000000        0.8869204367        0.1064304524        0.0000000005
       57.0408160000        1.0000000000        1.0000000000      508.7605226239        0.0000000000        0.8869204367        0.1064304524        0.0000000000
       57.1428570000        1.0000000000        1.0000000000     1186.3425305944        0.0000000000        0.8869204367        0.1064304524        0.0000000000
       57.2448980000        1.0000000000        1.0000000000     1839.1290880735        0.0000000000        0.8869204367        0.1064304524        0.0000000000
       57.3469390000        1.0000000000        1.0000000000     1772.3428314749        0.0000000000        0.8869204367        0.1064304524        0.0000000000
       57.4489800000        1.0000000000        1.0000000000     1079.7917090849        0.0000000000        0.8869204367        0.1064304524        0.0000000000
       57.5510200000        1.0000000000        1.0000000000      467.7904667952        0.0000000000        0.8869204367        0.1064304524        0.0000000000
       57.6530610000        1.0000000000        1.0000000000      195.0721891661        0.0000000000        0.8869204367        0.1064304524        0.0000000001
       57.7551020000        1.0000000000        1.0000000000      130.2725537997        0.0000000000        0.8869204367        0.1064304524        0.0000001625
       57.8571430000        1.0000000000        1.0000000000      181.7452993991        0.0000000000        0.8869204367        0.1064304524        0.0000000003
       57.9591840000        1.0000000000        1.0000000000      311.6501119637        0.0000000000        0.8869204367        0.1064304524        0.0000000000
       58.0612240000        1.0000000000        1.0000000000      393.2287116361        0.0000000000        0.8869204367        0.1064304524        0.0000000000
       58.1632650000        1.0000000000        1.0000000000      315.4891823125        0.0000000000        0.8869204367        0.1064304524        0.0000000000
       58.2653060000        1.0000000000        1.0000000000      168.2016010903        0.0000000000        0.8869204367        0.1064304524        0.0000000017
       58.3673470000        1.0000000000        1.0000000000       75.1453117976        0.0000000000        0.8869204367        0.1064304524        0.0001212765
       58.4693880000        1.0000000000        1.0000000000       41.6604246566        0.0000000000        0.8869204367        0.1064304524        0.0067429959
       58.5714290000        1.0000000000        1.0000000000       31.5300695966        0.0000000000        0.8869204367        0.1064304524        0.0227404875
       58.6734690000        1.0000000000        1.0000000000       27.5729123412        0.0000000000        0.8869204367        0.1064304524        0.0365618665
       58.7755100000        1.0000000000        1.0000000000       26.2651649039        0.0000000000        0.8869204367        0.1064304524        0.0427742160
       58.8775510000        1.0000000000        1.0000000000       27.7972681331        0.0000000000        0.8869204367        0.1064304524        0.0355906550
       58.9795920000        1.0000000000        1.0000000000       30.8558762288        0.0000000000        0.8869204367        0.1064304524        0.0246567361
       59.0816330000        1.0000000000        1.0000000000       30.9801450524        0.0000000000        0.8869204367        0.1064304524        0.0242917764
       59.1836730000        1.0000000000        1.0000000000       26.6615494774        0.0000000000        0.8869204367        0.1064304524        0.0407872422
       59.2857140000        1.0000000000        1.0000000000       21.8414475681        0.0000000000        0.8869204367        0.1064304524        0.0727320086
       59.3877550000        1.0000000000        1.0000000000       19.1372010005        0.0000000000        0.8869204367        0.1064304524        0.1006139744
       59.4897960000        1.0000000000        1.0000000000       17.9452789199        0.0000000000        0.8869204367        0.1064304524        0.1160848987
       59.5918370000        1.0000000000        1.0000000000       17.2901624984        0.0000000000        0.8869204367        0.1064304524        0.1255790925
       59.6938780000        1.0000000000        1.0000000000       16.8059923538        0.0000000000        0.8869204367        0.1064304524        0.1330914115
       59.7959180000        1.0000000000        1.0000000000       16.4034867916        0.0000000000        0.8869204367        0.1064304524        0.1396775936
       59.8979590000        1.0000000000        1.0000000000       16.0559529581        0.0000000000        0.8869204367        0.1064304524        0.1456258883
       60.0000000000        1.0000000000        1.0000000000       15.7504438270        0.0000000000        0.8869204367        0.1064304524        0.1510637631
