       55.0000000000        1.0000000000        1.0000000000        9.7536890900        0.0000000000        0.8869204367        0.1064304524        0.3102295751
       55.1020410000        1.0000000000        1.0000000000        9.7780180959        0.0000000000        0.8869204367        0.1064304524        0.3093251866
       55.2040820000        1.0000000000        1.0000000000        9.8114332527        0.0000000000        0.8869204367        0.1064304524        0.3080873321
       55.3061220000        1.0000000000        1.0000000000        9.8599681820        0.0000000000        0.8869204367        0.1064304524        0.3062981877
       55.4081630000        1.0000000000        1.0000000000        9.9496345993        0.0000000000        0.8869204367        0.1064304524        0.3030200961
       55.5102040000        1.0000000000        1.0000000000       10.1887379637        0.0000000000        0.8869204367        0.1064304524        0.2944492680
       55.6122450000        1.0000000000        1.0000000000       10.7984570952        0.0000000000        0.8869204367        0.1064304524        0.2736747692
       55.7142860000        1.0000000000        1.0000000000       11.7123162265        0.0000000000        0.8869204367        0.1064304524        0.2452498120
       55.8163270000        1.0000000000        1.0000000000       12.1625880785        0.0000000000        0.8869204367        0.1064304524        0.2323499661
       55.9183670000        1.0000000000        1.0000000000       11.7255096961        0.0000000000        0.8869204367        0.1064304524        0.2448618357
       56.0204080000        1.0000000000        1.0000000000       11.1185396886        0.0000000000        0.8869204367        0.1064304524        0.2633622646
       56.1224490000        1.0000000000        1.0000000000       10.9310826101        0.0000000000        0.8869204367        0.1064304524        0.2693536946
       56.2244900000        1.0000000000        1.0000000000       11.0864817513        0.0000000000        0.8869204367        0.1064304524        0.2643773580
       56.3265310000        1.0000000000        1.0000000000       11.4102733471        0.0000000000        0.8869204367        0.1064304524        0.2543019848
       56.4285710000        1.0000000000        1.0000000000       11.8574763284        0.0000000000        0.8869204367        0.1064304524        0.2410147463
       56.5306120000        1.0000000000        1.0000000000       12.4497675430        0.0000000000        0.8869204367        0.1064304524        0.2244792272
       56.6326530000        1.0000000000        1.0000000000       13.2375022993        0.0000000000        0.8869204367        0.1064304524        0.2042316733
       56.7346940000        1.0000000000        1.0000000000       14.3005271964        0.0000000000        0.8869204367        0.1064304524        0.1797724735
       56.8367350000        1.0000000000        1.0000000000       15.7650028566        0.0000000000        0.8869204367        0.1064304524        0.1508000725
       56.9387760000        1.0000000000        1.0000000000       17.8378092656        0.0000000000        0.8869204367        0.1064304524        0.1175916662
       57.0408160000        1.0000000000        1.0000000000       20.8769161582        0.0000000000        0.8869204367        0.1064304524        0.0816568197
       57.1428570000        1.0000000000        1.0000000000       25.5494390776        0.0000000000        0.8869204367        0.1064304524        0.0466103486
       57.2448980000        1.0000000000        1.0000000000       33.2497985086        0.0000000000        0.8869204367        0.1064304524        0.0185001614
       57.3469390000        1.0000000000        1.0000000000       47.5726316938        0.0000000000        0.8869204367        0.1064304524        0.0033169294
       57.4489800000        1.0000000000        1.0000000000       81.1909169262        0.0000000000        0.8869204367        0.1064304524        0.0000587094
       57.5510200000        1.0000000000        1.0000000000      185.8629754473        0.0000000000        0.8869204367        0.1064304524        0.0000000002
       57.6530610000        1.0000000000        1.0000000000      516.6037661442        0.0000000000        0.8869204367        0.1064304524        0.0000000000
       57.7551020000        1.0000000000        1.0000000000     1248.6786535611        0.0000000000        0.8869204367        0.1064304524        0.0000000000
       57.8571430000        1.0000000000        1.0000000000     2084.4955715314        0.0000000000        0.8869204367        0.1064304524        0.0000000000
       57.9591840000        1.0000000000        1.0000000000     2203.2898648605        0.0000000000        0.8869204367        0.1064304524        0.0000000000
       58.0612240000        1.0000000000        1.0000000000     1476.2436529999        0.0000000000        0.8869204367        0.1064304524        0.0000000000
       58.1632650000        1.0000000000        1.0000000000      684.3054400595        0.0000000000        0.8869204367        0.1064304524        0.0000000000
       58.2653060000        1.0000000000        1.0000000000      274.6951367563        0.0000000000        0.8869204367        0.1064304524        0.0000000000
       58.3673470000        1.0000000000        1.0000000000      131.4489853943        0.0000000000        0.8869204367        0.1064304524        0.0000001411
       58.4693880000        1.0000000000        1.0000000000       82.6248344367        0.0000000000        0.8869204367        0.1064304524        0.0000494287
       58.5714290000        1.0000000000        1.0000000000       61.0177835596        0.0000000000        0.8869204367        0.1064304524        0.0006607506
       58.6734690000        1.0000000000        1.0000000000       49.0918708633        0.0000000000        0.8869204367        0.1064304524        0.0027641434
       58.7755100000        1.0000000000        1.0000000000       42.5045591888        0.0000000000        0.8869204367        0.1064304524        0.0060934119
       58.8775510000        1.0000000000        1.0000000000       40.4444904311        0.0000000000        0.8869204367        0.1064304524        0.0078022833
       58.9795920000        1.0000000000        1.0000000000       41.0011230190        0.0000000000        0.8869204367        0.1064304524        0.0072981473
       59.0816330000        1.0000000000        1.0000000000       39.3458892577        0.0000000000        0.8869204367        0.1064304524        0.0089017561
       59.1836730000        1.0000000000        1.0000000000       33.6879265902        0.0000000000        0.8869204367        0.1064304524        0.0175526351
       59.2857140000        1.0000000000        1.0000000000       27.7975877888        0.0000000000        0.8869204367        0.1064304524        0.0355892898
       59.3877550000        1.0000000000        1.0000000000       24.2302249016        0.0000000000        0.8869204367        0.1064304524        0.0546051549
       59.4897960000        1.0000000000        1.0000000000       22.3474811596        0.0000000000        0.8869204367        0.1064304524        0.0684468506
       59.5918370000        1.0000000000        1.0000000000       21.1354025465        0.0000000000        0.8869204367        0.1064304524        0.0791628381
       59.6938780000        1.0000000000        1.0000000000       20.1956683604        0.0000000000        0.8869204367        0.1064304524        0.0886126900
       59.7959180000        1.0000000000        1.0000000000       19.4155800475        0.0000000000        0.8869204367        0.1064304524        0.0973084347
       59.8979590000        1.0000000000        1.0000000000       18.7516130942        0.0000000000        0.8869204367        0.1064304524        0.1053788243
       60.0000000000        1.0000000000        1.0000000000       18.1783840497        0.0000000000        0.8869204367        0.1064304524        0.1128826962
