       55.0000000000        1.0000000000        1.0000000000        9.2284505018        0.0000000000        0.8869204367        0.1064304524        0.3304122836
       55.1020410000        1.0000000000        1.0000000000        9.2534728370        0.0000000000        0.8869204367        0.1064304524        0.3294216491
       55.2040820000        1.0000000000        1.0000000000        9.2876008874        0.0000000000        0.8869204367        0.1064304524        0.3280753057
       55.3061220000        1.0000000000        1.0000000000        9.3367504642        0.0000000000        0.8869204367        0.1064304524        0.3261460292
       55.4081630000        1.0000000000        1.0000000000        9.4267967112        0.0000000000        0.8869204367        0.1064304524        0.3226408140
       55.5102040000        1.0000000000        1.0000000000        9.6658036264        0.0000000000        0.8869204367        0.1064304524        0.3135186487
       55.6122450000        1.0000000000        1.0000000000       10.2740004008        0.0000000000        0.8869204367        0.1064304524        0.2914519721
       55.7142860000        1.0000000000        1.0000000000       11.1826558297        0.0000000000        0.8869204367        0.1064304524        0.2613437471
       55.8163270000        1.0000000000        1.0000000000       11.6225450752        0.0000000000        0.8869204367        0.1064304524        0.2479060565
       55.9183670000        1.0000000000        1.0000000000       11.1711077173        0.0000000000        0.8869204367        0.1064304524        0.2617061614
       56.0204080000        1.0000000000        1.0000000000       10.5454850530        0.0000000000        0.8869204367        0.1064304524        0.2821100019
       56.1224490000        1.0000000000        1.0000000000       10.3307137162        0.0000000000        0.8869204367        0.1064304524        0.2894752013
       56.2244900000        1.0000000000        1.0000000000       10.4442590924        0.0000000000        0.8869204367        0.1064304524        0.2855577222
       56.3265310000        1.0000000000        1.0000000000       10.7045243236        0.0000000000        0.8869204367        0.1064304524        0.2767770643
       56.4285710000        1.0000000000        1.0000000000       11.0560493766        0.0000000000        0.8869204367        0.1064304524        0.2653445987
       56.5306120000        1.0000000000        1.0000000000       11.5040919054        0.0000000000        0.8869204367        0.1064304524        0.2514550511
       56.6326530000        1.0000000000        1.0000000000       12.0727704714        0.0000000000        0.8869204367        0.1064304524        0.2348678046
       56.7346940000        1.0000000000        1.0000000000       12.7988946953        0.0000000000        0.8869204367        0.1064304524        0.2152688938
       56.8367350000        1.0000000000        1.0000000000       13.7355759709        0.0000000000        0.8869204367        0.1064304524        0.1923826125
       56.9387760000        1.0000000000        1.0000000000       14.9602580861        0.0000000000        0.8869204367        0.1064304524        0.1660890863
       57.0408160000        1.0000000000        1.0000000000       16.5886744253        0.0000000000        0.8869204367        0.1064304524        0.1366078412
       57.1428570000        1.0000000000        1.0000000000       18.7996354076        0.0000000000        0.8869204367        0.1064304524        0.1047733065
       57.2448980000        1.0000000000        1.0000000000       21.8808169556        0.0000000000        0.8869204367        0.1064304524        0.0723892092
       57.3469390000        1.0000000000        1.0000000000       26.3196561204        0.0000000000        0.8869204367        0.1064304524        0.0424954302
       57.4489800000        1.0000000000        1.0000000000       32.9990087676        0.0000000000        0.8869204367        0.1064304524        0.0190653819
       57.5510200000        1.0000000000        1.0000000000       43.6761389881        0.0000000000        0.8869204367        0.1064304524        0.0052942356
       57.6530610000        1.0000000000        1.0000000000       62.4782115857        0.0000000000        0.8869204367        0.1064304524        0.0005545324
       57.7551020000        1.0000000000        1.0000000000      102.3126424167        0.0000000000        0.8869204367        0.1064304524        0.0000046552
       57.8571430000        1.0000000000        1.0000000000      213.3722083174        0.0000000000        0.8869204367        0.1064304524        0.0000000000
       57.9591840000        1.0000000000        1.0000000000      559.0657312174        0.0000000000        0.8869204367        0.1064304524        0.0000000000
       58.0612240000        1.0000000000        1.0000000000     1399.4787057488        0.0000000000        0.8869204367        0.1064304524        0.0000000000
       58.1632650000        1.0000000000        1.0000000000     2572.8193284011        0.0000000000        0.8869204367        0.1064304524        0.0000000000
       58.2653060000        1.0000000000        1.0000000000     3093.4692783313        0.0000000000        0.8869204367        0.1064304524        0.0000000000
       58.3673470000        1.0000000000        1.0000000000     2379.5108016104        0.0000000000        0.8869204367        0.1064304524        0.0000000000
       58.4693880000        1.0000000000        1.0000000000     1240.5904481659        0.0000000000        0.8869204367        0.1064304524        0.0000000000
       58.5714290000        1.0000000000        1.0000000000      519.7173829536        0.0000000000        0.8869204367        0.1064304524        0.0000000000
       58.6734690000        1.0000000000        1.0000000000      234.6958618401        0.0000000000        0.8869204367        0.1064304524        0.0000000000
       58.7755100000        1.0000000000        1.0000000000      137.3865978604        0.0000000000        0.8869204367        0.1064304524        0.0000000692
       58.8775510000        1.0000000000        1.0000000000       99.6617258343        0.0000000000        0.8869204367        0.1064304524        0.0000063988
       58.9795920000        1.0000000000        1.0000000000       82.2279320016        0.0000000000        0.8869204367        0.1064304524        0.0000518398
       59.0816330000        1.0000000000        1.0000000000       69.9987120663        0.0000000000        0.8869204367        0.1064304524        0.0002249021
       59.1836730000        1.0000000000        1.0000000000       57.4952197493        0.0000000000        0.8869204367        0.1064304524        0.0010083637
       59.2857140000        1.0000000000        1.0000000000       46.8235499882        0.0000000000        0.8869204367        0.1064304524        0.0036288989
       59.3877550000        1.0000000000        1.0000000000       39.7709633299        0.0000000000        0.8869204367        0.1064304524        0.0084590737
       59.4897960000        1.0000000000        1.0000000000       35.2895926804        0.0000000000        0.8869204367        0.1064304524        0.0144834144
       59.5918370000        1.0000000000        1.0000000000       32.0938058065        0.0000000000        0.8869204367        0.1064304524        0.0212530111
       59.6938780000        1.0000000000        1.0000000000       29.6032315572        0.0000000000        0.8869204367        0.1064304524        0.0286561332
       59.7959180000        1.0000000000        1.0000000000       27.5853565383        0.0000000000        0.8869204367        0.1064304524        0.0365073093
       59.8979590000        1.0000000000        1.0000000000       25.9160804932        0.0000000000        0.8869204367        0.1064304524        0.0446040927
       60.0000000000        1.0000000000        1.0000000000       24.5141111011        0.0000000000        0.8869204367        0.1064304524        0.0527762853
