       55.0000000000        1.0000000000        1.0000000000        8.7554125785        0.0000000000        0.8869204367        0.1064304524        0.3497105350
       55.1020410000        1.0000000000        1.0000000000        8.7676785961        0.0000000000        0.8869204367        0.1064304524        0.3491961670
       55.2040820000        1.0000000000        1.0000000000        8.7893812028        0.0000000000        0.8869204367        0.1064304524        0.3482879341
       55.3061220000        1.0000000000        1.0000000000        8.8267683295        0.0000000000        0.8869204367        0.1064304524        0.3467288559
       55.4081630000        1.0000000000        1.0000000000        8.9061300099        0.0000000000        0.8869204367        0.1064304524        0.3434424913
       55.5102040000        1.0000000000        1.0000000000        9.1361756329        0.0000000000        0.8869204367        0.1064304524        0.3340912646
       55.6122450000        1.0000000000        1.0000000000        9.7389140839        0.0000000000        0.8869204367        0.1064304524        0.3107801002
       55.7142860000        1.0000000000        1.0000000000       10.6494382920        0.0000000000        0.8869204367        0.1064304524        0.2786127107
       55.8163270000        1.0000000000        1.0000000000       11.1014998212        0.0000000000        0.8869204367        0.1064304524        0.2639013345
       55.9183670000        1.0000000000        1.0000000000       10.6719830785        0.0000000000        0.8869204367        0.1064304524        0.2778599777
       56.0204080000        1.0000000000        1.0000000000       10.0802395965        0.0000000000        0.8869204367        0.1064304524        0.2983080053
       56.1224490000        1.0000000000        1.0000000000        9.9202795246        0.0000000000        0.8869204367        0.1064304524        0.3040893997
       56.2244900000        1.0000000000        1.0000000000       10.1221520525        0.0000000000        0.8869204367        0.1064304524        0.2968114334
       56.3265310000        1.0000000000        1.0000000000       10.5211015844        0.0000000000        0.8869204367        0.1064304524        0.2829366692
       56.4285710000        1.0000000000        1.0000000000       11.0875498278        0.0000000000        0.8869204367        0.1064304524        0.2643434751
       56.5306120000        1.0000000000        1.0000000000       11.8687789217        0.0000000000        0.8869204367        0.1064304524        0.2406880769
       56.6326530000        1.0000000000        1.0000000000       12.9593255220        0.0000000000        0.8869204367        0.1064304524        0.2111642394
       56.7346940000        1.0000000000        1.0000000000       14.5189425488        0.0000000000        0.8869204367        0.1064304524        0.1751218773
       56.8367350000        1.0000000000        1.0000000000       16.8272445575        0.0000000000        0.8869204367        0.1064304524        0.1327524256
       56.9387760000        1.0000000000        1.0000000000       20.4108939346        0.0000000000        0.8869204367        0.1064304524        0.0863533852
       57.0408160000        1.0000000000        1.0000000000       26.3893390475        0.0000000000        0.8869204367        0.1064304524        0.0421415670
       57.1428570000        1.0000000000        1.0000000000       37.7569071243        0.0000000000        0.8869204367        0.1064304524        0.0107717442
       57.2448980000        1.0000000000        1.0000000000       65.7430681696        0.0000000000        0.8869204367        0.1064304524        0.0003747812
       57.3469390000        1.0000000000        1.0000000000      158.0592802064        0.0000000000        0.8869204367        0.1064304524        0.0000000058
       57.4489800000        1.0000000000        1.0000000000      455.5482824319        0.0000000000        0.8869204367        0.1064304524        0.0000000000
       57.5510200000        1.0000000000        1.0000000000     1098.1324886902        0.0000000000        0.8869204367        0.1064304524        0.0000000000
       57.6530610000        1.0000000000        1.0000000000     1778.9224100335        0.0000000000        0.8869204367        0.1064304524        0.0000000000
       57.7551020000        1.0000000000        1.0000000000     1796.1875912755        0.0000000000        0.8869204367        0.1064304524        0.0000000000
       57.8571430000        1.0000000000        1.0000000000     1140.6471006078        0.0000000000        0.8869204367        0.1064304524        0.0000000000
       57.9591840000        1.0000000000        1.0000000000      503.4691670686        0.0000000000        0.8869204367        0.1064304524        0.0000000000
       58.0612240000        1.0000000000        1.0000000000      198.7637624313        0.0000000000        0.8869204367        0.1064304524        0.0000000000
       58.1632650000        1.0000000000        1.0000000000       98.2028201138        0.0000000000        0.8869204367        0.1064304524        0.0000076230
       58.2653060000        1.0000000000        1.0000000000       64.7308347582        0.0000000000        0.8869204367        0.1064304524        0.0004231854
       58.3673470000        1.0000000000        1.0000000000       50.0827733425        0.0000000000        0.8869204367        0.1064304524        0.0024542531
       58.4693880000        1.0000000000        1.0000000000       42.2604710350        0.0000000000        0.8869204367        0.1064304524        0.0062745311
       58.5714290000        1.0000000000        1.0000000000       37.9525110748        0.0000000000        0.8869204367        0.1064304524        0.0105218490
       58.6734690000        1.0000000000        1.0000000000       36.1580280485        0.0000000000        0.8869204367        0.1064304524        0.0130500493
       58.7755100000        1.0000000000        1.0000000000       37.2259049098        0.0000000000        0.8869204367        0.1064304524        0.0114804626
       58.8775510000        1.0000000000        1.0000000000       42.4644911916        0.0000000000        0.8869204367        0.1064304524        0.0061227806
       58.9795920000        1.0000000000        1.0000000000       51.7342137842        0.0000000000        0.8869204367        0.1064304524        0.0020130473
       59.0816330000        1.0000000000        1.0000000000       63.0842605181        0.0000000000        0.8869204367        0.1064304524        0.0005156351
       59.1836730000        1.0000000000        1.0000000000       82.8158367153        0.0000000000        0.8869204367        0.1064304524        0.0000483086
       59.2857140000        1.0000000000        1.0000000000      146.5180305994        0.0000000000        0.8869204367        0.1064304524        0.0000000231
       59.3877550000        1.0000000000        1.0000000000      366.8627007663        0.0000000000        0.8869204367        0.1064304524        0.0000000000
       59.4897960000        1.0000000000        1.0000000000      938.4508612532        0.0000000000        0.8869204367        0.1064304524        0.0000000000
       59.5918370000        1.0000000000        1.0000000000     1799.2639758264        0.0000000000        0.8869204367        0.1064304524        0.0000000000
       59.6938780000        1.0000000000        1.0000000000     2267.0171084530        0.0000000000        0.8869204367        0.1064304524        0.0000000000
       59.7959180000        1.0000000000        1.0000000000     1822.6989470381        0.0000000000        0.8869204367        0.1064304524        0.0000000000
       59.8979590000        1.0000000000        1.0000000000      980.1247394802        0.0000000000        0.8869204367        0.1064304524        0.0000000000
       60.0000000000        1.0000000000        1.0000000000      411.2566779573        0.0000000000        0.8869204367        0.1064304524        0.0000000000
