       55.0000000000        1.0000000000        1.0000000000       10.1592894591        0.0000000000        0.8869204367        0.1064304524        0.2954916395
       55.1020410000        1.0000000000        1.0000000000       10.2080781231        0.0000000000        0.8869204367        0.1064304524        0.2937666969
       55.2040820000        1.0000000000        1.0000000000       10.2756970811        0.0000000000        0.8869204367        0.1064304524        0.2913926380
       55.3061220000        1.0000000000        1.0000000000       10.3724668172        0.0000000000        0.8869204367        0.1064304524        0.2880284503
       55.4081630000        1.0000000000        1.0000000000       10.5307844895        0.0000000000        0.8869204367        0.1064304524        0.2826081023
       55.5102040000        1.0000000000        1.0000000000       10.8687985719        0.0000000000        0.8869204367        0.1064304524        0.2713744090
       55.6122450000        1.0000000000        1.0000000000       11.6240133218        0.0000000000        0.8869204367        0.1064304524        0.2478623819
       55.7142860000        1.0000000000        1.0000000000       12.7574552905        0.0000000000        0.8869204367        0.1064304524        0.2163420336
       55.8163270000        1.0000000000        1.0000000000       13.5449295260        0.0000000000        0.8869204367        0.1064304524        0.1968345909
       55.9183670000        1.0000000000        1.0000000000       13.6344224088        0.0000000000        0.8869204367        0.1064304524        0.1947320654
       56.0204080000        1.0000000000        1.0000000000       13.8841794907        0.0000000000        0.8869204367        0.1064304524        0.1889823719
       56.1224490000        1.0000000000        1.0000000000       15.1871977945        0.0000000000        0.8869204367        0.1064304524        0.1616270537
       56.2244900000        1.0000000000        1.0000000000       18.2291950365        0.0000000000        0.8869204367        0.1064304524        0.1121965086
       56.3265310000        1.0000000000        1.0000000000       25.6855197904        0.0000000000        0.8869204367        0.1064304524        0.0458553971
       56.4285710000        1.0000000000        1.0000000000       51.3305458544        0.0000000000        0.8869204367        0.1064304524        0.0021129599
       56.5306120000        1.0000000000        1.0000000000      146.0785550343        0.0000000000        0.8869204367        0.1064304524        0.0000000244
       56.6326530000        1.0000000000        1.0000000000      389.5968796849        0.0000000000        0.8869204367        0.1064304524        0.0000000000
       56.7346940000        1.0000000000        1.0000000000      708.8227011036        0.0000000000        0.8869204367        0.1064304524        0.0000000000
       56.8367350000        1.0000000000        1.0000000000      792.3037464208        0.0000000000        0.8869204367        0.1064304524        0.0000000000
       56.9387760000        1.0000000000        1.0000000000      540.2770586663        0.0000000000        0.8869204367        0.1064304524        0.0000000000
       57.0408160000        1.0000000000        1.0000000000      244.4660077396        0.0000000000        0.8869204367        0.1064304524        0.0000000000
       57.1428570000        1.0000000000        1.0000000000       93.9352258043        0.0000000000        0.8869204367        0.1064304524        0.0000127214
       57.2448980000        1.0000000000        1.0000000000       45.4216607996        0.0000000000        0.8869204367        0.1064304524        0.0042937307
       57.3469390000        1.0000000000        1.0000000000       30.6590731455        0.0000000000        0.8869204367        0.1064304524        0.0252459691
       57.4489800000        1.0000000000        1.0000000000       24.5138886119        0.0000000000        0.8869204367        0.1064304524        0.0527776943
       57.5510200000        1.0000000000        1.0000000000       21.0998609600        0.0000000000        0.8869204367        0.1064304524        0.0795011879
       57.6530610000        1.0000000000        1.0000000000       18.9163928836        0.0000000000        0.8869204367        0.1064304524        0.1033155744
       57.7551020000        1.0000000000        1.0000000000       17.4097554961        0.0000000000        0.8869204367        0.1064304524        0.1237897571
       57.8571430000        1.0000000000        1.0000000000       16.3155159215        0.0000000000        0.8869204367        0.1064304524        0.1411599110
       57.9591840000        1.0000000000        1.0000000000       15.4900014443        0.0000000000        0.8869204367        0.1064304524        0.1558595226
       58.0612240000        1.0000000000        1.0000000000       14.8488318405        0.0000000000        0.8869204367        0.1064304524        0.1683248020
       58.1632650000        1.0000000000        1.0000000000       14.3397433476        0.0000000000        0.8869204367        0.1064304524        0.1789284629
       58.2653060000        1.0000000000        1.0000000000       13.9294950515        0.0000000000        0.8869204367        0.1064304524        0.1879574999
       58.3673470000        1.0000000000        1.0000000000       13.5976040343        0.0000000000        0.8869204367        0.1064304524        0.1955943350
       58.4693880000        1.0000000000        1.0000000000       13.3358900283        0.0000000000        0.8869204367        0.1064304524        0.2018345850
       58.5714290000        1.0000000000        1.0000000000       13.1680275427        0.0000000000        0.8869204367        0.1064304524        0.2059414642
       58.6734690000        1.0000000000        1.0000000000       13.2755235006        0.0000000000        0.8869204367        0.1064304524        0.2033019798
       58.7755100000        1.0000000000        1.0000000000       14.3723194989        0.0000000000        0.8869204367        0.1064304524        0.1782303722
       58.8775510000        1.0000000000        1.0000000000       17.5731469909        0.0000000000        0.8869204367        0.1064304524        0.1213862536
       58.9795920000        1.0000000000        1.0000000000       21.8456593882        0.0000000000        0.8869204367        0.1064304524        0.0726952578
       59.0816330000        1.0000000000        1.0000000000       22.8769328288        0.0000000000        0.8869204367        0.1064304524        0.0642334010
       59.1836730000        1.0000000000        1.0000000000       19.2896151507        0.0000000000        0.8869204367        0.1064304524        0.0987905014
       59.2857140000        1.0000000000        1.0000000000       15.1012063144        0.0000000000        0.8869204367        0.1064304524        0.1633035145
       59.3877550000        1.0000000000        1.0000000000       12.9412733968        0.0000000000        0.8869204367        0.1064304524        0.2116221708
       59.4897960000        1.0000000000        1.0000000000       12.2103559412        0.0000000000        0.8869204367        0.1064304524        0.2310219127
       59.5918370000        1.0000000000        1.0000000000       11.9472276971        0.0000000000        0.8869204367        0.1064304524        0.2384329063
       59.6938780000        1.0000000000        1.0000000000       11.8005040173        0.0000000000        0.8869204367        0.1064304524        0.2426681317
       59.7959180000        1.0000000000        1.0000000000       11.6916409719        0.0000000000        0.8869204367        0.1064304524        0.2458590397
       59.8979590000        1.0000000000        1.0000000000       11.6018158805        0.0000000000        0.8869204367        0.1064304524        0.2485234913
       60.0000000000        1.0000000000        1.0000000000       11.5240743220        0.0000000000        0.8869204367        0.1064304524        0.2508528119
