       55.0000000000        1.0000000000        1.0000000000        8.6869372595        0.0000000000        0.8869204367        0.1064304524        0.3525959585
       55.1020410000        1.0000000000        1.0000000000        8.6887131825        0.0000000000        0.8869204367        0.1064304524        0.3525208245
       55.2040820000        1.0000000000        1.0000000000        8.6974627049        0.0000000000        0.8869204367        0.1064304524        0.3521508921
       55.3061220000        1.0000000000        1.0000000000        8.7187420446        0.0000000000        0.8869204367        0.1064304524        0.3512528146
       55.4081630000        1.0000000000        1.0000000000        8.7779131574        0.0000000000        0.8869204367        0.1064304524        0.3487675659
       55.5102040000        1.0000000000        1.0000000000        8.9824602382        0.0000000000        0.8869204367        0.1064304524        0.3403110493
       55.6122450000        1.0000000000        1.0000000000        9.5529339475        0.0000000000        0.8869204367        0.1064304524        0.3177939463
       55.7142860000        1.0000000000        1.0000000000       10.4227503624        0.0000000000        0.8869204367        0.1064304524        0.2862957122
       55.8163270000        1.0000000000        1.0000000000       10.8228007050        0.0000000000        0.8869204367        0.1064304524        0.2728764679
       55.9183670000        1.0000000000        1.0000000000       10.3249334167        0.0000000000        0.8869204367        0.1064304524        0.2896760614
       56.0204080000        1.0000000000        1.0000000000        9.6419813545        0.0000000000        0.8869204367        0.1064304524        0.3144161781
       56.1224490000        1.0000000000        1.0000000000        9.3597173755        0.0000000000        0.8869204367        0.1064304524        0.3252483986
       56.2244900000        1.0000000000        1.0000000000        9.3960280792        0.0000000000        0.8869204367        0.1064304524        0.3238342819
       56.3265310000        1.0000000000        1.0000000000        9.5673070959        0.0000000000        0.8869204367        0.1064304524        0.3172462948
       56.4285710000        1.0000000000        1.0000000000        9.8148075319        0.0000000000        0.8869204367        0.1064304524        0.3079626087
       56.5306120000        1.0000000000        1.0000000000       10.1395270566        0.0000000000        0.8869204367        0.1064304524        0.2961932261
       56.6326530000        1.0000000000        1.0000000000       10.5598902210        0.0000000000        0.8869204367        0.1064304524        0.2816227621
       56.7346940000        1.0000000000        1.0000000000       11.1048004251        0.0000000000        0.8869204367        0.1064304524        0.2637968312
       56.8367350000        1.0000000000        1.0000000000       11.8160666845        0.0000000000        0.8869204367        0.1064304524        0.2422153670
       56.9387760000        1.0000000000        1.0000000000       12.7544925717        0.0000000000        0.8869204367        0.1064304524        0.2164189625
       57.0408160000        1.0000000000        1.0000000000       14.0104957231        0.0000000000        0.8869204367        0.1064304524        0.1861393882
       57.1428570000        1.0000000000        1.0000000000       15.7228443929        0.0000000000        0.8869204367        0.1064304524        0.1515649054
       57.2448980000        1.0000000000        1.0000000000       18.1129430730        0.0000000000        0.8869204367        0.1064304524        0.1137726445
       57.3469390000        1.0000000000        1.0000000000       21.5521733333        0.0000000000        0.8869204367        0.1064304524        0.0753010801
       57.4489800000        1.0000000000        1.0000000000       26.7051441090        0.0000000000        0.8869204367        0.1064304524        0.0405744268
       57.5510200000        1.0000000000        1.0000000000       34.8763035382        0.0000000000        0.8869204367        0.1064304524        0.0152198250
       57.6530610000        1.0000000000        1.0000000000       49.0947110580        0.0000000000        0.8869204367        0.1064304524        0.0027632014
       57.7551020000        1.0000000000        1.0000000000       78.9632875991        0.0000000000        0.8869204367        0.1064304524        0.0000767011
       57.8571430000        1.0000000000        1.0000000000      163.4945614109        0.0000000000        0.8869204367        0.1064304524        0.0000000030
       57.9591840000        1.0000000000        1.0000000000      435.6935514178        0.0000000000        0.8869204367        0.1064304524        0.0000000000
       58.0612240000        1.0000000000        1.0000000000     1127.9905380861        0.0000000000        0.8869204367        0.1064304524        0.0000000000
       58.1632650000        1.0000000000        1.0000000000     2211.6008761078        0.0000000000        0.8869204367        0.1064304524        0.0000000000
       58.2653060000        1.0000000000        1.0000000000     3074.7205536297        0.0000000000        0.8869204367        0.1064304524        0.0000000000
       58.3673470000        1.0000000000        1.0000000000     3132.3047814350        0.0000000000        0.8869204367        0.1064304524        0.0000000000
       58.4693880000        1.0000000000        1.0000000000     2413.4834246258        0.0000000000        0.8869204367        0.1064304524        0.0000000000
       58.5714290000        1.0000000000        1.0000000000     1391.1781630965        0.0000000000        0.8869204367        0.1064304524        0.0000000000
       58.6734690000        1.0000000000        1.0000000000      623.4248558758        0.0000000000        0.8869204367        0.1064304524        0.0000000000
       58.7755100000        1.0000000000        1.0000000000      266.5290337662        0.0000000000        0.8869204367        0.1064304524        0.0000000000
       58.8775510000        1.0000000000        1.0000000000      145.2510064305        0.0000000000        0.8869204367        0.1064304524        0.0000000269
       58.9795920000        1.0000000000        1.0000000000      104.3658395506        0.0000000000        0.8869204367        0.1064304524        0.0000036386
       59.0816330000        1.0000000000        1.0000000000       83.6266625477        0.0000000000        0.8869204367        0.1064304524        0.0000438297
       59.1836730000        1.0000000000        1.0000000000       66.9402852582        0.0000000000        0.8869204367        0.1064304524        0.0003246268
       59.2857140000        1.0000000000        1.0000000000       53.8838322329        0.0000000000        0.8869204367        0.1064304524        0.0015553419
       59.3877550000        1.0000000000        1.0000000000       45.3456160630        0.0000000000        0.8869204367        0.1064304524        0.0043330919
       59.4897960000        1.0000000000        1.0000000000       39.8650259876        0.0000000000        0.8869204367        0.1064304524        0.0083641286
       59.5918370000        1.0000000000        1.0000000000       35.9587546798        0.0000000000        0.8869204367        0.1064304524        0.0133658737
       59.6938780000        1.0000000000        1.0000000000       32.9435419938        0.0000000000        0.8869204367        0.1064304524        0.0191927046
       59.7959180000        1.0000000000        1.0000000000       30.5266463199        0.0000000000        0.8869204367        0.1064304524        0.0256503629
       59.8979590000        1.0000000000        1.0000000000       28.5463007888        0.0000000000        0.8869204367        0.1064304524        0.0325311855
       60.0000000000        1.0000000000        1.0000000000       26.8967098761        0.0000000000        0.8869204367        0.1064304524        0.0396523452
