       55.0000000000        1.0000000000        1.0000000000       10.2101812076        0.0000000000        0.8869204367        0.1064304524        0.2936925683
       55.1020410000        1.0000000000        1.0000000000       10.3086663286        0.0000000000        0.8869204367        0.1064304524        0.2902420760
       55.2040820000        1.0000000000        1.0000000000       10.4368068537        0.0000000000        0.8869204367        0.1064304524        0.2858132017
       55.3061220000        1.0000000000        1.0000000000       10.6074504307        0.0000000000        0.8869204367        0.1064304524        0.2800200555
       55.4081630000        1.0000000000        1.0000000000       10.8562104995        0.0000000000        0.8869204367        0.1064304524        0.2717846484
       55.5102040000        1.0000000000        1.0000000000       11.3050080100        0.0000000000        0.8869204367        0.1064304524        0.2575346612
       55.6122450000        1.0000000000        1.0000000000       12.1940068281        0.0000000000        0.8869204367        0.1064304524        0.2314755980
       55.7142860000        1.0000000000        1.0000000000       13.4837342415        0.0000000000        0.8869204367        0.1064304524        0.1982853530
       55.8163270000        1.0000000000        1.0000000000       14.4506977251        0.0000000000        0.8869204367        0.1064304524        0.1765619051
       55.9183670000        1.0000000000        1.0000000000       14.7455258091        0.0000000000        0.8869204367        0.1064304524        0.1704244657
       56.0204080000        1.0000000000        1.0000000000       15.2054761150        0.0000000000        0.8869204367        0.1064304524        0.1612729297
       56.1224490000        1.0000000000        1.0000000000       16.6248002780        0.0000000000        0.8869204367        0.1064304524        0.1360169140
       56.2244900000        1.0000000000        1.0000000000       19.3078654220        0.0000000000        0.8869204367        0.1064304524        0.0985743838
       56.3265310000        1.0000000000        1.0000000000       23.8697591727        0.0000000000        0.8869204367        0.1064304524        0.0570189791
       56.4285710000        1.0000000000        1.0000000000       32.2296512404        0.0000000000        0.8869204367        0.1064304524        0.0209093647
       56.5306120000        1.0000000000        1.0000000000       51.3661834831        0.0000000000        0.8869204367        0.1064304524        0.0021039431
       56.6326530000        1.0000000000        1.0000000000      112.5324742572        0.0000000000        0.8869204367        0.1064304524        0.0000013656
       56.7346940000        1.0000000000        1.0000000000      324.2274184097        0.0000000000        0.8869204367        0.1064304524        0.0000000000
       56.8367350000        1.0000000000        1.0000000000      849.3566212572        0.0000000000        0.8869204367        0.1064304524        0.0000000000
       56.9387760000        1.0000000000        1.0000000000     1531.5004581786        0.0000000000        0.8869204367        0.1064304524        0.0000000000
       57.0408160000        1.0000000000        1.0000000000     1721.7586517207        0.0000000000        0.8869204367        0.1064304524        0.0000000000
       57.1428570000        1.0000000000        1.0000000000     1197.1651860314        0.0000000000        0.8869204367        0.1064304524        0.0000000000
       57.2448980000        1.0000000000        1.0000000000      556.4807257392        0.0000000000        0.8869204367        0.1064304524        0.0000000000
       57.3469390000        1.0000000000        1.0000000000      215.4494046580        0.0000000000        0.8869204367        0.1064304524        0.0000000000
       57.4489800000        1.0000000000        1.0000000000       99.0683598177        0.0000000000        0.8869204367        0.1064304524        0.0000068710
       57.5510200000        1.0000000000        1.0000000000       61.8463786467        0.0000000000        0.8869204367        0.1064304524        0.0005982119
       57.6530610000        1.0000000000        1.0000000000       46.1365314916        0.0000000000        0.8869204367        0.1064304524        0.0039407517
       57.7551020000        1.0000000000        1.0000000000       37.4470821230        0.0000000000        0.8869204367        0.1064304524        0.0111797647
       57.8571430000        1.0000000000        1.0000000000       31.9217618890        0.0000000000        0.8869204367        0.1064304524        0.0216963458
       57.9591840000        1.0000000000        1.0000000000       28.1294962394        0.0000000000        0.8869204367        0.1064304524        0.0341996609
       58.0612240000        1.0000000000        1.0000000000       25.3894050251        0.0000000000        0.8869204367        0.1064304524        0.0475141079
       58.1632650000        1.0000000000        1.0000000000       23.3327726876        0.0000000000        0.8869204367        0.1064304524        0.0608141539
       58.2653060000        1.0000000000        1.0000000000       21.7439535257        0.0000000000        0.8869204367        0.1064304524        0.0735879181
       58.3673470000        1.0000000000        1.0000000000       20.4905721500        0.0000000000        0.8869204367        0.1064304524        0.0855316618
       58.4693880000        1.0000000000        1.0000000000       19.4922835538        0.0000000000        0.8869204367        0.1064304524        0.0964168764
       58.5714290000        1.0000000000        1.0000000000       18.7240183588        0.0000000000        0.8869204367        0.1064304524        0.1057283507
       58.6734690000        1.0000000000        1.0000000000       18.3326620657        0.0000000000        0.8869204367        0.1064304524        0.1108120842
       58.7755100000        1.0000000000        1.0000000000       19.0078314373        0.0000000000        0.8869204367        0.1064304524        0.1021881280
       58.8775510000        1.0000000000        1.0000000000       21.8546971883        0.0000000000        0.8869204367        0.1064304524        0.0726164599
       58.9795920000        1.0000000000        1.0000000000       25.8465341738        0.0000000000        0.8869204367        0.1064304524        0.0449778964
       59.0816330000        1.0000000000        1.0000000000       26.6608287981        0.0000000000        0.8869204367        0.1064304524        0.0407907697
       59.1836730000        1.0000000000        1.0000000000       22.8804152692        0.0000000000        0.8869204367        0.1064304524        0.0642065639
       59.2857140000        1.0000000000        1.0000000000       18.5004847382        0.0000000000        0.8869204367        0.1064304524        0.1086027914
       59.3877550000        1.0000000000        1.0000000000       16.1608870451        0.0000000000        0.8869204367        0.1064304524        0.1438036509
       59.4897960000        1.0000000000        1.0000000000       15.2716080220        0.0000000000        0.8869204367        0.1064304524        0.1599981602
       59.5918370000        1.0000000000        1.0000000000       14.8701989476        0.0000000000        0.8869204367        0.1064304524        0.1678937612
       59.6938780000        1.0000000000        1.0000000000       14.6015019427        0.0000000000        0.8869204367        0.1064304524        0.1733954885
       59.7959180000        1.0000000000        1.0000000000       14.3841004531        0.0000000000        0.8869204367        0.1064304524        0.1779785833
       59.8979590000        1.0000000000        1.0000000000       14.1971167710        0.0000000000        0.8869204367        0.1064304524        0.1820172143
       60.0000000000        1.0000000000        1.0000000000       14.0320159120        0.0000000000        0.8869204367        0.1064304524        0.1856593178
