       55.0000000000        1.0000000000        1.0000000000        9.6607142080        0.0000000000        0.8869204367        0.1064304524        0.3137101825
       55.1020410000        1.0000000000        1.0000000000        9.7305939141        0.0000000000        0.8869204367        0.1064304524        0.3110905444
       55.2040820000        1.0000000000        1.0000000000        9.8181885426        0.0000000000        0.8869204367        0.1064304524        0.3078376870
       55.3061220000        1.0000000000        1.0000000000        9.9314466668        0.0000000000        0.8869204367        0.1064304524        0.3036821754
       55.4081630000        1.0000000000        1.0000000000       10.0988983476        0.0000000000        0.8869204367        0.1064304524        0.2976408259
       55.5102040000        1.0000000000        1.0000000000       10.4319880118        0.0000000000        0.8869204367        0.1064304524        0.2859785241
       55.6122450000        1.0000000000        1.0000000000       11.1546022236        0.0000000000        0.8869204367        0.1064304524        0.2622250258
       55.7142860000        1.0000000000        1.0000000000       12.2016198759        0.0000000000        0.8869204367        0.1064304524        0.2312642264
       55.8163270000        1.0000000000        1.0000000000       12.8106924655        0.0000000000        0.8869204367        0.1064304524        0.2149643463
       55.9183670000        1.0000000000        1.0000000000       12.5726137726        0.0000000000        0.8869204367        0.1064304524        0.2211943278
       56.0204080000        1.0000000000        1.0000000000       12.2204933847        0.0000000000        0.8869204367        0.1064304524        0.2307410469
       56.1224490000        1.0000000000        1.0000000000       12.3570784954        0.0000000000        0.8869204367        0.1064304524        0.2269899764
       56.2244900000        1.0000000000        1.0000000000       12.9253618061        0.0000000000        0.8869204367        0.1064304524        0.2120266262
       56.3265310000        1.0000000000        1.0000000000       13.7829154432        0.0000000000        0.8869204367        0.1064304524        0.1912928358
       56.4285710000        1.0000000000        1.0000000000       14.9329983219        0.0000000000        0.8869204367        0.1064304524        0.1666332818
       56.5306120000        1.0000000000        1.0000000000       16.4706347629        0.0000000000        0.8869204367        0.1064304524        0.1385566279
       56.6326530000        1.0000000000        1.0000000000       18.5619639312        0.0000000000        0.8869204367        0.1064304524        0.1078045222
       56.7346940000        1.0000000000        1.0000000000       21.4781975506        0.0000000000        0.8869204367        0.1064304524        0.0759725107
       56.8367350000        1.0000000000        1.0000000000       25.6797704530        0.0000000000        0.8869204367        0.1064304524        0.0458870446
       56.9387760000        1.0000000000        1.0000000000       32.0002299671        0.0000000000        0.8869204367        0.1064304524        0.0214930082
       57.0408160000        1.0000000000        1.0000000000       42.0952712373        0.0000000000        0.8869204367        0.1064304524        0.0064001583
       57.1428570000        1.0000000000        1.0000000000       59.8354610520        0.0000000000        0.8869204367        0.1064304524        0.0007614734
       57.2448980000        1.0000000000        1.0000000000       97.2870986572        0.0000000000        0.8869204367        0.1064304524        0.0000085084
       57.3469390000        1.0000000000        1.0000000000      201.8690327954        0.0000000000        0.8869204367        0.1064304524        0.0000000000
       57.4489800000        1.0000000000        1.0000000000      531.6598073767        0.0000000000        0.8869204367        0.1064304524        0.0000000000
       57.5510200000        1.0000000000        1.0000000000     1347.8681421151        0.0000000000        0.8869204367        0.1064304524        0.0000000000
       57.6530610000        1.0000000000        1.0000000000     2507.4048464830        0.0000000000        0.8869204367        0.1064304524        0.0000000000
       57.7551020000        1.0000000000        1.0000000000     3036.4884891267        0.0000000000        0.8869204367        0.1064304524        0.0000000000
       57.8571430000        1.0000000000        1.0000000000     2338.6962498005        0.0000000000        0.8869204367        0.1064304524        0.0000000000
       57.9591840000        1.0000000000        1.0000000000     1213.8702401855        0.0000000000        0.8869204367        0.1064304524        0.0000000000
       58.0612240000        1.0000000000        1.0000000000      504.5308940103        0.0000000000        0.8869204367        0.1064304524        0.0000000000
       58.1632650000        1.0000000000        1.0000000000      226.4913658680        0.0000000000        0.8869204367        0.1064304524        0.0000000000
       58.2653060000        1.0000000000        1.0000000000      131.4303968270        0.0000000000        0.8869204367        0.1064304524        0.0000001414
       58.3673470000        1.0000000000        1.0000000000       92.0042824537        0.0000000000        0.8869204367        0.1064304524        0.0000160386
       58.4693880000        1.0000000000        1.0000000000       70.9056894615        0.0000000000        0.8869204367        0.1064304524        0.0002017094
       58.5714290000        1.0000000000        1.0000000000       57.8293186849        0.0000000000        0.8869204367        0.1064304524        0.0009687362
       58.6734690000        1.0000000000        1.0000000000       49.2397604679        0.0000000000        0.8869204367        0.1064304524        0.0027155215
       58.7755100000        1.0000000000        1.0000000000       44.1351076577        0.0000000000        0.8869204367        0.1064304524        0.0050105333
       58.8775510000        1.0000000000        1.0000000000       42.7524930645        0.0000000000        0.8869204367        0.1064304524        0.0059147907
       58.9795920000        1.0000000000        1.0000000000       43.6121989261        0.0000000000        0.8869204367        0.1064304524        0.0053350135
       59.0816330000        1.0000000000        1.0000000000       42.0788711081        0.0000000000        0.8869204367        0.1064304524        0.0064127664
       59.1836730000        1.0000000000        1.0000000000       36.4322332256        0.0000000000        0.8869204367        0.1064304524        0.0126276303
       59.2857140000        1.0000000000        1.0000000000       30.4791387802        0.0000000000        0.8869204367        0.1064304524        0.0257970108
       59.3877550000        1.0000000000        1.0000000000       26.8127593030        0.0000000000        0.8869204367        0.1064304524        0.0400538245
       59.4897960000        1.0000000000        1.0000000000       24.8196440754        0.0000000000        0.8869204367        0.1064304524        0.0508763404
       59.5918370000        1.0000000000        1.0000000000       23.4957355248        0.0000000000        0.8869204367        0.1064304524        0.0596364531
       59.6938780000        1.0000000000        1.0000000000       22.4464830026        0.0000000000        0.8869204367        0.1064304524        0.0676384980
       59.7959180000        1.0000000000        1.0000000000       21.5611345865        0.0000000000        0.8869204367        0.1064304524        0.0752201486
       59.8979590000        1.0000000000        1.0000000000       20.7972073998        0.0000000000        0.8869204367        0.1064304524        0.0824416187
       60.0000000000        1.0000000000        1.0000000000       20.1297741250        0.0000000000        0.8869204367        0.1064304524        0.0893161555
