       55.0000000000        1.0000000000        1.0000000000        9.7185080264        0.0000000000        0.8869204367        0.1064304524        0.3115420484
       55.1020410000        1.0000000000        1.0000000000        9.7352948655        0.0000000000        0.8869204367        0.1064304524        0.3109151033
       55.2040820000        1.0000000000        1.0000000000        9.7598210595        0.0000000000        0.8869204367        0.1064304524        0.3100013809
       55.3061220000        1.0000000000        1.0000000000        9.7978232708        0.0000000000        0.8869204367        0.1064304524        0.3085909108
       55.4081630000        1.0000000000        1.0000000000        9.8749272112        0.0000000000        0.8869204367        0.1064304524        0.3057488501
       55.5102040000        1.0000000000        1.0000000000       10.0989543986        0.0000000000        0.8869204367        0.1064304524        0.2976388239
       55.6122450000        1.0000000000        1.0000000000       10.6906043239        0.0000000000        0.8869204367        0.1064304524        0.2772397791
       55.7142860000        1.0000000000        1.0000000000       11.5830112375        0.0000000000        0.8869204367        0.1064304524        0.2490849320
       55.8163270000        1.0000000000        1.0000000000       12.0075467757        0.0000000000        0.8869204367        0.1064304524        0.2367132909
       55.9183670000        1.0000000000        1.0000000000       11.5384623704        0.0000000000        0.8869204367        0.1064304524        0.2504200717
       56.0204080000        1.0000000000        1.0000000000       10.8909732413        0.0000000000        0.8869204367        0.1064304524        0.2706532524
       56.1224490000        1.0000000000        1.0000000000       10.6522830134        0.0000000000        0.8869204367        0.1064304524        0.2785176179
       56.2244900000        1.0000000000        1.0000000000       10.7425825029        0.0000000000        0.8869204367        0.1064304524        0.2755159106
       56.3265310000        1.0000000000        1.0000000000       10.9825233440        0.0000000000        0.8869204367        0.1064304524        0.2676961257
       56.4285710000        1.0000000000        1.0000000000       11.3199250579        0.0000000000        0.8869204367        0.1064304524        0.2570740748
       56.5306120000        1.0000000000        1.0000000000       11.7657362616        0.0000000000        0.8869204367        0.1064304524        0.2436826899
       56.6326530000        1.0000000000        1.0000000000       12.3538365707        0.0000000000        0.8869204367        0.1064304524        0.2270782997
       56.7346940000        1.0000000000        1.0000000000       13.1378350379        0.0000000000        0.8869204367        0.1064304524        0.2066889641
       56.8367350000        1.0000000000        1.0000000000       14.2003101797        0.0000000000        0.8869204367        0.1064304524        0.1819474770
       56.9387760000        1.0000000000        1.0000000000       15.6719377122        0.0000000000        0.8869204367        0.1064304524        0.1524936191
       57.0408160000        1.0000000000        1.0000000000       17.7685618070        0.0000000000        0.8869204367        0.1064304524        0.1185728882
       57.1428570000        1.0000000000        1.0000000000       20.8677899084        0.0000000000        0.8869204367        0.1064304524        0.0817462952
       57.2448980000        1.0000000000        1.0000000000       25.6837140368        0.0000000000        0.8869204367        0.1064304524        0.0458653346
       57.3469390000        1.0000000000        1.0000000000       33.7469646107        0.0000000000        0.8869204367        0.1064304524        0.0174287218
       57.4489800000        1.0000000000        1.0000000000       49.2031275742        0.0000000000        0.8869204367        0.1064304524        0.0027274851
       57.5510200000        1.0000000000        1.0000000000       87.5406946450        0.0000000000        0.8869204367        0.1064304524        0.0000274023
       57.6530610000        1.0000000000        1.0000000000      211.8034046557        0.0000000000        0.8869204367        0.1064304524        0.0000000000
       57.7551020000        1.0000000000        1.0000000000      594.7906294948        0.0000000000        0.8869204367        0.1064304524        0.0000000000
       57.8571430000        1.0000000000        1.0000000000     1377.6659558393        0.0000000000        0.8869204367        0.1064304524        0.0000000000
       57.9591840000        1.0000000000        1.0000000000     2149.2185810160        0.0000000000        0.8869204367        0.1064304524        0.0000000000
       58.0612240000        1.0000000000        1.0000000000     2107.5080269591        0.0000000000        0.8869204367        0.1064304524        0.0000000000
       58.1632650000        1.0000000000        1.0000000000     1316.1456074957        0.0000000000        0.8869204367        0.1064304524        0.0000000000
       58.2653060000        1.0000000000        1.0000000000      581.6212686101        0.0000000000        0.8869204367        0.1064304524        0.0000000000
       58.3673470000        1.0000000000        1.0000000000      233.9077769272        0.0000000000        0.8869204367        0.1064304524        0.0000000000
       58.4693880000        1.0000000000        1.0000000000      116.8521758635        0.0000000000        0.8869204367        0.1064304524        0.0000008132
       58.5714290000        1.0000000000        1.0000000000       76.0682948825        0.0000000000        0.8869204367        0.1064304524        0.0001085613
       58.6734690000        1.0000000000        1.0000000000       57.4493185802        0.0000000000        0.8869204367        0.1064304524        0.0010139332
       58.7755100000        1.0000000000        1.0000000000       47.7511387423        0.0000000000        0.8869204367        0.1064304524        0.0032466336
       58.8775510000        1.0000000000        1.0000000000       43.9790278106        0.0000000000        0.8869204367        0.1064304524        0.0051052629
       58.9795920000        1.0000000000        1.0000000000       43.5063918749        0.0000000000        0.8869204367        0.1064304524        0.0054031832
       59.0816330000        1.0000000000        1.0000000000       41.1955165085        0.0000000000        0.8869204367        0.1064304524        0.0071298721
       59.1836730000        1.0000000000        1.0000000000       35.0953201409        0.0000000000        0.8869204367        0.1064304524        0.0148250284
       59.2857140000        1.0000000000        1.0000000000       28.8899712122        0.0000000000        0.8869204367        0.1064304524        0.0312168725
       59.3877550000        1.0000000000        1.0000000000       25.0917585446        0.0000000000        0.8869204367        0.1064304524        0.0492418688
       59.4897960000        1.0000000000        1.0000000000       23.0375805101        0.0000000000        0.8869204367        0.1064304524        0.0630069865
       59.5918370000        1.0000000000        1.0000000000       21.6960069700        0.0000000000        0.8869204367        0.1064304524        0.0740125329
       59.6938780000        1.0000000000        1.0000000000       20.6565840541        0.0000000000        0.8869204367        0.1064304524        0.0838446090
       59.7959180000        1.0000000000        1.0000000000       19.7984398394        0.0000000000        0.8869204367        0.1064304524        0.0929389195
       59.8979590000        1.0000000000        1.0000000000       19.0724608445        0.0000000000        0.8869204367        0.1064304524        0.1013986703
       60.0000000000        1.0000000000        1.0000000000       18.4493421408        0.0000000000        0.8869204367        0.1064304524        0.1092713482
