       55.0000000000        1.0000000000        1.0000000000        9.9174690345        0.0000000000        0.8869204367        0.1064304524        0.3041919738
       55.1020410000        1.0000000000        1.0000000000        9.9233638893        0.0000000000        0.8869204367        0.1064304524        0.3039768698
       55.2040820000        1.0000000000        1.0000000000        9.9352374771        0.0000000000        0.8869204367        0.1064304524        0.3035440627
       55.3061220000        1.0000000000        1.0000000000        9.9585414816        0.0000000000        0.8869204367        0.1064304524        0.3026963934
       55.4081630000        1.0000000000        1.0000000000       10.0185081353        0.0000000000        0.8869204367        0.1064304524        0.3005260090
       55.5102040000        1.0000000000        1.0000000000       10.2225488336        0.0000000000        0.8869204367        0.1064304524        0.2932570180
       55.6122450000        1.0000000000        1.0000000000       10.7918268408        0.0000000000        0.8869204367        0.1064304524        0.2738925998
       55.7142860000        1.0000000000        1.0000000000       11.6616907311        0.0000000000        0.8869204367        0.1064304524        0.2467442540
       55.8163270000        1.0000000000        1.0000000000       12.0641063238        0.0000000000        0.8869204367        0.1064304524        0.2351121231
       55.9183670000        1.0000000000        1.0000000000       11.5690784758        0.0000000000        0.8869204367        0.1064304524        0.2495017332
       56.0204080000        1.0000000000        1.0000000000       10.8891320957        0.0000000000        0.8869204367        0.1064304524        0.2707130564
       56.1224490000        1.0000000000        1.0000000000       10.6140241285        0.0000000000        0.8869204367        0.1064304524        0.2797992505
       56.2244900000        1.0000000000        1.0000000000       10.6673962152        0.0000000000        0.8869204367        0.1064304524        0.2780129605
       56.3265310000        1.0000000000        1.0000000000       10.8731721814        0.0000000000        0.8869204367        0.1064304524        0.2712320201
       56.4285710000        1.0000000000        1.0000000000       11.1847359550        0.0000000000        0.8869204367        0.1064304524        0.2612785199
       56.5306120000        1.0000000000        1.0000000000       11.6238811261        0.0000000000        0.8869204367        0.1064304524        0.2478663139
       56.6326530000        1.0000000000        1.0000000000       12.2454901864        0.0000000000        0.8869204367        0.1064304524        0.2300499494
       56.7346940000        1.0000000000        1.0000000000       13.1445735785        0.0000000000        0.8869204367        0.1064304524        0.2065218978
       56.8367350000        1.0000000000        1.0000000000       14.4887059691        0.0000000000        0.8869204367        0.1064304524        0.1757584418
       56.9387760000        1.0000000000        1.0000000000       16.5950541356        0.0000000000        0.8869204367        0.1064304524        0.1365032990
       57.0408160000        1.0000000000        1.0000000000       20.1412588482        0.0000000000        0.8869204367        0.1064304524        0.0891931477
       57.1428570000        1.0000000000        1.0000000000       26.9635802412        0.0000000000        0.8869204367        0.1064304524        0.0393354304
       57.2448980000        1.0000000000        1.0000000000       44.1974253181        0.0000000000        0.8869204367        0.1064304524        0.0049732037
       57.3469390000        1.0000000000        1.0000000000      103.6141038523        0.0000000000        0.8869204367        0.1064304524        0.0000039821
       57.4489800000        1.0000000000        1.0000000000      302.8021822179        0.0000000000        0.8869204367        0.1064304524        0.0000000000
       57.5510200000        1.0000000000        1.0000000000      744.1389153840        0.0000000000        0.8869204367        0.1064304524        0.0000000000
       57.6530610000        1.0000000000        1.0000000000     1218.8013516324        0.0000000000        0.8869204367        0.1064304524        0.0000000000
       57.7551020000        1.0000000000        1.0000000000     1232.3684793411        0.0000000000        0.8869204367        0.1064304524        0.0000000000
       57.8571430000        1.0000000000        1.0000000000      776.1532131952        0.0000000000        0.8869204367        0.1064304524        0.0000000000
       57.9591840000        1.0000000000        1.0000000000      336.8057852021        0.0000000000        0.8869204367        0.1064304524        0.0000000000
       58.0612240000        1.0000000000        1.0000000000      130.9495051304        0.0000000000        0.8869204367        0.1064304524        0.0000001498
       58.1632650000        1.0000000000        1.0000000000       65.0360360684        0.0000000000        0.8869204367        0.1064304524        0.0004079670
       58.2653060000        1.0000000000        1.0000000000       43.5418759816        0.0000000000        0.8869204367        0.1064304524        0.0053802248
       58.3673470000        1.0000000000        1.0000000000       33.9554874101        0.0000000000        0.8869204367        0.1064304524        0.0169980187
       58.4693880000        1.0000000000        1.0000000000       28.4891369678        0.0000000000        0.8869204367        0.1064304524        0.0327551055
       58.5714290000        1.0000000000        1.0000000000       25.0128343231        0.0000000000        0.8869204367        0.1064304524        0.0497104494
       58.6734690000        1.0000000000        1.0000000000       22.8684341058        0.0000000000        0.8869204367        0.1064304524        0.0642989426
       58.7755100000        1.0000000000        1.0000000000       22.3624732509        0.0000000000        0.8869204367        0.1064304524        0.0683238219
       58.8775510000        1.0000000000        1.0000000000       24.3988762364        0.0000000000        0.8869204367        0.1064304524        0.0535111547
       58.9795920000        1.0000000000        1.0000000000       27.8421845644        0.0000000000        0.8869204367        0.1064304524        0.0353993384
       59.0816330000        1.0000000000        1.0000000000       28.3082473414        0.0000000000        0.8869204367        0.1064304524        0.0334738855
       59.1836730000        1.0000000000        1.0000000000       24.3469341289        0.0000000000        0.8869204367        0.1064304524        0.0538457342
       59.2857140000        1.0000000000        1.0000000000       19.9557092643        0.0000000000        0.8869204367        0.1064304524        0.0912013927
       59.3877550000        1.0000000000        1.0000000000       17.8275388967        0.0000000000        0.8869204367        0.1064304524        0.1177366807
       59.4897960000        1.0000000000        1.0000000000       17.5148896099        0.0000000000        0.8869204367        0.1064304524        0.1222378242
       59.5918370000        1.0000000000        1.0000000000       18.4975502220        0.0000000000        0.8869204367        0.1064304524        0.1086410417
       59.6938780000        1.0000000000        1.0000000000       22.5235765903        0.0000000000        0.8869204367        0.1064304524        0.0670156442
       59.7959180000        1.0000000000        1.0000000000       40.1038001754        0.0000000000        0.8869204367        0.1064304524        0.0081278729
       59.8979590000        1.0000000000        1.0000000000      104.1512487697        0.0000000000        0.8869204367        0.1064304524        0.0000037336
       60.0000000000        1.0000000000        1.0000000000      246.3869557651        0.0000000000        0.8869204367        0.1064304524        0.0000000000
