       55.0000000000        1.0000000000        1.0000000000       14.8446772446        0.0000000000        0.8869204367        0.1064304524        0.1684087415
       55.1020410000        1.0000000000        1.0000000000       16.1156424309        0.0000000000        0.8869204367        0.1064304524        0.1445865351
       55.2040820000        1.0000000000        1.0000000000       17.7317711587        0.0000000000        0.8869204367        0.1064304524        0.1190975303
       55.3061220000        1.0000000000        1.0000000000       19.8206796379        0.0000000000        0.8869204367        0.1064304524        0.0926912171
       55.4081630000        1.0000000000        1.0000000000       22.5891426897        0.0000000000        0.8869204367        0.1064304524        0.0664904386
       55.5102040000        1.0000000000        1.0000000000       26.4203682534        0.0000000000        0.8869204367        0.1064304524        0.0419849445
       55.6122450000        1.0000000000        1.0000000000       31.9602917060        0.0000000000        0.8869204367        0.1064304524        0.0215962627
       55.7142860000        1.0000000000        1.0000000000       39.8331334100        0.0000000000        0.8869204367        0.1064304524        0.0083962004
       55.8163270000        1.0000000000        1.0000000000       50.5445625785        0.0000000000        0.8869204367        0.1064304524        0.0023219510
       55.9183670000        1.0000000000        1.0000000000       66.1786308683        0.0000000000        0.8869204367        0.1064304524        0.0003556954
       56.0204080000        1.0000000000        1.0000000000       92.9276111720        0.0000000000        0.8869204367        0.1064304524        0.0000143564
       56.1224490000        1.0000000000        1.0000000000      146.6808220285        0.0000000000        0.8869204367        0.1064304524        0.0000000227
       56.2244900000        1.0000000000        1.0000000000      281.2416792205        0.0000000000        0.8869204367        0.1064304524        0.0000000000
       56.3265310000        1.0000000000        1.0000000000      675.4692003421        0.0000000000        0.8869204367        0.1064304524        0.0000000000
       56.4285710000        1.0000000000        1.0000000000     1671.3164202129        0.0000000000        0.8869204367        0.1064304524        0.0000000000
       56.5306120000        1.0000000000        1.0000000000     3244.7283055825        0.0000000000        0.8869204367        0.1064304524        0.0000000000
       56.6326530000        1.0000000000        1.0000000000     4252.4279302153        0.0000000000        0.8869204367        0.1064304524        0.0000000000
       56.7346940000        1.0000000000        1.0000000000     3602.1550551165        0.0000000000        0.8869204367        0.1064304524        0.0000000000
       56.8367350000        1.0000000000        1.0000000000     2055.1429832924        0.0000000000        0.8869204367        0.1064304524        0.0000000000
       56.9387760000        1.0000000000        1.0000000000      916.3583704969        0.0000000000        0.8869204367        0.1064304524        0.0000000000
       57.0408160000        1.0000000000        1.0000000000      414.2133701007        0.0000000000        0.8869204367        0.1064304524        0.0000000000
       57.1428570000        1.0000000000        1.0000000000      230.9779782733        0.0000000000        0.8869204367        0.1064304524        0.0000000000
       57.2448980000        1.0000000000        1.0000000000      155.1403739235        0.0000000000        0.8869204367        0.1064304524        0.0000000082
       57.3469390000        1.0000000000        1.0000000000      115.6739130642        0.0000000000        0.8869204367        0.1064304524        0.0000009367
       57.4489800000        1.0000000000        1.0000000000       91.6673317832        0.0000000000        0.8869204367        0.1064304524        0.0000167004
       57.5510200000        1.0000000000        1.0000000000       75.6826550891        0.0000000000        0.8869204367        0.1064304524        0.0001137032
       57.6530610000        1.0000000000        1.0000000000       64.3947280063        0.0000000000        0.8869204367        0.1064304524        0.0004406025
       57.7551020000        1.0000000000        1.0000000000       56.0752043891        0.0000000000        0.8869204367        0.1064304524        0.0011956988
       57.8571430000        1.0000000000        1.0000000000       49.7371311397        0.0000000000        0.8869204367        0.1064304524        0.0025581889
       57.9591840000        1.0000000000        1.0000000000       44.7789353744        0.0000000000        0.8869204367        0.1064304524        0.0046379991
       58.0612240000        1.0000000000        1.0000000000       40.8151652762        0.0000000000        0.8869204367        0.1064304524        0.0074628356
       58.1632650000        1.0000000000        1.0000000000       37.5887489356        0.0000000000        0.8869204367        0.1064304524        0.0109913149
       58.2653060000        1.0000000000        1.0000000000       34.9230741792        0.0000000000        0.8869204367        0.1064304524        0.0151346433
       58.3673470000        1.0000000000        1.0000000000       32.6944778039        0.0000000000        0.8869204367        0.1064304524        0.0197749887
       58.4693880000        1.0000000000        1.0000000000       30.8185115893        0.0000000000        0.8869204367        0.1064304524        0.0247675391
       58.5714290000        1.0000000000        1.0000000000       29.2604116842        0.0000000000        0.8869204367        0.1064304524        0.0298595845
       58.6734690000        1.0000000000        1.0000000000       28.1544164373        0.0000000000        0.8869204367        0.1064304524        0.0340975422
       58.7755100000        1.0000000000        1.0000000000       28.1789642419        0.0000000000        0.8869204367        0.1064304524        0.0339972477
       58.8775510000        1.0000000000        1.0000000000       30.4465093591        0.0000000000        0.8869204367        0.1064304524        0.0258982178
       58.9795920000        1.0000000000        1.0000000000       33.9620256422        0.0000000000        0.8869204367        0.1064304524        0.0169846875
       59.0816330000        1.0000000000        1.0000000000       34.3973791842        0.0000000000        0.8869204367        0.1064304524        0.0161201457
       59.1836730000        1.0000000000        1.0000000000       30.2605547665        0.0000000000        0.8869204367        0.1064304524        0.0264826210
       59.2857140000        1.0000000000        1.0000000000       25.5053919068        0.0000000000        0.8869204367        0.1064304524        0.0468573673
       59.3877550000        1.0000000000        1.0000000000       22.7984879864        0.0000000000        0.8869204367        0.1064304524        0.0648409093
       59.4897960000        1.0000000000        1.0000000000       21.5741364529        0.0000000000        0.8869204367        0.1064304524        0.0751028798
       59.5918370000        1.0000000000        1.0000000000       20.8705086723        0.0000000000        0.8869204367        0.1064304524        0.0817196297
       59.6938780000        1.0000000000        1.0000000000       20.3267578660        0.0000000000        0.8869204367        0.1064304524        0.0872296534
       59.7959180000        1.0000000000        1.0000000000       19.8571094366        0.0000000000        0.8869204367        0.1064304524        0.0922868948
       59.8979590000        1.0000000000        1.0000000000       19.4376626874        0.0000000000        0.8869204367        0.1064304524        0.0970509168
       60.0000000000        1.0000000000        1.0000000000       19.0575733883        0.0000000000        0.8869204367        0.1064304524        0.1015799804
