       55.0000000000        1.0000000000        1.0000000000        9.2913183328        0.0000000000        0.8869204367        0.1064304524        0.3279289861
       55.1020410000        1.0000000000        1.0000000000        9.3198329024        0.0000000000        0.8869204367        0.1064304524        0.3268088132
       55.2040820000        1.0000000000        1.0000000000        9.3582242818        0.0000000000        0.8869204367        0.1064304524        0.3253066790
       55.3061220000        1.0000000000        1.0000000000        9.4125954015        0.0000000000        0.8869204367        0.1064304524        0.3231911135
       55.4081630000        1.0000000000        1.0000000000        9.5090654176        0.0000000000        0.8869204367        0.1064304524        0.3194712958
       55.5102040000        1.0000000000        1.0000000000        9.7560051790        0.0000000000        0.8869204367        0.1064304524        0.3101433647
       55.6122450000        1.0000000000        1.0000000000       10.3739492705        0.0000000000        0.8869204367        0.1064304524        0.2879772162
       55.7142860000        1.0000000000        1.0000000000       11.2944143616        0.0000000000        0.8869204367        0.1064304524        0.2578622572
       55.8163270000        1.0000000000        1.0000000000       11.7487369163        0.0000000000        0.8869204367        0.1064304524        0.2441802908
       55.9183670000        1.0000000000        1.0000000000       11.3155910168        0.0000000000        0.8869204367        0.1064304524        0.2572078099
       56.0204080000        1.0000000000        1.0000000000       10.7135050856        0.0000000000        0.8869204367        0.1064304524        0.2764789447
       56.1224490000        1.0000000000        1.0000000000       10.5288447759        0.0000000000        0.8869204367        0.1064304524        0.2826738914
       56.2244900000        1.0000000000        1.0000000000       10.6809351562        0.0000000000        0.8869204367        0.1064304524        0.2775616471
       56.3265310000        1.0000000000        1.0000000000       10.9910024155        0.0000000000        0.8869204367        0.1064304524        0.2674238864
       56.4285710000        1.0000000000        1.0000000000       11.4076270401        0.0000000000        0.8869204367        0.1064304524        0.2543827530
       56.5306120000        1.0000000000        1.0000000000       11.9418630484        0.0000000000        0.8869204367        0.1064304524        0.2385864487
       56.6326530000        1.0000000000        1.0000000000       12.6263229300        0.0000000000        0.8869204367        0.1064304524        0.2197732927
       56.7346940000        1.0000000000        1.0000000000       13.5105844935        0.0000000000        0.8869204367        0.1064304524        0.1976474997
       56.8367350000        1.0000000000        1.0000000000       14.6675000951        0.0000000000        0.8869204367        0.1064304524        0.1720276582
       56.9387760000        1.0000000000        1.0000000000       16.2060517325        0.0000000000        0.8869204367        0.1064304524        0.1430263775
       57.0408160000        1.0000000000        1.0000000000       18.2943526425        0.0000000000        0.8869204367        0.1064304524        0.1113226745
       57.1428570000        1.0000000000        1.0000000000       21.2024385474        0.0000000000        0.8869204367        0.1064304524        0.0785285814
       57.2448980000        1.0000000000        1.0000000000       25.3863955689        0.0000000000        0.8869204367        0.1064304524        0.0475312700
       57.3469390000        1.0000000000        1.0000000000       31.6689483709        0.0000000000        0.8869204367        0.1064304524        0.0223646475
       57.4489800000        1.0000000000        1.0000000000       41.6774798083        0.0000000000        0.8869204367        0.1064304524        0.0067292097
       57.5510200000        1.0000000000        1.0000000000       59.1885545195        0.0000000000        0.8869204367        0.1064304524        0.0008229406
       57.6530610000        1.0000000000        1.0000000000       95.8427561059        0.0000000000        0.8869204367        0.1064304524        0.0000101186
       57.7551020000        1.0000000000        1.0000000000      197.1302022472        0.0000000000        0.8869204367        0.1064304524        0.0000000001
       57.8571430000        1.0000000000        1.0000000000      516.3393145647        0.0000000000        0.8869204367        0.1064304524        0.0000000000
       57.9591840000        1.0000000000        1.0000000000     1317.1269796722        0.0000000000        0.8869204367        0.1064304524        0.0000000000
       58.0612240000        1.0000000000        1.0000000000     2488.3610087545        0.0000000000        0.8869204367        0.1064304524        0.0000000000
       58.1632650000        1.0000000000        1.0000000000     3076.6348405499        0.0000000000        0.8869204367        0.1064304524        0.0000000000
       58.2653060000        1.0000000000        1.0000000000     2424.0244567157        0.0000000000        0.8869204367        0.1064304524        0.0000000000
       58.3673470000        1.0000000000        1.0000000000     1282.8018570986        0.0000000000        0.8869204367        0.1064304524        0.0000000000
       58.4693880000        1.0000000000        1.0000000000      536.6587264634        0.0000000000        0.8869204367        0.1064304524        0.0000000000
       58.5714290000        1.0000000000        1.0000000000      238.1260754732        0.0000000000        0.8869204367        0.1064304524        0.0000000000
       58.6734690000        1.0000000000        1.0000000000      136.3779620717        0.0000000000        0.8869204367        0.1064304524        0.0000000781
       58.7755100000        1.0000000000        1.0000000000       95.9248467245        0.0000000000        0.8869204367        0.1064304524        0.0000100195
       58.8775510000        1.0000000000        1.0000000000       77.1891984614        0.0000000000        0.8869204367        0.1064304524        0.0000948984
       58.9795920000        1.0000000000        1.0000000000       68.0726074788        0.0000000000        0.8869204367        0.1064304524        0.0002833825
       59.0816330000        1.0000000000        1.0000000000       60.2943662276        0.0000000000        0.8869204367        0.1064304524        0.0007206738
       59.1836730000        1.0000000000        1.0000000000       50.4636648641        0.0000000000        0.8869204367        0.1064304524        0.0023446016
       59.2857140000        1.0000000000        1.0000000000       41.5333126934        0.0000000000        0.8869204367        0.1064304524        0.0068466382
       59.3877550000        1.0000000000        1.0000000000       35.6765166836        0.0000000000        0.8869204367        0.1064304524        0.0138263097
       59.4897960000        1.0000000000        1.0000000000       32.0437839572        0.0000000000        0.8869204367        0.1064304524        0.0213809685
       59.5918370000        1.0000000000        1.0000000000       29.4684822343        0.0000000000        0.8869204367        0.1064304524        0.0291232671
       59.6938780000        1.0000000000        1.0000000000       27.4444773485        0.0000000000        0.8869204367        0.1064304524        0.0371297300
       59.7959180000        1.0000000000        1.0000000000       25.7861840650        0.0000000000        0.8869204367        0.1064304524        0.0453048092
       59.8979590000        1.0000000000        1.0000000000       24.4000825790        0.0000000000        0.8869204367        0.1064304524        0.0535034089
       60.0000000000        1.0000000000        1.0000000000       23.2255260512        0.0000000000        0.8869204367        0.1064304524        0.0616018654
