       55.0000000000        1.0000000000        1.0000000000       10.1776352756        0.0000000000        0.8869204367        0.1064304524        0.2948418308
       55.1020410000        1.0000000000        1.0000000000       10.3034452721        0.0000000000        0.8869204367        0.1064304524        0.2904239774
       55.2040820000        1.0000000000        1.0000000000       10.4637203884        0.0000000000        0.8869204367        0.1064304524        0.2848916215
       55.3061220000        1.0000000000        1.0000000000       10.6721789592        0.0000000000        0.8869204367        0.1064304524        0.2778534465
       55.4081630000        1.0000000000        1.0000000000       10.9654643463        0.0000000000        0.8869204367        0.1064304524        0.2682446822
       55.5102040000        1.0000000000        1.0000000000       11.4665692048        0.0000000000        0.8869204367        0.1064304524        0.2525898367
       55.6122450000        1.0000000000        1.0000000000       12.4160207039        0.0000000000        0.8869204367        0.1064304524        0.2253901261
       55.7142860000        1.0000000000        1.0000000000       13.7731035795        0.0000000000        0.8869204367        0.1064304524        0.1915182012
       55.8163270000        1.0000000000        1.0000000000       14.8131422300        0.0000000000        0.8869204367        0.1064304524        0.1690472415
       55.9183670000        1.0000000000        1.0000000000       15.1861485765        0.0000000000        0.8869204367        0.1064304524        0.1616474048
       56.0204080000        1.0000000000        1.0000000000       15.7208061620        0.0000000000        0.8869204367        0.1064304524        0.1516019809
       56.1224490000        1.0000000000        1.0000000000       17.1820146186        0.0000000000        0.8869204367        0.1064304524        0.1272194470
       56.2244900000        1.0000000000        1.0000000000       19.7999596479        0.0000000000        0.8869204367        0.1064304524        0.0929219712
       56.3265310000        1.0000000000        1.0000000000       23.9841006191        0.0000000000        0.8869204367        0.1064304524        0.0562419660
       56.4285710000        1.0000000000        1.0000000000       30.9210575590        0.0000000000        0.8869204367        0.1064304524        0.0244646293
       56.5306120000        1.0000000000        1.0000000000       43.8250324335        0.0000000000        0.8869204367        0.1064304524        0.0052004824
       56.6326530000        1.0000000000        1.0000000000       74.1308240315        0.0000000000        0.8869204367        0.1064304524        0.0001369768
       56.7346940000        1.0000000000        1.0000000000      169.7041762509        0.0000000000        0.8869204367        0.1064304524        0.0000000014
       56.8367350000        1.0000000000        1.0000000000      478.9544839374        0.0000000000        0.8869204367        0.1064304524        0.0000000000
       56.9387760000        1.0000000000        1.0000000000     1178.6253774724        0.0000000000        0.8869204367        0.1064304524        0.0000000000
       57.0408160000        1.0000000000        1.0000000000     1988.9807319528        0.0000000000        0.8869204367        0.1064304524        0.0000000000
       57.1428570000        1.0000000000        1.0000000000     2104.6332328110        0.0000000000        0.8869204367        0.1064304524        0.0000000000
       57.2448980000        1.0000000000        1.0000000000     1398.1082007189        0.0000000000        0.8869204367        0.1064304524        0.0000000000
       57.3469390000        1.0000000000        1.0000000000      638.1127207140        0.0000000000        0.8869204367        0.1064304524        0.0000000000
       57.4489800000        1.0000000000        1.0000000000      252.7576180501        0.0000000000        0.8869204367        0.1064304524        0.0000000000
       57.5510200000        1.0000000000        1.0000000000      120.9330377491        0.0000000000        0.8869204367        0.1064304524        0.0000004983
       57.6530610000        1.0000000000        1.0000000000       76.5197823281        0.0000000000        0.8869204367        0.1064304524        0.0001028361
       57.7551020000        1.0000000000        1.0000000000       56.7915821497        0.0000000000        0.8869204367        0.1064304524        0.0010972043
       57.8571430000        1.0000000000        1.0000000000       45.6308880908        0.0000000000        0.8869204367        0.1064304524        0.0041872689
       57.9591840000        1.0000000000        1.0000000000       38.4656683418        0.0000000000        0.8869204367        0.1064304524        0.0098934713
       58.0612240000        1.0000000000        1.0000000000       33.5207918741        0.0000000000        0.8869204367        0.1064304524        0.0179082277
       58.1632650000        1.0000000000        1.0000000000       29.9350704007        0.0000000000        0.8869204367        0.1064304524        0.0275374482
       58.2653060000        1.0000000000        1.0000000000       27.2377532042        0.0000000000        0.8869204367        0.1064304524        0.0380623230
       58.3673470000        1.0000000000        1.0000000000       25.1522652669        0.0000000000        0.8869204367        0.1064304524        0.0488856280
       58.4693880000        1.0000000000        1.0000000000       23.5113213547        0.0000000000        0.8869204367        0.1064304524        0.0595250193
       58.5714290000        1.0000000000        1.0000000000       22.2345386101        0.0000000000        0.8869204367        0.1064304524        0.0693808329
       58.6734690000        1.0000000000        1.0000000000       21.4317869169        0.0000000000        0.8869204367        0.1064304524        0.0763968029
       58.7755100000        1.0000000000        1.0000000000       21.7675344294        0.0000000000        0.8869204367        0.1064304524        0.0733799801
       58.8775510000        1.0000000000        1.0000000000       24.3337782088        0.0000000000        0.8869204367        0.1064304524        0.0539308081
       58.9795920000        1.0000000000        1.0000000000       28.1015380643        0.0000000000        0.8869204367        0.1064304524        0.0343145929
       59.0816330000        1.0000000000        1.0000000000       28.7392687165        0.0000000000        0.8869204367        0.1064304524        0.0317865433
       59.1836730000        1.0000000000        1.0000000000       24.8049964310        0.0000000000        0.8869204367        0.1064304524        0.0509658452
       59.2857140000        1.0000000000        1.0000000000       20.2793619471        0.0000000000        0.8869204367        0.1064304524        0.0877271865
       59.3877550000        1.0000000000        1.0000000000       17.8063012296        0.0000000000        0.8869204367        0.1064304524        0.1180371177
       59.4897960000        1.0000000000        1.0000000000       16.7999097449        0.0000000000        0.8869204367        0.1064304524        0.1331885921
       59.5918370000        1.0000000000        1.0000000000       16.2962065943        0.0000000000        0.8869204367        0.1064304524        0.1414873746
       59.6938780000        1.0000000000        1.0000000000       15.9372639246        0.0000000000        0.8869204367        0.1064304524        0.1477148326
       59.7959180000        1.0000000000        1.0000000000       15.6395345035        0.0000000000        0.8869204367        0.1064304524        0.1530877274
       59.8979590000        1.0000000000        1.0000000000       15.3805746488        0.0000000000        0.8869204367        0.1064304524        0.1579196440
       60.0000000000        1.0000000000        1.0000000000       15.1506345569        0.0000000000        0.8869204367        0.1064304524        0.1623377647
