       55.0000000000        1.0000000000        1.0000000000        9.8961497994        0.0000000000        0.8869204367        0.1064304524        0.3049711869
       55.1020410000        1.0000000000        1.0000000000        9.9088111892        0.0000000000        0.8869204367        0.1064304524        0.3045081757
       55.2040820000        1.0000000000        1.0000000000        9.9284348644        0.0000000000        0.8869204367        0.1064304524        0.3037919510
       55.3061220000        1.0000000000        1.0000000000        9.9606338105        0.0000000000        0.8869204367        0.1064304524        0.3026204021
       55.4081630000        1.0000000000        1.0000000000       10.0308623623        0.0000000000        0.8869204367        0.1064304524        0.3000808071
       55.5102040000        1.0000000000        1.0000000000       10.2467648952        0.0000000000        0.8869204367        0.1064304524        0.2924060714
       55.6122450000        1.0000000000        1.0000000000       10.8292618897        0.0000000000        0.8869204367        0.1064304524        0.2726649773
       55.7142860000        1.0000000000        1.0000000000       11.7125020708        0.0000000000        0.8869204367        0.1064304524        0.2452443426
       55.8163270000        1.0000000000        1.0000000000       12.1281332011        0.0000000000        0.8869204367        0.1064304524        0.2333126256
       55.9183670000        1.0000000000        1.0000000000       11.6484839194        0.0000000000        0.8869204367        0.1064304524        0.2471356086
       56.0204080000        1.0000000000        1.0000000000       10.9875441216        0.0000000000        0.8869204367        0.1064304524        0.2675348891
       56.1224490000        1.0000000000        1.0000000000       10.7336399678        0.0000000000        0.8869204367        0.1064304524        0.2758117266
       56.2244900000        1.0000000000        1.0000000000       10.8084260925        0.0000000000        0.8869204367        0.1064304524        0.2733475734
       56.3265310000        1.0000000000        1.0000000000       11.0338027630        0.0000000000        0.8869204367        0.1064304524        0.2660539073
       56.4285710000        1.0000000000        1.0000000000       11.3595967910        0.0000000000        0.8869204367        0.1064304524        0.2558531543
       56.5306120000        1.0000000000        1.0000000000       11.8005573293        0.0000000000        0.8869204367        0.1064304524        0.2426665793
       56.6326530000        1.0000000000        1.0000000000       12.3976458249        0.0000000000        0.8869204367        0.1064304524        0.2258876564
       56.7346940000        1.0000000000        1.0000000000       13.2177528503        0.0000000000        0.8869204367        0.1064304524        0.2047162629
       56.8367350000        1.0000000000        1.0000000000       14.3690310261        0.0000000000        0.8869204367        0.1064304524        0.1783007187
       56.9387760000        1.0000000000        1.0000000000       16.0335058183        0.0000000000        0.8869204367        0.1064304524        0.1460186832
       57.0408160000        1.0000000000        1.0000000000       18.5364956871        0.0000000000        0.8869204367        0.1064304524        0.1081344972
       57.1428570000        1.0000000000        1.0000000000       22.5115836921        0.0000000000        0.8869204367        0.1064304524        0.0671121591
       57.2448980000        1.0000000000        1.0000000000       29.3881550626        0.0000000000        0.8869204367        0.1064304524        0.0294053512
       57.3469390000        1.0000000000        1.0000000000       43.4611394447        0.0000000000        0.8869204367        0.1064304524        0.0054326038
       57.4489800000        1.0000000000        1.0000000000       82.5292800306        0.0000000000        0.8869204367        0.1064304524        0.0000499987
       57.5510200000        1.0000000000        1.0000000000      217.4811500283        0.0000000000        0.8869204367        0.1064304524        0.0000000000
       57.6530610000        1.0000000000        1.0000000000      610.9975697452        0.0000000000        0.8869204367        0.1064304524        0.0000000000
       57.7551020000        1.0000000000        1.0000000000     1302.7647324548        0.0000000000        0.8869204367        0.1064304524        0.0000000000
       57.8571430000        1.0000000000        1.0000000000     1798.9073040148        0.0000000000        0.8869204367        0.1064304524        0.0000000000
       57.9591840000        1.0000000000        1.0000000000     1541.3726769650        0.0000000000        0.8869204367        0.1064304524        0.0000000000
       58.0612240000        1.0000000000        1.0000000000      849.1677828693        0.0000000000        0.8869204367        0.1064304524        0.0000000000
       58.1632650000        1.0000000000        1.0000000000      346.1129055846        0.0000000000        0.8869204367        0.1064304524        0.0000000000
       58.2653060000        1.0000000000        1.0000000000      142.4139401814        0.0000000000        0.8869204367        0.1064304524        0.0000000378
       58.3673470000        1.0000000000        1.0000000000       78.1272574727        0.0000000000        0.8869204367        0.1064304524        0.0000847953
       58.4693880000        1.0000000000        1.0000000000       54.5909071282        0.0000000000        0.8869204367        0.1064304524        0.0014288164
       58.5714290000        1.0000000000        1.0000000000       42.8744995888        0.0000000000        0.8869204367        0.1064304524        0.0058288244
       58.6734690000        1.0000000000        1.0000000000       36.0432837945        0.0000000000        0.8869204367        0.1064304524        0.0132309823
       58.7755100000        1.0000000000        1.0000000000       32.5466632567        0.0000000000        0.8869204367        0.1064304524        0.0201288818
       58.8775510000        1.0000000000        1.0000000000       32.5312004911        0.0000000000        0.8869204367        0.1064304524        0.0201662662
       58.9795920000        1.0000000000        1.0000000000       34.5001941745        0.0000000000        0.8869204367        0.1064304524        0.0159224805
       59.0816330000        1.0000000000        1.0000000000       33.8512950579        0.0000000000        0.8869204367        0.1064304524        0.0172118805
       59.1836730000        1.0000000000        1.0000000000       28.9554290332        0.0000000000        0.8869204367        0.1064304524        0.0309726264
       59.2857140000        1.0000000000        1.0000000000       23.6787701032        0.0000000000        0.8869204367        0.1064304524        0.0583408694
       59.3877550000        1.0000000000        1.0000000000       20.6116185462        0.0000000000        0.8869204367        0.1064304524        0.0842982456
       59.4897960000        1.0000000000        1.0000000000       19.1348956125        0.0000000000        0.8869204367        0.1064304524        0.1006418128
       59.5918370000        1.0000000000        1.0000000000       18.2554379495        0.0000000000        0.8869204367        0.1064304524        0.1118437407
       59.6938780000        1.0000000000        1.0000000000       17.5923881604        0.0000000000        0.8869204367        0.1064304524        0.1211063033
       59.7959180000        1.0000000000        1.0000000000       17.0456320711        0.0000000000        0.8869204367        0.1064304524        0.1293186393
       59.8979590000        1.0000000000        1.0000000000       16.5806997085        0.0000000000        0.8869204367        0.1064304524        0.1367386328
       60.0000000000        1.0000000000        1.0000000000       16.1789142046        0.0000000000        0.8869204367        0.1064304524        0.1434929026
