       55.0000000000        1.0000000000        1.0000000000       14.0420316567        0.0000000000        0.8869204367        0.1064304524        0.1854363099
       55.1020410000        1.0000000000        1.0000000000       14.8564064006        0.0000000000        0.8869204367        0.1064304524        0.1681718732
       55.2040820000        1.0000000000        1.0000000000       15.8133804906        0.0000000000        0.8869204367        0.1064304524        0.1499271666
       55.3061220000        1.0000000000        1.0000000000       16.9484076030        0.0000000000        0.8869204367        0.1064304524        0.1308362271
       55.4081630000        1.0000000000        1.0000000000       18.3257757908        0.0000000000        0.8869204367        0.1064304524        0.1109036919
       55.5102040000        1.0000000000        1.0000000000       20.1025657818        0.0000000000        0.8869204367        0.1064304524        0.0896082494
       55.6122450000        1.0000000000        1.0000000000       22.5542146713        0.0000000000        0.8869204367        0.1064304524        0.0667697089
       55.7142860000        1.0000000000        1.0000000000       25.6715320507        0.0000000000        0.8869204367        0.1064304524        0.0459324313
       55.8163270000        1.0000000000        1.0000000000       28.7916906086        0.0000000000        0.8869204367        0.1064304524        0.0315872136
       55.9183670000        1.0000000000        1.0000000000       31.6857178930        0.0000000000        0.8869204367        0.1064304524        0.0223196874
       56.0204080000        1.0000000000        1.0000000000       35.3116269464        0.0000000000        0.8869204367        0.1064304524        0.0144451692
       56.1224490000        1.0000000000        1.0000000000       40.5468606735        0.0000000000        0.8869204367        0.1064304524        0.0077070231
       56.2244900000        1.0000000000        1.0000000000       47.7468035475        0.0000000000        0.8869204367        0.1064304524        0.0032483230
       56.3265310000        1.0000000000        1.0000000000       57.4260272318        0.0000000000        0.8869204367        0.1064304524        0.0010167711
       56.4285710000        1.0000000000        1.0000000000       70.6410916979        0.0000000000        0.8869204367        0.1064304524        0.0002082167
       56.5306120000        1.0000000000        1.0000000000       89.2523233960        0.0000000000        0.8869204367        0.1064304524        0.0000223144
       56.6326530000        1.0000000000        1.0000000000      116.5811278214        0.0000000000        0.8869204367        0.1064304524        0.0000008401
       56.7346940000        1.0000000000        1.0000000000      159.0744950070        0.0000000000        0.8869204367        0.1064304524        0.0000000051
       56.8367350000        1.0000000000        1.0000000000      231.0494123522        0.0000000000        0.8869204367        0.1064304524        0.0000000000
       56.9387760000        1.0000000000        1.0000000000      370.6042645462        0.0000000000        0.8869204367        0.1064304524        0.0000000000
       57.0408160000        1.0000000000        1.0000000000      692.6317144844        0.0000000000        0.8869204367        0.1064304524        0.0000000000
       57.1428570000        1.0000000000        1.0000000000     1496.9986233457        0.0000000000        0.8869204367        0.1064304524        0.0000000000
       57.2448980000        1.0000000000        1.0000000000     3185.7934574111        0.0000000000        0.8869204367        0.1064304524        0.0000000000
       57.3469390000        1.0000000000        1.0000000000     5440.3944546430        0.0000000000        0.8869204367        0.1064304524        0.0000000000
       57.4489800000        1.0000000000        1.0000000000     6576.2263547400        0.0000000000        0.8869204367        0.1064304524        0.0000000000
       57.5510200000        1.0000000000        1.0000000000     5445.7125156340        0.0000000000        0.8869204367        0.1064304524        0.0000000000
       57.6530610000        1.0000000000        1.0000000000     3243.0834417386        0.0000000000        0.8869204367        0.1064304524        0.0000000000
       57.7551020000        1.0000000000        1.0000000000     1597.0270639920        0.0000000000        0.8869204367        0.1064304524        0.0000000000
       57.8571430000        1.0000000000        1.0000000000      802.1454954166        0.0000000000        0.8869204367        0.1064304524        0.0000000000
       57.9591840000        1.0000000000        1.0000000000      470.5651659292        0.0000000000        0.8869204367        0.1064304524        0.0000000000
       58.0612240000        1.0000000000        1.0000000000      318.3311054553        0.0000000000        0.8869204367        0.1064304524        0.0000000000
       58.1632650000        1.0000000000        1.0000000000      235.2559305693        0.0000000000        0.8869204367        0.1064304524        0.0000000000
       58.2653060000        1.0000000000        1.0000000000      183.7896993195        0.0000000000        0.8869204367        0.1064304524        0.0000000003
       58.3673470000        1.0000000000        1.0000000000      149.2670241288        0.0000000000        0.8869204367        0.1064304524        0.0000000166
       58.4693880000        1.0000000000        1.0000000000      124.8160765535        0.0000000000        0.8869204367        0.1064304524        0.0000003127
       58.5714290000        1.0000000000        1.0000000000      106.8097273796        0.0000000000        0.8869204367        0.1064304524        0.0000027138
       58.6734690000        1.0000000000        1.0000000000       93.3131629598        0.0000000000        0.8869204367        0.1064304524        0.0000137073
       58.7755100000        1.0000000000        1.0000000000       83.7418231547        0.0000000000        0.8869204367        0.1064304524        0.0000432281
       58.8775510000        1.0000000000        1.0000000000       78.4481266473        0.0000000000        0.8869204367        0.1064304524        0.0000815923
       58.9795920000        1.0000000000        1.0000000000       76.0180932956        0.0000000000        0.8869204367        0.1064304524        0.0001092173
       59.0816330000        1.0000000000        1.0000000000       71.7646698215        0.0000000000        0.8869204367        0.1064304524        0.0001819533
       59.1836730000        1.0000000000        1.0000000000       63.7408120390        0.0000000000        0.8869204367        0.1064304524        0.0004765693
       59.2857140000        1.0000000000        1.0000000000       55.6018681497        0.0000000000        0.8869204367        0.1064304524        0.0012655807
       59.3877550000        1.0000000000        1.0000000000       49.9606256137        0.0000000000        0.8869204367        0.1064304524        0.0024904918
       59.4897960000        1.0000000000        1.0000000000       46.2294615063        0.0000000000        0.8869204367        0.1064304524        0.0038970502
       59.5918370000        1.0000000000        1.0000000000       43.3799926328        0.0000000000        0.8869204367        0.1064304524        0.0054857628
       59.6938780000        1.0000000000        1.0000000000       40.9822836807        0.0000000000        0.8869204367        0.1064304524        0.0073146650
       59.7959180000        1.0000000000        1.0000000000       38.8970247562        0.0000000000        0.8869204367        0.1064304524        0.0093943863
       59.8979590000        1.0000000000        1.0000000000       37.0595731879        0.0000000000        0.8869204367        0.1064304524        0.0117119126
       60.0000000000        1.0000000000        1.0000000000       35.4272275603        0.0000000000        0.8869204367        0.1064304524        0.0142461682
