       55.0000000000        1.0000000000        1.0000000000       10.8391037533        0.0000000000        0.8869204367        0.1064304524        0.2723431436
       55.1020410000        1.0000000000        1.0000000000       11.1671560328        0.0000000000        0.8869204367        0.1064304524        0.2618302924
       55.2040820000        1.0000000000        1.0000000000       11.5867128945        0.0000000000        0.8869204367        0.1064304524        0.2489743133
       55.3061220000        1.0000000000        1.0000000000       12.1321095297        0.0000000000        0.8869204367        0.1064304524        0.2332013248
       55.4081630000        1.0000000000        1.0000000000       12.8703162385        0.0000000000        0.8869204367        0.1064304524        0.2134317972
       55.5102040000        1.0000000000        1.0000000000       13.9696257761        0.0000000000        0.8869204367        0.1064304524        0.1870545314
       55.6122450000        1.0000000000        1.0000000000       15.7382591367        0.0000000000        0.8869204367        0.1064304524        0.1512848045
       55.7142860000        1.0000000000        1.0000000000       18.2407052791        0.0000000000        0.8869204367        0.1064304524        0.1120416465
       55.8163270000        1.0000000000        1.0000000000       20.9389273419        0.0000000000        0.8869204367        0.1064304524        0.0810514386
       55.9183670000        1.0000000000        1.0000000000       23.8277056174        0.0000000000        0.8869204367        0.1064304524        0.0573074484
       56.0204080000        1.0000000000        1.0000000000       28.3867440254        0.0000000000        0.8869204367        0.1064304524        0.0331600552
       56.1224490000        1.0000000000        1.0000000000       36.7804576824        0.0000000000        0.8869204367        0.1064304524        0.0121108332
       56.2244900000        1.0000000000        1.0000000000       52.9615337641        0.0000000000        0.8869204367        0.1064304524        0.0017373678
       56.3265310000        1.0000000000        1.0000000000       90.9189578762        0.0000000000        0.8869204367        0.1064304524        0.0000182695
       56.4285710000        1.0000000000        1.0000000000      208.6969929531        0.0000000000        0.8869204367        0.1064304524        0.0000000000
       56.5306120000        1.0000000000        1.0000000000      582.4353052031        0.0000000000        0.8869204367        0.1064304524        0.0000000000
       56.6326530000        1.0000000000        1.0000000000     1413.3839031519        0.0000000000        0.8869204367        0.1064304524        0.0000000000
       56.7346940000        1.0000000000        1.0000000000     2357.5052962943        0.0000000000        0.8869204367        0.1064304524        0.0000000000
       56.8367350000        1.0000000000        1.0000000000     2473.0766101668        0.0000000000        0.8869204367        0.1064304524        0.0000000000
       56.9387760000        1.0000000000        1.0000000000     1635.3684118365        0.0000000000        0.8869204367        0.1064304524        0.0000000000
       57.0408160000        1.0000000000        1.0000000000      748.0397410518        0.0000000000        0.8869204367        0.1064304524        0.0000000000
       57.1428570000        1.0000000000        1.0000000000      299.2231580462        0.0000000000        0.8869204367        0.1064304524        0.0000000000
       57.2448980000        1.0000000000        1.0000000000      144.1822114638        0.0000000000        0.8869204367        0.1064304524        0.0000000306
       57.3469390000        1.0000000000        1.0000000000       90.9210899888        0.0000000000        0.8869204367        0.1064304524        0.0000182649
       57.4489800000        1.0000000000        1.0000000000       66.9360075135        0.0000000000        0.8869204367        0.1064304524        0.0003247935
       57.5510200000        1.0000000000        1.0000000000       53.3034122815        0.0000000000        0.8869204367        0.1064304524        0.0016675339
       57.6530610000        1.0000000000        1.0000000000       44.5379774870        0.0000000000        0.8869204367        0.1064304524        0.0047740642
       57.7551020000        1.0000000000        1.0000000000       38.4843963600        0.0000000000        0.8869204367        0.1064304524        0.0098712621
       57.8571430000        1.0000000000        1.0000000000       34.0919662378        0.0000000000        0.8869204367        0.1064304524        0.0167219016
       57.9591840000        1.0000000000        1.0000000000       30.7840334764        0.0000000000        0.8869204367        0.1064304524        0.0248702239
       58.0612240000        1.0000000000        1.0000000000       28.2191424517        0.0000000000        0.8869204367        0.1064304524        0.0338337283
       58.1632650000        1.0000000000        1.0000000000       26.1834490797        0.0000000000        0.8869204367        0.1064304524        0.0431957188
       58.2653060000        1.0000000000        1.0000000000       24.5375311859        0.0000000000        0.8869204367        0.1064304524        0.0526281705
       58.3673470000        1.0000000000        1.0000000000       23.1883932098        0.0000000000        0.8869204367        0.1064304524        0.0618769722
       58.4693880000        1.0000000000        1.0000000000       22.0766091917        0.0000000000        0.8869204367        0.1064304524        0.0707082443
       58.5714290000        1.0000000000        1.0000000000       21.1881804770        0.0000000000        0.8869204367        0.1064304524        0.0786630564
       58.6734690000        1.0000000000        1.0000000000       20.6753892835        0.0000000000        0.8869204367        0.1064304524        0.0836556162
       58.7755100000        1.0000000000        1.0000000000       21.2307326792        0.0000000000        0.8869204367        0.1064304524        0.0782624058
       58.8775510000        1.0000000000        1.0000000000       23.9656700517        0.0000000000        0.8869204367        0.1064304524        0.0563664922
       58.9795920000        1.0000000000        1.0000000000       27.8654354827        0.0000000000        0.8869204367        0.1064304524        0.0353007080
       59.0816330000        1.0000000000        1.0000000000       28.6079192005        0.0000000000        0.8869204367        0.1064304524        0.0322915303
       59.1836730000        1.0000000000        1.0000000000       24.7561261735        0.0000000000        0.8869204367        0.1064304524        0.0512656090
       59.2857140000        1.0000000000        1.0000000000       20.2947589886        0.0000000000        0.8869204367        0.1064304524        0.0875652474
       59.3877550000        1.0000000000        1.0000000000       17.8722852008        0.0000000000        0.8869204367        0.1064304524        0.1171061812
       59.4897960000        1.0000000000        1.0000000000       16.9062966057        0.0000000000        0.8869204367        0.1064304524        0.1314990578
       59.5918370000        1.0000000000        1.0000000000       16.4350311080        0.0000000000        0.8869204367        0.1064304524        0.1391498689
       59.6938780000        1.0000000000        1.0000000000       16.1021240930        0.0000000000        0.8869204367        0.1064304524        0.1448212738
       59.7959180000        1.0000000000        1.0000000000       15.8252547538        0.0000000000        0.8869204367        0.1064304524        0.1497136858
       59.8979590000        1.0000000000        1.0000000000       15.5829579556        0.0000000000        0.8869204367        0.1064304524        0.1541306045
       60.0000000000        1.0000000000        1.0000000000       15.3662633892        0.0000000000        0.8869204367        0.1064304524        0.1581910805
