       55.0000000000        1.0000000000        1.0000000000       12.3449755860        0.0000000000        0.8869204367        0.1064304524        0.2273198846
       55.1020410000        1.0000000000        1.0000000000       13.0060544468        0.0000000000        0.8869204367        0.1064304524        0.2099834557
       55.2040820000        1.0000000000        1.0000000000       13.8197681094        0.0000000000        0.8869204367        0.1064304524        0.1904487455
       55.3061220000        1.0000000000        1.0000000000       14.8341068629        0.0000000000        0.8869204367        0.1064304524        0.1686224944
       55.4081630000        1.0000000000        1.0000000000       16.1332692937        0.0000000000        0.8869204367        0.1064304524        0.1442810255
       55.5102040000        1.0000000000        1.0000000000       17.9064419948        0.0000000000        0.8869204367        0.1064304524        0.1166271670
       55.6122450000        1.0000000000        1.0000000000       20.4831239109        0.0000000000        0.8869204367        0.1064304524        0.0856081432
       55.7142860000        1.0000000000        1.0000000000       23.9450508478        0.0000000000        0.8869204367        0.1064304524        0.0565061328
       55.8163270000        1.0000000000        1.0000000000       27.7750949854        0.0000000000        0.8869204367        0.1064304524        0.0356854799
       55.9183670000        1.0000000000        1.0000000000       31.9840011166        0.0000000000        0.8869204367        0.1064304524        0.0215349058
       56.0204080000        1.0000000000        1.0000000000       37.9746180223        0.0000000000        0.8869204367        0.1064304524        0.0104939733
       56.1224490000        1.0000000000        1.0000000000       47.4937785968        0.0000000000        0.8869204367        0.1064304524        0.0033484644
       56.2244900000        1.0000000000        1.0000000000       62.6588171590        0.0000000000        0.8869204367        0.1064304524        0.0005426435
       56.3265310000        1.0000000000        1.0000000000       88.0470459363        0.0000000000        0.8869204367        0.1064304524        0.0000257869
       56.4285710000        1.0000000000        1.0000000000      136.2575980437        0.0000000000        0.8869204367        0.1064304524        0.0000000792
       56.5306120000        1.0000000000        1.0000000000      250.3714814358        0.0000000000        0.8869204367        0.1064304524        0.0000000000
       56.6326530000        1.0000000000        1.0000000000      578.4054649572        0.0000000000        0.8869204367        0.1064304524        0.0000000000
       56.7346940000        1.0000000000        1.0000000000     1446.8421369752        0.0000000000        0.8869204367        0.1064304524        0.0000000000
       56.8367350000        1.0000000000        1.0000000000     2975.2206379729        0.0000000000        0.8869204367        0.1064304524        0.0000000000
       56.9387760000        1.0000000000        1.0000000000     4225.5224752107        0.0000000000        0.8869204367        0.1064304524        0.0000000000
       57.0408160000        1.0000000000        1.0000000000     3899.1453107321        0.0000000000        0.8869204367        0.1064304524        0.0000000000
       57.1428570000        1.0000000000        1.0000000000     2394.8175319659        0.0000000000        0.8869204367        0.1064304524        0.0000000000
       57.2448980000        1.0000000000        1.0000000000     1106.9155509726        0.0000000000        0.8869204367        0.1064304524        0.0000000000
       57.3469390000        1.0000000000        1.0000000000      489.8279361937        0.0000000000        0.8869204367        0.1064304524        0.0000000000
       57.4489800000        1.0000000000        1.0000000000      261.1051568711        0.0000000000        0.8869204367        0.1064304524        0.0000000000
       57.5510200000        1.0000000000        1.0000000000      170.1662723370        0.0000000000        0.8869204367        0.1064304524        0.0000000014
       57.6530610000        1.0000000000        1.0000000000      124.7646320336        0.0000000000        0.8869204367        0.1064304524        0.0000003147
       57.7551020000        1.0000000000        1.0000000000       97.8068691110        0.0000000000        0.8869204367        0.1064304524        0.0000079940
       57.8571430000        1.0000000000        1.0000000000       80.1173547472        0.0000000000        0.8869204367        0.1064304524        0.0000667816
       57.9591840000        1.0000000000        1.0000000000       67.7527066288        0.0000000000        0.8869204367        0.1064304524        0.0002944725
       58.0612240000        1.0000000000        1.0000000000       58.7102886973        0.0000000000        0.8869204367        0.1064304524        0.0008715523
       58.1632650000        1.0000000000        1.0000000000       51.8643563120        0.0000000000        0.8869204367        0.1064304524        0.0019818535
       58.2653060000        1.0000000000        1.0000000000       46.5375514520        0.0000000000        0.8869204367        0.1064304524        0.0037556039
       58.3673470000        1.0000000000        1.0000000000       42.3013240812        0.0000000000        0.8869204367        0.1064304524        0.0062438463
       58.4693880000        1.0000000000        1.0000000000       38.8772298963        0.0000000000        0.8869204367        0.1064304524        0.0094167281
       58.5714290000        1.0000000000        1.0000000000       36.1022859738        0.0000000000        0.8869204367        0.1064304524        0.0131376343
       58.6734690000        1.0000000000        1.0000000000       34.0229237596        0.0000000000        0.8869204367        0.1064304524        0.0168610196
       58.7755100000        1.0000000000        1.0000000000       33.2564118928        0.0000000000        0.8869204367        0.1064304524        0.0184854854
       58.8775510000        1.0000000000        1.0000000000       34.8770678682        0.0000000000        0.8869204367        0.1064304524        0.0152184291
       58.9795920000        1.0000000000        1.0000000000       37.8712189028        0.0000000000        0.8869204367        0.1064304524        0.0106249925
       59.0816330000        1.0000000000        1.0000000000       37.8879689968        0.0000000000        0.8869204367        0.1064304524        0.0106036576
       59.1836730000        1.0000000000        1.0000000000       33.3957154598        0.0000000000        0.8869204367        0.1064304524        0.0181790426
       59.2857140000        1.0000000000        1.0000000000       28.3230005969        0.0000000000        0.8869204367        0.1064304524        0.0334146761
       59.3877550000        1.0000000000        1.0000000000       25.3358782672        0.0000000000        0.8869204367        0.1064304524        0.0478202833
       59.4897960000        1.0000000000        1.0000000000       23.8696410033        0.0000000000        0.8869204367        0.1064304524        0.0570197876
       59.5918370000        1.0000000000        1.0000000000       22.9573760799        0.0000000000        0.8869204367        0.1064304524        0.0636163269
       59.6938780000        1.0000000000        1.0000000000       22.2322315853        0.0000000000        0.8869204367        0.1064304524        0.0694000431
       59.7959180000        1.0000000000        1.0000000000       21.6037107460        0.0000000000        0.8869204367        0.1064304524        0.0748368185
       59.8979590000        1.0000000000        1.0000000000       21.0442864925        0.0000000000        0.8869204367        0.1064304524        0.0800331481
       60.0000000000        1.0000000000        1.0000000000       20.5402403723        0.0000000000        0.8869204367        0.1064304524        0.0850233933
