       55.0000000000        1.0000000000        1.0000000000        9.9593881532        0.0000000000        0.8869204367        0.1064304524        0.3026656408
       55.1020410000        1.0000000000        1.0000000000        9.9772918575        0.0000000000        0.8869204367        0.1064304524        0.3020160785
       55.2040820000        1.0000000000        1.0000000000       10.0033166199        0.0000000000        0.8869204367        0.1064304524        0.3010743622
       55.3061220000        1.0000000000        1.0000000000       10.0433876231        0.0000000000        0.8869204367        0.1064304524        0.2996301151
       55.4081630000        1.0000000000        1.0000000000       10.1233725705        0.0000000000        0.8869204367        0.1064304524        0.2967679649
       55.5102040000        1.0000000000        1.0000000000       10.3514617873        0.0000000000        0.8869204367        0.1064304524        0.2887553716
       55.6122450000        1.0000000000        1.0000000000       10.9492712277        0.0000000000        0.8869204367        0.1064304524        0.2687664352
       55.7142860000        1.0000000000        1.0000000000       11.8518332611        0.0000000000        0.8869204367        0.1064304524        0.2411780091
       55.8163270000        1.0000000000        1.0000000000       12.2921246507        0.0000000000        0.8869204367        0.1064304524        0.2287661542
       55.9183670000        1.0000000000        1.0000000000       11.8445238558        0.0000000000        0.8869204367        0.1064304524        0.2413896460
       56.0204080000        1.0000000000        1.0000000000       11.2258134850        0.0000000000        0.8869204367        0.1064304524        0.2599937678
       56.1224490000        1.0000000000        1.0000000000       11.0281588880        0.0000000000        0.8869204367        0.1064304524        0.2662341574
       56.2244900000        1.0000000000        1.0000000000       11.1788795201        0.0000000000        0.8869204367        0.1064304524        0.2614622037
       56.3265310000        1.0000000000        1.0000000000       11.5085883994        0.0000000000        0.8869204367        0.1064304524        0.2513194078
       56.4285710000        1.0000000000        1.0000000000       11.9807278867        0.0000000000        0.8869204367        0.1064304524        0.2374763246
       56.5306120000        1.0000000000        1.0000000000       12.6320123188        0.0000000000        0.8869204367        0.1064304524        0.2196232988
       56.6326530000        1.0000000000        1.0000000000       13.5402717578        0.0000000000        0.8869204367        0.1064304524        0.1969446388
       56.7346940000        1.0000000000        1.0000000000       14.8373997969        0.0000000000        0.8869204367        0.1064304524        0.1685558760
       56.8367350000        1.0000000000        1.0000000000       16.7534081273        0.0000000000        0.8869204367        0.1064304524        0.1339338878
       56.9387760000        1.0000000000        1.0000000000       19.7184489161        0.0000000000        0.8869204367        0.1064304524        0.0938353273
       57.0408160000        1.0000000000        1.0000000000       24.6346526152        0.0000000000        0.8869204367        0.1064304524        0.0520183721
       57.1428570000        1.0000000000        1.0000000000       33.8502169238        0.0000000000        0.8869204367        0.1064304524        0.0172141074
       57.2448980000        1.0000000000        1.0000000000       55.9310700738        0.0000000000        0.8869204367        0.1064304524        0.0012165596
       57.3469390000        1.0000000000        1.0000000000      127.8863614670        0.0000000000        0.8869204367        0.1064304524        0.0000002164
       57.4489800000        1.0000000000        1.0000000000      366.8412012383        0.0000000000        0.8869204367        0.1064304524        0.0000000000
       57.5510200000        1.0000000000        1.0000000000      915.4129589115        0.0000000000        0.8869204367        0.1064304524        0.0000000000
       57.6530610000        1.0000000000        1.0000000000     1557.0874078615        0.0000000000        0.8869204367        0.1064304524        0.0000000000
       57.7551020000        1.0000000000        1.0000000000     1653.5641267112        0.0000000000        0.8869204367        0.1064304524        0.0000000000
       57.8571430000        1.0000000000        1.0000000000     1097.6113947887        0.0000000000        0.8869204367        0.1064304524        0.0000000000
       57.9591840000        1.0000000000        1.0000000000      497.2947350082        0.0000000000        0.8869204367        0.1064304524        0.0000000000
       58.0612240000        1.0000000000        1.0000000000      194.4717699146        0.0000000000        0.8869204367        0.1064304524        0.0000000001
       58.1632650000        1.0000000000        1.0000000000       92.7053391107        0.0000000000        0.8869204367        0.1064304524        0.0000147445
       58.2653060000        1.0000000000        1.0000000000       59.3533704123        0.0000000000        0.8869204367        0.1064304524        0.0008068244
       58.3673470000        1.0000000000        1.0000000000       44.8007385308        0.0000000000        0.8869204367        0.1064304524        0.0046258801
       58.4693880000        1.0000000000        1.0000000000       36.6234149695        0.0000000000        0.8869204367        0.1064304524        0.0123412274
       58.5714290000        1.0000000000        1.0000000000       31.4324644698        0.0000000000        0.8869204367        0.1064304524        0.0230084040
       58.6734690000        1.0000000000        1.0000000000       28.1057538662        0.0000000000        0.8869204367        0.1064304524        0.0342972376
       58.7755100000        1.0000000000        1.0000000000       26.7295405095        0.0000000000        0.8869204367        0.1064304524        0.0404558161
       58.8775510000        1.0000000000        1.0000000000       28.0914875174        0.0000000000        0.8869204367        0.1064304524        0.0343560035
       58.9795920000        1.0000000000        1.0000000000       30.9928591470        0.0000000000        0.8869204367        0.1064304524        0.0242547429
       59.0816330000        1.0000000000        1.0000000000       30.9952407176        0.0000000000        0.8869204367        0.1064304524        0.0242478122
       59.1836730000        1.0000000000        1.0000000000       26.5795611543        0.0000000000        0.8869204367        0.1064304524        0.0411905121
       59.2857140000        1.0000000000        1.0000000000       21.6770782686        0.0000000000        0.8869204367        0.1064304524        0.0741808393
       59.3877550000        1.0000000000        1.0000000000       18.9060365293        0.0000000000        0.8869204367        0.1064304524        0.1034440509
       59.4897960000        1.0000000000        1.0000000000       17.6636996214        0.0000000000        0.8869204367        0.1064304524        0.1200743728
       59.5918370000        1.0000000000        1.0000000000       16.9717877394        0.0000000000        0.8869204367        0.1064304524        0.1304696653
       59.6938780000        1.0000000000        1.0000000000       16.4611976150        0.0000000000        0.8869204367        0.1064304524        0.1387136263
       59.7959180000        1.0000000000        1.0000000000       16.0401695571        0.0000000000        0.8869204367        0.1064304524        0.1459019662
       59.8979590000        1.0000000000        1.0000000000       15.6801917016        0.0000000000        0.8869204367        0.1064304524        0.1523426522
       60.0000000000        1.0000000000        1.0000000000       15.3669488127        0.0000000000        0.8869204367        0.1064304524        0.1581780696
