       55.0000000000        1.0000000000        1.0000000000        9.8007514489        0.0000000000        0.8869204367        0.1064304524        0.3084824968
       55.1020410000        1.0000000000        1.0000000000        9.8559413146        0.0000000000        0.8869204367        0.1064304524        0.3064462342
       55.2040820000        1.0000000000        1.0000000000        9.9275106565        0.0000000000        0.8869204367        0.1064304524        0.3038256449
       55.3061220000        1.0000000000        1.0000000000       10.0234485262        0.0000000000        0.8869204367        0.1064304524        0.3003478959
       55.4081630000        1.0000000000        1.0000000000       10.1723856986        0.0000000000        0.8869204367        0.1064304524        0.2950276247
       55.5102040000        1.0000000000        1.0000000000       10.4860688835        0.0000000000        0.8869204367        0.1064304524        0.2841286172
       55.6122450000        1.0000000000        1.0000000000       11.1896550115        0.0000000000        0.8869204367        0.1064304524        0.2611243361
       55.7142860000        1.0000000000        1.0000000000       12.2210554486        0.0000000000        0.8869204367        0.1064304524        0.2307254845
       55.8163270000        1.0000000000        1.0000000000       12.8205090005        0.0000000000        0.8869204367        0.1064304524        0.2147112708
       55.9183670000        1.0000000000        1.0000000000       12.5790618005        0.0000000000        0.8869204367        0.1064304524        0.2210232419
       56.0204080000        1.0000000000        1.0000000000       12.2332783625        0.0000000000        0.8869204367        0.1064304524        0.2303873161
       56.1224490000        1.0000000000        1.0000000000       12.3966232784        0.0000000000        0.8869204367        0.1064304524        0.2259153758
       56.2244900000        1.0000000000        1.0000000000       13.0290873714        0.0000000000        0.8869204367        0.1064304524        0.2094038731
       56.3265310000        1.0000000000        1.0000000000       14.0153304568        0.0000000000        0.8869204367        0.1064304524        0.1860314274
       56.4285710000        1.0000000000        1.0000000000       15.4063172544        0.0000000000        0.8869204367        0.1064304524        0.1574325651
       56.5306120000        1.0000000000        1.0000000000       17.3856745442        0.0000000000        0.8869204367        0.1064304524        0.1241479915
       56.6326530000        1.0000000000        1.0000000000       20.2927946446        0.0000000000        0.8869204367        0.1064304524        0.0875858909
       56.7346940000        1.0000000000        1.0000000000       24.7633749749        0.0000000000        0.8869204367        0.1064304524        0.0512210347
       56.8367350000        1.0000000000        1.0000000000       32.1223094920        0.0000000000        0.8869204367        0.1064304524        0.0211804405
       56.9387760000        1.0000000000        1.0000000000       45.7603506393        0.0000000000        0.8869204367        0.1064304524        0.0041227203
       57.0408160000        1.0000000000        1.0000000000       77.6023720291        0.0000000000        0.8869204367        0.1064304524        0.0000903080
       57.1428570000        1.0000000000        1.0000000000      177.2427600801        0.0000000000        0.8869204367        0.1064304524        0.0000000006
       57.2448980000        1.0000000000        1.0000000000      498.6256441935        0.0000000000        0.8869204367        0.1064304524        0.0000000000
       57.3469390000        1.0000000000        1.0000000000     1229.3031979883        0.0000000000        0.8869204367        0.1064304524        0.0000000000
       57.4489800000        1.0000000000        1.0000000000     2090.0543517886        0.0000000000        0.8869204367        0.1064304524        0.0000000000
       57.5510200000        1.0000000000        1.0000000000     2238.0871885232        0.0000000000        0.8869204367        0.1064304524        0.0000000000
       57.6530610000        1.0000000000        1.0000000000     1508.4258980140        0.0000000000        0.8869204367        0.1064304524        0.0000000000
       57.7551020000        1.0000000000        1.0000000000      697.2019186595        0.0000000000        0.8869204367        0.1064304524        0.0000000000
       57.8571430000        1.0000000000        1.0000000000      276.7198951255        0.0000000000        0.8869204367        0.1064304524        0.0000000000
       57.9591840000        1.0000000000        1.0000000000      130.9562378467        0.0000000000        0.8869204367        0.1064304524        0.0000001497
       58.0612240000        1.0000000000        1.0000000000       81.9496201476        0.0000000000        0.8869204367        0.1064304524        0.0000536004
       58.1632650000        1.0000000000        1.0000000000       60.3946013312        0.0000000000        0.8869204367        0.1064304524        0.0007120573
       58.2653060000        1.0000000000        1.0000000000       48.2782001800        0.0000000000        0.8869204367        0.1064304524        0.0030476514
       58.3673470000        1.0000000000        1.0000000000       40.5300241929        0.0000000000        0.8869204367        0.1064304524        0.0077226099
       58.4693880000        1.0000000000        1.0000000000       35.2082434922        0.0000000000        0.8869204367        0.1064304524        0.0146254924
       58.5714290000        1.0000000000        1.0000000000       31.4060404187        0.0000000000        0.8869204367        0.1064304524        0.0230814769
       58.6734690000        1.0000000000        1.0000000000       28.7966144496        0.0000000000        0.8869204367        0.1064304524        0.0315685555
       58.7755100000        1.0000000000        1.0000000000       27.7952952204        0.0000000000        0.8869204367        0.1064304524        0.0355990821
       58.8775510000        1.0000000000        1.0000000000       29.3496768073        0.0000000000        0.8869204367        0.1064304524        0.0295414411
       58.9795920000        1.0000000000        1.0000000000       32.3501964097        0.0000000000        0.8869204367        0.1064304524        0.0206090791
       59.0816330000        1.0000000000        1.0000000000       32.4026777157        0.0000000000        0.8869204367        0.1064304524        0.0204796959
       59.1836730000        1.0000000000        1.0000000000       27.9972810082        0.0000000000        0.8869204367        0.1064304524        0.0347465942
       59.2857140000        1.0000000000        1.0000000000       23.0716859852        0.0000000000        0.8869204367        0.1064304524        0.0627496475
       59.3877550000        1.0000000000        1.0000000000       20.2600158839        0.0000000000        0.8869204367        0.1064304524        0.0879310841
       59.4897960000        1.0000000000        1.0000000000       18.9712539060        0.0000000000        0.8869204367        0.1064304524        0.1026376485
       59.5918370000        1.0000000000        1.0000000000       18.2313433662        0.0000000000        0.8869204367        0.1064304524        0.1121675881
       59.6938780000        1.0000000000        1.0000000000       17.6726236743        0.0000000000        0.8869204367        0.1064304524        0.1199458557
       59.7959180000        1.0000000000        1.0000000000       17.2042035375        0.0000000000        0.8869204367        0.1064304524        0.1268811542
       59.8979590000        1.0000000000        1.0000000000       16.7981634215        0.0000000000        0.8869204367        0.1064304524        0.1332165059
       60.0000000000        1.0000000000        1.0000000000       16.4405549461        0.0000000000        0.8869204367        0.1064304524        0.1390576625
