       55.0000000000        1.0000000000        1.0000000000        9.6583273590        0.0000000000        0.8869204367        0.1064304524        0.3138000488
       55.1020410000        1.0000000000        1.0000000000        9.7745401093        0.0000000000        0.8869204367        0.1064304524        0.3094543130
       55.2040820000        1.0000000000        1.0000000000        9.9146487026        0.0000000000        0.8869204367        0.1064304524        0.3042949419
       55.3061220000        1.0000000000        1.0000000000       10.0875773048        0.0000000000        0.8869204367        0.1064304524        0.2980454532
       55.4081630000        1.0000000000        1.0000000000       10.3230899646        0.0000000000        0.8869204367        0.1064304524        0.2897401490
       55.5102040000        1.0000000000        1.0000000000       10.7340212041        0.0000000000        0.8869204367        0.1064304524        0.2757991089
       55.6122450000        1.0000000000        1.0000000000       11.5446822672        0.0000000000        0.8869204367        0.1064304524        0.2502332310
       55.7142860000        1.0000000000        1.0000000000       12.6883676465        0.0000000000        0.8869204367        0.1064304524        0.2181430764
       55.8163270000        1.0000000000        1.0000000000       13.4036343231        0.0000000000        0.8869204367        0.1064304524        0.2002004591
       55.9183670000        1.0000000000        1.0000000000       13.2887625947        0.0000000000        0.8869204367        0.1064304524        0.2029792521
       56.0204080000        1.0000000000        1.0000000000       13.0826443546        0.0000000000        0.8869204367        0.1064304524        0.2080623837
       56.1224490000        1.0000000000        1.0000000000       13.3876276871        0.0000000000        0.8869204367        0.1064304524        0.2005853730
       56.2244900000        1.0000000000        1.0000000000       14.1459291040        0.0000000000        0.8869204367        0.1064304524        0.1831386995
       56.3265310000        1.0000000000        1.0000000000       15.2155008779        0.0000000000        0.8869204367        0.1064304524        0.1610790396
       56.4285710000        1.0000000000        1.0000000000       16.5980693926        0.0000000000        0.8869204367        0.1064304524        0.1364539168
       56.5306120000        1.0000000000        1.0000000000       18.3814538232        0.0000000000        0.8869204367        0.1064304524        0.1101651739
       56.6326530000        1.0000000000        1.0000000000       20.7123789266        0.0000000000        0.8869204367        0.1064304524        0.0832851122
       56.7346940000        1.0000000000        1.0000000000       23.8160360740        0.0000000000        0.8869204367        0.1064304524        0.0573877548
       56.8367350000        1.0000000000        1.0000000000       28.0464008796        0.0000000000        0.8869204367        0.1064304524        0.0345423868
       56.9387760000        1.0000000000        1.0000000000       33.9844932596        0.0000000000        0.8869204367        0.1064304524        0.0169389565
       57.0408160000        1.0000000000        1.0000000000       42.6399236621        0.0000000000        0.8869204367        0.1064304524        0.0059952317
       57.1428570000        1.0000000000        1.0000000000       55.9087041454        0.0000000000        0.8869204367        0.1064304524        0.0012198291
       57.2448980000        1.0000000000        1.0000000000       77.8053441097        0.0000000000        0.8869204367        0.1064304524        0.0000881350
       57.3469390000        1.0000000000        1.0000000000      118.7835388058        0.0000000000        0.8869204367        0.1064304524        0.0000006450
       57.4489800000        1.0000000000        1.0000000000      213.9193813185        0.0000000000        0.8869204367        0.1064304524        0.0000000000
       57.5510200000        1.0000000000        1.0000000000      486.1455278249        0.0000000000        0.8869204367        0.1064304524        0.0000000000
       57.6530610000        1.0000000000        1.0000000000     1227.1944664821        0.0000000000        0.8869204367        0.1064304524        0.0000000000
       57.7551020000        1.0000000000        1.0000000000     2612.7275441486        0.0000000000        0.8869204367        0.1064304524        0.0000000000
       57.8571430000        1.0000000000        1.0000000000     3896.3538024453        0.0000000000        0.8869204367        0.1064304524        0.0000000000
       57.9591840000        1.0000000000        1.0000000000     3793.3266333023        0.0000000000        0.8869204367        0.1064304524        0.0000000000
       58.0612240000        1.0000000000        1.0000000000     2444.4587779210        0.0000000000        0.8869204367        0.1064304524        0.0000000000
       58.1632650000        1.0000000000        1.0000000000     1158.5886535621        0.0000000000        0.8869204367        0.1064304524        0.0000000000
       58.2653060000        1.0000000000        1.0000000000      505.4207907229        0.0000000000        0.8869204367        0.1064304524        0.0000000000
       58.3673470000        1.0000000000        1.0000000000      260.3744444131        0.0000000000        0.8869204367        0.1064304524        0.0000000000
       58.4693880000        1.0000000000        1.0000000000      165.9940545030        0.0000000000        0.8869204367        0.1064304524        0.0000000022
       58.5714290000        1.0000000000        1.0000000000      120.5501385668        0.0000000000        0.8869204367        0.1064304524        0.0000005218
       58.6734690000        1.0000000000        1.0000000000       94.3326979849        0.0000000000        0.8869204367        0.1064304524        0.0000121288
       58.7755100000        1.0000000000        1.0000000000       78.3426931498        0.0000000000        0.8869204367        0.1064304524        0.0000826312
       58.8775510000        1.0000000000        1.0000000000       69.7195625318        0.0000000000        0.8869204367        0.1064304524        0.0002325634
       58.9795920000        1.0000000000        1.0000000000       65.5591533568        0.0000000000        0.8869204367        0.1064304524        0.0003831445
       59.0816330000        1.0000000000        1.0000000000       60.4362161751        0.0000000000        0.8869204367        0.1064304524        0.0007085103
       59.1836730000        1.0000000000        1.0000000000       52.0841536575        0.0000000000        0.8869204367        0.1064304524        0.0019302641
       59.2857140000        1.0000000000        1.0000000000       43.9802147748        0.0000000000        0.8869204367        0.1064304524        0.0051045357
       59.3877550000        1.0000000000        1.0000000000       38.5782136726        0.0000000000        0.8869204367        0.1064304524        0.0097607539
       59.4897960000        1.0000000000        1.0000000000       35.1839351552        0.0000000000        0.8869204367        0.1064304524        0.0146682172
       59.5918370000        1.0000000000        1.0000000000       32.7172169042        0.0000000000        0.8869204367        0.1064304524        0.0197211024
       59.6938780000        1.0000000000        1.0000000000       30.7219636390        0.0000000000        0.8869204367        0.1064304524        0.0250561584
       59.7959180000        1.0000000000        1.0000000000       29.0429885423        0.0000000000        0.8869204367        0.1064304524        0.0306488964
       59.8979590000        1.0000000000        1.0000000000       27.6056791112        0.0000000000        0.8869204367        0.1064304524        0.0364183870
       60.0000000000        1.0000000000        1.0000000000       26.3612754075        0.0000000000        0.8869204367        0.1064304524        0.0422837237
