       55.0000000000        1.0000000000        1.0000000000       11.1707860218        0.0000000000        0.8869204367        0.1064304524        0.2617162643
       55.1020410000        1.0000000000        1.0000000000       11.6513019746        0.0000000000        0.8869204367        0.1064304524        0.2470520497
       55.2040820000        1.0000000000        1.0000000000       12.2565726607        0.0000000000        0.8869204367        0.1064304524        0.2297442100
       55.3061220000        1.0000000000        1.0000000000       13.0300369737        0.0000000000        0.8869204367        0.1064304524        0.2093800124
       55.4081630000        1.0000000000        1.0000000000       14.0510014534        0.0000000000        0.8869204367        0.1064304524        0.1852368182
       55.5102040000        1.0000000000        1.0000000000       15.5043610016        0.0000000000        0.8869204367        0.1064304524        0.1555911850
       55.6122450000        1.0000000000        1.0000000000       17.7193202223        0.0000000000        0.8869204367        0.1064304524        0.1192756084
       55.7142860000        1.0000000000        1.0000000000       20.7867260000        0.0000000000        0.8869204367        0.1064304524        0.0825453764
       55.8163270000        1.0000000000        1.0000000000       24.2108607972        0.0000000000        0.8869204367        0.1064304524        0.0547321880
       55.9183670000        1.0000000000        1.0000000000       28.0537454545        0.0000000000        0.8869204367        0.1064304524        0.0345119563
       56.0204080000        1.0000000000        1.0000000000       33.8724577913        0.0000000000        0.8869204367        0.1064304524        0.0171682259
       56.1224490000        1.0000000000        1.0000000000       43.8577196258        0.0000000000        0.8869204367        0.1064304524        0.0051801236
       56.2244900000        1.0000000000        1.0000000000       61.5075364508        0.0000000000        0.8869204367        0.1064304524        0.0006230372
       56.3265310000        1.0000000000        1.0000000000       97.0334691848        0.0000000000        0.8869204367        0.1064304524        0.0000087714
       56.4285710000        1.0000000000        1.0000000000      189.7135102910        0.0000000000        0.8869204367        0.1064304524        0.0000000001
       56.5306120000        1.0000000000        1.0000000000      479.9725440026        0.0000000000        0.8869204367        0.1064304524        0.0000000000
       56.6326530000        1.0000000000        1.0000000000     1253.6785366967        0.0000000000        0.8869204367        0.1064304524        0.0000000000
       56.7346940000        1.0000000000        1.0000000000     2514.4504299515        0.0000000000        0.8869204367        0.1064304524        0.0000000000
       56.8367350000        1.0000000000        1.0000000000     3329.9303096836        0.0000000000        0.8869204367        0.1064304524        0.0000000000
       56.9387760000        1.0000000000        1.0000000000     2793.7706797485        0.0000000000        0.8869204367        0.1064304524        0.0000000000
       57.0408160000        1.0000000000        1.0000000000     1548.3479869833        0.0000000000        0.8869204367        0.1064304524        0.0000000000
       57.1428570000        1.0000000000        1.0000000000      657.8070743498        0.0000000000        0.8869204367        0.1064304524        0.0000000000
       57.2448980000        1.0000000000        1.0000000000      285.7074230370        0.0000000000        0.8869204367        0.1064304524        0.0000000000
       57.3469390000        1.0000000000        1.0000000000      158.3669381497        0.0000000000        0.8869204367        0.1064304524        0.0000000056
       57.4489800000        1.0000000000        1.0000000000      107.6774408328        0.0000000000        0.8869204367        0.1064304524        0.0000024454
       57.5510200000        1.0000000000        1.0000000000       81.4205198722        0.0000000000        0.8869204367        0.1064304524        0.0000571139
       57.6530610000        1.0000000000        1.0000000000       65.3862061460        0.0000000000        0.8869204367        0.1064304524        0.0003911792
       57.7551020000        1.0000000000        1.0000000000       54.6805206292        0.0000000000        0.8869204367        0.1064304524        0.0014135338
       57.8571430000        1.0000000000        1.0000000000       47.1044871253        0.0000000000        0.8869204367        0.1064304524        0.0035085990
       57.9591840000        1.0000000000        1.0000000000       41.5093271264        0.0000000000        0.8869204367        0.1064304524        0.0068663730
       58.0612240000        1.0000000000        1.0000000000       37.2386804842        0.0000000000        0.8869204367        0.1064304524        0.0114628758
       58.1632650000        1.0000000000        1.0000000000       33.8926092674        0.0000000000        0.8869204367        0.1064304524        0.0171267602
       58.2653060000        1.0000000000        1.0000000000       31.2155887080        0.0000000000        0.8869204367        0.1064304524        0.0236150598
       58.3673470000        1.0000000000        1.0000000000       29.0389020368        0.0000000000        0.8869204367        0.1064304524        0.0306639297
       58.4693880000        1.0000000000        1.0000000000       27.2519075861        0.0000000000        0.8869204367        0.1064304524        0.0379977280
       58.5714290000        1.0000000000        1.0000000000       25.8047451450        0.0000000000        0.8869204367        0.1064304524        0.0452040128
       58.6734690000        1.0000000000        1.0000000000       24.8235881784        0.0000000000        0.8869204367        0.1064304524        0.0508522667
       58.7755100000        1.0000000000        1.0000000000       24.9825235978        0.0000000000        0.8869204367        0.1064304524        0.0498915898
       58.8775510000        1.0000000000        1.0000000000       27.3868698482        0.0000000000        0.8869204367        0.1064304524        0.0373872934
       58.9795920000        1.0000000000        1.0000000000       31.0290894476        0.0000000000        0.8869204367        0.1064304524        0.0241495210
       59.0816330000        1.0000000000        1.0000000000       31.5823349034        0.0000000000        0.8869204367        0.1064304524        0.0225983092
       59.1836730000        1.0000000000        1.0000000000       27.5801266777        0.0000000000        0.8869204367        0.1064304524        0.0365302278
       59.2857140000        1.0000000000        1.0000000000       22.9944304169        0.0000000000        0.8869204367        0.1064304524        0.0633340836
       59.3877550000        1.0000000000        1.0000000000       20.4928322977        0.0000000000        0.8869204367        0.1064304524        0.0855084673
       59.4897960000        1.0000000000        1.0000000000       19.5181975353        0.0000000000        0.8869204367        0.1064304524        0.0961175167
       59.5918370000        1.0000000000        1.0000000000       19.1372742679        0.0000000000        0.8869204367        0.1064304524        0.1006130898
       59.6938780000        1.0000000000        1.0000000000       19.0442823108        0.0000000000        0.8869204367        0.1064304524        0.1017421226
       59.7959180000        1.0000000000        1.0000000000       19.2618449498        0.0000000000        0.8869204367        0.1064304524        0.0991202624
       59.8979590000        1.0000000000        1.0000000000       20.0214863035        0.0000000000        0.8869204367        0.1064304524        0.0904843514
       60.0000000000        1.0000000000        1.0000000000       22.1846602451        0.0000000000        0.8869204367        0.1064304524        0.0697973504
