       55.0000000000        1.0000000000        1.0000000000       10.5284614358        0.0000000000        0.8869204367        0.1064304524        0.2826868949
       55.1020410000        1.0000000000        1.0000000000       10.5910657503        0.0000000000        0.8869204367        0.1064304524        0.2805711618
       55.2040820000        1.0000000000        1.0000000000       10.6762444031        0.0000000000        0.8869204367        0.1064304524        0.2777179279
       55.3061220000        1.0000000000        1.0000000000       10.7959144013        0.0000000000        0.8869204367        0.1064304524        0.2737582865
       55.4081630000        1.0000000000        1.0000000000       10.9849524569        0.0000000000        0.8869204367        0.1064304524        0.2676181053
       55.5102040000        1.0000000000        1.0000000000       11.3654480846        0.0000000000        0.8869204367        0.1064304524        0.2556735688
       55.6122450000        1.0000000000        1.0000000000       12.1812757168        0.0000000000        0.8869204367        0.1064304524        0.2318295012
       55.7142860000        1.0000000000        1.0000000000       13.4042785278        0.0000000000        0.8869204367        0.1064304524        0.2001849833
       55.8163270000        1.0000000000        1.0000000000       14.3308942040        0.0000000000        0.8869204367        0.1064304524        0.1791185674
       55.9183670000        1.0000000000        1.0000000000       14.6508782312        0.0000000000        0.8869204367        0.1064304524        0.1723711311
       56.0204080000        1.0000000000        1.0000000000       15.3143541815        0.0000000000        0.8869204367        0.1064304524        0.1591795447
       56.1224490000        1.0000000000        1.0000000000       17.4685367881        0.0000000000        0.8869204367        0.1064304524        0.1229196469
       56.2244900000        1.0000000000        1.0000000000       22.8442263052        0.0000000000        0.8869204367        0.1064304524        0.0644859985
       56.3265310000        1.0000000000        1.0000000000       39.6531473055        0.0000000000        0.8869204367        0.1064304524        0.0085795169
       56.4285710000        1.0000000000        1.0000000000      103.4454224765        0.0000000000        0.8869204367        0.1064304524        0.0000040636
       56.5306120000        1.0000000000        1.0000000000      294.7534511516        0.0000000000        0.8869204367        0.1064304524        0.0000000000
       56.6326530000        1.0000000000        1.0000000000      618.8688877341        0.0000000000        0.8869204367        0.1064304524        0.0000000000
       56.7346940000        1.0000000000        1.0000000000      815.3166324866        0.0000000000        0.8869204367        0.1064304524        0.0000000000
       56.8367350000        1.0000000000        1.0000000000      650.8307103545        0.0000000000        0.8869204367        0.1064304524        0.0000000000
       56.9387760000        1.0000000000        1.0000000000      330.9808919226        0.0000000000        0.8869204367        0.1064304524        0.0000000000
       57.0408160000        1.0000000000        1.0000000000      128.5547277279        0.0000000000        0.8869204367        0.1064304524        0.0000001997
       57.1428570000        1.0000000000        1.0000000000       55.7843832575        0.0000000000        0.8869204367        0.1064304524        0.0012381636
       57.2448980000        1.0000000000        1.0000000000       34.4628590237        0.0000000000        0.8869204367        0.1064304524        0.0159939767
       57.3469390000        1.0000000000        1.0000000000       26.6047461234        0.0000000000        0.8869204367        0.1064304524        0.0410662142
       57.4489800000        1.0000000000        1.0000000000       22.5469858734        0.0000000000        0.8869204367        0.1064304524        0.0668276538
       57.5510200000        1.0000000000        1.0000000000       20.0397397364        0.0000000000        0.8869204367        0.1064304524        0.0902863703
       57.6530610000        1.0000000000        1.0000000000       18.3468440519        0.0000000000        0.8869204367        0.1064304524        0.1106236603
       57.7551020000        1.0000000000        1.0000000000       17.1370193922        0.0000000000        0.8869204367        0.1064304524        0.1279082170
       57.8571430000        1.0000000000        1.0000000000       16.2358406385        0.0000000000        0.8869204367        0.1064304524        0.1425160183
       57.9591840000        1.0000000000        1.0000000000       15.5429977167        0.0000000000        0.8869204367        0.1064304524        0.1548714709
       58.0612240000        1.0000000000        1.0000000000       14.9971570459        0.0000000000        0.8869204367        0.1064304524        0.1653552903
       58.1632650000        1.0000000000        1.0000000000       14.5591936270        0.0000000000        0.8869204367        0.1064304524        0.1742780555
       58.2653060000        1.0000000000        1.0000000000       14.2037764293        0.0000000000        0.8869204367        0.1064304524        0.1818718117
       58.3673470000        1.0000000000        1.0000000000       13.9154045853        0.0000000000        0.8869204367        0.1064304524        0.1882755778
       58.4693880000        1.0000000000        1.0000000000       13.6891558160        0.0000000000        0.8869204367        0.1064304524        0.1934572545
       58.5714290000        1.0000000000        1.0000000000       13.5509081539        0.0000000000        0.8869204367        0.1064304524        0.1966934254
       58.6734690000        1.0000000000        1.0000000000       13.6837086068        0.0000000000        0.8869204367        0.1064304524        0.1935837521
       58.7755100000        1.0000000000        1.0000000000       14.8025864769        0.0000000000        0.8869204367        0.1064304524        0.1692615077
       58.8775510000        1.0000000000        1.0000000000       18.0229342330        0.0000000000        0.8869204367        0.1064304524        0.1150081702
       58.9795920000        1.0000000000        1.0000000000       22.3126947453        0.0000000000        0.8869204367        0.1064304524        0.0687331702
       59.0816330000        1.0000000000        1.0000000000       23.3593738650        0.0000000000        0.8869204367        0.1064304524        0.0606203361
       59.1836730000        1.0000000000        1.0000000000       19.7864433411        0.0000000000        0.8869204367        0.1064304524        0.0930728089
       59.2857140000        1.0000000000        1.0000000000       15.6119069468        0.0000000000        0.8869204367        0.1064304524        0.1535961024
       59.3877550000        1.0000000000        1.0000000000       13.4652962204        0.0000000000        0.8869204367        0.1064304524        0.1987245575
       59.4897960000        1.0000000000        1.0000000000       12.7470990479        0.0000000000        0.8869204367        0.1064304524        0.2166110596
       59.5918370000        1.0000000000        1.0000000000       12.4961801986        0.0000000000        0.8869204367        0.1064304524        0.2232324611
       59.6938780000        1.0000000000        1.0000000000       12.3612679175        0.0000000000        0.8869204367        0.1064304524        0.2268758902
       59.7959180000        1.0000000000        1.0000000000       12.2639030085        0.0000000000        0.8869204367        0.1064304524        0.2295422063
       59.8979590000        1.0000000000        1.0000000000       12.1853232371        0.0000000000        0.8869204367        0.1064304524        0.2317169284
       60.0000000000        1.0000000000        1.0000000000       12.1186165492        0.0000000000        0.8869204367        0.1064304524        0.2335792204
