       55.0000000000        1.0000000000        1.0000000000        9.2964352636        0.0000000000        0.8869204367        0.1064304524        0.3277276891
       55.1020410000        1.0000000000        1.0000000000        9.3263241518        0.0000000000        0.8869204367        0.1064304524        0.3265543446
       55.2040820000        1.0000000000        1.0000000000        9.3656149682        0.0000000000        0.8869204367        0.1064304524        0.3250182982
       55.3061220000        1.0000000000        1.0000000000        9.4202302077        0.0000000000        0.8869204367        0.1064304524        0.3228951489
       55.4081630000        1.0000000000        1.0000000000        9.5160689414        0.0000000000        0.8869204367        0.1064304524        0.3192029176
       55.5102040000        1.0000000000        1.0000000000        9.7611948089        0.0000000000        0.8869204367        0.1064304524        0.3099502814
       55.6122450000        1.0000000000        1.0000000000       10.3754615932        0.0000000000        0.8869204367        0.1064304524        0.2879249592
       55.7142860000        1.0000000000        1.0000000000       11.2890472689        0.0000000000        0.8869204367        0.1064304524        0.2580283872
       55.8163270000        1.0000000000        1.0000000000       11.7322176268        0.0000000000        0.8869204367        0.1064304524        0.2446648130
       55.9183670000        1.0000000000        1.0000000000       11.2837152242        0.0000000000        0.8869204367        0.1064304524        0.2581935383
       56.0204080000        1.0000000000        1.0000000000       10.6613129315        0.0000000000        0.8869204367        0.1064304524        0.2782159824
       56.1224490000        1.0000000000        1.0000000000       10.4486072571        0.0000000000        0.8869204367        0.1064304524        0.2854087628
       56.2244900000        1.0000000000        1.0000000000       10.5612870005        0.0000000000        0.8869204367        0.1064304524        0.2815755623
       56.3265310000        1.0000000000        1.0000000000       10.8161519789        0.0000000000        0.8869204367        0.1064304524        0.2730942685
       56.4285710000        1.0000000000        1.0000000000       11.1556034716        0.0000000000        0.8869204367        0.1064304524        0.2621935214
       56.5306120000        1.0000000000        1.0000000000       11.5816287963        0.0000000000        0.8869204367        0.1064304524        0.2491262568
       56.6326530000        1.0000000000        1.0000000000       12.1133294984        0.0000000000        0.8869204367        0.1064304524        0.2337274608
       56.7346940000        1.0000000000        1.0000000000       12.7797481250        0.0000000000        0.8869204367        0.1064304524        0.2157640618
       56.8367350000        1.0000000000        1.0000000000       13.6217512777        0.0000000000        0.8869204367        0.1064304524        0.1950283876
       56.9387760000        1.0000000000        1.0000000000       14.6970136333        0.0000000000        0.8869204367        0.1064304524        0.1714194785
       57.0408160000        1.0000000000        1.0000000000       16.0884062954        0.0000000000        0.8869204367        0.1064304524        0.1450598656
       57.1428570000        1.0000000000        1.0000000000       17.9181072949        0.0000000000        0.8869204367        0.1064304524        0.1164640223
       57.2448980000        1.0000000000        1.0000000000       20.3718093007        0.0000000000        0.8869204367        0.1064304524        0.0867593473
       57.3469390000        1.0000000000        1.0000000000       23.7427737555        0.0000000000        0.8869204367        0.1064304524        0.0578945023
       57.4489800000        1.0000000000        1.0000000000       28.5164418449        0.0000000000        0.8869204367        0.1064304524        0.0326479562
       57.5510200000        1.0000000000        1.0000000000       35.5459903521        0.0000000000        0.8869204367        0.1064304524        0.0140445783
       57.6530610000        1.0000000000        1.0000000000       46.4592663241        0.0000000000        0.8869204367        0.1064304524        0.0037910511
       57.7551020000        1.0000000000        1.0000000000       64.7985606834        0.0000000000        0.8869204367        0.1064304524        0.0004197601
       57.8571430000        1.0000000000        1.0000000000      100.2994851965        0.0000000000        0.8869204367        0.1064304524        0.0000059273
       57.9591840000        1.0000000000        1.0000000000      187.8784722005        0.0000000000        0.8869204367        0.1064304524        0.0000000002
       58.0612240000        1.0000000000        1.0000000000      452.3729872197        0.0000000000        0.8869204367        0.1064304524        0.0000000000
       58.1632650000        1.0000000000        1.0000000000     1173.6425416087        0.0000000000        0.8869204367        0.1064304524        0.0000000000
       58.2653060000        1.0000000000        1.0000000000     2455.9317085884        0.0000000000        0.8869204367        0.1064304524        0.0000000000
       58.3673470000        1.0000000000        1.0000000000     3503.0911637983        0.0000000000        0.8869204367        0.1064304524        0.0000000000
       58.4693880000        1.0000000000        1.0000000000     3220.3855383960        0.0000000000        0.8869204367        0.1064304524        0.0000000000
       58.5714290000        1.0000000000        1.0000000000     1953.9175188627        0.0000000000        0.8869204367        0.1064304524        0.0000000000
       58.6734690000        1.0000000000        1.0000000000      881.8340048816        0.0000000000        0.8869204367        0.1064304524        0.0000000000
       58.7755100000        1.0000000000        1.0000000000      379.7630141042        0.0000000000        0.8869204367        0.1064304524        0.0000000000
       58.8775510000        1.0000000000        1.0000000000      203.0955480930        0.0000000000        0.8869204367        0.1064304524        0.0000000000
       58.9795920000        1.0000000000        1.0000000000      138.8634418763        0.0000000000        0.8869204367        0.1064304524        0.0000000580
       59.0816330000        1.0000000000        1.0000000000      106.6683559609        0.0000000000        0.8869204367        0.1064304524        0.0000027602
       59.1836730000        1.0000000000        1.0000000000       83.5362018452        0.0000000000        0.8869204367        0.1064304524        0.0000443080
       59.2857140000        1.0000000000        1.0000000000       66.3774463463        0.0000000000        0.8869204367        0.1064304524        0.0003473097
       59.3877550000        1.0000000000        1.0000000000       55.0433609570        0.0000000000        0.8869204367        0.1064304524        0.0013533080
       59.4897960000        1.0000000000        1.0000000000       47.6015433011        0.0000000000        0.8869204367        0.1064304524        0.0033054416
       59.5918370000        1.0000000000        1.0000000000       42.2793869828        0.0000000000        0.8869204367        0.1064304524        0.0062603046
       59.6938780000        1.0000000000        1.0000000000       38.2098190522        0.0000000000        0.8869204367        0.1064304524        0.0102019308
       59.7959180000        1.0000000000        1.0000000000       34.9864038841        0.0000000000        0.8869204367        0.1064304524        0.0150200626
       59.8979590000        1.0000000000        1.0000000000       32.3753802563        0.0000000000        0.8869204367        0.1064304524        0.0205468912
       60.0000000000        1.0000000000        1.0000000000       30.2234951773        0.0000000000        0.8869204367        0.1064304524        0.0266006555
