       55.0000000000        1.0000000000        1.0000000000       10.2408420251        0.0000000000        0.8869204367        0.1064304524        0.2926139712
       55.1020410000        1.0000000000        1.0000000000       10.4008270009        0.0000000000        0.8869204367        0.1064304524        0.2870498916
       55.2040820000        1.0000000000        1.0000000000       10.6100272122        0.0000000000        0.8869204367        0.1064304524        0.2799334828
       55.3061220000        1.0000000000        1.0000000000       10.8890454737        0.0000000000        0.8869204367        0.1064304524        0.2707158704
       55.4081630000        1.0000000000        1.0000000000       11.2851685039        0.0000000000        0.8869204367        0.1064304524        0.2581485149
       55.5102040000        1.0000000000        1.0000000000       11.9382365025        0.0000000000        0.8869204367        0.1064304524        0.2386903007
       55.6122450000        1.0000000000        1.0000000000       13.1162901129        0.0000000000        0.8869204367        0.1064304524        0.2072240273
       55.7142860000        1.0000000000        1.0000000000       14.8249722637        0.0000000000        0.8869204367        0.1064304524        0.1688074316
       55.8163270000        1.0000000000        1.0000000000       16.4217038193        0.0000000000        0.8869204367        0.1064304524        0.1393725858
       55.9183670000        1.0000000000        1.0000000000       17.7089717173        0.0000000000        0.8869204367        0.1064304524        0.1194238193
       56.0204080000        1.0000000000        1.0000000000       19.8241070659        0.0000000000        0.8869204367        0.1064304524        0.0926531018
       56.1224490000        1.0000000000        1.0000000000       24.2411061951        0.0000000000        0.8869204367        0.1064304524        0.0545339005
       56.2244900000        1.0000000000        1.0000000000       33.2036004356        0.0000000000        0.8869204367        0.1064304524        0.0186030069
       56.3265310000        1.0000000000        1.0000000000       55.1636639563        0.0000000000        0.8869204367        0.1064304524        0.0013339115
       56.4285710000        1.0000000000        1.0000000000      127.8340845904        0.0000000000        0.8869204367        0.1064304524        0.0000002177
       56.5306120000        1.0000000000        1.0000000000      370.4704018716        0.0000000000        0.8869204367        0.1064304524        0.0000000000
       56.6326530000        1.0000000000        1.0000000000      921.6818091863        0.0000000000        0.8869204367        0.1064304524        0.0000000000
       56.7346940000        1.0000000000        1.0000000000     1543.9011145416        0.0000000000        0.8869204367        0.1064304524        0.0000000000
       56.8367350000        1.0000000000        1.0000000000     1599.3506984275        0.0000000000        0.8869204367        0.1064304524        0.0000000000
       56.9387760000        1.0000000000        1.0000000000     1029.8229598379        0.0000000000        0.8869204367        0.1064304524        0.0000000000
       57.0408160000        1.0000000000        1.0000000000      454.2681532085        0.0000000000        0.8869204367        0.1064304524        0.0000000000
       57.1428570000        1.0000000000        1.0000000000      176.7921308654        0.0000000000        0.8869204367        0.1064304524        0.0000000006
       57.2448980000        1.0000000000        1.0000000000       85.9695920275        0.0000000000        0.8869204367        0.1064304524        0.0000330876
       57.3469390000        1.0000000000        1.0000000000       55.9738017614        0.0000000000        0.8869204367        0.1064304524        0.0012103373
       57.4489800000        1.0000000000        1.0000000000       42.5772250993        0.0000000000        0.8869204367        0.1064304524        0.0060405089
       57.5510200000        1.0000000000        1.0000000000       34.9328115934        0.0000000000        0.8869204367        0.1064304524        0.0151169690
       57.6530610000        1.0000000000        1.0000000000       29.9951254243        0.0000000000        0.8869204367        0.1064304524        0.0273397101
       57.7551020000        1.0000000000        1.0000000000       26.5714025190        0.0000000000        0.8869204367        0.1064304524        0.0412308588
       57.8571430000        1.0000000000        1.0000000000       24.0783819630        0.0000000000        0.8869204367        0.1064304524        0.0556092438
       57.9591840000        1.0000000000        1.0000000000       22.1950276915        0.0000000000        0.8869204367        0.1064304524        0.0697105700
       58.0612240000        1.0000000000        1.0000000000       20.7308427044        0.0000000000        0.8869204367        0.1064304524        0.0831007855
       58.1632650000        1.0000000000        1.0000000000       19.5664491534        0.0000000000        0.8869204367        0.1064304524        0.0955625857
       58.2653060000        1.0000000000        1.0000000000       18.6242708574        0.0000000000        0.8869204367        0.1064304524        0.1070014918
       58.3673470000        1.0000000000        1.0000000000       17.8534057315        0.0000000000        0.8869204367        0.1064304524        0.1173717903
       58.4693880000        1.0000000000        1.0000000000       17.2240767969        0.0000000000        0.8869204367        0.1064304524        0.1265789296
       58.5714290000        1.0000000000        1.0000000000       16.7439906288        0.0000000000        0.8869204367        0.1064304524        0.1340853320
       58.6734690000        1.0000000000        1.0000000000       16.5821608644        0.0000000000        0.8869204367        0.1064304524        0.1367146593
       58.7755100000        1.0000000000        1.0000000000       17.4433739904        0.0000000000        0.8869204367        0.1064304524        0.1232913681
       58.8775510000        1.0000000000        1.0000000000       20.4415867133        0.0000000000        0.8869204367        0.1064304524        0.0860359191
       58.9795920000        1.0000000000        1.0000000000       24.5533545175        0.0000000000        0.8869204367        0.1064304524        0.0525283349
       59.0816330000        1.0000000000        1.0000000000       25.4617534536        0.0000000000        0.8869204367        0.1064304524        0.0471033849
       59.1836730000        1.0000000000        1.0000000000       21.7614292904        0.0000000000        0.8869204367        0.1064304524        0.0734337592
       59.2857140000        1.0000000000        1.0000000000       17.4546600390        0.0000000000        0.8869204367        0.1064304524        0.1231245044
       59.3877550000        1.0000000000        1.0000000000       15.1802569858        0.0000000000        0.8869204367        0.1064304524        0.1617617285
       59.4897960000        1.0000000000        1.0000000000       14.3470189879        0.0000000000        0.8869204367        0.1064304524        0.1787723128
       59.5918370000        1.0000000000        1.0000000000       13.9935875023        0.0000000000        0.8869204367        0.1064304524        0.1865174460
       59.6938780000        1.0000000000        1.0000000000       13.7663206468        0.0000000000        0.8869204367        0.1064304524        0.1916741513
       59.7959180000        1.0000000000        1.0000000000       13.5849723074        0.0000000000        0.8869204367        0.1064304524        0.1958910431
       59.8979590000        1.0000000000        1.0000000000       13.4295399559        0.0000000000        0.8869204367        0.1064304524        0.1995790671
       60.0000000000        1.0000000000        1.0000000000       13.2921720435        0.0000000000        0.8869204367        0.1064304524        0.2028962234
