       55.0000000000        1.0000000000        1.0000000000        8.6712687001        0.0000000000        0.8869204367        0.1064304524        0.3532595426
       55.1020410000        1.0000000000        1.0000000000        8.7161203653        0.0000000000        0.8869204367        0.1064304524        0.3513633366
       55.2040820000        1.0000000000        1.0000000000        8.7730292433        0.0000000000        0.8869204367        0.1064304524        0.3489720279
       55.3061220000        1.0000000000        1.0000000000        8.8483611040        0.0000000000        0.8869204367        0.1064304524        0.3458315983
       55.4081630000        1.0000000000        1.0000000000        8.9685920362        0.0000000000        0.8869204367        0.1064304524        0.3408778611
       55.5102040000        1.0000000000        1.0000000000        9.2424443852        0.0000000000        0.8869204367        0.1064304524        0.3298578990
       55.6122450000        1.0000000000        1.0000000000        9.8898980287        0.0000000000        0.8869204367        0.1064304524        0.3052000660
       55.7142860000        1.0000000000        1.0000000000       10.8401550225        0.0000000000        0.8869204367        0.1064304524        0.2723087891
       55.8163270000        1.0000000000        1.0000000000       11.3239108111        0.0000000000        0.8869204367        0.1064304524        0.2569511481
       55.9183670000        1.0000000000        1.0000000000       10.9240667670        0.0000000000        0.8869204367        0.1064304524        0.2695805593
       56.0204080000        1.0000000000        1.0000000000       10.3617871649        0.0000000000        0.8869204367        0.1064304524        0.2883978121
       56.1224490000        1.0000000000        1.0000000000       10.2209504890        0.0000000000        0.8869204367        0.1064304524        0.2933132705
       56.2244900000        1.0000000000        1.0000000000       10.4178840214        0.0000000000        0.8869204367        0.1064304524        0.2864629466
       56.3265310000        1.0000000000        1.0000000000       10.7717465290        0.0000000000        0.8869204367        0.1064304524        0.2745533775
       56.4285710000        1.0000000000        1.0000000000       11.2282818632        0.0000000000        0.8869204367        0.1064304524        0.2599167677
       56.5306120000        1.0000000000        1.0000000000       11.7936163042        0.0000000000        0.8869204367        0.1064304524        0.2428687861
       56.6326530000        1.0000000000        1.0000000000       12.4920560205        0.0000000000        0.8869204367        0.1064304524        0.2233429665
       56.7346940000        1.0000000000        1.0000000000       13.3593300890        0.0000000000        0.8869204367        0.1064304524        0.2012676609
       56.8367350000        1.0000000000        1.0000000000       14.4450195372        0.0000000000        0.8869204367        0.1064304524        0.1766822523
       56.9387760000        1.0000000000        1.0000000000       15.8183042991        0.0000000000        0.8869204367        0.1064304524        0.1498386072
       57.0408160000        1.0000000000        1.0000000000       17.5774342141        0.0000000000        0.8869204367        0.1064304524        0.1213238205
       57.1428570000        1.0000000000        1.0000000000       19.8654107811        0.0000000000        0.8869204367        0.1064304524        0.0921950079
       57.2448980000        1.0000000000        1.0000000000       22.8963787514        0.0000000000        0.8869204367        0.1064304524        0.0640836864
       57.3469390000        1.0000000000        1.0000000000       27.0026748433        0.0000000000        0.8869204367        0.1064304524        0.0391513262
       57.4489800000        1.0000000000        1.0000000000       32.7228432346        0.0000000000        0.8869204367        0.1064304524        0.0197077920
       57.5510200000        1.0000000000        1.0000000000       40.9783177052        0.0000000000        0.8869204367        0.1064304524        0.0073181470
       57.6530610000        1.0000000000        1.0000000000       53.4643657483        0.0000000000        0.8869204367        0.1064304524        0.0016356355
       57.7551020000        1.0000000000        1.0000000000       73.6572720400        0.0000000000        0.8869204367        0.1064304524        0.0001449861
       57.8571430000        1.0000000000        1.0000000000      110.1183097387        0.0000000000        0.8869204367        0.1064304524        0.0000018245
       57.9591840000        1.0000000000        1.0000000000      189.9012111920        0.0000000000        0.8869204367        0.1064304524        0.0000000001
       58.0612240000        1.0000000000        1.0000000000      408.6941695187        0.0000000000        0.8869204367        0.1064304524        0.0000000000
       58.1632650000        1.0000000000        1.0000000000     1023.1653878283        0.0000000000        0.8869204367        0.1064304524        0.0000000000
       58.2653060000        1.0000000000        1.0000000000     2301.0268844702        0.0000000000        0.8869204367        0.1064304524        0.0000000000
       58.3673470000        1.0000000000        1.0000000000     3760.6647466242        0.0000000000        0.8869204367        0.1064304524        0.0000000000
       58.4693880000        1.0000000000        1.0000000000     4067.2484694601        0.0000000000        0.8869204367        0.1064304524        0.0000000000
       58.5714290000        1.0000000000        1.0000000000     2895.8415362210        0.0000000000        0.8869204367        0.1064304524        0.0000000000
       58.6734690000        1.0000000000        1.0000000000     1467.5648350773        0.0000000000        0.8869204367        0.1064304524        0.0000000000
       58.7755100000        1.0000000000        1.0000000000      641.1471430505        0.0000000000        0.8869204367        0.1064304524        0.0000000000
       58.8775510000        1.0000000000        1.0000000000      316.4819396795        0.0000000000        0.8869204367        0.1064304524        0.0000000000
       58.9795920000        1.0000000000        1.0000000000      198.6732900369        0.0000000000        0.8869204367        0.1064304524        0.0000000000
       59.0816330000        1.0000000000        1.0000000000      144.6231935958        0.0000000000        0.8869204367        0.1064304524        0.0000000290
       59.1836730000        1.0000000000        1.0000000000      110.2799674306        0.0000000000        0.8869204367        0.1064304524        0.0000017895
       59.2857140000        1.0000000000        1.0000000000       86.3718017985        0.0000000000        0.8869204367        0.1064304524        0.0000315286
       59.3877550000        1.0000000000        1.0000000000       70.5982096682        0.0000000000        0.8869204367        0.1064304524        0.0002092910
       59.4897960000        1.0000000000        1.0000000000       60.0852427579        0.0000000000        0.8869204367        0.1064304524        0.0007389878
       59.5918370000        1.0000000000        1.0000000000       52.5578713209        0.0000000000        0.8869204367        0.1064304524        0.0018235966
       59.6938780000        1.0000000000        1.0000000000       46.8592734076        0.0000000000        0.8869204367        0.1064304524        0.0036133758
       59.7959180000        1.0000000000        1.0000000000       42.4104227648        0.0000000000        0.8869204367        0.1064304524        0.0061626356
       59.8979590000        1.0000000000        1.0000000000       38.8718857645        0.0000000000        0.8869204367        0.1064304524        0.0094227689
       60.0000000000        1.0000000000        1.0000000000       36.0251136249        0.0000000000        0.8869204367        0.1064304524        0.0132598629
