       55.0000000000        1.0000000000        1.0000000000        9.6766241828        0.0000000000        0.8869204367        0.1064304524        0.3131118193
       55.1020410000        1.0000000000        1.0000000000        9.6758978851        0.0000000000        0.8869204367        0.1064304524        0.3131391100
       55.2040820000        1.0000000000        1.0000000000        9.6795219092        0.0000000000        0.8869204367        0.1064304524        0.3130029608
       55.3061220000        1.0000000000        1.0000000000        9.6924890323        0.0000000000        0.8869204367        0.1064304524        0.3125162898
       55.4081630000        1.0000000000        1.0000000000        9.7394406194        0.0000000000        0.8869204367        0.1064304524        0.3107604645
       55.5102040000        1.0000000000        1.0000000000        9.9269945055        0.0000000000        0.8869204367        0.1064304524        0.3038444638
       55.6122450000        1.0000000000        1.0000000000       10.4750545338        0.0000000000        0.8869204367        0.1064304524        0.2845044045
       55.7142860000        1.0000000000        1.0000000000       11.3169548286        0.0000000000        0.8869204367        0.1064304524        0.2571657194
       55.8163270000        1.0000000000        1.0000000000       11.6824279493        0.0000000000        0.8869204367        0.1064304524        0.2461310026
       55.9183670000        1.0000000000        1.0000000000       11.1395163713        0.0000000000        0.8869204367        0.1064304524        0.2627001623
       56.0204080000        1.0000000000        1.0000000000       10.3973467651        0.0000000000        0.8869204367        0.1064304524        0.2871697968
       56.1224490000        1.0000000000        1.0000000000       10.0394893108        0.0000000000        0.8869204367        0.1064304524        0.2997703141
       56.2244900000        1.0000000000        1.0000000000        9.9808014516        0.0000000000        0.8869204367        0.1064304524        0.3018889108
       56.3265310000        1.0000000000        1.0000000000       10.0326583545        0.0000000000        0.8869204367        0.1064304524        0.3000161410
       56.4285710000        1.0000000000        1.0000000000       10.1294139040        0.0000000000        0.8869204367        0.1064304524        0.2965528980
       56.5306120000        1.0000000000        1.0000000000       10.2628667071        0.0000000000        0.8869204367        0.1064304524        0.2918416247
       56.6326530000        1.0000000000        1.0000000000       10.4389603647        0.0000000000        0.8869204367        0.1064304524        0.2857393510
       56.7346940000        1.0000000000        1.0000000000       10.6692910589        0.0000000000        0.8869204367        0.1064304524        0.2779497528
       56.8367350000        1.0000000000        1.0000000000       10.9711356906        0.0000000000        0.8869204367        0.1064304524        0.2680621874
       56.9387760000        1.0000000000        1.0000000000       11.3696490784        0.0000000000        0.8869204367        0.1064304524        0.2555447113
       57.0408160000        1.0000000000        1.0000000000       11.9019225116        0.0000000000        0.8869204367        0.1064304524        0.2397327060
       57.1428570000        1.0000000000        1.0000000000       12.6240807394        0.0000000000        0.8869204367        0.1064304524        0.2198324335
       57.2448980000        1.0000000000        1.0000000000       13.6239208459        0.0000000000        0.8869204367        0.1064304524        0.1949776190
       57.3469390000        1.0000000000        1.0000000000       15.0448169454        0.0000000000        0.8869204367        0.1064304524        0.1644122915
       57.4489800000        1.0000000000        1.0000000000       17.1339126978        0.0000000000        0.8869204367        0.1064304524        0.1279559105
       57.5510200000        1.0000000000        1.0000000000       20.3484158167        0.0000000000        0.8869204367        0.1064304524        0.0870032419
       57.6530610000        1.0000000000        1.0000000000       25.6264273900        0.0000000000        0.8869204367        0.1064304524        0.0461817174
       57.7551020000        1.0000000000        1.0000000000       35.3160982035        0.0000000000        0.8869204367        0.1064304524        0.0144374207
       57.8571430000        1.0000000000        1.0000000000       57.7903471725        0.0000000000        0.8869204367        0.1064304524        0.0009732772
       57.9591840000        1.0000000000        1.0000000000      129.5894874775        0.0000000000        0.8869204367        0.1064304524        0.0000001764
       58.0612240000        1.0000000000        1.0000000000      370.7921034863        0.0000000000        0.8869204367        0.1064304524        0.0000000000
       58.1632650000        1.0000000000        1.0000000000      946.0298222744        0.0000000000        0.8869204367        0.1064304524        0.0000000000
       58.2653060000        1.0000000000        1.0000000000     1665.5439074059        0.0000000000        0.8869204367        0.1064304524        0.0000000000
       58.3673470000        1.0000000000        1.0000000000     1848.0079628537        0.0000000000        0.8869204367        0.1064304524        0.0000000000
       58.4693880000        1.0000000000        1.0000000000     1284.6072012885        0.0000000000        0.8869204367        0.1064304524        0.0000000000
       58.5714290000        1.0000000000        1.0000000000      603.6934335678        0.0000000000        0.8869204367        0.1064304524        0.0000000000
       58.6734690000        1.0000000000        1.0000000000      237.1210354174        0.0000000000        0.8869204367        0.1064304524        0.0000000000
       58.7755100000        1.0000000000        1.0000000000      110.5010717467        0.0000000000        0.8869204367        0.1064304524        0.0000017426
       58.8775510000        1.0000000000        1.0000000000       72.3196236179        0.0000000000        0.8869204367        0.1064304524        0.0001702309
       58.9795920000        1.0000000000        1.0000000000       59.2913098510        0.0000000000        0.8869204367        0.1064304524        0.0008128555
       59.0816330000        1.0000000000        1.0000000000       50.9499647468        0.0000000000        0.8869204367        0.1064304524        0.0022116957
       59.1836730000        1.0000000000        1.0000000000       41.4562989152        0.0000000000        0.8869204367        0.1064304524        0.0069102057
       59.2857140000        1.0000000000        1.0000000000       33.1584921746        0.0000000000        0.8869204367        0.1064304524        0.0187039778
       59.3877550000        1.0000000000        1.0000000000       27.9955985267        0.0000000000        0.8869204367        0.1064304524        0.0347536101
       59.4897960000        1.0000000000        1.0000000000       25.0197405895        0.0000000000        0.8869204367        0.1064304524        0.0496692688
       59.5918370000        1.0000000000        1.0000000000       23.0369964046        0.0000000000        0.8869204367        0.1064304524        0.0630114030
       59.6938780000        1.0000000000        1.0000000000       21.5396585354        0.0000000000        0.8869204367        0.1064304524        0.0754142504
       59.7959180000        1.0000000000        1.0000000000       20.3471792359        0.0000000000        0.8869204367        0.1064304524        0.0870161532
       59.8979590000        1.0000000000        1.0000000000       19.3726174094        0.0000000000        0.8869204367        0.1064304524        0.0978114054
       60.0000000000        1.0000000000        1.0000000000       18.5618741663        0.0000000000        0.8869204367        0.1064304524        0.1078056834
