       55.0000000000        1.0000000000        1.0000000000       10.3383022684        0.0000000000        0.8869204367        0.1064304524        0.2892117176
       55.1020410000        1.0000000000        1.0000000000       10.6235272733        0.0000000000        0.8869204367        0.1064304524        0.2794803556
       55.2040820000        1.0000000000        1.0000000000       10.9704908497        0.0000000000        0.8869204367        0.1064304524        0.2680829311
       55.3061220000        1.0000000000        1.0000000000       11.3983964032        0.0000000000        0.8869204367        0.1064304524        0.2546646828
       55.4081630000        1.0000000000        1.0000000000       11.9508227584        0.0000000000        0.8869204367        0.1064304524        0.2383300667
       55.5102040000        1.0000000000        1.0000000000       12.7590848741        0.0000000000        0.8869204367        0.1064304524        0.2162997320
       55.6122450000        1.0000000000        1.0000000000       14.0709142000        0.0000000000        0.8869204367        0.1064304524        0.1847947177
       55.7142860000        1.0000000000        1.0000000000       15.8493227859        0.0000000000        0.8869204367        0.1064304524        0.1492819119
       55.8163270000        1.0000000000        1.0000000000       17.3808194984        0.0000000000        0.8869204367        0.1064304524        0.1242203419
       55.9183670000        1.0000000000        1.0000000000       18.3429490607        0.0000000000        0.8869204367        0.1064304524        0.1106753777
       56.0204080000        1.0000000000        1.0000000000       19.5856528084        0.0000000000        0.8869204367        0.1064304524        0.0953426211
       56.1224490000        1.0000000000        1.0000000000       21.8705138297        0.0000000000        0.8869204367        0.1064304524        0.0724787648
       56.2244900000        1.0000000000        1.0000000000       25.3925486090        0.0000000000        0.8869204367        0.1064304524        0.0474961876
       56.3265310000        1.0000000000        1.0000000000       30.4349269066        0.0000000000        0.8869204367        0.1064304524        0.0259342386
       56.4285710000        1.0000000000        1.0000000000       37.7432915218        0.0000000000        0.8869204367        0.1064304524        0.0107893582
       56.5306120000        1.0000000000        1.0000000000       48.7996210304        0.0000000000        0.8869204367        0.1064304524        0.0028628017
       56.6326530000        1.0000000000        1.0000000000       66.6539693341        0.0000000000        0.8869204367        0.1064304524        0.0003359742
       56.7346940000        1.0000000000        1.0000000000       98.7673761330        0.0000000000        0.8869204367        0.1064304524        0.0000071237
       56.8367350000        1.0000000000        1.0000000000      168.7807257916        0.0000000000        0.8869204367        0.1064304524        0.0000000016
       56.9387760000        1.0000000000        1.0000000000      363.0723531768        0.0000000000        0.8869204367        0.1064304524        0.0000000000
       57.0408160000        1.0000000000        1.0000000000      926.9460645239        0.0000000000        0.8869204367        0.1064304524        0.0000000000
       57.1428570000        1.0000000000        1.0000000000     2145.6932119470        0.0000000000        0.8869204367        0.1064304524        0.0000000000
       57.2448980000        1.0000000000        1.0000000000     3588.9902110364        0.0000000000        0.8869204367        0.1064304524        0.0000000000
       57.3469390000        1.0000000000        1.0000000000     3924.8929642182        0.0000000000        0.8869204367        0.1064304524        0.0000000000
       57.4489800000        1.0000000000        1.0000000000     2787.1459815384        0.0000000000        0.8869204367        0.1064304524        0.0000000000
       57.5510200000        1.0000000000        1.0000000000     1391.4727665665        0.0000000000        0.8869204367        0.1064304524        0.0000000000
       57.6530610000        1.0000000000        1.0000000000      595.2392639584        0.0000000000        0.8869204367        0.1064304524        0.0000000000
       57.7551020000        1.0000000000        1.0000000000      287.5180914618        0.0000000000        0.8869204367        0.1064304524        0.0000000000
       57.8571430000        1.0000000000        1.0000000000      174.7464953233        0.0000000000        0.8869204367        0.1064304524        0.0000000008
       57.9591840000        1.0000000000        1.0000000000      123.8079123022        0.0000000000        0.8869204367        0.1064304524        0.0000003529
       58.0612240000        1.0000000000        1.0000000000       95.2706505813        0.0000000000        0.8869204367        0.1064304524        0.0000108377
       58.1632650000        1.0000000000        1.0000000000       77.1472053947        0.0000000000        0.8869204367        0.1064304524        0.0000953778
       58.2653060000        1.0000000000        1.0000000000       64.7600584705        0.0000000000        0.8869204367        0.1064304524        0.0004217040
       58.3673470000        1.0000000000        1.0000000000       55.8621916441        0.0000000000        0.8869204367        0.1064304524        0.0012266566
       58.4693880000        1.0000000000        1.0000000000       49.2408932766        0.0000000000        0.8869204367        0.1064304524        0.0027151524
       58.5714290000        1.0000000000        1.0000000000       44.2161722428        0.0000000000        0.8869204367        0.1064304524        0.0049620284
       58.6734690000        1.0000000000        1.0000000000       40.5353013758        0.0000000000        0.8869204367        0.1064304524        0.0077177210
       58.7755100000        1.0000000000        1.0000000000       38.6425874338        0.0000000000        0.8869204367        0.1064304524        0.0096856440
       58.8775510000        1.0000000000        1.0000000000       39.5278595126        0.0000000000        0.8869204367        0.1064304524        0.0087094804
       58.9795920000        1.0000000000        1.0000000000       42.1752484991        0.0000000000        0.8869204367        0.1064304524        0.0063390281
       59.0816330000        1.0000000000        1.0000000000       42.3470260144        0.0000000000        0.8869204367        0.1064304524        0.0062096973
       59.1836730000        1.0000000000        1.0000000000       39.0356036478        0.0000000000        0.8869204367        0.1064304524        0.0092394544
       59.2857140000        1.0000000000        1.0000000000       39.0694594122        0.0000000000        0.8869204367        0.1064304524        0.0092019935
       59.3877550000        1.0000000000        1.0000000000       58.6279042810        0.0000000000        0.8869204367        0.1064304524        0.0008802113
       59.4897960000        1.0000000000        1.0000000000      130.5186273612        0.0000000000        0.8869204367        0.1064304524        0.0000001578
       59.5918370000        1.0000000000        1.0000000000      264.2660351828        0.0000000000        0.8869204367        0.1064304524        0.0000000000
       59.6938780000        1.0000000000        1.0000000000      360.7748365137        0.0000000000        0.8869204367        0.1064304524        0.0000000000
       59.7959180000        1.0000000000        1.0000000000      307.5312536106        0.0000000000        0.8869204367        0.1064304524        0.0000000000
       59.8979590000        1.0000000000        1.0000000000      170.9629304767        0.0000000000        0.8869204367        0.1064304524        0.0000000012
       60.0000000000        1.0000000000        1.0000000000       75.5811053611        0.0000000000        0.8869204367        0.1064304524        0.0001150973
