       55.0000000000        1.0000000000        1.0000000000        9.6659381031        0.0000000000        0.8869204367        0.1064304524        0.3135135894
       55.1020410000        1.0000000000        1.0000000000        9.6933929138        0.0000000000        0.8869204367        0.1064304524        0.3124823943
       55.2040820000        1.0000000000        1.0000000000        9.7303747122        0.0000000000        0.8869204367        0.1064304524        0.3110987275
       55.3061220000        1.0000000000        1.0000000000        9.7829700631        0.0000000000        0.8869204367        0.1064304524        0.3091414291
       55.4081630000        1.0000000000        1.0000000000        9.8772631506        0.0000000000        0.8869204367        0.1064304524        0.3056631568
       55.5102040000        1.0000000000        1.0000000000       10.1216245216        0.0000000000        0.8869204367        0.1064304524        0.2968302232
       55.6122450000        1.0000000000        1.0000000000       10.7370584436        0.0000000000        0.8869204367        0.1064304524        0.2756986071
       55.7142860000        1.0000000000        1.0000000000       11.6564479553        0.0000000000        0.8869204367        0.1064304524        0.2468995378
       55.8163270000        1.0000000000        1.0000000000       12.1118149291        0.0000000000        0.8869204367        0.1064304524        0.2337699442
       55.9183670000        1.0000000000        1.0000000000       11.6803434094        0.0000000000        0.8869204367        0.1064304524        0.2461925787
       56.0204080000        1.0000000000        1.0000000000       11.0799775780        0.0000000000        0.8869204367        0.1064304524        0.2645837853
       56.1224490000        1.0000000000        1.0000000000       10.8991881826        0.0000000000        0.8869204367        0.1064304524        0.2703865758
       56.2244900000        1.0000000000        1.0000000000       11.0600586530        0.0000000000        0.8869204367        0.1064304524        0.2652169687
       56.3265310000        1.0000000000        1.0000000000       11.3867718257        0.0000000000        0.8869204367        0.1064304524        0.2550201751
       56.4285710000        1.0000000000        1.0000000000       11.8322274529        0.0000000000        0.8869204367        0.1064304524        0.2417460958
       56.5306120000        1.0000000000        1.0000000000       12.4144282832        0.0000000000        0.8869204367        0.1064304524        0.2254332001
       56.6326530000        1.0000000000        1.0000000000       13.1773079902        0.0000000000        0.8869204367        0.1064304524        0.2057122443
       56.7346940000        1.0000000000        1.0000000000       14.1892654411        0.0000000000        0.8869204367        0.1064304524        0.1821887843
       56.8367350000        1.0000000000        1.0000000000       15.5553780064        0.0000000000        0.8869204367        0.1064304524        0.1546415593
       56.9387760000        1.0000000000        1.0000000000       17.4419309608        0.0000000000        0.8869204367        0.1064304524        0.1233127195
       57.0408160000        1.0000000000        1.0000000000       20.1239311456        0.0000000000        0.8869204367        0.1064304524        0.0893788021
       57.1428570000        1.0000000000        1.0000000000       24.0835925044        0.0000000000        0.8869204367        0.1064304524        0.0555744842
       57.2448980000        1.0000000000        1.0000000000       30.2362581817        0.0000000000        0.8869204367        0.1064304524        0.0265599462
       57.3469390000        1.0000000000        1.0000000000       40.5573818691        0.0000000000        0.8869204367        0.1064304524        0.0076972987
       57.4489800000        1.0000000000        1.0000000000       60.4471036571        0.0000000000        0.8869204367        0.1064304524        0.0007075853
       57.5510200000        1.0000000000        1.0000000000      109.9070505032        0.0000000000        0.8869204367        0.1064304524        0.0000018714
       57.6530610000        1.0000000000        1.0000000000      266.9027138918        0.0000000000        0.8869204367        0.1064304524        0.0000000000
       57.7551020000        1.0000000000        1.0000000000      730.3967896065        0.0000000000        0.8869204367        0.1064304524        0.0000000000
       57.8571430000        1.0000000000        1.0000000000     1629.2752512793        0.0000000000        0.8869204367        0.1064304524        0.0000000000
       57.9591840000        1.0000000000        1.0000000000     2451.9986402347        0.0000000000        0.8869204367        0.1064304524        0.0000000000
       58.0612240000        1.0000000000        1.0000000000     2335.7290405562        0.0000000000        0.8869204367        0.1064304524        0.0000000000
       58.1632650000        1.0000000000        1.0000000000     1433.4492111616        0.0000000000        0.8869204367        0.1064304524        0.0000000000
       58.2653060000        1.0000000000        1.0000000000      634.3072436781        0.0000000000        0.8869204367        0.1064304524        0.0000000000
       58.3673470000        1.0000000000        1.0000000000      260.9637049560        0.0000000000        0.8869204367        0.1064304524        0.0000000000
       58.4693880000        1.0000000000        1.0000000000      133.2761362995        0.0000000000        0.8869204367        0.1064304524        0.0000001133
       58.5714290000        1.0000000000        1.0000000000       87.1747313917        0.0000000000        0.8869204367        0.1064304524        0.0000286325
       58.6734690000        1.0000000000        1.0000000000       65.5540319249        0.0000000000        0.8869204367        0.1064304524        0.0003833800
       58.7755100000        1.0000000000        1.0000000000       53.9900902873        0.0000000000        0.8869204367        0.1064304524        0.0015356357
       58.8775510000        1.0000000000        1.0000000000       48.9694024664        0.0000000000        0.8869204367        0.1064304524        0.0028050658
       58.9795920000        1.0000000000        1.0000000000       47.6258673082        0.0000000000        0.8869204367        0.1064304524        0.0032958075
       59.0816330000        1.0000000000        1.0000000000       44.6888892706        0.0000000000        0.8869204367        0.1064304524        0.0046883868
       59.1836730000        1.0000000000        1.0000000000       38.1119177507        0.0000000000        0.8869204367        0.1064304524        0.0103224914
       59.2857140000        1.0000000000        1.0000000000       31.5218618467        0.0000000000        0.8869204367        0.1064304524        0.0227628964
       59.3877550000        1.0000000000        1.0000000000       27.4093156909        0.0000000000        0.8869204367        0.1064304524        0.0372867262
       59.4897960000        1.0000000000        1.0000000000       25.0990467473        0.0000000000        0.8869204367        0.1064304524        0.0491988215
       59.5918370000        1.0000000000        1.0000000000       23.5469010183        0.0000000000        0.8869204367        0.1064304524        0.0592714154
       59.6938780000        1.0000000000        1.0000000000       22.3317702521        0.0000000000        0.8869204367        0.1064304524        0.0685760157
       59.7959180000        1.0000000000        1.0000000000       21.3250601943        0.0000000000        0.8869204367        0.1064304524        0.0773815249
       59.8979590000        1.0000000000        1.0000000000       20.4720673768        0.0000000000        0.8869204367        0.1064304524        0.0857218021
       60.0000000000        1.0000000000        1.0000000000       19.7393268935        0.0000000000        0.8869204367        0.1064304524        0.0936005306
