       55.0000000000        1.0000000000        1.0000000000       10.6840048019        0.0000000000        0.8869204367        0.1064304524        0.2774594240
       55.1020410000        1.0000000000        1.0000000000       10.9562160289        0.0000000000        0.8869204367        0.1064304524        0.2685425449
       55.2040820000        1.0000000000        1.0000000000       11.3049840285        0.0000000000        0.8869204367        0.1064304524        0.2575354024
       55.3061220000        1.0000000000        1.0000000000       11.7594292826        0.0000000000        0.8869204367        0.1064304524        0.2438671879
       55.4081630000        1.0000000000        1.0000000000       12.3788811832        0.0000000000        0.8869204367        0.1064304524        0.2263968736
       55.5102040000        1.0000000000        1.0000000000       13.3202635337        0.0000000000        0.8869204367        0.1064304524        0.2022134161
       55.6122450000        1.0000000000        1.0000000000       14.8749321952        0.0000000000        0.8869204367        0.1064304524        0.1677984263
       55.7142860000        1.0000000000        1.0000000000       17.0812388337        0.0000000000        0.8869204367        0.1064304524        0.1287672639
       55.8163270000        1.0000000000        1.0000000000       19.3540193086        0.0000000000        0.8869204367        0.1064304524        0.0980299419
       55.9183670000        1.0000000000        1.0000000000       21.5992049320        0.0000000000        0.8869204367        0.1064304524        0.0748772935
       56.0204080000        1.0000000000        1.0000000000       25.1242689113        0.0000000000        0.8869204367        0.1064304524        0.0490501385
       56.1224490000        1.0000000000        1.0000000000       31.6957525713        0.0000000000        0.8869204367        0.1064304524        0.0222928271
       56.2244900000        1.0000000000        1.0000000000       44.0607823595        0.0000000000        0.8869204367        0.1064304524        0.0050554223
       56.3265310000        1.0000000000        1.0000000000       71.4517504496        0.0000000000        0.8869204367        0.1064304524        0.0001889156
       56.4285710000        1.0000000000        1.0000000000      153.5523589652        0.0000000000        0.8869204367        0.1064304524        0.0000000099
       56.5306120000        1.0000000000        1.0000000000      426.5280443779        0.0000000000        0.8869204367        0.1064304524        0.0000000000
       56.6326530000        1.0000000000        1.0000000000     1104.4864619525        0.0000000000        0.8869204367        0.1064304524        0.0000000000
       56.7346940000        1.0000000000        1.0000000000     2019.0728366251        0.0000000000        0.8869204367        0.1064304524        0.0000000000
       56.8367350000        1.0000000000        1.0000000000     2336.9178809073        0.0000000000        0.8869204367        0.1064304524        0.0000000000
       56.9387760000        1.0000000000        1.0000000000     1688.5323633894        0.0000000000        0.8869204367        0.1064304524        0.0000000000
       57.0408160000        1.0000000000        1.0000000000      817.7887291518        0.0000000000        0.8869204367        0.1064304524        0.0000000000
       57.1428570000        1.0000000000        1.0000000000      324.9669337354        0.0000000000        0.8869204367        0.1064304524        0.0000000000
       57.2448980000        1.0000000000        1.0000000000      147.6218111584        0.0000000000        0.8869204367        0.1064304524        0.0000000203
       57.3469390000        1.0000000000        1.0000000000       89.1502382290        0.0000000000        0.8869204367        0.1064304524        0.0000225894
       57.4489800000        1.0000000000        1.0000000000       64.4950502583        0.0000000000        0.8869204367        0.1064304524        0.0004353301
       57.5510200000        1.0000000000        1.0000000000       50.9874657888        0.0000000000        0.8869204367        0.1064304524        0.0022017652
       57.6530610000        1.0000000000        1.0000000000       42.4620323156        0.0000000000        0.8869204367        0.1064304524        0.0061245875
       57.7551020000        1.0000000000        1.0000000000       36.6433670147        0.0000000000        0.8869204367        0.1064304524        0.0123117149
       57.8571430000        1.0000000000        1.0000000000       32.4573326466        0.0000000000        0.8869204367        0.1064304524        0.0203458175
       57.9591840000        1.0000000000        1.0000000000       29.3253581572        0.0000000000        0.8869204367        0.1064304524        0.0296277760
       58.0612240000        1.0000000000        1.0000000000       26.9094391033        0.0000000000        0.8869204367        0.1064304524        0.0395918222
       58.1632650000        1.0000000000        1.0000000000       25.0001021509        0.0000000000        0.8869204367        0.1064304524        0.0497864581
       58.2653060000        1.0000000000        1.0000000000       23.4619399656        0.0000000000        0.8869204367        0.1064304524        0.0598787978
       58.3673470000        1.0000000000        1.0000000000       22.2053395720        0.0000000000        0.8869204367        0.1064304524        0.0696243617
       58.4693880000        1.0000000000        1.0000000000       21.1736521367        0.0000000000        0.8869204367        0.1064304524        0.0788003172
       58.5714290000        1.0000000000        1.0000000000       20.3551858365        0.0000000000        0.8869204367        0.1064304524        0.0869325889
       58.6734690000        1.0000000000        1.0000000000       19.9042278365        0.0000000000        0.8869204367        0.1064304524        0.0917665579
       58.7755100000        1.0000000000        1.0000000000       20.5148190278        0.0000000000        0.8869204367        0.1064304524        0.0852831584
       58.8775510000        1.0000000000        1.0000000000       23.2981952302        0.0000000000        0.8869204367        0.1064304524        0.0610670140
       58.9795920000        1.0000000000        1.0000000000       27.2371952722        0.0000000000        0.8869204367        0.1064304524        0.0380648714
       59.0816330000        1.0000000000        1.0000000000       28.0104057175        0.0000000000        0.8869204367        0.1064304524        0.0346919126
       59.1836730000        1.0000000000        1.0000000000       24.1872789982        0.0000000000        0.8869204367        0.1064304524        0.0548872894
       59.2857140000        1.0000000000        1.0000000000       19.7560526792        0.0000000000        0.8869204367        0.1064304524        0.0934128539
       59.3877550000        1.0000000000        1.0000000000       17.3629743006        0.0000000000        0.8869204367        0.1064304524        0.1244866353
       59.4897960000        1.0000000000        1.0000000000       16.4236322560        0.0000000000        0.8869204367        0.1064304524        0.1393403370
       59.5918370000        1.0000000000        1.0000000000       15.9762488260        0.0000000000        0.8869204367        0.1064304524        0.1470254087
       59.6938780000        1.0000000000        1.0000000000       15.6649611055        0.0000000000        0.8869204367        0.1064304524        0.1526213392
       59.7959180000        1.0000000000        1.0000000000       15.4078289367        0.0000000000        0.8869204367        0.1064304524        0.1574040091
       59.8979590000        1.0000000000        1.0000000000       15.1836501497        0.0000000000        0.8869204367        0.1064304524        0.1616958758
       60.0000000000        1.0000000000        1.0000000000       14.9836539441        0.0000000000        0.8869204367        0.1064304524        0.1656234446
