       55.0000000000        1.0000000000        1.0000000000       10.0356653302        0.0000000000        0.8869204367        0.1064304524        0.2999079035
       55.1020410000        1.0000000000        1.0000000000       10.0536995949        0.0000000000        0.8869204367        0.1064304524        0.2992595711
       55.2040820000        1.0000000000        1.0000000000       10.0799415830        0.0000000000        0.8869204367        0.1064304524        0.2983186734
       55.3061220000        1.0000000000        1.0000000000       10.1203800117        0.0000000000        0.8869204367        0.1064304524        0.2968745555
       55.4081630000        1.0000000000        1.0000000000       10.2009687855        0.0000000000        0.8869204367        0.1064304524        0.2940174222
       55.5102040000        1.0000000000        1.0000000000       10.4300357056        0.0000000000        0.8869204367        0.1064304524        0.2860455301
       55.6122450000        1.0000000000        1.0000000000       11.0295348711        0.0000000000        0.8869204367        0.1064304524        0.2661902010
       55.7142860000        1.0000000000        1.0000000000       11.9351957295        0.0000000000        0.8869204367        0.1064304524        0.2387774130
       55.8163270000        1.0000000000        1.0000000000       12.3806363906        0.0000000000        0.8869204367        0.1064304524        0.2263491938
       55.9183670000        1.0000000000        1.0000000000       11.9404485382        0.0000000000        0.8869204367        0.1064304524        0.2386269501
       56.0204080000        1.0000000000        1.0000000000       11.3322510527        0.0000000000        0.8869204367        0.1064304524        0.2566941126
       56.1224490000        1.0000000000        1.0000000000       11.1504436507        0.0000000000        0.8869204367        0.1064304524        0.2623559163
       56.2244900000        1.0000000000        1.0000000000       11.3257490701        0.0000000000        0.8869204367        0.1064304524        0.2568944732
       56.3265310000        1.0000000000        1.0000000000       11.6939684679        0.0000000000        0.8869204367        0.1064304524        0.2457903810
       56.4285710000        1.0000000000        1.0000000000       12.2272509306        0.0000000000        0.8869204367        0.1064304524        0.2305540136
       56.5306120000        1.0000000000        1.0000000000       12.9777005491        0.0000000000        0.8869204367        0.1064304524        0.2106991345
       56.6326530000        1.0000000000        1.0000000000       14.0516413272        0.0000000000        0.8869204367        0.1064304524        0.1852225953
       56.7346940000        1.0000000000        1.0000000000       15.6369885777        0.0000000000        0.8869204367        0.1064304524        0.1531345045
       56.8367350000        1.0000000000        1.0000000000       18.0829453378        0.0000000000        0.8869204367        0.1064304524        0.1141829331
       56.9387760000        1.0000000000        1.0000000000       22.1057232269        0.0000000000        0.8869204367        0.1064304524        0.0704616431
       57.0408160000        1.0000000000        1.0000000000       29.4927523516        0.0000000000        0.8869204367        0.1064304524        0.0290385715
       57.1428570000        1.0000000000        1.0000000000       46.6618859857        0.0000000000        0.8869204367        0.1064304524        0.0036999857
       57.2448980000        1.0000000000        1.0000000000      102.4291997091        0.0000000000        0.8869204367        0.1064304524        0.0000045906
       57.3469390000        1.0000000000        1.0000000000      294.9753380330        0.0000000000        0.8869204367        0.1064304524        0.0000000000
       57.4489800000        1.0000000000        1.0000000000      765.1229282721        0.0000000000        0.8869204367        0.1064304524        0.0000000000
       57.5510200000        1.0000000000        1.0000000000     1361.9382456975        0.0000000000        0.8869204367        0.1064304524        0.0000000000
       57.6530610000        1.0000000000        1.0000000000     1513.8651957286        0.0000000000        0.8869204367        0.1064304524        0.0000000000
       57.7551020000        1.0000000000        1.0000000000     1044.3146688472        0.0000000000        0.8869204367        0.1064304524        0.0000000000
       57.8571430000        1.0000000000        1.0000000000      483.6922631880        0.0000000000        0.8869204367        0.1064304524        0.0000000000
       57.9591840000        1.0000000000        1.0000000000      187.7301661354        0.0000000000        0.8869204367        0.1064304524        0.0000000002
       58.0612240000        1.0000000000        1.0000000000       87.1378629919        0.0000000000        0.8869204367        0.1064304524        0.0000287595
       58.1632650000        1.0000000000        1.0000000000       55.0334429392        0.0000000000        0.8869204367        0.1064304524        0.0013549196
       58.2653060000        1.0000000000        1.0000000000       41.4860367592        0.0000000000        0.8869204367        0.1064304524        0.0068855903
       58.3673470000        1.0000000000        1.0000000000       33.9917610429        0.0000000000        0.8869204367        0.1064304524        0.0169241899
       58.4693880000        1.0000000000        1.0000000000       29.2383185645        0.0000000000        0.8869204367        0.1064304524        0.0299388525
       58.5714290000        1.0000000000        1.0000000000       26.0281708597        0.0000000000        0.8869204367        0.1064304524        0.0440081470
       58.6734690000        1.0000000000        1.0000000000       23.9627080300        0.0000000000        0.8869204367        0.1064304524        0.0563865309
       58.7755100000        1.0000000000        1.0000000000       23.4429484222        0.0000000000        0.8869204367        0.1064304524        0.0600154163
       58.8775510000        1.0000000000        1.0000000000       25.4123573208        0.0000000000        0.8869204367        0.1064304524        0.0473834210
       58.9795920000        1.0000000000        1.0000000000       28.7523603305        0.0000000000        0.8869204367        0.1064304524        0.0317366460
       59.0816330000        1.0000000000        1.0000000000       29.0765874997        0.0000000000        0.8869204367        0.1064304524        0.0305255726
       59.1836730000        1.0000000000        1.0000000000       24.9115932206        0.0000000000        0.8869204367        0.1064304524        0.0503180617
       59.2857140000        1.0000000000        1.0000000000       20.2165631619        0.0000000000        0.8869204367        0.1064304524        0.0883907830
       59.3877550000        1.0000000000        1.0000000000       17.6178354751        0.0000000000        0.8869204367        0.1064304524        0.1207370478
       59.4897960000        1.0000000000        1.0000000000       16.5169894488        0.0000000000        0.8869204367        0.1064304524        0.1377880376
       59.5918370000        1.0000000000        1.0000000000       15.9419533712        0.0000000000        0.8869204367        0.1064304524        0.1476317318
       59.6938780000        1.0000000000        1.0000000000       15.5292359551        0.0000000000        0.8869204367        0.1064304524        0.1551274387
       59.7959180000        1.0000000000        1.0000000000       15.1911937931        0.0000000000        0.8869204367        0.1064304524        0.1615495689
       59.8979590000        1.0000000000        1.0000000000       14.9023107255        0.0000000000        0.8869204367        0.1064304524        0.1672480420
       60.0000000000        1.0000000000        1.0000000000       14.6505171988        0.0000000000        0.8869204367        0.1064304524        0.1723785991
