       55.0000000000        1.0000000000        1.0000000000       14.3065434168        0.0000000000        0.8869204367        0.1064304524        0.1796427343
       55.1020410000        1.0000000000        1.0000000000       15.1850268721        0.0000000000        0.8869204367        0.1064304524        0.1616691648
       55.2040820000        1.0000000000        1.0000000000       16.2248088236        0.0000000000        0.8869204367        0.1064304524        0.1427048085
       55.3061220000        1.0000000000        1.0000000000       17.4673797006        0.0000000000        0.8869204367        0.1064304524        0.1229367155
       55.4081630000        1.0000000000        1.0000000000       18.9853714108        0.0000000000        0.8869204367        0.1064304524        0.1024639172
       55.5102040000        1.0000000000        1.0000000000       20.9475029386        0.0000000000        0.8869204367        0.1064304524        0.0809680738
       55.6122450000        1.0000000000        1.0000000000       23.6455379331        0.0000000000        0.8869204367        0.1064304524        0.0585739892
       55.7142860000        1.0000000000        1.0000000000       27.0935558251        0.0000000000        0.8869204367        0.1064304524        0.0387266727
       55.8163270000        1.0000000000        1.0000000000       30.6639710812        0.0000000000        0.8869204367        0.1064304524        0.0252311350
       55.9183670000        1.0000000000        1.0000000000       34.1818251798        0.0000000000        0.8869204367        0.1064304524        0.0165425567
       56.0204080000        1.0000000000        1.0000000000       38.6883437389        0.0000000000        0.8869204367        0.1064304524        0.0096326082
       56.1224490000        1.0000000000        1.0000000000       45.1944098036        0.0000000000        0.8869204367        0.1064304524        0.0044124324
       56.2244900000        1.0000000000        1.0000000000       54.2764941013        0.0000000000        0.8869204367        0.1064304524        0.0014837549
       56.3265310000        1.0000000000        1.0000000000       66.8366160795        0.0000000000        0.8869204367        0.1064304524        0.0003286905
       56.4285710000        1.0000000000        1.0000000000       84.6478721839        0.0000000000        0.8869204367        0.1064304524        0.0000387746
       56.5306120000        1.0000000000        1.0000000000      110.9990345335        0.0000000000        0.8869204367        0.1064304524        0.0000016415
       56.6326530000        1.0000000000        1.0000000000      152.3891930772        0.0000000000        0.8869204367        0.1064304524        0.0000000114
       56.7346940000        1.0000000000        1.0000000000      223.6111920331        0.0000000000        0.8869204367        0.1064304524        0.0000000000
       56.8367350000        1.0000000000        1.0000000000      365.3658360795        0.0000000000        0.8869204367        0.1064304524        0.0000000000
       56.9387760000        1.0000000000        1.0000000000      702.7080758406        0.0000000000        0.8869204367        0.1064304524        0.0000000000
       57.0408160000        1.0000000000        1.0000000000     1552.8778596291        0.0000000000        0.8869204367        0.1064304524        0.0000000000
       57.1428570000        1.0000000000        1.0000000000     3286.0169494942        0.0000000000        0.8869204367        0.1064304524        0.0000000000
       57.2448980000        1.0000000000        1.0000000000     5434.4426976283        0.0000000000        0.8869204367        0.1064304524        0.0000000000
       57.3469390000        1.0000000000        1.0000000000     6267.9836318070        0.0000000000        0.8869204367        0.1064304524        0.0000000000
       57.4489800000        1.0000000000        1.0000000000     4932.2300761055        0.0000000000        0.8869204367        0.1064304524        0.0000000000
       57.5510200000        1.0000000000        1.0000000000     2812.3285386736        0.0000000000        0.8869204367        0.1064304524        0.0000000000
       57.6530610000        1.0000000000        1.0000000000     1359.7324061321        0.0000000000        0.8869204367        0.1064304524        0.0000000000
       57.7551020000        1.0000000000        1.0000000000      689.2759784612        0.0000000000        0.8869204367        0.1064304524        0.0000000000
       57.8571430000        1.0000000000        1.0000000000      411.7356092556        0.0000000000        0.8869204367        0.1064304524        0.0000000000
       57.9591840000        1.0000000000        1.0000000000      282.2246086525        0.0000000000        0.8869204367        0.1064304524        0.0000000000
       58.0612240000        1.0000000000        1.0000000000      210.4940313301        0.0000000000        0.8869204367        0.1064304524        0.0000000000
       58.1632650000        1.0000000000        1.0000000000      165.6259918162        0.0000000000        0.8869204367        0.1064304524        0.0000000023
       58.2653060000        1.0000000000        1.0000000000      135.3016830257        0.0000000000        0.8869204367        0.1064304524        0.0000000889
       58.3673470000        1.0000000000        1.0000000000      113.6903837398        0.0000000000        0.8869204367        0.1064304524        0.0000011885
       58.4693880000        1.0000000000        1.0000000000       97.6732537999        0.0000000000        0.8869204367        0.1064304524        0.0000081232
       58.5714290000        1.0000000000        1.0000000000       85.4615032005        0.0000000000        0.8869204367        0.1064304524        0.0000351678
       58.6734690000        1.0000000000        1.0000000000       76.1095126172        0.0000000000        0.8869204367        0.1064304524        0.0001080257
       58.7755100000        1.0000000000        1.0000000000       69.6022408582        0.0000000000        0.8869204367        0.1064304524        0.0002358608
       58.8775510000        1.0000000000        1.0000000000       66.6288264573        0.0000000000        0.8869204367        0.1064304524        0.0003369894
       58.9795920000        1.0000000000        1.0000000000       65.9715056615        0.0000000000        0.8869204367        0.1064304524        0.0003646470
       59.0816330000        1.0000000000        1.0000000000       63.0853816392        0.0000000000        0.8869204367        0.1064304524        0.0005155657
       59.1836730000        1.0000000000        1.0000000000       56.1587394532        0.0000000000        0.8869204367        0.1064304524        0.0011837727
       59.2857140000        1.0000000000        1.0000000000       48.9372875655        0.0000000000        0.8869204367        0.1064304524        0.0028158967
       59.3877550000        1.0000000000        1.0000000000       44.0667467504        0.0000000000        0.8869204367        0.1064304524        0.0050518053
       59.4897960000        1.0000000000        1.0000000000       40.9790046521        0.0000000000        0.8869204367        0.1064304524        0.0073175438
       59.5918370000        1.0000000000        1.0000000000       38.6693875691        0.0000000000        0.8869204367        0.1064304524        0.0096545448
       59.6938780000        1.0000000000        1.0000000000       36.7292507885        0.0000000000        0.8869204367        0.1064304524        0.0121854813
       59.7959180000        1.0000000000        1.0000000000       35.0355122420        0.0000000000        0.8869204367        0.1064304524        0.0149318096
       59.8979590000        1.0000000000        1.0000000000       33.5357986951        0.0000000000        0.8869204367        0.1064304524        0.0178760072
       60.0000000000        1.0000000000        1.0000000000       32.1968821459        0.0000000000        0.8869204367        0.1064304524        0.0209917483
