       55.0000000000        1.0000000000        1.0000000000       10.7692197716        0.0000000000        0.8869204367        0.1064304524        0.2746366377
       55.1020410000        1.0000000000        1.0000000000       11.0537873722        0.0000000000        0.8869204367        0.1064304524        0.2654166338
       55.2040820000        1.0000000000        1.0000000000       11.4224199693        0.0000000000        0.8869204367        0.1064304524        0.2539315856
       55.3061220000        1.0000000000        1.0000000000       11.9084761037        0.0000000000        0.8869204367        0.1064304524        0.2395442468
       55.4081630000        1.0000000000        1.0000000000       12.5782281839        0.0000000000        0.8869204367        0.1064304524        0.2210453528
       55.5102040000        1.0000000000        1.0000000000       13.6002988536        0.0000000000        0.8869204367        0.1064304524        0.1955310942
       55.6122450000        1.0000000000        1.0000000000       15.2865031569        0.0000000000        0.8869204367        0.1064304524        0.1597124323
       55.7142860000        1.0000000000        1.0000000000       17.7123994637        0.0000000000        0.8869204367        0.1064304524        0.1193747069
       55.8163270000        1.0000000000        1.0000000000       20.3647611399        0.0000000000        0.8869204367        0.1064304524        0.0868327576
       55.9183670000        1.0000000000        1.0000000000       23.2983249773        0.0000000000        0.8869204367        0.1064304524        0.0610660632
       56.0204080000        1.0000000000        1.0000000000       28.1675062763        0.0000000000        0.8869204367        0.1064304524        0.0340440245
       56.1224490000        1.0000000000        1.0000000000       37.7462745836        0.0000000000        0.8869204367        0.1064304524        0.0107854967
       56.2244900000        1.0000000000        1.0000000000       58.9113793754        0.0000000000        0.8869204367        0.1064304524        0.0008507727
       56.3265310000        1.0000000000        1.0000000000      121.0294608803        0.0000000000        0.8869204367        0.1064304524        0.0000004926
       56.4285710000        1.0000000000        1.0000000000      332.9091673666        0.0000000000        0.8869204367        0.1064304524        0.0000000000
       56.5306120000        1.0000000000        1.0000000000      897.0903177102        0.0000000000        0.8869204367        0.1064304524        0.0000000000
       56.6326530000        1.0000000000        1.0000000000     1743.4740895293        0.0000000000        0.8869204367        0.1064304524        0.0000000000
       56.7346940000        1.0000000000        1.0000000000     2151.7690826141        0.0000000000        0.8869204367        0.1064304524        0.0000000000
       56.8367350000        1.0000000000        1.0000000000     1645.6241750787        0.0000000000        0.8869204367        0.1064304524        0.0000000000
       56.9387760000        1.0000000000        1.0000000000      826.8688103932        0.0000000000        0.8869204367        0.1064304524        0.0000000000
       57.0408160000        1.0000000000        1.0000000000      327.7650197643        0.0000000000        0.8869204367        0.1064304524        0.0000000000
       57.1428570000        1.0000000000        1.0000000000      143.3112116785        0.0000000000        0.8869204367        0.1064304524        0.0000000340
       57.2448980000        1.0000000000        1.0000000000       84.0973023849        0.0000000000        0.8869204367        0.1064304524        0.0000414229
       57.3469390000        1.0000000000        1.0000000000       60.2696665850        0.0000000000        0.8869204367        0.1064304524        0.0007228130
       57.4489800000        1.0000000000        1.0000000000       47.5544183147        0.0000000000        0.8869204367        0.1064304524        0.0033241868
       57.5510200000        1.0000000000        1.0000000000       39.6283339076        0.0000000000        0.8869204367        0.1064304524        0.0086051014
       57.6530610000        1.0000000000        1.0000000000       34.2594401276        0.0000000000        0.8869204367        0.1064304524        0.0163891981
       57.7551020000        1.0000000000        1.0000000000       30.4174404483        0.0000000000        0.8869204367        0.1064304524        0.0259887155
       57.8571430000        1.0000000000        1.0000000000       27.5540886294        0.0000000000        0.8869204367        0.1064304524        0.0366445474
       57.9591840000        1.0000000000        1.0000000000       25.3517722156        0.0000000000        0.8869204367        0.1064304524        0.0477291639
       58.0612240000        1.0000000000        1.0000000000       23.6148605109        0.0000000000        0.8869204367        0.1064304524        0.0587900144
       58.1632650000        1.0000000000        1.0000000000       22.2170863086        0.0000000000        0.8869204367        0.1064304524        0.0695262877
       58.2653060000        1.0000000000        1.0000000000       21.0743415739        0.0000000000        0.8869204367        0.1064304524        0.0797450196
       58.3673470000        1.0000000000        1.0000000000       20.1300848043        0.0000000000        0.8869204367        0.1064304524        0.0893128257
       58.4693880000        1.0000000000        1.0000000000       19.3498076315        0.0000000000        0.8869204367        0.1064304524        0.0980794989
       58.5714290000        1.0000000000        1.0000000000       18.7371920921        0.0000000000        0.8869204367        0.1064304524        0.1055613423
       58.6734690000        1.0000000000        1.0000000000       18.4576482299        0.0000000000        0.8869204367        0.1064304524        0.1091624884
       58.7755100000        1.0000000000        1.0000000000       19.2131906553        0.0000000000        0.8869204367        0.1064304524        0.0997006703
       58.8775510000        1.0000000000        1.0000000000       22.1187148087        0.0000000000        0.8869204367        0.1064304524        0.0703518797
       58.9795920000        1.0000000000        1.0000000000       26.1563086765        0.0000000000        0.8869204367        0.1064304524        0.0433366301
       59.0816330000        1.0000000000        1.0000000000       27.0077613327        0.0000000000        0.8869204367        0.1064304524        0.0391274364
       59.1836730000        1.0000000000        1.0000000000       23.2539182931        0.0000000000        0.8869204367        0.1064304524        0.0613923407
       59.2857140000        1.0000000000        1.0000000000       18.8895968010        0.0000000000        0.8869204367        0.1064304524        0.1036483234
       59.3877550000        1.0000000000        1.0000000000       16.5585952413        0.0000000000        0.8869204367        0.1064304524        0.1371018184
       59.4897960000        1.0000000000        1.0000000000       15.6741676771        0.0000000000        0.8869204367        0.1064304524        0.1524528180
       59.5918370000        1.0000000000        1.0000000000       15.2750709179        0.0000000000        0.8869204367        0.1064304524        0.1599316872
       59.6938780000        1.0000000000        1.0000000000       15.0066457021        0.0000000000        0.8869204367        0.1064304524        0.1651671175
       59.7959180000        1.0000000000        1.0000000000       14.7878814603        0.0000000000        0.8869204367        0.1064304524        0.1695604506
       59.8979590000        1.0000000000        1.0000000000       14.5982571725        0.0000000000        0.8869204367        0.1064304524        0.1734630170
       60.0000000000        1.0000000000        1.0000000000       14.4295321580        0.0000000000        0.8869204367        0.1064304524        0.1770109190
