       55.0000000000        1.0000000000        1.0000000000        9.9236401506        0.0000000000        0.8869204367        0.1064304524        0.3039667927
       55.1020410000        1.0000000000        1.0000000000        9.9579974084        0.0000000000        0.8869204367        0.1064304524        0.3027161567
       55.2040820000        1.0000000000        1.0000000000       10.0039604245        0.0000000000        0.8869204367        0.1064304524        0.3010511031
       55.3061220000        1.0000000000        1.0000000000       10.0683053368        0.0000000000        0.8869204367        0.1064304524        0.2987355215
       55.4081630000        1.0000000000        1.0000000000       10.1780338209        0.0000000000        0.8869204367        0.1064304524        0.2948277302
       55.5102040000        1.0000000000        1.0000000000       10.4427878585        0.0000000000        0.8869204367        0.1064304524        0.2856081413
       55.6122450000        1.0000000000        1.0000000000       11.0856118268        0.0000000000        0.8869204367        0.1064304524        0.2644049580
       55.7142860000        1.0000000000        1.0000000000       12.0426647275        0.0000000000        0.8869204367        0.1064304524        0.2357178436
       55.8163270000        1.0000000000        1.0000000000       12.5498111298        0.0000000000        0.8869204367        0.1064304524        0.2218004144
       55.9183670000        1.0000000000        1.0000000000       12.1881186223        0.0000000000        0.8869204367        0.1064304524        0.2316392129
       56.0204080000        1.0000000000        1.0000000000       11.6821964865        0.0000000000        0.8869204367        0.1064304524        0.2461378391
       56.1224490000        1.0000000000        1.0000000000       11.6323901976        0.0000000000        0.8869204367        0.1064304524        0.2476133496
       56.2244900000        1.0000000000        1.0000000000       11.9784035251        0.0000000000        0.8869204367        0.1064304524        0.2375425715
       56.3265310000        1.0000000000        1.0000000000       12.5710995946        0.0000000000        0.8869204367        0.1064304524        0.2212345227
       56.4285710000        1.0000000000        1.0000000000       13.4060562635        0.0000000000        0.8869204367        0.1064304524        0.2001422827
       56.5306120000        1.0000000000        1.0000000000       14.5724972220        0.0000000000        0.8869204367        0.1064304524        0.1740000545
       56.6326530000        1.0000000000        1.0000000000       16.2385293217        0.0000000000        0.8869204367        0.1064304524        0.1424700440
       56.7346940000        1.0000000000        1.0000000000       18.7016058038        0.0000000000        0.8869204367        0.1064304524        0.1060130906
       56.8367350000        1.0000000000        1.0000000000       22.5227999536        0.0000000000        0.8869204367        0.1064304524        0.0670218901
       56.9387760000        1.0000000000        1.0000000000       28.8939976113        0.0000000000        0.8869204367        0.1064304524        0.0312017931
       57.0408160000        1.0000000000        1.0000000000       40.9887696276        0.0000000000        0.8869204367        0.1064304524        0.0073089741
       57.1428570000        1.0000000000        1.0000000000       70.5654491031        0.0000000000        0.8869204367        0.1064304524        0.0002101153
       57.2448980000        1.0000000000        1.0000000000      166.8362405654        0.0000000000        0.8869204367        0.1064304524        0.0000000020
       57.3469390000        1.0000000000        1.0000000000      473.3588367336        0.0000000000        0.8869204367        0.1064304524        0.0000000000
       57.4489800000        1.0000000000        1.0000000000     1130.4188636274        0.0000000000        0.8869204367        0.1064304524        0.0000000000
       57.5510200000        1.0000000000        1.0000000000     1823.1504575918        0.0000000000        0.8869204367        0.1064304524        0.0000000000
       57.6530610000        1.0000000000        1.0000000000     1839.2238730283        0.0000000000        0.8869204367        0.1064304524        0.0000000000
       57.7551020000        1.0000000000        1.0000000000     1170.8621872601        0.0000000000        0.8869204367        0.1064304524        0.0000000000
       57.8571430000        1.0000000000        1.0000000000      519.9965152373        0.0000000000        0.8869204367        0.1064304524        0.0000000000
       57.9591840000        1.0000000000        1.0000000000      206.7239938130        0.0000000000        0.8869204367        0.1064304524        0.0000000000
       58.0612240000        1.0000000000        1.0000000000      101.9184671042        0.0000000000        0.8869204367        0.1064304524        0.0000048807
       58.1632650000        1.0000000000        1.0000000000       66.1955082789        0.0000000000        0.8869204367        0.1064304524        0.0003549758
       58.2653060000        1.0000000000        1.0000000000       49.9611133398        0.0000000000        0.8869204367        0.1064304524        0.0024903461
       58.3673470000        1.0000000000        1.0000000000       40.6534461845        0.0000000000        0.8869204367        0.1064304524        0.0076090759
       58.4693880000        1.0000000000        1.0000000000       34.6455387767        0.0000000000        0.8869204367        0.1064304524        0.0156471787
       58.5714290000        1.0000000000        1.0000000000       30.5297879289        0.0000000000        0.8869204367        0.1064304524        0.0256406947
       58.6734690000        1.0000000000        1.0000000000       27.7853019827        0.0000000000        0.8869204367        0.1064304524        0.0356417977
       58.7755100000        1.0000000000        1.0000000000       26.7399404516        0.0000000000        0.8869204367        0.1064304524        0.0404053590
       58.8775510000        1.0000000000        1.0000000000       28.2957639125        0.0000000000        0.8869204367        0.1064304524        0.0335240674
       58.9795920000        1.0000000000        1.0000000000       31.3147743006        0.0000000000        0.8869204367        0.1064304524        0.0233356530
       59.0816330000        1.0000000000        1.0000000000       31.3905619174        0.0000000000        0.8869204367        0.1064304524        0.0231243887
       59.1836730000        1.0000000000        1.0000000000       27.0174493084        0.0000000000        0.8869204367        0.1064304524        0.0390819749
       59.2857140000        1.0000000000        1.0000000000       22.1350082481        0.0000000000        0.8869204367        0.1064304524        0.0702144612
       59.3877550000        1.0000000000        1.0000000000       19.3703465405        0.0000000000        0.8869204367        0.1064304524        0.0978380631
       59.4897960000        1.0000000000        1.0000000000       18.1269017429        0.0000000000        0.8869204367        0.1064304524        0.1135822302
       59.5918370000        1.0000000000        1.0000000000       17.4294067646        0.0000000000        0.8869204367        0.1064304524        0.1234981859
       59.6938780000        1.0000000000        1.0000000000       16.9103621748        0.0000000000        0.8869204367        0.1064304524        0.1314349192
       59.7959180000        1.0000000000        1.0000000000       16.4790754480        0.0000000000        0.8869204367        0.1064304524        0.1384163574
       59.8979590000        1.0000000000        1.0000000000       16.1077777447        0.0000000000        0.8869204367        0.1064304524        0.1447230549
       60.0000000000        1.0000000000        1.0000000000       15.7826655107        0.0000000000        0.8869204367        0.1064304524        0.1504807874
