       55.0000000000        1.0000000000        1.0000000000       12.4092860752        0.0000000000        0.8869204367        0.1064304524        0.2255723500
       55.1020410000        1.0000000000        1.0000000000       12.9628911196        0.0000000000        0.8869204367        0.1064304524        0.2110739075
       55.2040820000        1.0000000000        1.0000000000       13.6086100643        0.0000000000        0.8869204367        0.1064304524        0.1953361794
       55.3061220000        1.0000000000        1.0000000000       14.3692961564        0.0000000000        0.8869204367        0.1064304524        0.1782950461
       55.4081630000        1.0000000000        1.0000000000       15.2925771767        0.0000000000        0.8869204367        0.1064304524        0.1595960632
       55.5102040000        1.0000000000        1.0000000000       16.5135841144        0.0000000000        0.8869204367        0.1064304524        0.1378443549
       55.6122450000        1.0000000000        1.0000000000       18.2800914284        0.0000000000        0.8869204367        0.1064304524        0.1115133492
       55.7142860000        1.0000000000        1.0000000000       20.5478678848        0.0000000000        0.8869204367        0.1064304524        0.0849456069
       55.8163270000        1.0000000000        1.0000000000       22.5993034126        0.0000000000        0.8869204367        0.1064304524        0.0664094170
       55.9183670000        1.0000000000        1.0000000000       24.1181624823        0.0000000000        0.8869204367        0.1064304524        0.0553444167
       56.0204080000        1.0000000000        1.0000000000       25.9426525135        0.0000000000        0.8869204367        0.1064304524        0.0444620927
       56.1224490000        1.0000000000        1.0000000000       28.7819215449        0.0000000000        0.8869204367        0.1064304524        0.0316242646
       56.2244900000        1.0000000000        1.0000000000       32.7322991104        0.0000000000        0.8869204367        0.1064304524        0.0196854422
       56.3265310000        1.0000000000        1.0000000000       37.8890572492        0.0000000000        0.8869204367        0.1064304524        0.0106022730
       56.4285710000        1.0000000000        1.0000000000       44.6101739808        0.0000000000        0.8869204367        0.1064304524        0.0047328824
       56.5306120000        1.0000000000        1.0000000000       53.5311646366        0.0000000000        0.8869204367        0.1064304524        0.0016225768
       56.6326530000        1.0000000000        1.0000000000       65.6760450807        0.0000000000        0.8869204367        0.1064304524        0.0003778076
       56.7346940000        1.0000000000        1.0000000000       82.7490081624        0.0000000000        0.8869204367        0.1064304524        0.0000486976
       56.8367350000        1.0000000000        1.0000000000      107.7616316632        0.0000000000        0.8869204367        0.1064304524        0.0000024208
       56.9387760000        1.0000000000        1.0000000000      146.5005603323        0.0000000000        0.8869204367        0.1064304524        0.0000000232
       57.0408160000        1.0000000000        1.0000000000      211.6175193983        0.0000000000        0.8869204367        0.1064304524        0.0000000000
       57.1428570000        1.0000000000        1.0000000000      336.6561123932        0.0000000000        0.8869204367        0.1064304524        0.0000000000
       57.2448980000        1.0000000000        1.0000000000      624.5745697785        0.0000000000        0.8869204367        0.1064304524        0.0000000000
       57.3469390000        1.0000000000        1.0000000000     1353.2844588820        0.0000000000        0.8869204367        0.1064304524        0.0000000000
       57.4489800000        1.0000000000        1.0000000000     2926.8259108630        0.0000000000        0.8869204367        0.1064304524        0.0000000000
       57.5510200000        1.0000000000        1.0000000000     5108.1741584524        0.0000000000        0.8869204367        0.1064304524        0.0000000000
       57.6530610000        1.0000000000        1.0000000000     6325.7242084816        0.0000000000        0.8869204367        0.1064304524        0.0000000000
       57.7551020000        1.0000000000        1.0000000000     5352.9625077290        0.0000000000        0.8869204367        0.1064304524        0.0000000000
       57.8571430000        1.0000000000        1.0000000000     3232.2862199709        0.0000000000        0.8869204367        0.1064304524        0.0000000000
       57.9591840000        1.0000000000        1.0000000000     1595.9110649006        0.0000000000        0.8869204367        0.1064304524        0.0000000000
       58.0612240000        1.0000000000        1.0000000000      792.9815384640        0.0000000000        0.8869204367        0.1064304524        0.0000000000
       58.1632650000        1.0000000000        1.0000000000      458.9406831197        0.0000000000        0.8869204367        0.1064304524        0.0000000000
       58.2653060000        1.0000000000        1.0000000000      307.7326659138        0.0000000000        0.8869204367        0.1064304524        0.0000000000
       58.3673470000        1.0000000000        1.0000000000      226.4184515555        0.0000000000        0.8869204367        0.1064304524        0.0000000000
       58.4693880000        1.0000000000        1.0000000000      176.5198159902        0.0000000000        0.8869204367        0.1064304524        0.0000000006
       58.5714290000        1.0000000000        1.0000000000      143.2512588759        0.0000000000        0.8869204367        0.1064304524        0.0000000342
       58.6734690000        1.0000000000        1.0000000000      119.9751831436        0.0000000000        0.8869204367        0.1064304524        0.0000005591
       58.7755100000        1.0000000000        1.0000000000      103.8217938959        0.0000000000        0.8869204367        0.1064304524        0.0000038841
       58.8775510000        1.0000000000        1.0000000000       93.9300404066        0.0000000000        0.8869204367        0.1064304524        0.0000127293
       58.9795920000        1.0000000000        1.0000000000       88.2086225731        0.0000000000        0.8869204367        0.1064304524        0.0000252917
       59.0816330000        1.0000000000        1.0000000000       81.5505661136        0.0000000000        0.8869204367        0.1064304524        0.0000562296
       59.1836730000        1.0000000000        1.0000000000       71.7125331605        0.0000000000        0.8869204367        0.1064304524        0.0001830953
       59.2857140000        1.0000000000        1.0000000000       62.1581787090        0.0000000000        0.8869204367        0.1064304524        0.0005762428
       59.3877550000        1.0000000000        1.0000000000       55.3977155156        0.0000000000        0.8869204367        0.1064304524        0.0012969682
       59.4897960000        1.0000000000        1.0000000000       50.7777982721        0.0000000000        0.8869204367        0.1064304524        0.0022578646
       59.5918370000        1.0000000000        1.0000000000       47.2161504004        0.0000000000        0.8869204367        0.1064304524        0.0034618988
       59.6938780000        1.0000000000        1.0000000000       44.2411298642        0.0000000000        0.8869204367        0.1064304524        0.0049471898
       59.7959180000        1.0000000000        1.0000000000       41.6828690492        0.0000000000        0.8869204367        0.1064304524        0.0067248592
       59.8979590000        1.0000000000        1.0000000000       39.4542348761        0.0000000000        0.8869204367        0.1064304524        0.0087867692
       60.0000000000        1.0000000000        1.0000000000       37.4956838997        0.0000000000        0.8869204367        0.1064304524        0.0111147517
