       55.0000000000        1.0000000000        1.0000000000        9.7832336521        0.0000000000        0.8869204367        0.1064304524        0.3091316509
       55.1020410000        1.0000000000        1.0000000000        9.8568249615        0.0000000000        0.8869204367        0.1064304524        0.3064137410
       55.2040820000        1.0000000000        1.0000000000        9.9497265732        0.0000000000        0.8869204367        0.1064304524        0.3030167517
       55.3061220000        1.0000000000        1.0000000000       10.0704692646        0.0000000000        0.8869204367        0.1064304524        0.2986579585
       55.4081630000        1.0000000000        1.0000000000       10.2483761099        0.0000000000        0.8869204367        0.1064304524        0.2923495414
       55.5102040000        1.0000000000        1.0000000000       10.5960049197        0.0000000000        0.8869204367        0.1064304524        0.2804049164
       55.6122450000        1.0000000000        1.0000000000       11.3389717087        0.0000000000        0.8869204367        0.1064304524        0.2564871777
       55.7142860000        1.0000000000        1.0000000000       12.4148522844        0.0000000000        0.8869204367        0.1064304524        0.2254217303
       55.8163270000        1.0000000000        1.0000000000       13.0647215663        0.0000000000        0.8869204367        0.1064304524        0.2085103522
       55.9183670000        1.0000000000        1.0000000000       12.8834366448        0.0000000000        0.8869204367        0.1064304524        0.2130960241
       56.0204080000        1.0000000000        1.0000000000       12.6107833541        0.0000000000        0.8869204367        0.1064304524        0.2201834971
       56.1224490000        1.0000000000        1.0000000000       12.8608691177        0.0000000000        0.8869204367        0.1064304524        0.2136738923
       56.2244900000        1.0000000000        1.0000000000       13.5940970952        0.0000000000        0.8869204367        0.1064304524        0.1956766648
       56.3265310000        1.0000000000        1.0000000000       14.6955644708        0.0000000000        0.8869204367        0.1064304524        0.1714492908
       56.4285710000        1.0000000000        1.0000000000       16.2141842891        0.0000000000        0.8869204367        0.1064304524        0.1428868651
       56.5306120000        1.0000000000        1.0000000000       18.3241771524        0.0000000000        0.8869204367        0.1064304524        0.1109249693
       56.6326530000        1.0000000000        1.0000000000       21.3361794441        0.0000000000        0.8869204367        0.1064304524        0.0772783428
       56.7346940000        1.0000000000        1.0000000000       25.8027862970        0.0000000000        0.8869204367        0.1064304524        0.0452146398
       56.8367350000        1.0000000000        1.0000000000       32.7840691834        0.0000000000        0.8869204367        0.1064304524        0.0195635272
       56.9387760000        1.0000000000        1.0000000000       44.6031235693        0.0000000000        0.8869204367        0.1064304524        0.0047368883
       57.0408160000        1.0000000000        1.0000000000       67.7852762476        0.0000000000        0.8869204367        0.1064304524        0.0002933239
       57.1428570000        1.0000000000        1.0000000000      127.0366054640        0.0000000000        0.8869204367        0.1064304524        0.0000002396
       57.2448980000        1.0000000000        1.0000000000      316.8138377831        0.0000000000        0.8869204367        0.1064304524        0.0000000000
       57.3469390000        1.0000000000        1.0000000000      861.1659516995        0.0000000000        0.8869204367        0.1064304524        0.0000000000
       57.4489800000        1.0000000000        1.0000000000     1854.5475976105        0.0000000000        0.8869204367        0.1064304524        0.0000000000
       57.5510200000        1.0000000000        1.0000000000     2659.9107132787        0.0000000000        0.8869204367        0.1064304524        0.0000000000
       57.6530610000        1.0000000000        1.0000000000     2406.5750424760        0.0000000000        0.8869204367        0.1064304524        0.0000000000
       57.7551020000        1.0000000000        1.0000000000     1410.5051315694        0.0000000000        0.8869204367        0.1064304524        0.0000000000
       57.8571430000        1.0000000000        1.0000000000      608.8064593003        0.0000000000        0.8869204367        0.1064304524        0.0000000000
       57.9591840000        1.0000000000        1.0000000000      253.8324022554        0.0000000000        0.8869204367        0.1064304524        0.0000000000
       58.0612240000        1.0000000000        1.0000000000      133.8339807444        0.0000000000        0.8869204367        0.1064304524        0.0000001060
       58.1632650000        1.0000000000        1.0000000000       89.1155641843        0.0000000000        0.8869204367        0.1064304524        0.0000226836
       58.2653060000        1.0000000000        1.0000000000       67.1941775366        0.0000000000        0.8869204367        0.1064304524        0.0003148856
       58.3673470000        1.0000000000        1.0000000000       54.1764736096        0.0000000000        0.8869204367        0.1064304524        0.0015016709
       58.4693880000        1.0000000000        1.0000000000       45.6171951888        0.0000000000        0.8869204367        0.1064304524        0.0041941549
       58.5714290000        1.0000000000        1.0000000000       39.6617523986        0.0000000000        0.8869204367        0.1064304524        0.0085706621
       58.6734690000        1.0000000000        1.0000000000       35.5381526000        0.0000000000        0.8869204367        0.1064304524        0.0140577939
       58.7755100000        1.0000000000        1.0000000000       33.4252665631        0.0000000000        0.8869204367        0.1064304524        0.0181146915
       58.8775510000        1.0000000000        1.0000000000       34.1406890369        0.0000000000        0.8869204367        0.1064304524        0.0166244183
       58.9795920000        1.0000000000        1.0000000000       36.5062280124        0.0000000000        0.8869204367        0.1064304524        0.0125160011
       59.0816330000        1.0000000000        1.0000000000       36.0749775185        0.0000000000        0.8869204367        0.1064304524        0.0131807572
       59.1836730000        1.0000000000        1.0000000000       31.2773968006        0.0000000000        0.8869204367        0.1064304524        0.0234405555
       59.2857140000        1.0000000000        1.0000000000       26.0138741507        0.0000000000        0.8869204367        0.1064304524        0.0440837124
       59.3877550000        1.0000000000        1.0000000000       22.9123001339        0.0000000000        0.8869204367        0.1064304524        0.0639613672
       59.4897960000        1.0000000000        1.0000000000       21.3792936722        0.0000000000        0.8869204367        0.1064304524        0.0768795598
       59.5918370000        1.0000000000        1.0000000000       20.4330453061        0.0000000000        0.8869204367        0.1064304524        0.0861241485
       59.6938780000        1.0000000000        1.0000000000       19.6979844788        0.0000000000        0.8869204367        0.1064304524        0.0940660450
       59.7959180000        1.0000000000        1.0000000000       19.0772630924        0.0000000000        0.8869204367        0.1064304524        0.1013402541
       59.8979590000        1.0000000000        1.0000000000       18.5385496526        0.0000000000        0.8869204367        0.1064304524        0.1081078479
       60.0000000000        1.0000000000        1.0000000000       18.0645218744        0.0000000000        0.8869204367        0.1064304524        0.1144356497
