       55.0000000000        1.0000000000        1.0000000000        9.9929178530        0.0000000000        0.8869204367        0.1064304524        0.3014502929
       55.1020410000        1.0000000000        1.0000000000       10.2053879377        0.0000000000        0.8869204367        0.1064304524        0.2938615466
       55.2040820000        1.0000000000        1.0000000000       10.4649384906        0.0000000000        0.8869204367        0.1064304524        0.2848499813
       55.3061220000        1.0000000000        1.0000000000       10.7870019422        0.0000000000        0.8869204367        0.1064304524        0.2740512262
       55.4081630000        1.0000000000        1.0000000000       11.2100966946        0.0000000000        0.8869204367        0.1064304524        0.2604845826
       55.5102040000        1.0000000000        1.0000000000       11.8588172587        0.0000000000        0.8869204367        0.1064304524        0.2409759673
       55.6122450000        1.0000000000        1.0000000000       12.9727072459        0.0000000000        0.8869204367        0.1064304524        0.2108254225
       55.7142860000        1.0000000000        1.0000000000       14.5048849708        0.0000000000        0.8869204367        0.1064304524        0.1754175413
       55.8163270000        1.0000000000        1.0000000000       15.7247876845        0.0000000000        0.8869204367        0.1064304524        0.1515295654
       55.9183670000        1.0000000000        1.0000000000       16.2798861891        0.0000000000        0.8869204367        0.1064304524        0.1417647419
       56.0204080000        1.0000000000        1.0000000000       16.9787415524        0.0000000000        0.8869204367        0.1064304524        0.1303608394
       56.1224490000        1.0000000000        1.0000000000       18.5248006459        0.0000000000        0.8869204367        0.1064304524        0.1082863602
       56.2244900000        1.0000000000        1.0000000000       21.0187787485        0.0000000000        0.8869204367        0.1064304524        0.0802784992
       56.3265310000        1.0000000000        1.0000000000       24.5805241544        0.0000000000        0.8869204367        0.1064304524        0.0523573527
       56.4285710000        1.0000000000        1.0000000000       29.6604230627        0.0000000000        0.8869204367        0.1064304524        0.0284601400
       56.5306120000        1.0000000000        1.0000000000       37.1613254026        0.0000000000        0.8869204367        0.1064304524        0.0115697766
       56.6326530000        1.0000000000        1.0000000000       48.8359917395        0.0000000000        0.8869204367        0.1064304524        0.0028503343
       56.7346940000        1.0000000000        1.0000000000       68.5221542669        0.0000000000        0.8869204367        0.1064304524        0.0002685003
       56.8367350000        1.0000000000        1.0000000000      106.8383198823        0.0000000000        0.8869204367        0.1064304524        0.0000027045
       56.9387760000        1.0000000000        1.0000000000      201.9825489364        0.0000000000        0.8869204367        0.1064304524        0.0000000000
       57.0408160000        1.0000000000        1.0000000000      488.9507411124        0.0000000000        0.8869204367        0.1064304524        0.0000000000
       57.1428570000        1.0000000000        1.0000000000     1259.0457679859        0.0000000000        0.8869204367        0.1064304524        0.0000000000
       57.2448980000        1.0000000000        1.0000000000     2582.6465017424        0.0000000000        0.8869204367        0.1064304524        0.0000000000
       57.3469390000        1.0000000000        1.0000000000     3581.3380350281        0.0000000000        0.8869204367        0.1064304524        0.0000000000
       57.4489800000        1.0000000000        1.0000000000     3187.1062743853        0.0000000000        0.8869204367        0.1064304524        0.0000000000
       57.5510200000        1.0000000000        1.0000000000     1876.3053277383        0.0000000000        0.8869204367        0.1064304524        0.0000000000
       57.6530610000        1.0000000000        1.0000000000      834.1801599513        0.0000000000        0.8869204367        0.1064304524        0.0000000000
       57.7551020000        1.0000000000        1.0000000000      362.6221945666        0.0000000000        0.8869204367        0.1064304524        0.0000000000
       57.8571430000        1.0000000000        1.0000000000      194.8240359427        0.0000000000        0.8869204367        0.1064304524        0.0000000001
       57.9591840000        1.0000000000        1.0000000000      128.9178374046        0.0000000000        0.8869204367        0.1064304524        0.0000001912
       58.0612240000        1.0000000000        1.0000000000       95.8121762083        0.0000000000        0.8869204367        0.1064304524        0.0000101558
       58.1632650000        1.0000000000        1.0000000000       76.0029445570        0.0000000000        0.8869204367        0.1064304524        0.0001094160
       58.2653060000        1.0000000000        1.0000000000       62.9275457288        0.0000000000        0.8869204367        0.1064304524        0.0005254237
       58.3673470000        1.0000000000        1.0000000000       53.7485369725        0.0000000000        0.8869204367        0.1064304524        0.0015807997
       58.4693880000        1.0000000000        1.0000000000       47.0212585647        0.0000000000        0.8869204367        0.1064304524        0.0035438165
       58.5714290000        1.0000000000        1.0000000000       41.9581587664        0.0000000000        0.8869204367        0.1064304524        0.0065063344
       58.6734690000        1.0000000000        1.0000000000       38.2474532003        0.0000000000        0.8869204367        0.1064304524        0.0101559617
       58.7755100000        1.0000000000        1.0000000000       36.2899908367        0.0000000000        0.8869204367        0.1064304524        0.0128450225
       58.8775510000        1.0000000000        1.0000000000       37.0244190325        0.0000000000        0.8869204367        0.1064304524        0.0117614237
       58.9795920000        1.0000000000        1.0000000000       39.3498600235        0.0000000000        0.8869204367        0.1064304524        0.0088975155
       59.0816330000        1.0000000000        1.0000000000       38.8555096524        0.0000000000        0.8869204367        0.1064304524        0.0094413041
       59.1836730000        1.0000000000        1.0000000000       33.9661501451        0.0000000000        0.8869204367        0.1064304524        0.0169762832
       59.2857140000        1.0000000000        1.0000000000       28.5800135352        0.0000000000        0.8869204367        0.1064304524        0.0323998455
       59.3877550000        1.0000000000        1.0000000000       25.3435029526        0.0000000000        0.8869204367        0.1064304524        0.0477765496
       59.4897960000        1.0000000000        1.0000000000       23.6779206163        0.0000000000        0.8869204367        0.1064304524        0.0583468169
       59.5918370000        1.0000000000        1.0000000000       22.6053250795        0.0000000000        0.8869204367        0.1064304524        0.0663614469
       59.6938780000        1.0000000000        1.0000000000       21.7503599415        0.0000000000        0.8869204367        0.1064304524        0.0735313677
       59.7959180000        1.0000000000        1.0000000000       21.0160762738        0.0000000000        0.8869204367        0.1064304524        0.0803045375
       59.8979590000        1.0000000000        1.0000000000       20.3700168935        0.0000000000        0.8869204367        0.1064304524        0.0867780103
       60.0000000000        1.0000000000        1.0000000000       19.7946567519        0.0000000000        0.8869204367        0.1064304524        0.0929811206
