       55.0000000000        1.0000000000        1.0000000000        8.7931771963        0.0000000000        0.8869204367        0.1064304524        0.3481293184
       55.1020410000        1.0000000000        1.0000000000        8.8745721836        0.0000000000        0.8869204367        0.1064304524        0.3447455528
       55.2040820000        1.0000000000        1.0000000000        8.9798266776        0.0000000000        0.8869204367        0.1064304524        0.3404186139
       55.3061220000        1.0000000000        1.0000000000        9.1186403545        0.0000000000        0.8869204367        0.1064304524        0.3347950108
       55.4081630000        1.0000000000        1.0000000000        9.3218348182        0.0000000000        0.8869204367        0.1064304524        0.3267303133
       55.5102040000        1.0000000000        1.0000000000        9.7039280629        0.0000000000        0.8869204367        0.1064304524        0.3120875981
       55.6122450000        1.0000000000        1.0000000000       10.4932782696        0.0000000000        0.8869204367        0.1064304524        0.2838829163
       55.7142860000        1.0000000000        1.0000000000       11.6313593716        0.0000000000        0.8869204367        0.1064304524        0.2476439810
       55.8163270000        1.0000000000        1.0000000000       12.3641186976        0.0000000000        0.8869204367        0.1064304524        0.2267982907
       55.9183670000        1.0000000000        1.0000000000       12.2921904335        0.0000000000        0.8869204367        0.1064304524        0.2287643483
       56.0204080000        1.0000000000        1.0000000000       12.1640088622        0.0000000000        0.8869204367        0.1064304524        0.2323103552
       56.1224490000        1.0000000000        1.0000000000       12.6072186500        0.0000000000        0.8869204367        0.1064304524        0.2202777039
       56.2244900000        1.0000000000        1.0000000000       13.6018214935        0.0000000000        0.8869204367        0.1064304524        0.1954953707
       56.3265310000        1.0000000000        1.0000000000       15.0622325231        0.0000000000        0.8869204367        0.1064304524        0.1640690501
       56.4285710000        1.0000000000        1.0000000000       17.0833734687        0.0000000000        0.8869204367        0.1064304524        0.1287342836
       56.5306120000        1.0000000000        1.0000000000       19.9152549005        0.0000000000        0.8869204367        0.1064304524        0.0916452084
       56.6326530000        1.0000000000        1.0000000000       24.0006184038        0.0000000000        0.8869204367        0.1064304524        0.0561305973
       56.7346940000        1.0000000000        1.0000000000       30.1403508436        0.0000000000        0.8869204367        0.1064304524        0.0268673872
       56.8367350000        1.0000000000        1.0000000000       39.9162234618        0.0000000000        0.8869204367        0.1064304524        0.0083128995
       56.9387760000        1.0000000000        1.0000000000       57.0129669477        0.0000000000        0.8869204367        0.1064304524        0.0010684396
       57.0408160000        1.0000000000        1.0000000000       93.0436582833        0.0000000000        0.8869204367        0.1064304524        0.0000141579
       57.1428570000        1.0000000000        1.0000000000      194.6306345996        0.0000000000        0.8869204367        0.1064304524        0.0000000001
       57.2448980000        1.0000000000        1.0000000000      520.1614584053        0.0000000000        0.8869204367        0.1064304524        0.0000000000
       57.3469390000        1.0000000000        1.0000000000     1348.7158006698        0.0000000000        0.8869204367        0.1064304524        0.0000000000
       57.4489800000        1.0000000000        1.0000000000     2638.8929839867        0.0000000000        0.8869204367        0.1064304524        0.0000000000
       57.5510200000        1.0000000000        1.0000000000     3571.4751975488        0.0000000000        0.8869204367        0.1064304524        0.0000000000
       57.6530610000        1.0000000000        1.0000000000     3337.9524936594        0.0000000000        0.8869204367        0.1064304524        0.0000000000
       57.7551020000        1.0000000000        1.0000000000     2206.6569656683        0.0000000000        0.8869204367        0.1064304524        0.0000000000
       57.8571430000        1.0000000000        1.0000000000     1078.7161014299        0.0000000000        0.8869204367        0.1064304524        0.0000000000
       57.9591840000        1.0000000000        1.0000000000      445.7635941566        0.0000000000        0.8869204367        0.1064304524        0.0000000000
       58.0612240000        1.0000000000        1.0000000000      204.9423816806        0.0000000000        0.8869204367        0.1064304524        0.0000000000
       58.1632650000        1.0000000000        1.0000000000      123.5883717651        0.0000000000        0.8869204367        0.1064304524        0.0000003624
       58.2653060000        1.0000000000        1.0000000000       89.4765013716        0.0000000000        0.8869204367        0.1064304524        0.0000217221
       58.3673470000        1.0000000000        1.0000000000       70.6127398310        0.0000000000        0.8869204367        0.1064304524        0.0002089263
       58.4693880000        1.0000000000        1.0000000000       58.5098601643        0.0000000000        0.8869204367        0.1064304524        0.0008927685
       58.5714290000        1.0000000000        1.0000000000       50.1662938866        0.0000000000        0.8869204367        0.1064304524        0.0024297783
       58.6734690000        1.0000000000        1.0000000000       44.3309358357        0.0000000000        0.8869204367        0.1064304524        0.0048941616
       58.7755100000        1.0000000000        1.0000000000       40.9369259021        0.0000000000        0.8869204367        0.1064304524        0.0073545868
       58.8775510000        1.0000000000        1.0000000000       40.6591693155        0.0000000000        0.8869204367        0.1064304524        0.0076038520
       58.9795920000        1.0000000000        1.0000000000       42.2273811865        0.0000000000        0.8869204367        0.1064304524        0.0062994954
       59.0816330000        1.0000000000        1.0000000000       41.1388263943        0.0000000000        0.8869204367        0.1064304524        0.0071785407
       59.1836730000        1.0000000000        1.0000000000       35.7984086188        0.0000000000        0.8869204367        0.1064304524        0.0136255437
       59.2857140000        1.0000000000        1.0000000000       30.0868365594        0.0000000000        0.8869204367        0.1064304524        0.0270404770
       59.3877550000        1.0000000000        1.0000000000       26.6082168220        0.0000000000        0.8869204367        0.1064304524        0.0410491143
       59.4897960000        1.0000000000        1.0000000000       24.7508446033        0.0000000000        0.8869204367        0.1064304524        0.0512981109
       59.5918370000        1.0000000000        1.0000000000       23.5219961126        0.0000000000        0.8869204367        0.1064304524        0.0594488183
       59.6938780000        1.0000000000        1.0000000000       22.5387432888        0.0000000000        0.8869204367        0.1064304524        0.0668937864
       59.7959180000        1.0000000000        1.0000000000       21.6984762633        0.0000000000        0.8869204367        0.1064304524        0.0739906051
       59.8979590000        1.0000000000        1.0000000000       20.9642206648        0.0000000000        0.8869204367        0.1064304524        0.0808058044
       60.0000000000        1.0000000000        1.0000000000       20.3149170711        0.0000000000        0.8869204367        0.1064304524        0.0873536857
