       55.0000000000        1.0000000000        1.0000000000       10.1758049798        0.0000000000        0.8869204367        0.1064304524        0.2949065957
       55.1020410000        1.0000000000        1.0000000000       10.2217884915        0.0000000000        0.8869204367        0.1064304524        0.2932837763
       55.2040820000        1.0000000000        1.0000000000       10.2839910560        0.0000000000        0.8869204367        0.1064304524        0.2911027659
       55.3061220000        1.0000000000        1.0000000000       10.3710897483        0.0000000000        0.8869204367        0.1064304524        0.2880760504
       55.4081630000        1.0000000000        1.0000000000       10.5128259921        0.0000000000        0.8869204367        0.1064304524        0.2832177850
       55.5102040000        1.0000000000        1.0000000000       10.8228907497        0.0000000000        0.8869204367        0.1064304524        0.2728735194
       55.6122450000        1.0000000000        1.0000000000       11.5306898332        0.0000000000        0.8869204367        0.1064304524        0.2506537486
       55.7142860000        1.0000000000        1.0000000000       12.5824797361        0.0000000000        0.8869204367        0.1064304524        0.2209326073
       55.8163270000        1.0000000000        1.0000000000       13.2289832923        0.0000000000        0.8869204367        0.1064304524        0.2044405622
       55.9183670000        1.0000000000        1.0000000000       13.0732579926        0.0000000000        0.8869204367        0.1064304524        0.2082968696
       56.0204080000        1.0000000000        1.0000000000       12.8778908215        0.0000000000        0.8869204367        0.1064304524        0.2132378865
       56.1224490000        1.0000000000        1.0000000000       13.3119329315        0.0000000000        0.8869204367        0.1064304524        0.2024156643
       56.2244900000        1.0000000000        1.0000000000       14.4393559774        0.0000000000        0.8869204367        0.1064304524        0.1768023712
       56.3265310000        1.0000000000        1.0000000000       16.3540340599        0.0000000000        0.8869204367        0.1064304524        0.1405089506
       56.4285710000        1.0000000000        1.0000000000       19.5798111882        0.0000000000        0.8869204367        0.1064304524        0.0954094792
       56.5306120000        1.0000000000        1.0000000000       25.6268470253        0.0000000000        0.8869204367        0.1064304524        0.0461793919
       56.6326530000        1.0000000000        1.0000000000       40.2733216834        0.0000000000        0.8869204367        0.1064304524        0.0079642014
       56.7346940000        1.0000000000        1.0000000000       90.4161950698        0.0000000000        0.8869204367        0.1064304524        0.0000194057
       56.8367350000        1.0000000000        1.0000000000      266.2981061231        0.0000000000        0.8869204367        0.1064304524        0.0000000000
       56.9387760000        1.0000000000        1.0000000000      684.5747973427        0.0000000000        0.8869204367        0.1064304524        0.0000000000
       57.0408160000        1.0000000000        1.0000000000     1178.6792601745        0.0000000000        0.8869204367        0.1064304524        0.0000000000
       57.1428570000        1.0000000000        1.0000000000     1249.3989518114        0.0000000000        0.8869204367        0.1064304524        0.0000000000
       57.2448980000        1.0000000000        1.0000000000      816.5041065471        0.0000000000        0.8869204367        0.1064304524        0.0000000000
       57.3469390000        1.0000000000        1.0000000000      360.7098250085        0.0000000000        0.8869204367        0.1064304524        0.0000000000
       57.4489800000        1.0000000000        1.0000000000      138.5075858575        0.0000000000        0.8869204367        0.1064304524        0.0000000605
       57.5510200000        1.0000000000        1.0000000000       66.8721250466        0.0000000000        0.8869204367        0.1064304524        0.0003272929
       57.6530610000        1.0000000000        1.0000000000       44.0931658222        0.0000000000        0.8869204367        0.1064304524        0.0050358150
       57.7551020000        1.0000000000        1.0000000000       34.1976213365        0.0000000000        0.8869204367        0.1064304524        0.0165112294
       57.8571430000        1.0000000000        1.0000000000       28.6037505673        0.0000000000        0.8869204367        0.1064304524        0.0323076877
       57.9591840000        1.0000000000        1.0000000000       25.0022119458        0.0000000000        0.8869204367        0.1064304524        0.0497738550
       58.0612240000        1.0000000000        1.0000000000       22.5094099718        0.0000000000        0.8869204367        0.1064304524        0.0671296673
       58.1632650000        1.0000000000        1.0000000000       20.6973189640        0.0000000000        0.8869204367        0.1064304524        0.0834357607
       58.2653060000        1.0000000000        1.0000000000       19.3322412647        0.0000000000        0.8869204367        0.1064304524        0.0982864650
       58.3673470000        1.0000000000        1.0000000000       18.2778253683        0.0000000000        0.8869204367        0.1064304524        0.1115436768
       58.4693880000        1.0000000000        1.0000000000       17.4547536880        0.0000000000        0.8869204367        0.1064304524        0.1231231207
       58.5714290000        1.0000000000        1.0000000000       16.8407182891        0.0000000000        0.8869204367        0.1064304524        0.1325379586
       58.6734690000        1.0000000000        1.0000000000       16.5859662729        0.0000000000        0.8869204367        0.1064304524        0.1366522430
       58.7755100000        1.0000000000        1.0000000000       17.3830450564        0.0000000000        0.8869204367        0.1064304524        0.1241871711
       58.8775510000        1.0000000000        1.0000000000       20.3364133783        0.0000000000        0.8869204367        0.1064304524        0.0871286423
       58.9795920000        1.0000000000        1.0000000000       24.4139794977        0.0000000000        0.8869204367        0.1064304524        0.0534142593
       59.0816330000        1.0000000000        1.0000000000       25.2948378802        0.0000000000        0.8869204367        0.1064304524        0.0480563718
       59.1836730000        1.0000000000        1.0000000000       21.5761865223        0.0000000000        0.8869204367        0.1064304524        0.0750844062
       59.2857140000        1.0000000000        1.0000000000       17.2610462104        0.0000000000        0.8869204367        0.1064304524        0.1260186276
       59.3877550000        1.0000000000        1.0000000000       14.9843383969        0.0000000000        0.8869204367        0.1064304524        0.1656098418
       59.4897960000        1.0000000000        1.0000000000       14.1516439626        0.0000000000        0.8869204367        0.1064304524        0.1830131491
       59.5918370000        1.0000000000        1.0000000000       13.8005240220        0.0000000000        0.8869204367        0.1064304524        0.1908890552
       59.6938780000        1.0000000000        1.0000000000       13.5769662735        0.0000000000        0.8869204367        0.1064304524        0.1960793308
       59.7959180000        1.0000000000        1.0000000000       13.4004231720        0.0000000000        0.8869204367        0.1064304524        0.2002776189
       59.8979590000        1.0000000000        1.0000000000       13.2506204988        0.0000000000        0.8869204367        0.1064304524        0.2039104280
       60.0000000000        1.0000000000        1.0000000000       13.1194832801        0.0000000000        0.8869204367        0.1064304524        0.2071446384
