       55.0000000000        1.0000000000        1.0000000000        9.8133007678        0.0000000000        0.8869204367        0.1064304524        0.3080182969
       55.1020410000        1.0000000000        1.0000000000        9.8276307707        0.0000000000        0.8869204367        0.1064304524        0.3074890837
       55.2040820000        1.0000000000        1.0000000000        9.8494537687        0.0000000000        0.8869204367        0.1064304524        0.3066848971
       55.3061220000        1.0000000000        1.0000000000        9.8845101819        0.0000000000        0.8869204367        0.1064304524        0.3053974543
       55.4081630000        1.0000000000        1.0000000000        9.9584292616        0.0000000000        0.8869204367        0.1064304524        0.3027004697
       55.5102040000        1.0000000000        1.0000000000       10.1790673364        0.0000000000        0.8869204367        0.1064304524        0.2947911674
       55.6122450000        1.0000000000        1.0000000000       10.7674146141        0.0000000000        0.8869204367        0.1064304524        0.2746961356
       55.7142860000        1.0000000000        1.0000000000       11.6573752028        0.0000000000        0.8869204367        0.1064304524        0.2468720669
       55.8163270000        1.0000000000        1.0000000000       12.0807984843        0.0000000000        0.8869204367        0.1064304524        0.2346416510
       55.9183670000        1.0000000000        1.0000000000       11.6114013559        0.0000000000        0.8869204367        0.1064304524        0.2482377897
       56.0204080000        1.0000000000        1.0000000000       10.9644376565        0.0000000000        0.8869204367        0.1064304524        0.2682777328
       56.1224490000        1.0000000000        1.0000000000       10.7286869321        0.0000000000        0.8869204367        0.1064304524        0.2759757079
       56.2244900000        1.0000000000        1.0000000000       10.8265432526        0.0000000000        0.8869204367        0.1064304524        0.2727539451
       56.3265310000        1.0000000000        1.0000000000       11.0814707121        0.0000000000        0.8869204367        0.1064304524        0.2645363824
       56.4285710000        1.0000000000        1.0000000000       11.4456474876        0.0000000000        0.8869204367        0.1064304524        0.2532247870
       56.5306120000        1.0000000000        1.0000000000       11.9372115281        0.0000000000        0.8869204367        0.1064304524        0.2387196607
       56.6326530000        1.0000000000        1.0000000000       12.6021676546        0.0000000000        0.8869204367        0.1064304524        0.2204112590
       56.7346940000        1.0000000000        1.0000000000       13.5152072930        0.0000000000        0.8869204367        0.1064304524        0.1975378880
       56.8367350000        1.0000000000        1.0000000000       14.7970743678        0.0000000000        0.8869204367        0.1064304524        0.1693735033
       56.9387760000        1.0000000000        1.0000000000       16.6512036945        0.0000000000        0.8869204367        0.1064304524        0.1355866387
       57.0408160000        1.0000000000        1.0000000000       19.4418265766        0.0000000000        0.8869204367        0.1064304524        0.0970024358
       57.1428570000        1.0000000000        1.0000000000       23.8802315708        0.0000000000        0.8869204367        0.1064304524        0.0569473690
       57.2448980000        1.0000000000        1.0000000000       31.5791864500        0.0000000000        0.8869204367        0.1064304524        0.0226068488
       57.3469390000        1.0000000000        1.0000000000       47.4274017911        0.0000000000        0.8869204367        0.1064304524        0.0033752421
       57.4489800000        1.0000000000        1.0000000000       91.7538167634        0.0000000000        0.8869204367        0.1064304524        0.0000165279
       57.5510200000        1.0000000000        1.0000000000      244.6133526764        0.0000000000        0.8869204367        0.1064304524        0.0000000000
       57.6530610000        1.0000000000        1.0000000000      684.7304592551        0.0000000000        0.8869204367        0.1064304524        0.0000000000
       57.7551020000        1.0000000000        1.0000000000     1442.7672718755        0.0000000000        0.8869204367        0.1064304524        0.0000000000
       57.8571430000        1.0000000000        1.0000000000     1964.2916452307        0.0000000000        0.8869204367        0.1064304524        0.0000000000
       57.9591840000        1.0000000000        1.0000000000     1660.2390318635        0.0000000000        0.8869204367        0.1064304524        0.0000000000
       58.0612240000        1.0000000000        1.0000000000      904.7493266068        0.0000000000        0.8869204367        0.1064304524        0.0000000000
       58.1632650000        1.0000000000        1.0000000000      367.1209590305        0.0000000000        0.8869204367        0.1064304524        0.0000000000
       58.2653060000        1.0000000000        1.0000000000      151.6380480173        0.0000000000        0.8869204367        0.1064304524        0.0000000125
       58.3673470000        1.0000000000        1.0000000000       83.5204714535        0.0000000000        0.8869204367        0.1064304524        0.0000443918
       58.4693880000        1.0000000000        1.0000000000       58.3122128677        0.0000000000        0.8869204367        0.1064304524        0.0009141960
       58.5714290000        1.0000000000        1.0000000000       45.6607260945        0.0000000000        0.8869204367        0.1064304524        0.0041723029
       58.6734690000        1.0000000000        1.0000000000       38.2352686029        0.0000000000        0.8869204367        0.1064304524        0.0101708221
       58.7755100000        1.0000000000        1.0000000000       34.3309261249        0.0000000000        0.8869204367        0.1064304524        0.0162492076
       58.8775510000        1.0000000000        1.0000000000       34.0222024609        0.0000000000        0.8869204367        0.1064304524        0.0168624791
       58.9795920000        1.0000000000        1.0000000000       35.7773412391        0.0000000000        0.8869204367        0.1064304524        0.0136600338
       59.0816330000        1.0000000000        1.0000000000       34.9704816295        0.0000000000        0.8869204367        0.1064304524        0.0150487884
       59.1836730000        1.0000000000        1.0000000000       29.9491988583        0.0000000000        0.8869204367        0.1064304524        0.0274908004
       59.2857140000        1.0000000000        1.0000000000       24.5655899575        0.0000000000        0.8869204367        0.1064304524        0.0524512666
       59.3877550000        1.0000000000        1.0000000000       21.4074758280        0.0000000000        0.8869204367        0.1064304524        0.0766200031
       59.4897960000        1.0000000000        1.0000000000       19.8548600416        0.0000000000        0.8869204367        0.1064304524        0.0923118089
       59.5918370000        1.0000000000        1.0000000000       18.9118414888        0.0000000000        0.8869204367        0.1064304524        0.1033720174
       59.6938780000        1.0000000000        1.0000000000       18.1948287430        0.0000000000        0.8869204367        0.1064304524        0.1126601573
       59.7959180000        1.0000000000        1.0000000000       17.6016916886        0.0000000000        0.8869204367        0.1064304524        0.1209711729
       59.8979590000        1.0000000000        1.0000000000       17.0964968579        0.0000000000        0.8869204367        0.1064304524        0.1285317115
       60.0000000000        1.0000000000        1.0000000000       16.6594668153        0.0000000000        0.8869204367        0.1064304524        0.1354522610
