       55.0000000000        1.0000000000        1.0000000000        9.4159652029        0.0000000000        0.8869204367        0.1064304524        0.3230604491
       55.1020410000        1.0000000000        1.0000000000        9.5392562498        0.0000000000        0.8869204367        0.1064304524        0.3183159774
       55.2040820000        1.0000000000        1.0000000000        9.6879816816        0.0000000000        0.8869204367        0.1064304524        0.3126853700
       55.3061220000        1.0000000000        1.0000000000        9.8713925195        0.0000000000        0.8869204367        0.1064304524        0.3058785650
       55.4081630000        1.0000000000        1.0000000000       10.1196739670        0.0000000000        0.8869204367        0.1064304524        0.2968997094
       55.5102040000        1.0000000000        1.0000000000       10.5461840698        0.0000000000        0.8869204367        0.1064304524        0.2820863390
       55.6122450000        1.0000000000        1.0000000000       11.3757493050        0.0000000000        0.8869204367        0.1064304524        0.2553577141
       55.7142860000        1.0000000000        1.0000000000       12.5420840349        0.0000000000        0.8869204367        0.1064304524        0.2220061746
       55.8163270000        1.0000000000        1.0000000000       13.2847116220        0.0000000000        0.8869204367        0.1064304524        0.2030779477
       55.9183670000        1.0000000000        1.0000000000       13.2040195639        0.0000000000        0.8869204367        0.1064304524        0.2050539123
       56.0204080000        1.0000000000        1.0000000000       13.0412523707        0.0000000000        0.8869204367        0.1064304524        0.2090984083
       56.1224490000        1.0000000000        1.0000000000       13.4010429443        0.0000000000        0.8869204367        0.1064304524        0.2002627242
       56.2244900000        1.0000000000        1.0000000000       14.2288784901        0.0000000000        0.8869204367        0.1064304524        0.1813247931
       56.3265310000        1.0000000000        1.0000000000       15.3877742991        0.0000000000        0.8869204367        0.1064304524        0.1577832669
       56.4285710000        1.0000000000        1.0000000000       16.8869063429        0.0000000000        0.8869204367        0.1064304524        0.1318053902
       56.5306120000        1.0000000000        1.0000000000       18.8251943160        0.0000000000        0.8869204367        0.1064304524        0.1044524518
       56.6326530000        1.0000000000        1.0000000000       21.3664524992        0.0000000000        0.8869204367        0.1064304524        0.0769981179
       56.7346940000        1.0000000000        1.0000000000       24.7632435832        0.0000000000        0.8869204367        0.1064304524        0.0512218423
       56.8367350000        1.0000000000        1.0000000000       29.4154698026        0.0000000000        0.8869204367        0.1064304524        0.0293091250
       56.9387760000        1.0000000000        1.0000000000       35.9857634530        0.0000000000        0.8869204367        0.1064304524        0.0133226243
       57.0408160000        1.0000000000        1.0000000000       45.6397793802        0.0000000000        0.8869204367        0.1064304524        0.0041828037
       57.1428570000        1.0000000000        1.0000000000       60.6040662560        0.0000000000        0.8869204367        0.1064304524        0.0006943823
       57.2448980000        1.0000000000        1.0000000000       85.7252157766        0.0000000000        0.8869204367        0.1064304524        0.0000340723
       57.3469390000        1.0000000000        1.0000000000      134.2114575266        0.0000000000        0.8869204367        0.1064304524        0.0000001013
       57.4489800000        1.0000000000        1.0000000000      251.8278979577        0.0000000000        0.8869204367        0.1064304524        0.0000000000
       57.5510200000        1.0000000000        1.0000000000      592.6386274406        0.0000000000        0.8869204367        0.1064304524        0.0000000000
       57.6530610000        1.0000000000        1.0000000000     1474.1048293337        0.0000000000        0.8869204367        0.1064304524        0.0000000000
       57.7551020000        1.0000000000        1.0000000000     2956.2145393245        0.0000000000        0.8869204367        0.1064304524        0.0000000000
       57.8571430000        1.0000000000        1.0000000000     4072.5016651913        0.0000000000        0.8869204367        0.1064304524        0.0000000000
       57.9591840000        1.0000000000        1.0000000000     3656.1943588017        0.0000000000        0.8869204367        0.1064304524        0.0000000000
       58.0612240000        1.0000000000        1.0000000000     2201.7229713650        0.0000000000        0.8869204367        0.1064304524        0.0000000000
       58.1632650000        1.0000000000        1.0000000000     1009.5255294751        0.0000000000        0.8869204367        0.1064304524        0.0000000000
       58.2653060000        1.0000000000        1.0000000000      449.0260449911        0.0000000000        0.8869204367        0.1064304524        0.0000000000
       58.3673470000        1.0000000000        1.0000000000      241.8367858410        0.0000000000        0.8869204367        0.1064304524        0.0000000000
       58.4693880000        1.0000000000        1.0000000000      158.8057890560        0.0000000000        0.8869204367        0.1064304524        0.0000000053
       58.5714290000        1.0000000000        1.0000000000      117.0386041193        0.0000000000        0.8869204367        0.1064304524        0.0000007952
       58.6734690000        1.0000000000        1.0000000000       92.3375189435        0.0000000000        0.8869204367        0.1064304524        0.0000154099
       58.7755100000        1.0000000000        1.0000000000       77.0915580455        0.0000000000        0.8869204367        0.1064304524        0.0000960168
       58.8775510000        1.0000000000        1.0000000000       68.8692549959        0.0000000000        0.8869204367        0.1064304524        0.0002575464
       58.9795920000        1.0000000000        1.0000000000       64.9368426355        0.0000000000        0.8869204367        0.1064304524        0.0004128521
       59.0816330000        1.0000000000        1.0000000000       59.9482371722        0.0000000000        0.8869204367        0.1064304524        0.0007512377
       59.1836730000        1.0000000000        1.0000000000       51.6760448911        0.0000000000        0.8869204367        0.1064304524        0.0020271480
       59.2857140000        1.0000000000        1.0000000000       43.6187007231        0.0000000000        0.8869204367        0.1064304524        0.0053308526
       59.3877550000        1.0000000000        1.0000000000       38.2426304387        0.0000000000        0.8869204367        0.1064304524        0.0101618410
       59.4897960000        1.0000000000        1.0000000000       34.8612049678        0.0000000000        0.8869204367        0.1064304524        0.0152474257
       59.5918370000        1.0000000000        1.0000000000       32.3988379650        0.0000000000        0.8869204367        0.1064304524        0.0204891345
       59.6938780000        1.0000000000        1.0000000000       30.4022825582        0.0000000000        0.8869204367        0.1064304524        0.0260360306
       59.7959180000        1.0000000000        1.0000000000       28.7181961443        0.0000000000        0.8869204367        0.1064304524        0.0318670239
       59.8979590000        1.0000000000        1.0000000000       27.2731859531        0.0000000000        0.8869204367        0.1064304524        0.0379008282
       60.0000000000        1.0000000000        1.0000000000       26.0193114508        0.0000000000        0.8869204367        0.1064304524        0.0440549582
