       55.0000000000        1.0000000000        1.0000000000        9.8649699661        0.0000000000        0.8869204367        0.1064304524        0.3061143984
       55.1020410000        1.0000000000        1.0000000000        9.9533431508        0.0000000000        0.8869204367        0.1064304524        0.3028852742
       55.2040820000        1.0000000000        1.0000000000       10.0654980977        0.0000000000        0.8869204367        0.1064304524        0.2988361731
       55.3061220000        1.0000000000        1.0000000000       10.2114140227        0.0000000000        0.8869204367        0.1064304524        0.2936491232
       55.4081630000        1.0000000000        1.0000000000       10.4224131921        0.0000000000        0.8869204367        0.1064304524        0.2863072961
       55.5102040000        1.0000000000        1.0000000000       10.8138171268        0.0000000000        0.8869204367        0.1064304524        0.2731707954
       55.6122450000        1.0000000000        1.0000000000       11.6149691645        0.0000000000        0.8869204367        0.1064304524        0.2481315327
       55.7142860000        1.0000000000        1.0000000000       12.7685134022        0.0000000000        0.8869204367        0.1064304524        0.2160551439
       55.8163270000        1.0000000000        1.0000000000       13.5234619586        0.0000000000        0.8869204367        0.1064304524        0.1973423118
       55.9183670000        1.0000000000        1.0000000000       13.4873643186        0.0000000000        0.8869204367        0.1064304524        0.1981989969
       56.0204080000        1.0000000000        1.0000000000       13.4188117056        0.0000000000        0.8869204367        0.1064304524        0.1998361687
       56.1224490000        1.0000000000        1.0000000000       13.9606120873        0.0000000000        0.8869204367        0.1064304524        0.1872569670
       56.2244900000        1.0000000000        1.0000000000       15.1196723905        0.0000000000        0.8869204367        0.1064304524        0.1629420461
       56.3265310000        1.0000000000        1.0000000000       16.8605707001        0.0000000000        0.8869204367        0.1064304524        0.1322225906
       56.4285710000        1.0000000000        1.0000000000       19.3739056588        0.0000000000        0.8869204367        0.1064304524        0.0977962859
       56.5306120000        1.0000000000        1.0000000000       23.1027158641        0.0000000000        0.8869204367        0.1064304524        0.0625164283
       56.6326530000        1.0000000000        1.0000000000       28.9132531909        0.0000000000        0.8869204367        0.1064304524        0.0311297793
       56.7346940000        1.0000000000        1.0000000000       38.6813897075        0.0000000000        0.8869204367        0.1064304524        0.0096406498
       56.8367350000        1.0000000000        1.0000000000       57.5541003696        0.0000000000        0.8869204367        0.1064304524        0.0010012640
       56.9387760000        1.0000000000        1.0000000000      104.9035424715        0.0000000000        0.8869204367        0.1064304524        0.0000034113
       57.0408160000        1.0000000000        1.0000000000      258.3002392787        0.0000000000        0.8869204367        0.1064304524        0.0000000000
       57.1428570000        1.0000000000        1.0000000000      721.1135806254        0.0000000000        0.8869204367        0.1064304524        0.0000000000
       57.2448980000        1.0000000000        1.0000000000     1631.0004246536        0.0000000000        0.8869204367        0.1064304524        0.0000000000
       57.3469390000        1.0000000000        1.0000000000     2464.6818682156        0.0000000000        0.8869204367        0.1064304524        0.0000000000
       57.4489800000        1.0000000000        1.0000000000     2334.7520165574        0.0000000000        0.8869204367        0.1064304524        0.0000000000
       57.5510200000        1.0000000000        1.0000000000     1412.7499545151        0.0000000000        0.8869204367        0.1064304524        0.0000000000
       57.6530610000        1.0000000000        1.0000000000      613.4789896274        0.0000000000        0.8869204367        0.1064304524        0.0000000000
       57.7551020000        1.0000000000        1.0000000000      249.1152960829        0.0000000000        0.8869204367        0.1064304524        0.0000000000
       57.8571430000        1.0000000000        1.0000000000      127.2809922345        0.0000000000        0.8869204367        0.1064304524        0.0000002327
       57.9591840000        1.0000000000        1.0000000000       83.6349003139        0.0000000000        0.8869204367        0.1064304524        0.0000437864
       58.0612240000        1.0000000000        1.0000000000       62.8657465209        0.0000000000        0.8869204367        0.1064304524        0.0005293347
       58.1632650000        1.0000000000        1.0000000000       50.6931530503        0.0000000000        0.8869204367        0.1064304524        0.0022809155
       58.2653060000        1.0000000000        1.0000000000       42.7339152714        0.0000000000        0.8869204367        0.1064304524        0.0059279915
       58.3673470000        1.0000000000        1.0000000000       37.1789277487        0.0000000000        0.8869204367        0.1064304524        0.0115453637
       58.4693880000        1.0000000000        1.0000000000       33.1281286841        0.0000000000        0.8869204367        0.1064304524        0.0187722523
       58.5714290000        1.0000000000        1.0000000000       30.1084329340        0.0000000000        0.8869204367        0.1064304524        0.0269704906
       58.6734690000        1.0000000000        1.0000000000       28.0023223814        0.0000000000        0.8869204367        0.1064304524        0.0347255801
       58.7755100000        1.0000000000        1.0000000000       27.3355563411        0.0000000000        0.8869204367        0.1064304524        0.0376182204
       58.8775510000        1.0000000000        1.0000000000       29.1185140989        0.0000000000        0.8869204367        0.1064304524        0.0303723783
       58.9795920000        1.0000000000        1.0000000000       32.2798682356        0.0000000000        0.8869204367        0.1064304524        0.0207837429
       59.0816330000        1.0000000000        1.0000000000       32.4483405352        0.0000000000        0.8869204367        0.1064304524        0.0203677835
       59.1836730000        1.0000000000        1.0000000000       28.1260383353        0.0000000000        0.8869204367        0.1064304524        0.0342138550
       59.2857140000        1.0000000000        1.0000000000       23.2588618742        0.0000000000        0.8869204367        0.1064304524        0.0613559318
       59.3877550000        1.0000000000        1.0000000000       20.4885640802        0.0000000000        0.8869204367        0.1064304524        0.0855522747
       59.4897960000        1.0000000000        1.0000000000       19.2295919148        0.0000000000        0.8869204367        0.1064304524        0.0995046373
       59.5918370000        1.0000000000        1.0000000000       18.5111475388        0.0000000000        0.8869204367        0.1064304524        0.1084639190
       59.6938780000        1.0000000000        1.0000000000       17.9676906153        0.0000000000        0.8869204367        0.1064304524        0.1157731190
       59.7959180000        1.0000000000        1.0000000000       17.5098725038        0.0000000000        0.8869204367        0.1064304524        0.1223114400
       59.8979590000        1.0000000000        1.0000000000       17.1109232701        0.0000000000        0.8869204367        0.1064304524        0.1283093938
       60.0000000000        1.0000000000        1.0000000000       16.7577535520        0.0000000000        0.8869204367        0.1064304524        0.1338640661
