       55.0000000000        1.0000000000        1.0000000000       18.5616541609        0.0000000000        0.8869204367        0.1064304524        0.1078085296
       55.1020410000        1.0000000000        1.0000000000       20.3702446253        0.0000000000        0.8869204367        0.1064304524        0.0867756389
       55.2040820000        1.0000000000        1.0000000000       22.5903134791        0.0000000000        0.8869204367        0.1064304524        0.0664810977
       55.3061220000        1.0000000000        1.0000000000       25.3497078598        0.0000000000        0.8869204367        0.1064304524        0.0477409889
       55.4081630000        1.0000000000        1.0000000000       28.8456037860        0.0000000000        0.8869204367        0.1064304524        0.0313835172
       55.5102040000        1.0000000000        1.0000000000       33.4292727120        0.0000000000        0.8869204367        0.1064304524        0.0181059851
       55.6122450000        1.0000000000        1.0000000000       39.6631427168        0.0000000000        0.8869204367        0.1064304524        0.0085692323
       55.7142860000        1.0000000000        1.0000000000       47.9757568593        0.0000000000        0.8869204367        0.1064304524        0.0031602921
       55.8163270000        1.0000000000        1.0000000000       58.4331415747        0.0000000000        0.8869204367        0.1064304524        0.0009010255
       55.9183670000        1.0000000000        1.0000000000       72.0591052216        0.0000000000        0.8869204367        0.1064304524        0.0001756367
       56.0204080000        1.0000000000        1.0000000000       92.0344976054        0.0000000000        0.8869204367        0.1064304524        0.0000159805
       56.1224490000        1.0000000000        1.0000000000      123.5657951658        0.0000000000        0.8869204367        0.1064304524        0.0000003634
       56.2244900000        1.0000000000        1.0000000000      176.5136538268        0.0000000000        0.8869204367        0.1064304524        0.0000000006
       56.3265310000        1.0000000000        1.0000000000      276.5334901251        0.0000000000        0.8869204367        0.1064304524        0.0000000000
       56.4285710000        1.0000000000        1.0000000000      503.0793501586        0.0000000000        0.8869204367        0.1064304524        0.0000000000
       56.5306120000        1.0000000000        1.0000000000     1089.1188949591        0.0000000000        0.8869204367        0.1064304524        0.0000000000
       56.6326530000        1.0000000000        1.0000000000     2449.8000520555        0.0000000000        0.8869204367        0.1064304524        0.0000000000
       56.7346940000        1.0000000000        1.0000000000     4572.1989312641        0.0000000000        0.8869204367        0.1064304524        0.0000000000
       56.8367350000        1.0000000000        1.0000000000     6065.1756642237        0.0000000000        0.8869204367        0.1064304524        0.0000000000
       56.9387760000        1.0000000000        1.0000000000     5425.8417327349        0.0000000000        0.8869204367        0.1064304524        0.0000000000
       57.0408160000        1.0000000000        1.0000000000     3377.2361403033        0.0000000000        0.8869204367        0.1064304524        0.0000000000
       57.1428570000        1.0000000000        1.0000000000     1659.3483233056        0.0000000000        0.8869204367        0.1064304524        0.0000000000
       57.2448980000        1.0000000000        1.0000000000      797.2124467784        0.0000000000        0.8869204367        0.1064304524        0.0000000000
       57.3469390000        1.0000000000        1.0000000000      446.3472150668        0.0000000000        0.8869204367        0.1064304524        0.0000000000
       57.4489800000        1.0000000000        1.0000000000      293.7948102326        0.0000000000        0.8869204367        0.1064304524        0.0000000000
       57.5510200000        1.0000000000        1.0000000000      214.1478527127        0.0000000000        0.8869204367        0.1064304524        0.0000000000
       57.6530610000        1.0000000000        1.0000000000      166.0707664675        0.0000000000        0.8869204367        0.1064304524        0.0000000022
       57.7551020000        1.0000000000        1.0000000000      134.3055706752        0.0000000000        0.8869204367        0.1064304524        0.0000001001
       57.8571430000        1.0000000000        1.0000000000      112.0267745942        0.0000000000        0.8869204367        0.1064304524        0.0000014511
       57.9591840000        1.0000000000        1.0000000000       95.7061336169        0.0000000000        0.8869204367        0.1064304524        0.0000102859
       58.0612240000        1.0000000000        1.0000000000       83.3406757145        0.0000000000        0.8869204367        0.1064304524        0.0000453599
       58.1632650000        1.0000000000        1.0000000000       73.7156184222        0.0000000000        0.8869204367        0.1064304524        0.0001439745
       58.2653060000        1.0000000000        1.0000000000       66.0567205175        0.0000000000        0.8869204367        0.1064304524        0.0003609372
       58.3673470000        1.0000000000        1.0000000000       59.8507483596        0.0000000000        0.8869204367        0.1064304524        0.0007600778
       58.4693880000        1.0000000000        1.0000000000       54.7498404561        0.0000000000        0.8869204367        0.1064304524        0.0014018243
       58.5714290000        1.0000000000        1.0000000000       50.5348167509        0.0000000000        0.8869204367        0.1064304524        0.0023246681
       58.6734690000        1.0000000000        1.0000000000       47.2057712744        0.0000000000        0.8869204367        0.1064304524        0.0034662133
       58.7755100000        1.0000000000        1.0000000000       45.3437105207        0.0000000000        0.8869204367        0.1064304524        0.0043340828
       58.8775510000        1.0000000000        1.0000000000       46.0104973829        0.0000000000        0.8869204367        0.1064304524        0.0040008050
       58.9795920000        1.0000000000        1.0000000000       48.2086885916        0.0000000000        0.8869204367        0.1064304524        0.0030731794
       59.0816330000        1.0000000000        1.0000000000       47.5723762458        0.0000000000        0.8869204367        0.1064304524        0.0033170311
       59.1836730000        1.0000000000        1.0000000000       42.4902212062        0.0000000000        0.8869204367        0.1064304524        0.0061039050
       59.2857140000        1.0000000000        1.0000000000       36.8428847838        0.0000000000        0.8869204367        0.1064304524        0.0120204469
       59.3877550000        1.0000000000        1.0000000000       33.3155187672        0.0000000000        0.8869204367        0.1064304524        0.0183548350
       59.4897960000        1.0000000000        1.0000000000       31.3624804334        0.0000000000        0.8869204367        0.1064304524        0.0232024442
       59.5918370000        1.0000000000        1.0000000000       30.0142335568        0.0000000000        0.8869204367        0.1064304524        0.0272770926
       59.6938780000        1.0000000000        1.0000000000       28.8956981937        0.0000000000        0.8869204367        0.1064304524        0.0311954264
       59.7959180000        1.0000000000        1.0000000000       27.9098366494        0.0000000000        0.8869204367        0.1064304524        0.0351131211
       59.8979590000        1.0000000000        1.0000000000       27.0242439495        0.0000000000        0.8869204367        0.1064304524        0.0390501222
       60.0000000000        1.0000000000        1.0000000000       26.2213362564        0.0000000000        0.8869204367        0.1064304524        0.0429997769
