       55.0000000000        1.0000000000        1.0000000000       11.3321774386        0.0000000000        0.8869204367        0.1064304524        0.2566963802
       55.1020410000        1.0000000000        1.0000000000       11.7464771383        0.0000000000        0.8869204367        0.1064304524        0.2442465149
       55.2040820000        1.0000000000        1.0000000000       12.2349668702        0.0000000000        0.8869204367        0.1064304524        0.2303406395
       55.3061220000        1.0000000000        1.0000000000       12.8175491521        0.0000000000        0.8869204367        0.1064304524        0.2147875458
       55.4081630000        1.0000000000        1.0000000000       13.5382197071        0.0000000000        0.8869204367        0.1064304524        0.1969931416
       55.5102040000        1.0000000000        1.0000000000       14.5278535787        0.0000000000        0.8869204367        0.1064304524        0.1749347154
       55.6122450000        1.0000000000        1.0000000000       16.0305669927        0.0000000000        0.8869204367        0.1064304524        0.1460701871
       55.7142860000        1.0000000000        1.0000000000       18.0000645084        0.0000000000        0.8869204367        0.1064304524        0.1153242283
       55.8163270000        1.0000000000        1.0000000000       19.7126005599        0.0000000000        0.8869204367        0.1064304524        0.0939012043
       55.9183670000        1.0000000000        1.0000000000       20.8370806243        0.0000000000        0.8869204367        0.1064304524        0.0820480954
       56.0204080000        1.0000000000        1.0000000000       22.1979569443        0.0000000000        0.8869204367        0.1064304524        0.0696860703
       56.1224490000        1.0000000000        1.0000000000       24.4965276734        0.0000000000        0.8869204367        0.1064304524        0.0528877614
       56.2244900000        1.0000000000        1.0000000000       27.8204936061        0.0000000000        0.8869204367        0.1064304524        0.0354915999
       56.3265310000        1.0000000000        1.0000000000       32.2549503798        0.0000000000        0.8869204367        0.1064304524        0.0208459823
       56.4285710000        1.0000000000        1.0000000000       38.1529262828        0.0000000000        0.8869204367        0.1064304524        0.0102718190
       56.5306120000        1.0000000000        1.0000000000       46.1630118636        0.0000000000        0.8869204367        0.1064304524        0.0039282493
       56.6326530000        1.0000000000        1.0000000000       57.3708995604        0.0000000000        0.8869204367        0.1064304524        0.0010235197
       56.7346940000        1.0000000000        1.0000000000       73.6725570800        0.0000000000        0.8869204367        0.1064304524        0.0001447204
       56.8367350000        1.0000000000        1.0000000000       98.6445541380        0.0000000000        0.8869204367        0.1064304524        0.0000072295
       56.9387760000        1.0000000000        1.0000000000      139.9015913688        0.0000000000        0.8869204367        0.1064304524        0.0000000512
       57.0408160000        1.0000000000        1.0000000000      217.1377273354        0.0000000000        0.8869204367        0.1064304524        0.0000000000
       57.1428570000        1.0000000000        1.0000000000      392.6798718437        0.0000000000        0.8869204367        0.1064304524        0.0000000000
       57.2448980000        1.0000000000        1.0000000000      859.2968373020        0.0000000000        0.8869204367        0.1064304524        0.0000000000
       57.3469390000        1.0000000000        1.0000000000     1996.1080681005        0.0000000000        0.8869204367        0.1064304524        0.0000000000
       57.4489800000        1.0000000000        1.0000000000     3877.6428899395        0.0000000000        0.8869204367        0.1064304524        0.0000000000
       57.5510200000        1.0000000000        1.0000000000     5360.0438282155        0.0000000000        0.8869204367        0.1064304524        0.0000000000
       57.6530610000        1.0000000000        1.0000000000     4965.5252486824        0.0000000000        0.8869204367        0.1064304524        0.0000000000
       57.7551020000        1.0000000000        1.0000000000     3155.9366613579        0.0000000000        0.8869204367        0.1064304524        0.0000000000
       57.8571430000        1.0000000000        1.0000000000     1545.6235532108        0.0000000000        0.8869204367        0.1064304524        0.0000000000
       57.9591840000        1.0000000000        1.0000000000      722.6434151382        0.0000000000        0.8869204367        0.1064304524        0.0000000000
       58.0612240000        1.0000000000        1.0000000000      393.4477793700        0.0000000000        0.8869204367        0.1064304524        0.0000000000
       58.1632650000        1.0000000000        1.0000000000      255.4181425190        0.0000000000        0.8869204367        0.1064304524        0.0000000000
       58.2653060000        1.0000000000        1.0000000000      185.2916864631        0.0000000000        0.8869204367        0.1064304524        0.0000000002
       58.3673470000        1.0000000000        1.0000000000      143.5563698199        0.0000000000        0.8869204367        0.1064304524        0.0000000330
       58.4693880000        1.0000000000        1.0000000000      116.2012260436        0.0000000000        0.8869204367        0.1064304524        0.0000008793
       58.5714290000        1.0000000000        1.0000000000       97.1505897247        0.0000000000        0.8869204367        0.1064304524        0.0000086490
       58.6734690000        1.0000000000        1.0000000000       83.4727687523        0.0000000000        0.8869204367        0.1064304524        0.0000446466
       58.7755100000        1.0000000000        1.0000000000       74.1310473023        0.0000000000        0.8869204367        0.1064304524        0.0001369731
       58.8775510000        1.0000000000        1.0000000000       69.2489611629        0.0000000000        0.8869204367        0.1064304524        0.0002460747
       58.9795920000        1.0000000000        1.0000000000       67.2769090190        0.0000000000        0.8869204367        0.1064304524        0.0003117749
       59.0816330000        1.0000000000        1.0000000000       63.4679810366        0.0000000000        0.8869204367        0.1064304524        0.0004924303
       59.1836730000        1.0000000000        1.0000000000       55.8895270078        0.0000000000        0.8869204367        0.1064304524        0.0012226395
       59.2857140000        1.0000000000        1.0000000000       48.2082547654        0.0000000000        0.8869204367        0.1064304524        0.0030733394
       59.3877550000        1.0000000000        1.0000000000       43.0125324210        0.0000000000        0.8869204367        0.1064304524        0.0057330713
       59.4897960000        1.0000000000        1.0000000000       39.6946315625        0.0000000000        0.8869204367        0.1064304524        0.0085369132
       59.5918370000        1.0000000000        1.0000000000       37.2234369876        0.0000000000        0.8869204367        0.1064304524        0.0114838631
       59.6938780000        1.0000000000        1.0000000000       35.1720658007        0.0000000000        0.8869204367        0.1064304524        0.0146891244
       59.7959180000        1.0000000000        1.0000000000       33.4043492596        0.0000000000        0.8869204367        0.1064304524        0.0181602178
       59.8979590000        1.0000000000        1.0000000000       31.8583768113        0.0000000000        0.8869204367        0.1064304524        0.0218620020
       60.0000000000        1.0000000000        1.0000000000       30.4939074142        0.0000000000        0.8869204367        0.1064304524        0.0257513329
