       55.0000000000        1.0000000000        1.0000000000        9.1966232033        0.0000000000        0.8869204367        0.1064304524        0.3316766321
       55.1020410000        1.0000000000        1.0000000000        9.2307444387        0.0000000000        0.8869204367        0.1064304524        0.3303213427
       55.2040820000        1.0000000000        1.0000000000        9.2782714021        0.0000000000        0.8869204367        0.1064304524        0.3284428042
       55.3061220000        1.0000000000        1.0000000000        9.3465407366        0.0000000000        0.8869204367        0.1064304524        0.3257630871
       55.4081630000        1.0000000000        1.0000000000        9.4633133404        0.0000000000        0.8869204367        0.1064304524        0.3212300966
       55.5102040000        1.0000000000        1.0000000000        9.7392550221        0.0000000000        0.8869204367        0.1064304524        0.3107673857
       55.6122450000        1.0000000000        1.0000000000       10.3987166387        0.0000000000        0.8869204367        0.1064304524        0.2871225943
       55.7142860000        1.0000000000        1.0000000000       11.3795194023        0.0000000000        0.8869204367        0.1064304524        0.2552422134
       55.8163270000        1.0000000000        1.0000000000       11.9202031087        0.0000000000        0.8869204367        0.1064304524        0.2392073875
       55.9183670000        1.0000000000        1.0000000000       11.6062627339        0.0000000000        0.8869204367        0.1064304524        0.2483909089
       56.0204080000        1.0000000000        1.0000000000       11.1685213512        0.0000000000        0.8869204367        0.1064304524        0.2617873981
       56.1224490000        1.0000000000        1.0000000000       11.2161872904        0.0000000000        0.8869204367        0.1064304524        0.2602942714
       56.2244900000        1.0000000000        1.0000000000       11.7028727188        0.0000000000        0.8869204367        0.1064304524        0.2455278917
       56.3265310000        1.0000000000        1.0000000000       12.5024381421        0.0000000000        0.8869204367        0.1064304524        0.2230648869
       56.4285710000        1.0000000000        1.0000000000       13.6496125807        0.0000000000        0.8869204367        0.1064304524        0.1943774271
       56.5306120000        1.0000000000        1.0000000000       15.3037608340        0.0000000000        0.8869204367        0.1064304524        0.1593820227
       56.6326530000        1.0000000000        1.0000000000       17.7673159653        0.0000000000        0.8869204367        0.1064304524        0.1185906163
       56.7346940000        1.0000000000        1.0000000000       21.6198136315        0.0000000000        0.8869204367        0.1064304524        0.0746923475
       56.8367350000        1.0000000000        1.0000000000       28.1140966589        0.0000000000        0.8869204367        0.1064304524        0.0342629186
       56.9387760000        1.0000000000        1.0000000000       40.7020865696        0.0000000000        0.8869204367        0.1064304524        0.0075647923
       57.0408160000        1.0000000000        1.0000000000       72.6757774418        0.0000000000        0.8869204367        0.1064304524        0.0001631088
       57.1428570000        1.0000000000        1.0000000000      179.3773439285        0.0000000000        0.8869204367        0.1064304524        0.0000000004
       57.2448980000        1.0000000000        1.0000000000      512.3421497774        0.0000000000        0.8869204367        0.1064304524        0.0000000000
       57.3469390000        1.0000000000        1.0000000000     1186.5073662486        0.0000000000        0.8869204367        0.1064304524        0.0000000000
       57.4489800000        1.0000000000        1.0000000000     1824.1472103385        0.0000000000        0.8869204367        0.1064304524        0.0000000000
       57.5510200000        1.0000000000        1.0000000000     1744.8558605669        0.0000000000        0.8869204367        0.1064304524        0.0000000000
       57.6530610000        1.0000000000        1.0000000000     1056.6485544161        0.0000000000        0.8869204367        0.1064304524        0.0000000000
       57.7551020000        1.0000000000        1.0000000000      454.3908577885        0.0000000000        0.8869204367        0.1064304524        0.0000000000
       57.8571430000        1.0000000000        1.0000000000      182.1076657718        0.0000000000        0.8869204367        0.1064304524        0.0000000003
       57.9591840000        1.0000000000        1.0000000000       93.6000773471        0.0000000000        0.8869204367        0.1064304524        0.0000132434
       58.0612240000        1.0000000000        1.0000000000       63.4653362613        0.0000000000        0.8869204367        0.1064304524        0.0004925866
       58.1632650000        1.0000000000        1.0000000000       50.4966424432        0.0000000000        0.8869204367        0.1064304524        0.0023353416
       58.2653060000        1.0000000000        1.0000000000       45.6188049888        0.0000000000        0.8869204367        0.1064304524        0.0041933447
       58.3673470000        1.0000000000        1.0000000000       52.4207364621        0.0000000000        0.8869204367        0.1064304524        0.0018538543
       58.4693880000        1.0000000000        1.0000000000       97.7282988121        0.0000000000        0.8869204367        0.1064304524        0.0000080697
       58.5714290000        1.0000000000        1.0000000000      238.7906076626        0.0000000000        0.8869204367        0.1064304524        0.0000000000
       58.6734690000        1.0000000000        1.0000000000      465.5168441422        0.0000000000        0.8869204367        0.1064304524        0.0000000000
       58.7755100000        1.0000000000        1.0000000000      583.5049300850        0.0000000000        0.8869204367        0.1064304524        0.0000000000
       58.8775510000        1.0000000000        1.0000000000      452.3317247103        0.0000000000        0.8869204367        0.1064304524        0.0000000000
       58.9795920000        1.0000000000        1.0000000000      233.0447503974        0.0000000000        0.8869204367        0.1064304524        0.0000000000
       59.0816330000        1.0000000000        1.0000000000      100.8343574108        0.0000000000        0.8869204367        0.1064304524        0.0000055588
       59.1836730000        1.0000000000        1.0000000000       51.3112922675        0.0000000000        0.8869204367        0.1064304524        0.0021178474
       59.2857140000        1.0000000000        1.0000000000       33.9211885458        0.0000000000        0.8869204367        0.1064304524        0.0170681244
       59.3877550000        1.0000000000        1.0000000000       26.7514630364        0.0000000000        0.8869204367        0.1064304524        0.0403495287
       59.4897960000        1.0000000000        1.0000000000       23.2941720228        0.0000000000        0.8869204367        0.1064304524        0.0610965034
       59.5918370000        1.0000000000        1.0000000000       21.2524035672        0.0000000000        0.8869204367        0.1064304524        0.0780591483
       59.6938780000        1.0000000000        1.0000000000       19.8366013851        0.0000000000        0.8869204367        0.1064304524        0.0925142894
       59.7959180000        1.0000000000        1.0000000000       18.7698455849        0.0000000000        0.8869204367        0.1064304524        0.1051485181
       59.8979590000        1.0000000000        1.0000000000       17.9279089877        0.0000000000        0.8869204367        0.1064304524        0.1163271175
       60.0000000000        1.0000000000        1.0000000000       17.2420792104        0.0000000000        0.8869204367        0.1064304524        0.1263057776
