       55.0000000000        1.0000000000        1.0000000000        9.2843774239        0.0000000000        0.8869204367        0.1064304524        0.3282022349
       55.1020410000        1.0000000000        1.0000000000        9.3392127575        0.0000000000        0.8869204367        0.1064304524        0.3260496753
       55.2040820000        1.0000000000        1.0000000000        9.4119335410        0.0000000000        0.8869204367        0.1064304524        0.3232167834
       55.3061220000        1.0000000000        1.0000000000        9.5110686890        0.0000000000        0.8869204367        0.1064304524        0.3193945065
       55.4081630000        1.0000000000        1.0000000000        9.6659912505        0.0000000000        0.8869204367        0.1064304524        0.3135115899
       55.5102040000        1.0000000000        1.0000000000        9.9894984313        0.0000000000        0.8869204367        0.1064304524        0.3015740126
       55.6122450000        1.0000000000        1.0000000000       10.7083650828        0.0000000000        0.8869204367        0.1064304524        0.2766495296
       55.7142860000        1.0000000000        1.0000000000       11.7630195868        0.0000000000        0.8869204367        0.1064304524        0.2437621436
       55.8163270000        1.0000000000        1.0000000000       12.3970763967        0.0000000000        0.8869204367        0.1064304524        0.2259030921
       55.9183670000        1.0000000000        1.0000000000       12.2059581595        0.0000000000        0.8869204367        0.1064304524        0.2311438629
       56.0204080000        1.0000000000        1.0000000000       11.9334681590        0.0000000000        0.8869204367        0.1064304524        0.2388269187
       56.1224490000        1.0000000000        1.0000000000       12.2055326125        0.0000000000        0.8869204367        0.1064304524        0.2311556667
       56.2244900000        1.0000000000        1.0000000000       13.0023687484        0.0000000000        0.8869204367        0.1064304524        0.2100763486
       56.3265310000        1.0000000000        1.0000000000       14.2430445380        0.0000000000        0.8869204367        0.1064304524        0.1810168163
       56.4285710000        1.0000000000        1.0000000000       16.0406281688        0.0000000000        0.8869204367        0.1064304524        0.1458939370
       56.5306120000        1.0000000000        1.0000000000       18.6985909174        0.0000000000        0.8869204367        0.1064304524        0.1060514516
       56.6326530000        1.0000000000        1.0000000000       22.8095343579        0.0000000000        0.8869204367        0.1064304524        0.0647550154
       56.7346940000        1.0000000000        1.0000000000       29.6416247101        0.0000000000        0.8869204367        0.1064304524        0.0285244129
       56.8367350000        1.0000000000        1.0000000000       42.6884053083        0.0000000000        0.8869204367        0.1064304524        0.0059604539
       56.9387760000        1.0000000000        1.0000000000       75.1736104919        0.0000000000        0.8869204367        0.1064304524        0.0001208654
       57.0408160000        1.0000000000        1.0000000000      179.5339151411        0.0000000000        0.8869204367        0.1064304524        0.0000000004
       57.1428570000        1.0000000000        1.0000000000      501.0117029151        0.0000000000        0.8869204367        0.1064304524        0.0000000000
       57.2448980000        1.0000000000        1.0000000000     1193.2143497594        0.0000000000        0.8869204367        0.1064304524        0.0000000000
       57.3469390000        1.0000000000        1.0000000000     1980.9675107165        0.0000000000        0.8869204367        0.1064304524        0.0000000000
       57.4489800000        1.0000000000        1.0000000000     2102.8597503902        0.0000000000        0.8869204367        0.1064304524        0.0000000000
       57.5510200000        1.0000000000        1.0000000000     1416.7087144359        0.0000000000        0.8869204367        0.1064304524        0.0000000000
       57.6530610000        1.0000000000        1.0000000000      655.1980941070        0.0000000000        0.8869204367        0.1064304524        0.0000000000
       57.7551020000        1.0000000000        1.0000000000      258.9971072833        0.0000000000        0.8869204367        0.1064304524        0.0000000000
       57.8571430000        1.0000000000        1.0000000000      121.7225517188        0.0000000000        0.8869204367        0.1064304524        0.0000004533
       57.9591840000        1.0000000000        1.0000000000       75.9140179297        0.0000000000        0.8869204367        0.1064304524        0.0001105899
       58.0612240000        1.0000000000        1.0000000000       55.9108036860        0.0000000000        0.8869204367        0.1064304524        0.0012195218
       58.1632650000        1.0000000000        1.0000000000       44.6927121387        0.0000000000        0.8869204367        0.1064304524        0.0046862366
       58.2653060000        1.0000000000        1.0000000000       37.5176721520        0.0000000000        0.8869204367        0.1064304524        0.0110854631
       58.3673470000        1.0000000000        1.0000000000       32.5793659932        0.0000000000        0.8869204367        0.1064304524        0.0200500442
       58.4693880000        1.0000000000        1.0000000000       29.0148992421        0.0000000000        0.8869204367        0.1064304524        0.0307523794
       58.5714290000        1.0000000000        1.0000000000       26.3836047430        0.0000000000        0.8869204367        0.1064304524        0.0421705753
       58.6734690000        1.0000000000        1.0000000000       24.5927636856        0.0000000000        0.8869204367        0.1064304524        0.0522805096
       58.7755100000        1.0000000000        1.0000000000       24.1861102438        0.0000000000        0.8869204367        0.1064304524        0.0548949879
       58.8775510000        1.0000000000        1.0000000000       26.1829421782        0.0000000000        0.8869204367        0.1064304524        0.0431983464
       58.9795920000        1.0000000000        1.0000000000       29.5117824027        0.0000000000        0.8869204367        0.1064304524        0.0289723345
       59.0816330000        1.0000000000        1.0000000000       29.8082296466        0.0000000000        0.8869204367        0.1064304524        0.0279597988
       59.1836730000        1.0000000000        1.0000000000       25.5965814107        0.0000000000        0.8869204367        0.1064304524        0.0463474146
       59.2857140000        1.0000000000        1.0000000000       20.8356666513        0.0000000000        0.8869204367        0.1064304524        0.0820620182
       59.3877550000        1.0000000000        1.0000000000       18.1628610886        0.0000000000        0.8869204367        0.1064304524        0.1130931650
       59.4897960000        1.0000000000        1.0000000000       16.9883264100        0.0000000000        0.8869204367        0.1064304524        0.1302109867
       59.5918370000        1.0000000000        1.0000000000       16.3423838746        0.0000000000        0.8869204367        0.1064304524        0.1407055226
       59.6938780000        1.0000000000        1.0000000000       15.8618705812        0.0000000000        0.8869204367        0.1064304524        0.1490573020
       59.7959180000        1.0000000000        1.0000000000       15.4592910207        0.0000000000        0.8869204367        0.1064304524        0.1564349637
       59.8979590000        1.0000000000        1.0000000000       15.1092602959        0.0000000000        0.8869204367        0.1064304524        0.1631457615
       60.0000000000        1.0000000000        1.0000000000       14.7998007781        0.0000000000        0.8869204367        0.1064304524        0.1693180985
