       55.0000000000        1.0000000000        1.0000000000       11.9057310255        0.0000000000        0.8869204367        0.1064304524        0.2396231680
       55.1020410000        1.0000000000        1.0000000000       12.4995550827        0.0000000000        0.8869204367        0.1064304524        0.2231420734
       55.2040820000        1.0000000000        1.0000000000       13.2077938461        0.0000000000        0.8869204367        0.1064304524        0.2049610616
       55.3061220000        1.0000000000        1.0000000000       14.0614639111        0.0000000000        0.8869204367        0.1064304524        0.1850044002
       55.4081630000        1.0000000000        1.0000000000       15.1195570989        0.0000000000        0.8869204367        0.1064304524        0.1629443004
       55.5102040000        1.0000000000        1.0000000000       16.5331960894        0.0000000000        0.8869204367        0.1064304524        0.1375203283
       55.6122450000        1.0000000000        1.0000000000       18.5730410039        0.0000000000        0.8869204367        0.1064304524        0.1076613183
       55.7142860000        1.0000000000        1.0000000000       21.2279868751        0.0000000000        0.8869204367        0.1064304524        0.0782881972
       55.8163270000        1.0000000000        1.0000000000       23.8293215483        0.0000000000        0.8869204367        0.1064304524        0.0572963369
       55.9183670000        1.0000000000        1.0000000000       26.1335945891        0.0000000000        0.8869204367        0.1064304524        0.0434549135
       56.0204080000        1.0000000000        1.0000000000       29.0918911958        0.0000000000        0.8869204367        0.1064304524        0.0304695656
       56.1224490000        1.0000000000        1.0000000000       33.5946958685        0.0000000000        0.8869204367        0.1064304524        0.0177501111
       56.2244900000        1.0000000000        1.0000000000       40.0336918228        0.0000000000        0.8869204367        0.1064304524        0.0081965412
       56.3265310000        1.0000000000        1.0000000000       49.0104978019        0.0000000000        0.8869204367        0.1064304524        0.0027912668
       56.4285710000        1.0000000000        1.0000000000       61.7955741237        0.0000000000        0.8869204367        0.1064304524        0.0006018701
       56.5306120000        1.0000000000        1.0000000000       80.7833880408        0.0000000000        0.8869204367        0.1064304524        0.0000616519
       56.6326530000        1.0000000000        1.0000000000      110.7345720294        0.0000000000        0.8869204367        0.1064304524        0.0000016945
       56.7346940000        1.0000000000        1.0000000000      162.6165166884        0.0000000000        0.8869204367        0.1064304524        0.0000000034
       56.8367350000        1.0000000000        1.0000000000      267.6173747205        0.0000000000        0.8869204367        0.1064304524        0.0000000000
       56.9387760000        1.0000000000        1.0000000000      527.7023715732        0.0000000000        0.8869204367        0.1064304524        0.0000000000
       57.0408160000        1.0000000000        1.0000000000     1222.3795766065        0.0000000000        0.8869204367        0.1064304524        0.0000000000
       57.1428570000        1.0000000000        1.0000000000     2717.6171744201        0.0000000000        0.8869204367        0.1064304524        0.0000000000
       57.2448980000        1.0000000000        1.0000000000     4650.8692675825        0.0000000000        0.8869204367        0.1064304524        0.0000000000
       57.3469390000        1.0000000000        1.0000000000     5440.8014582190        0.0000000000        0.8869204367        0.1064304524        0.0000000000
       57.4489800000        1.0000000000        1.0000000000     4252.5208589829        0.0000000000        0.8869204367        0.1064304524        0.0000000000
       57.5510200000        1.0000000000        1.0000000000     2358.0768293436        0.0000000000        0.8869204367        0.1064304524        0.0000000000
       57.6530610000        1.0000000000        1.0000000000     1093.2780961218        0.0000000000        0.8869204367        0.1064304524        0.0000000000
       57.7551020000        1.0000000000        1.0000000000      535.5179458796        0.0000000000        0.8869204367        0.1064304524        0.0000000000
       57.8571430000        1.0000000000        1.0000000000      315.8473400071        0.0000000000        0.8869204367        0.1064304524        0.0000000000
       57.9591840000        1.0000000000        1.0000000000      216.4442405160        0.0000000000        0.8869204367        0.1064304524        0.0000000000
       58.0612240000        1.0000000000        1.0000000000      161.9945027031        0.0000000000        0.8869204367        0.1064304524        0.0000000036
       58.1632650000        1.0000000000        1.0000000000      128.0457540760        0.0000000000        0.8869204367        0.1064304524        0.0000002123
       58.2653060000        1.0000000000        1.0000000000      105.1217943342        0.0000000000        0.8869204367        0.1064304524        0.0000033231
       58.3673470000        1.0000000000        1.0000000000       88.7854811715        0.0000000000        0.8869204367        0.1064304524        0.0000236001
       58.4693880000        1.0000000000        1.0000000000       76.6756219246        0.0000000000        0.8869204367        0.1064304524        0.0001009309
       58.5714290000        1.0000000000        1.0000000000       67.4484762740        0.0000000000        0.8869204367        0.1064304524        0.0003054217
       58.6734690000        1.0000000000        1.0000000000       60.4362656811        0.0000000000        0.8869204367        0.1064304524        0.0007085061
       58.7755100000        1.0000000000        1.0000000000       55.8045605972        0.0000000000        0.8869204367        0.1064304524        0.0012351693
       58.8775510000        1.0000000000        1.0000000000       54.3526812376        0.0000000000        0.8869204367        0.1064304524        0.0014702516
       58.9795920000        1.0000000000        1.0000000000       54.9187747314        0.0000000000        0.8869204367        0.1064304524        0.0013736924
       59.0816330000        1.0000000000        1.0000000000       53.0149695138        0.0000000000        0.8869204367        0.1064304524        0.0017262630
       59.1836730000        1.0000000000        1.0000000000       46.9200552857        0.0000000000        0.8869204367        0.1064304524        0.0035871164
       59.2857140000        1.0000000000        1.0000000000       40.4394634602        0.0000000000        0.8869204367        0.1064304524        0.0078069914
       59.3877550000        1.0000000000        1.0000000000       36.2235588904        0.0000000000        0.8869204367        0.1064304524        0.0129478301
       59.4897960000        1.0000000000        1.0000000000       33.7034216425        0.0000000000        0.8869204367        0.1064304524        0.0175200280
       59.5918370000        1.0000000000        1.0000000000       31.8859736976        0.0000000000        0.8869204367        0.1064304524        0.0217897230
       59.6938780000        1.0000000000        1.0000000000       30.3760531994        0.0000000000        0.8869204367        0.1064304524        0.0261181087
       59.7959180000        1.0000000000        1.0000000000       29.0611969375        0.0000000000        0.8869204367        0.1064304524        0.0305820014
       59.8979590000        1.0000000000        1.0000000000       27.8971794265        0.0000000000        0.8869204367        0.1064304524        0.0351664938
       60.0000000000        1.0000000000        1.0000000000       26.8572144449        0.0000000000        0.8869204367        0.1064304524        0.0398407216
