       55.0000000000        1.0000000000        1.0000000000        9.5063383957        0.0000000000        0.8869204367        0.1064304524        0.3195758576
       55.1020410000        1.0000000000        1.0000000000        9.4973701669        0.0000000000        0.8869204367        0.1064304524        0.3199199662
       55.2040820000        1.0000000000        1.0000000000        9.4912051051        0.0000000000        0.8869204367        0.1064304524        0.3201567330
       55.3061220000        1.0000000000        1.0000000000        9.4924949896        0.0000000000        0.8869204367        0.1064304524        0.3201071810
       55.4081630000        1.0000000000        1.0000000000        9.5254094558        0.0000000000        0.8869204367        0.1064304524        0.3188453357
       55.5102040000        1.0000000000        1.0000000000        9.6960103612        0.0000000000        0.8869204367        0.1064304524        0.3123842610
       55.6122450000        1.0000000000        1.0000000000       10.2241862085        0.0000000000        0.8869204367        0.1064304524        0.2931994030
       55.7142860000        1.0000000000        1.0000000000       11.0444061443        0.0000000000        0.8869204367        0.1064304524        0.2657155941
       55.8163270000        1.0000000000        1.0000000000       11.3861455115        0.0000000000        0.8869204367        0.1064304524        0.2550393425
       55.9183670000        1.0000000000        1.0000000000       10.8133212755        0.0000000000        0.8869204367        0.1064304524        0.2731870501
       56.0204080000        1.0000000000        1.0000000000       10.0315953965        0.0000000000        0.8869204367        0.1064304524        0.3000544120
       56.1224490000        1.0000000000        1.0000000000        9.6242025863        0.0000000000        0.8869204367        0.1064304524        0.3150876861
       56.2244900000        1.0000000000        1.0000000000        9.5052404577        0.0000000000        0.8869204367        0.1064304524        0.3196179653
       56.3265310000        1.0000000000        1.0000000000        9.4833877320        0.0000000000        0.8869204367        0.1064304524        0.3204572080
       56.4285710000        1.0000000000        1.0000000000        9.4889903809        0.0000000000        0.8869204367        0.1064304524        0.3202418313
       56.5306120000        1.0000000000        1.0000000000        9.5085458622        0.0000000000        0.8869204367        0.1064304524        0.3194912144
       56.6326530000        1.0000000000        1.0000000000        9.5408367624        0.0000000000        0.8869204367        0.1064304524        0.3182556108
       56.7346940000        1.0000000000        1.0000000000        9.5875297135        0.0000000000        0.8869204367        0.1064304524        0.3164773621
       56.8367350000        1.0000000000        1.0000000000        9.6518254044        0.0000000000        0.8869204367        0.1064304524        0.3140449820
       56.9387760000        1.0000000000        1.0000000000        9.7384539365        0.0000000000        0.8869204367        0.1064304524        0.3107972613
       57.0408160000        1.0000000000        1.0000000000        9.8540838565        0.0000000000        0.8869204367        0.1064304524        0.3065145471
       57.1428570000        1.0000000000        1.0000000000       10.0080901950        0.0000000000        0.8869204367        0.1064304524        0.3009019474
       57.2448980000        1.0000000000        1.0000000000       10.2137981613        0.0000000000        0.8869204367        0.1064304524        0.2935651232
       57.3469390000        1.0000000000        1.0000000000       10.4905255707        0.0000000000        0.8869204367        0.1064304524        0.2839767051
       57.4489800000        1.0000000000        1.0000000000       10.8669879312        0.0000000000        0.8869204367        0.1064304524        0.2714333788
       57.5510200000        1.0000000000        1.0000000000       11.3872043192        0.0000000000        0.8869204367        0.1064304524        0.2550069401
       57.6530610000        1.0000000000        1.0000000000       12.1212883998        0.0000000000        0.8869204367        0.1064304524        0.2335043417
       57.7551020000        1.0000000000        1.0000000000       13.1862564605        0.0000000000        0.8869204367        0.1064304524        0.2054914657
       57.8571430000        1.0000000000        1.0000000000       14.7896022415        0.0000000000        0.8869204367        0.1064304524        0.1695254410
       57.9591840000        1.0000000000        1.0000000000       17.3311665646        0.0000000000        0.8869204367        0.1064304524        0.1249626998
       58.0612240000        1.0000000000        1.0000000000       21.6970005043        0.0000000000        0.8869204367        0.1064304524        0.0740037094
       58.1632650000        1.0000000000        1.0000000000       30.4736730354        0.0000000000        0.8869204367        0.1064304524        0.0258139364
       58.2653060000        1.0000000000        1.0000000000       54.3473572790        0.0000000000        0.8869204367        0.1064304524        0.0014711912
       58.3673470000        1.0000000000        1.0000000000      138.3892193219        0.0000000000        0.8869204367        0.1064304524        0.0000000613
       58.4693880000        1.0000000000        1.0000000000      399.4887103103        0.0000000000        0.8869204367        0.1064304524        0.0000000000
       58.5714290000        1.0000000000        1.0000000000      905.0584770729        0.0000000000        0.8869204367        0.1064304524        0.0000000000
       58.6734690000        1.0000000000        1.0000000000     1341.8481605269        0.0000000000        0.8869204367        0.1064304524        0.0000000000
       58.7755100000        1.0000000000        1.0000000000     1234.9306062960        0.0000000000        0.8869204367        0.1064304524        0.0000000000
       58.8775510000        1.0000000000        1.0000000000      724.3926116407        0.0000000000        0.8869204367        0.1064304524        0.0000000000
       58.9795920000        1.0000000000        1.0000000000      309.7408850892        0.0000000000        0.8869204367        0.1064304524        0.0000000000
       59.0816330000        1.0000000000        1.0000000000      130.6693555120        0.0000000000        0.8869204367        0.1064304524        0.0000001549
       59.1836730000        1.0000000000        1.0000000000       70.4098990863        0.0000000000        0.8869204367        0.1064304524        0.0002140742
       59.2857140000        1.0000000000        1.0000000000       46.6593518505        0.0000000000        0.8869204367        0.1064304524        0.0037011110
       59.3877550000        1.0000000000        1.0000000000       35.1996199893        0.0000000000        0.8869204367        0.1064304524        0.0146406350
       59.4897960000        1.0000000000        1.0000000000       29.0110290813        0.0000000000        0.8869204367        0.1064304524        0.0307666647
       59.5918370000        1.0000000000        1.0000000000       25.1897324015        0.0000000000        0.8869204367        0.1064304524        0.0486663288
       59.6938780000        1.0000000000        1.0000000000       22.5652770719        0.0000000000        0.8869204367        0.1064304524        0.0666811317
       59.7959180000        1.0000000000        1.0000000000       20.6477118683        0.0000000000        0.8869204367        0.1064304524        0.0839339227
       59.8979590000        1.0000000000        1.0000000000       19.1898830283        0.0000000000        0.8869204367        0.1064304524        0.0999799150
       60.0000000000        1.0000000000        1.0000000000       18.0483472717        0.0000000000        0.8869204367        0.1064304524        0.1146579796
