       55.0000000000        1.0000000000        1.0000000000        9.2825502443        0.0000000000        0.8869204367        0.1064304524        0.3282742049
       55.1020410000        1.0000000000        1.0000000000        9.3235695372        0.0000000000        0.8869204367        0.1064304524        0.3266623062
       55.2040820000        1.0000000000        1.0000000000        9.3751946323        0.0000000000        0.8869204367        0.1064304524        0.3246448849
       55.3061220000        1.0000000000        1.0000000000        9.4435083095        0.0000000000        0.8869204367        0.1064304524        0.3219944411
       55.4081630000        1.0000000000        1.0000000000        9.5546196440        0.0000000000        0.8869204367        0.1064304524        0.3177296683
       55.5102040000        1.0000000000        1.0000000000        9.8168187376        0.0000000000        0.8869204367        0.1064304524        0.3078882925
       55.6122450000        1.0000000000        1.0000000000       10.4498751008        0.0000000000        0.8869204367        0.1064304524        0.2853653437
       55.7142860000        1.0000000000        1.0000000000       11.3832667933        0.0000000000        0.8869204367        0.1064304524        0.2551274601
       55.8163270000        1.0000000000        1.0000000000       11.8472314663        0.0000000000        0.8869204367        0.1064304524        0.2413112280
       55.9183670000        1.0000000000        1.0000000000       11.4223432075        0.0000000000        0.8869204367        0.1064304524        0.2539339247
       56.0204080000        1.0000000000        1.0000000000       10.8276963606        0.0000000000        0.8869204367        0.1064304524        0.2727162059
       56.1224490000        1.0000000000        1.0000000000       10.6464409884        0.0000000000        0.8869204367        0.1064304524        0.2787129392
       56.2244900000        1.0000000000        1.0000000000       10.7938080391        0.0000000000        0.8869204367        0.1064304524        0.2738274913
       56.3265310000        1.0000000000        1.0000000000       11.0867452000        0.0000000000        0.8869204367        0.1064304524        0.2643690001
       56.4285710000        1.0000000000        1.0000000000       11.4679038510        0.0000000000        0.8869204367        0.1064304524        0.2525493858
       56.5306120000        1.0000000000        1.0000000000       11.9393427504        0.0000000000        0.8869204367        0.1064304524        0.2386586167
       56.6326530000        1.0000000000        1.0000000000       12.5199182836        0.0000000000        0.8869204367        0.1064304524        0.2225974726
       56.7346940000        1.0000000000        1.0000000000       13.2378896184        0.0000000000        0.8869204367        0.1064304524        0.2042221812
       56.8367350000        1.0000000000        1.0000000000       14.1323840560        0.0000000000        0.8869204367        0.1064304524        0.1834366162
       56.9387760000        1.0000000000        1.0000000000       15.2576197690        0.0000000000        0.8869204367        0.1064304524        0.1602669571
       57.0408160000        1.0000000000        1.0000000000       16.6898846854        0.0000000000        0.8869204367        0.1064304524        0.1349587420
       57.1428570000        1.0000000000        1.0000000000       18.5389623629        0.0000000000        0.8869204367        0.1064304524        0.1081024940
       57.2448980000        1.0000000000        1.0000000000       20.9670134224        0.0000000000        0.8869204367        0.1064304524        0.0807787284
       57.3469390000        1.0000000000        1.0000000000       24.2215488548        0.0000000000        0.8869204367        0.1064304524        0.0546620354
       57.4489800000        1.0000000000        1.0000000000       28.6954918022        0.0000000000        0.8869204367        0.1064304524        0.0319539647
       57.5510200000        1.0000000000        1.0000000000       35.0437314546        0.0000000000        0.8869204367        0.1064304524        0.0149170895
       57.6530610000        1.0000000000        1.0000000000       44.4284894882        0.0000000000        0.8869204367        0.1064304524        0.0048372024
       57.7551020000        1.0000000000        1.0000000000       59.0969019205        0.0000000000        0.8869204367        0.1064304524        0.0008320415
       57.8571430000        1.0000000000        1.0000000000       84.0503618137        0.0000000000        0.8869204367        0.1064304524        0.0000416569
       57.9591840000        1.0000000000        1.0000000000      133.4373519400        0.0000000000        0.8869204367        0.1064304524        0.0000001111
       58.0612240000        1.0000000000        1.0000000000      257.5605756070        0.0000000000        0.8869204367        0.1064304524        0.0000000000
       58.1632650000        1.0000000000        1.0000000000      621.6817349037        0.0000000000        0.8869204367        0.1064304524        0.0000000000
       58.2653060000        1.0000000000        1.0000000000     1536.1799268125        0.0000000000        0.8869204367        0.1064304524        0.0000000000
       58.3673470000        1.0000000000        1.0000000000     2979.6225710201        0.0000000000        0.8869204367        0.1064304524        0.0000000000
       58.4693880000        1.0000000000        1.0000000000     3928.1820042466        0.0000000000        0.8869204367        0.1064304524        0.0000000000
       58.5714290000        1.0000000000        1.0000000000     3374.4412101965        0.0000000000        0.8869204367        0.1064304524        0.0000000000
       58.6734690000        1.0000000000        1.0000000000     1959.5561043468        0.0000000000        0.8869204367        0.1064304524        0.0000000000
       58.7755100000        1.0000000000        1.0000000000      883.3171916768        0.0000000000        0.8869204367        0.1064304524        0.0000000000
       58.8775510000        1.0000000000        1.0000000000      399.7772618709        0.0000000000        0.8869204367        0.1064304524        0.0000000000
       58.9795920000        1.0000000000        1.0000000000      226.7081318247        0.0000000000        0.8869204367        0.1064304524        0.0000000000
       59.0816330000        1.0000000000        1.0000000000      156.0794316226        0.0000000000        0.8869204367        0.1064304524        0.0000000073
       59.1836730000        1.0000000000        1.0000000000      115.8976758238        0.0000000000        0.8869204367        0.1064304524        0.0000009119
       59.2857140000        1.0000000000        1.0000000000       89.4350038137        0.0000000000        0.8869204367        0.1064304524        0.0000218305
       59.3877550000        1.0000000000        1.0000000000       72.3677141524        0.0000000000        0.8869204367        0.1064304524        0.0001692513
       59.4897960000        1.0000000000        1.0000000000       61.1381898405        0.0000000000        0.8869204367        0.1064304524        0.0006512723
       59.5918370000        1.0000000000        1.0000000000       53.1833555482        0.0000000000        0.8869204367        0.1064304524        0.0016917316
       59.6938780000        1.0000000000        1.0000000000       47.2071917250        0.0000000000        0.8869204367        0.1064304524        0.0034656225
       59.7959180000        1.0000000000        1.0000000000       42.5563412881        0.0000000000        0.8869204367        0.1064304524        0.0060556658
       59.8979590000        1.0000000000        1.0000000000       38.8473812979        0.0000000000        0.8869204367        0.1064304524        0.0094505177
       60.0000000000        1.0000000000        1.0000000000       35.8319637874        0.0000000000        0.8869204367        0.1064304524        0.0135707891
