       55.0000000000        1.0000000000        1.0000000000        9.5023499349        0.0000000000        0.8869204367        0.1064304524        0.3197288481
       55.1020410000        1.0000000000        1.0000000000        9.5230484257        0.0000000000        0.8869204367        0.1064304524        0.3189356850
       55.2040820000        1.0000000000        1.0000000000        9.5535156624        0.0000000000        0.8869204367        0.1064304524        0.3177717633
       55.3061220000        1.0000000000        1.0000000000        9.6002309876        0.0000000000        0.8869204367        0.1064304524        0.3159953696
       55.4081630000        1.0000000000        1.0000000000        9.6898184046        0.0000000000        0.8869204367        0.1064304524        0.3126164596
       55.5102040000        1.0000000000        1.0000000000        9.9315238244        0.0000000000        0.8869204367        0.1064304524        0.3036793637
       55.6122450000        1.0000000000        1.0000000000       10.5485368371        0.0000000000        0.8869204367        0.1064304524        0.2820067082
       55.7142860000        1.0000000000        1.0000000000       11.4782626108        0.0000000000        0.8869204367        0.1064304524        0.2522356490
       55.8163270000        1.0000000000        1.0000000000       11.9568803052        0.0000000000        0.8869204367        0.1064304524        0.2381568862
       55.9183670000        1.0000000000        1.0000000000       11.5629719936        0.0000000000        0.8869204367        0.1064304524        0.2496846296
       56.0204080000        1.0000000000        1.0000000000       11.0200072784        0.0000000000        0.8869204367        0.1064304524        0.2664947132
       56.1224490000        1.0000000000        1.0000000000       10.9312032448        0.0000000000        0.8869204367        0.1064304524        0.2693497954
       56.2244900000        1.0000000000        1.0000000000       11.2412620614        0.0000000000        0.8869204367        0.1064304524        0.2595122303
       56.3265310000        1.0000000000        1.0000000000       11.8092683889        0.0000000000        0.8869204367        0.1064304524        0.2424130459
       56.4285710000        1.0000000000        1.0000000000       12.6476165777        0.0000000000        0.8869204367        0.1064304524        0.2192124366
       56.5306120000        1.0000000000        1.0000000000       13.8818386924        0.0000000000        0.8869204367        0.1064304524        0.1890354637
       56.6326530000        1.0000000000        1.0000000000       15.7618707493        0.0000000000        0.8869204367        0.1064304524        0.1508567618
       56.7346940000        1.0000000000        1.0000000000       18.7856049645        0.0000000000        0.8869204367        0.1064304524        0.1049498570
       56.8367350000        1.0000000000        1.0000000000       24.1035388569        0.0000000000        0.8869204367        0.1064304524        0.0554416223
       56.9387760000        1.0000000000        1.0000000000       35.3461370490        0.0000000000        0.8869204367        0.1064304524        0.0143854724
       57.0408160000        1.0000000000        1.0000000000       68.3560636422        0.0000000000        0.8869204367        0.1064304524        0.0002739054
       57.1428570000        1.0000000000        1.0000000000      186.4422003070        0.0000000000        0.8869204367        0.1064304524        0.0000000002
       57.2448980000        1.0000000000        1.0000000000      526.2372789431        0.0000000000        0.8869204367        0.1064304524        0.0000000000
       57.3469390000        1.0000000000        1.0000000000     1091.2688768091        0.0000000000        0.8869204367        0.1064304524        0.0000000000
       57.4489800000        1.0000000000        1.0000000000     1438.3554507970        0.0000000000        0.8869204367        0.1064304524        0.0000000000
       57.5510200000        1.0000000000        1.0000000000     1165.2027551774        0.0000000000        0.8869204367        0.1064304524        0.0000000000
       57.6530610000        1.0000000000        1.0000000000      607.1830787936        0.0000000000        0.8869204367        0.1064304524        0.0000000000
       57.7551020000        1.0000000000        1.0000000000      239.2595736172        0.0000000000        0.8869204367        0.1064304524        0.0000000000
       57.8571430000        1.0000000000        1.0000000000      100.1756468011        0.0000000000        0.8869204367        0.1064304524        0.0000060161
       57.9591840000        1.0000000000        1.0000000000       57.4793375608        0.0000000000        0.8869204367        0.1064304524        0.0010102873
       58.0612240000        1.0000000000        1.0000000000       41.4946710648        0.0000000000        0.8869204367        0.1064304524        0.0068784597
       58.1632650000        1.0000000000        1.0000000000       33.2804458421        0.0000000000        0.8869204367        0.1064304524        0.0184322487
       58.2653060000        1.0000000000        1.0000000000       28.2355150216        0.0000000000        0.8869204367        0.1064304524        0.0337673202
       58.3673470000        1.0000000000        1.0000000000       24.8495774798        0.0000000000        0.8869204367        0.1064304524        0.0506939200
       58.4693880000        1.0000000000        1.0000000000       22.4536940200        0.0000000000        0.8869204367        0.1064304524        0.0675799943
       58.5714290000        1.0000000000        1.0000000000       20.7277159983        0.0000000000        0.8869204367        0.1064304524        0.0831319712
       58.6734690000        1.0000000000        1.0000000000       19.6566019055        0.0000000000        0.8869204367        0.1064304524        0.0945343301
       58.7755100000        1.0000000000        1.0000000000       19.8352552403        0.0000000000        0.8869204367        0.1064304524        0.0925292351
       58.8775510000        1.0000000000        1.0000000000       22.3112509356        0.0000000000        0.8869204367        0.1064304524        0.0687450798
       58.9795920000        1.0000000000        1.0000000000       26.0221335530        0.0000000000        0.8869204367        0.1064304524        0.0440400414
       59.0816330000        1.0000000000        1.0000000000       26.6206038845        0.0000000000        0.8869204367        0.1064304524        0.0409881423
       59.1836730000        1.0000000000        1.0000000000       22.6701121748        0.0000000000        0.8869204367        0.1064304524        0.0658475234
       59.2857140000        1.0000000000        1.0000000000       18.1527587564        0.0000000000        0.8869204367        0.1064304524        0.1132303487
       59.3877550000        1.0000000000        1.0000000000       15.7011630225        0.0000000000        0.8869204367        0.1064304524        0.1519597550
       59.4897960000        1.0000000000        1.0000000000       14.7203004848        0.0000000000        0.8869204367        0.1064304524        0.1709411287
       59.5918370000        1.0000000000        1.0000000000       14.2433730791        0.0000000000        0.8869204367        0.1064304524        0.1810096798
       59.6938780000        1.0000000000        1.0000000000       13.9117439541        0.0000000000        0.8869204367        0.1064304524        0.1883583008
       59.7959180000        1.0000000000        1.0000000000       13.6413636845        0.0000000000        0.8869204367        0.1064304524        0.1945699302
       59.8979590000        1.0000000000        1.0000000000       13.4093528803        0.0000000000        0.8869204367        0.1064304524        0.2000631233
       60.0000000000        1.0000000000        1.0000000000       13.2056328521        0.0000000000        0.8869204367        0.1064304524        0.2050142188
