       55.0000000000        1.0000000000        1.0000000000        9.1950634704        0.0000000000        0.8869204367        0.1064304524        0.3317387172
       55.1020410000        1.0000000000        1.0000000000        9.2123845653        0.0000000000        0.8869204367        0.1064304524        0.3310499039
       55.2040820000        1.0000000000        1.0000000000        9.2384920895        0.0000000000        0.8869204367        0.1064304524        0.3300143797
       55.3061220000        1.0000000000        1.0000000000        9.2793619980        0.0000000000        0.8869204367        0.1064304524        0.3283998232
       55.4081630000        1.0000000000        1.0000000000        9.3609408227        0.0000000000        0.8869204367        0.1064304524        0.3252006512
       55.5102040000        1.0000000000        1.0000000000        9.5914340704        0.0000000000        0.8869204367        0.1064304524        0.3163291200
       55.6122450000        1.0000000000        1.0000000000       10.1916882384        0.0000000000        0.8869204367        0.1064304524        0.2943450417
       55.7142860000        1.0000000000        1.0000000000       11.0944632749        0.0000000000        0.8869204367        0.1064304524        0.2641242631
       55.8163270000        1.0000000000        1.0000000000       11.5315054126        0.0000000000        0.8869204367        0.1064304524        0.2506292184
       55.9183670000        1.0000000000        1.0000000000       11.0794067525        0.0000000000        0.8869204367        0.1064304524        0.2646019096
       56.0204080000        1.0000000000        1.0000000000       10.4554852912        0.0000000000        0.8869204367        0.1064304524        0.2851732938
       56.1224490000        1.0000000000        1.0000000000       10.2476622974        0.0000000000        0.8869204367        0.1064304524        0.2923745844
       56.2244900000        1.0000000000        1.0000000000       10.3772670795        0.0000000000        0.8869204367        0.1064304524        0.2878625846
       56.3265310000        1.0000000000        1.0000000000       10.6673503140        0.0000000000        0.8869204367        0.1064304524        0.2780144919
       56.4285710000        1.0000000000        1.0000000000       11.0692344128        0.0000000000        0.8869204367        0.1064304524        0.2649251013
       56.5306120000        1.0000000000        1.0000000000       11.5987200752        0.0000000000        0.8869204367        0.1064304524        0.2486158341
       56.6326530000        1.0000000000        1.0000000000       12.2965887241        0.0000000000        0.8869204367        0.1064304524        0.2286436395
       56.7346940000        1.0000000000        1.0000000000       13.2265847165        0.0000000000        0.8869204367        0.1064304524        0.2044994146
       56.8367350000        1.0000000000        1.0000000000       14.4866708218        0.0000000000        0.8869204367        0.1064304524        0.1758013704
       56.9387760000        1.0000000000        1.0000000000       16.2317962780        0.0000000000        0.8869204367        0.1064304524        0.1425852014
       57.0408160000        1.0000000000        1.0000000000       18.7179584447        0.0000000000        0.8869204367        0.1064304524        0.1058052633
       57.1428570000        1.0000000000        1.0000000000       22.3933278274        0.0000000000        0.8869204367        0.1064304524        0.0680713173
       57.2448980000        1.0000000000        1.0000000000       28.1065591447        0.0000000000        0.8869204367        0.1064304524        0.0342939235
       57.3469390000        1.0000000000        1.0000000000       37.6815630255        0.0000000000        0.8869204367        0.1064304524        0.0108695762
       57.4489800000        1.0000000000        1.0000000000       56.0758770875        0.0000000000        0.8869204367        0.1064304524        0.0011956022
       57.5510200000        1.0000000000        1.0000000000      101.7134011132        0.0000000000        0.8869204367        0.1064304524        0.0000050023
       57.6530610000        1.0000000000        1.0000000000      248.0551834887        0.0000000000        0.8869204367        0.1064304524        0.0000000000
       57.7551020000        1.0000000000        1.0000000000      690.2823606239        0.0000000000        0.8869204367        0.1064304524        0.0000000000
       57.8571430000        1.0000000000        1.0000000000     1574.0388096274        0.0000000000        0.8869204367        0.1064304524        0.0000000000
       57.9591840000        1.0000000000        1.0000000000     2419.3045061579        0.0000000000        0.8869204367        0.1064304524        0.0000000000
       58.0612240000        1.0000000000        1.0000000000     2344.7541061730        0.0000000000        0.8869204367        0.1064304524        0.0000000000
       58.1632650000        1.0000000000        1.0000000000     1454.4200295583        0.0000000000        0.8869204367        0.1064304524        0.0000000000
       58.2653060000        1.0000000000        1.0000000000      643.0824426139        0.0000000000        0.8869204367        0.1064304524        0.0000000000
       58.3673470000        1.0000000000        1.0000000000      260.5695096522        0.0000000000        0.8869204367        0.1064304524        0.0000000000
       58.4693880000        1.0000000000        1.0000000000      130.7345965046        0.0000000000        0.8869204367        0.1064304524        0.0000001537
       58.5714290000        1.0000000000        1.0000000000       84.7537198564        0.0000000000        0.8869204367        0.1064304524        0.0000382852
       58.6734690000        1.0000000000        1.0000000000       63.4942277801        0.0000000000        0.8869204367        0.1064304524        0.0004908817
       58.7755100000        1.0000000000        1.0000000000       52.2154563782        0.0000000000        0.8869204367        0.1064304524        0.0019000886
       58.8775510000        1.0000000000        1.0000000000       47.4048931806        0.0000000000        0.8869204367        0.1064304524        0.0033843711
       58.9795920000        1.0000000000        1.0000000000       46.2195743332        0.0000000000        0.8869204367        0.1064304524        0.0039016766
       59.0816330000        1.0000000000        1.0000000000       43.4064968026        0.0000000000        0.8869204367        0.1064304524        0.0054683431
       59.1836730000        1.0000000000        1.0000000000       36.9327618887        0.0000000000        0.8869204367        0.1064304524        0.0118914999
       59.2857140000        1.0000000000        1.0000000000       30.4350968313        0.0000000000        0.8869204367        0.1064304524        0.0259337098
       59.3877550000        1.0000000000        1.0000000000       26.4105228702        0.0000000000        0.8869204367        0.1064304524        0.0420345767
       59.4897960000        1.0000000000        1.0000000000       24.1893236445        0.0000000000        0.8869204367        0.1064304524        0.0548738241
       59.5918370000        1.0000000000        1.0000000000       22.7334559245        0.0000000000        0.8869204367        0.1064304524        0.0653488974
       59.6938780000        1.0000000000        1.0000000000       21.6289497127        0.0000000000        0.8869204367        0.1064304524        0.0746105049
       59.7959180000        1.0000000000        1.0000000000       20.7561355213        0.0000000000        0.8869204367        0.1064304524        0.0828489455
       59.8979590000        1.0000000000        1.0000000000       20.0723481066        0.0000000000        0.8869204367        0.1064304524        0.0899337696
       60.0000000000        1.0000000000        1.0000000000       19.5613746502        0.0000000000        0.8869204367        0.1064304524        0.0956207953
