       55.0000000000        1.0000000000        1.0000000000        9.7375218640        0.0000000000        0.8869204367        0.1064304524        0.3108320255
       55.1020410000        1.0000000000        1.0000000000        9.7802207695        0.0000000000        0.8869204367        0.1064304524        0.3092434364
       55.2040820000        1.0000000000        1.0000000000        9.8364756858        0.0000000000        0.8869204367        0.1064304524        0.3071628911
       55.3061220000        1.0000000000        1.0000000000        9.9135067635        0.0000000000        0.8869204367        0.1064304524        0.3043366431
       55.4081630000        1.0000000000        1.0000000000       10.0389085831        0.0000000000        0.8869204367        0.1064304524        0.2997912050
       55.5102040000        1.0000000000        1.0000000000       10.3230526629        0.0000000000        0.8869204367        0.1064304524        0.2897414459
       55.6122450000        1.0000000000        1.0000000000       10.9894576509        0.0000000000        0.8869204367        0.1064304524        0.2674734639
       55.7142860000        1.0000000000        1.0000000000       11.9741382961        0.0000000000        0.8869204367        0.1064304524        0.2376641835
       55.8163270000        1.0000000000        1.0000000000       12.5139839581        0.0000000000        0.8869204367        0.1064304524        0.2227560450
       55.9183670000        1.0000000000        1.0000000000       12.1939800341        0.0000000000        0.8869204367        0.1064304524        0.2314763422
       56.0204080000        1.0000000000        1.0000000000       11.7426232929        0.0000000000        0.8869204367        0.1064304524        0.2443594957
       56.1224490000        1.0000000000        1.0000000000       11.7626993662        0.0000000000        0.8869204367        0.1064304524        0.2437715107
       56.2244900000        1.0000000000        1.0000000000       12.1975878643        0.0000000000        0.8869204367        0.1064304524        0.2313761486
       56.3265310000        1.0000000000        1.0000000000       12.9046096765        0.0000000000        0.8869204367        0.1064304524        0.2125552847
       56.4285710000        1.0000000000        1.0000000000       13.8889907475        0.0000000000        0.8869204367        0.1064304524        0.1888732942
       56.5306120000        1.0000000000        1.0000000000       15.2542098050        0.0000000000        0.8869204367        0.1064304524        0.1603325511
       56.6326530000        1.0000000000        1.0000000000       17.1900864765        0.0000000000        0.8869204367        0.1064304524        0.1270962790
       56.7346940000        1.0000000000        1.0000000000       20.0282627238        0.0000000000        0.8869204367        0.1064304524        0.0904108021
       56.8367350000        1.0000000000        1.0000000000       24.3851029218        0.0000000000        0.8869204367        0.1064304524        0.0535996709
       56.9387760000        1.0000000000        1.0000000000       31.5392956127        0.0000000000        0.8869204367        0.1064304524        0.0227153250
       57.0408160000        1.0000000000        1.0000000000       44.7383333138        0.0000000000        0.8869204367        0.1064304524        0.0046606517
       57.1428570000        1.0000000000        1.0000000000       75.2957456215        0.0000000000        0.8869204367        0.1064304524        0.0001191069
       57.2448980000        1.0000000000        1.0000000000      170.2592273077        0.0000000000        0.8869204367        0.1064304524        0.0000000013
       57.3469390000        1.0000000000        1.0000000000      477.8435392947        0.0000000000        0.8869204367        0.1064304524        0.0000000000
       57.4489800000        1.0000000000        1.0000000000     1187.3256247454        0.0000000000        0.8869204367        0.1064304524        0.0000000000
       57.5510200000        1.0000000000        1.0000000000     2045.3652187313        0.0000000000        0.8869204367        0.1064304524        0.0000000000
       57.6530610000        1.0000000000        1.0000000000     2223.5726605003        0.0000000000        0.8869204367        0.1064304524        0.0000000000
       57.7551020000        1.0000000000        1.0000000000     1520.9242331550        0.0000000000        0.8869204367        0.1064304524        0.0000000000
       57.8571430000        1.0000000000        1.0000000000      710.5617474674        0.0000000000        0.8869204367        0.1064304524        0.0000000000
       57.9591840000        1.0000000000        1.0000000000      282.1332475633        0.0000000000        0.8869204367        0.1064304524        0.0000000000
       58.0612240000        1.0000000000        1.0000000000      132.2471146357        0.0000000000        0.8869204367        0.1064304524        0.0000001282
       58.1632650000        1.0000000000        1.0000000000       82.1149471597        0.0000000000        0.8869204367        0.1064304524        0.0000525475
       58.2653060000        1.0000000000        1.0000000000       60.3086606653        0.0000000000        0.8869204367        0.1064304524        0.0007194387
       58.3673470000        1.0000000000        1.0000000000       48.1329006969        0.0000000000        0.8869204367        0.1064304524        0.0031012560
       58.4693880000        1.0000000000        1.0000000000       40.3803867849        0.0000000000        0.8869204367        0.1064304524        0.0078625334
       58.5714290000        1.0000000000        1.0000000000       35.1035711480        0.0000000000        0.8869204367        0.1064304524        0.0148103571
       58.6734690000        1.0000000000        1.0000000000       31.5384552210        0.0000000000        0.8869204367        0.1064304524        0.0227176159
       58.7755100000        1.0000000000        1.0000000000       29.8860942478        0.0000000000        0.8869204367        0.1064304524        0.0276997661
       58.8775510000        1.0000000000        1.0000000000       30.9804347187        0.0000000000        0.8869204367        0.1064304524        0.0242909320
       58.9795920000        1.0000000000        1.0000000000       33.6493973893        0.0000000000        0.8869204367        0.1064304524        0.0176339777
       59.0816330000        1.0000000000        1.0000000000       33.4586680842        0.0000000000        0.8869204367        0.1064304524        0.0180422298
       59.1836730000        1.0000000000        1.0000000000       28.8670412858        0.0000000000        0.8869204367        0.1064304524        0.0313028868
       59.2857140000        1.0000000000        1.0000000000       23.7923912022        0.0000000000        0.8869204367        0.1064304524        0.0575508172
       59.3877550000        1.0000000000        1.0000000000       20.8603292060        0.0000000000        0.8869204367        0.1064304524        0.0818195141
       59.4897960000        1.0000000000        1.0000000000       19.4745681089        0.0000000000        0.8869204367        0.1064304524        0.0966220625
       59.5918370000        1.0000000000        1.0000000000       18.6558757950        0.0000000000        0.8869204367        0.1064304524        0.1065964473
       59.6938780000        1.0000000000        1.0000000000       18.0323372410        0.0000000000        0.8869204367        0.1064304524        0.1148784727
       59.7959180000        1.0000000000        1.0000000000       17.5099412539        0.0000000000        0.8869204367        0.1064304524        0.1223104309
       59.8979590000        1.0000000000        1.0000000000       17.0584803348        0.0000000000        0.8869204367        0.1064304524        0.1291194105
       60.0000000000        1.0000000000        1.0000000000       16.6622907744        0.0000000000        0.8869204367        0.1064304524        0.1354063674
