       55.0000000000        1.0000000000        1.0000000000        9.6912538571        0.0000000000        0.8869204367        0.1064304524        0.3125626147
       55.1020410000        1.0000000000        1.0000000000        9.6864213170        0.0000000000        0.8869204367        0.1064304524        0.3127439238
       55.2040820000        1.0000000000        1.0000000000        9.6856311039        0.0000000000        0.8869204367        0.1064304524        0.3127735814
       55.3061220000        1.0000000000        1.0000000000        9.6938940027        0.0000000000        0.8869204367        0.1064304524        0.3124636051
       55.4081630000        1.0000000000        1.0000000000        9.7358302969        0.0000000000        0.8869204367        0.1064304524        0.3108951271
       55.5102040000        1.0000000000        1.0000000000        9.9181342083        0.0000000000        0.8869204367        0.1064304524        0.3041676939
       55.6122450000        1.0000000000        1.0000000000       10.4619957013        0.0000000000        0.8869204367        0.1064304524        0.2849505894
       55.7142860000        1.0000000000        1.0000000000       11.3043725999        0.0000000000        0.8869204367        0.1064304524        0.2575542988
       55.8163270000        1.0000000000        1.0000000000       11.6770246053        0.0000000000        0.8869204367        0.1064304524        0.2462906460
       55.9183670000        1.0000000000        1.0000000000       11.1446314397        0.0000000000        0.8869204367        0.1064304524        0.2625389642
       56.0204080000        1.0000000000        1.0000000000       10.4154605645        0.0000000000        0.8869204367        0.1064304524        0.2865462663
       56.1224490000        1.0000000000        1.0000000000       10.0796000703        0.0000000000        0.8869204367        0.1064304524        0.2983308992
       56.2244900000        1.0000000000        1.0000000000       10.0611679228        0.0000000000        0.8869204367        0.1064304524        0.2989914950
       56.3265310000        1.0000000000        1.0000000000       10.1834193141        0.0000000000        0.8869204367        0.1064304524        0.2946372567
       56.4285710000        1.0000000000        1.0000000000       10.4004033514        0.0000000000        0.8869204367        0.1064304524        0.2870644850
       56.5306120000        1.0000000000        1.0000000000       10.7397754103        0.0000000000        0.8869204367        0.1064304524        0.2756087341
       56.6326530000        1.0000000000        1.0000000000       11.2763966091        0.0000000000        0.8869204367        0.1064304524        0.2584203922
       56.7346940000        1.0000000000        1.0000000000       12.1659710350        0.0000000000        0.8869204367        0.1064304524        0.2322556616
       56.8367350000        1.0000000000        1.0000000000       13.7825271829        0.0000000000        0.8869204367        0.1064304524        0.1913017486
       56.9387760000        1.0000000000        1.0000000000       17.4117345147        0.0000000000        0.8869204367        0.1064304524        0.1237603627
       57.0408160000        1.0000000000        1.0000000000       29.2248862401        0.0000000000        0.8869204367        0.1064304524        0.0299871492
       57.1428570000        1.0000000000        1.0000000000       74.5894265149        0.0000000000        0.8869204367        0.1064304524        0.0001296423
       57.2448980000        1.0000000000        1.0000000000      205.5112543240        0.0000000000        0.8869204367        0.1064304524        0.0000000000
       57.3469390000        1.0000000000        1.0000000000      412.3311461066        0.0000000000        0.8869204367        0.1064304524        0.0000000000
       57.4489800000        1.0000000000        1.0000000000      517.9729049363        0.0000000000        0.8869204367        0.1064304524        0.0000000000
       57.5510200000        1.0000000000        1.0000000000      396.2018728151        0.0000000000        0.8869204367        0.1064304524        0.0000000000
       57.6530610000        1.0000000000        1.0000000000      195.9335191876        0.0000000000        0.8869204367        0.1064304524        0.0000000001
       57.7551020000        1.0000000000        1.0000000000       76.8887358800        0.0000000000        0.8869204367        0.1064304524        0.0000983824
       57.8571430000        1.0000000000        1.0000000000       35.6467448650        0.0000000000        0.8869204367        0.1064304524        0.0138757942
       57.9591840000        1.0000000000        1.0000000000       23.6654465782        0.0000000000        0.8869204367        0.1064304524        0.0584342207
       58.0612240000        1.0000000000        1.0000000000       19.1827300507        0.0000000000        0.8869204367        0.1064304524        0.1000657703
       58.1632650000        1.0000000000        1.0000000000       16.8458641141        0.0000000000        0.8869204367        0.1064304524        0.1324561418
       58.2653060000        1.0000000000        1.0000000000       15.4078613742        0.0000000000        0.8869204367        0.1064304524        0.1574033964
       58.3673470000        1.0000000000        1.0000000000       14.4567160786        0.0000000000        0.8869204367        0.1064304524        0.1764344377
       58.4693880000        1.0000000000        1.0000000000       13.8129151187        0.0000000000        0.8869204367        0.1064304524        0.1906054271
       58.5714290000        1.0000000000        1.0000000000       13.4138487467        0.0000000000        0.8869204367        0.1064304524        0.1999552176
       58.6734690000        1.0000000000        1.0000000000       13.3948147013        0.0000000000        0.8869204367        0.1064304524        0.2004124544
       58.7755100000        1.0000000000        1.0000000000       14.4446982222        0.0000000000        0.8869204367        0.1064304524        0.1766890649
       58.8775510000        1.0000000000        1.0000000000       17.6650833065        0.0000000000        0.8869204367        0.1064304524        0.1200544371
       58.9795920000        1.0000000000        1.0000000000       22.0181010116        0.0000000000        0.8869204367        0.1064304524        0.0712064324
       59.0816330000        1.0000000000        1.0000000000       23.1933597986        0.0000000000        0.8869204367        0.1064304524        0.0618401051
       59.1836730000        1.0000000000        1.0000000000       19.8248970797        0.0000000000        0.8869204367        0.1064304524        0.0926443186
       59.2857140000        1.0000000000        1.0000000000       15.9479099703        0.0000000000        0.8869204367        0.1064304524        0.1475262436
       59.3877550000        1.0000000000        1.0000000000       14.2175261093        0.0000000000        0.8869204367        0.1064304524        0.1815719776
       59.4897960000        1.0000000000        1.0000000000       14.0744522403        0.0000000000        0.8869204367        0.1064304524        0.1847162770
       59.5918370000        1.0000000000        1.0000000000       14.6217269642        0.0000000000        0.8869204367        0.1064304524        0.1729751674
       59.6938780000        1.0000000000        1.0000000000       15.6112291633        0.0000000000        0.8869204367        0.1064304524        0.1536085955
       59.7959180000        1.0000000000        1.0000000000       17.1365849087        0.0000000000        0.8869204367        0.1064304524        0.1279148860
       59.8979590000        1.0000000000        1.0000000000       19.4828528852        0.0000000000        0.8869204367        0.1064304524        0.0965260512
       60.0000000000        1.0000000000        1.0000000000       23.2242996831        0.0000000000        0.8869204367        0.1064304524        0.0616109317
