       55.0000000000        1.0000000000        1.0000000000       10.1391899559        0.0000000000        0.8869204367        0.1064304524        0.2962052080
       55.1020410000        1.0000000000        1.0000000000       10.3347193575        0.0000000000        0.8869204367        0.1064304524        0.2893360907
       55.2040820000        1.0000000000        1.0000000000       10.5824684840        0.0000000000        0.8869204367        0.1064304524        0.2808607685
       55.3061220000        1.0000000000        1.0000000000       10.9016998311        0.0000000000        0.8869204367        0.1064304524        0.2703050941
       55.4081630000        1.0000000000        1.0000000000       11.3368686817        0.0000000000        0.8869204367        0.1064304524        0.2565519138
       55.5102040000        1.0000000000        1.0000000000       12.0220030442        0.0000000000        0.8869204367        0.1064304524        0.2363030080
       55.6122450000        1.0000000000        1.0000000000       13.2126254695        0.0000000000        0.8869204367        0.1064304524        0.2048422606
       55.7142860000        1.0000000000        1.0000000000       14.8888819379        0.0000000000        0.8869204367        0.1064304524        0.1675177719
       55.8163270000        1.0000000000        1.0000000000       16.3621546092        0.0000000000        0.8869204367        0.1064304524        0.1403720961
       55.9183670000        1.0000000000        1.0000000000       17.3463608492        0.0000000000        0.8869204367        0.1064304524        0.1247350611
       56.0204080000        1.0000000000        1.0000000000       18.7734855496        0.0000000000        0.8869204367        0.1064304524        0.1051025997
       56.1224490000        1.0000000000        1.0000000000       21.5875345147        0.0000000000        0.8869204367        0.1064304524        0.0749822289
       56.2244900000        1.0000000000        1.0000000000       26.3658113524        0.0000000000        0.8869204367        0.1064304524        0.0422607144
       56.3265310000        1.0000000000        1.0000000000       34.2771868743        0.0000000000        0.8869204367        0.1064304524        0.0163543326
       56.4285710000        1.0000000000        1.0000000000       48.5498565360        0.0000000000        0.8869204367        0.1064304524        0.0029499036
       56.5306120000        1.0000000000        1.0000000000       80.1868602679        0.0000000000        0.8869204367        0.1064304524        0.0000662269
       56.6326530000        1.0000000000        1.0000000000      175.0379750979        0.0000000000        0.8869204367        0.1064304524        0.0000000008
       56.7346940000        1.0000000000        1.0000000000      484.4554632773        0.0000000000        0.8869204367        0.1064304524        0.0000000000
       56.8367350000        1.0000000000        1.0000000000     1229.3774142572        0.0000000000        0.8869204367        0.1064304524        0.0000000000
       56.9387760000        1.0000000000        1.0000000000     2194.5008699453        0.0000000000        0.8869204367        0.1064304524        0.0000000000
       57.0408160000        1.0000000000        1.0000000000     2486.6531642123        0.0000000000        0.8869204367        0.1064304524        0.0000000000
       57.1428570000        1.0000000000        1.0000000000     1769.3731610062        0.0000000000        0.8869204367        0.1064304524        0.0000000000
       57.2448980000        1.0000000000        1.0000000000      851.9407597721        0.0000000000        0.8869204367        0.1064304524        0.0000000000
       57.3469390000        1.0000000000        1.0000000000      340.9594932864        0.0000000000        0.8869204367        0.1064304524        0.0000000000
       57.4489800000        1.0000000000        1.0000000000      156.8756188432        0.0000000000        0.8869204367        0.1064304524        0.0000000067
       57.5510200000        1.0000000000        1.0000000000       95.1918829777        0.0000000000        0.8869204367        0.1064304524        0.0000109406
       57.6530610000        1.0000000000        1.0000000000       68.7550913556        0.0000000000        0.8869204367        0.1064304524        0.0002610990
       57.7551020000        1.0000000000        1.0000000000       54.1611977557        0.0000000000        0.8869204367        0.1064304524        0.0015044262
       57.8571430000        1.0000000000        1.0000000000       44.9181341468        0.0000000000        0.8869204367        0.1064304524        0.0045611701
       57.9591840000        1.0000000000        1.0000000000       38.5959750024        0.0000000000        0.8869204367        0.1064304524        0.0097399723
       58.0612240000        1.0000000000        1.0000000000       34.0408185025        0.0000000000        0.8869204367        0.1064304524        0.0168248517
       58.1632650000        1.0000000000        1.0000000000       30.6291980629        0.0000000000        0.8869204367        0.1064304524        0.0253366385
       58.2653060000        1.0000000000        1.0000000000       27.9967190282        0.0000000000        0.8869204367        0.1064304524        0.0347489375
       58.3673470000        1.0000000000        1.0000000000       25.9187085306        0.0000000000        0.8869204367        0.1064304524        0.0445900284
       58.4693880000        1.0000000000        1.0000000000       24.2546897140        0.0000000000        0.8869204367        0.1064304524        0.0544450814
       58.5714290000        1.0000000000        1.0000000000       22.9386194732        0.0000000000        0.8869204367        0.1064304524        0.0637596753
       58.6734690000        1.0000000000        1.0000000000       22.0880702073        0.0000000000        0.8869204367        0.1064304524        0.0706110646
       58.7755100000        1.0000000000        1.0000000000       22.3718870990        0.0000000000        0.8869204367        0.1064304524        0.0682466827
       58.8775510000        1.0000000000        1.0000000000       24.8866847161        0.0000000000        0.8869204367        0.1064304524        0.0504686884
       58.9795920000        1.0000000000        1.0000000000       28.6098651297        0.0000000000        0.8869204367        0.1064304524        0.0322839907
       59.0816330000        1.0000000000        1.0000000000       29.2108584868        0.0000000000        0.8869204367        0.1064304524        0.0300376700
       59.1836730000        1.0000000000        1.0000000000       25.2396183238        0.0000000000        0.8869204367        0.1064304524        0.0483758673
       59.2857140000        1.0000000000        1.0000000000       20.6726058094        0.0000000000        0.8869204367        0.1064304524        0.0836835633
       59.3877550000        1.0000000000        1.0000000000       18.1578166282        0.0000000000        0.8869204367        0.1064304524        0.1131616450
       59.4897960000        1.0000000000        1.0000000000       17.1129596562        0.0000000000        0.8869204367        0.1064304524        0.1282780432
       59.5918370000        1.0000000000        1.0000000000       16.5746804282        0.0000000000        0.8869204367        0.1064304524        0.1368374367
       59.6938780000        1.0000000000        1.0000000000       16.1849015456        0.0000000000        0.8869204367        0.1064304524        0.1433898427
       59.7959180000        1.0000000000        1.0000000000       15.8601422214        0.0000000000        0.8869204367        0.1064304524        0.1490882202
       59.8979590000        1.0000000000        1.0000000000       15.5782927283        0.0000000000        0.8869204367        0.1064304524        0.1542169152
       60.0000000000        1.0000000000        1.0000000000       15.3301923256        0.0000000000        0.8869204367        0.1064304524        0.1588772990
