       55.0000000000        1.0000000000        1.0000000000        9.9431609994        0.0000000000        0.8869204367        0.1064304524        0.3032555833
       55.1020410000        1.0000000000        1.0000000000        9.9944871450        0.0000000000        0.8869204367        0.1064304524        0.3013935306
       55.2040820000        1.0000000000        1.0000000000       10.0615812323        0.0000000000        0.8869204367        0.1064304524        0.2989766663
       55.3061220000        1.0000000000        1.0000000000       10.1523920769        0.0000000000        0.8869204367        0.1064304524        0.2957363150
       55.4081630000        1.0000000000        1.0000000000       10.2955140079        0.0000000000        0.8869204367        0.1064304524        0.2907005205
       55.5102040000        1.0000000000        1.0000000000       10.6027174742        0.0000000000        0.8869204367        0.1064304524        0.2801791394
       55.6122450000        1.0000000000        1.0000000000       11.2995867115        0.0000000000        0.8869204367        0.1064304524        0.2577022564
       55.7142860000        1.0000000000        1.0000000000       12.3252244582        0.0000000000        0.8869204367        0.1064304524        0.2278593025
       55.8163270000        1.0000000000        1.0000000000       12.9207973815        0.0000000000        0.8869204367        0.1064304524        0.2121427916
       55.9183670000        1.0000000000        1.0000000000       12.6771265681        0.0000000000        0.8869204367        0.1064304524        0.2184375346
       56.0204080000        1.0000000000        1.0000000000       12.3319513768        0.0000000000        0.8869204367        0.1064304524        0.2276754418
       56.1224490000        1.0000000000        1.0000000000       12.5032635645        0.0000000000        0.8869204367        0.1064304524        0.2230427933
       56.2244900000        1.0000000000        1.0000000000       13.1587117596        0.0000000000        0.8869204367        0.1064304524        0.2061718136
       56.3265310000        1.0000000000        1.0000000000       14.1961070407        0.0000000000        0.8869204367        0.1064304524        0.1820392702
       56.4285710000        1.0000000000        1.0000000000       15.6916458587        0.0000000000        0.8869204367        0.1064304524        0.1521334013
       56.5306120000        1.0000000000        1.0000000000       17.8805764020        0.0000000000        0.8869204367        0.1064304524        0.1169897250
       56.6326530000        1.0000000000        1.0000000000       21.2155443545        0.0000000000        0.8869204367        0.1064304524        0.0784051769
       56.7346940000        1.0000000000        1.0000000000       26.6094748117        0.0000000000        0.8869204367        0.1064304524        0.0410429181
       56.8367350000        1.0000000000        1.0000000000       36.2397873547        0.0000000000        0.8869204367        0.1064304524        0.0129226398
       56.9387760000        1.0000000000        1.0000000000       57.2952231229        0.0000000000        0.8869204367        0.1064304524        0.0010328567
       57.0408160000        1.0000000000        1.0000000000      120.6187119737        0.0000000000        0.8869204367        0.1064304524        0.0000005175
       57.1428570000        1.0000000000        1.0000000000      336.0065009667        0.0000000000        0.8869204367        0.1064304524        0.0000000000
       57.2448980000        1.0000000000        1.0000000000      890.4606119609        0.0000000000        0.8869204367        0.1064304524        0.0000000000
       57.3469390000        1.0000000000        1.0000000000     1678.3347476727        0.0000000000        0.8869204367        0.1064304524        0.0000000000
       57.4489800000        1.0000000000        1.0000000000     2005.8981772690        0.0000000000        0.8869204367        0.1064304524        0.0000000000
       57.5510200000        1.0000000000        1.0000000000     1492.4243696766        0.0000000000        0.8869204367        0.1064304524        0.0000000000
       57.6530610000        1.0000000000        1.0000000000      736.3209458765        0.0000000000        0.8869204367        0.1064304524        0.0000000000
       57.7551020000        1.0000000000        1.0000000000      291.2157637803        0.0000000000        0.8869204367        0.1064304524        0.0000000000
       57.8571430000        1.0000000000        1.0000000000      129.2308348275        0.0000000000        0.8869204367        0.1064304524        0.0000001841
       57.9591840000        1.0000000000        1.0000000000       77.0841255095        0.0000000000        0.8869204367        0.1064304524        0.0000961025
       58.0612240000        1.0000000000        1.0000000000       55.8410897947        0.0000000000        0.8869204367        0.1064304524        0.0012297667
       58.1632650000        1.0000000000        1.0000000000       44.4066574019        0.0000000000        0.8869204367        0.1064304524        0.0048498918
       58.2653060000        1.0000000000        1.0000000000       37.2455606880        0.0000000000        0.8869204367        0.1064304524        0.0114534157
       58.3673470000        1.0000000000        1.0000000000       32.3844686954        0.0000000000        0.8869204367        0.1064304524        0.0205244947
       58.4693880000        1.0000000000        1.0000000000       28.9125899003        0.0000000000        0.8869204367        0.1064304524        0.0311322572
       58.5714290000        1.0000000000        1.0000000000       26.3731534641        0.0000000000        0.8869204367        0.1064304524        0.0422234968
       58.6734690000        1.0000000000        1.0000000000       24.6681973077        0.0000000000        0.8869204367        0.1064304524        0.0518094001
       58.7755100000        1.0000000000        1.0000000000       24.3401636488        0.0000000000        0.8869204367        0.1064304524        0.0538894993
       58.8775510000        1.0000000000        1.0000000000       26.4077835617        0.0000000000        0.8869204367        0.1064304524        0.0420483965
       58.9795920000        1.0000000000        1.0000000000       29.7985037304        0.0000000000        0.8869204367        0.1064304524        0.0279924500
       59.0816330000        1.0000000000        1.0000000000       30.1486659279        0.0000000000        0.8869204367        0.1064304524        0.0268405920
       59.1836730000        1.0000000000        1.0000000000       25.9863698181        0.0000000000        0.8869204367        0.1064304524        0.0442294519
       59.2857140000        1.0000000000        1.0000000000       21.2727250043        0.0000000000        0.8869204367        0.1064304524        0.0778690273
       59.3877550000        1.0000000000        1.0000000000       18.6443194111        0.0000000000        0.8869204367        0.1064304524        0.1067443742
       59.4897960000        1.0000000000        1.0000000000       17.5105589592        0.0000000000        0.8869204367        0.1064304524        0.1223013650
       59.5918370000        1.0000000000        1.0000000000       16.9019857104        0.0000000000        0.8869204367        0.1064304524        0.1315671008
       59.6938780000        1.0000000000        1.0000000000       16.4558739365        0.0000000000        0.8869204367        0.1064304524        0.1388022706
       59.7959180000        1.0000000000        1.0000000000       16.0850500748        0.0000000000        0.8869204367        0.1064304524        0.1451182997
       59.8979590000        1.0000000000        1.0000000000       15.7643402984        0.0000000000        0.8869204367        0.1064304524        0.1508120626
       60.0000000000        1.0000000000        1.0000000000       15.4818956624        0.0000000000        0.8869204367        0.1064304524        0.1560112000
