       55.0000000000        1.0000000000        1.0000000000       10.1688992300        0.0000000000        0.8869204367        0.1064304524        0.2951510831
       55.1020410000        1.0000000000        1.0000000000       10.2011841747        0.0000000000        0.8869204367        0.1064304524        0.2940098229
       55.2040820000        1.0000000000        1.0000000000       10.2455575423        0.0000000000        0.8869204367        0.1064304524        0.2924484389
       55.3061220000        1.0000000000        1.0000000000       10.3092633240        0.0000000000        0.8869204367        0.1064304524        0.2902212839
       55.4081630000        1.0000000000        1.0000000000       10.4199963754        0.0000000000        0.8869204367        0.1064304524        0.2863903424
       55.5102040000        1.0000000000        1.0000000000       10.6885099250        0.0000000000        0.8869204367        0.1064304524        0.2773094659
       55.6122450000        1.0000000000        1.0000000000       11.3400866609        0.0000000000        0.8869204367        0.1064304524        0.2564528635
       55.7142860000        1.0000000000        1.0000000000       12.3150776269        0.0000000000        0.8869204367        0.1064304524        0.2281369174
       55.8163270000        1.0000000000        1.0000000000       12.8543202719        0.0000000000        0.8869204367        0.1064304524        0.2138418764
       55.9183670000        1.0000000000        1.0000000000       12.5439160724        0.0000000000        0.8869204367        0.1064304524        0.2219573731
       56.0204080000        1.0000000000        1.0000000000       12.1189591707        0.0000000000        0.8869204367        0.1064304524        0.2335696171
       56.1224490000        1.0000000000        1.0000000000       12.2013565942        0.0000000000        0.8869204367        0.1064304524        0.2312715330
       56.2244900000        1.0000000000        1.0000000000       12.7675554980        0.0000000000        0.8869204367        0.1064304524        0.2160799805
       56.3265310000        1.0000000000        1.0000000000       13.7340336285        0.0000000000        0.8869204367        0.1064304524        0.1924182222
       56.4285710000        1.0000000000        1.0000000000       15.2232957589        0.0000000000        0.8869204367        0.1064304524        0.1609284390
       56.5306120000        1.0000000000        1.0000000000       17.5917813853        0.0000000000        0.8869204367        0.1064304524        0.1211151218
       56.6326530000        1.0000000000        1.0000000000       21.6534870707        0.0000000000        0.8869204367        0.1064304524        0.0743911386
       56.7346940000        1.0000000000        1.0000000000       29.7622102571        0.0000000000        0.8869204367        0.1064304524        0.0281146291
       56.8367350000        1.0000000000        1.0000000000       51.6665958035        0.0000000000        0.8869204367        0.1064304524        0.0020294479
       56.9387760000        1.0000000000        1.0000000000      129.7980305358        0.0000000000        0.8869204367        0.1064304524        0.0000001720
       57.0408160000        1.0000000000        1.0000000000      379.2408322674        0.0000000000        0.8869204367        0.1064304524        0.0000000000
       57.1428570000        1.0000000000        1.0000000000      873.7599016890        0.0000000000        0.8869204367        0.1064304524        0.0000000000
       57.2448980000        1.0000000000        1.0000000000     1305.8010029619        0.0000000000        0.8869204367        0.1064304524        0.0000000000
       57.3469390000        1.0000000000        1.0000000000     1195.5242978271        0.0000000000        0.8869204367        0.1064304524        0.0000000000
       57.4489800000        1.0000000000        1.0000000000      687.3617125086        0.0000000000        0.8869204367        0.1064304524        0.0000000000
       57.5510200000        1.0000000000        1.0000000000      281.2256708312        0.0000000000        0.8869204367        0.1064304524        0.0000000000
       57.6530610000        1.0000000000        1.0000000000      111.6399062112        0.0000000000        0.8869204367        0.1064304524        0.0000015200
       57.7551020000        1.0000000000        1.0000000000       59.7099181759        0.0000000000        0.8869204367        0.1064304524        0.0007730319
       57.8571430000        1.0000000000        1.0000000000       41.9090726772        0.0000000000        0.8869204367        0.1064304524        0.0065447720
       57.9591840000        1.0000000000        1.0000000000       33.3557026390        0.0000000000        0.8869204367        0.1064304524        0.0182665398
       58.0612240000        1.0000000000        1.0000000000       28.2590452278        0.0000000000        0.8869204367        0.1064304524        0.0336721084
       58.1632650000        1.0000000000        1.0000000000       24.8936641274        0.0000000000        0.8869204367        0.1064304524        0.0504264371
       58.2653060000        1.0000000000        1.0000000000       22.5297049453        0.0000000000        0.8869204367        0.1064304524        0.0669663789
       58.3673470000        1.0000000000        1.0000000000       20.7970529636        0.0000000000        0.8869204367        0.1064304524        0.0824431466
       58.4693880000        1.0000000000        1.0000000000       19.4936615943        0.0000000000        0.8869204367        0.1064304524        0.0964009337
       58.5714290000        1.0000000000        1.0000000000       18.5277023349        0.0000000000        0.8869204367        0.1064304524        0.1082486612
       58.6734690000        1.0000000000        1.0000000000       18.0075550197        0.0000000000        0.8869204367        0.1064304524        0.1152206144
       58.7755100000        1.0000000000        1.0000000000       18.5994819119        0.0000000000        0.8869204367        0.1064304524        0.1073202601
       58.8775510000        1.0000000000        1.0000000000       21.3922328103        0.0000000000        0.8869204367        0.1064304524        0.0767602818
       58.9795920000        1.0000000000        1.0000000000       25.3455282954        0.0000000000        0.8869204367        0.1064304524        0.0477649393
       59.0816330000        1.0000000000        1.0000000000       26.1304629947        0.0000000000        0.8869204367        0.1064304524        0.0434712465
       59.1836730000        1.0000000000        1.0000000000       22.3327275023        0.0000000000        0.8869204367        0.1064304524        0.0685681389
       59.2857140000        1.0000000000        1.0000000000       17.9482304032        0.0000000000        0.8869204367        0.1064304524        0.1160437912
       59.3877550000        1.0000000000        1.0000000000       15.6115087565        0.0000000000        0.8869204367        0.1064304524        0.1536034418
       59.4897960000        1.0000000000        1.0000000000       14.7282248395        0.0000000000        0.8869204367        0.1064304524        0.1707786542
       59.5918370000        1.0000000000        1.0000000000       14.3345093278        0.0000000000        0.8869204367        0.1064304524        0.1790408800
       59.6938780000        1.0000000000        1.0000000000       14.0747544263        0.0000000000        0.8869204367        0.1064304524        0.1847095789
       59.7959180000        1.0000000000        1.0000000000       13.8671948415        0.0000000000        0.8869204367        0.1064304524        0.1893679406
       59.8979590000        1.0000000000        1.0000000000       13.6906454825        0.0000000000        0.8869204367        0.1064304524        0.1934226752
       60.0000000000        1.0000000000        1.0000000000       13.5363255275        0.0000000000        0.8869204367        0.1064304524        0.1970379236
