       55.0000000000        1.0000000000        1.0000000000        9.7863268952        0.0000000000        0.8869204367        0.1064304524        0.3090169258
       55.1020410000        1.0000000000        1.0000000000        9.9242052069        0.0000000000        0.8869204367        0.1064304524        0.3039461824
       55.2040820000        1.0000000000        1.0000000000       10.0917299011        0.0000000000        0.8869204367        0.1064304524        0.2978969707
       55.3061220000        1.0000000000        1.0000000000       10.2994430426        0.0000000000        0.8869204367        0.1064304524        0.2905634921
       55.4081630000        1.0000000000        1.0000000000       10.5792592256        0.0000000000        0.8869204367        0.1064304524        0.2809689519
       55.5102040000        1.0000000000        1.0000000000       11.0468651025        0.0000000000        0.8869204367        0.1064304524        0.2656371996
       55.6122450000        1.0000000000        1.0000000000       11.9302267354        0.0000000000        0.8869204367        0.1064304524        0.2389198334
       55.7142860000        1.0000000000        1.0000000000       13.1673157497        0.0000000000        0.8869204367        0.1064304524        0.2059590554
       55.8163270000        1.0000000000        1.0000000000       14.0037267629        0.0000000000        0.8869204367        0.1064304524        0.1862906461
       55.9183670000        1.0000000000        1.0000000000       14.0485812539        0.0000000000        0.8869204367        0.1064304524        0.1852906232
       56.0204080000        1.0000000000        1.0000000000       14.0556293123        0.0000000000        0.8869204367        0.1064304524        0.1851339767
       56.1224490000        1.0000000000        1.0000000000       14.6478090240        0.0000000000        0.8869204367        0.1064304524        0.1724346279
       56.2244900000        1.0000000000        1.0000000000       15.7978641686        0.0000000000        0.8869204367        0.1064304524        0.1502065848
       56.3265310000        1.0000000000        1.0000000000       17.4109277378        0.0000000000        0.8869204367        0.1064304524        0.1237723450
       56.4285710000        1.0000000000        1.0000000000       19.5629311765        0.0000000000        0.8869204367        0.1064304524        0.0956029367
       56.5306120000        1.0000000000        1.0000000000       22.4623481724        0.0000000000        0.8869204367        0.1064304524        0.0675098490
       56.6326530000        1.0000000000        1.0000000000       26.4603977529        0.0000000000        0.8869204367        0.1064304524        0.0417837517
       56.7346940000        1.0000000000        1.0000000000       32.1473106220        0.0000000000        0.8869204367        0.1064304524        0.0211169916
       56.8367350000        1.0000000000        1.0000000000       40.5727840077        0.0000000000        0.8869204367        0.1064304524        0.0076830853
       56.9387760000        1.0000000000        1.0000000000       53.7688988851        0.0000000000        0.8869204367        0.1064304524        0.0015769418
       57.0408160000        1.0000000000        1.0000000000       76.2619367849        0.0000000000        0.8869204367        0.1064304524        0.0001060678
       57.1428570000        1.0000000000        1.0000000000      120.9537697060        0.0000000000        0.8869204367        0.1064304524        0.0000004971
       57.2448980000        1.0000000000        1.0000000000      234.8768718248        0.0000000000        0.8869204367        0.1064304524        0.0000000000
       57.3469390000        1.0000000000        1.0000000000      577.9943000392        0.0000000000        0.8869204367        0.1064304524        0.0000000000
       57.4489800000        1.0000000000        1.0000000000     1461.1704950554        0.0000000000        0.8869204367        0.1064304524        0.0000000000
       57.5510200000        1.0000000000        1.0000000000     2873.1450764360        0.0000000000        0.8869204367        0.1064304524        0.0000000000
       57.6530610000        1.0000000000        1.0000000000     3792.7844764246        0.0000000000        0.8869204367        0.1064304524        0.0000000000
       57.7551020000        1.0000000000        1.0000000000     3223.4635217299        0.0000000000        0.8869204367        0.1064304524        0.0000000000
       57.8571430000        1.0000000000        1.0000000000     1833.9296676935        0.0000000000        0.8869204367        0.1064304524        0.0000000000
       57.9591840000        1.0000000000        1.0000000000      806.9001575438        0.0000000000        0.8869204367        0.1064304524        0.0000000000
       58.0612240000        1.0000000000        1.0000000000      357.4915440835        0.0000000000        0.8869204367        0.1064304524        0.0000000000
       58.1632650000        1.0000000000        1.0000000000      197.1221757681        0.0000000000        0.8869204367        0.1064304524        0.0000000001
       58.2653060000        1.0000000000        1.0000000000      132.3690950125        0.0000000000        0.8869204367        0.1064304524        0.0000001263
       58.3673470000        1.0000000000        1.0000000000       99.0896212992        0.0000000000        0.8869204367        0.1064304524        0.0000068535
       58.4693880000        1.0000000000        1.0000000000       78.9420068444        0.0000000000        0.8869204367        0.1064304524        0.0000768972
       58.5714290000        1.0000000000        1.0000000000       65.5926183980        0.0000000000        0.8869204367        0.1064304524        0.0003816089
       58.6734690000        1.0000000000        1.0000000000       56.4122146847        0.0000000000        0.8869204367        0.1064304524        0.0011483080
       58.7755100000        1.0000000000        1.0000000000       50.6623642825        0.0000000000        0.8869204367        0.1064304524        0.0022893583
       58.8775510000        1.0000000000        1.0000000000       48.6731916662        0.0000000000        0.8869204367        0.1064304524        0.0029065659
       58.9795920000        1.0000000000        1.0000000000       49.0090068469        0.0000000000        0.8869204367        0.1064304524        0.0027917662
       59.0816330000        1.0000000000        1.0000000000       47.0388255164        0.0000000000        0.8869204367        0.1064304524        0.0035363539
       59.1836730000        1.0000000000        1.0000000000       41.0048983829        0.0000000000        0.8869204367        0.1064304524        0.0072948416
       59.2857140000        1.0000000000        1.0000000000       34.6891770170        0.0000000000        0.8869204367        0.1064304524        0.0155654550
       59.3877550000        1.0000000000        1.0000000000       30.6923454983        0.0000000000        0.8869204367        0.1064304524        0.0251453709
       59.4897960000        1.0000000000        1.0000000000       28.4081886477        0.0000000000        0.8869204367        0.1064304524        0.0330748324
       59.5918370000        1.0000000000        1.0000000000       26.8291436847        0.0000000000        0.8869204367        0.1064304524        0.0399751510
       59.6938780000        1.0000000000        1.0000000000       25.5546384147        0.0000000000        0.8869204367        0.1064304524        0.0465812765
       59.7959180000        1.0000000000        1.0000000000       24.4690530832        0.0000000000        0.8869204367        0.1064304524        0.0530624175
       59.8979590000        1.0000000000        1.0000000000       23.5261496340        0.0000000000        0.8869204367        0.1064304524        0.0594191950
       60.0000000000        1.0000000000        1.0000000000       22.6979935420        0.0000000000        0.8869204367        0.1064304524        0.0656275813
