       55.0000000000        1.0000000000        1.0000000000       10.8754016308        0.0000000000        0.8869204367        0.1064304524        0.2711594660
       55.1020410000        1.0000000000        1.0000000000       11.4009073651        0.0000000000        0.8869204367        0.1064304524        0.2545879600
       55.2040820000        1.0000000000        1.0000000000       12.0347297502        0.0000000000        0.8869204367        0.1064304524        0.2359424004
       55.3061220000        1.0000000000        1.0000000000       12.8076680421        0.0000000000        0.8869204367        0.1064304524        0.2150423776
       55.4081630000        1.0000000000        1.0000000000       13.7787648591        0.0000000000        0.8869204367        0.1064304524        0.1913881368
       55.5102040000        1.0000000000        1.0000000000       15.0998159150        0.0000000000        0.8869204367        0.1064304524        0.1633307636
       55.6122450000        1.0000000000        1.0000000000       17.0438872886        0.0000000000        0.8869204367        0.1064304524        0.1293457180
       55.7142860000        1.0000000000        1.0000000000       19.6053644106        0.0000000000        0.8869204367        0.1064304524        0.0951173650
       55.8163270000        1.0000000000        1.0000000000       22.1231353372        0.0000000000        0.8869204367        0.1064304524        0.0703145705
       55.9183670000        1.0000000000        1.0000000000       24.3640665720        0.0000000000        0.8869204367        0.1064304524        0.0537351468
       56.0204080000        1.0000000000        1.0000000000       27.3023720398        0.0000000000        0.8869204367        0.1064304524        0.0377683192
       56.1224490000        1.0000000000        1.0000000000       31.8777699860        0.0000000000        0.8869204367        0.1064304524        0.0218111843
       56.2244900000        1.0000000000        1.0000000000       38.5754569027        0.0000000000        0.8869204367        0.1064304524        0.0097639834
       56.3265310000        1.0000000000        1.0000000000       48.1845369734        0.0000000000        0.8869204367        0.1064304524        0.0030820990
       56.4285710000        1.0000000000        1.0000000000       62.3814443870        0.0000000000        0.8869204367        0.1064304524        0.0005610092
       56.5306120000        1.0000000000        1.0000000000       84.5411839755        0.0000000000        0.8869204367        0.1064304524        0.0000392742
       56.6326530000        1.0000000000        1.0000000000      122.2370850083        0.0000000000        0.8869204367        0.1064304524        0.0000004262
       56.7346940000        1.0000000000        1.0000000000      196.4001571072        0.0000000000        0.8869204367        0.1064304524        0.0000000001
       56.8367350000        1.0000000000        1.0000000000      377.0701636790        0.0000000000        0.8869204367        0.1064304524        0.0000000000
       56.9387760000        1.0000000000        1.0000000000      879.2019375630        0.0000000000        0.8869204367        0.1064304524        0.0000000000
       57.0408160000        1.0000000000        1.0000000000     2072.8111286549        0.0000000000        0.8869204367        0.1064304524        0.0000000000
       57.1428570000        1.0000000000        1.0000000000     3867.2221962734        0.0000000000        0.8869204367        0.1064304524        0.0000000000
       57.2448980000        1.0000000000        1.0000000000     4943.4559227299        0.0000000000        0.8869204367        0.1064304524        0.0000000000
       57.3469390000        1.0000000000        1.0000000000     4161.7499831687        0.0000000000        0.8869204367        0.1064304524        0.0000000000
       57.4489800000        1.0000000000        1.0000000000     2408.1418232756        0.0000000000        0.8869204367        0.1064304524        0.0000000000
       57.5510200000        1.0000000000        1.0000000000     1107.7456777395        0.0000000000        0.8869204367        0.1064304524        0.0000000000
       57.6530610000        1.0000000000        1.0000000000      516.0895060654        0.0000000000        0.8869204367        0.1064304524        0.0000000000
       57.7551020000        1.0000000000        1.0000000000      290.7779437886        0.0000000000        0.8869204367        0.1064304524        0.0000000000
       57.8571430000        1.0000000000        1.0000000000      194.6738253408        0.0000000000        0.8869204367        0.1064304524        0.0000000001
       57.9591840000        1.0000000000        1.0000000000      144.1190504901        0.0000000000        0.8869204367        0.1064304524        0.0000000308
       58.0612240000        1.0000000000        1.0000000000      113.2868662215        0.0000000000        0.8869204367        0.1064304524        0.0000012474
       58.1632650000        1.0000000000        1.0000000000       92.7528665905        0.0000000000        0.8869204367        0.1064304524        0.0000146606
       58.2653060000        1.0000000000        1.0000000000       78.2689685330        0.0000000000        0.8869204367        0.1064304524        0.0000833655
       58.3673470000        1.0000000000        1.0000000000       67.6216961243        0.0000000000        0.8869204367        0.1064304524        0.0002991386
       58.4693880000        1.0000000000        1.0000000000       59.5514523674        0.0000000000        0.8869204367        0.1064304524        0.0007878725
       58.5714290000        1.0000000000        1.0000000000       53.3188110012        0.0000000000        0.8869204367        0.1064304524        0.0016644554
       58.6734690000        1.0000000000        1.0000000000       48.6134116363        0.0000000000        0.8869204367        0.1064304524        0.0029274914
       58.7755100000        1.0000000000        1.0000000000       45.8246308586        0.0000000000        0.8869204367        0.1064304524        0.0040910415
       58.8775510000        1.0000000000        1.0000000000       45.8909041017        0.0000000000        0.8869204367        0.1064304524        0.0040586353
       58.9795920000        1.0000000000        1.0000000000       47.7321280431        0.0000000000        0.8869204367        0.1064304524        0.0032540485
       59.0816330000        1.0000000000        1.0000000000       46.9361893159        0.0000000000        0.8869204367        0.1064304524        0.0035801781
       59.1836730000        1.0000000000        1.0000000000       41.8809422155        0.0000000000        0.8869204367        0.1064304524        0.0065669022
       59.2857140000        1.0000000000        1.0000000000       36.4493940608        0.0000000000        0.8869204367        0.1064304524        0.0126016529
       59.3877550000        1.0000000000        1.0000000000       33.3351593670        0.0000000000        0.8869204367        0.1064304524        0.0183116259
       59.4897960000        1.0000000000        1.0000000000       32.0223505356        0.0000000000        0.8869204367        0.1064304524        0.0214360314
       59.5918370000        1.0000000000        1.0000000000       31.6044265699        0.0000000000        0.8869204367        0.1064304524        0.0225384804
       59.6938780000        1.0000000000        1.0000000000       31.8148610726        0.0000000000        0.8869204367        0.1064304524        0.0219764615
       59.7959180000        1.0000000000        1.0000000000       32.7394686853        0.0000000000        0.8869204367        0.1064304524        0.0196685131
       59.8979590000        1.0000000000        1.0000000000       34.6644351407        0.0000000000        0.8869204367        0.1064304524        0.0156117379
       60.0000000000        1.0000000000        1.0000000000       38.1618273126        0.0000000000        0.8869204367        0.1064304524        0.0102608533
