       55.0000000000        1.0000000000        1.0000000000        9.5389130404        0.0000000000        0.8869204367        0.1064304524        0.3183290875
       55.1020410000        1.0000000000        1.0000000000        9.5829844248        0.0000000000        0.8869204367        0.1064304524        0.3166500269
       55.2040820000        1.0000000000        1.0000000000        9.6401372121        0.0000000000        0.8869204367        0.1064304524        0.3144857652
       55.3061220000        1.0000000000        1.0000000000        9.7172959998        0.0000000000        0.8869204367        0.1064304524        0.3115873633
       55.4081630000        1.0000000000        1.0000000000        9.8416449327        0.0000000000        0.8869204367        0.1064304524        0.3069724141
       55.5102040000        1.0000000000        1.0000000000       10.1229483763        0.0000000000        0.8869204367        0.1064304524        0.2967830718
       55.6122450000        1.0000000000        1.0000000000       10.7836166101        0.0000000000        0.8869204367        0.1064304524        0.2741625794
       55.7142860000        1.0000000000        1.0000000000       11.7577220713        0.0000000000        0.8869204367        0.1064304524        0.2439171529
       55.8163270000        1.0000000000        1.0000000000       12.2799847673        0.0000000000        0.8869204367        0.1064304524        0.2290996603
       55.9183670000        1.0000000000        1.0000000000       11.9334667327        0.0000000000        0.8869204367        0.1064304524        0.2388269595
       56.0204080000        1.0000000000        1.0000000000       11.4428932401        0.0000000000        0.8869204367        0.1064304524        0.2533084941
       56.1224490000        1.0000000000        1.0000000000       11.4036693163        0.0000000000        0.8869204367        0.1064304524        0.2545035948
       56.2244900000        1.0000000000        1.0000000000       11.7479507418        0.0000000000        0.8869204367        0.1064304524        0.2442033281
       56.3265310000        1.0000000000        1.0000000000       12.3156754147        0.0000000000        0.8869204367        0.1064304524        0.2281205527
       56.4285710000        1.0000000000        1.0000000000       13.0834098323        0.0000000000        0.8869204367        0.1064304524        0.2080432725
       56.5306120000        1.0000000000        1.0000000000       14.1052663912        0.0000000000        0.8869204367        0.1064304524        0.1840345133
       56.6326530000        1.0000000000        1.0000000000       15.4821638993        0.0000000000        0.8869204367        0.1064304524        0.1560061783
       56.7346940000        1.0000000000        1.0000000000       17.3761935852        0.0000000000        0.8869204367        0.1064304524        0.1242893169
       56.8367350000        1.0000000000        1.0000000000       20.0541881457        0.0000000000        0.8869204367        0.1064304524        0.0901299666
       56.9387760000        1.0000000000        1.0000000000       23.9792975788        0.0000000000        0.8869204367        0.1064304524        0.0562743913
       57.0408160000        1.0000000000        1.0000000000       30.0178312641        0.0000000000        0.8869204367        0.1064304524        0.0272653190
       57.1428570000        1.0000000000        1.0000000000       39.9926371978        0.0000000000        0.8869204367        0.1064304524        0.0082370215
       57.2448980000        1.0000000000        1.0000000000       58.6483987071        0.0000000000        0.8869204367        0.1064304524        0.0008780493
       57.3469390000        1.0000000000        1.0000000000      102.7064444193        0.0000000000        0.8869204367        0.1064304524        0.0000044404
       57.4489800000        1.0000000000        1.0000000000      238.3843308923        0.0000000000        0.8869204367        0.1064304524        0.0000000000
       57.5510200000        1.0000000000        1.0000000000      652.4768454134        0.0000000000        0.8869204367        0.1064304524        0.0000000000
       57.6530610000        1.0000000000        1.0000000000     1526.3115775599        0.0000000000        0.8869204367        0.1064304524        0.0000000000
       57.7551020000        1.0000000000        1.0000000000     2459.7296092614        0.0000000000        0.8869204367        0.1064304524        0.0000000000
       57.8571430000        1.0000000000        1.0000000000     2519.8947580302        0.0000000000        0.8869204367        0.1064304524        0.0000000000
       57.9591840000        1.0000000000        1.0000000000     1650.6667565666        0.0000000000        0.8869204367        0.1064304524        0.0000000000
       58.0612240000        1.0000000000        1.0000000000      760.1180770771        0.0000000000        0.8869204367        0.1064304524        0.0000000000
       58.1632650000        1.0000000000        1.0000000000      309.8969726499        0.0000000000        0.8869204367        0.1064304524        0.0000000000
       58.2653060000        1.0000000000        1.0000000000      151.5355510080        0.0000000000        0.8869204367        0.1064304524        0.0000000127
       58.3673470000        1.0000000000        1.0000000000       95.8506913722        0.0000000000        0.8869204367        0.1064304524        0.0000101090
       58.4693880000        1.0000000000        1.0000000000       70.4721615963        0.0000000000        0.8869204367        0.1064304524        0.0002124807
       58.5714290000        1.0000000000        1.0000000000       56.0384957526        0.0000000000        0.8869204367        0.1064304524        0.0012009775
       58.6734690000        1.0000000000        1.0000000000       46.9916238122        0.0000000000        0.8869204367        0.1064304524        0.0035564413
       58.7755100000        1.0000000000        1.0000000000       41.7733031422        0.0000000000        0.8869204367        0.1064304524        0.0066522750
       58.8775510000        1.0000000000        1.0000000000       40.4182924088        0.0000000000        0.8869204367        0.1064304524        0.0078268505
       58.9795920000        1.0000000000        1.0000000000       41.3552672383        0.0000000000        0.8869204367        0.1064304524        0.0069944936
       59.0816330000        1.0000000000        1.0000000000       39.9109294815        0.0000000000        0.8869204367        0.1064304524        0.0083181822
       59.1836730000        1.0000000000        1.0000000000       34.3628125433        0.0000000000        0.8869204367        0.1064304524        0.0161871509
       59.2857140000        1.0000000000        1.0000000000       28.5178695027        0.0000000000        0.8869204367        0.1064304524        0.0326423635
       59.3877550000        1.0000000000        1.0000000000       24.9589327557        0.0000000000        0.8869204367        0.1064304524        0.0500330280
       59.4897960000        1.0000000000        1.0000000000       23.0649727453        0.0000000000        0.8869204367        0.1064304524        0.0628002183
       59.5918370000        1.0000000000        1.0000000000       21.8307582035        0.0000000000        0.8869204367        0.1064304524        0.0728253635
       59.6938780000        1.0000000000        1.0000000000       20.8626130919        0.0000000000        0.8869204367        0.1064304524        0.0817970932
       59.7959180000        1.0000000000        1.0000000000       20.0507057712        0.0000000000        0.8869204367        0.1064304524        0.0901676384
       59.8979590000        1.0000000000        1.0000000000       19.3533450778        0.0000000000        0.8869204367        0.1064304524        0.0980378736
       60.0000000000        1.0000000000        1.0000000000       18.7463108097        0.0000000000        0.8869204367        0.1064304524        0.1054458954
