       55.0000000000        1.0000000000        1.0000000000        9.5220345636        0.0000000000        0.8869204367        0.1064304524        0.3189744901
       55.1020410000        1.0000000000        1.0000000000        9.5473378364        0.0000000000        0.8869204367        0.1064304524        0.3180074272
       55.2040820000        1.0000000000        1.0000000000        9.5815795099        0.0000000000        0.8869204367        0.1064304524        0.3167034154
       55.3061220000        1.0000000000        1.0000000000        9.6306629234        0.0000000000        0.8869204367        0.1064304524        0.3148435120
       55.4081630000        1.0000000000        1.0000000000        9.7204423704        0.0000000000        0.8869204367        0.1064304524        0.3114697412
       55.5102040000        1.0000000000        1.0000000000        9.9589716040        0.0000000000        0.8869204367        0.1064304524        0.3026807702
       55.6122450000        1.0000000000        1.0000000000       10.5666386950        0.0000000000        0.8869204367        0.1064304524        0.2813947916
       55.7142860000        1.0000000000        1.0000000000       11.4751936781        0.0000000000        0.8869204367        0.1064304524        0.2523285574
       55.8163270000        1.0000000000        1.0000000000       11.9156326498        0.0000000000        0.8869204367        0.1064304524        0.2393386180
       55.9183670000        1.0000000000        1.0000000000       11.4648075483        0.0000000000        0.8869204367        0.1064304524        0.2526432395
       56.0204080000        1.0000000000        1.0000000000       10.8395875114        0.0000000000        0.8869204367        0.1064304524        0.2723273343
       56.1224490000        1.0000000000        1.0000000000       10.6256880985        0.0000000000        0.8869204367        0.1064304524        0.2794078960
       56.2244900000        1.0000000000        1.0000000000       10.7414365868        0.0000000000        0.8869204367        0.1064304524        0.2755537994
       56.3265310000        1.0000000000        1.0000000000       11.0060771947        0.0000000000        0.8869204367        0.1064304524        0.2669405610
       56.4285710000        1.0000000000        1.0000000000       11.3653304632        0.0000000000        0.8869204367        0.1064304524        0.2556771775
       56.5306120000        1.0000000000        1.0000000000       11.8263144547        0.0000000000        0.8869204367        0.1064304524        0.2419176900
       56.6326530000        1.0000000000        1.0000000000       12.4160935252        0.0000000000        0.8869204367        0.1064304524        0.2253881565
       56.7346940000        1.0000000000        1.0000000000       13.1761973545        0.0000000000        0.8869204367        0.1064304524        0.2057396627
       56.8367350000        1.0000000000        1.0000000000       14.1674597299        0.0000000000        0.8869204367        0.1064304524        0.1826661393
       56.9387760000        1.0000000000        1.0000000000       15.4803096672        0.0000000000        0.8869204367        0.1064304524        0.1560408948
       57.0408160000        1.0000000000        1.0000000000       17.2530739936        0.0000000000        0.8869204367        0.1064304524        0.1261392430
       57.1428570000        1.0000000000        1.0000000000       19.7055999752        0.0000000000        0.8869204367        0.1064304524        0.0939801211
       57.2448980000        1.0000000000        1.0000000000       23.2042212982        0.0000000000        0.8869204367        0.1064304524        0.0617595564
       57.3469390000        1.0000000000        1.0000000000       28.3981762678        0.0000000000        0.8869204367        0.1064304524        0.0331145952
       57.4489800000        1.0000000000        1.0000000000       36.5395722616        0.0000000000        0.8869204367        0.1064304524        0.0124660208
       57.5510200000        1.0000000000        1.0000000000       50.4053381556        0.0000000000        0.8869204367        0.1064304524        0.0023610695
       57.6530610000        1.0000000000        1.0000000000       77.9447226359        0.0000000000        0.8869204367        0.1064304524        0.0000866731
       57.7551020000        1.0000000000        1.0000000000      149.2596581290        0.0000000000        0.8869204367        0.1064304524        0.0000000166
       57.8571430000        1.0000000000        1.0000000000      374.7424583762        0.0000000000        0.8869204367        0.1064304524        0.0000000000
       57.9591840000        1.0000000000        1.0000000000      995.4393108036        0.0000000000        0.8869204367        0.1064304524        0.0000000000
       58.0612240000        1.0000000000        1.0000000000     2066.8077706484        0.0000000000        0.8869204367        0.1064304524        0.0000000000
       58.1632650000        1.0000000000        1.0000000000     2861.3759598223        0.0000000000        0.8869204367        0.1064304524        0.0000000000
       58.2653060000        1.0000000000        1.0000000000     2518.5448239448        0.0000000000        0.8869204367        0.1064304524        0.0000000000
       58.3673470000        1.0000000000        1.0000000000     1454.6339687314        0.0000000000        0.8869204367        0.1064304524        0.0000000000
       58.4693880000        1.0000000000        1.0000000000      627.4926252012        0.0000000000        0.8869204367        0.1064304524        0.0000000000
       58.5714290000        1.0000000000        1.0000000000      265.8886422818        0.0000000000        0.8869204367        0.1064304524        0.0000000000
       58.6734690000        1.0000000000        1.0000000000      142.9338601625        0.0000000000        0.8869204367        0.1064304524        0.0000000356
       58.7755100000        1.0000000000        1.0000000000       97.2458412793        0.0000000000        0.8869204367        0.1064304524        0.0000085507
       58.8775510000        1.0000000000        1.0000000000       77.1134894382        0.0000000000        0.8869204367        0.1064304524        0.0000957645
       58.9795920000        1.0000000000        1.0000000000       67.5459026040        0.0000000000        0.8869204367        0.1064304524        0.0003018717
       59.0816330000        1.0000000000        1.0000000000       59.6198607538        0.0000000000        0.8869204367        0.1064304524        0.0007814313
       59.1836730000        1.0000000000        1.0000000000       49.7645477715        0.0000000000        0.8869204367        0.1064304524        0.0025497863
       59.2857140000        1.0000000000        1.0000000000       40.8664007139        0.0000000000        0.8869204367        0.1064304524        0.0074170929
       59.3877550000        1.0000000000        1.0000000000       35.0648189003        0.0000000000        0.8869204367        0.1064304524        0.0148793897
       59.4897960000        1.0000000000        1.0000000000       31.4933597711        0.0000000000        0.8869204367        0.1064304524        0.0228408844
       59.5918370000        1.0000000000        1.0000000000       28.9786083986        0.0000000000        0.8869204367        0.1064304524        0.0308865950
       59.6938780000        1.0000000000        1.0000000000       27.0118770692        0.0000000000        0.8869204367        0.1064304524        0.0391081166
       59.7959180000        1.0000000000        1.0000000000       25.4065317112        0.0000000000        0.8869204367        0.1064304524        0.0474165571
       59.8979590000        1.0000000000        1.0000000000       24.0686425348        0.0000000000        0.8869204367        0.1064304524        0.0556742741
       60.0000000000        1.0000000000        1.0000000000       22.9374275457        0.0000000000        0.8869204367        0.1064304524        0.0637687956
