       55.0000000000        1.0000000000        1.0000000000       10.5314735071        0.0000000000        0.8869204367        0.1064304524        0.2825847366
       55.1020410000        1.0000000000        1.0000000000       10.8403701255        0.0000000000        0.8869204367        0.1064304524        0.2723017602
       55.2040820000        1.0000000000        1.0000000000       11.2107650990        0.0000000000        0.8869204367        0.1064304524        0.2604636904
       55.3061220000        1.0000000000        1.0000000000       11.6608110220        0.0000000000        0.8869204367        0.1064304524        0.2467703029
       55.4081630000        1.0000000000        1.0000000000       12.2324544695        0.0000000000        0.8869204367        0.1064304524        0.2304100949
       55.5102040000        1.0000000000        1.0000000000       13.0544222087        0.0000000000        0.8869204367        0.1064304524        0.2087682143
       55.6122450000        1.0000000000        1.0000000000       14.3700174929        0.0000000000        0.8869204367        0.1064304524        0.1782796134
       55.7142860000        1.0000000000        1.0000000000       16.1348338000        0.0000000000        0.8869204367        0.1064304524        0.1442539406
       55.8163270000        1.0000000000        1.0000000000       17.6247958085        0.0000000000        0.8869204367        0.1064304524        0.1206362455
       55.9183670000        1.0000000000        1.0000000000       18.5024453477        0.0000000000        0.8869204367        0.1064304524        0.1085772431
       56.0204080000        1.0000000000        1.0000000000       19.5910978665        0.0000000000        0.8869204367        0.1064304524        0.0952803440
       56.1224490000        1.0000000000        1.0000000000       21.6039766746        0.0000000000        0.8869204367        0.1064304524        0.0748344304
       56.2244900000        1.0000000000        1.0000000000       24.6521304531        0.0000000000        0.8869204367        0.1064304524        0.0519093862
       56.3265310000        1.0000000000        1.0000000000       28.8650152676        0.0000000000        0.8869204367        0.1064304524        0.0313104982
       56.4285710000        1.0000000000        1.0000000000       34.6886219208        0.0000000000        0.8869204367        0.1064304524        0.0155664919
       56.5306120000        1.0000000000        1.0000000000       42.9726158270        0.0000000000        0.8869204367        0.1064304524        0.0057605985
       56.6326530000        1.0000000000        1.0000000000       55.2582014535        0.0000000000        0.8869204367        0.1064304524        0.0013188645
       56.7346940000        1.0000000000        1.0000000000       74.5747686200        0.0000000000        0.8869204367        0.1064304524        0.0001298706
       56.8367350000        1.0000000000        1.0000000000      107.8290074307        0.0000000000        0.8869204367        0.1064304524        0.0000024013
       56.9387760000        1.0000000000        1.0000000000      174.7415290003        0.0000000000        0.8869204367        0.1064304524        0.0000000008
       57.0408160000        1.0000000000        1.0000000000      343.3865368523        0.0000000000        0.8869204367        0.1064304524        0.0000000000
       57.1428570000        1.0000000000        1.0000000000      822.6231827149        0.0000000000        0.8869204367        0.1064304524        0.0000000000
       57.2448980000        1.0000000000        1.0000000000     1952.8154021926        0.0000000000        0.8869204367        0.1064304524        0.0000000000
       57.3469390000        1.0000000000        1.0000000000     3587.1376577219        0.0000000000        0.8869204367        0.1064304524        0.0000000000
       57.4489800000        1.0000000000        1.0000000000     4454.3194532893        0.0000000000        0.8869204367        0.1064304524        0.0000000000
       57.5510200000        1.0000000000        1.0000000000     3620.3048177328        0.0000000000        0.8869204367        0.1064304524        0.0000000000
       57.6530610000        1.0000000000        1.0000000000     2023.5360084665        0.0000000000        0.8869204367        0.1064304524        0.0000000000
       57.7551020000        1.0000000000        1.0000000000      909.4749020170        0.0000000000        0.8869204367        0.1064304524        0.0000000000
       57.8571430000        1.0000000000        1.0000000000      423.4002420251        0.0000000000        0.8869204367        0.1064304524        0.0000000000
       57.9591840000        1.0000000000        1.0000000000      241.8811652001        0.0000000000        0.8869204367        0.1064304524        0.0000000000
       58.0612240000        1.0000000000        1.0000000000      164.1879169283        0.0000000000        0.8869204367        0.1064304524        0.0000000028
       58.1632650000        1.0000000000        1.0000000000      122.8964025133        0.0000000000        0.8869204367        0.1064304524        0.0000003937
       58.2653060000        1.0000000000        1.0000000000       97.5110768893        0.0000000000        0.8869204367        0.1064304524        0.0000082828
       58.3673470000        1.0000000000        1.0000000000       80.5037895376        0.0000000000        0.8869204367        0.1064304524        0.0000637555
       58.4693880000        1.0000000000        1.0000000000       68.4522692793        0.0000000000        0.8869204367        0.1064304524        0.0002707615
       58.5714290000        1.0000000000        1.0000000000       59.5869966616        0.0000000000        0.8869204367        0.1064304524        0.0007845191
       58.6734690000        1.0000000000        1.0000000000       53.0544791631        0.0000000000        0.8869204367        0.1064304524        0.0017180979
       58.7755100000        1.0000000000        1.0000000000       48.9356751219        0.0000000000        0.8869204367        0.1064304524        0.0028164417
       58.8775510000        1.0000000000        1.0000000000       47.9822055649        0.0000000000        0.8869204367        0.1064304524        0.0031578475
       58.9795920000        1.0000000000        1.0000000000       48.9933507703        0.0000000000        0.8869204367        0.1064304524        0.0027970161
       59.0816330000        1.0000000000        1.0000000000       47.4728193177        0.0000000000        0.8869204367        0.1064304524        0.0033568967
       59.1836730000        1.0000000000        1.0000000000       41.7350609629        0.0000000000        0.8869204367        0.1064304524        0.0066828729
       59.2857140000        1.0000000000        1.0000000000       35.6075724569        0.0000000000        0.8869204367        0.1064304524        0.0139411735
       59.3877550000        1.0000000000        1.0000000000       31.7270833944        0.0000000000        0.8869204367        0.1064304524        0.0222091701
       59.4897960000        1.0000000000        1.0000000000       29.5121455723        0.0000000000        0.8869204367        0.1064304524        0.0289710719
       59.5918370000        1.0000000000        1.0000000000       27.9701571346        0.0000000000        0.8869204367        0.1064304524        0.0348598739
       59.6938780000        1.0000000000        1.0000000000       26.7101082388        0.0000000000        0.8869204367        0.1064304524        0.0405502640
       59.7959180000        1.0000000000        1.0000000000       25.6230269349        0.0000000000        0.8869204367        0.1064304524        0.0462005659
       59.8979590000        1.0000000000        1.0000000000       24.6674029966        0.0000000000        0.8869204367        0.1064304524        0.0518143387
       60.0000000000        1.0000000000        1.0000000000       23.8186826816        0.0000000000        0.8869204367        0.1064304524        0.0573695318
