       55.0000000000        1.0000000000        1.0000000000       10.3566634712        0.0000000000        0.8869204367        0.1064304524        0.2885751861
       55.1020410000        1.0000000000        1.0000000000       10.5951877030        0.0000000000        0.8869204367        0.1064304524        0.2804324160
       55.2040820000        1.0000000000        1.0000000000       10.8853041644        0.0000000000        0.8869204367        0.1064304524        0.2708374375
       55.3061220000        1.0000000000        1.0000000000       11.2435458348        0.0000000000        0.8869204367        0.1064304524        0.2594411200
       55.4081630000        1.0000000000        1.0000000000       11.7098945887        0.0000000000        0.8869204367        0.1064304524        0.2453210911
       55.5102040000        1.0000000000        1.0000000000       12.4108711284        0.0000000000        0.8869204367        0.1064304524        0.2255294488
       55.6122450000        1.0000000000        1.0000000000       13.5883499632        0.0000000000        0.8869204367        0.1064304524        0.1958116609
       55.7142860000        1.0000000000        1.0000000000       15.1982435482        0.0000000000        0.8869204367        0.1064304524        0.1614129605
       55.8163270000        1.0000000000        1.0000000000       16.5147438887        0.0000000000        0.8869204367        0.1064304524        0.1378251720
       55.9183670000        1.0000000000        1.0000000000       17.1935958462        0.0000000000        0.8869204367        0.1064304524        0.1270427670
       56.0204080000        1.0000000000        1.0000000000       18.0545852714        0.0000000000        0.8869204367        0.1064304524        0.1145721833
       56.1224490000        1.0000000000        1.0000000000       19.8166481077        0.0000000000        0.8869204367        0.1064304524        0.0927360704
       56.2244900000        1.0000000000        1.0000000000       22.6051992400        0.0000000000        0.8869204367        0.1064304524        0.0663624491
       56.3265310000        1.0000000000        1.0000000000       26.5820520435        0.0000000000        0.8869204367        0.1064304524        0.0411782018
       56.4285710000        1.0000000000        1.0000000000       32.2716280500        0.0000000000        0.8869204367        0.1064304524        0.0208043045
       56.5306120000        1.0000000000        1.0000000000       40.7171002961        0.0000000000        0.8869204367        0.1064304524        0.0075511755
       56.6326530000        1.0000000000        1.0000000000       53.9667066638        0.0000000000        0.8869204367        0.1064304524        0.0015399508
       56.7346940000        1.0000000000        1.0000000000       76.6058345702        0.0000000000        0.8869204367        0.1064304524        0.0001017797
       56.8367350000        1.0000000000        1.0000000000      121.7754877969        0.0000000000        0.8869204367        0.1064304524        0.0000004504
       56.9387760000        1.0000000000        1.0000000000      237.4284175164        0.0000000000        0.8869204367        0.1064304524        0.0000000000
       57.0408160000        1.0000000000        1.0000000000      585.1188995249        0.0000000000        0.8869204367        0.1064304524        0.0000000000
       57.1428570000        1.0000000000        1.0000000000     1470.6163697065        0.0000000000        0.8869204367        0.1064304524        0.0000000000
       57.2448980000        1.0000000000        1.0000000000     2858.6762791185        0.0000000000        0.8869204367        0.1064304524        0.0000000000
       57.3469390000        1.0000000000        1.0000000000     3719.4425775445        0.0000000000        0.8869204367        0.1064304524        0.0000000000
       57.4489800000        1.0000000000        1.0000000000     3113.2220152293        0.0000000000        0.8869204367        0.1064304524        0.0000000000
       57.5510200000        1.0000000000        1.0000000000     1749.6908949688        0.0000000000        0.8869204367        0.1064304524        0.0000000000
       57.6530610000        1.0000000000        1.0000000000      764.5528885412        0.0000000000        0.8869204367        0.1064304524        0.0000000000
       57.7551020000        1.0000000000        1.0000000000      340.7800199194        0.0000000000        0.8869204367        0.1064304524        0.0000000000
       57.8571430000        1.0000000000        1.0000000000      190.1878486485        0.0000000000        0.8869204367        0.1064304524        0.0000000001
       57.9591840000        1.0000000000        1.0000000000      128.8019722944        0.0000000000        0.8869204367        0.1064304524        0.0000001938
       58.0612240000        1.0000000000        1.0000000000       96.8318555151        0.0000000000        0.8869204367        0.1064304524        0.0000089862
       58.1632650000        1.0000000000        1.0000000000       77.3044427235        0.0000000000        0.8869204367        0.1064304524        0.0000935950
       58.2653060000        1.0000000000        1.0000000000       64.2734624081        0.0000000000        0.8869204367        0.1064304524        0.0004470610
       58.3673470000        1.0000000000        1.0000000000       55.0626569163        0.0000000000        0.8869204367        0.1064304524        0.0013501780
       58.4693880000        1.0000000000        1.0000000000       48.2785157678        0.0000000000        0.8869204367        0.1064304524        0.0030475360
       58.5714290000        1.0000000000        1.0000000000       43.1527103435        0.0000000000        0.8869204367        0.1064304524        0.0056374399
       58.6734690000        1.0000000000        1.0000000000       39.3809603010        0.0000000000        0.8869204367        0.1064304524        0.0088643715
       58.7755100000        1.0000000000        1.0000000000       37.3668999574        0.0000000000        0.8869204367        0.1064304524        0.0112878540
       58.8775510000        1.0000000000        1.0000000000       38.0508475914        0.0000000000        0.8869204367        0.1064304524        0.0103984168
       58.9795920000        1.0000000000        1.0000000000       40.3340078137        0.0000000000        0.8869204367        0.1064304524        0.0079064141
       59.0816330000        1.0000000000        1.0000000000       39.8053333485        0.0000000000        0.8869204367        0.1064304524        0.0084242570
       59.1836730000        1.0000000000        1.0000000000       34.8854565826        0.0000000000        0.8869204367        0.1064304524        0.0152031173
       59.2857140000        1.0000000000        1.0000000000       29.4700735544        0.0000000000        0.8869204367        0.1064304524        0.0291177063
       59.3877550000        1.0000000000        1.0000000000       26.2066932022        0.0000000000        0.8869204367        0.1064304524        0.0430754011
       59.4897960000        1.0000000000        1.0000000000       24.5176795412        0.0000000000        0.8869204367        0.1064304524        0.0527536906
       59.5918370000        1.0000000000        1.0000000000       23.4249267200        0.0000000000        0.8869204367        0.1064304524        0.0601453464
       59.6938780000        1.0000000000        1.0000000000       22.5525934544        0.0000000000        0.8869204367        0.1064304524        0.0667827000
       59.7959180000        1.0000000000        1.0000000000       21.8033367350        0.0000000000        0.8869204367        0.1064304524        0.0730653956
       59.8979590000        1.0000000000        1.0000000000       21.1443979334        0.0000000000        0.8869204367        0.1064304524        0.0790774322
       60.0000000000        1.0000000000        1.0000000000       20.5580080581        0.0000000000        0.8869204367        0.1064304524        0.0848423062
