       55.0000000000        1.0000000000        1.0000000000       10.4284087502        0.0000000000        0.8869204367        0.1064304524        0.2861013816
       55.1020410000        1.0000000000        1.0000000000       10.4267571717        0.0000000000        0.8869204367        0.1064304524        0.2861580894
       55.2040820000        1.0000000000        1.0000000000       10.4279332607        0.0000000000        0.8869204367        0.1064304524        0.2861177066
       55.3061220000        1.0000000000        1.0000000000       10.4365646249        0.0000000000        0.8869204367        0.1064304524        0.2858215097
       55.4081630000        1.0000000000        1.0000000000       10.4767611207        0.0000000000        0.8869204367        0.1064304524        0.2844461467
       55.5102040000        1.0000000000        1.0000000000       10.6545299937        0.0000000000        0.8869204367        0.1064304524        0.2784425292
       55.6122450000        1.0000000000        1.0000000000       11.1901219954        0.0000000000        0.8869204367        0.1064304524        0.2611097037
       55.7142860000        1.0000000000        1.0000000000       12.0191954210        0.0000000000        0.8869204367        0.1064304524        0.2363826354
       55.8163270000        1.0000000000        1.0000000000       12.3716805892        0.0000000000        0.8869204367        0.1064304524        0.2265925812
       55.9183670000        1.0000000000        1.0000000000       11.8096789577        0.0000000000        0.8869204367        0.1064304524        0.2424011029
       56.0204080000        1.0000000000        1.0000000000       11.0376807875        0.0000000000        0.8869204367        0.1064304524        0.2659301245
       56.1224490000        1.0000000000        1.0000000000       10.6400552333        0.0000000000        0.8869204367        0.1064304524        0.2789265962
       56.2244900000        1.0000000000        1.0000000000       10.5322036624        0.0000000000        0.8869204367        0.1064304524        0.2825599780
       56.3265310000        1.0000000000        1.0000000000       10.5235114533        0.0000000000        0.8869204367        0.1064304524        0.2828548602
       56.4285710000        1.0000000000        1.0000000000       10.5450795409        0.0000000000        0.8869204367        0.1064304524        0.2821237301
       56.5306120000        1.0000000000        1.0000000000       10.5846114421        0.0000000000        0.8869204367        0.1064304524        0.2807885531
       56.6326530000        1.0000000000        1.0000000000       10.6427776530        0.0000000000        0.8869204367        0.1064304524        0.2788354884
       56.7346940000        1.0000000000        1.0000000000       10.7241745076        0.0000000000        0.8869204367        0.1064304524        0.2761251868
       56.8367350000        1.0000000000        1.0000000000       10.8366048863        0.0000000000        0.8869204367        0.1064304524        0.2724248218
       56.9387760000        1.0000000000        1.0000000000       10.9921824046        0.0000000000        0.8869204367        0.1064304524        0.2673860222
       57.0408160000        1.0000000000        1.0000000000       11.2097486380        0.0000000000        0.8869204367        0.1064304524        0.2604954625
       57.1428570000        1.0000000000        1.0000000000       11.5194527275        0.0000000000        0.8869204367        0.1064304524        0.2509919713
       57.2448980000        1.0000000000        1.0000000000       11.9716212349        0.0000000000        0.8869204367        0.1064304524        0.2377359801
       57.3469390000        1.0000000000        1.0000000000       12.6552491178        0.0000000000        0.8869204367        0.1064304524        0.2190117508
       57.4489800000        1.0000000000        1.0000000000       13.7407728352        0.0000000000        0.8869204367        0.1064304524        0.1922626755
       57.5510200000        1.0000000000        1.0000000000       15.6008429460        0.0000000000        0.8869204367        0.1064304524        0.1538001643
       57.6530610000        1.0000000000        1.0000000000       19.3016266713        0.0000000000        0.8869204367        0.1064304524        0.0986482091
       57.7551020000        1.0000000000        1.0000000000       29.3248806991        0.0000000000        0.8869204367        0.1064304524        0.0296294736
       57.8571430000        1.0000000000        1.0000000000       66.2033098950        0.0000000000        0.8869204367        0.1064304524        0.0003546436
       57.9591840000        1.0000000000        1.0000000000      190.4982416233        0.0000000000        0.8869204367        0.1064304524        0.0000000001
       58.0612240000        1.0000000000        1.0000000000      454.6733227347        0.0000000000        0.8869204367        0.1064304524        0.0000000000
       58.1632650000        1.0000000000        1.0000000000      713.6566913510        0.0000000000        0.8869204367        0.1064304524        0.0000000000
       58.2653060000        1.0000000000        1.0000000000      687.3185813704        0.0000000000        0.8869204367        0.1064304524        0.0000000000
       58.3673470000        1.0000000000        1.0000000000      413.0135957475        0.0000000000        0.8869204367        0.1064304524        0.0000000000
       58.4693880000        1.0000000000        1.0000000000      173.4453440430        0.0000000000        0.8869204367        0.1064304524        0.0000000009
       58.5714290000        1.0000000000        1.0000000000       69.2178066067        0.0000000000        0.8869204367        0.1064304524        0.0002469964
       58.6734690000        1.0000000000        1.0000000000       37.9913397209        0.0000000000        0.8869204367        0.1064304524        0.0104729371
       58.7755100000        1.0000000000        1.0000000000       29.1329045794        0.0000000000        0.8869204367        0.1064304524        0.0303199748
       58.8775510000        1.0000000000        1.0000000000       27.8495520522        0.0000000000        0.8869204367        0.1064304524        0.0353680557
       58.9795920000        1.0000000000        1.0000000000       29.5648271999        0.0000000000        0.8869204367        0.1064304524        0.0287885004
       59.0816330000        1.0000000000        1.0000000000       28.9794785150        0.0000000000        0.8869204367        0.1064304524        0.0308833702
       59.1836730000        1.0000000000        1.0000000000       24.2856001539        0.0000000000        0.8869204367        0.1064304524        0.0542435049
       59.2857140000        1.0000000000        1.0000000000       19.2849285066        0.0000000000        0.8869204367        0.1064304524        0.0988460766
       59.3877550000        1.0000000000        1.0000000000       16.5108721797        0.0000000000        0.8869204367        0.1064304524        0.1378892211
       59.4897960000        1.0000000000        1.0000000000       15.3110951493        0.0000000000        0.8869204367        0.1064304524        0.1592418094
       59.5918370000        1.0000000000        1.0000000000       14.6842891236        0.0000000000        0.8869204367        0.1064304524        0.1716814259
       59.6938780000        1.0000000000        1.0000000000       14.2501462446        0.0000000000        0.8869204367        0.1064304524        0.1808626186
       59.7959180000        1.0000000000        1.0000000000       13.9104443084        0.0000000000        0.8869204367        0.1064304524        0.1883876790
       59.8979590000        1.0000000000        1.0000000000       13.6327762910        0.0000000000        0.8869204367        0.1064304524        0.1947705354
       60.0000000000        1.0000000000        1.0000000000       13.4005157230        0.0000000000        0.8869204367        0.1064304524        0.2002753946
