       55.0000000000        1.0000000000        1.0000000000        9.7489222438        0.0000000000        0.8869204367        0.1064304524        0.3104070839
       55.1020410000        1.0000000000        1.0000000000        9.8429566158        0.0000000000        0.8869204367        0.1064304524        0.3069240998
       55.2040820000        1.0000000000        1.0000000000        9.9594178318        0.0000000000        0.8869204367        0.1064304524        0.3026645629
       55.3061220000        1.0000000000        1.0000000000       10.1073871318        0.0000000000        0.8869204367        0.1064304524        0.2973377872
       55.4081630000        1.0000000000        1.0000000000       10.3168875537        0.0000000000        0.8869204367        0.1064304524        0.2899558797
       55.5102040000        1.0000000000        1.0000000000       10.7012871080        0.0000000000        0.8869204367        0.1064304524        0.2768846036
       55.6122450000        1.0000000000        1.0000000000       11.4866078773        0.0000000000        0.8869204367        0.1064304524        0.2519831786
       55.7142860000        1.0000000000        1.0000000000       12.6099454535        0.0000000000        0.8869204367        0.1064304524        0.2202056373
       55.8163270000        1.0000000000        1.0000000000       13.3131218818        0.0000000000        0.8869204367        0.1064304524        0.2023867869
       55.9183670000        1.0000000000        1.0000000000       13.1948968344        0.0000000000        0.8869204367        0.1064304524        0.2052785134
       56.0204080000        1.0000000000        1.0000000000       12.9982483013        0.0000000000        0.8869204367        0.1064304524        0.2101802473
       56.1224490000        1.0000000000        1.0000000000       13.3376227159        0.0000000000        0.8869204367        0.1064304524        0.2017926234
       56.2244900000        1.0000000000        1.0000000000       14.1734805944        0.0000000000        0.8869204367        0.1064304524        0.1825342100
       56.3265310000        1.0000000000        1.0000000000       15.3910822558        0.0000000000        0.8869204367        0.1064304524        0.1577206465
       56.4285710000        1.0000000000        1.0000000000       17.0372928621        0.0000000000        0.8869204367        0.1064304524        0.1294481138
       56.5306120000        1.0000000000        1.0000000000       19.2780455026        0.0000000000        0.8869204367        0.1064304524        0.0989277533
       56.6326530000        1.0000000000        1.0000000000       22.4003627406        0.0000000000        0.8869204367        0.1064304524        0.0680138765
       56.7346940000        1.0000000000        1.0000000000       26.8940940675        0.0000000000        0.8869204367        0.1064304524        0.0396647939
       56.8367350000        1.0000000000        1.0000000000       33.6460374139        0.0000000000        0.8869204367        0.1064304524        0.0176410891
       56.9387760000        1.0000000000        1.0000000000       44.4160619329        0.0000000000        0.8869204367        0.1064304524        0.0048444215
       57.0408160000        1.0000000000        1.0000000000       63.3071515183        0.0000000000        0.8869204367        0.1064304524        0.0005020262
       57.1428570000        1.0000000000        1.0000000000      103.0214738424        0.0000000000        0.8869204367        0.1064304524        0.0000042756
       57.2448980000        1.0000000000        1.0000000000      212.9529021479        0.0000000000        0.8869204367        0.1064304524        0.0000000000
       57.3469390000        1.0000000000        1.0000000000      556.4427866044        0.0000000000        0.8869204367        0.1064304524        0.0000000000
       57.4489800000        1.0000000000        1.0000000000     1401.9373248747        0.0000000000        0.8869204367        0.1064304524        0.0000000000
       57.5510200000        1.0000000000        1.0000000000     2600.5247175027        0.0000000000        0.8869204367        0.1064304524        0.0000000000
       57.6530610000        1.0000000000        1.0000000000     3148.3850235169        0.0000000000        0.8869204367        0.1064304524        0.0000000000
       57.7551020000        1.0000000000        1.0000000000     2429.3911329252        0.0000000000        0.8869204367        0.1064304524        0.0000000000
       57.8571430000        1.0000000000        1.0000000000     1266.0919262472        0.0000000000        0.8869204367        0.1064304524        0.0000000000
       57.9591840000        1.0000000000        1.0000000000      529.3214858123        0.0000000000        0.8869204367        0.1064304524        0.0000000000
       58.0612240000        1.0000000000        1.0000000000      238.6479144753        0.0000000000        0.8869204367        0.1064304524        0.0000000000
       58.1632650000        1.0000000000        1.0000000000      138.4854091988        0.0000000000        0.8869204367        0.1064304524        0.0000000606
       58.2653060000        1.0000000000        1.0000000000       96.7370379851        0.0000000000        0.8869204367        0.1064304524        0.0000090890
       58.3673470000        1.0000000000        1.0000000000       74.3592494401        0.0000000000        0.8869204367        0.1064304524        0.0001332731
       58.4693880000        1.0000000000        1.0000000000       60.4506707885        0.0000000000        0.8869204367        0.1064304524        0.0007072824
       58.5714290000        1.0000000000        1.0000000000       51.1027728460        0.0000000000        0.8869204367        0.1064304524        0.0021715095
       58.6734690000        1.0000000000        1.0000000000       44.6767665350        0.0000000000        0.8869204367        0.1064304524        0.0046952121
       58.7755100000        1.0000000000        1.0000000000       40.9202994124        0.0000000000        0.8869204367        0.1064304524        0.0073692751
       58.8775510000        1.0000000000        1.0000000000       40.4217631019        0.0000000000        0.8869204367        0.1064304524        0.0078235914
       58.9795920000        1.0000000000        1.0000000000       41.8814009950        0.0000000000        0.8869204367        0.1064304524        0.0065665407
       59.0816330000        1.0000000000        1.0000000000       40.7666219094        0.0000000000        0.8869204367        0.1064304524        0.0075064350
       59.1836730000        1.0000000000        1.0000000000       35.4228301787        0.0000000000        0.8869204367        0.1064304524        0.0142536877
       59.2857140000        1.0000000000        1.0000000000       29.6970388077        0.0000000000        0.8869204367        0.1064304524        0.0283353636
       59.3877550000        1.0000000000        1.0000000000       26.2040245178        0.0000000000        0.8869204367        0.1064304524        0.0430891979
       59.4897960000        1.0000000000        1.0000000000       24.3439236139        0.0000000000        0.8869204367        0.1064304524        0.0538651901
       59.5918370000        1.0000000000        1.0000000000       23.1231383961        0.0000000000        0.8869204367        0.1064304524        0.0623634066
       59.6938780000        1.0000000000        1.0000000000       22.1548468593        0.0000000000        0.8869204367        0.1064304524        0.0700475051
       59.7959180000        1.0000000000        1.0000000000       21.3337842326        0.0000000000        0.8869204367        0.1064304524        0.0773005578
       59.8979590000        1.0000000000        1.0000000000       20.6213982957        0.0000000000        0.8869204367        0.1064304524        0.0841993737
       60.0000000000        1.0000000000        1.0000000000       19.9956324985        0.0000000000        0.8869204367        0.1064304524        0.0907655110
