       55.0000000000        1.0000000000        1.0000000000       12.4598222808        0.0000000000        0.8869204367        0.1064304524        0.2242085410
       55.1020410000        1.0000000000        1.0000000000       13.0913863652        0.0000000000        0.8869204367        0.1064304524        0.2078442321
       55.2040820000        1.0000000000        1.0000000000       13.8494542696        0.0000000000        0.8869204367        0.1064304524        0.1897715094
       55.3061220000        1.0000000000        1.0000000000       14.7693971172        0.0000000000        0.8869204367        0.1064304524        0.1699369736
       55.4081630000        1.0000000000        1.0000000000       15.9163801922        0.0000000000        0.8869204367        0.1064304524        0.1480854772
       55.5102040000        1.0000000000        1.0000000000       17.4503855778        0.0000000000        0.8869204367        0.1064304524        0.1231876755
       55.6122450000        1.0000000000        1.0000000000       19.6549606277        0.0000000000        0.8869204367        0.1064304524        0.0945529508
       55.7142860000        1.0000000000        1.0000000000       22.5380762744        0.0000000000        0.8869204367        0.1064304524        0.0668991409
       55.8163270000        1.0000000000        1.0000000000       25.4605680748        0.0000000000        0.8869204367        0.1064304524        0.0471100856
       55.9183670000        1.0000000000        1.0000000000       28.2254658560        0.0000000000        0.8869204367        0.1064304524        0.0338080648
       56.0204080000        1.0000000000        1.0000000000       31.8590642480        0.0000000000        0.8869204367        0.1064304524        0.0218601986
       56.1224490000        1.0000000000        1.0000000000       37.3792848019        0.0000000000        0.8869204367        0.1064304524        0.0112710907
       56.2244900000        1.0000000000        1.0000000000       45.4012189610        0.0000000000        0.8869204367        0.1064304524        0.0043042762
       56.3265310000        1.0000000000        1.0000000000       56.9455159781        0.0000000000        0.8869204367        0.1064304524        0.0010771227
       56.4285710000        1.0000000000        1.0000000000       74.1295045588        0.0000000000        0.8869204367        0.1064304524        0.0001369985
       56.5306120000        1.0000000000        1.0000000000      101.2691345463        0.0000000000        0.8869204367        0.1064304524        0.0000052762
       56.6326530000        1.0000000000        1.0000000000      148.3528995526        0.0000000000        0.8869204367        0.1064304524        0.0000000186
       56.7346940000        1.0000000000        1.0000000000      244.0213474741        0.0000000000        0.8869204367        0.1064304524        0.0000000000
       56.8367350000        1.0000000000        1.0000000000      483.5474184946        0.0000000000        0.8869204367        0.1064304524        0.0000000000
       56.9387760000        1.0000000000        1.0000000000     1133.6747544174        0.0000000000        0.8869204367        0.1064304524        0.0000000000
       57.0408160000        1.0000000000        1.0000000000     2553.3683634943        0.0000000000        0.8869204367        0.1064304524        0.0000000000
       57.1428570000        1.0000000000        1.0000000000     4407.1293578732        0.0000000000        0.8869204367        0.1064304524        0.0000000000
       57.2448980000        1.0000000000        1.0000000000     5169.8297362564        0.0000000000        0.8869204367        0.1064304524        0.0000000000
       57.3469390000        1.0000000000        1.0000000000     4028.3637234748        0.0000000000        0.8869204367        0.1064304524        0.0000000000
       57.4489800000        1.0000000000        1.0000000000     2214.8765482602        0.0000000000        0.8869204367        0.1064304524        0.0000000000
       57.5510200000        1.0000000000        1.0000000000     1015.4119862089        0.0000000000        0.8869204367        0.1064304524        0.0000000000
       57.6530610000        1.0000000000        1.0000000000      493.6101816243        0.0000000000        0.8869204367        0.1064304524        0.0000000000
       57.7551020000        1.0000000000        1.0000000000      290.8252023445        0.0000000000        0.8869204367        0.1064304524        0.0000000000
       57.8571430000        1.0000000000        1.0000000000      199.7129078687        0.0000000000        0.8869204367        0.1064304524        0.0000000000
       57.9591840000        1.0000000000        1.0000000000      149.9009129850        0.0000000000        0.8869204367        0.1064304524        0.0000000154
       58.0612240000        1.0000000000        1.0000000000      118.8541472938        0.0000000000        0.8869204367        0.1064304524        0.0000006396
       58.1632650000        1.0000000000        1.0000000000       97.8883658150        0.0000000000        0.8869204367        0.1064304524        0.0000079162
       58.2653060000        1.0000000000        1.0000000000       82.9441433751        0.0000000000        0.8869204367        0.1064304524        0.0000475705
       58.3673470000        1.0000000000        1.0000000000       71.8590915169        0.0000000000        0.8869204367        0.1064304524        0.0001799033
       58.4693880000        1.0000000000        1.0000000000       63.3830998500        0.0000000000        0.8869204367        0.1064304524        0.0004974717
       58.5714290000        1.0000000000        1.0000000000       56.7721702548        0.0000000000        0.8869204367        0.1064304524        0.0010997632
       58.6734690000        1.0000000000        1.0000000000       51.7062512038        0.0000000000        0.8869204367        0.1064304524        0.0020198134
       58.7755100000        1.0000000000        1.0000000000       48.5632351262        0.0000000000        0.8869204367        0.1064304524        0.0029451715
       58.8775510000        1.0000000000        1.0000000000       48.2712833900        0.0000000000        0.8869204367        0.1064304524        0.0030501820
       58.9795920000        1.0000000000        1.0000000000       49.7419618930        0.0000000000        0.8869204367        0.1064304524        0.0025567064
       59.0816330000        1.0000000000        1.0000000000       48.5471202899        0.0000000000        0.8869204367        0.1064304524        0.0029508724
       59.1836730000        1.0000000000        1.0000000000       43.0345869917        0.0000000000        0.8869204367        0.1064304524        0.0057179185
       59.2857140000        1.0000000000        1.0000000000       37.0552658596        0.0000000000        0.8869204367        0.1064304524        0.0117179678
       59.3877550000        1.0000000000        1.0000000000       33.2703513860        0.0000000000        0.8869204367        0.1064304524        0.0184545899
       59.4897960000        1.0000000000        1.0000000000       31.1164081117        0.0000000000        0.8869204367        0.1064304524        0.0238977976
       59.5918370000        1.0000000000        1.0000000000       29.6111903920        0.0000000000        0.8869204367        0.1064304524        0.0286287779
       59.6938780000        1.0000000000        1.0000000000       28.3702138189        0.0000000000        0.8869204367        0.1064304524        0.0332258976
       59.7959180000        1.0000000000        1.0000000000       27.2892353082        0.0000000000        0.8869204367        0.1064304524        0.0378279044
       59.8979590000        1.0000000000        1.0000000000       26.3302663098        0.0000000000        0.8869204367        0.1064304524        0.0424413584
       60.0000000000        1.0000000000        1.0000000000       25.4713722097        0.0000000000        0.8869204367        0.1064304524        0.0470490471
