       55.0000000000        1.0000000000        1.0000000000       11.6708690116        0.0000000000        0.8869204367        0.1064304524        0.2464726410
       55.1020410000        1.0000000000        1.0000000000       12.2252575510        0.0000000000        0.8869204367        0.1064304524        0.2306091700
       55.2040820000        1.0000000000        1.0000000000       12.9307037192        0.0000000000        0.8869204367        0.1064304524        0.2118907545
       55.3061220000        1.0000000000        1.0000000000       13.8424794232        0.0000000000        0.8869204367        0.1064304524        0.1899304112
       55.4081630000        1.0000000000        1.0000000000       15.0583845811        0.0000000000        0.8869204367        0.1064304524        0.1641448269
       55.5102040000        1.0000000000        1.0000000000       16.7929828989        0.0000000000        0.8869204367        0.1064304524        0.1332993474
       55.6122450000        1.0000000000        1.0000000000       19.4244586647        0.0000000000        0.8869204367        0.1064304524        0.0972048142
       55.7142860000        1.0000000000        1.0000000000       23.1281427285        0.0000000000        0.8869204367        0.1064304524        0.0623259674
       55.8163270000        1.0000000000        1.0000000000       27.5666349150        0.0000000000        0.8869204367        0.1064304524        0.0365894186
       55.9183670000        1.0000000000        1.0000000000       33.1168499323        0.0000000000        0.8869204367        0.1064304524        0.0187976768
       56.0204080000        1.0000000000        1.0000000000       42.0245416491        0.0000000000        0.8869204367        0.1064304524        0.0064547112
       56.1224490000        1.0000000000        1.0000000000       58.2954765991        0.0000000000        0.8869204367        0.1064304524        0.0009160339
       56.2244900000        1.0000000000        1.0000000000       91.8374506918        0.0000000000        0.8869204367        0.1064304524        0.0000163629
       56.3265310000        1.0000000000        1.0000000000      180.9984928170        0.0000000000        0.8869204367        0.1064304524        0.0000000004
       56.4285710000        1.0000000000        1.0000000000      464.0046364749        0.0000000000        0.8869204367        0.1064304524        0.0000000000
       56.5306120000        1.0000000000        1.0000000000     1218.4226470333        0.0000000000        0.8869204367        0.1064304524        0.0000000000
       56.6326530000        1.0000000000        1.0000000000     2431.1897123859        0.0000000000        0.8869204367        0.1064304524        0.0000000000
       56.7346940000        1.0000000000        1.0000000000     3181.0981691662        0.0000000000        0.8869204367        0.1064304524        0.0000000000
       56.8367350000        1.0000000000        1.0000000000     2626.4113269318        0.0000000000        0.8869204367        0.1064304524        0.0000000000
       56.9387760000        1.0000000000        1.0000000000     1431.0587377576        0.0000000000        0.8869204367        0.1064304524        0.0000000000
       57.0408160000        1.0000000000        1.0000000000      600.6687949889        0.0000000000        0.8869204367        0.1064304524        0.0000000000
       57.1428570000        1.0000000000        1.0000000000      261.0359867931        0.0000000000        0.8869204367        0.1064304524        0.0000000000
       57.2448980000        1.0000000000        1.0000000000      146.0188450452        0.0000000000        0.8869204367        0.1064304524        0.0000000246
       57.3469390000        1.0000000000        1.0000000000      100.1107609714        0.0000000000        0.8869204367        0.1064304524        0.0000060631
       57.4489800000        1.0000000000        1.0000000000       76.1932896774        0.0000000000        0.8869204367        0.1064304524        0.0001069451
       57.5510200000        1.0000000000        1.0000000000       61.5331818333        0.0000000000        0.8869204367        0.1064304524        0.0006211228
       57.6530610000        1.0000000000        1.0000000000       51.7207449444        0.0000000000        0.8869204367        0.1064304524        0.0020163035
       57.7551020000        1.0000000000        1.0000000000       44.7640975140        0.0000000000        0.8869204367        0.1064304524        0.0046462646
       57.8571430000        1.0000000000        1.0000000000       39.6188055070        0.0000000000        0.8869204367        0.1064304524        0.0086149461
       57.9591840000        1.0000000000        1.0000000000       35.6864160024        0.0000000000        0.8869204367        0.1064304524        0.0138098949
       58.0612240000        1.0000000000        1.0000000000       32.6014107720        0.0000000000        0.8869204367        0.1064304524        0.0199970745
       58.1632650000        1.0000000000        1.0000000000       30.1292363491        0.0000000000        0.8869204367        0.1064304524        0.0269032452
       58.2653060000        1.0000000000        1.0000000000       28.1138524889        0.0000000000        0.8869204367        0.1064304524        0.0342639226
       58.3673470000        1.0000000000        1.0000000000       26.4491773527        0.0000000000        0.8869204367        0.1064304524        0.0418400492
       58.4693880000        1.0000000000        1.0000000000       25.0654676019        0.0000000000        0.8869204367        0.1064304524        0.0493974679
       58.5714290000        1.0000000000        1.0000000000       23.9404042644        0.0000000000        0.8869204367        0.1064304524        0.0565376488
       58.6734690000        1.0000000000        1.0000000000       23.2192285603        0.0000000000        0.8869204367        0.1064304524        0.0616484355
       58.7755100000        1.0000000000        1.0000000000       23.5890332951        0.0000000000        0.8869204367        0.1064304524        0.0589725029
       58.8775510000        1.0000000000        1.0000000000       26.1614202935        0.0000000000        0.8869204367        0.1064304524        0.0433100558
       58.9795920000        1.0000000000        1.0000000000       29.9285453999        0.0000000000        0.8869204367        0.1064304524        0.0275590185
       59.0816330000        1.0000000000        1.0000000000       30.5659448875        0.0000000000        0.8869204367        0.1064304524        0.0255296850
       59.1836730000        1.0000000000        1.0000000000       26.6167519627        0.0000000000        0.8869204367        0.1064304524        0.0410070927
       59.2857140000        1.0000000000        1.0000000000       22.0546189702        0.0000000000        0.8869204367        0.1064304524        0.0708950775
       59.3877550000        1.0000000000        1.0000000000       19.5345663720        0.0000000000        0.8869204367        0.1064304524        0.0959289021
       59.4897960000        1.0000000000        1.0000000000       18.4801705125        0.0000000000        0.8869204367        0.1064304524        0.1088678561
       59.5918370000        1.0000000000        1.0000000000       17.9296249965        0.0000000000        0.8869204367        0.1064304524        0.1163031657
       59.6938780000        1.0000000000        1.0000000000       17.5249507289        0.0000000000        0.8869204367        0.1064304524        0.1220903313
       59.7959180000        1.0000000000        1.0000000000       17.1825908545        0.0000000000        0.8869204367        0.1064304524        0.1272106503
       59.8979590000        1.0000000000        1.0000000000       16.8802135155        0.0000000000        0.8869204367        0.1064304524        0.1319112908
       60.0000000000        1.0000000000        1.0000000000       16.6081847855        0.0000000000        0.8869204367        0.1064304524        0.1362883831
