       55.0000000000        1.0000000000        1.0000000000        9.6350804589        0.0000000000        0.8869204367        0.1064304524        0.3146766564
       55.1020410000        1.0000000000        1.0000000000        9.6876356012        0.0000000000        0.8869204367        0.1064304524        0.3126983559
       55.2040820000        1.0000000000        1.0000000000        9.7547832905        0.0000000000        0.8869204367        0.1064304524        0.3101888434
       55.3061220000        1.0000000000        1.0000000000        9.8437851746        0.0000000000        0.8869204367        0.1064304524        0.3068935848
       55.4081630000        1.0000000000        1.0000000000        9.9822713222        0.0000000000        0.8869204367        0.1064304524        0.3018356670
       55.5102040000        1.0000000000        1.0000000000       10.2805602068        0.0000000000        0.8869204367        0.1064304524        0.2912226381
       55.6122450000        1.0000000000        1.0000000000       10.9615038632        0.0000000000        0.8869204367        0.1064304524        0.2683721980
       55.7142860000        1.0000000000        1.0000000000       11.9593066328        0.0000000000        0.8869204367        0.1064304524        0.2380875547
       55.8163270000        1.0000000000        1.0000000000       12.5095900422        0.0000000000        0.8869204367        0.1064304524        0.2228735285
       55.9183670000        1.0000000000        1.0000000000       12.1981244258        0.0000000000        0.8869204367        0.1064304524        0.2313612514
       56.0204080000        1.0000000000        1.0000000000       11.7524761625        0.0000000000        0.8869204367        0.1064304524        0.2440707493
       56.1224490000        1.0000000000        1.0000000000       11.7702807570        0.0000000000        0.8869204367        0.1064304524        0.2435498363
       56.2244900000        1.0000000000        1.0000000000       12.1870087666        0.0000000000        0.8869204367        0.1064304524        0.2316700653
       56.3265310000        1.0000000000        1.0000000000       12.8481237546        0.0000000000        0.8869204367        0.1064304524        0.2140009445
       56.4285710000        1.0000000000        1.0000000000       13.7385297902        0.0000000000        0.8869204367        0.1064304524        0.1923144330
       56.5306120000        1.0000000000        1.0000000000       14.9249914915        0.0000000000        0.8869204367        0.1064304524        0.1667934632
       56.6326530000        1.0000000000        1.0000000000       16.5283652497        0.0000000000        0.8869204367        0.1064304524        0.1376000720
       56.7346940000        1.0000000000        1.0000000000       18.7436426988        0.0000000000        0.8869204367        0.1064304524        0.1054796618
       56.8367350000        1.0000000000        1.0000000000       21.8950315459        0.0000000000        0.8869204367        0.1064304524        0.0722658365
       56.9387760000        1.0000000000        1.0000000000       26.5530296784        0.0000000000        0.8869204367        0.1064304524        0.0413218625
       57.0408160000        1.0000000000        1.0000000000       33.8054538008        0.0000000000        0.8869204367        0.1064304524        0.0173068231
       57.1428570000        1.0000000000        1.0000000000       46.0168362631        0.0000000000        0.8869204367        0.1064304524        0.0039977629
       57.2448980000        1.0000000000        1.0000000000       69.7229647732        0.0000000000        0.8869204367        0.1064304524        0.0002324685
       57.3469390000        1.0000000000        1.0000000000      129.2216488095        0.0000000000        0.8869204367        0.1064304524        0.0000001843
       57.4489800000        1.0000000000        1.0000000000      317.3161967154        0.0000000000        0.8869204367        0.1064304524        0.0000000000
       57.5510200000        1.0000000000        1.0000000000      859.7441641624        0.0000000000        0.8869204367        0.1064304524        0.0000000000
       57.6530610000        1.0000000000        1.0000000000     1872.7705394812        0.0000000000        0.8869204367        0.1064304524        0.0000000000
       57.7551020000        1.0000000000        1.0000000000     2740.4426136260        0.0000000000        0.8869204367        0.1064304524        0.0000000000
       57.8571430000        1.0000000000        1.0000000000     2540.1440223526        0.0000000000        0.8869204367        0.1064304524        0.0000000000
       57.9591840000        1.0000000000        1.0000000000     1525.1551657096        0.0000000000        0.8869204367        0.1064304524        0.0000000000
       58.0612240000        1.0000000000        1.0000000000      669.1169044918        0.0000000000        0.8869204367        0.1064304524        0.0000000000
       58.1632650000        1.0000000000        1.0000000000      278.3899806251        0.0000000000        0.8869204367        0.1064304524        0.0000000000
       58.2653060000        1.0000000000        1.0000000000      144.6052958127        0.0000000000        0.8869204367        0.1064304524        0.0000000291
       58.3673470000        1.0000000000        1.0000000000       95.1618111695        0.0000000000        0.8869204367        0.1064304524        0.0000109802
       58.4693880000        1.0000000000        1.0000000000       71.2451819997        0.0000000000        0.8869204367        0.1064304524        0.0001936570
       58.5714290000        1.0000000000        1.0000000000       57.1952722188        0.0000000000        0.8869204367        0.1064304524        0.0010453195
       58.6734690000        1.0000000000        1.0000000000       48.2327931634        0.0000000000        0.8869204367        0.1064304524        0.0030643029
       58.7755100000        1.0000000000        1.0000000000       42.9961534217        0.0000000000        0.8869204367        0.1064304524        0.0057443506
       58.8775510000        1.0000000000        1.0000000000       41.5873686250        0.0000000000        0.8869204367        0.1064304524        0.0068023697
       58.9795920000        1.0000000000        1.0000000000       42.4645056872        0.0000000000        0.8869204367        0.1064304524        0.0061227699
       59.0816330000        1.0000000000        1.0000000000       40.9648207398        0.0000000000        0.8869204367        0.1064304524        0.0073300093
       59.1836730000        1.0000000000        1.0000000000       35.3629723176        0.0000000000        0.8869204367        0.1064304524        0.0143564397
       59.2857140000        1.0000000000        1.0000000000       29.4636351528        0.0000000000        0.8869204367        0.1064304524        0.0291402116
       59.3877550000        1.0000000000        1.0000000000       25.8530655459        0.0000000000        0.8869204367        0.1064304524        0.0449426581
       59.4897960000        1.0000000000        1.0000000000       23.9128772319        0.0000000000        0.8869204367        0.1064304524        0.0567247153
       59.5918370000        1.0000000000        1.0000000000       22.6378254126        0.0000000000        0.8869204367        0.1064304524        0.0661031387
       59.6938780000        1.0000000000        1.0000000000       21.6334706875        0.0000000000        0.8869204367        0.1064304524        0.0745700384
       59.7959180000        1.0000000000        1.0000000000       20.7893207586        0.0000000000        0.8869204367        0.1064304524        0.0825196782
       59.8979590000        1.0000000000        1.0000000000       20.0631624962        0.0000000000        0.8869204367        0.1064304524        0.0900329559
       60.0000000000        1.0000000000        1.0000000000       19.4303446025        0.0000000000        0.8869204367        0.1064304524        0.0971361815
