       55.0000000000        1.0000000000        1.0000000000       13.2236815944        0.0000000000        0.8869204367        0.1064304524        0.2045706694
       55.1020410000        1.0000000000        1.0000000000       14.2046454739        0.0000000000        0.8869204367        0.1064304524        0.1818528461
       55.2040820000        1.0000000000        1.0000000000       15.4903090440        0.0000000000        0.8869204367        0.1064304524        0.1558537697
       55.3061220000        1.0000000000        1.0000000000       17.2095309126        0.0000000000        0.8869204367        0.1064304524        0.1268000669
       55.4081630000        1.0000000000        1.0000000000       19.5804469050        0.0000000000        0.8869204367        0.1064304524        0.0954022011
       55.5102040000        1.0000000000        1.0000000000       23.0225178623        0.0000000000        0.8869204367        0.1064304524        0.0631209758
       55.6122450000        1.0000000000        1.0000000000       28.2803332541        0.0000000000        0.8869204367        0.1064304524        0.0335862007
       55.7142860000        1.0000000000        1.0000000000       36.2340074198        0.0000000000        0.8869204367        0.1064304524        0.0129316060
       55.8163270000        1.0000000000        1.0000000000       48.0919995702        0.0000000000        0.8869204367        0.1064304524        0.0031165148
       55.9183670000        1.0000000000        1.0000000000       68.3065125078        0.0000000000        0.8869204367        0.1064304524        0.0002755390
       56.0204080000        1.0000000000        1.0000000000      113.4270806892        0.0000000000        0.8869204367        0.1064304524        0.0000012266
       56.1224490000        1.0000000000        1.0000000000      246.3597751899        0.0000000000        0.8869204367        0.1064304524        0.0000000000
       56.2244900000        1.0000000000        1.0000000000      660.0293921032        0.0000000000        0.8869204367        0.1064304524        0.0000000000
       56.3265310000        1.0000000000        1.0000000000     1611.5319606139        0.0000000000        0.8869204367        0.1064304524        0.0000000000
       56.4285710000        1.0000000000        1.0000000000     2794.4763483343        0.0000000000        0.8869204367        0.1064304524        0.0000000000
       56.5306120000        1.0000000000        1.0000000000     3097.4588853291        0.0000000000        0.8869204367        0.1064304524        0.0000000000
       56.6326530000        1.0000000000        1.0000000000     2177.1105042254        0.0000000000        0.8869204367        0.1064304524        0.0000000000
       56.7346940000        1.0000000000        1.0000000000     1051.5392780195        0.0000000000        0.8869204367        0.1064304524        0.0000000000
       56.8367350000        1.0000000000        1.0000000000      430.6566997601        0.0000000000        0.8869204367        0.1064304524        0.0000000000
       56.9387760000        1.0000000000        1.0000000000      203.3288564203        0.0000000000        0.8869204367        0.1064304524        0.0000000000
       57.0408160000        1.0000000000        1.0000000000      124.1249718587        0.0000000000        0.8869204367        0.1064304524        0.0000003398
       57.1428570000        1.0000000000        1.0000000000       89.0847294025        0.0000000000        0.8869204367        0.1064304524        0.0000227677
       57.2448980000        1.0000000000        1.0000000000       69.5072525705        0.0000000000        0.8869204367        0.1064304524        0.0002385646
       57.3469390000        1.0000000000        1.0000000000       57.0608667132        0.0000000000        0.8869204367        0.1064304524        0.0010623158
       57.4489800000        1.0000000000        1.0000000000       48.5354553709        0.0000000000        0.8869204367        0.1064304524        0.0029550059
       57.5510200000        1.0000000000        1.0000000000       42.3893159079        0.0000000000        0.8869204367        0.1064304524        0.0061782643
       57.6530610000        1.0000000000        1.0000000000       37.7846903156        0.0000000000        0.8869204367        0.1064304524        0.0107358911
       57.7551020000        1.0000000000        1.0000000000       34.2292694008        0.0000000000        0.8869204367        0.1064304524        0.0164486425
       57.8571430000        1.0000000000        1.0000000000       31.4162242171        0.0000000000        0.8869204367        0.1064304524        0.0230532872
       57.9591840000        1.0000000000        1.0000000000       29.1453854701        0.0000000000        0.8869204367        0.1064304524        0.0302745983
       58.0612240000        1.0000000000        1.0000000000       27.2813153010        0.0000000000        0.8869204367        0.1064304524        0.0378638732
       58.1632650000        1.0000000000        1.0000000000       25.7296604262        0.0000000000        0.8869204367        0.1064304524        0.0456131489
       58.2653060000        1.0000000000        1.0000000000       24.4235369217        0.0000000000        0.8869204367        0.1064304524        0.0533530341
       58.3673470000        1.0000000000        1.0000000000       23.3156717705        0.0000000000        0.8869204367        0.1064304524        0.0609390794
       58.4693880000        1.0000000000        1.0000000000       22.3763392518        0.0000000000        0.8869204367        0.1064304524        0.0682102310
       58.5714290000        1.0000000000        1.0000000000       21.6112682813        0.0000000000        0.8869204367        0.1064304524        0.0747689794
       58.6734690000        1.0000000000        1.0000000000       21.1859879050        0.0000000000        0.8869204367        0.1064304524        0.0786837560
       58.7755100000        1.0000000000        1.0000000000       21.8022819967        0.0000000000        0.8869204367        0.1064304524        0.0730746440
       58.8775510000        1.0000000000        1.0000000000       24.5801867655        0.0000000000        0.8869204367        0.1064304524        0.0523594725
       58.9795920000        1.0000000000        1.0000000000       28.5143254756        0.0000000000        0.8869204367        0.1064304524        0.0326562487
       59.0816330000        1.0000000000        1.0000000000       29.2862550018        0.0000000000        0.8869204367        0.1064304524        0.0297671274
       59.1836730000        1.0000000000        1.0000000000       25.4535883225        0.0000000000        0.8869204367        0.1064304524        0.0471495601
       59.2857140000        1.0000000000        1.0000000000       20.9987897407        0.0000000000        0.8869204367        0.1064304524        0.0804712928
       59.3877550000        1.0000000000        1.0000000000       18.5754128987        0.0000000000        0.8869204367        0.1064304524        0.1076306793
       59.4897960000        1.0000000000        1.0000000000       17.6054025260        0.0000000000        0.8869204367        0.1064304524        0.1209173163
       59.5918370000        1.0000000000        1.0000000000       17.1282890884        0.0000000000        0.8869204367        0.1064304524        0.1280422885
       59.6938780000        1.0000000000        1.0000000000       16.7880271159        0.0000000000        0.8869204367        0.1064304524        0.1333786432
       59.7959180000        1.0000000000        1.0000000000       16.5025792989        0.0000000000        0.8869204367        0.1064304524        0.1380265093
       59.8979590000        1.0000000000        1.0000000000       16.2507694491        0.0000000000        0.8869204367        0.1064304524        0.1422609355
       60.0000000000        1.0000000000        1.0000000000       16.0238800606        0.0000000000        0.8869204367        0.1064304524        0.1461874455
