       55.0000000000        1.0000000000        1.0000000000        8.9855081189        0.0000000000        0.8869204367        0.1064304524        0.3401866048
       55.1020410000        1.0000000000        1.0000000000        9.0211961625        0.0000000000        0.8869204367        0.1064304524        0.3387328486
       55.2040820000        1.0000000000        1.0000000000        9.0714905841        0.0000000000        0.8869204367        0.1064304524        0.3366946407
       55.3061220000        1.0000000000        1.0000000000        9.1440319015        0.0000000000        0.8869204367        0.1064304524        0.3337764478
       55.4081630000        1.0000000000        1.0000000000        9.2669861309        0.0000000000        0.8869204367        0.1064304524        0.3288878934
       55.5102040000        1.0000000000        1.0000000000        9.5515313396        0.0000000000        0.8869204367        0.1064304524        0.3178474397
       55.6122450000        1.0000000000        1.0000000000       10.2224655019        0.0000000000        0.8869204367        0.1064304524        0.2932599505
       55.7142860000        1.0000000000        1.0000000000       11.2178408437        0.0000000000        0.8869204367        0.1064304524        0.2602426273
       55.8163270000        1.0000000000        1.0000000000       11.7771222753        0.0000000000        0.8869204367        0.1064304524        0.2433499683
       55.9183670000        1.0000000000        1.0000000000       11.4883223598        0.0000000000        0.8869204367        0.1064304524        0.2519313414
       56.0204080000        1.0000000000        1.0000000000       11.0850749888        0.0000000000        0.8869204367        0.1064304524        0.2644219917
       56.1224490000        1.0000000000        1.0000000000       11.1792047054        0.0000000000        0.8869204367        0.1064304524        0.2614520011
       56.2244900000        1.0000000000        1.0000000000       11.7283549403        0.0000000000        0.8869204367        0.1064304524        0.2447782469
       56.3265310000        1.0000000000        1.0000000000       12.6132228994        0.0000000000        0.8869204367        0.1064304524        0.2201190488
       56.4285710000        1.0000000000        1.0000000000       13.8795891769        0.0000000000        0.8869204367        0.1064304524        0.1890864991
       56.5306120000        1.0000000000        1.0000000000       15.7053040395        0.0000000000        0.8869204367        0.1064304524        0.1518842616
       56.6326530000        1.0000000000        1.0000000000       18.4258032369        0.0000000000        0.8869204367        0.1064304524        0.1095804399
       56.7346940000        1.0000000000        1.0000000000       22.6850517712        0.0000000000        0.8869204367        0.1064304524        0.0657295809
       56.8367350000        1.0000000000        1.0000000000       29.8817789860        0.0000000000        0.8869204367        0.1064304524        0.0277141136
       56.9387760000        1.0000000000        1.0000000000       43.9056304593        0.0000000000        0.8869204367        0.1064304524        0.0051504270
       57.0408160000        1.0000000000        1.0000000000       79.8391364582        0.0000000000        0.8869204367        0.1064304524        0.0000690488
       57.1428570000        1.0000000000        1.0000000000      199.9480044875        0.0000000000        0.8869204367        0.1064304524        0.0000000000
       57.2448980000        1.0000000000        1.0000000000      570.4100083448        0.0000000000        0.8869204367        0.1064304524        0.0000000000
       57.3469390000        1.0000000000        1.0000000000     1304.9527658016        0.0000000000        0.8869204367        0.1064304524        0.0000000000
       57.4489800000        1.0000000000        1.0000000000     1974.7316778689        0.0000000000        0.8869204367        0.1064304524        0.0000000000
       57.5510200000        1.0000000000        1.0000000000     1858.7423233397        0.0000000000        0.8869204367        0.1064304524        0.0000000000
       57.6530610000        1.0000000000        1.0000000000     1110.5871875699        0.0000000000        0.8869204367        0.1064304524        0.0000000000
       57.7551020000        1.0000000000        1.0000000000      472.2799772003        0.0000000000        0.8869204367        0.1064304524        0.0000000000
       57.8571430000        1.0000000000        1.0000000000      189.0575106223        0.0000000000        0.8869204367        0.1064304524        0.0000000001
       57.9591840000        1.0000000000        1.0000000000       97.6493478358        0.0000000000        0.8869204367        0.1064304524        0.0000081465
       58.0612240000        1.0000000000        1.0000000000       65.9302802313        0.0000000000        0.8869204367        0.1064304524        0.0003664554
       58.1632650000        1.0000000000        1.0000000000       51.1755504554        0.0000000000        0.8869204367        0.1064304524        0.0021526276
       58.2653060000        1.0000000000        1.0000000000       42.9158410525        0.0000000000        0.8869204367        0.1064304524        0.0057999793
       58.3673470000        1.0000000000        1.0000000000       38.0926423905        0.0000000000        0.8869204367        0.1064304524        0.0103463954
       58.4693880000        1.0000000000        1.0000000000       35.5689568284        0.0000000000        0.8869204367        0.1064304524        0.0140059251
       58.5714290000        1.0000000000        1.0000000000       35.0398263166        0.0000000000        0.8869204367        0.1064304524        0.0149240816
       58.6734690000        1.0000000000        1.0000000000       36.9846376773        0.0000000000        0.8869204367        0.1064304524        0.0118177041
       58.7755100000        1.0000000000        1.0000000000       43.4711155987        0.0000000000        0.8869204367        0.1064304524        0.0054261041
       58.8775510000        1.0000000000        1.0000000000       60.4600886345        0.0000000000        0.8869204367        0.1064304524        0.0007064836
       58.9795920000        1.0000000000        1.0000000000      107.7246935138        0.0000000000        0.8869204367        0.1064304524        0.0000024316
       59.0816330000        1.0000000000        1.0000000000      259.6544283726        0.0000000000        0.8869204367        0.1064304524        0.0000000000
       59.1836730000        1.0000000000        1.0000000000      672.4950718640        0.0000000000        0.8869204367        0.1064304524        0.0000000000
       59.2857140000        1.0000000000        1.0000000000     1336.7951502362        0.0000000000        0.8869204367        0.1064304524        0.0000000000
       59.3877550000        1.0000000000        1.0000000000     1732.0902368041        0.0000000000        0.8869204367        0.1064304524        0.0000000000
       59.4897960000        1.0000000000        1.0000000000     1409.0379153438        0.0000000000        0.8869204367        0.1064304524        0.0000000000
       59.5918370000        1.0000000000        1.0000000000      751.1760476847        0.0000000000        0.8869204367        0.1064304524        0.0000000000
       59.6938780000        1.0000000000        1.0000000000      306.2766961736        0.0000000000        0.8869204367        0.1064304524        0.0000000000
       59.7959180000        1.0000000000        1.0000000000      131.6622345775        0.0000000000        0.8869204367        0.1064304524        0.0000001375
       59.8979590000        1.0000000000        1.0000000000       76.3388562824        0.0000000000        0.8869204367        0.1064304524        0.0001050932
       60.0000000000        1.0000000000        1.0000000000       55.4496281880        0.0000000000        0.8869204367        0.1064304524        0.0012889139
