       55.0000000000        1.0000000000        1.0000000000        9.5336995666        0.0000000000        0.8869204367        0.1064304524        0.3185283019
       55.1020410000        1.0000000000        1.0000000000        9.5731321038        0.0000000000        0.8869204367        0.1064304524        0.3170246168
       55.2040820000        1.0000000000        1.0000000000        9.6259732591        0.0000000000        0.8869204367        0.1064304524        0.3150207431
       55.3061220000        1.0000000000        1.0000000000        9.6994325481        0.0000000000        0.8869204367        0.1064304524        0.3122560028
       55.4081630000        1.0000000000        1.0000000000        9.8210928641        0.0000000000        0.8869204367        0.1064304524        0.3077304186
       55.5102040000        1.0000000000        1.0000000000       10.1013168445        0.0000000000        0.8869204367        0.1064304524        0.2975544572
       55.6122450000        1.0000000000        1.0000000000       10.7636407210        0.0000000000        0.8869204367        0.1064304524        0.2748205646
       55.7142860000        1.0000000000        1.0000000000       11.7441472774        0.0000000000        0.8869204367        0.1064304524        0.2443148117
       55.8163270000        1.0000000000        1.0000000000       12.2797681602        0.0000000000        0.8869204367        0.1064304524        0.2291056154
       55.9183670000        1.0000000000        1.0000000000       11.9554395983        0.0000000000        0.8869204367        0.1064304524        0.2381980635
       56.0204080000        1.0000000000        1.0000000000       11.4996922965        0.0000000000        0.8869204367        0.1064304524        0.2515878426
       56.1224490000        1.0000000000        1.0000000000       11.5155494846        0.0000000000        0.8869204367        0.1064304524        0.2511095607
       56.2244900000        1.0000000000        1.0000000000       11.9467819572        0.0000000000        0.8869204367        0.1064304524        0.2384456601
       56.3265310000        1.0000000000        1.0000000000       12.6513455558        0.0000000000        0.8869204367        0.1064304524        0.2191143659
       56.4285710000        1.0000000000        1.0000000000       13.6356293221        0.0000000000        0.8869204367        0.1064304524        0.1947038644
       56.5306120000        1.0000000000        1.0000000000       15.0053467770        0.0000000000        0.8869204367        0.1064304524        0.1651928643
       56.6326530000        1.0000000000        1.0000000000       16.9547968225        0.0000000000        0.8869204367        0.1064304524        0.1307359526
       56.7346940000        1.0000000000        1.0000000000       19.8251617479        0.0000000000        0.8869204367        0.1064304524        0.0926413762
       56.8367350000        1.0000000000        1.0000000000       24.2550803546        0.0000000000        0.8869204367        0.1064304524        0.0544425293
       56.9387760000        1.0000000000        1.0000000000       31.5849810154        0.0000000000        0.8869204367        0.1064304524        0.0225911346
       57.0408160000        1.0000000000        1.0000000000       45.2980674752        0.0000000000        0.8869204367        0.1064304524        0.0043578865
       57.1428570000        1.0000000000        1.0000000000       77.8884531423        0.0000000000        0.8869204367        0.1064304524        0.0000872604
       57.2448980000        1.0000000000        1.0000000000      181.3419828394        0.0000000000        0.8869204367        0.1064304524        0.0000000004
       57.3469390000        1.0000000000        1.0000000000      512.6794959722        0.0000000000        0.8869204367        0.1064304524        0.0000000000
       57.4489800000        1.0000000000        1.0000000000     1247.2861970289        0.0000000000        0.8869204367        0.1064304524        0.0000000000
       57.5510200000        1.0000000000        1.0000000000     2075.0568773902        0.0000000000        0.8869204367        0.1064304524        0.0000000000
       57.6530610000        1.0000000000        1.0000000000     2169.6267754035        0.0000000000        0.8869204367        0.1064304524        0.0000000000
       57.7551020000        1.0000000000        1.0000000000     1430.1833682305        0.0000000000        0.8869204367        0.1064304524        0.0000000000
       57.8571430000        1.0000000000        1.0000000000      650.9443647708        0.0000000000        0.8869204367        0.1064304524        0.0000000000
       57.9591840000        1.0000000000        1.0000000000      258.2112934324        0.0000000000        0.8869204367        0.1064304524        0.0000000000
       58.0612240000        1.0000000000        1.0000000000      123.7344097414        0.0000000000        0.8869204367        0.1064304524        0.0000003561
       58.1632650000        1.0000000000        1.0000000000       78.2232167135        0.0000000000        0.8869204367        0.1064304524        0.0000838244
       58.2653060000        1.0000000000        1.0000000000       57.9354528980        0.0000000000        0.8869204367        0.1064304524        0.0009564765
       58.3673470000        1.0000000000        1.0000000000       46.4402744029        0.0000000000        0.8869204367        0.1064304524        0.0037997009
       58.4693880000        1.0000000000        1.0000000000       39.0643068680        0.0000000000        0.8869204367        0.1064304524        0.0092076849
       58.5714290000        1.0000000000        1.0000000000       34.0196482029        0.0000000000        0.8869204367        0.1064304524        0.0168676485
       58.6734690000        1.0000000000        1.0000000000       30.6077126908        0.0000000000        0.8869204367        0.1064304524        0.0254020469
       58.7755100000        1.0000000000        1.0000000000       29.0615403890        0.0000000000        0.8869204367        0.1064304524        0.0305807410
       58.8775510000        1.0000000000        1.0000000000       30.2319315214        0.0000000000        0.8869204367        0.1064304524        0.0265737396
       58.9795920000        1.0000000000        1.0000000000       32.9557961959        0.0000000000        0.8869204367        0.1064304524        0.0191645024
       59.0816330000        1.0000000000        1.0000000000       32.8050000753        0.0000000000        0.8869204367        0.1064304524        0.0195144510
       59.1836730000        1.0000000000        1.0000000000       28.2441453018        0.0000000000        0.8869204367        0.1064304524        0.0337323677
       59.2857140000        1.0000000000        1.0000000000       23.1947793756        0.0000000000        0.8869204367        0.1064304524        0.0618295715
       59.3877550000        1.0000000000        1.0000000000       20.2836245967        0.0000000000        0.8869204367        0.1064304524        0.0876823239
       59.4897960000        1.0000000000        1.0000000000       18.9150642831        0.0000000000        0.8869204367        0.1064304524        0.1033320475
       59.5918370000        1.0000000000        1.0000000000       18.1108614948        0.0000000000        0.8869204367        0.1064304524        0.1138010672
       59.6938780000        1.0000000000        1.0000000000       17.5000848492        0.0000000000        0.8869204367        0.1064304524        0.1224551814
       59.7959180000        1.0000000000        1.0000000000       16.9895795449        0.0000000000        0.8869204367        0.1064304524        0.1301914076
       59.8979590000        1.0000000000        1.0000000000       16.5499342654        0.0000000000        0.8869204367        0.1064304524        0.1372443848
       60.0000000000        1.0000000000        1.0000000000       16.1662984599        0.0000000000        0.8869204367        0.1064304524        0.1437102994
