       55.0000000000        1.0000000000        1.0000000000       10.5547217245        0.0000000000        0.8869204367        0.1064304524        0.2817974843
       55.1020410000        1.0000000000        1.0000000000       11.0181212039        0.0000000000        0.8869204367        0.1064304524        0.2665550355
       55.2040820000        1.0000000000        1.0000000000       11.6083996158        0.0000000000        0.8869204367        0.1064304524        0.2483272233
       55.3061220000        1.0000000000        1.0000000000       12.3713349794        0.0000000000        0.8869204367        0.1064304524        0.2266019789
       55.4081630000        1.0000000000        1.0000000000       13.3902887056        0.0000000000        0.8869204367        0.1064304524        0.2005213318
       55.5102040000        1.0000000000        1.0000000000       14.8573316864        0.0000000000        0.8869204367        0.1064304524        0.1681532013
       55.6122450000        1.0000000000        1.0000000000       17.1148814727        0.0000000000        0.8869204367        0.1064304524        0.1282484633
       55.7142860000        1.0000000000        1.0000000000       20.2785665217        0.0000000000        0.8869204367        0.1064304524        0.0877355605
       55.8163270000        1.0000000000        1.0000000000       23.8999586132        0.0000000000        0.8869204367        0.1064304524        0.0568127201
       55.9183670000        1.0000000000        1.0000000000       28.1370923230        0.0000000000        0.8869204367        0.1064304524        0.0341685011
       56.0204080000        1.0000000000        1.0000000000       34.7674156610        0.0000000000        0.8869204367        0.1064304524        0.0154200005
       56.1224490000        1.0000000000        1.0000000000       46.5763745301        0.0000000000        0.8869204367        0.1064304524        0.0037381481
       56.2244900000        1.0000000000        1.0000000000       69.1243450415        0.0000000000        0.8869204367        0.1064304524        0.0002497822
       56.3265310000        1.0000000000        1.0000000000      121.8070762222        0.0000000000        0.8869204367        0.1064304524        0.0000004487
       56.4285710000        1.0000000000        1.0000000000      281.3480235102        0.0000000000        0.8869204367        0.1064304524        0.0000000000
       56.5306120000        1.0000000000        1.0000000000      765.1180176891        0.0000000000        0.8869204367        0.1064304524        0.0000000000
       56.6326530000        1.0000000000        1.0000000000     1786.3871854346        0.0000000000        0.8869204367        0.1064304524        0.0000000000
       56.7346940000        1.0000000000        1.0000000000     2876.3734893506        0.0000000000        0.8869204367        0.1064304524        0.0000000000
       56.8367350000        1.0000000000        1.0000000000     2938.8486860214        0.0000000000        0.8869204367        0.1064304524        0.0000000000
       56.9387760000        1.0000000000        1.0000000000     1917.3283413655        0.0000000000        0.8869204367        0.1064304524        0.0000000000
       57.0408160000        1.0000000000        1.0000000000      881.7069126885        0.0000000000        0.8869204367        0.1064304524        0.0000000000
       57.1428570000        1.0000000000        1.0000000000      361.6766716186        0.0000000000        0.8869204367        0.1064304524        0.0000000000
       57.2448980000        1.0000000000        1.0000000000      178.3471248485        0.0000000000        0.8869204367        0.1064304524        0.0000000005
       57.3469390000        1.0000000000        1.0000000000      113.1202665982        0.0000000000        0.8869204367        0.1064304524        0.0000012726
       57.4489800000        1.0000000000        1.0000000000       83.2812808392        0.0000000000        0.8869204367        0.1064304524        0.0000456844
       57.5510200000        1.0000000000        1.0000000000       66.5459144780        0.0000000000        0.8869204367        0.1064304524        0.0003403590
       57.6530610000        1.0000000000        1.0000000000       56.2827669706        0.0000000000        0.8869204367        0.1064304524        0.0011662847
       57.7551020000        1.0000000000        1.0000000000       49.9988270599        0.0000000000        0.8869204367        0.1064304524        0.0024791011
       57.8571430000        1.0000000000        1.0000000000       46.8033377275        0.0000000000        0.8869204367        0.1064304524        0.0036377114
       57.9591840000        1.0000000000        1.0000000000       47.0719007434        0.0000000000        0.8869204367        0.1064304524        0.0035223458
       58.0612240000        1.0000000000        1.0000000000       54.5105230086        0.0000000000        0.8869204367        0.1064304524        0.0014426656
       58.1632650000        1.0000000000        1.0000000000       88.6069090370        0.0000000000        0.8869204367        0.1064304524        0.0000241113
       58.2653060000        1.0000000000        1.0000000000      220.5235447135        0.0000000000        0.8869204367        0.1064304524        0.0000000000
       58.3673470000        1.0000000000        1.0000000000      561.3602220192        0.0000000000        0.8869204367        0.1064304524        0.0000000000
       58.4693880000        1.0000000000        1.0000000000     1015.8996562574        0.0000000000        0.8869204367        0.1064304524        0.0000000000
       58.5714290000        1.0000000000        1.0000000000     1154.0323650776        0.0000000000        0.8869204367        0.1064304524        0.0000000000
       58.6734690000        1.0000000000        1.0000000000      811.7831124663        0.0000000000        0.8869204367        0.1064304524        0.0000000000
       58.7755100000        1.0000000000        1.0000000000      382.6891928520        0.0000000000        0.8869204367        0.1064304524        0.0000000000
       58.8775510000        1.0000000000        1.0000000000      155.3070787054        0.0000000000        0.8869204367        0.1064304524        0.0000000081
       58.9795920000        1.0000000000        1.0000000000       82.6331167227        0.0000000000        0.8869204367        0.1064304524        0.0000493796
       59.0816330000        1.0000000000        1.0000000000       60.1891597391        0.0000000000        0.8869204367        0.1064304524        0.0007298298
       59.1836730000        1.0000000000        1.0000000000       46.9225395852        0.0000000000        0.8869204367        0.1064304524        0.0035860472
       59.2857140000        1.0000000000        1.0000000000       37.2818794052        0.0000000000        0.8869204367        0.1064304524        0.0114036075
       59.3877550000        1.0000000000        1.0000000000       31.5466961077        0.0000000000        0.8869204367        0.1064304524        0.0226951614
       59.4897960000        1.0000000000        1.0000000000       28.2896302975        0.0000000000        0.8869204367        0.1064304524        0.0335487513
       59.5918370000        1.0000000000        1.0000000000       26.1473549133        0.0000000000        0.8869204367        0.1064304524        0.0433832182
       59.6938780000        1.0000000000        1.0000000000       24.5459648071        0.0000000000        0.8869204367        0.1064304524        0.0525749359
       59.7959180000        1.0000000000        1.0000000000       23.2756700546        0.0000000000        0.8869204367        0.1064304524        0.0612323027
       59.8979590000        1.0000000000        1.0000000000       22.2357340175        0.0000000000        0.8869204367        0.1064304524        0.0693708810
       60.0000000000        1.0000000000        1.0000000000       21.3654480486        0.0000000000        0.8869204367        0.1064304524        0.0770073994
