       55.0000000000        1.0000000000        1.0000000000        9.8001390026        0.0000000000        0.8869204367        0.1064304524        0.3085051691
       55.1020410000        1.0000000000        1.0000000000        9.8884440421        0.0000000000        0.8869204367        0.1064304524        0.3052533214
       55.2040820000        1.0000000000        1.0000000000        9.9993065326        0.0000000000        0.8869204367        0.1064304524        0.3012192772
       55.3061220000        1.0000000000        1.0000000000       10.1421071667        0.0000000000        0.8869204367        0.1064304524        0.2961015349
       55.4081630000        1.0000000000        1.0000000000       10.3473094962        0.0000000000        0.8869204367        0.1064304524        0.2888992870
       55.5102040000        1.0000000000        1.0000000000       10.7289701655        0.0000000000        0.8869204367        0.1064304524        0.2759663282
       55.6122450000        1.0000000000        1.0000000000       11.5144190984        0.0000000000        0.8869204367        0.1064304524        0.2511436251
       55.7142860000        1.0000000000        1.0000000000       12.6430958824        0.0000000000        0.8869204367        0.1064304524        0.2193313880
       55.8163270000        1.0000000000        1.0000000000       13.3595782549        0.0000000000        0.8869204367        0.1064304524        0.2012616672
       55.9183670000        1.0000000000        1.0000000000       13.2653931728        0.0000000000        0.8869204367        0.1064304524        0.2035492720
       56.0204080000        1.0000000000        1.0000000000       13.1089535447        0.0000000000        0.8869204367        0.1064304524        0.2074065452
       56.1224490000        1.0000000000        1.0000000000       13.5153069362        0.0000000000        0.8869204367        0.1064304524        0.1975355260
       56.2244900000        1.0000000000        1.0000000000       14.4618482056        0.0000000000        0.8869204367        0.1064304524        0.1763258131
       56.3265310000        1.0000000000        1.0000000000       15.8617097775        0.0000000000        0.8869204367        0.1064304524        0.1490601783
       56.4285710000        1.0000000000        1.0000000000       17.8105443770        0.0000000000        0.8869204367        0.1064304524        0.1179770311
       56.5306120000        1.0000000000        1.0000000000       20.5641757543        0.0000000000        0.8869204367        0.1064304524        0.0847795356
       56.6326530000        1.0000000000        1.0000000000       24.5852367402        0.0000000000        0.8869204367        0.1064304524        0.0523277525
       56.7346940000        1.0000000000        1.0000000000       30.7357508806        0.0000000000        0.8869204367        0.1064304524        0.0250147381
       56.8367350000        1.0000000000        1.0000000000       40.8035208463        0.0000000000        0.8869204367        0.1064304524        0.0074732709
       56.9387760000        1.0000000000        1.0000000000       59.3112742360        0.0000000000        0.8869204367        0.1064304524        0.0008109105
       57.0408160000        1.0000000000        1.0000000000      101.6902051134        0.0000000000        0.8869204367        0.1064304524        0.0000050163
       57.1428570000        1.0000000000        1.0000000000      229.5028827083        0.0000000000        0.8869204367        0.1064304524        0.0000000000
       57.2448980000        1.0000000000        1.0000000000      627.5231102710        0.0000000000        0.8869204367        0.1064304524        0.0000000000
       57.3469390000        1.0000000000        1.0000000000     1513.7045252967        0.0000000000        0.8869204367        0.1064304524        0.0000000000
       57.4489800000        1.0000000000        1.0000000000     2550.0172837623        0.0000000000        0.8869204367        0.1064304524        0.0000000000
       57.5510200000        1.0000000000        1.0000000000     2735.7060429313        0.0000000000        0.8869204367        0.1064304524        0.0000000000
       57.6530610000        1.0000000000        1.0000000000     1865.9589632756        0.0000000000        0.8869204367        0.1064304524        0.0000000000
       57.7551020000        1.0000000000        1.0000000000      880.8517953347        0.0000000000        0.8869204367        0.1064304524        0.0000000000
       57.8571430000        1.0000000000        1.0000000000      357.5526024850        0.0000000000        0.8869204367        0.1064304524        0.0000000000
       57.9591840000        1.0000000000        1.0000000000      170.1632884487        0.0000000000        0.8869204367        0.1064304524        0.0000000014
       58.0612240000        1.0000000000        1.0000000000      105.3278144439        0.0000000000        0.8869204367        0.1064304524        0.0000032419
       58.1632650000        1.0000000000        1.0000000000       76.5224062659        0.0000000000        0.8869204367        0.1064304524        0.0001028037
       58.2653060000        1.0000000000        1.0000000000       60.3324765824        0.0000000000        0.8869204367        0.1064304524        0.0007173855
       58.3673470000        1.0000000000        1.0000000000       49.9942788718        0.0000000000        0.8869204367        0.1064304524        0.0024804545
       58.4693880000        1.0000000000        1.0000000000       42.8995617040        0.0000000000        0.8869204367        0.1064304524        0.0058113208
       58.5714290000        1.0000000000        1.0000000000       37.8197753286        0.0000000000        0.8869204367        0.1064304524        0.0106907859
       58.6734690000        1.0000000000        1.0000000000       34.2522325518        0.0000000000        0.8869204367        0.1064304524        0.0164033794
       58.7755100000        1.0000000000        1.0000000000       32.5087731842        0.0000000000        0.8869204367        0.1064304524        0.0202206123
       58.8775510000        1.0000000000        1.0000000000       33.4783862858        0.0000000000        0.8869204367        0.1064304524        0.0179995890
       58.9795920000        1.0000000000        1.0000000000       36.0234558160        0.0000000000        0.8869204367        0.1064304524        0.0132625010
       59.0816330000        1.0000000000        1.0000000000       35.7218408376        0.0000000000        0.8869204367        0.1064304524        0.0137513139
       59.1836730000        1.0000000000        1.0000000000       31.0200072213        0.0000000000        0.8869204367        0.1064304524        0.0241758551
       59.2857140000        1.0000000000        1.0000000000       25.8287114649        0.0000000000        0.8869204367        0.1064304524        0.0450741947
       59.3877550000        1.0000000000        1.0000000000       22.7823465739        0.0000000000        0.8869204367        0.1064304524        0.0649666259
       59.4897960000        1.0000000000        1.0000000000       21.2918833158        0.0000000000        0.8869204367        0.1064304524        0.0776902123
       59.5918370000        1.0000000000        1.0000000000       20.3786977877        0.0000000000        0.8869204367        0.1064304524        0.0866876601
       59.6938780000        1.0000000000        1.0000000000       19.6695454591        0.0000000000        0.8869204367        0.1064304524        0.0943876109
       59.7959180000        1.0000000000        1.0000000000       19.0692684685        0.0000000000        0.8869204367        0.1064304524        0.1014375221
       59.8979590000        1.0000000000        1.0000000000       18.5467771783        0.0000000000        0.8869204367        0.1064304524        0.1080011654
       60.0000000000        1.0000000000        1.0000000000       18.0856744647        0.0000000000        0.8869204367        0.1064304524        0.1141455448
