       55.0000000000        1.0000000000        1.0000000000       11.2832553910        0.0000000000        0.8869204367        0.1064304524        0.2582077858
       55.1020410000        1.0000000000        1.0000000000       11.7506071505        0.0000000000        0.8869204367        0.1064304524        0.2441254960
       55.2040820000        1.0000000000        1.0000000000       12.3152532108        0.0000000000        0.8869204367        0.1064304524        0.2281321106
       55.3061220000        1.0000000000        1.0000000000       13.0056109611        0.0000000000        0.8869204367        0.1064304524        0.2099946310
       55.4081630000        1.0000000000        1.0000000000       13.8776579622        0.0000000000        0.8869204367        0.1064304524        0.1891303242
       55.5102040000        1.0000000000        1.0000000000       15.0793347239        0.0000000000        0.8869204367        0.1064304524        0.1637326823
       55.6122450000        1.0000000000        1.0000000000       16.8794946046        0.0000000000        0.8869204367        0.1064304524        0.1319226712
       55.7142860000        1.0000000000        1.0000000000       19.2682057214        0.0000000000        0.8869204367        0.1064304524        0.0990446335
       55.8163270000        1.0000000000        1.0000000000       21.5765755378        0.0000000000        0.8869204367        0.1064304524        0.0750809012
       55.9183670000        1.0000000000        1.0000000000       23.5572459638        0.0000000000        0.8869204367        0.1064304524        0.0591978819
       56.0204080000        1.0000000000        1.0000000000       26.1678804368        0.0000000000        0.8869204367        0.1064304524        0.0432764941
       56.1224490000        1.0000000000        1.0000000000       30.3305618669        0.0000000000        0.8869204367        0.1064304524        0.0262610763
       56.2244900000        1.0000000000        1.0000000000       36.5073146843        0.0000000000        0.8869204367        0.1064304524        0.0125143692
       56.3265310000        1.0000000000        1.0000000000       45.4577864205        0.0000000000        0.8869204367        0.1064304524        0.0042751573
       56.4285710000        1.0000000000        1.0000000000       58.8330028338        0.0000000000        0.8869204367        0.1064304524        0.0008588122
       56.5306120000        1.0000000000        1.0000000000       80.0384177110        0.0000000000        0.8869204367        0.1064304524        0.0000674172
       56.6326530000        1.0000000000        1.0000000000      117.0299695009        0.0000000000        0.8869204367        0.1064304524        0.0000007961
       56.7346940000        1.0000000000        1.0000000000      193.1656087256        0.0000000000        0.8869204367        0.1064304524        0.0000000001
       56.8367350000        1.0000000000        1.0000000000      389.5269213383        0.0000000000        0.8869204367        0.1064304524        0.0000000000
       56.9387760000        1.0000000000        1.0000000000      944.0738436498        0.0000000000        0.8869204367        0.1064304524        0.0000000000
       57.0408160000        1.0000000000        1.0000000000     2195.4072358338        0.0000000000        0.8869204367        0.1064304524        0.0000000000
       57.1428570000        1.0000000000        1.0000000000     3863.4958821072        0.0000000000        0.8869204367        0.1064304524        0.0000000000
       57.2448980000        1.0000000000        1.0000000000     4556.8562667405        0.0000000000        0.8869204367        0.1064304524        0.0000000000
       57.3469390000        1.0000000000        1.0000000000     3521.9884754322        0.0000000000        0.8869204367        0.1064304524        0.0000000000
       57.4489800000        1.0000000000        1.0000000000     1896.5305376038        0.0000000000        0.8869204367        0.1064304524        0.0000000000
       57.5510200000        1.0000000000        1.0000000000      842.3655811237        0.0000000000        0.8869204367        0.1064304524        0.0000000000
       57.6530610000        1.0000000000        1.0000000000      400.3689081121        0.0000000000        0.8869204367        0.1064304524        0.0000000000
       57.7551020000        1.0000000000        1.0000000000      235.0843918582        0.0000000000        0.8869204367        0.1064304524        0.0000000000
       57.8571430000        1.0000000000        1.0000000000      162.2700202192        0.0000000000        0.8869204367        0.1064304524        0.0000000035
       57.9591840000        1.0000000000        1.0000000000      122.5191506791        0.0000000000        0.8869204367        0.1064304524        0.0000004120
       58.0612240000        1.0000000000        1.0000000000       97.6879552498        0.0000000000        0.8869204367        0.1064304524        0.0000081088
       58.1632650000        1.0000000000        1.0000000000       80.8992130591        0.0000000000        0.8869204367        0.1064304524        0.0000608009
       58.2653060000        1.0000000000        1.0000000000       68.9227613650        0.0000000000        0.8869204367        0.1064304524        0.0002558981
       58.3673470000        1.0000000000        1.0000000000       60.0325378625        0.0000000000        0.8869204367        0.1064304524        0.0007436764
       58.4693880000        1.0000000000        1.0000000000       53.2315297823        0.0000000000        0.8869204367        0.1064304524        0.0016819801
       58.5714290000        1.0000000000        1.0000000000       47.9324237477        0.0000000000        0.8869204367        0.1064304524        0.0031767683
       58.6734690000        1.0000000000        1.0000000000       43.9174739450        0.0000000000        0.8869204367        0.1064304524        0.0051431123
       58.7755100000        1.0000000000        1.0000000000       41.6333164781        0.0000000000        0.8869204367        0.1064304524        0.0067649664
       58.8775510000        1.0000000000        1.0000000000       42.0485251249        0.0000000000        0.8869204367        0.1064304524        0.0064361611
       58.9795920000        1.0000000000        1.0000000000       44.0909909130        0.0000000000        0.8869204367        0.1064304524        0.0050371295
       59.0816330000        1.0000000000        1.0000000000       43.3557829620        0.0000000000        0.8869204367        0.1064304524        0.0055017230
       59.1836730000        1.0000000000        1.0000000000       38.2382584466        0.0000000000        0.8869204367        0.1064304524        0.0101671737
       59.2857140000        1.0000000000        1.0000000000       32.6194754481        0.0000000000        0.8869204367        0.1064304524        0.0199537725
       59.3877550000        1.0000000000        1.0000000000       29.1584035382        0.0000000000        0.8869204367        0.1064304524        0.0302273413
       59.4897960000        1.0000000000        1.0000000000       27.2876619339        0.0000000000        0.8869204367        0.1064304524        0.0378350472
       59.5918370000        1.0000000000        1.0000000000       26.0296711714        0.0000000000        0.8869204367        0.1064304524        0.0440002246
       59.6938780000        1.0000000000        1.0000000000       25.0063229104        0.0000000000        0.8869204367        0.1064304524        0.0497493068
       59.7959180000        1.0000000000        1.0000000000       24.1183872362        0.0000000000        0.8869204367        0.1064304524        0.0553429240
       59.8979590000        1.0000000000        1.0000000000       23.3316838249        0.0000000000        0.8869204367        0.1064304524        0.0608221006
       60.0000000000        1.0000000000        1.0000000000       22.6272830051        0.0000000000        0.8869204367        0.1064304524        0.0661868179
