       55.0000000000        1.0000000000        1.0000000000       11.1097428215        0.0000000000        0.8869204367        0.1064304524        0.2636404229
       55.1020410000        1.0000000000        1.0000000000       11.5536195310        0.0000000000        0.8869204367        0.1064304524        0.2499650068
       55.2040820000        1.0000000000        1.0000000000       12.1107813387        0.0000000000        0.8869204367        0.1064304524        0.2337989407
       55.3061220000        1.0000000000        1.0000000000       12.8202118259        0.0000000000        0.8869204367        0.1064304524        0.2147189277
       55.4081630000        1.0000000000        1.0000000000       13.7545416717        0.0000000000        0.8869204367        0.1064304524        0.1919452698
       55.5102040000        1.0000000000        1.0000000000       15.0884752874        0.0000000000        0.8869204367        0.1064304524        0.1635531877
       55.6122450000        1.0000000000        1.0000000000       17.1355072243        0.0000000000        0.8869204367        0.1064304524        0.1279314293
       55.7142860000        1.0000000000        1.0000000000       19.9612567066        0.0000000000        0.8869204367        0.1064304524        0.0911407007
       55.8163270000        1.0000000000        1.0000000000       23.0247045797        0.0000000000        0.8869204367        0.1064304524        0.0631044146
       55.9183670000        1.0000000000        1.0000000000       26.3029599831        0.0000000000        0.8869204367        0.1064304524        0.0425806567
       56.0204080000        1.0000000000        1.0000000000       31.1874580519        0.0000000000        0.8869204367        0.1064304524        0.0236949113
       56.1224490000        1.0000000000        1.0000000000       39.5053792732        0.0000000000        0.8869204367        0.1064304524        0.0087330071
       56.2244900000        1.0000000000        1.0000000000       53.7938622900        0.0000000000        0.8869204367        0.1064304524        0.0015722250
       56.3265310000        1.0000000000        1.0000000000       80.7497413861        0.0000000000        0.8869204367        0.1064304524        0.0000619013
       56.4285710000        1.0000000000        1.0000000000      144.2508855256        0.0000000000        0.8869204367        0.1064304524        0.0000000304
       56.5306120000        1.0000000000        1.0000000000      335.3104895532        0.0000000000        0.8869204367        0.1064304524        0.0000000000
       56.6326530000        1.0000000000        1.0000000000      894.6063335320        0.0000000000        0.8869204367        0.1064304524        0.0000000000
       56.7346940000        1.0000000000        1.0000000000     2014.4640592651        0.0000000000        0.8869204367        0.1064304524        0.0000000000
       56.8367350000        1.0000000000        1.0000000000     3120.0668716501        0.0000000000        0.8869204367        0.1064304524        0.0000000000
       56.9387760000        1.0000000000        1.0000000000     3081.0074725792        0.0000000000        0.8869204367        0.1064304524        0.0000000000
       57.0408160000        1.0000000000        1.0000000000     1962.7817193198        0.0000000000        0.8869204367        0.1064304524        0.0000000000
       57.1428570000        1.0000000000        1.0000000000      897.4660521146        0.0000000000        0.8869204367        0.1064304524        0.0000000000
       57.2448980000        1.0000000000        1.0000000000      374.7274391970        0.0000000000        0.8869204367        0.1064304524        0.0000000000
       57.3469390000        1.0000000000        1.0000000000      189.1289113642        0.0000000000        0.8869204367        0.1064304524        0.0000000001
       57.4489800000        1.0000000000        1.0000000000      120.9025077124        0.0000000000        0.8869204367        0.1064304524        0.0000005002
       57.5510200000        1.0000000000        1.0000000000       88.5948002135        0.0000000000        0.8869204367        0.1064304524        0.0000241464
       57.6530610000        1.0000000000        1.0000000000       69.8453394257        0.0000000000        0.8869204367        0.1064304524        0.0002290797
       57.7551020000        1.0000000000        1.0000000000       57.6778938949        0.0000000000        0.8869204367        0.1064304524        0.0009865000
       57.8571430000        1.0000000000        1.0000000000       49.2303565355        0.0000000000        0.8869204367        0.1064304524        0.0027185876
       57.9591840000        1.0000000000        1.0000000000       43.0810616153        0.0000000000        0.8869204367        0.1064304524        0.0056861187
       58.0612240000        1.0000000000        1.0000000000       38.4416892762        0.0000000000        0.8869204367        0.1064304524        0.0099219807
       58.1632650000        1.0000000000        1.0000000000       34.8422703641        0.0000000000        0.8869204367        0.1064304524        0.0152821096
       58.2653060000        1.0000000000        1.0000000000       31.9877657283        0.0000000000        0.8869204367        0.1064304524        0.0215251795
       58.3673470000        1.0000000000        1.0000000000       29.6862582471        0.0000000000        0.8869204367        0.1064304524        0.0283720439
       58.4693880000        1.0000000000        1.0000000000       27.8133385129        0.0000000000        0.8869204367        0.1064304524        0.0355220865
       58.5714290000        1.0000000000        1.0000000000       26.3113625413        0.0000000000        0.8869204367        0.1064304524        0.0425377439
       58.6734690000        1.0000000000        1.0000000000       25.3030772718        0.0000000000        0.8869204367        0.1064304524        0.0480088806
       58.7755100000        1.0000000000        1.0000000000       25.4630607318        0.0000000000        0.8869204367        0.1064304524        0.0470959962
       58.8775510000        1.0000000000        1.0000000000       27.9017422857        0.0000000000        0.8869204367        0.1064304524        0.0351472439
       58.9795920000        1.0000000000        1.0000000000       31.6235077116        0.0000000000        0.8869204367        0.1064304524        0.0224869323
       59.0816330000        1.0000000000        1.0000000000       32.3254299091        0.0000000000        0.8869204367        0.1064304524        0.0206704199
       59.1836730000        1.0000000000        1.0000000000       28.5891384408        0.0000000000        0.8869204367        0.1064304524        0.0323643875
       59.2857140000        1.0000000000        1.0000000000       24.4936191193        0.0000000000        0.8869204367        0.1064304524        0.0529062238
       59.3877550000        1.0000000000        1.0000000000       23.0117652657        0.0000000000        0.8869204367        0.1064304524        0.0632024741
       59.4897960000        1.0000000000        1.0000000000       24.9436491837        0.0000000000        0.8869204367        0.1064304524        0.0501248743
       59.5918370000        1.0000000000        1.0000000000       36.4791006418        0.0000000000        0.8869204367        0.1064304524        0.0125568107
       59.6938780000        1.0000000000        1.0000000000       82.4516139528        0.0000000000        0.8869204367        0.1064304524        0.0000504669
       59.7959180000        1.0000000000        1.0000000000      196.7266471700        0.0000000000        0.8869204367        0.1064304524        0.0000000001
       59.8979590000        1.0000000000        1.0000000000      335.9375668859        0.0000000000        0.8869204367        0.1064304524        0.0000000000
       60.0000000000        1.0000000000        1.0000000000      360.6525459418        0.0000000000        0.8869204367        0.1064304524        0.0000000000
