       55.0000000000        1.0000000000        1.0000000000       10.1710916087        0.0000000000        0.8869204367        0.1064304524        0.2950734434
       55.1020410000        1.0000000000        1.0000000000       10.1854791448        0.0000000000        0.8869204367        0.1064304524        0.2945644373
       55.2040820000        1.0000000000        1.0000000000       10.2073667383        0.0000000000        0.8869204367        0.1064304524        0.2937917757
       55.3061220000        1.0000000000        1.0000000000       10.2426453905        0.0000000000        0.8869204367        0.1064304524        0.2925506553
       55.4081630000        1.0000000000        1.0000000000       10.3171454920        0.0000000000        0.8869204367        0.1064304524        0.2899469050
       55.5102040000        1.0000000000        1.0000000000       10.5390884600        0.0000000000        0.8869204367        0.1064304524        0.2823266302
       55.6122450000        1.0000000000        1.0000000000       11.1306754512        0.0000000000        0.8869204367        0.1064304524        0.2629790115
       55.7142860000        1.0000000000        1.0000000000       12.0285787078        0.0000000000        0.8869204367        0.1064304524        0.2361166197
       55.8163270000        1.0000000000        1.0000000000       12.4668972207        0.0000000000        0.8869204367        0.1064304524        0.2240182703
       55.9183670000        1.0000000000        1.0000000000       12.0191738497        0.0000000000        0.8869204367        0.1064304524        0.2363832473
       56.0204080000        1.0000000000        1.0000000000       11.4029080526        0.0000000000        0.8869204367        0.1064304524        0.2545268452
       56.1224490000        1.0000000000        1.0000000000       11.2149436975        0.0000000000        0.8869204367        0.1064304524        0.2603331183
       56.2244900000        1.0000000000        1.0000000000       11.3900049582        0.0000000000        0.8869204367        0.1064304524        0.2549212526
       56.3265310000        1.0000000000        1.0000000000       11.7702438549        0.0000000000        0.8869204367        0.1064304524        0.2435509148
       56.4285710000        1.0000000000        1.0000000000       12.3398296266        0.0000000000        0.8869204367        0.1064304524        0.2274603014
       56.5306120000        1.0000000000        1.0000000000       13.1750816392        0.0000000000        0.8869204367        0.1064304524        0.2057672102
       56.6326530000        1.0000000000        1.0000000000       14.4336542387        0.0000000000        0.8869204367        0.1064304524        0.1769233823
       56.7346940000        1.0000000000        1.0000000000       16.4214963082        0.0000000000        0.8869204367        0.1064304524        0.1393760564
       56.8367350000        1.0000000000        1.0000000000       19.8049133364        0.0000000000        0.8869204367        0.1064304524        0.0928667508
       56.9387760000        1.0000000000        1.0000000000       26.4562916082        0.0000000000        0.8869204367        0.1064304524        0.0418043452
       57.0408160000        1.0000000000        1.0000000000       43.9911837015        0.0000000000        0.8869204367        0.1064304524        0.0050978212
       57.1428570000        1.0000000000        1.0000000000      106.4472224441        0.0000000000        0.8869204367        0.1064304524        0.0000028344
       57.2448980000        1.0000000000        1.0000000000      313.0931467788        0.0000000000        0.8869204367        0.1064304524        0.0000000000
       57.3469390000        1.0000000000        1.0000000000      748.4915389141        0.0000000000        0.8869204367        0.1064304524        0.0000000000
       57.4489800000        1.0000000000        1.0000000000     1172.0073868046        0.0000000000        0.8869204367        0.1064304524        0.0000000000
       57.5510200000        1.0000000000        1.0000000000     1124.8840588822        0.0000000000        0.8869204367        0.1064304524        0.0000000000
       57.6530610000        1.0000000000        1.0000000000      673.3505837559        0.0000000000        0.8869204367        0.1064304524        0.0000000000
       57.7551020000        1.0000000000        1.0000000000      281.0179092965        0.0000000000        0.8869204367        0.1064304524        0.0000000000
       57.8571430000        1.0000000000        1.0000000000      109.7317537557        0.0000000000        0.8869204367        0.1064304524        0.0000019111
       57.9591840000        1.0000000000        1.0000000000       57.0263901038        0.0000000000        0.8869204367        0.1064304524        0.0010667199
       58.0612240000        1.0000000000        1.0000000000       39.6232460442        0.0000000000        0.8869204367        0.1064304524        0.0086103568
       58.1632650000        1.0000000000        1.0000000000       31.5401472280        0.0000000000        0.8869204367        0.1064304524        0.0227130037
       58.2653060000        1.0000000000        1.0000000000       26.7959613588        0.0000000000        0.8869204367        0.1064304524        0.0401346446
       58.3673470000        1.0000000000        1.0000000000       23.6921049348        0.0000000000        0.8869204367        0.1064304524        0.0582475882
       58.4693880000        1.0000000000        1.0000000000       21.5364313174        0.0000000000        0.8869204367        0.1064304524        0.0754434615
       58.5714290000        1.0000000000        1.0000000000       20.0111994532        0.0000000000        0.8869204367        0.1064304524        0.0905961162
       58.6734690000        1.0000000000        1.0000000000       19.1083636680        0.0000000000        0.8869204367        0.1064304524        0.1009627502
       58.7755100000        1.0000000000        1.0000000000       19.4295119594        0.0000000000        0.8869204367        0.1064304524        0.0971458875
       58.8775510000        1.0000000000        1.0000000000       22.0257325960        0.0000000000        0.8869204367        0.1064304524        0.0711412521
       58.9795920000        1.0000000000        1.0000000000       25.8342548164        0.0000000000        0.8869204367        0.1064304524        0.0450442212
       59.0816330000        1.0000000000        1.0000000000       26.5110300370        0.0000000000        0.8869204367        0.1064304524        0.0415306486
       59.1836730000        1.0000000000        1.0000000000       22.6300955377        0.0000000000        0.8869204367        0.1064304524        0.0661644834
       59.2857140000        1.0000000000        1.0000000000       18.1797097403        0.0000000000        0.8869204367        0.1064304524        0.1128647399
       59.3877550000        1.0000000000        1.0000000000       15.7904325060        0.0000000000        0.8869204367        0.1064304524        0.1503405987
       59.4897960000        1.0000000000        1.0000000000       14.8652467321        0.0000000000        0.8869204367        0.1064304524        0.1679935643
       59.5918370000        1.0000000000        1.0000000000       14.4379259159        0.0000000000        0.8869204367        0.1064304524        0.1768327144
       59.6938780000        1.0000000000        1.0000000000       14.1509853316        0.0000000000        0.8869204367        0.1064304524        0.1830276143
       59.7959180000        1.0000000000        1.0000000000       13.9212620084        0.0000000000        0.8869204367        0.1064304524        0.1881432871
       59.8979590000        1.0000000000        1.0000000000       13.7265257597        0.0000000000        0.8869204367        0.1064304524        0.1925916584
       60.0000000000        1.0000000000        1.0000000000       13.5572011268        0.0000000000        0.8869204367        0.1064304524        0.1965449471
