       55.0000000000        1.0000000000        1.0000000000       12.5025961248        0.0000000000        0.8869204367        0.1064304524        0.2230606581
       55.1020410000        1.0000000000        1.0000000000       13.1433170195        0.0000000000        0.8869204367        0.1064304524        0.2065530410
       55.2040820000        1.0000000000        1.0000000000       13.9153925212        0.0000000000        0.8869204367        0.1064304524        0.1882758503
       55.3061220000        1.0000000000        1.0000000000       14.8562486549        0.0000000000        0.8869204367        0.1064304524        0.1681750566
       55.4081630000        1.0000000000        1.0000000000       16.0340476685        0.0000000000        0.8869204367        0.1064304524        0.1460091891
       55.5102040000        1.0000000000        1.0000000000       17.6132208091        0.0000000000        0.8869204367        0.1064304524        0.1208039256
       55.6122450000        1.0000000000        1.0000000000       19.8841367146        0.0000000000        0.8869204367        0.1064304524        0.0919880680
       55.7142860000        1.0000000000        1.0000000000       22.8653866135        0.0000000000        0.8869204367        0.1064304524        0.0643224610
       55.8163270000        1.0000000000        1.0000000000       25.9343347299        0.0000000000        0.8869204367        0.1064304524        0.0445064940
       55.9183670000        1.0000000000        1.0000000000       28.9201819325        0.0000000000        0.8869204367        0.1064304524        0.0311039073
       56.0204080000        1.0000000000        1.0000000000       32.8939672830        0.0000000000        0.8869204367        0.1064304524        0.0193072217
       56.1224490000        1.0000000000        1.0000000000       38.9539585513        0.0000000000        0.8869204367        0.1064304524        0.0093304221
       56.2244900000        1.0000000000        1.0000000000       47.8633215469        0.0000000000        0.8869204367        0.1064304524        0.0032032204
       56.3265310000        1.0000000000        1.0000000000       60.9374385729        0.0000000000        0.8869204367        0.1064304524        0.0006671520
       56.4285710000        1.0000000000        1.0000000000       80.9374481248        0.0000000000        0.8869204367        0.1064304524        0.0000605226
       56.5306120000        1.0000000000        1.0000000000      113.8166462579        0.0000000000        0.8869204367        0.1064304524        0.0000011706
       56.6326530000        1.0000000000        1.0000000000      174.8500593562        0.0000000000        0.8869204367        0.1064304524        0.0000000008
       56.7346940000        1.0000000000        1.0000000000      312.9878215992        0.0000000000        0.8869204367        0.1064304524        0.0000000000
       56.8367350000        1.0000000000        1.0000000000      688.0386507723        0.0000000000        0.8869204367        0.1064304524        0.0000000000
       56.9387760000        1.0000000000        1.0000000000     1648.2622772246        0.0000000000        0.8869204367        0.1064304524        0.0000000000
       57.0408160000        1.0000000000        1.0000000000     3345.5103570977        0.0000000000        0.8869204367        0.1064304524        0.0000000000
       57.1428570000        1.0000000000        1.0000000000     4821.6770968708        0.0000000000        0.8869204367        0.1064304524        0.0000000000
       57.2448980000        1.0000000000        1.0000000000     4607.8942346728        0.0000000000        0.8869204367        0.1064304524        0.0000000000
       57.3469390000        1.0000000000        1.0000000000     2971.0375776340        0.0000000000        0.8869204367        0.1064304524        0.0000000000
       57.4489800000        1.0000000000        1.0000000000     1443.8590075309        0.0000000000        0.8869204367        0.1064304524        0.0000000000
       57.5510200000        1.0000000000        1.0000000000      657.7214264389        0.0000000000        0.8869204367        0.1064304524        0.0000000000
       57.6530610000        1.0000000000        1.0000000000      349.7460477252        0.0000000000        0.8869204367        0.1064304524        0.0000000000
       57.7551020000        1.0000000000        1.0000000000      224.6961536861        0.0000000000        0.8869204367        0.1064304524        0.0000000000
       57.8571430000        1.0000000000        1.0000000000      162.5262217134        0.0000000000        0.8869204367        0.1064304524        0.0000000034
       57.9591840000        1.0000000000        1.0000000000      125.9086615633        0.0000000000        0.8869204367        0.1064304524        0.0000002743
       58.0612240000        1.0000000000        1.0000000000      102.0343134322        0.0000000000        0.8869204367        0.1064304524        0.0000048133
       58.1632650000        1.0000000000        1.0000000000       85.4314592904        0.0000000000        0.8869204367        0.1064304524        0.0000352948
       58.2653060000        1.0000000000        1.0000000000       73.3419963089        0.0000000000        0.8869204367        0.1064304524        0.0001505765
       58.3673470000        1.0000000000        1.0000000000       64.2255530784        0.0000000000        0.8869204367        0.1064304524        0.0004496386
       58.4693880000        1.0000000000        1.0000000000       57.1635662913        0.0000000000        0.8869204367        0.1064304524        0.0010493042
       58.5714290000        1.0000000000        1.0000000000       51.6024762199        0.0000000000        0.8869204367        0.1064304524        0.0020451234
       58.6734690000        1.0000000000        1.0000000000       47.3382676009        0.0000000000        0.8869204367        0.1064304524        0.0034115378
       58.7755100000        1.0000000000        1.0000000000       44.8225211408        0.0000000000        0.8869204367        0.1064304524        0.0046138043
       58.8775510000        1.0000000000        1.0000000000       45.0283235239        0.0000000000        0.8869204367        0.1064304524        0.0045012559
       58.9795920000        1.0000000000        1.0000000000       46.8914198709        0.0000000000        0.8869204367        0.1064304524        0.0035994638
       59.0816330000        1.0000000000        1.0000000000       46.0060900248        0.0000000000        0.8869204367        0.1064304524        0.0040029215
       59.1836730000        1.0000000000        1.0000000000       40.7513284957        0.0000000000        0.8869204367        0.1064304524        0.0075202235
       59.2857140000        1.0000000000        1.0000000000       34.9982423421        0.0000000000        0.8869204367        0.1064304524        0.0149987400
       59.3877550000        1.0000000000        1.0000000000       31.4105170132        0.0000000000        0.8869204367        0.1064304524        0.0230690810
       59.4897960000        1.0000000000        1.0000000000       29.4253383414        0.0000000000        0.8869204367        0.1064304524        0.0292744370
       59.5918370000        1.0000000000        1.0000000000       28.0647199300        0.0000000000        0.8869204367        0.1064304524        0.0344665362
       59.6938780000        1.0000000000        1.0000000000       26.9487989242        0.0000000000        0.8869204367        0.1064304524        0.0394052639
       59.7959180000        1.0000000000        1.0000000000       25.9769137090        0.0000000000        0.8869204367        0.1064304524        0.0442796691
       59.8979590000        1.0000000000        1.0000000000       25.1137937998        0.0000000000        0.8869204367        0.1064304524        0.0491118339
       60.0000000000        1.0000000000        1.0000000000       24.3396289126        0.0000000000        0.8869204367        0.1064304524        0.0538929574
