       55.0000000000        1.0000000000        1.0000000000        9.9331274627        0.0000000000        0.8869204367        0.1064304524        0.3036209303
       55.1020410000        1.0000000000        1.0000000000       10.0631181231        0.0000000000        0.8869204367        0.1064304524        0.2989215320
       55.2040820000        1.0000000000        1.0000000000       10.2228704911        0.0000000000        0.8869204367        0.1064304524        0.2932456988
       55.3061220000        1.0000000000        1.0000000000       10.4233423031        0.0000000000        0.8869204367        0.1064304524        0.2862753765
       55.4081630000        1.0000000000        1.0000000000       10.6970542823        0.0000000000        0.8869204367        0.1064304524        0.2770252799
       55.5102040000        1.0000000000        1.0000000000       11.1606629878        0.0000000000        0.8869204367        0.1064304524        0.2620343810
       55.6122450000        1.0000000000        1.0000000000       12.0441720034        0.0000000000        0.8869204367        0.1064304524        0.2356752124
       55.7142860000        1.0000000000        1.0000000000       13.2894245578        0.0000000000        0.8869204367        0.1064304524        0.2029631290
       55.8163270000        1.0000000000        1.0000000000       14.1461963277        0.0000000000        0.8869204367        0.1064304524        0.1831328269
       55.9183670000        1.0000000000        1.0000000000       14.2269307759        0.0000000000        0.8869204367        0.1064304524        0.1813671783
       56.0204080000        1.0000000000        1.0000000000       14.2928780649        0.0000000000        0.8869204367        0.1064304524        0.1799375617
       56.1224490000        1.0000000000        1.0000000000       14.9829584321        0.0000000000        0.8869204367        0.1064304524        0.1656372684
       56.2244900000        1.0000000000        1.0000000000       16.2952730941        0.0000000000        0.8869204367        0.1064304524        0.1415032249
       56.3265310000        1.0000000000        1.0000000000       18.1761750509        0.0000000000        0.8869204367        0.1064304524        0.1129126231
       56.4285710000        1.0000000000        1.0000000000       20.7736008338        0.0000000000        0.8869204367        0.1064304524        0.0826754894
       56.5306120000        1.0000000000        1.0000000000       24.4286080216        0.0000000000        0.8869204367        0.1064304524        0.0533205770
       56.6326530000        1.0000000000        1.0000000000       29.7510177525        0.0000000000        0.8869204367        0.1064304524        0.0281524152
       56.7346940000        1.0000000000        1.0000000000       37.8774765910        0.0000000000        0.8869204367        0.1064304524        0.0106170170
       56.8367350000        1.0000000000        1.0000000000       51.1717981959        0.0000000000        0.8869204367        0.1064304524        0.0021535971
       56.9387760000        1.0000000000        1.0000000000       75.6262708878        0.0000000000        0.8869204367        0.1064304524        0.0001144752
       57.0408160000        1.0000000000        1.0000000000      131.3839874006        0.0000000000        0.8869204367        0.1064304524        0.0000001422
       57.1428570000        1.0000000000        1.0000000000      295.1662726715        0.0000000000        0.8869204367        0.1064304524        0.0000000000
       57.2448980000        1.0000000000        1.0000000000      782.0373538138        0.0000000000        0.8869204367        0.1064304524        0.0000000000
       57.3469390000        1.0000000000        1.0000000000     1812.0338432549        0.0000000000        0.8869204367        0.1064304524        0.0000000000
       57.4489800000        1.0000000000        1.0000000000     2948.1995444721        0.0000000000        0.8869204367        0.1064304524        0.0000000000
       57.5510200000        1.0000000000        1.0000000000     3085.7316700579        0.0000000000        0.8869204367        0.1064304524        0.0000000000
       57.6530610000        1.0000000000        1.0000000000     2081.2252828300        0.0000000000        0.8869204367        0.1064304524        0.0000000000
       57.7551020000        1.0000000000        1.0000000000      989.8803587893        0.0000000000        0.8869204367        0.1064304524        0.0000000000
       57.8571430000        1.0000000000        1.0000000000      412.8631531427        0.0000000000        0.8869204367        0.1064304524        0.0000000000
       57.9591840000        1.0000000000        1.0000000000      201.6019495735        0.0000000000        0.8869204367        0.1064304524        0.0000000000
       58.0612240000        1.0000000000        1.0000000000      125.5945699129        0.0000000000        0.8869204367        0.1064304524        0.0000002848
       58.1632650000        1.0000000000        1.0000000000       90.8996748605        0.0000000000        0.8869204367        0.1064304524        0.0000183119
       58.2653060000        1.0000000000        1.0000000000       71.2029673926        0.0000000000        0.8869204367        0.1064304524        0.0001946405
       58.3673470000        1.0000000000        1.0000000000       58.5774154725        0.0000000000        0.8869204367        0.1064304524        0.0008855604
       58.4693880000        1.0000000000        1.0000000000       49.8935433150        0.0000000000        0.8869204367        0.1064304524        0.0025106209
       58.5714290000        1.0000000000        1.0000000000       43.6572733686        0.0000000000        0.8869204367        0.1064304524        0.0053062346
       58.6734690000        1.0000000000        1.0000000000       39.2165852962        0.0000000000        0.8869204367        0.1064304524        0.0090409571
       58.7755100000        1.0000000000        1.0000000000       36.7937104024        0.0000000000        0.8869204367        0.1064304524        0.0120915883
       58.8775510000        1.0000000000        1.0000000000       37.2256994852        0.0000000000        0.8869204367        0.1064304524        0.0114807456
       58.9795920000        1.0000000000        1.0000000000       39.3489291459        0.0000000000        0.8869204367        0.1064304524        0.0088985094
       59.0816330000        1.0000000000        1.0000000000       38.7163660913        0.0000000000        0.8869204367        0.1064304524        0.0096002712
       59.1836730000        1.0000000000        1.0000000000       33.7374535614        0.0000000000        0.8869204367        0.1064304524        0.0174486250
       59.2857140000        1.0000000000        1.0000000000       28.2996303310        0.0000000000        0.8869204367        0.1064304524        0.0335085168
       59.3877550000        1.0000000000        1.0000000000       25.0362620902        0.0000000000        0.8869204367        0.1064304524        0.0495708931
       59.4897960000        1.0000000000        1.0000000000       23.3590903014        0.0000000000        0.8869204367        0.1064304524        0.0606223989
       59.5918370000        1.0000000000        1.0000000000       22.2851886601        0.0000000000        0.8869204367        0.1064304524        0.0689604147
       59.6938780000        1.0000000000        1.0000000000       21.4363029446        0.0000000000        0.8869204367        0.1064304524        0.0763554129
       59.7959180000        1.0000000000        1.0000000000       20.7134197373        0.0000000000        0.8869204367        0.1064304524        0.0832747107
       59.8979590000        1.0000000000        1.0000000000       20.0825555904        0.0000000000        0.8869204367        0.1064304524        0.0898236773
       60.0000000000        1.0000000000        1.0000000000       19.5250642645        0.0000000000        0.8869204367        0.1064304524        0.0960383477
