       55.0000000000        1.0000000000        1.0000000000       20.3811787336        0.0000000000        0.8869204367        0.1064304524        0.0866618558
       55.1020410000        1.0000000000        1.0000000000       23.2906388061        0.0000000000        0.8869204367        0.1064304524        0.0611224129
       55.2040820000        1.0000000000        1.0000000000       27.1920013093        0.0000000000        0.8869204367        0.1064304524        0.0382718685
       55.3061220000        1.0000000000        1.0000000000       32.5651140776        0.0000000000        0.8869204367        0.1064304524        0.0200843638
       55.4081630000        1.0000000000        1.0000000000       40.2331630052        0.0000000000        0.8869204367        0.1064304524        0.0080026739
       55.5102040000        1.0000000000        1.0000000000       51.7271468621        0.0000000000        0.8869204367        0.1064304524        0.0020147551
       55.6122450000        1.0000000000        1.0000000000       70.0218271029        0.0000000000        0.8869204367        0.1064304524        0.0002242791
       55.7142860000        1.0000000000        1.0000000000      101.1644545211        0.0000000000        0.8869204367        0.1064304524        0.0000053429
       55.8163270000        1.0000000000        1.0000000000      161.7498667524        0.0000000000        0.8869204367        0.1064304524        0.0000000037
       55.9183670000        1.0000000000        1.0000000000      312.6820917677        0.0000000000        0.8869204367        0.1064304524        0.0000000000
       56.0204080000        1.0000000000        1.0000000000      753.3374521242        0.0000000000        0.8869204367        0.1064304524        0.0000000000
       56.1224490000        1.0000000000        1.0000000000     1839.2549505799        0.0000000000        0.8869204367        0.1064304524        0.0000000000
       56.2244900000        1.0000000000        1.0000000000     3465.0280060834        0.0000000000        0.8869204367        0.1064304524        0.0000000000
       56.3265310000        1.0000000000        1.0000000000     4376.1085996433        0.0000000000        0.8869204367        0.1064304524        0.0000000000
       56.4285710000        1.0000000000        1.0000000000     3572.0371433740        0.0000000000        0.8869204367        0.1064304524        0.0000000000
       56.5306120000        1.0000000000        1.0000000000     1980.8159410318        0.0000000000        0.8869204367        0.1064304524        0.0000000000
       56.6326530000        1.0000000000        1.0000000000      873.4351936326        0.0000000000        0.8869204367        0.1064304524        0.0000000000
       56.7346940000        1.0000000000        1.0000000000      400.6679757366        0.0000000000        0.8869204367        0.1064304524        0.0000000000
       56.8367350000        1.0000000000        1.0000000000      228.3485089168        0.0000000000        0.8869204367        0.1064304524        0.0000000000
       56.9387760000        1.0000000000        1.0000000000      155.4072937202        0.0000000000        0.8869204367        0.1064304524        0.0000000080
       57.0408160000        1.0000000000        1.0000000000      116.5818433675        0.0000000000        0.8869204367        0.1064304524        0.0000008400
       57.1428570000        1.0000000000        1.0000000000       92.6469082440        0.0000000000        0.8869204367        0.1064304524        0.0000148482
       57.2448980000        1.0000000000        1.0000000000       76.5969814073        0.0000000000        0.8869204367        0.1064304524        0.0001018879
       57.3469390000        1.0000000000        1.0000000000       65.2129345792        0.0000000000        0.8869204367        0.1064304524        0.0003993980
       57.4489800000        1.0000000000        1.0000000000       56.7951797060        0.0000000000        0.8869204367        0.1064304524        0.0010967308
       57.5510200000        1.0000000000        1.0000000000       50.3657363987        0.0000000000        0.8869204367        0.1064304524        0.0023723165
       57.6530610000        1.0000000000        1.0000000000       45.3251972244        0.0000000000        0.8869204367        0.1064304524        0.0043437221
       57.7551020000        1.0000000000        1.0000000000       41.2879427800        0.0000000000        0.8869204367        0.1064304524        0.0070512305
       57.8571430000        1.0000000000        1.0000000000       37.9957280879        0.0000000000        0.8869204367        0.1064304524        0.0104674235
       57.9591840000        1.0000000000        1.0000000000       35.2699379128        0.0000000000        0.8869204367        0.1064304524        0.0145176149
       58.0612240000        1.0000000000        1.0000000000       32.9837183458        0.0000000000        0.8869204367        0.1064304524        0.0191003962
       58.1632650000        1.0000000000        1.0000000000       31.0449961787        0.0000000000        0.8869204367        0.1064304524        0.0241034682
       58.2653060000        1.0000000000        1.0000000000       29.3861785140        0.0000000000        0.8869204367        0.1064304524        0.0294123266
       58.3673470000        1.0000000000        1.0000000000       27.9579247419        0.0000000000        0.8869204367        0.1064304524        0.0349110818
       58.4693880000        1.0000000000        1.0000000000       26.7278832265        0.0000000000        0.8869204367        0.1064304524        0.0404638625
       58.5714290000        1.0000000000        1.0000000000       25.6988546233        0.0000000000        0.8869204367        0.1064304524        0.0457820789
       58.6734690000        1.0000000000        1.0000000000       25.0330599314        0.0000000000        0.8869204367        0.1064304524        0.0495899448
       58.7755100000        1.0000000000        1.0000000000       25.4300322984        0.0000000000        0.8869204367        0.1064304524        0.0472830274
       58.8775510000        1.0000000000        1.0000000000       28.0158592283        0.0000000000        0.8869204367        0.1064304524        0.0346692169
       58.9795920000        1.0000000000        1.0000000000       31.8022512064        0.0000000000        0.8869204367        0.1064304524        0.0220097411
       59.0816330000        1.0000000000        1.0000000000       32.4725952976        0.0000000000        0.8869204367        0.1064304524        0.0203085878
       59.1836730000        1.0000000000        1.0000000000       28.5577624454        0.0000000000        0.8869204367        0.1064304524        0.0324864729
       59.2857140000        1.0000000000        1.0000000000       24.0304050146        0.0000000000        0.8869204367        0.1064304524        0.0559303226
       59.3877550000        1.0000000000        1.0000000000       21.5684164142        0.0000000000        0.8869204367        0.1064304524        0.0751544485
       59.4897960000        1.0000000000        1.0000000000       20.6257729927        0.0000000000        0.8869204367        0.1064304524        0.0841551837
       59.5918370000        1.0000000000        1.0000000000       20.2818688484        0.0000000000        0.8869204367        0.1064304524        0.0877007996
       59.6938780000        1.0000000000        1.0000000000       20.2594104635        0.0000000000        0.8869204367        0.1064304524        0.0879374726
       59.7959180000        1.0000000000        1.0000000000       20.6825389894        0.0000000000        0.8869204367        0.1064304524        0.0835838735
       59.8979590000        1.0000000000        1.0000000000       22.3566718058        0.0000000000        0.8869204367        0.1064304524        0.0683714037
       60.0000000000        1.0000000000        1.0000000000       29.6101229134        0.0000000000        0.8869204367        0.1064304524        0.0286324454
