       55.0000000000        1.0000000000        1.0000000000       11.7850568705        0.0000000000        0.8869204367        0.1064304524        0.2431183725
       55.1020410000        1.0000000000        1.0000000000       12.3137913377        0.0000000000        0.8869204367        0.1064304524        0.2281721342
       55.2040820000        1.0000000000        1.0000000000       12.9492410744        0.0000000000        0.8869204367        0.1064304524        0.2114199310
       55.3061220000        1.0000000000        1.0000000000       13.7216519087        0.0000000000        0.8869204367        0.1064304524        0.1927043309
       55.4081630000        1.0000000000        1.0000000000       14.6892956470        0.0000000000        0.8869204367        0.1064304524        0.1715783136
       55.5102040000        1.0000000000        1.0000000000       16.0028811880        0.0000000000        0.8869204367        0.1064304524        0.1465562826
       55.6122450000        1.0000000000        1.0000000000       17.9339309068        0.0000000000        0.8869204367        0.1064304524        0.1162430863
       55.7142860000        1.0000000000        1.0000000000       20.4745923383        0.0000000000        0.8869204367        0.1064304524        0.0856958327
       55.8163270000        1.0000000000        1.0000000000       22.9602809712        0.0000000000        0.8869204367        0.1064304524        0.0635941549
       55.9183670000        1.0000000000        1.0000000000       25.1523837006        0.0000000000        0.8869204367        0.1064304524        0.0488849332
       56.0204080000        1.0000000000        1.0000000000       28.0163798618        0.0000000000        0.8869204367        0.1064304524        0.0346670510
       56.1224490000        1.0000000000        1.0000000000       32.4773579827        0.0000000000        0.8869204367        0.1064304524        0.0202969844
       56.2244900000        1.0000000000        1.0000000000       38.9949094584        0.0000000000        0.8869204367        0.1064304524        0.0092846838
       56.3265310000        1.0000000000        1.0000000000       48.3099757360        0.0000000000        0.8869204367        0.1064304524        0.0030360526
       56.4285710000        1.0000000000        1.0000000000       61.9997869050        0.0000000000        0.8869204367        0.1064304524        0.0005873002
       56.5306120000        1.0000000000        1.0000000000       83.1975367082        0.0000000000        0.8869204367        0.1064304524        0.0000461458
       56.6326530000        1.0000000000        1.0000000000      118.7507587305        0.0000000000        0.8869204367        0.1064304524        0.0000006475
       56.7346940000        1.0000000000        1.0000000000      187.1480609841        0.0000000000        0.8869204367        0.1064304524        0.0000000002
       56.8367350000        1.0000000000        1.0000000000      350.1856723696        0.0000000000        0.8869204367        0.1064304524        0.0000000000
       56.9387760000        1.0000000000        1.0000000000      803.9892465026        0.0000000000        0.8869204367        0.1064304524        0.0000000000
       57.0408160000        1.0000000000        1.0000000000     1920.2482415839        0.0000000000        0.8869204367        0.1064304524        0.0000000000
       57.1428570000        1.0000000000        1.0000000000     3700.9507196205        0.0000000000        0.8869204367        0.1064304524        0.0000000000
       57.2448980000        1.0000000000        1.0000000000     4938.3441515987        0.0000000000        0.8869204367        0.1064304524        0.0000000000
       57.3469390000        1.0000000000        1.0000000000     4341.6909889478        0.0000000000        0.8869204367        0.1064304524        0.0000000000
       57.4489800000        1.0000000000        1.0000000000     2601.7322205381        0.0000000000        0.8869204367        0.1064304524        0.0000000000
       57.5510200000        1.0000000000        1.0000000000     1214.2900324962        0.0000000000        0.8869204367        0.1064304524        0.0000000000
       57.6530610000        1.0000000000        1.0000000000      559.0494035421        0.0000000000        0.8869204367        0.1064304524        0.0000000000
       57.7551020000        1.0000000000        1.0000000000      308.6658451478        0.0000000000        0.8869204367        0.1064304524        0.0000000000
       57.8571430000        1.0000000000        1.0000000000      204.0712858442        0.0000000000        0.8869204367        0.1064304524        0.0000000000
       57.9591840000        1.0000000000        1.0000000000      150.1254607523        0.0000000000        0.8869204367        0.1064304524        0.0000000150
       58.0612240000        1.0000000000        1.0000000000      117.5968908190        0.0000000000        0.8869204367        0.1064304524        0.0000007437
       58.1632650000        1.0000000000        1.0000000000       96.0739221287        0.0000000000        0.8869204367        0.1064304524        0.0000098418
       58.2653060000        1.0000000000        1.0000000000       80.9504168837        0.0000000000        0.8869204367        0.1064304524        0.0000604285
       58.3673470000        1.0000000000        1.0000000000       69.8524978210        0.0000000000        0.8869204367        0.1064304524        0.0002288830
       58.4693880000        1.0000000000        1.0000000000       61.4380143170        0.0000000000        0.8869204367        0.1064304524        0.0006282567
       58.5714290000        1.0000000000        1.0000000000       54.9202931983        0.0000000000        0.8869204367        0.1064304524        0.0013734421
       58.6734690000        1.0000000000        1.0000000000       49.9589682346        0.0000000000        0.8869204367        0.1064304524        0.0024909872
       58.7755100000        1.0000000000        1.0000000000       46.9220937933        0.0000000000        0.8869204367        0.1064304524        0.0035862390
       58.8775510000        1.0000000000        1.0000000000       46.7313669692        0.0000000000        0.8869204367        0.1064304524        0.0036692645
       58.9795920000        1.0000000000        1.0000000000       48.2918921276        0.0000000000        0.8869204367        0.1064304524        0.0030426481
       59.0816330000        1.0000000000        1.0000000000       47.1743302848        0.0000000000        0.8869204367        0.1064304524        0.0034793157
       59.1836730000        1.0000000000        1.0000000000       41.7338192759        0.0000000000        0.8869204367        0.1064304524        0.0066838687
       59.2857140000        1.0000000000        1.0000000000       35.8257777765        0.0000000000        0.8869204367        0.1064304524        0.0135808668
       59.3877550000        1.0000000000        1.0000000000       32.1087006593        0.0000000000        0.8869204367        0.1064304524        0.0212150577
       59.4897960000        1.0000000000        1.0000000000       30.0166088600        0.0000000000        0.8869204367        0.1064304524        0.0272693188
       59.5918370000        1.0000000000        1.0000000000       28.5673032070        0.0000000000        0.8869204367        0.1064304524        0.0324493007
       59.6938780000        1.0000000000        1.0000000000       27.3770934055        0.0000000000        0.8869204367        0.1064304524        0.0374311809
       59.7959180000        1.0000000000        1.0000000000       26.3424102890        0.0000000000        0.8869204367        0.1064304524        0.0423795547
       59.8979590000        1.0000000000        1.0000000000       25.4257942050        0.0000000000        0.8869204367        0.1064304524        0.0473070803
       60.0000000000        1.0000000000        1.0000000000       24.6057525702        0.0000000000        0.8869204367        0.1064304524        0.0521990852
