       55.0000000000        1.0000000000        1.0000000000       10.7060512106        0.0000000000        0.8869204367        0.1064304524        0.2767263561
       55.1020410000        1.0000000000        1.0000000000       11.0278383322        0.0000000000        0.8869204367        0.1064304524        0.2662443987
       55.2040820000        1.0000000000        1.0000000000       11.4153949664        0.0000000000        0.8869204367        0.1064304524        0.2541457403
       55.3061220000        1.0000000000        1.0000000000       11.8883532559        0.0000000000        0.8869204367        0.1064304524        0.2401233833
       55.4081630000        1.0000000000        1.0000000000       12.4907234502        0.0000000000        0.8869204367        0.1064304524        0.2233786838
       55.5102040000        1.0000000000        1.0000000000       13.3541350730        0.0000000000        0.8869204367        0.1064304524        0.2013931706
       55.6122450000        1.0000000000        1.0000000000       14.7259913105        0.0000000000        0.8869204367        0.1064304524        0.1708244330
       55.7142860000        1.0000000000        1.0000000000       16.5677545432        0.0000000000        0.8869204367        0.1064304524        0.1369512104
       55.8163270000        1.0000000000        1.0000000000       18.1642743389        0.0000000000        0.8869204367        0.1064304524        0.1130739872
       55.9183670000        1.0000000000        1.0000000000       19.1918493109        0.0000000000        0.8869204367        0.1064304524        0.0999563271
       56.0204080000        1.0000000000        1.0000000000       20.4950709821        0.0000000000        0.8869204367        0.1064304524        0.0854854992
       56.1224490000        1.0000000000        1.0000000000       22.8213138323        0.0000000000        0.8869204367        0.1064304524        0.0646635465
       56.2244900000        1.0000000000        1.0000000000       26.3381842201        0.0000000000        0.8869204367        0.1064304524        0.0424010520
       56.3265310000        1.0000000000        1.0000000000       31.2740588549        0.0000000000        0.8869204367        0.1064304524        0.0234499466
       56.4285710000        1.0000000000        1.0000000000       38.2570217049        0.0000000000        0.8869204367        0.1064304524        0.0101443071
       56.5306120000        1.0000000000        1.0000000000       48.4960088593        0.0000000000        0.8869204367        0.1064304524        0.0029690268
       56.6326530000        1.0000000000        1.0000000000       64.3119724289        0.0000000000        0.8869204367        0.1064304524        0.0004449998
       56.7346940000        1.0000000000        1.0000000000       90.7179282155        0.0000000000        0.8869204367        0.1064304524        0.0000187156
       56.8367350000        1.0000000000        1.0000000000      141.1555943697        0.0000000000        0.8869204367        0.1064304524        0.0000000440
       56.9387760000        1.0000000000        1.0000000000      261.4834078168        0.0000000000        0.8869204367        0.1064304524        0.0000000000
       57.0408160000        1.0000000000        1.0000000000      606.5046562869        0.0000000000        0.8869204367        0.1064304524        0.0000000000
       57.1428570000        1.0000000000        1.0000000000     1504.0403797062        0.0000000000        0.8869204367        0.1064304524        0.0000000000
       57.2448980000        1.0000000000        1.0000000000     3041.8443236034        0.0000000000        0.8869204367        0.1064304524        0.0000000000
       57.3469390000        1.0000000000        1.0000000000     4246.4536498193        0.0000000000        0.8869204367        0.1064304524        0.0000000000
       57.4489800000        1.0000000000        1.0000000000     3865.2426150653        0.0000000000        0.8869204367        0.1064304524        0.0000000000
       57.5510200000        1.0000000000        1.0000000000     2355.8038749637        0.0000000000        0.8869204367        0.1064304524        0.0000000000
       57.6530610000        1.0000000000        1.0000000000     1089.1810464470        0.0000000000        0.8869204367        0.1064304524        0.0000000000
       57.7551020000        1.0000000000        1.0000000000      485.5360389832        0.0000000000        0.8869204367        0.1064304524        0.0000000000
       57.8571430000        1.0000000000        1.0000000000      260.7731438142        0.0000000000        0.8869204367        0.1064304524        0.0000000000
       57.9591840000        1.0000000000        1.0000000000      170.6065790421        0.0000000000        0.8869204367        0.1064304524        0.0000000013
       58.0612240000        1.0000000000        1.0000000000      125.3070672120        0.0000000000        0.8869204367        0.1064304524        0.0000002948
       58.1632650000        1.0000000000        1.0000000000       98.3219776889        0.0000000000        0.8869204367        0.1064304524        0.0000075148
       58.2653060000        1.0000000000        1.0000000000       80.5813965371        0.0000000000        0.8869204367        0.1064304524        0.0000631645
       58.3673470000        1.0000000000        1.0000000000       68.1682965411        0.0000000000        0.8869204367        0.1064304524        0.0002801471
       58.4693880000        1.0000000000        1.0000000000       59.0929439226        0.0000000000        0.8869204367        0.1064304524        0.0008324368
       58.5714290000        1.0000000000        1.0000000000       52.2627090668        0.0000000000        0.8869204367        0.1064304524        0.0018893450
       58.6734690000        1.0000000000        1.0000000000       47.1819236967        0.0000000000        0.8869204367        0.1064304524        0.0034761468
       58.7755100000        1.0000000000        1.0000000000       44.1352302418        0.0000000000        0.8869204367        0.1064304524        0.0050104596
       58.8775510000        1.0000000000        1.0000000000       43.9930342317        0.0000000000        0.8869204367        0.1064304524        0.0050966893
       58.9795920000        1.0000000000        1.0000000000       45.6223601724        0.0000000000        0.8869204367        0.1064304524        0.0041915561
       59.0816330000        1.0000000000        1.0000000000       44.5770376292        0.0000000000        0.8869204367        0.1064304524        0.0047517395
       59.1836730000        1.0000000000        1.0000000000       39.2216843371        0.0000000000        0.8869204367        0.1064304524        0.0090354268
       59.2857140000        1.0000000000        1.0000000000       33.4165306879        0.0000000000        0.8869204367        0.1064304524        0.0181336911
       59.3877550000        1.0000000000        1.0000000000       29.8083376826        0.0000000000        0.8869204367        0.1064304524        0.0279594363
       59.4897960000        1.0000000000        1.0000000000       27.8213225327        0.0000000000        0.8869204367        0.1064304524        0.0354880697
       59.5918370000        1.0000000000        1.0000000000       26.4710141605        0.0000000000        0.8869204367        0.1064304524        0.0417305544
       59.6938780000        1.0000000000        1.0000000000       25.3739295172        0.0000000000        0.8869204367        0.1064304524        0.0476024265
       59.7959180000        1.0000000000        1.0000000000       24.4268081266        0.0000000000        0.8869204367        0.1064304524        0.0533320948
       59.8979590000        1.0000000000        1.0000000000       23.5924316355        0.0000000000        0.8869204367        0.1064304524        0.0589484588
       60.0000000000        1.0000000000        1.0000000000       22.8495498959        0.0000000000        0.8869204367        0.1064304524        0.0644448160
