       55.0000000000        1.0000000000        1.0000000000        9.9670873117        0.0000000000        0.8869204367        0.1064304524        0.3023861375
       55.1020410000        1.0000000000        1.0000000000       10.1713952065        0.0000000000        0.8869204367        0.1064304524        0.2950626935
       55.2040820000        1.0000000000        1.0000000000       10.4268188118        0.0000000000        0.8869204367        0.1064304524        0.2861559728
       55.3061220000        1.0000000000        1.0000000000       10.7512829974        0.0000000000        0.8869204367        0.1064304524        0.2752284057
       55.4081630000        1.0000000000        1.0000000000       11.1870604081        0.0000000000        0.8869204367        0.1064304524        0.2612056505
       55.5102040000        1.0000000000        1.0000000000       11.8645282050        0.0000000000        0.8869204367        0.1064304524        0.2408108798
       55.6122450000        1.0000000000        1.0000000000       13.0326622215        0.0000000000        0.8869204367        0.1064304524        0.2093140619
       55.7142860000        1.0000000000        1.0000000000       14.6599960126        0.0000000000        0.8869204367        0.1064304524        0.1721826372
       55.8163270000        1.0000000000        1.0000000000       16.0392910650        0.0000000000        0.8869204367        0.1064304524        0.1459173479
       55.9183670000        1.0000000000        1.0000000000       16.8537258762        0.0000000000        0.8869204367        0.1064304524        0.1323312401
       56.0204080000        1.0000000000        1.0000000000       17.9751435772        0.0000000000        0.8869204367        0.1064304524        0.1156696230
       56.1224490000        1.0000000000        1.0000000000       20.2238654307        0.0000000000        0.8869204367        0.1064304524        0.0883133625
       56.2244900000        1.0000000000        1.0000000000       23.9165876423        0.0000000000        0.8869204367        0.1064304524        0.0566994643
       56.3265310000        1.0000000000        1.0000000000       29.6031719359        0.0000000000        0.8869204367        0.1064304524        0.0286563382
       56.4285710000        1.0000000000        1.0000000000       38.6756437677        0.0000000000        0.8869204367        0.1064304524        0.0096472995
       56.5306120000        1.0000000000        1.0000000000       54.4718902906        0.0000000000        0.8869204367        0.1064304524        0.0014493692
       56.6326530000        1.0000000000        1.0000000000       87.1678305795        0.0000000000        0.8869204367        0.1064304524        0.0000286562
       56.7346940000        1.0000000000        1.0000000000      176.9374313062        0.0000000000        0.8869204367        0.1064304524        0.0000000006
       56.8367350000        1.0000000000        1.0000000000      465.0075980146        0.0000000000        0.8869204367        0.1064304524        0.0000000000
       56.9387760000        1.0000000000        1.0000000000     1213.0316824486        0.0000000000        0.8869204367        0.1064304524        0.0000000000
       57.0408160000        1.0000000000        1.0000000000     2350.4795237533        0.0000000000        0.8869204367        0.1064304524        0.0000000000
       57.1428570000        1.0000000000        1.0000000000     2961.3841846455        0.0000000000        0.8869204367        0.1064304524        0.0000000000
       57.2448980000        1.0000000000        1.0000000000     2353.6560878240        0.0000000000        0.8869204367        0.1064304524        0.0000000000
       57.3469390000        1.0000000000        1.0000000000     1242.6959479238        0.0000000000        0.8869204367        0.1064304524        0.0000000000
       57.4489800000        1.0000000000        1.0000000000      514.1311631445        0.0000000000        0.8869204367        0.1064304524        0.0000000000
       57.5510200000        1.0000000000        1.0000000000      225.6881345065        0.0000000000        0.8869204367        0.1064304524        0.0000000000
       57.6530610000        1.0000000000        1.0000000000      128.5906057752        0.0000000000        0.8869204367        0.1064304524        0.0000001988
       57.7551020000        1.0000000000        1.0000000000       89.2584122667        0.0000000000        0.8869204367        0.1064304524        0.0000222981
       57.8571430000        1.0000000000        1.0000000000       68.4795904848        0.0000000000        0.8869204367        0.1064304524        0.0002698752
       57.9591840000        1.0000000000        1.0000000000       55.6359803717        0.0000000000        0.8869204367        0.1064304524        0.0012604107
       58.0612240000        1.0000000000        1.0000000000       46.9902274217        0.0000000000        0.8869204367        0.1064304524        0.0035570373
       58.1632650000        1.0000000000        1.0000000000       40.8344244095        0.0000000000        0.8869204367        0.1064304524        0.0074456082
       58.2653060000        1.0000000000        1.0000000000       36.2674391270        0.0000000000        0.8869204367        0.1064304524        0.0128798308
       58.3673470000        1.0000000000        1.0000000000       32.7718650422        0.0000000000        0.8869204367        0.1064304524        0.0195921989
       58.4693880000        1.0000000000        1.0000000000       30.0359931187        0.0000000000        0.8869204367        0.1064304524        0.0272059610
       58.5714290000        1.0000000000        1.0000000000       27.8877675836        0.0000000000        0.8869204367        0.1064304524        0.0352062340
       58.6734690000        1.0000000000        1.0000000000       26.3757147199        0.0000000000        0.8869204367        0.1064304524        0.0422105214
       58.7755100000        1.0000000000        1.0000000000       26.1225931490        0.0000000000        0.8869204367        0.1064304524        0.0435123193
       58.8775510000        1.0000000000        1.0000000000       28.1987650956        0.0000000000        0.8869204367        0.1064304524        0.0339165626
       58.9795920000        1.0000000000        1.0000000000       31.5721308282        0.0000000000        0.8869204367        0.1064304524        0.0226259976
       59.0816330000        1.0000000000        1.0000000000       31.8962952899        0.0000000000        0.8869204367        0.1064304524        0.0217627511
       59.1836730000        1.0000000000        1.0000000000       27.6870832877        0.0000000000        0.8869204367        0.1064304524        0.0360643659
       59.2857140000        1.0000000000        1.0000000000       22.9002716685        0.0000000000        0.8869204367        0.1064304524        0.0640537567
       59.3877550000        1.0000000000        1.0000000000       20.1869455578        0.0000000000        0.8869204367        0.1064304524        0.0887054927
       59.4897960000        1.0000000000        1.0000000000       18.9684731358        0.0000000000        0.8869204367        0.1064304524        0.1026719037
       59.5918370000        1.0000000000        1.0000000000       18.2784540334        0.0000000000        0.8869204367        0.1064304524        0.1115352623
       59.6938780000        1.0000000000        1.0000000000       17.7543945787        0.0000000000        0.8869204367        0.1064304524        0.1187746416
       59.7959180000        1.0000000000        1.0000000000       17.3092864247        0.0000000000        0.8869204367        0.1064304524        0.1252912351
       59.8979590000        1.0000000000        1.0000000000       16.9182226376        0.0000000000        0.8869204367        0.1064304524        0.1313110009
       60.0000000000        1.0000000000        1.0000000000       16.5696389993        0.0000000000        0.8869204367        0.1064304524        0.1369202445
