       55.0000000000        1.0000000000        1.0000000000       10.3285880680        0.0000000000        0.8869204367        0.1064304524        0.2895490495
       55.1020410000        1.0000000000        1.0000000000       10.3297745272        0.0000000000        0.8869204367        0.1064304524        0.2895078278
       55.2040820000        1.0000000000        1.0000000000       10.3348318452        0.0000000000        0.8869204367        0.1064304524        0.2893321851
       55.3061220000        1.0000000000        1.0000000000       10.3486737006        0.0000000000        0.8869204367        0.1064304524        0.2888519967
       55.4081630000        1.0000000000        1.0000000000       10.3957995878        0.0000000000        0.8869204367        0.1064304524        0.2872231180
       55.5102040000        1.0000000000        1.0000000000       10.5827109155        0.0000000000        0.8869204367        0.1064304524        0.2808525979
       55.6122450000        1.0000000000        1.0000000000       11.1300360809        0.0000000000        0.8869204367        0.1064304524        0.2629991892
       55.7142860000        1.0000000000        1.0000000000       11.9734868434        0.0000000000        0.8869204367        0.1064304524        0.2376827634
       55.8163270000        1.0000000000        1.0000000000       12.3437964198        0.0000000000        0.8869204367        0.1064304524        0.2273520526
       55.9183670000        1.0000000000        1.0000000000       11.8056899473        0.0000000000        0.8869204367        0.1064304524        0.2425171635
       56.0204080000        1.0000000000        1.0000000000       11.0664446118        0.0000000000        0.8869204367        0.1064304524        0.2650138067
       56.1224490000        1.0000000000        1.0000000000       10.7126098818        0.0000000000        0.8869204367        0.1064304524        0.2765086469
       56.2244900000        1.0000000000        1.0000000000       10.6628640208        0.0000000000        0.8869204367        0.1064304524        0.2781642027
       56.3265310000        1.0000000000        1.0000000000       10.7321333343        0.0000000000        0.8869204367        0.1064304524        0.2758615967
       56.4285710000        1.0000000000        1.0000000000       10.8599705595        0.0000000000        0.8869204367        0.1064304524        0.2716620449
       56.5306120000        1.0000000000        1.0000000000       11.0470070442        0.0000000000        0.8869204367        0.1064304524        0.2656326751
       56.6326530000        1.0000000000        1.0000000000       11.3143857034        0.0000000000        0.8869204367        0.1064304524        0.2572450145
       56.7346940000        1.0000000000        1.0000000000       11.7005243200        0.0000000000        0.8869204367        0.1064304524        0.2455970932
       56.8367350000        1.0000000000        1.0000000000       12.2719999402        0.0000000000        0.8869204367        0.1064304524        0.2293192841
       56.9387760000        1.0000000000        1.0000000000       13.1498530264        0.0000000000        0.8869204367        0.1064304524        0.2063911007
       57.0408160000        1.0000000000        1.0000000000       14.5737842387        0.0000000000        0.8869204367        0.1064304524        0.1739731836
       57.1428570000        1.0000000000        1.0000000000       17.1009656013        0.0000000000        0.8869204367        0.1064304524        0.1284628050
       57.2448980000        1.0000000000        1.0000000000       22.5387909512        0.0000000000        0.8869204367        0.1064304524        0.0668934038
       57.3469390000        1.0000000000        1.0000000000       39.2486898717        0.0000000000        0.8869204367        0.1064304524        0.0090061934
       57.4489800000        1.0000000000        1.0000000000      102.7387455737        0.0000000000        0.8869204367        0.1064304524        0.0000044232
       57.5510200000        1.0000000000        1.0000000000      294.3733953144        0.0000000000        0.8869204367        0.1064304524        0.0000000000
       57.6530610000        1.0000000000        1.0000000000      624.9101075250        0.0000000000        0.8869204367        0.1064304524        0.0000000000
       57.7551020000        1.0000000000        1.0000000000      837.7800532546        0.0000000000        0.8869204367        0.1064304524        0.0000000000
       57.8571430000        1.0000000000        1.0000000000      684.0475645851        0.0000000000        0.8869204367        0.1064304524        0.0000000000
       57.9591840000        1.0000000000        1.0000000000      355.5989440844        0.0000000000        0.8869204367        0.1064304524        0.0000000000
       58.0612240000        1.0000000000        1.0000000000      138.9929810622        0.0000000000        0.8869204367        0.1064304524        0.0000000571
       58.1632650000        1.0000000000        1.0000000000       58.9804236976        0.0000000000        0.8869204367        0.1064304524        0.0008437529
       58.2653060000        1.0000000000        1.0000000000       35.5813155205        0.0000000000        0.8869204367        0.1064304524        0.0139851691
       58.3673470000        1.0000000000        1.0000000000       27.2097280271        0.0000000000        0.8869204367        0.1064304524        0.0381905429
       58.4693880000        1.0000000000        1.0000000000       22.9899205069        0.0000000000        0.8869204367        0.1064304524        0.0633683685
       58.5714290000        1.0000000000        1.0000000000       20.4618005309        0.0000000000        0.8869204367        0.1064304524        0.0858274783
       58.6734690000        1.0000000000        1.0000000000       19.0253327374        0.0000000000        0.8869204367        0.1064304524        0.1019737422
       58.7755100000        1.0000000000        1.0000000000       19.0511467872        0.0000000000        0.8869204367        0.1064304524        0.1016583483
       58.8775510000        1.0000000000        1.0000000000       21.4804906735        0.0000000000        0.8869204367        0.1064304524        0.0759516078
       58.9795920000        1.0000000000        1.0000000000       25.1904964480        0.0000000000        0.8869204367        0.1064304524        0.0486618670
       59.0816330000        1.0000000000        1.0000000000       25.8067950794        0.0000000000        0.8869204367        0.1064304524        0.0451928943
       59.1836730000        1.0000000000        1.0000000000       21.8950509373        0.0000000000        0.8869204367        0.1064304524        0.0722656684
       59.2857140000        1.0000000000        1.0000000000       17.4378103258        0.0000000000        0.8869204367        0.1064304524        0.1233737098
       59.3877550000        1.0000000000        1.0000000000       15.0552735166        0.0000000000        0.8869204367        0.1064304524        0.1642061182
       59.4897960000        1.0000000000        1.0000000000       14.1428995230        0.0000000000        0.8869204367        0.1064304524        0.1832052916
       59.5918370000        1.0000000000        1.0000000000       13.7314468393        0.0000000000        0.8869204367        0.1064304524        0.1924779609
       59.6938780000        1.0000000000        1.0000000000       13.4621525215        0.0000000000        0.8869204367        0.1064304524        0.1987995392
       59.7959180000        1.0000000000        1.0000000000       13.2510154208        0.0000000000        0.8869204367        0.1064304524        0.2039007648
       59.8979590000        1.0000000000        1.0000000000       13.0752067318        0.0000000000        0.8869204367        0.1064304524        0.2082481654
       60.0000000000        1.0000000000        1.0000000000       12.9247407481        0.0000000000        0.8869204367        0.1064304524        0.2120424285
