       55.0000000000        1.0000000000        1.0000000000        9.5717926398        0.0000000000        0.8869204367        0.1064304524        0.3170755781
       55.1020410000        1.0000000000        1.0000000000        9.6257530675        0.0000000000        0.8869204367        0.1064304524        0.3150290670
       55.2040820000        1.0000000000        1.0000000000        9.6953072149        0.0000000000        0.8869204367        0.1064304524        0.3124106203
       55.3061220000        1.0000000000        1.0000000000        9.7880597969        0.0000000000        0.8869204367        0.1064304524        0.3089526730
       55.4081630000        1.0000000000        1.0000000000        9.9321040433        0.0000000000        0.8869204367        0.1064304524        0.3036582204
       55.5102040000        1.0000000000        1.0000000000       10.2383938310        0.0000000000        0.8869204367        0.1064304524        0.2926999489
       55.6122450000        1.0000000000        1.0000000000       10.9306951396        0.0000000000        0.8869204367        0.1064304524        0.2693662189
       55.7142860000        1.0000000000        1.0000000000       11.9445386504        0.0000000000        0.8869204367        0.1064304524        0.2385098576
       55.8163270000        1.0000000000        1.0000000000       12.5173275178        0.0000000000        0.8869204367        0.1064304524        0.2226666871
       55.9183670000        1.0000000000        1.0000000000       12.2371733514        0.0000000000        0.8869204367        0.1064304524        0.2302796585
       56.0204080000        1.0000000000        1.0000000000       11.8352007022        0.0000000000        0.8869204367        0.1064304524        0.2416598587
       56.1224490000        1.0000000000        1.0000000000       11.9146290474        0.0000000000        0.8869204367        0.1064304524        0.2393674439
       56.2244900000        1.0000000000        1.0000000000       12.4193208272        0.0000000000        0.8869204367        0.1064304524        0.2253008859
       56.3265310000        1.0000000000        1.0000000000       13.2077693035        0.0000000000        0.8869204367        0.1064304524        0.2049616652
       56.4285710000        1.0000000000        1.0000000000       14.2858389965        0.0000000000        0.8869204367        0.1064304524        0.1800896170
       56.5306120000        1.0000000000        1.0000000000       15.7553149989        0.0000000000        0.8869204367        0.1064304524        0.1509754860
       56.6326530000        1.0000000000        1.0000000000       17.7981411164        0.0000000000        0.8869204367        0.1064304524        0.1181527578
       56.7346940000        1.0000000000        1.0000000000       20.7217904282        0.0000000000        0.8869204367        0.1064304524        0.0831911047
       56.8367350000        1.0000000000        1.0000000000       25.0723728469        0.0000000000        0.8869204367        0.1064304524        0.0493565527
       56.9387760000        1.0000000000        1.0000000000       31.9026612504        0.0000000000        0.8869204367        0.1064304524        0.0217461326
       57.0408160000        1.0000000000        1.0000000000       43.5415870941        0.0000000000        0.8869204367        0.1064304524        0.0053804113
       57.1428570000        1.0000000000        1.0000000000       66.6539642416        0.0000000000        0.8869204367        0.1064304524        0.0003359744
       57.2448980000        1.0000000000        1.0000000000      126.9655106744        0.0000000000        0.8869204367        0.1064304524        0.0000002416
       57.3469390000        1.0000000000        1.0000000000      322.6202586002        0.0000000000        0.8869204367        0.1064304524        0.0000000000
       57.4489800000        1.0000000000        1.0000000000      878.8672976816        0.0000000000        0.8869204367        0.1064304524        0.0000000000
       57.5510200000        1.0000000000        1.0000000000     1866.4862077973        0.0000000000        0.8869204367        0.1064304524        0.0000000000
       57.6530610000        1.0000000000        1.0000000000     2619.8456945062        0.0000000000        0.8869204367        0.1064304524        0.0000000000
       57.7551020000        1.0000000000        1.0000000000     2313.7249957912        0.0000000000        0.8869204367        0.1064304524        0.0000000000
       57.8571430000        1.0000000000        1.0000000000     1326.3837469163        0.0000000000        0.8869204367        0.1064304524        0.0000000000
       57.9591840000        1.0000000000        1.0000000000      562.5036822584        0.0000000000        0.8869204367        0.1064304524        0.0000000000
       58.0612240000        1.0000000000        1.0000000000      234.3839462291        0.0000000000        0.8869204367        0.1064304524        0.0000000000
       58.1632650000        1.0000000000        1.0000000000      125.2774196603        0.0000000000        0.8869204367        0.1064304524        0.0000002959
       58.2653060000        1.0000000000        1.0000000000       84.4388356308        0.0000000000        0.8869204367        0.1064304524        0.0000397596
       58.3673470000        1.0000000000        1.0000000000       64.1029875340        0.0000000000        0.8869204367        0.1064304524        0.0004563007
       58.4693880000        1.0000000000        1.0000000000       51.8985040713        0.0000000000        0.8869204367        0.1064304524        0.0019737490
       58.5714290000        1.0000000000        1.0000000000       43.8673910846        0.0000000000        0.8869204367        0.1064304524        0.0051741152
       58.6734690000        1.0000000000        1.0000000000       38.4629701041        0.0000000000        0.8869204367        0.1064304524        0.0098966752
       58.7755100000        1.0000000000        1.0000000000       35.5122970667        0.0000000000        0.8869204367        0.1064304524        0.0141014782
       58.8775510000        1.0000000000        1.0000000000       35.6554939942        0.0000000000        0.8869204367        0.1064304524        0.0138612337
       58.9795920000        1.0000000000        1.0000000000       37.6194712044        0.0000000000        0.8869204367        0.1064304524        0.0109508681
       59.0816330000        1.0000000000        1.0000000000       36.8998500187        0.0000000000        0.8869204367        0.1064304524        0.0119385574
       59.1836730000        1.0000000000        1.0000000000       31.8866260034        0.0000000000        0.8869204367        0.1064304524        0.0217880174
       59.2857140000        1.0000000000        1.0000000000       26.4549906343        0.0000000000        0.8869204367        0.1064304524        0.0418108721
       59.3877550000        1.0000000000        1.0000000000       23.2205463070        0.0000000000        0.8869204367        0.1064304524        0.0616386878
       59.4897960000        1.0000000000        1.0000000000       21.5822112848        0.0000000000        0.8869204367        0.1064304524        0.0750301419
       59.5918370000        1.0000000000        1.0000000000       20.5515695382        0.0000000000        0.8869204367        0.1064304524        0.0849078826
       59.6938780000        1.0000000000        1.0000000000       19.7479186392        0.0000000000        0.8869204367        0.1064304524        0.0935040772
       59.7959180000        1.0000000000        1.0000000000       19.0707218798        0.0000000000        0.8869204367        0.1064304524        0.1014198320
       59.8979590000        1.0000000000        1.0000000000       18.4849930299        0.0000000000        0.8869204367        0.1064304524        0.1088048723
       60.0000000000        1.0000000000        1.0000000000       17.9714693381        0.0000000000        0.8869204367        0.1064304524        0.1157206340
