       55.0000000000        1.0000000000        1.0000000000       10.3753577774        0.0000000000        0.8869204367        0.1064304524        0.2879285461
       55.1020410000        1.0000000000        1.0000000000       10.5581995171        0.0000000000        0.8869204367        0.1064304524        0.2816799048
       55.2040820000        1.0000000000        1.0000000000       10.7916932048        0.0000000000        0.8869204367        0.1064304524        0.2738969921
       55.3061220000        1.0000000000        1.0000000000       11.0952918268        0.0000000000        0.8869204367        0.1064304524        0.2640980035
       55.4081630000        1.0000000000        1.0000000000       11.5139645558        0.0000000000        0.8869204367        0.1064304524        0.2511573242
       55.5102040000        1.0000000000        1.0000000000       12.1829266851        0.0000000000        0.8869204367        0.1064304524        0.2317835766
       55.6122450000        1.0000000000        1.0000000000       13.3605096670        0.0000000000        0.8869204367        0.1064304524        0.2012391736
       55.7142860000        1.0000000000        1.0000000000       15.0327460852        0.0000000000        0.8869204367        0.1064304524        0.1646506158
       55.8163270000        1.0000000000        1.0000000000       16.5209473046        0.0000000000        0.8869204367        0.1064304524        0.1377226117
       55.9183670000        1.0000000000        1.0000000000       17.5566088187        0.0000000000        0.8869204367        0.1064304524        0.1216273936
       56.0204080000        1.0000000000        1.0000000000       19.1110552035        0.0000000000        0.8869204367        0.1064304524        0.1009301461
       56.1224490000        1.0000000000        1.0000000000       22.2199228047        0.0000000000        0.8869204367        0.1064304524        0.0695026264
       56.2244900000        1.0000000000        1.0000000000       27.6834454713        0.0000000000        0.8869204367        0.1064304524        0.0360801128
       56.3265310000        1.0000000000        1.0000000000       37.3456016904        0.0000000000        0.8869204367        0.1064304524        0.0113167403
       56.4285710000        1.0000000000        1.0000000000       57.3132772341        0.0000000000        0.8869204367        0.1064304524        0.0010306215
       56.5306120000        1.0000000000        1.0000000000      112.9343592488        0.0000000000        0.8869204367        0.1064304524        0.0000013013
       56.6326530000        1.0000000000        1.0000000000      301.0961873575        0.0000000000        0.8869204367        0.1064304524        0.0000000000
       56.7346940000        1.0000000000        1.0000000000      826.0495999516        0.0000000000        0.8869204367        0.1064304524        0.0000000000
       56.8367350000        1.0000000000        1.0000000000     1690.0641343790        0.0000000000        0.8869204367        0.1064304524        0.0000000000
       56.9387760000        1.0000000000        1.0000000000     2226.1728727267        0.0000000000        0.8869204367        0.1064304524        0.0000000000
       57.0408160000        1.0000000000        1.0000000000     1820.6814570129        0.0000000000        0.8869204367        0.1064304524        0.0000000000
       57.1428570000        1.0000000000        1.0000000000      967.2796392735        0.0000000000        0.8869204367        0.1064304524        0.0000000000
       57.2448980000        1.0000000000        1.0000000000      391.1645453745        0.0000000000        0.8869204367        0.1064304524        0.0000000000
       57.3469390000        1.0000000000        1.0000000000      165.7003664558        0.0000000000        0.8869204367        0.1064304524        0.0000000023
       57.4489800000        1.0000000000        1.0000000000       93.3178149040        0.0000000000        0.8869204367        0.1064304524        0.0000136997
       57.5510200000        1.0000000000        1.0000000000       65.3828449959        0.0000000000        0.8869204367        0.1064304524        0.0003913370
       57.6530610000        1.0000000000        1.0000000000       50.9328659798        0.0000000000        0.8869204367        0.1064304524        0.0022162384
       57.7551020000        1.0000000000        1.0000000000       42.0661961365        0.0000000000        0.8869204367        0.1064304524        0.0064225276
       57.8571430000        1.0000000000        1.0000000000       36.1187327595        0.0000000000        0.8869204367        0.1064304524        0.0131117313
       57.9591840000        1.0000000000        1.0000000000       31.8929843370        0.0000000000        0.8869204367        0.1064304524        0.0217713995
       58.0612240000        1.0000000000        1.0000000000       28.7613790004        0.0000000000        0.8869204367        0.1064304524        0.0317023179
       58.1632650000        1.0000000000        1.0000000000       26.3643732258        0.0000000000        0.8869204367        0.1064304524        0.0422680082
       58.2653060000        1.0000000000        1.0000000000       24.4829854252        0.0000000000        0.8869204367        0.1064304524        0.0529737776
       58.3673470000        1.0000000000        1.0000000000       22.9783433964        0.0000000000        0.8869204367        0.1064304524        0.0634564644
       58.4693880000        1.0000000000        1.0000000000       21.7634124243        0.0000000000        0.8869204367        0.1064304524        0.0734162858
       58.5714290000        1.0000000000        1.0000000000       20.8070357321        0.0000000000        0.8869204367        0.1064304524        0.0823444444
       58.6734690000        1.0000000000        1.0000000000       20.2506290136        0.0000000000        0.8869204367        0.1064304524        0.0880301877
       58.7755100000        1.0000000000        1.0000000000       20.7794864035        0.0000000000        0.8869204367        0.1064304524        0.0826171190
       58.8775510000        1.0000000000        1.0000000000       23.4987699871        0.0000000000        0.8869204367        0.1064304524        0.0596147413
       58.9795920000        1.0000000000        1.0000000000       27.3870279477        0.0000000000        0.8869204367        0.1064304524        0.0373865841
       59.0816330000        1.0000000000        1.0000000000       28.1197087839        0.0000000000        0.8869204367        0.1064304524        0.0342398519
       59.1836730000        1.0000000000        1.0000000000       24.2639407817        0.0000000000        0.8869204367        0.1064304524        0.0543846739
       59.2857140000        1.0000000000        1.0000000000       19.8062325993        0.0000000000        0.8869204367        0.1064304524        0.0928520501
       59.3877550000        1.0000000000        1.0000000000       17.3915488902        0.0000000000        0.8869204367        0.1064304524        0.1240605077
       59.4897960000        1.0000000000        1.0000000000       16.4345071686        0.0000000000        0.8869204367        0.1064304524        0.1391586179
       59.5918370000        1.0000000000        1.0000000000       15.9725684443        0.0000000000        0.8869204367        0.1064304524        0.1470903562
       59.6938780000        1.0000000000        1.0000000000       15.6492722973        0.0000000000        0.8869204367        0.1064304524        0.1529089434
       59.7959180000        1.0000000000        1.0000000000       15.3822079881        0.0000000000        0.8869204367        0.1064304524        0.1578886946
       59.8979590000        1.0000000000        1.0000000000       15.1497999556        0.0000000000        0.8869204367        0.1064304524        0.1623540240
       60.0000000000        1.0000000000        1.0000000000       14.9429792494        0.0000000000        0.8869204367        0.1064304524        0.1664338227
