       55.0000000000        1.0000000000        1.0000000000       10.0993100545        0.0000000000        0.8869204367        0.1064304524        0.2976261213
       55.1020410000        1.0000000000        1.0000000000       10.2704191341        0.0000000000        0.8869204367        0.1064304524        0.2915772511
       55.2040820000        1.0000000000        1.0000000000       10.4799353001        0.0000000000        0.8869204367        0.1064304524        0.2843378213
       55.3061220000        1.0000000000        1.0000000000       10.7410942787        0.0000000000        0.8869204367        0.1064304524        0.2755651185
       55.4081630000        1.0000000000        1.0000000000       11.0894767363        0.0000000000        0.8869204367        0.1064304524        0.2642823583
       55.5102040000        1.0000000000        1.0000000000       11.6458086530        0.0000000000        0.8869204367        0.1064304524        0.2472149598
       55.6122450000        1.0000000000        1.0000000000       12.6450789403        0.0000000000        0.8869204367        0.1064304524        0.2192792005
       55.7142860000        1.0000000000        1.0000000000       14.0351782634        0.0000000000        0.8869204367        0.1064304524        0.1855888768
       55.8163270000        1.0000000000        1.0000000000       15.0761499307        0.0000000000        0.8869204367        0.1064304524        0.1637952688
       55.9183670000        1.0000000000        1.0000000000       15.3982884627        0.0000000000        0.8869204367        0.1064304524        0.1575843174
       56.0204080000        1.0000000000        1.0000000000       15.7872656595        0.0000000000        0.8869204367        0.1064304524        0.1503977423
       56.1224490000        1.0000000000        1.0000000000       16.9158742825        0.0000000000        0.8869204367        0.1064304524        0.1313480099
       56.2244900000        1.0000000000        1.0000000000       18.8359617989        0.0000000000        0.8869204367        0.1064304524        0.1043175761
       56.3265310000        1.0000000000        1.0000000000       21.5843002410        0.0000000000        0.8869204367        0.1064304524        0.0750113361
       56.4285710000        1.0000000000        1.0000000000       25.4657030721        0.0000000000        0.8869204367        0.1064304524        0.0470810653
       56.5306120000        1.0000000000        1.0000000000       31.1102844627        0.0000000000        0.8869204367        0.1064304524        0.0239153651
       56.6326530000        1.0000000000        1.0000000000       39.7073538343        0.0000000000        0.8869204367        0.1064304524        0.0085238901
       56.7346940000        1.0000000000        1.0000000000       53.7208520873        0.0000000000        0.8869204367        0.1064304524        0.0015860601
       56.8367350000        1.0000000000        1.0000000000       79.3329402279        0.0000000000        0.8869204367        0.1064304524        0.0000733731
       56.9387760000        1.0000000000        1.0000000000      137.0067941747        0.0000000000        0.8869204367        0.1064304524        0.0000000724
       57.0408160000        1.0000000000        1.0000000000      304.0899792244        0.0000000000        0.8869204367        0.1064304524        0.0000000000
       57.1428570000        1.0000000000        1.0000000000      799.4313124884        0.0000000000        0.8869204367        0.1064304524        0.0000000000
       57.2448980000        1.0000000000        1.0000000000     1857.7346664679        0.0000000000        0.8869204367        0.1064304524        0.0000000000
       57.3469390000        1.0000000000        1.0000000000     3052.8514208231        0.0000000000        0.8869204367        0.1064304524        0.0000000000
       57.4489800000        1.0000000000        1.0000000000     3237.8501424952        0.0000000000        0.8869204367        0.1064304524        0.0000000000
       57.5510200000        1.0000000000        1.0000000000     2214.7674043606        0.0000000000        0.8869204367        0.1064304524        0.0000000000
       57.6530610000        1.0000000000        1.0000000000     1066.0138999364        0.0000000000        0.8869204367        0.1064304524        0.0000000000
       57.7551020000        1.0000000000        1.0000000000      446.6801111315        0.0000000000        0.8869204367        0.1064304524        0.0000000000
       57.8571430000        1.0000000000        1.0000000000      217.1312445370        0.0000000000        0.8869204367        0.1064304524        0.0000000000
       57.9591840000        1.0000000000        1.0000000000      134.3611015909        0.0000000000        0.8869204367        0.1064304524        0.0000000995
       58.0612240000        1.0000000000        1.0000000000       96.7413050746        0.0000000000        0.8869204367        0.1064304524        0.0000090844
       58.1632650000        1.0000000000        1.0000000000       75.4660307327        0.0000000000        0.8869204367        0.1064304524        0.0001166977
       58.2653060000        1.0000000000        1.0000000000       61.8602132696        0.0000000000        0.8869204367        0.1064304524        0.0005972196
       58.3673470000        1.0000000000        1.0000000000       52.5099721839        0.0000000000        0.8869204367        0.1064304524        0.0018341087
       58.4693880000        1.0000000000        1.0000000000       45.7649891782        0.0000000000        0.8869204367        0.1064304524        0.0041204261
       58.5714290000        1.0000000000        1.0000000000       40.7519960983        0.0000000000        0.8869204367        0.1064304524        0.0075196211
       58.6734690000        1.0000000000        1.0000000000       37.1207628174        0.0000000000        0.8869204367        0.1064304524        0.0116262299
       58.7755100000        1.0000000000        1.0000000000       35.2540115743        0.0000000000        0.8869204367        0.1064304524        0.0145453869
       58.8775510000        1.0000000000        1.0000000000       36.0793778903        0.0000000000        0.8869204367        0.1064304524        0.0131737990
       58.9795920000        1.0000000000        1.0000000000       38.4863635285        0.0000000000        0.8869204367        0.1064304524        0.0098689321
       59.0816330000        1.0000000000        1.0000000000       38.0620329903        0.0000000000        0.8869204367        0.1064304524        0.0103844690
       59.1836730000        1.0000000000        1.0000000000       33.2399262954        0.0000000000        0.8869204367        0.1064304524        0.0185220909
       59.2857140000        1.0000000000        1.0000000000       27.9232756028        0.0000000000        0.8869204367        0.1064304524        0.0350565407
       59.3877550000        1.0000000000        1.0000000000       24.7545093681        0.0000000000        0.8869204367        0.1064304524        0.0512755564
       59.4897960000        1.0000000000        1.0000000000       23.1514364903        0.0000000000        0.8869204367        0.1064304524        0.0621519939
       59.5918370000        1.0000000000        1.0000000000       22.1359795436        0.0000000000        0.8869204367        0.1064304524        0.0702062778
       59.6938780000        1.0000000000        1.0000000000       21.3335875233        0.0000000000        0.8869204367        0.1064304524        0.0773023825
       59.7959180000        1.0000000000        1.0000000000       20.6479715678        0.0000000000        0.8869204367        0.1064304524        0.0839313070
       59.8979590000        1.0000000000        1.0000000000       20.0471662265        0.0000000000        0.8869204367        0.1064304524        0.0902059448
       60.0000000000        1.0000000000        1.0000000000       19.5140427250        0.0000000000        0.8869204367        0.1064304524        0.0961654506
