       55.0000000000        1.0000000000        1.0000000000       11.4149457200        0.0000000000        0.8869204367        0.1064304524        0.2541594415
       55.1020410000        1.0000000000        1.0000000000       11.8373449316        0.0000000000        0.8869204367        0.1064304524        0.2415976858
       55.2040820000        1.0000000000        1.0000000000       12.3338780678        0.0000000000        0.8869204367        0.1064304524        0.2276228086
       55.3061220000        1.0000000000        1.0000000000       12.9241634848        0.0000000000        0.8869204367        0.1064304524        0.2120571176
       55.4081630000        1.0000000000        1.0000000000       13.6517748390        0.0000000000        0.8869204367        0.1064304524        0.1943269983
       55.5102040000        1.0000000000        1.0000000000       14.6469406372        0.0000000000        0.8869204367        0.1064304524        0.1724525977
       55.6122450000        1.0000000000        1.0000000000       16.1526715972        0.0000000000        0.8869204367        0.1064304524        0.1439454902
       55.7142860000        1.0000000000        1.0000000000       18.1208379009        0.0000000000        0.8869204367        0.1064304524        0.1136649096
       55.8163270000        1.0000000000        1.0000000000       19.8253366107        0.0000000000        0.8869204367        0.1064304524        0.0926394323
       55.9183670000        1.0000000000        1.0000000000       20.9322030835        0.0000000000        0.8869204367        0.1064304524        0.0811168663
       56.0204080000        1.0000000000        1.0000000000       22.2608480961        0.0000000000        0.8869204367        0.1064304524        0.0691621334
       56.1224490000        1.0000000000        1.0000000000       24.5036142028        0.0000000000        0.8869204367        0.1064304524        0.0528428056
       56.2244900000        1.0000000000        1.0000000000       27.7339869798        0.0000000000        0.8869204367        0.1064304524        0.0358619499
       56.3265310000        1.0000000000        1.0000000000       32.0137283719        0.0000000000        0.8869204367        0.1064304524        0.0214582218
       56.4285710000        1.0000000000        1.0000000000       37.6556648273        0.0000000000        0.8869204367        0.1064304524        0.0109034091
       56.5306120000        1.0000000000        1.0000000000       45.2358932223        0.0000000000        0.8869204367        0.1064304524        0.0043905218
       56.6326530000        1.0000000000        1.0000000000       55.7022897755        0.0000000000        0.8869204367        0.1064304524        0.0012504213
       56.7346940000        1.0000000000        1.0000000000       70.6701133639        0.0000000000        0.8869204367        0.1064304524        0.0002074929
       56.8367350000        1.0000000000        1.0000000000       93.0858394270        0.0000000000        0.8869204367        0.1064304524        0.0000140864
       56.9387760000        1.0000000000        1.0000000000      128.9035609752        0.0000000000        0.8869204367        0.1064304524        0.0000001915
       57.0408160000        1.0000000000        1.0000000000      192.2900648230        0.0000000000        0.8869204367        0.1064304524        0.0000000001
       57.1428570000        1.0000000000        1.0000000000      324.7842095901        0.0000000000        0.8869204367        0.1064304524        0.0000000000
       57.2448980000        1.0000000000        1.0000000000      659.2227096349        0.0000000000        0.8869204367        0.1064304524        0.0000000000
       57.3469390000        1.0000000000        1.0000000000     1521.5784693899        0.0000000000        0.8869204367        0.1064304524        0.0000000000
       57.4489800000        1.0000000000        1.0000000000     3215.9421289792        0.0000000000        0.8869204367        0.1064304524        0.0000000000
       57.5510200000        1.0000000000        1.0000000000     5101.6034581856        0.0000000000        0.8869204367        0.1064304524        0.0000000000
       57.6530610000        1.0000000000        1.0000000000     5513.6377920958        0.0000000000        0.8869204367        0.1064304524        0.0000000000
       57.7551020000        1.0000000000        1.0000000000     4029.7339472780        0.0000000000        0.8869204367        0.1064304524        0.0000000000
       57.8571430000        1.0000000000        1.0000000000     2151.2964027802        0.0000000000        0.8869204367        0.1064304524        0.0000000000
       57.9591840000        1.0000000000        1.0000000000     1001.7190445732        0.0000000000        0.8869204367        0.1064304524        0.0000000000
       58.0612240000        1.0000000000        1.0000000000      510.2383974545        0.0000000000        0.8869204367        0.1064304524        0.0000000000
       58.1632650000        1.0000000000        1.0000000000      312.1857505521        0.0000000000        0.8869204367        0.1064304524        0.0000000000
       58.2653060000        1.0000000000        1.0000000000      218.5439259869        0.0000000000        0.8869204367        0.1064304524        0.0000000000
       58.3673470000        1.0000000000        1.0000000000      165.5189529948        0.0000000000        0.8869204367        0.1064304524        0.0000000024
       58.4693880000        1.0000000000        1.0000000000      131.8112571805        0.0000000000        0.8869204367        0.1064304524        0.0000001351
       58.5714290000        1.0000000000        1.0000000000      108.8191731047        0.0000000000        0.8869204367        0.1064304524        0.0000021323
       58.6734690000        1.0000000000        1.0000000000       92.5272299694        0.0000000000        0.8869204367        0.1064304524        0.0000150630
       58.7755100000        1.0000000000        1.0000000000       81.3621168202        0.0000000000        0.8869204367        0.1064304524        0.0000575156
       58.8775510000        1.0000000000        1.0000000000       75.1604621714        0.0000000000        0.8869204367        0.1064304524        0.0001210562
       58.9795920000        1.0000000000        1.0000000000       72.2145876918        0.0000000000        0.8869204367        0.1064304524        0.0001723901
       59.0816330000        1.0000000000        1.0000000000       67.6747808378        0.0000000000        0.8869204367        0.1064304524        0.0002972391
       59.1836730000        1.0000000000        1.0000000000       59.5243982397        0.0000000000        0.8869204367        0.1064304524        0.0007904345
       59.2857140000        1.0000000000        1.0000000000       51.3757065488        0.0000000000        0.8869204367        0.1064304524        0.0021015402
       59.3877550000        1.0000000000        1.0000000000       45.7944173028        0.0000000000        0.8869204367        0.1064304524        0.0041059010
       59.4897960000        1.0000000000        1.0000000000       42.1592036254        0.0000000000        0.8869204367        0.1064304524        0.0063512449
       59.5918370000        1.0000000000        1.0000000000       39.4249466672        0.0000000000        0.8869204367        0.1064304524        0.0088177054
       59.6938780000        1.0000000000        1.0000000000       37.1528894625        0.0000000000        0.8869204367        0.1064304524        0.0115814947
       59.7959180000        1.0000000000        1.0000000000       35.1980055395        0.0000000000        0.8869204367        0.1064304524        0.0146434716
       59.8979590000        1.0000000000        1.0000000000       33.4917980088        0.0000000000        0.8869204367        0.1064304524        0.0179706436
       60.0000000000        1.0000000000        1.0000000000       31.9890213251        0.0000000000        0.8869204367        0.1064304524        0.0215219366
