       55.0000000000        1.0000000000        1.0000000000       12.0962581607        0.0000000000        0.8869204367        0.1064304524        0.2342067564
       55.1020410000        1.0000000000        1.0000000000       12.7005844960        0.0000000000        0.8869204367        0.1064304524        0.2178235082
       55.2040820000        1.0000000000        1.0000000000       13.4422681357        0.0000000000        0.8869204367        0.1064304524        0.1992744664
       55.3061220000        1.0000000000        1.0000000000       14.3639899636        0.0000000000        0.8869204367        0.1064304524        0.1784086104
       55.4081630000        1.0000000000        1.0000000000       15.5422627089        0.0000000000        0.8869204367        0.1064304524        0.1548851313
       55.5102040000        1.0000000000        1.0000000000       17.1549843779        0.0000000000        0.8869204367        0.1064304524        0.1276327697
       55.6122450000        1.0000000000        1.0000000000       19.5150009241        0.0000000000        0.8869204367        0.1064304524        0.0961543938
       55.7142860000        1.0000000000        1.0000000000       22.6786746714        0.0000000000        0.8869204367        0.1064304524        0.0657798999
       55.8163270000        1.0000000000        1.0000000000       26.0858859150        0.0000000000        0.8869204367        0.1064304524        0.0437044081
       55.9183670000        1.0000000000        1.0000000000       29.6722704279        0.0000000000        0.8869204367        0.1064304524        0.0284197074
       56.0204080000        1.0000000000        1.0000000000       34.7077091930        0.0000000000        0.8869204367        0.1064304524        0.0155308781
       56.1224490000        1.0000000000        1.0000000000       42.6834675430        0.0000000000        0.8869204367        0.1064304524        0.0059639867
       56.2244900000        1.0000000000        1.0000000000       55.1756812282        0.0000000000        0.8869204367        0.1064304524        0.0013319893
       56.3265310000        1.0000000000        1.0000000000       75.4040880383        0.0000000000        0.8869204367        0.1064304524        0.0001175684
       56.4285710000        1.0000000000        1.0000000000      111.5404620236        0.0000000000        0.8869204367        0.1064304524        0.0000015383
       56.5306120000        1.0000000000        1.0000000000      189.0735881272        0.0000000000        0.8869204367        0.1064304524        0.0000000001
       56.6326530000        1.0000000000        1.0000000000      398.9421677664        0.0000000000        0.8869204367        0.1064304524        0.0000000000
       56.7346940000        1.0000000000        1.0000000000      996.8065649708        0.0000000000        0.8869204367        0.1064304524        0.0000000000
       56.8367350000        1.0000000000        1.0000000000     2283.3250625821        0.0000000000        0.8869204367        0.1064304524        0.0000000000
       56.9387760000        1.0000000000        1.0000000000     3821.4593247141        0.0000000000        0.8869204367        0.1064304524        0.0000000000
       57.0408160000        1.0000000000        1.0000000000     4212.2795183092        0.0000000000        0.8869204367        0.1064304524        0.0000000000
       57.1428570000        1.0000000000        1.0000000000     3030.4974995387        0.0000000000        0.8869204367        0.1064304524        0.0000000000
       57.2448980000        1.0000000000        1.0000000000     1538.3740770624        0.0000000000        0.8869204367        0.1064304524        0.0000000000
       57.3469390000        1.0000000000        1.0000000000      668.6090376603        0.0000000000        0.8869204367        0.1064304524        0.0000000000
       57.4489800000        1.0000000000        1.0000000000      325.1800038793        0.0000000000        0.8869204367        0.1064304524        0.0000000000
       57.5510200000        1.0000000000        1.0000000000      197.2467801920        0.0000000000        0.8869204367        0.1064304524        0.0000000001
       57.6530610000        1.0000000000        1.0000000000      139.1350830477        0.0000000000        0.8869204367        0.1064304524        0.0000000561
       57.7551020000        1.0000000000        1.0000000000      106.5855018342        0.0000000000        0.8869204367        0.1064304524        0.0000027878
       57.8571430000        1.0000000000        1.0000000000       85.9343493976        0.0000000000        0.8869204367        0.1064304524        0.0000332279
       57.9591840000        1.0000000000        1.0000000000       71.8246313980        0.0000000000        0.8869204367        0.1064304524        0.0001806488
       58.0612240000        1.0000000000        1.0000000000       61.6792440083        0.0000000000        0.8869204367        0.1064304524        0.0006103309
       58.1632650000        1.0000000000        1.0000000000       54.0988466816        0.0000000000        0.8869204367        0.1064304524        0.0015157247
       58.2653060000        1.0000000000        1.0000000000       48.2625740706        0.0000000000        0.8869204367        0.1064304524        0.0030533715
       58.3673470000        1.0000000000        1.0000000000       43.6610850208        0.0000000000        0.8869204367        0.1064304524        0.0053038081
       58.4693880000        1.0000000000        1.0000000000       39.9678511685        0.0000000000        0.8869204367        0.1064304524        0.0082615576
       58.5714290000        1.0000000000        1.0000000000       36.9899290892        0.0000000000        0.8869204367        0.1064304524        0.0118102026
       58.6734690000        1.0000000000        1.0000000000       34.7543302304        0.0000000000        0.8869204367        0.1064304524        0.0154442328
       58.7755100000        1.0000000000        1.0000000000       33.8653696697        0.0000000000        0.8869204367        0.1064304524        0.0171828350
       58.8775510000        1.0000000000        1.0000000000       35.3889455056        0.0000000000        0.8869204367        0.1064304524        0.0143117635
       58.9795920000        1.0000000000        1.0000000000       38.3062658965        0.0000000000        0.8869204367        0.1064304524        0.0100845381
       59.0816330000        1.0000000000        1.0000000000       38.2620395496        0.0000000000        0.8869204367        0.1064304524        0.0101382007
       59.1836730000        1.0000000000        1.0000000000       33.7195781330        0.0000000000        0.8869204367        0.1064304524        0.0174860934
       59.2857140000        1.0000000000        1.0000000000       28.6040001361        0.0000000000        0.8869204367        0.1064304524        0.0323067201
       59.3877550000        1.0000000000        1.0000000000       25.5803541903        0.0000000000        0.8869204367        0.1064304524        0.0464377533
       59.4897960000        1.0000000000        1.0000000000       24.0833176017        0.0000000000        0.8869204367        0.1064304524        0.0555763175
       59.5918370000        1.0000000000        1.0000000000       23.1450239547        0.0000000000        0.8869204367        0.1064304524        0.0621998386
       59.6938780000        1.0000000000        1.0000000000       22.3977130471        0.0000000000        0.8869204367        0.1064304524        0.0680355058
       59.7959180000        1.0000000000        1.0000000000       21.7501789213        0.0000000000        0.8869204367        0.1064304524        0.0735329650
       59.8979590000        1.0000000000        1.0000000000       21.1743463286        0.0000000000        0.8869204367        0.1064304524        0.0787937532
       60.0000000000        1.0000000000        1.0000000000       20.6560643066        0.0000000000        0.8869204367        0.1064304524        0.0838498385
