       55.0000000000        1.0000000000        1.0000000000       17.8873619423        0.0000000000        0.8869204367        0.1064304524        0.1168945032
       55.1020410000        1.0000000000        1.0000000000       20.0119148321        0.0000000000        0.8869204367        0.1064304524        0.0905883393
       55.2040820000        1.0000000000        1.0000000000       22.7938750777        0.0000000000        0.8869204367        0.1064304524        0.0648768119
       55.3061220000        1.0000000000        1.0000000000       26.5162921744        0.0000000000        0.8869204367        0.1064304524        0.0415044321
       55.4081630000        1.0000000000        1.0000000000       31.6457455220        0.0000000000        0.8869204367        0.1064304524        0.0224270051
       55.5102040000        1.0000000000        1.0000000000       39.0207696368        0.0000000000        0.8869204367        0.1064304524        0.0092559161
       55.6122450000        1.0000000000        1.0000000000       50.1344820698        0.0000000000        0.8869204367        0.1064304524        0.0024390715
       55.7142860000        1.0000000000        1.0000000000       67.3274296933        0.0000000000        0.8869204367        0.1064304524        0.0003098905
       55.8163270000        1.0000000000        1.0000000000       95.1615748657        0.0000000000        0.8869204367        0.1064304524        0.0000109805
       55.9183670000        1.0000000000        1.0000000000      147.7971942683        0.0000000000        0.8869204367        0.1064304524        0.0000000198
       56.0204080000        1.0000000000        1.0000000000      276.6256259170        0.0000000000        0.8869204367        0.1064304524        0.0000000000
       56.1224490000        1.0000000000        1.0000000000      653.3302489098        0.0000000000        0.8869204367        0.1064304524        0.0000000000
       56.2244900000        1.0000000000        1.0000000000     1619.9332047768        0.0000000000        0.8869204367        0.1064304524        0.0000000000
       56.3265310000        1.0000000000        1.0000000000     3202.6159788359        0.0000000000        0.8869204367        0.1064304524        0.0000000000
       56.4285710000        1.0000000000        1.0000000000     4304.7822666486        0.0000000000        0.8869204367        0.1064304524        0.0000000000
       56.5306120000        1.0000000000        1.0000000000     3744.0349690456        0.0000000000        0.8869204367        0.1064304524        0.0000000000
       56.6326530000        1.0000000000        1.0000000000     2184.5180487444        0.0000000000        0.8869204367        0.1064304524        0.0000000000
       56.7346940000        1.0000000000        1.0000000000      985.1119823786        0.0000000000        0.8869204367        0.1064304524        0.0000000000
       56.8367350000        1.0000000000        1.0000000000      443.0827362323        0.0000000000        0.8869204367        0.1064304524        0.0000000000
       56.9387760000        1.0000000000        1.0000000000      244.1201419940        0.0000000000        0.8869204367        0.1064304524        0.0000000000
       57.0408160000        1.0000000000        1.0000000000      162.5236743008        0.0000000000        0.8869204367        0.1064304524        0.0000000034
       57.1428570000        1.0000000000        1.0000000000      120.4903617974        0.0000000000        0.8869204367        0.1064304524        0.0000005255
       57.2448980000        1.0000000000        1.0000000000       95.0843993012        0.0000000000        0.8869204367        0.1064304524        0.0000110827
       57.3469390000        1.0000000000        1.0000000000       78.2372384019        0.0000000000        0.8869204367        0.1064304524        0.0000836835
       57.4489800000        1.0000000000        1.0000000000       66.3760110921        0.0000000000        0.8869204367        0.1064304524        0.0003473696
       57.5510200000        1.0000000000        1.0000000000       57.6543268484        0.0000000000        0.8869204367        0.1064304524        0.0009892938
       57.6530610000        1.0000000000        1.0000000000       51.0221112579        0.0000000000        0.8869204367        0.1064304524        0.0021926304
       57.7551020000        1.0000000000        1.0000000000       45.8415234528        0.0000000000        0.8869204367        0.1064304524        0.0040827569
       57.8571430000        1.0000000000        1.0000000000       41.7047064255        0.0000000000        0.8869204367        0.1064304524        0.0067072599
       57.9591840000        1.0000000000        1.0000000000       38.3400574900        0.0000000000        0.8869204367        0.1064304524        0.0100437282
       58.0612240000        1.0000000000        1.0000000000       35.5606339223        0.0000000000        0.8869204367        0.1064304524        0.0140199205
       58.1632650000        1.0000000000        1.0000000000       33.2341973339        0.0000000000        0.8869204367        0.1064304524        0.0185348288
       58.2653060000        1.0000000000        1.0000000000       31.2655198388        0.0000000000        0.8869204367        0.1064304524        0.0234739876
       58.3673470000        1.0000000000        1.0000000000       29.5857028592        0.0000000000        0.8869204367        0.1064304524        0.0287164732
       58.4693880000        1.0000000000        1.0000000000       28.1481645023        0.0000000000        0.8869204367        0.1064304524        0.0341231329
       58.5714290000        1.0000000000        1.0000000000       26.9450087492        0.0000000000        0.8869204367        0.1064304524        0.0394231903
       58.6734690000        1.0000000000        1.0000000000       26.1300633423        0.0000000000        0.8869204367        0.1064304524        0.0434733314
       58.7755100000        1.0000000000        1.0000000000       26.3961045428        0.0000000000        0.8869204367        0.1064304524        0.0421073679
       58.8775510000        1.0000000000        1.0000000000       28.8644481974        0.0000000000        0.8869204367        0.1064304524        0.0313126289
       58.9795920000        1.0000000000        1.0000000000       32.5438302193        0.0000000000        0.8869204367        0.1064304524        0.0201357260
       59.0816330000        1.0000000000        1.0000000000       33.1120925070        0.0000000000        0.8869204367        0.1064304524        0.0188084113
       59.1836730000        1.0000000000        1.0000000000       29.0892813087        0.0000000000        0.8869204367        0.1064304524        0.0304791097
       59.2857140000        1.0000000000        1.0000000000       24.4368667168        0.0000000000        0.8869204367        0.1064304524        0.0532677602
       59.3877550000        1.0000000000        1.0000000000       21.8211273614        0.0000000000        0.8869204367        0.1064304524        0.0729095765
       59.4897960000        1.0000000000        1.0000000000       20.6757140408        0.0000000000        0.8869204367        0.1064304524        0.0836523562
       59.5918370000        1.0000000000        1.0000000000       20.0402739977        0.0000000000        0.8869204367        0.1064304524        0.0902805821
       59.6938780000        1.0000000000        1.0000000000       19.5558055872        0.0000000000        0.8869204367        0.1064304524        0.0956847189
       59.7959180000        1.0000000000        1.0000000000       19.1380003840        0.0000000000        0.8869204367        0.1064304524        0.1006043234
       59.8979590000        1.0000000000        1.0000000000       18.7640938381        0.0000000000        0.8869204367        0.1064304524        0.1052211177
       60.0000000000        1.0000000000        1.0000000000       18.4241516696        0.0000000000        0.8869204367        0.1064304524        0.1096021596
