       55.0000000000        1.0000000000        1.0000000000       11.7236630449        0.0000000000        0.8869204367        0.1064304524        0.2449161026
       55.1020410000        1.0000000000        1.0000000000       12.2839492748        0.0000000000        0.8869204367        0.1064304524        0.2289906942
       55.2040820000        1.0000000000        1.0000000000       12.9614515553        0.0000000000        0.8869204367        0.1064304524        0.2111103732
       55.3061220000        1.0000000000        1.0000000000       13.7901482665        0.0000000000        0.8869204367        0.1064304524        0.1911268774
       55.4081630000        1.0000000000        1.0000000000       14.8336195566        0.0000000000        0.8869204367        0.1064304524        0.1686323552
       55.5102040000        1.0000000000        1.0000000000       16.2502201579        0.0000000000        0.8869204367        0.1064304524        0.1422703129
       55.6122450000        1.0000000000        1.0000000000       18.3226154616        0.0000000000        0.8869204367        0.1064304524        0.1109457589
       55.7142860000        1.0000000000        1.0000000000       21.0595220829        0.0000000000        0.8869204367        0.1064304524        0.0798869595
       55.8163270000        1.0000000000        1.0000000000       23.8224360898        0.0000000000        0.8869204367        0.1064304524        0.0573436978
       55.9183670000        1.0000000000        1.0000000000       26.4145489287        0.0000000000        0.8869204367        0.1064304524        0.0420142736
       56.0204080000        1.0000000000        1.0000000000       29.8699271486        0.0000000000        0.8869204367        0.1064304524        0.0277535572
       56.1224490000        1.0000000000        1.0000000000       35.2321063307        0.0000000000        0.8869204367        0.1064304524        0.0145836716
       56.2244900000        1.0000000000        1.0000000000       43.1742412303        0.0000000000        0.8869204367        0.1064304524        0.0056228932
       56.3265310000        1.0000000000        1.0000000000       54.8527442077        0.0000000000        0.8869204367        0.1064304524        0.0013846203
       56.4285710000        1.0000000000        1.0000000000       72.7286359997        0.0000000000        0.8869204367        0.1064304524        0.0001620774
       56.5306120000        1.0000000000        1.0000000000      102.1184232945        0.0000000000        0.8869204367        0.1064304524        0.0000047650
       56.6326530000        1.0000000000        1.0000000000      156.6910746814        0.0000000000        0.8869204367        0.1064304524        0.0000000068
       56.7346940000        1.0000000000        1.0000000000      280.8017997679        0.0000000000        0.8869204367        0.1064304524        0.0000000000
       56.8367350000        1.0000000000        1.0000000000      623.2204918421        0.0000000000        0.8869204367        0.1064304524        0.0000000000
       56.9387760000        1.0000000000        1.0000000000     1521.2879474618        0.0000000000        0.8869204367        0.1064304524        0.0000000000
       57.0408160000        1.0000000000        1.0000000000     3150.1749234166        0.0000000000        0.8869204367        0.1064304524        0.0000000000
       57.1428570000        1.0000000000        1.0000000000     4612.7627044754        0.0000000000        0.8869204367        0.1064304524        0.0000000000
       57.2448980000        1.0000000000        1.0000000000     4450.4104868340        0.0000000000        0.8869204367        0.1064304524        0.0000000000
       57.3469390000        1.0000000000        1.0000000000     2873.3454991747        0.0000000000        0.8869204367        0.1064304524        0.0000000000
       57.4489800000        1.0000000000        1.0000000000     1384.3859087798        0.0000000000        0.8869204367        0.1064304524        0.0000000000
       57.5510200000        1.0000000000        1.0000000000      620.7571931322        0.0000000000        0.8869204367        0.1064304524        0.0000000000
       57.6530610000        1.0000000000        1.0000000000      326.0936624318        0.0000000000        0.8869204367        0.1064304524        0.0000000000
       57.7551020000        1.0000000000        1.0000000000      208.5742500377        0.0000000000        0.8869204367        0.1064304524        0.0000000000
       57.8571430000        1.0000000000        1.0000000000      150.7503584547        0.0000000000        0.8869204367        0.1064304524        0.0000000139
       57.9591840000        1.0000000000        1.0000000000      116.8312054688        0.0000000000        0.8869204367        0.1064304524        0.0000008153
       58.0612240000        1.0000000000        1.0000000000       94.7546908173        0.0000000000        0.8869204367        0.1064304524        0.0000115299
       58.1632650000        1.0000000000        1.0000000000       79.4156344110        0.0000000000        0.8869204367        0.1064304524        0.0000726486
       58.2653060000        1.0000000000        1.0000000000       68.2514486855        0.0000000000        0.8869204367        0.1064304524        0.0002773657
       58.3673470000        1.0000000000        1.0000000000       59.8344789645        0.0000000000        0.8869204367        0.1064304524        0.0007615631
       58.4693880000        1.0000000000        1.0000000000       53.3151954796        0.0000000000        0.8869204367        0.1064304524        0.0016651777
       58.5714290000        1.0000000000        1.0000000000       48.1844889627        0.0000000000        0.8869204367        0.1064304524        0.0030821167
       58.6734690000        1.0000000000        1.0000000000       44.2683074832        0.0000000000        0.8869204367        0.1064304524        0.0049310817
       58.7755100000        1.0000000000        1.0000000000       42.0388791321        0.0000000000        0.8869204367        0.1064304524        0.0064436154
       58.8775510000        1.0000000000        1.0000000000       42.4815185409        0.0000000000        0.8869204367        0.1064304524        0.0061102828
       58.9795920000        1.0000000000        1.0000000000       44.5367218045        0.0000000000        0.8869204367        0.1064304524        0.0047747836
       59.0816330000        1.0000000000        1.0000000000       43.8060334816        0.0000000000        0.8869204367        0.1064304524        0.0052123524
       59.1836730000        1.0000000000        1.0000000000       38.6839554466        0.0000000000        0.8869204367        0.1064304524        0.0096376820
       59.2857140000        1.0000000000        1.0000000000       33.0515380920        0.0000000000        0.8869204367        0.1064304524        0.0189455809
       59.3877550000        1.0000000000        1.0000000000       29.5717474126        0.0000000000        0.8869204367        0.1064304524        0.0287646036
       59.4897960000        1.0000000000        1.0000000000       27.6804656360        0.0000000000        0.8869204367        0.1064304524        0.0360930167
       59.5918370000        1.0000000000        1.0000000000       26.4012616262        0.0000000000        0.8869204367        0.1064304524        0.0420813178
       59.6938780000        1.0000000000        1.0000000000       25.3564133476        0.0000000000        0.8869204367        0.1064304524        0.0477025892
       59.7959180000        1.0000000000        1.0000000000       24.4469611223        0.0000000000        0.8869204367        0.1064304524        0.0532032745
       59.8979590000        1.0000000000        1.0000000000       23.6389443855        0.0000000000        0.8869204367        0.1064304524        0.0586203527
       60.0000000000        1.0000000000        1.0000000000       22.9136021888        0.0000000000        0.8869204367        0.1064304524        0.0639513742
