       55.0000000000        1.0000000000        1.0000000000        9.3487599135        0.0000000000        0.8869204367        0.1064304524        0.3256763476
       55.1020410000        1.0000000000        1.0000000000        9.3993292096        0.0000000000        0.8869204367        0.1064304524        0.3237060250
       55.2040820000        1.0000000000        1.0000000000        9.4642286627        0.0000000000        0.8869204367        0.1064304524        0.3211948150
       55.3061220000        1.0000000000        1.0000000000        9.5506171517        0.0000000000        0.8869204367        0.1064304524        0.3178823103
       55.4081630000        1.0000000000        1.0000000000        9.6859849035        0.0000000000        0.8869204367        0.1064304524        0.3127603025
       55.5102040000        1.0000000000        1.0000000000        9.9804539775        0.0000000000        0.8869204367        0.1064304524        0.3019014989
       55.6122450000        1.0000000000        1.0000000000       10.6565668560        0.0000000000        0.8869204367        0.1064304524        0.2783744796
       55.7142860000        1.0000000000        1.0000000000       11.6480420813        0.0000000000        0.8869204367        0.1064304524        0.2471487122
       55.8163270000        1.0000000000        1.0000000000       12.1899099406        0.0000000000        0.8869204367        0.1064304524        0.2315894255
       55.9183670000        1.0000000000        1.0000000000       11.8672868299        0.0000000000        0.8869204367        0.1064304524        0.2407311762
       56.0204080000        1.0000000000        1.0000000000       11.4066546128        0.0000000000        0.8869204367        0.1064304524        0.2544124389
       56.1224490000        1.0000000000        1.0000000000       11.4037980577        0.0000000000        0.8869204367        0.1064304524        0.2544996631
       56.2244900000        1.0000000000        1.0000000000       11.7914507530        0.0000000000        0.8869204367        0.1064304524        0.2429319076
       56.3265310000        1.0000000000        1.0000000000       12.4109411548        0.0000000000        0.8869204367        0.1064304524        0.2255275536
       56.4285710000        1.0000000000        1.0000000000       13.2406406284        0.0000000000        0.8869204367        0.1064304524        0.2041547743
       56.5306120000        1.0000000000        1.0000000000       14.3366262129        0.0000000000        0.8869204367        0.1064304524        0.1789954047
       56.6326530000        1.0000000000        1.0000000000       15.8016383504        0.0000000000        0.8869204367        0.1064304524        0.1501385714
       56.7346940000        1.0000000000        1.0000000000       17.7985733693        0.0000000000        0.8869204367        0.1064304524        0.1181466294
       56.8367350000        1.0000000000        1.0000000000       20.5915627754        0.0000000000        0.8869204367        0.1064304524        0.0845013699
       56.9387760000        1.0000000000        1.0000000000       24.6303795464        0.0000000000        0.8869204367        0.1064304524        0.0520450523
       57.0408160000        1.0000000000        1.0000000000       30.7338006768        0.0000000000        0.8869204367        0.1064304524        0.0250205928
       57.1428570000        1.0000000000        1.0000000000       40.5429029102        0.0000000000        0.8869204367        0.1064304524        0.0077106842
       57.2448980000        1.0000000000        1.0000000000       57.9597046562        0.0000000000        0.8869204367        0.1064304524        0.0009536970
       57.3469390000        1.0000000000        1.0000000000       95.4863049761        0.0000000000        0.8869204367        0.1064304524        0.0000105609
       57.4489800000        1.0000000000        1.0000000000      202.7679568724        0.0000000000        0.8869204367        0.1064304524        0.0000000000
       57.5510200000        1.0000000000        1.0000000000      541.0296544503        0.0000000000        0.8869204367        0.1064304524        0.0000000000
       57.6530610000        1.0000000000        1.0000000000     1355.7197845963        0.0000000000        0.8869204367        0.1064304524        0.0000000000
       57.7551020000        1.0000000000        1.0000000000     2455.2168035700        0.0000000000        0.8869204367        0.1064304524        0.0000000000
       57.8571430000        1.0000000000        1.0000000000     2878.5895668132        0.0000000000        0.8869204367        0.1064304524        0.0000000000
       57.9591840000        1.0000000000        1.0000000000     2147.2762805132        0.0000000000        0.8869204367        0.1064304524        0.0000000000
       58.0612240000        1.0000000000        1.0000000000     1086.8850015193        0.0000000000        0.8869204367        0.1064304524        0.0000000000
       58.1632650000        1.0000000000        1.0000000000      448.2296029840        0.0000000000        0.8869204367        0.1064304524        0.0000000000
       58.2653060000        1.0000000000        1.0000000000      203.9382014843        0.0000000000        0.8869204367        0.1064304524        0.0000000000
       58.3673470000        1.0000000000        1.0000000000      120.3265837042        0.0000000000        0.8869204367        0.1064304524        0.0000005360
       58.4693880000        1.0000000000        1.0000000000       85.0592258512        0.0000000000        0.8869204367        0.1064304524        0.0000369071
       58.5714290000        1.0000000000        1.0000000000       65.9777583266        0.0000000000        0.8869204367        0.1064304524        0.0003643735
       58.6734690000        1.0000000000        1.0000000000       54.2698938332        0.0000000000        0.8869204367        0.1064304524        0.0014849306
       58.7755100000        1.0000000000        1.0000000000       47.3564444265        0.0000000000        0.8869204367        0.1064304524        0.0034041046
       58.8775510000        1.0000000000        1.0000000000       44.8488704971        0.0000000000        0.8869204367        0.1064304524        0.0045992388
       58.9795920000        1.0000000000        1.0000000000       44.9746733517        0.0000000000        0.8869204367        0.1064304524        0.0045303286
       59.0816330000        1.0000000000        1.0000000000       42.9440880312        0.0000000000        0.8869204367        0.1064304524        0.0057803528
       59.1836730000        1.0000000000        1.0000000000       36.9473306071        0.0000000000        0.8869204367        0.1064304524        0.0118707288
       59.2857140000        1.0000000000        1.0000000000       30.7385467444        0.0000000000        0.8869204367        0.1064304524        0.0250063469
       59.3877550000        1.0000000000        1.0000000000       26.8812258358        0.0000000000        0.8869204367        0.1064304524        0.0397260911
       59.4897960000        1.0000000000        1.0000000000       24.7435292588        0.0000000000        0.8869204367        0.1064304524        0.0513431623
       59.5918370000        1.0000000000        1.0000000000       23.3083924746        0.0000000000        0.8869204367        0.1064304524        0.0609923339
       59.6938780000        1.0000000000        1.0000000000       22.1721126307        0.0000000000        0.8869204367        0.1064304524        0.0699025244
       59.7959180000        1.0000000000        1.0000000000       21.2175772099        0.0000000000        0.8869204367        0.1064304524        0.0783860528
       59.8979590000        1.0000000000        1.0000000000       20.3978217367        0.0000000000        0.8869204367        0.1064304524        0.0864889509
       60.0000000000        1.0000000000        1.0000000000       19.6846996506        0.0000000000        0.8869204367        0.1064304524        0.0942161227
