       55.0000000000        1.0000000000        1.0000000000       10.2380199248        0.0000000000        0.8869204367        0.1064304524        0.2927130823
       55.1020410000        1.0000000000        1.0000000000       10.4240183249        0.0000000000        0.8869204367        0.1064304524        0.2862521541
       55.2040820000        1.0000000000        1.0000000000       10.6564080352        0.0000000000        0.8869204367        0.1064304524        0.2783797851
       55.3061220000        1.0000000000        1.0000000000       10.9517843700        0.0000000000        0.8869204367        0.1064304524        0.2686853936
       55.4081630000        1.0000000000        1.0000000000       11.3505983856        0.0000000000        0.8869204367        0.1064304524        0.2561295760
       55.5102040000        1.0000000000        1.0000000000       11.9807483843        0.0000000000        0.8869204367        0.1064304524        0.2374757405
       55.6122450000        1.0000000000        1.0000000000       13.0880808253        0.0000000000        0.8869204367        0.1064304524        0.2079266930
       55.7142860000        1.0000000000        1.0000000000       14.6371593635        0.0000000000        0.8869204367        0.1064304524        0.1726551332
       55.8163270000        1.0000000000        1.0000000000       15.9137896010        0.0000000000        0.8869204367        0.1064304524        0.1481315199
       55.9183670000        1.0000000000        1.0000000000       16.5887110784        0.0000000000        0.8869204367        0.1064304524        0.1366072403
       56.0204080000        1.0000000000        1.0000000000       17.5155068629        0.0000000000        0.8869204367        0.1064304524        0.1222287703
       56.1224490000        1.0000000000        1.0000000000       19.4864382236        0.0000000000        0.8869204367        0.1064304524        0.0964845307
       56.2244900000        1.0000000000        1.0000000000       22.7688598688        0.0000000000        0.8869204367        0.1064304524        0.0650718533
       56.3265310000        1.0000000000        1.0000000000       27.8180103310        0.0000000000        0.8869204367        0.1064304524        0.0355021777
       56.4285710000        1.0000000000        1.0000000000       35.8268542717        0.0000000000        0.8869204367        0.1064304524        0.0135791125
       56.5306120000        1.0000000000        1.0000000000       49.6259516864        0.0000000000        0.8869204367        0.1064304524        0.0025925477
       56.6326530000        1.0000000000        1.0000000000       77.6056046330        0.0000000000        0.8869204367        0.1064304524        0.0000902730
       56.7346940000        1.0000000000        1.0000000000      152.5894381743        0.0000000000        0.8869204367        0.1064304524        0.0000000112
       56.8367350000        1.0000000000        1.0000000000      394.7738789257        0.0000000000        0.8869204367        0.1064304524        0.0000000000
       56.9387760000        1.0000000000        1.0000000000     1051.6760355308        0.0000000000        0.8869204367        0.1064304524        0.0000000000
       57.0408160000        1.0000000000        1.0000000000     2126.2851742055        0.0000000000        0.8869204367        0.1064304524        0.0000000000
       57.1428570000        1.0000000000        1.0000000000     2812.5572917003        0.0000000000        0.8869204367        0.1064304524        0.0000000000
       57.2448980000        1.0000000000        1.0000000000     2340.6098214071        0.0000000000        0.8869204367        0.1064304524        0.0000000000
       57.3469390000        1.0000000000        1.0000000000     1278.7061923556        0.0000000000        0.8869204367        0.1064304524        0.0000000000
       57.4489800000        1.0000000000        1.0000000000      533.2501520003        0.0000000000        0.8869204367        0.1064304524        0.0000000000
       57.5510200000        1.0000000000        1.0000000000      228.7672415994        0.0000000000        0.8869204367        0.1064304524        0.0000000000
       57.6530610000        1.0000000000        1.0000000000      127.1851175056        0.0000000000        0.8869204367        0.1064304524        0.0000002353
       57.7551020000        1.0000000000        1.0000000000       87.3838117753        0.0000000000        0.8869204367        0.1064304524        0.0000279231
       57.8571430000        1.0000000000        1.0000000000       66.8355453635        0.0000000000        0.8869204367        0.1064304524        0.0003287328
       57.9591840000        1.0000000000        1.0000000000       54.2788179585        0.0000000000        0.8869204367        0.1064304524        0.0014833412
       58.0612240000        1.0000000000        1.0000000000       45.8854526853        0.0000000000        0.8869204367        0.1064304524        0.0040612912
       58.1632650000        1.0000000000        1.0000000000       39.9398887651        0.0000000000        0.8869204367        0.1064304524        0.0082893257
       58.2653060000        1.0000000000        1.0000000000       35.5466436040        0.0000000000        0.8869204367        0.1064304524        0.0140434774
       58.3673470000        1.0000000000        1.0000000000       32.1954510559        0.0000000000        0.8869204367        0.1064304524        0.0209953535
       58.4693880000        1.0000000000        1.0000000000       29.5808130250        0.0000000000        0.8869204367        0.1064304524        0.0287333284
       58.5714290000        1.0000000000        1.0000000000       27.5356582506        0.0000000000        0.8869204367        0.1064304524        0.0367256819
       58.6734690000        1.0000000000        1.0000000000       26.1124898184        0.0000000000        0.8869204367        0.1064304524        0.0435651056
       58.7755100000        1.0000000000        1.0000000000       25.9370728059        0.0000000000        0.8869204367        0.1064304524        0.0444918730
       58.8775510000        1.0000000000        1.0000000000       28.0808716306        0.0000000000        0.8869204367        0.1064304524        0.0343997977
       58.9795920000        1.0000000000        1.0000000000       31.5107435383        0.0000000000        0.8869204367        0.1064304524        0.0227932868
       59.0816330000        1.0000000000        1.0000000000       31.8815426550        0.0000000000        0.8869204367        0.1064304524        0.0218013122
       59.1836730000        1.0000000000        1.0000000000       27.7149392825        0.0000000000        0.8869204367        0.1064304524        0.0359440141
       59.2857140000        1.0000000000        1.0000000000       22.9700539263        0.0000000000        0.8869204367        0.1064304524        0.0635196183
       59.3877550000        1.0000000000        1.0000000000       20.2964329773        0.0000000000        0.8869204367        0.1064304524        0.0875476592
       59.4897960000        1.0000000000        1.0000000000       19.1139666051        0.0000000000        0.8869204367        0.1064304524        0.1008948905
       59.5918370000        1.0000000000        1.0000000000       18.4563426377        0.0000000000        0.8869204367        0.1064304524        0.1091795923
       59.6938780000        1.0000000000        1.0000000000       17.9615204231        0.0000000000        0.8869204367        0.1064304524        0.1158588718
       59.7959180000        1.0000000000        1.0000000000       17.5427807295        0.0000000000        0.8869204367        0.1064304524        0.1218293861
       59.8979590000        1.0000000000        1.0000000000       17.1753411005        0.0000000000        0.8869204367        0.1064304524        0.1273213680
       60.0000000000        1.0000000000        1.0000000000       16.8476344257        0.0000000000        0.8869204367        0.1064304524        0.1324280061
