       55.0000000000        1.0000000000        1.0000000000       10.4171107129        0.0000000000        0.8869204367        0.1064304524        0.2864895307
       55.1020410000        1.0000000000        1.0000000000       10.5461331556        0.0000000000        0.8869204367        0.1064304524        0.2820880624
       55.2040820000        1.0000000000        1.0000000000       10.7158776019        0.0000000000        0.8869204367        0.1064304524        0.2764002418
       55.3061220000        1.0000000000        1.0000000000       10.9440698987        0.0000000000        0.8869204367        0.1064304524        0.2689342406
       55.4081630000        1.0000000000        1.0000000000       11.2738210689        0.0000000000        0.8869204367        0.1064304524        0.2585002732
       55.5102040000        1.0000000000        1.0000000000       11.8388395804        0.0000000000        0.8869204367        0.1064304524        0.2415543572
       55.6122450000        1.0000000000        1.0000000000       12.8982943762        0.0000000000        0.8869204367        0.1064304524        0.2127164278
       55.7142860000        1.0000000000        1.0000000000       14.4444551687        0.0000000000        0.8869204367        0.1064304524        0.1766942184
       55.8163270000        1.0000000000        1.0000000000       15.8106633634        0.0000000000        0.8869204367        0.1064304524        0.1499760591
       55.9183670000        1.0000000000        1.0000000000       16.7542245963        0.0000000000        0.8869204367        0.1064304524        0.1339207661
       56.0204080000        1.0000000000        1.0000000000       18.3273751499        0.0000000000        0.8869204367        0.1064304524        0.1108824090
       56.1224490000        1.0000000000        1.0000000000       21.8115962990        0.0000000000        0.8869204367        0.1064304524        0.0729930129
       56.2244900000        1.0000000000        1.0000000000       28.8729551872        0.0000000000        0.8869204367        0.1064304524        0.0312806801
       56.3265310000        1.0000000000        1.0000000000       45.7522580841        0.0000000000        0.8869204367        0.1064304524        0.0041267258
       56.4285710000        1.0000000000        1.0000000000      101.8089127042        0.0000000000        0.8869204367        0.1064304524        0.0000049453
       56.5306120000        1.0000000000        1.0000000000      297.5037012077        0.0000000000        0.8869204367        0.1064304524        0.0000000000
       56.6326530000        1.0000000000        1.0000000000      771.8855585692        0.0000000000        0.8869204367        0.1064304524        0.0000000000
       56.7346940000        1.0000000000        1.0000000000     1355.1014140290        0.0000000000        0.8869204367        0.1064304524        0.0000000000
       56.8367350000        1.0000000000        1.0000000000     1470.0246669739        0.0000000000        0.8869204367        0.1064304524        0.0000000000
       56.9387760000        1.0000000000        1.0000000000      983.0946173917        0.0000000000        0.8869204367        0.1064304524        0.0000000000
       57.0408160000        1.0000000000        1.0000000000      442.1689877144        0.0000000000        0.8869204367        0.1064304524        0.0000000000
       57.1428570000        1.0000000000        1.0000000000      170.0306514025        0.0000000000        0.8869204367        0.1064304524        0.0000000014
       57.2448980000        1.0000000000        1.0000000000       80.4450776685        0.0000000000        0.8869204367        0.1064304524        0.0000642063
       57.3469390000        1.0000000000        1.0000000000       51.8305164724        0.0000000000        0.8869204367        0.1064304524        0.0019899177
       57.4489800000        1.0000000000        1.0000000000       39.4952191227        0.0000000000        0.8869204367        0.1064304524        0.0087436610
       57.5510200000        1.0000000000        1.0000000000       32.5699146493        0.0000000000        0.8869204367        0.1064304524        0.0200727971
       57.6530610000        1.0000000000        1.0000000000       28.1305075234        0.0000000000        0.8869204367        0.1064304524        0.0341955109
       57.7551020000        1.0000000000        1.0000000000       25.0668013418        0.0000000000        0.8869204367        0.1064304524        0.0493895626
       57.8571430000        1.0000000000        1.0000000000       22.8434890114        0.0000000000        0.8869204367        0.1064304524        0.0644917041
       57.9591840000        1.0000000000        1.0000000000       21.1682803073        0.0000000000        0.8869204367        0.1064304524        0.0788511298
       58.0612240000        1.0000000000        1.0000000000       19.8687378568        0.0000000000        0.8869204367        0.1064304524        0.0921582065
       58.1632650000        1.0000000000        1.0000000000       18.8373155043        0.0000000000        0.8869204367        0.1064304524        0.1043006317
       58.2653060000        1.0000000000        1.0000000000       18.0044633188        0.0000000000        0.8869204367        0.1064304524        0.1152633696
       58.3673470000        1.0000000000        1.0000000000       17.3249020269        0.0000000000        0.8869204367        0.1064304524        0.1250566752
       58.4693880000        1.0000000000        1.0000000000       16.7729138313        0.0000000000        0.8869204367        0.1064304524        0.1336207575
       58.5714290000        1.0000000000        1.0000000000       16.3592473756        0.0000000000        0.8869204367        0.1064304524        0.1404210759
       58.6734690000        1.0000000000        1.0000000000       16.2553218533        0.0000000000        0.8869204367        0.1064304524        0.1421832412
       58.7755100000        1.0000000000        1.0000000000       17.1677061298        0.0000000000        0.8869204367        0.1064304524        0.1274380728
       58.8775510000        1.0000000000        1.0000000000       20.2105483965        0.0000000000        0.8869204367        0.1064304524        0.0884546040
       58.9795920000        1.0000000000        1.0000000000       24.3587420895        0.0000000000        0.8869204367        0.1064304524        0.0537694912
       59.0816330000        1.0000000000        1.0000000000       25.2961372144        0.0000000000        0.8869204367        0.1064304524        0.0480488794
       59.1836730000        1.0000000000        1.0000000000       21.6227314457        0.0000000000        0.8869204367        0.1064304524        0.0746661994
       59.2857140000        1.0000000000        1.0000000000       17.3437462968        0.0000000000        0.8869204367        0.1064304524        0.1247742024
       59.3877550000        1.0000000000        1.0000000000       15.0962707425        0.0000000000        0.8869204367        0.1064304524        0.1634002627
       59.4897960000        1.0000000000        1.0000000000       14.2875494253        0.0000000000        0.8869204367        0.1064304524        0.1800526572
       59.5918370000        1.0000000000        1.0000000000       13.9562617786        0.0000000000        0.8869204367        0.1064304524        0.1873547476
       59.6938780000        1.0000000000        1.0000000000       13.7492087001        0.0000000000        0.8869204367        0.1064304524        0.1920681458
       59.7959180000        1.0000000000        1.0000000000       13.5864802078        0.0000000000        0.8869204367        0.1064304524        0.1958556002
       59.8979590000        1.0000000000        1.0000000000       13.4483087796        0.0000000000        0.8869204367        0.1064304524        0.1991300692
       60.0000000000        1.0000000000        1.0000000000       13.3270219518        0.0000000000        0.8869204367        0.1064304524        0.2020494854
