       55.0000000000        1.0000000000        1.0000000000        9.6450056866        0.0000000000        0.8869204367        0.1064304524        0.3143020910
       55.1020410000        1.0000000000        1.0000000000        9.7013329977        0.0000000000        0.8869204367        0.1064304524        0.3121847997
       55.2040820000        1.0000000000        1.0000000000        9.7731696285        0.0000000000        0.8869204367        0.1064304524        0.3095052094
       55.3061220000        1.0000000000        1.0000000000        9.8680205683        0.0000000000        0.8869204367        0.1064304524        0.3060023589
       55.4081630000        1.0000000000        1.0000000000       10.0138415502        0.0000000000        0.8869204367        0.1064304524        0.3006943478
       55.5102040000        1.0000000000        1.0000000000       10.3213734004        0.0000000000        0.8869204367        0.1064304524        0.2897998380
       55.6122450000        1.0000000000        1.0000000000       11.0139171850        0.0000000000        0.8869204367        0.1064304524        0.2666895417
       55.7142860000        1.0000000000        1.0000000000       12.0261003813        0.0000000000        0.8869204367        0.1064304524        0.2361868510
       55.8163270000        1.0000000000        1.0000000000       12.5944407591        0.0000000000        0.8869204367        0.1064304524        0.2206157252
       55.9183670000        1.0000000000        1.0000000000       12.3065772688        0.0000000000        0.8869204367        0.1064304524        0.2283697456
       56.0204080000        1.0000000000        1.0000000000       11.8923441055        0.0000000000        0.8869204367        0.1064304524        0.2400084153
       56.1224490000        1.0000000000        1.0000000000       11.9519288093        0.0000000000        0.8869204367        0.1064304524        0.2382984362
       56.2244900000        1.0000000000        1.0000000000       12.4246157027        0.0000000000        0.8869204367        0.1064304524        0.2251577786
       56.3265310000        1.0000000000        1.0000000000       13.1619497011        0.0000000000        0.8869204367        0.1064304524        0.2060917205
       56.4285710000        1.0000000000        1.0000000000       14.1583394673        0.0000000000        0.8869204367        0.1064304524        0.1828661643
       56.5306120000        1.0000000000        1.0000000000       15.4957796711        0.0000000000        0.8869204367        0.1064304524        0.1557514891
       56.6326530000        1.0000000000        1.0000000000       17.3205506736        0.0000000000        0.8869204367        0.1064304524        0.1251219921
       56.7346940000        1.0000000000        1.0000000000       19.8722792946        0.0000000000        0.8869204367        0.1064304524        0.0921190501
       56.8367350000        1.0000000000        1.0000000000       23.5585516321        0.0000000000        0.8869204367        0.1064304524        0.0591886075
       56.9387760000        1.0000000000        1.0000000000       29.1185790104        0.0000000000        0.8869204367        0.1064304524        0.0303721417
       57.0408160000        1.0000000000        1.0000000000       38.0238723519        0.0000000000        0.8869204367        0.1064304524        0.0104321314
       57.1428570000        1.0000000000        1.0000000000       53.7300404361        0.0000000000        0.8869204367        0.1064304524        0.0015843123
       57.2448980000        1.0000000000        1.0000000000       87.1593845860        0.0000000000        0.8869204367        0.1064304524        0.0000286853
       57.3469390000        1.0000000000        1.0000000000      182.2088062688        0.0000000000        0.8869204367        0.1064304524        0.0000000003
       57.4489800000        1.0000000000        1.0000000000      487.9681625887        0.0000000000        0.8869204367        0.1064304524        0.0000000000
       57.5510200000        1.0000000000        1.0000000000     1253.9458591283        0.0000000000        0.8869204367        0.1064304524        0.0000000000
       57.6530610000        1.0000000000        1.0000000000     2346.1153052348        0.0000000000        0.8869204367        0.1064304524        0.0000000000
       57.7551020000        1.0000000000        1.0000000000     2838.8409775831        0.0000000000        0.8869204367        0.1064304524        0.0000000000
       57.8571430000        1.0000000000        1.0000000000     2172.5586127004        0.0000000000        0.8869204367        0.1064304524        0.0000000000
       57.9591840000        1.0000000000        1.0000000000     1114.9562693300        0.0000000000        0.8869204367        0.1064304524        0.0000000000
       58.0612240000        1.0000000000        1.0000000000      457.1957798352        0.0000000000        0.8869204367        0.1064304524        0.0000000000
       58.1632650000        1.0000000000        1.0000000000      203.7478356726        0.0000000000        0.8869204367        0.1064304524        0.0000000000
       58.2653060000        1.0000000000        1.0000000000      118.5005788417        0.0000000000        0.8869204367        0.1064304524        0.0000006673
       58.3673470000        1.0000000000        1.0000000000       83.4046294549        0.0000000000        0.8869204367        0.1064304524        0.0000450132
       58.4693880000        1.0000000000        1.0000000000       64.6328321128        0.0000000000        0.8869204367        0.1064304524        0.0004281916
       58.5714290000        1.0000000000        1.0000000000       52.9931121675        0.0000000000        0.8869204367        0.1064304524        0.0017307967
       58.6734690000        1.0000000000        1.0000000000       45.3678891980        0.0000000000        0.8869204367        0.1064304524        0.0043215260
       58.7755100000        1.0000000000        1.0000000000       40.9485717040        0.0000000000        0.8869204367        0.1064304524        0.0073443160
       58.8775510000        1.0000000000        1.0000000000       40.0716912098        0.0000000000        0.8869204367        0.1064304524        0.0081592507
       58.9795920000        1.0000000000        1.0000000000       41.3094099560        0.0000000000        0.8869204367        0.1064304524        0.0070330895
       59.0816330000        1.0000000000        1.0000000000       40.0621703954        0.0000000000        0.8869204367        0.1064304524        0.0081685779
       59.1836730000        1.0000000000        1.0000000000       34.6446322977        0.0000000000        0.8869204367        0.1064304524        0.0156488809
       59.2857140000        1.0000000000        1.0000000000       28.8856360024        0.0000000000        0.8869204367        0.1064304524        0.0312331165
       59.3877550000        1.0000000000        1.0000000000       25.3839406793        0.0000000000        0.8869204367        0.1064304524        0.0475452742
       59.4897960000        1.0000000000        1.0000000000       23.5288610601        0.0000000000        0.8869204367        0.1064304524        0.0593998649
       59.5918370000        1.0000000000        1.0000000000       22.3211890481        0.0000000000        0.8869204367        0.1064304524        0.0686631451
       59.6938780000        1.0000000000        1.0000000000       21.3709915536        0.0000000000        0.8869204367        0.1064304524        0.0769561895
       59.7959180000        1.0000000000        1.0000000000       20.5709788016        0.0000000000        0.8869204367        0.1064304524        0.0847103528
       59.8979590000        1.0000000000        1.0000000000       19.8812331956        0.0000000000        0.8869204367        0.1064304524        0.0920201243
       60.0000000000        1.0000000000        1.0000000000       19.2787838931        0.0000000000        0.8869204367        0.1064304524        0.0989189880
