       55.0000000000        1.0000000000        1.0000000000        9.7399625082        0.0000000000        0.8869204367        0.1064304524        0.3107410032
       55.1020410000        1.0000000000        1.0000000000        9.8084223363        0.0000000000        0.8869204367        0.1064304524        0.3081986673
       55.2040820000        1.0000000000        1.0000000000        9.8974461475        0.0000000000        0.8869204367        0.1064304524        0.3049237488
       55.3061220000        1.0000000000        1.0000000000       10.0164474753        0.0000000000        0.8869204367        0.1064304524        0.3006003320
       55.4081630000        1.0000000000        1.0000000000       10.1960422900        0.0000000000        0.8869204367        0.1064304524        0.2941912906
       55.5102040000        1.0000000000        1.0000000000       10.5507919178        0.0000000000        0.8869204367        0.1064304524        0.2819304048
       55.6122450000        1.0000000000        1.0000000000       11.3099927176        0.0000000000        0.8869204367        0.1064304524        0.2573806591
       55.7142860000        1.0000000000        1.0000000000       12.4177365832        0.0000000000        0.8869204367        0.1064304524        0.2253437218
       55.8163270000        1.0000000000        1.0000000000       13.1232955516        0.0000000000        0.8869204367        0.1064304524        0.2070498971
       55.9183670000        1.0000000000        1.0000000000       13.0309637168        0.0000000000        0.8869204367        0.1064304524        0.2093567287
       56.0204080000        1.0000000000        1.0000000000       12.8985886639        0.0000000000        0.8869204367        0.1064304524        0.2127089160
       56.1224490000        1.0000000000        1.0000000000       13.3752956706        0.0000000000        0.8869204367        0.1064304524        0.2008824274
       56.2244900000        1.0000000000        1.0000000000       14.4810201250        0.0000000000        0.8869204367        0.1064304524        0.1759206188
       56.3265310000        1.0000000000        1.0000000000       16.2071715645        0.0000000000        0.8869204367        0.1064304524        0.1430071589
       56.4285710000        1.0000000000        1.0000000000       18.8071066537        0.0000000000        0.8869204367        0.1064304524        0.1046794141
       56.5306120000        1.0000000000        1.0000000000       22.8821677098        0.0000000000        0.8869204367        0.1064304524        0.0641930631
       56.6326530000        1.0000000000        1.0000000000       29.7617739510        0.0000000000        0.8869204367        0.1064304524        0.0281161011
       56.7346940000        1.0000000000        1.0000000000       43.1253886868        0.0000000000        0.8869204367        0.1064304524        0.0056559531
       56.8367350000        1.0000000000        1.0000000000       77.1497525257        0.0000000000        0.8869204367        0.1064304524        0.0000953487
       56.9387760000        1.0000000000        1.0000000000      190.5059829033        0.0000000000        0.8869204367        0.1064304524        0.0000000001
       57.0408160000        1.0000000000        1.0000000000      541.6915623157        0.0000000000        0.8869204367        0.1064304524        0.0000000000
       57.1428570000        1.0000000000        1.0000000000     1244.4420564258        0.0000000000        0.8869204367        0.1064304524        0.0000000000
       57.2448980000        1.0000000000        1.0000000000     1894.9321001317        0.0000000000        0.8869204367        0.1064304524        0.0000000000
       57.3469390000        1.0000000000        1.0000000000     1794.4779208256        0.0000000000        0.8869204367        0.1064304524        0.0000000000
       57.4489800000        1.0000000000        1.0000000000     1077.0635688070        0.0000000000        0.8869204367        0.1064304524        0.0000000000
       57.5510200000        1.0000000000        1.0000000000      460.9730365539        0.0000000000        0.8869204367        0.1064304524        0.0000000000
       57.6530610000        1.0000000000        1.0000000000      184.9844948351        0.0000000000        0.8869204367        0.1064304524        0.0000000002
       57.7551020000        1.0000000000        1.0000000000       94.8841603291        0.0000000000        0.8869204367        0.1064304524        0.0000113522
       57.8571430000        1.0000000000        1.0000000000       63.2079226271        0.0000000000        0.8869204367        0.1064304524        0.0005080398
       57.9591840000        1.0000000000        1.0000000000       48.2143400659        0.0000000000        0.8869204367        0.1064304524        0.0030710959
       58.0612240000        1.0000000000        1.0000000000       39.4236188998        0.0000000000        0.8869204367        0.1064304524        0.0088191105
       58.1632650000        1.0000000000        1.0000000000       33.6682309127        0.0000000000        0.8869204367        0.1064304524        0.0175941695
       58.2653060000        1.0000000000        1.0000000000       29.6448508035        0.0000000000        0.8869204367        0.1064304524        0.0285133724
       58.3673470000        1.0000000000        1.0000000000       26.7027473127        0.0000000000        0.8869204367        0.1064304524        0.0405860983
       58.4693880000        1.0000000000        1.0000000000       24.4845973045        0.0000000000        0.8869204367        0.1064304524        0.0529635321
       58.5714290000        1.0000000000        1.0000000000       22.8055963491        0.0000000000        0.8869204367        0.1064304524        0.0647856234
       58.6734690000        1.0000000000        1.0000000000       21.7147692276        0.0000000000        0.8869204367        0.1064304524        0.0738460833
       58.7755100000        1.0000000000        1.0000000000       21.8393992989        0.0000000000        0.8869204367        0.1064304524        0.0727498878
       58.8775510000        1.0000000000        1.0000000000       24.2476868577        0.0000000000        0.8869204367        0.1064304524        0.0544908532
       58.9795920000        1.0000000000        1.0000000000       27.8947646614        0.0000000000        0.8869204367        0.1064304524        0.0351766855
       59.0816330000        1.0000000000        1.0000000000       28.4385838758        0.0000000000        0.8869204367        0.1064304524        0.0329544140
       59.1836730000        1.0000000000        1.0000000000       24.4307090472        0.0000000000        0.8869204367        0.1064304524        0.0533071353
       59.2857140000        1.0000000000        1.0000000000       19.8470650057        0.0000000000        0.8869204367        0.1064304524        0.0923981982
       59.3877550000        1.0000000000        1.0000000000       17.3275735635        0.0000000000        0.8869204367        0.1064304524        0.1250165904
       59.4897960000        1.0000000000        1.0000000000       16.2833714929        0.0000000000        0.8869204367        0.1064304524        0.1417054631
       59.5918370000        1.0000000000        1.0000000000       15.7484624129        0.0000000000        0.8869204367        0.1064304524        0.1510996857
       59.6938780000        1.0000000000        1.0000000000       15.3634644852        0.0000000000        0.8869204367        0.1064304524        0.1582442208
       59.7959180000        1.0000000000        1.0000000000       15.0437218250        0.0000000000        0.8869204367        0.1064304524        0.1644338991
       59.8979590000        1.0000000000        1.0000000000       14.7659330936        0.0000000000        0.8869204367        0.1064304524        0.1700076282
       60.0000000000        1.0000000000        1.0000000000       14.5196820090        0.0000000000        0.8869204367        0.1064304524        0.1751063385
