       55.0000000000        1.0000000000        1.0000000000        9.5064644633        0.0000000000        0.8869204367        0.1064304524        0.3195710230
       55.1020410000        1.0000000000        1.0000000000        9.5683150998        0.0000000000        0.8869204367        0.1064304524        0.3172079229
       55.2040820000        1.0000000000        1.0000000000        9.6454359119        0.0000000000        0.8869204367        0.1064304524        0.3142858649
       55.3061220000        1.0000000000        1.0000000000        9.7450363496        0.0000000000        0.8869204367        0.1064304524        0.3105518627
       55.4081630000        1.0000000000        1.0000000000        9.8946702152        0.0000000000        0.8869204367        0.1064304524        0.3050253394
       55.5102040000        1.0000000000        1.0000000000       10.2044679438        0.0000000000        0.8869204367        0.1064304524        0.2938939905
       55.6122450000        1.0000000000        1.0000000000       10.8964294581        0.0000000000        0.8869204367        0.1064304524        0.2704761012
       55.7142860000        1.0000000000        1.0000000000       11.9026941724        0.0000000000        0.8869204367        0.1064304524        0.2397105079
       55.8163270000        1.0000000000        1.0000000000       12.4574073867        0.0000000000        0.8869204367        0.1064304524        0.2242735232
       55.9183670000        1.0000000000        1.0000000000       12.1470875321        0.0000000000        0.8869204367        0.1064304524        0.2327825545
       56.0204080000        1.0000000000        1.0000000000       11.6983799626        0.0000000000        0.8869204367        0.1064304524        0.2456602991
       56.1224490000        1.0000000000        1.0000000000       11.7038848892        0.0000000000        0.8869204367        0.1064304524        0.2454980716
       56.2244900000        1.0000000000        1.0000000000       12.0918469200        0.0000000000        0.8869204367        0.1064304524        0.2343307663
       56.3265310000        1.0000000000        1.0000000000       12.6978537354        0.0000000000        0.8869204367        0.1064304524        0.2178948988
       56.4285710000        1.0000000000        1.0000000000       13.4912041375        0.0000000000        0.8869204367        0.1064304524        0.1981076921
       56.5306120000        1.0000000000        1.0000000000       14.5126949631        0.0000000000        0.8869204367        0.1064304524        0.1752532172
       56.6326530000        1.0000000000        1.0000000000       15.8387851222        0.0000000000        0.8869204367        0.1064304524        0.1494708012
       56.7346940000        1.0000000000        1.0000000000       17.5857801741        0.0000000000        0.8869204367        0.1064304524        0.1212023737
       56.8367350000        1.0000000000        1.0000000000       19.9317457667        0.0000000000        0.8869204367        0.1064304524        0.0914640306
       56.9387760000        1.0000000000        1.0000000000       23.1587036942        0.0000000000        0.8869204367        0.1064304524        0.0620978170
       57.0408160000        1.0000000000        1.0000000000       27.7344031970        0.0000000000        0.8869204367        0.1064304524        0.0358601588
       57.1428570000        1.0000000000        1.0000000000       34.4828977979        0.0000000000        0.8869204367        0.1064304524        0.0159555630
       57.2448980000        1.0000000000        1.0000000000       44.9798993172        0.0000000000        0.8869204367        0.1064304524        0.0045274885
       57.3469390000        1.0000000000        1.0000000000       62.6673118946        0.0000000000        0.8869204367        0.1064304524        0.0005420906
       57.4489800000        1.0000000000        1.0000000000       97.0726135578        0.0000000000        0.8869204367        0.1064304524        0.0000087303
       57.5510200000        1.0000000000        1.0000000000      182.6821253145        0.0000000000        0.8869204367        0.1064304524        0.0000000003
       57.6530610000        1.0000000000        1.0000000000      443.1467974111        0.0000000000        0.8869204367        0.1064304524        0.0000000000
       57.7551020000        1.0000000000        1.0000000000     1152.5847552762        0.0000000000        0.8869204367        0.1064304524        0.0000000000
       57.8571430000        1.0000000000        1.0000000000     2398.7247617357        0.0000000000        0.8869204367        0.1064304524        0.0000000000
       57.9591840000        1.0000000000        1.0000000000     3381.8150439014        0.0000000000        0.8869204367        0.1064304524        0.0000000000
       58.0612240000        1.0000000000        1.0000000000     3060.5227201236        0.0000000000        0.8869204367        0.1064304524        0.0000000000
       58.1632650000        1.0000000000        1.0000000000     1826.1635087534        0.0000000000        0.8869204367        0.1064304524        0.0000000000
       58.2653060000        1.0000000000        1.0000000000      814.4596859407        0.0000000000        0.8869204367        0.1064304524        0.0000000000
       58.3673470000        1.0000000000        1.0000000000      350.0503831821        0.0000000000        0.8869204367        0.1064304524        0.0000000000
       58.4693880000        1.0000000000        1.0000000000      185.5518762366        0.0000000000        0.8869204367        0.1064304524        0.0000000002
       58.5714290000        1.0000000000        1.0000000000      122.2071829538        0.0000000000        0.8869204367        0.1064304524        0.0000004277
       58.6734690000        1.0000000000        1.0000000000       91.1050578502        0.0000000000        0.8869204367        0.1064304524        0.0000178661
       58.7755100000        1.0000000000        1.0000000000       73.6721267633        0.0000000000        0.8869204367        0.1064304524        0.0001447279
       58.8775510000        1.0000000000        1.0000000000       64.7227838611        0.0000000000        0.8869204367        0.1064304524        0.0004235944
       58.9795920000        1.0000000000        1.0000000000       60.6370469589        0.0000000000        0.8869204367        0.1064304524        0.0006916395
       59.0816330000        1.0000000000        1.0000000000       55.7275667828        0.0000000000        0.8869204367        0.1064304524        0.0012466342
       59.1836730000        1.0000000000        1.0000000000       47.6477717898        0.0000000000        0.8869204367        0.1064304524        0.0032871557
       59.2857140000        1.0000000000        1.0000000000       39.8443413270        0.0000000000        0.8869204367        0.1064304524        0.0083849155
       59.3877550000        1.0000000000        1.0000000000       34.7397814467        0.0000000000        0.8869204367        0.1064304524        0.0154712197
       59.4897960000        1.0000000000        1.0000000000       31.6209231067        0.0000000000        0.8869204367        0.1064304524        0.0224939078
       59.5918370000        1.0000000000        1.0000000000       29.4036617296        0.0000000000        0.8869204367        0.1064304524        0.0293506846
       59.6938780000        1.0000000000        1.0000000000       27.6333630737        0.0000000000        0.8869204367        0.1064304524        0.0362976031
       59.7959180000        1.0000000000        1.0000000000       26.1571135290        0.0000000000        0.8869204367        0.1064304524        0.0433324447
       59.8979590000        1.0000000000        1.0000000000       24.9025979310        0.0000000000        0.8869204367        0.1064304524        0.0503724061
       60.0000000000        1.0000000000        1.0000000000       23.8232401887        0.0000000000        0.8869204367        0.1064304524        0.0573381649
