       55.0000000000        1.0000000000        1.0000000000        9.9655668252        0.0000000000        0.8869204367        0.1064304524        0.3024413154
       55.1020410000        1.0000000000        1.0000000000       10.2887752785        0.0000000000        0.8869204367        0.1064304524        0.2909356898
       55.2040820000        1.0000000000        1.0000000000       10.6973514904        0.0000000000        0.8869204367        0.1064304524        0.2770154000
       55.3061220000        1.0000000000        1.0000000000       11.2210705351        0.0000000000        0.8869204367        0.1064304524        0.2601417864
       55.4081630000        1.0000000000        1.0000000000       11.9192798490        0.0000000000        0.8869204367        0.1064304524        0.2392338911
       55.5102040000        1.0000000000        1.0000000000       12.9472929037        0.0000000000        0.8869204367        0.1064304524        0.2114693626
       55.6122450000        1.0000000000        1.0000000000       14.5905583094        0.0000000000        0.8869204367        0.1064304524        0.1736233472
       55.7142860000        1.0000000000        1.0000000000       16.8725915905        0.0000000000        0.8869204367        0.1064304524        0.1320319961
       55.8163270000        1.0000000000        1.0000000000       19.1787064680        0.0000000000        0.8869204367        0.1064304524        0.1001140967
       55.9183670000        1.0000000000        1.0000000000       21.3527429128        0.0000000000        0.8869204367        0.1064304524        0.0771248957
       56.0204080000        1.0000000000        1.0000000000       24.5473845918        0.0000000000        0.8869204367        0.1064304524        0.0525659792
       56.1224490000        1.0000000000        1.0000000000       30.1159710015        0.0000000000        0.8869204367        0.1064304524        0.0269461050
       56.2244900000        1.0000000000        1.0000000000       39.5041392928        0.0000000000        0.8869204367        0.1064304524        0.0087343066
       56.3265310000        1.0000000000        1.0000000000       56.1971320058        0.0000000000        0.8869204367        0.1064304524        0.0011783315
       56.4285710000        1.0000000000        1.0000000000       91.9658133818        0.0000000000        0.8869204367        0.1064304524        0.0000161128
       56.5306120000        1.0000000000        1.0000000000      194.1854277144        0.0000000000        0.8869204367        0.1064304524        0.0000000001
       56.6326530000        1.0000000000        1.0000000000      520.0066849781        0.0000000000        0.8869204367        0.1064304524        0.0000000000
       56.7346940000        1.0000000000        1.0000000000     1333.0707999104        0.0000000000        0.8869204367        0.1064304524        0.0000000000
       56.8367350000        1.0000000000        1.0000000000     2534.8451593129        0.0000000000        0.8869204367        0.1064304524        0.0000000000
       56.9387760000        1.0000000000        1.0000000000     3173.3001954415        0.0000000000        0.8869204367        0.1064304524        0.0000000000
       57.0408160000        1.0000000000        1.0000000000     2540.6230302258        0.0000000000        0.8869204367        0.1064304524        0.0000000000
       57.1428570000        1.0000000000        1.0000000000     1358.8793160687        0.0000000000        0.8869204367        0.1064304524        0.0000000000
       57.2448980000        1.0000000000        1.0000000000      565.3508979507        0.0000000000        0.8869204367        0.1064304524        0.0000000000
       57.3469390000        1.0000000000        1.0000000000      245.4375893912        0.0000000000        0.8869204367        0.1064304524        0.0000000000
       57.4489800000        1.0000000000        1.0000000000      137.6277737058        0.0000000000        0.8869204367        0.1064304524        0.0000000672
       57.5510200000        1.0000000000        1.0000000000       94.5443333008        0.0000000000        0.8869204367        0.1064304524        0.0000118247
       57.6530610000        1.0000000000        1.0000000000       72.0343891714        0.0000000000        0.8869204367        0.1064304524        0.0001761584
       57.7551020000        1.0000000000        1.0000000000       58.2078035451        0.0000000000        0.8869204367        0.1064304524        0.0009257221
       57.8571430000        1.0000000000        1.0000000000       48.9439991163        0.0000000000        0.8869204367        0.1064304524        0.0028136298
       57.9591840000        1.0000000000        1.0000000000       42.3786711278        0.0000000000        0.8869204367        0.1064304524        0.0061861613
       58.0612240000        1.0000000000        1.0000000000       37.5339496087        0.0000000000        0.8869204367        0.1064304524        0.0110638311
       58.1632650000        1.0000000000        1.0000000000       33.8504554889        0.0000000000        0.8869204367        0.1064304524        0.0172136147
       58.2653060000        1.0000000000        1.0000000000       30.9889898551        0.0000000000        0.8869204367        0.1064304524        0.0242660073
       58.3673470000        1.0000000000        1.0000000000       28.7361503332        0.0000000000        0.8869204367        0.1064304524        0.0317984402
       58.4693880000        1.0000000000        1.0000000000       26.9588026929        0.0000000000        0.8869204367        0.1064304524        0.0393579881
       58.5714290000        1.0000000000        1.0000000000       25.5990365421        0.0000000000        0.8869204367        0.1064304524        0.0463337619
       58.6734690000        1.0000000000        1.0000000000       24.7863738029        0.0000000000        0.8869204367        0.1064304524        0.0510798668
       58.7755100000        1.0000000000        1.0000000000       25.2092011303        0.0000000000        0.8869204367        0.1064304524        0.0485527649
       58.8775510000        1.0000000000        1.0000000000       27.9989239061        0.0000000000        0.8869204367        0.1064304524        0.0347397446
       58.9795920000        1.0000000000        1.0000000000       32.1917068005        0.0000000000        0.8869204367        0.1064304524        0.0210047891
       59.0816330000        1.0000000000        1.0000000000       33.5434123888        0.0000000000        0.8869204367        0.1064304524        0.0178596824
       59.1836730000        1.0000000000        1.0000000000       30.7406704770        0.0000000000        0.8869204367        0.1064304524        0.0249999749
       59.2857140000        1.0000000000        1.0000000000       28.0309030025        0.0000000000        0.8869204367        0.1064304524        0.0346066866
       59.3877550000        1.0000000000        1.0000000000       28.6399934326        0.0000000000        0.8869204367        0.1064304524        0.0321674820
       59.4897960000        1.0000000000        1.0000000000       33.4026015793        0.0000000000        0.8869204367        0.1064304524        0.0181640268
       59.5918370000        1.0000000000        1.0000000000       46.3817149759        0.0000000000        0.8869204367        0.1064304524        0.0038264959
       59.6938780000        1.0000000000        1.0000000000       89.8442026297        0.0000000000        0.8869204367        0.1064304524        0.0000207845
       59.7959180000        1.0000000000        1.0000000000      243.6576143359        0.0000000000        0.8869204367        0.1064304524        0.0000000000
       59.8979590000        1.0000000000        1.0000000000      638.2538176197        0.0000000000        0.8869204367        0.1064304524        0.0000000000
       60.0000000000        1.0000000000        1.0000000000     1191.3232762525        0.0000000000        0.8869204367        0.1064304524        0.0000000000
