       55.0000000000        1.0000000000        1.0000000000       10.1375142566        0.0000000000        0.8869204367        0.1064304524        0.2962647761
       55.1020410000        1.0000000000        1.0000000000       10.1348874998        0.0000000000        0.8869204367        0.1064304524        0.2963581766
       55.2040820000        1.0000000000        1.0000000000       10.1354850811        0.0000000000        0.8869204367        0.1064304524        0.2963369256
       55.3061220000        1.0000000000        1.0000000000       10.1440381450        0.0000000000        0.8869204367        0.1064304524        0.2960329310
       55.4081630000        1.0000000000        1.0000000000       10.1848181723        0.0000000000        0.8869204367        0.1064304524        0.2945878021
       55.5102040000        1.0000000000        1.0000000000       10.3640115827        0.0000000000        0.8869204367        0.1064304524        0.2883208403
       55.6122450000        1.0000000000        1.0000000000       10.9016183376        0.0000000000        0.8869204367        0.1064304524        0.2703077375
       55.7142860000        1.0000000000        1.0000000000       11.7321724224        0.0000000000        0.8869204367        0.1064304524        0.2446661402
       55.8163270000        1.0000000000        1.0000000000       12.0853455832        0.0000000000        0.8869204367        0.1064304524        0.2345136532
       55.9183670000        1.0000000000        1.0000000000       11.5255539506        0.0000000000        0.8869204367        0.1064304524        0.2508082756
       56.0204080000        1.0000000000        1.0000000000       10.7589817173        0.0000000000        0.8869204367        0.1064304524        0.2749742544
       56.1224490000        1.0000000000        1.0000000000       10.3692735003        0.0000000000        0.8869204367        0.1064304524        0.2881388434
       56.2244900000        1.0000000000        1.0000000000       10.2710844984        0.0000000000        0.8869204367        0.1064304524        0.2915539714
       56.3265310000        1.0000000000        1.0000000000       10.2739487195        0.0000000000        0.8869204367        0.1064304524        0.2914537796
       56.4285710000        1.0000000000        1.0000000000       10.3093894144        0.0000000000        0.8869204367        0.1064304524        0.2902168927
       56.5306120000        1.0000000000        1.0000000000       10.3655015886        0.0000000000        0.8869204367        0.1064304524        0.2882692930
       56.6326530000        1.0000000000        1.0000000000       10.4432681172        0.0000000000        0.8869204367        0.1064304524        0.2855916819
       56.7346940000        1.0000000000        1.0000000000       10.5474432241        0.0000000000        0.8869204367        0.1064304524        0.2820437194
       56.8367350000        1.0000000000        1.0000000000       10.6856422886        0.0000000000        0.8869204367        0.1064304524        0.2774049090
       56.9387760000        1.0000000000        1.0000000000       10.8690409804        0.0000000000        0.8869204367        0.1064304524        0.2713665151
       57.0408160000        1.0000000000        1.0000000000       11.1139437903        0.0000000000        0.8869204367        0.1064304524        0.2635075510
       57.1428570000        1.0000000000        1.0000000000       11.4445401679        0.0000000000        0.8869204367        0.1064304524        0.2532584373
       57.2448980000        1.0000000000        1.0000000000       11.8976666342        0.0000000000        0.8869204367        0.1064304524        0.2398551700
       57.3469390000        1.0000000000        1.0000000000       12.5314322336        0.0000000000        0.8869204367        0.1064304524        0.2222901279
       57.4489800000        1.0000000000        1.0000000000       13.4416339386        0.0000000000        0.8869204367        0.1064304524        0.1992896325
       57.5510200000        1.0000000000        1.0000000000       14.7953505854        0.0000000000        0.8869204367        0.1064304524        0.1694085425
       57.6530610000        1.0000000000        1.0000000000       16.9072098748        0.0000000000        0.8869204367        0.1064304524        0.1314846473
       57.7551020000        1.0000000000        1.0000000000       20.4461377524        0.0000000000        0.8869204367        0.1064304524        0.0859889456
       57.8571430000        1.0000000000        1.0000000000       27.2085621878        0.0000000000        0.8869204367        0.1064304524        0.0381958861
       57.9591840000        1.0000000000        1.0000000000       44.0701527144        0.0000000000        0.8869204367        0.1064304524        0.0050497410
       58.0612240000        1.0000000000        1.0000000000      101.3393092966        0.0000000000        0.8869204367        0.1064304524        0.0000052320
       58.1632650000        1.0000000000        1.0000000000      292.6779709329        0.0000000000        0.8869204367        0.1064304524        0.0000000000
       58.2653060000        1.0000000000        1.0000000000      721.8206475907        0.0000000000        0.8869204367        0.1064304524        0.0000000000
       58.3673470000        1.0000000000        1.0000000000     1200.2725545357        0.0000000000        0.8869204367        0.1064304524        0.0000000000
       58.4693880000        1.0000000000        1.0000000000     1242.1507353386        0.0000000000        0.8869204367        0.1064304524        0.0000000000
       58.5714290000        1.0000000000        1.0000000000      804.3167607278        0.0000000000        0.8869204367        0.1064304524        0.0000000000
       58.6734690000        1.0000000000        1.0000000000      357.8484623917        0.0000000000        0.8869204367        0.1064304524        0.0000000000
       58.7755100000        1.0000000000        1.0000000000      141.2151035812        0.0000000000        0.8869204367        0.1064304524        0.0000000437
       58.8775510000        1.0000000000        1.0000000000       73.1397060333        0.0000000000        0.8869204367        0.1064304524        0.0001542764
       58.9795920000        1.0000000000        1.0000000000       54.5181843941        0.0000000000        0.8869204367        0.1064304524        0.0014413399
       59.0816330000        1.0000000000        1.0000000000       45.6865541789        0.0000000000        0.8869204367        0.1064304524        0.0041593914
       59.1836730000        1.0000000000        1.0000000000       36.5695597959        0.0000000000        0.8869204367        0.1064304524        0.0124212424
       59.2857140000        1.0000000000        1.0000000000       28.7897049386        0.0000000000        0.8869204367        0.1064304524        0.0315947411
       59.3877550000        1.0000000000        1.0000000000       24.1255046206        0.0000000000        0.8869204367        0.1064304524        0.0552956766
       59.4897960000        1.0000000000        1.0000000000       21.5853842472        0.0000000000        0.8869204367        0.1064304524        0.0750015792
       59.5918370000        1.0000000000        1.0000000000       19.9735241478        0.0000000000        0.8869204367        0.1064304524        0.0910066318
       59.6938780000        1.0000000000        1.0000000000       18.7913801017        0.0000000000        0.8869204367        0.1064304524        0.1048771502
       59.7959180000        1.0000000000        1.0000000000       17.8680211238        0.0000000000        0.8869204367        0.1064304524        0.1171661185
       59.8979590000        1.0000000000        1.0000000000       17.1247010655        0.0000000000        0.8869204367        0.1064304524        0.1280974306
       60.0000000000        1.0000000000        1.0000000000       16.5140134492        0.0000000000        0.8869204367        0.1064304524        0.1378372533
