       55.0000000000        1.0000000000        1.0000000000        9.7510700141        0.0000000000        0.8869204367        0.1064304524        0.3103270922
       55.1020410000        1.0000000000        1.0000000000        9.8876290670        0.0000000000        0.8869204367        0.1064304524        0.3052831757
       55.2040820000        1.0000000000        1.0000000000       10.0559201755        0.0000000000        0.8869204367        0.1064304524        0.2991798381
       55.3061220000        1.0000000000        1.0000000000       10.2674764633        0.0000000000        0.8869204367        0.1064304524        0.2916802311
       55.4081630000        1.0000000000        1.0000000000       10.5556023622        0.0000000000        0.8869204367        0.1064304524        0.2817677065
       55.5102040000        1.0000000000        1.0000000000       11.0380102233        0.0000000000        0.8869204367        0.1064304524        0.2659196119
       55.6122450000        1.0000000000        1.0000000000       11.9460093940        0.0000000000        0.8869204367        0.1064304524        0.2384677668
       55.7142860000        1.0000000000        1.0000000000       13.2230393921        0.0000000000        0.8869204367        0.1064304524        0.2045864351
       55.8163270000        1.0000000000        1.0000000000       14.1216168315        0.0000000000        0.8869204367        0.1064304524        0.1836737818
       55.9183670000        1.0000000000        1.0000000000       14.2590031174        0.0000000000        0.8869204367        0.1064304524        0.1806704954
       56.0204080000        1.0000000000        1.0000000000       14.4031059547        0.0000000000        0.8869204367        0.1064304524        0.1775731372
       56.1224490000        1.0000000000        1.0000000000       15.2021522205        0.0000000000        0.8869204367        0.1064304524        0.1613372690
       56.2244900000        1.0000000000        1.0000000000       16.6690690316        0.0000000000        0.8869204367        0.1064304524        0.1352962739
       56.3265310000        1.0000000000        1.0000000000       18.7751985807        0.0000000000        0.8869204367        0.1064304524        0.1050809966
       56.4285710000        1.0000000000        1.0000000000       21.7117934147        0.0000000000        0.8869204367        0.1064304524        0.0738724583
       56.5306120000        1.0000000000        1.0000000000       25.8992538641        0.0000000000        0.8869204367        0.1064304524        0.0446942481
       56.6326530000        1.0000000000        1.0000000000       32.1038597706        0.0000000000        0.8869204367        0.1064304524        0.0212273853
       56.7346940000        1.0000000000        1.0000000000       41.8046211069        0.0000000000        0.8869204367        0.1064304524        0.0066273216
       56.8367350000        1.0000000000        1.0000000000       58.2650962096        0.0000000000        0.8869204367        0.1064304524        0.0009193795
       56.9387760000        1.0000000000        1.0000000000       90.6985303829        0.0000000000        0.8869204367        0.1064304524        0.0000187592
       57.0408160000        1.0000000000        1.0000000000      173.2914294563        0.0000000000        0.8869204367        0.1064304524        0.0000000009
       57.1428570000        1.0000000000        1.0000000000      429.5692575871        0.0000000000        0.8869204367        0.1064304524        0.0000000000
       57.2448980000        1.0000000000        1.0000000000     1126.7710247563        0.0000000000        0.8869204367        0.1064304524        0.0000000000
       57.3469390000        1.0000000000        1.0000000000     2321.1637541113        0.0000000000        0.8869204367        0.1064304524        0.0000000000
       57.4489800000        1.0000000000        1.0000000000     3196.9518441550        0.0000000000        0.8869204367        0.1064304524        0.0000000000
       57.5510200000        1.0000000000        1.0000000000     2804.1570847694        0.0000000000        0.8869204367        0.1064304524        0.0000000000
       57.6530610000        1.0000000000        1.0000000000     1618.3176569017        0.0000000000        0.8869204367        0.1064304524        0.0000000000
       57.7551020000        1.0000000000        1.0000000000      704.5877622730        0.0000000000        0.8869204367        0.1064304524        0.0000000000
       57.8571430000        1.0000000000        1.0000000000      302.8365047083        0.0000000000        0.8869204367        0.1064304524        0.0000000000
       57.9591840000        1.0000000000        1.0000000000      163.2971035678        0.0000000000        0.8869204367        0.1064304524        0.0000000031
       58.0612240000        1.0000000000        1.0000000000      109.0484593977        0.0000000000        0.8869204367        0.1064304524        0.0000020744
       58.1632650000        1.0000000000        1.0000000000       81.7724890993        0.0000000000        0.8869204367        0.1064304524        0.0000547519
       58.2653060000        1.0000000000        1.0000000000       65.4058096698        0.0000000000        0.8869204367        0.1064304524        0.0003902601
       58.3673470000        1.0000000000        1.0000000000       54.5800161626        0.0000000000        0.8869204367        0.1064304524        0.0014306850
       58.4693880000        1.0000000000        1.0000000000       46.9747727654        0.0000000000        0.8869204367        0.1064304524        0.0035636402
       58.5714290000        1.0000000000        1.0000000000       41.4304574162        0.0000000000        0.8869204367        0.1064304524        0.0069316674
       58.6734690000        1.0000000000        1.0000000000       37.4568330613        0.0000000000        0.8869204367        0.1064304524        0.0111666908
       58.7755100000        1.0000000000        1.0000000000       35.3621396282        0.0000000000        0.8869204367        0.1064304524        0.0143578743
       58.8775510000        1.0000000000        1.0000000000       36.0317499896        0.0000000000        0.8869204367        0.1064304524        0.0132493074
       58.9795920000        1.0000000000        1.0000000000       38.3298458733        0.0000000000        0.8869204367        0.1064304524        0.0100560433
       59.0816330000        1.0000000000        1.0000000000       37.8278561849        0.0000000000        0.8869204367        0.1064304524        0.0106804240
       59.1836730000        1.0000000000        1.0000000000       32.9499435075        0.0000000000        0.8869204367        0.1064304524        0.0191779668
       59.2857140000        1.0000000000        1.0000000000       27.5931566413        0.0000000000        0.8869204367        0.1064304524        0.0364731540
       59.3877550000        1.0000000000        1.0000000000       24.3953155911        0.0000000000        0.8869204367        0.1064304524        0.0535340237
       59.4897960000        1.0000000000        1.0000000000       22.7709997029        0.0000000000        0.8869204367        0.1064304524        0.0650551463
       59.5918370000        1.0000000000        1.0000000000       21.7399746063        0.0000000000        0.8869204367        0.1064304524        0.0736230625
       59.6938780000        1.0000000000        1.0000000000       20.9261986769        0.0000000000        0.8869204367        0.1064304524        0.0811753344
       59.7959180000        1.0000000000        1.0000000000       20.2323068515        0.0000000000        0.8869204367        0.1064304524        0.0882239490
       59.8979590000        1.0000000000        1.0000000000       19.6255438326        0.0000000000        0.8869204367        0.1064304524        0.0948873140
       60.0000000000        1.0000000000        1.0000000000       19.0881962736        0.0000000000        0.8869204367        0.1064304524        0.1012073848
