       55.0000000000        1.0000000000        1.0000000000        9.1638713476        0.0000000000        0.8869204367        0.1064304524        0.3329827601
       55.1020410000        1.0000000000        1.0000000000        9.2883770312        0.0000000000        0.8869204367        0.1064304524        0.3280447511
       55.2040820000        1.0000000000        1.0000000000        9.4353325007        0.0000000000        0.8869204367        0.1064304524        0.3223105040
       55.3061220000        1.0000000000        1.0000000000        9.6128877665        0.0000000000        0.8869204367        0.1064304524        0.3155157959
       55.4081630000        1.0000000000        1.0000000000        9.8497962045        0.0000000000        0.8869204367        0.1064304524        0.3066722950
       55.5102040000        1.0000000000        1.0000000000       10.2574620063        0.0000000000        0.8869204367        0.1064304524        0.2920309641
       55.6122450000        1.0000000000        1.0000000000       11.0575110268        0.0000000000        0.8869204367        0.1064304524        0.2652980619
       55.7142860000        1.0000000000        1.0000000000       12.1784636165        0.0000000000        0.8869204367        0.1064304524        0.2319077458
       55.8163270000        1.0000000000        1.0000000000       12.8542963461        0.0000000000        0.8869204367        0.1064304524        0.2138424903
       55.9183670000        1.0000000000        1.0000000000       12.6808963575        0.0000000000        0.8869204367        0.1064304524        0.2183387413
       56.0204080000        1.0000000000        1.0000000000       12.3913116933        0.0000000000        0.8869204367        0.1064304524        0.2260594179
       56.1224490000        1.0000000000        1.0000000000       12.5748842857        0.0000000000        0.8869204367        0.1064304524        0.2211340690
       56.2244900000        1.0000000000        1.0000000000       13.1558413543        0.0000000000        0.8869204367        0.1064304524        0.2062428414
       56.3265310000        1.0000000000        1.0000000000       13.9676657901        0.0000000000        0.8869204367        0.1064304524        0.1870985314
       56.4285710000        1.0000000000        1.0000000000       14.9759417168        0.0000000000        0.8869204367        0.1064304524        0.1657767946
       56.5306120000        1.0000000000        1.0000000000       16.2131016464        0.0000000000        0.8869204367        0.1064304524        0.1429054298
       56.6326530000        1.0000000000        1.0000000000       17.7390052659        0.0000000000        0.8869204367        0.1064304524        0.1189941875
       56.7346940000        1.0000000000        1.0000000000       19.6385820811        0.0000000000        0.8869204367        0.1064304524        0.0947389703
       56.8367350000        1.0000000000        1.0000000000       22.0310572619        0.0000000000        0.8869204367        0.1064304524        0.0710958103
       56.9387760000        1.0000000000        1.0000000000       25.0867002679        0.0000000000        0.8869204367        0.1064304524        0.0492717674
       57.0408160000        1.0000000000        1.0000000000       29.0547717342        0.0000000000        0.8869204367        0.1064304524        0.0306055900
       57.1428570000        1.0000000000        1.0000000000       34.3117754544        0.0000000000        0.8869204367        0.1064304524        0.0162865925
       57.2448980000        1.0000000000        1.0000000000       41.4477135720        0.0000000000        0.8869204367        0.1064304524        0.0069173286
       57.3469390000        1.0000000000        1.0000000000       51.4310765554        0.0000000000        0.8869204367        0.1064304524        0.0020876230
       57.4489800000        1.0000000000        1.0000000000       65.9471622117        0.0000000000        0.8869204367        0.1064304524        0.0003657138
       57.5510200000        1.0000000000        1.0000000000       88.1682758443        0.0000000000        0.8869204367        0.1064304524        0.0000254144
       57.6530610000        1.0000000000        1.0000000000      124.8353323063        0.0000000000        0.8869204367        0.1064304524        0.0000003120
       57.7551020000        1.0000000000        1.0000000000      193.3807071598        0.0000000000        0.8869204367        0.1064304524        0.0000000001
       57.8571430000        1.0000000000        1.0000000000      349.4444417612        0.0000000000        0.8869204367        0.1064304524        0.0000000000
       57.9591840000        1.0000000000        1.0000000000      768.6797113567        0.0000000000        0.8869204367        0.1064304524        0.0000000000
       58.0612240000        1.0000000000        1.0000000000     1810.1994233493        0.0000000000        0.8869204367        0.1064304524        0.0000000000
       58.1632650000        1.0000000000        1.0000000000     3583.1365552399        0.0000000000        0.8869204367        0.1064304524        0.0000000000
       58.2653060000        1.0000000000        1.0000000000     5055.7334209228        0.0000000000        0.8869204367        0.1064304524        0.0000000000
       58.3673470000        1.0000000000        1.0000000000     4776.3750970903        0.0000000000        0.8869204367        0.1064304524        0.0000000000
       58.4693880000        1.0000000000        1.0000000000     3079.8105706188        0.0000000000        0.8869204367        0.1064304524        0.0000000000
       58.5714290000        1.0000000000        1.0000000000     1511.7347188485        0.0000000000        0.8869204367        0.1064304524        0.0000000000
       58.6734690000        1.0000000000        1.0000000000      697.5793844356        0.0000000000        0.8869204367        0.1064304524        0.0000000000
       58.7755100000        1.0000000000        1.0000000000      374.4314410149        0.0000000000        0.8869204367        0.1064304524        0.0000000000
       58.8775510000        1.0000000000        1.0000000000      244.3464474199        0.0000000000        0.8869204367        0.1064304524        0.0000000000
       58.9795920000        1.0000000000        1.0000000000      182.4436893245        0.0000000000        0.8869204367        0.1064304524        0.0000000003
       59.0816330000        1.0000000000        1.0000000000      144.8972146680        0.0000000000        0.8869204367        0.1064304524        0.0000000281
       59.1836730000        1.0000000000        1.0000000000      116.2254001358        0.0000000000        0.8869204367        0.1064304524        0.0000008767
       59.2857140000        1.0000000000        1.0000000000       94.3394753544        0.0000000000        0.8869204367        0.1064304524        0.0000121190
       59.3877550000        1.0000000000        1.0000000000       79.1240629121        0.0000000000        0.8869204367        0.1064304524        0.0000752355
       59.4897960000        1.0000000000        1.0000000000       68.5360895644        0.0000000000        0.8869204367        0.1064304524        0.0002680517
       59.5918370000        1.0000000000        1.0000000000       60.6540311177        0.0000000000        0.8869204367        0.1064304524        0.0006902313
       59.6938780000        1.0000000000        1.0000000000       54.4788216883        0.0000000000        0.8869204367        0.1064304524        0.0014481642
       59.7959180000        1.0000000000        1.0000000000       49.5031796394        0.0000000000        0.8869204367        0.1064304524        0.0026310256
       59.8979590000        1.0000000000        1.0000000000       45.4180958690        0.0000000000        0.8869204367        0.1064304524        0.0042955679
       60.0000000000        1.0000000000        1.0000000000       42.0137754645        0.0000000000        0.8869204367        0.1064304524        0.0064630557
