       55.0000000000        1.0000000000        1.0000000000       10.5372578527        0.0000000000        0.8869204367        0.1064304524        0.2823886565
       55.1020410000        1.0000000000        1.0000000000       10.8081081517        0.0000000000        0.8869204367        0.1064304524        0.2733580026
       55.2040820000        1.0000000000        1.0000000000       11.1405787890        0.0000000000        0.8869204367        0.1064304524        0.2626666727
       55.3061220000        1.0000000000        1.0000000000       11.5547039574        0.0000000000        0.8869204367        0.1064304524        0.2499324807
       55.4081630000        1.0000000000        1.0000000000       12.0954162104        0.0000000000        0.8869204367        0.1064304524        0.2342304205
       55.5102040000        1.0000000000        1.0000000000       12.8963098322        0.0000000000        0.8869204367        0.1064304524        0.2127670912
       55.6122450000        1.0000000000        1.0000000000       14.2094184454        0.0000000000        0.8869204367        0.1064304524        0.1817487185
       55.7142860000        1.0000000000        1.0000000000       16.0055127965        0.0000000000        0.8869204367        0.1064304524        0.1465100085
       55.8163270000        1.0000000000        1.0000000000       17.5820959524        0.0000000000        0.8869204367        0.1064304524        0.1212559699
       55.9183670000        1.0000000000        1.0000000000       18.6321439041        0.0000000000        0.8869204367        0.1064304524        0.1069004482
       56.0204080000        1.0000000000        1.0000000000       20.0352927125        0.0000000000        0.8869204367        0.1064304524        0.0903345638
       56.1224490000        1.0000000000        1.0000000000       22.6113546398        0.0000000000        0.8869204367        0.1064304524        0.0663134487
       56.2244900000        1.0000000000        1.0000000000       26.6634127494        0.0000000000        0.8869204367        0.1064304524        0.0407781235
       56.3265310000        1.0000000000        1.0000000000       32.6890427936        0.0000000000        0.8869204367        0.1064304524        0.0197878902
       56.4285710000        1.0000000000        1.0000000000       41.8988397806        0.0000000000        0.8869204367        0.1064304524        0.0065528135
       56.5306120000        1.0000000000        1.0000000000       56.9295256043        0.0000000000        0.8869204367        0.1064304524        0.0010791916
       56.6326530000        1.0000000000        1.0000000000       84.4398590966        0.0000000000        0.8869204367        0.1064304524        0.0000397547
       56.7346940000        1.0000000000        1.0000000000      146.4785827248        0.0000000000        0.8869204367        0.1064304524        0.0000000232
       56.8367350000        1.0000000000        1.0000000000      325.8756230814        0.0000000000        0.8869204367        0.1064304524        0.0000000000
       56.9387760000        1.0000000000        1.0000000000      853.7982343714        0.0000000000        0.8869204367        0.1064304524        0.0000000000
       57.0408160000        1.0000000000        1.0000000000     1968.4089666522        0.0000000000        0.8869204367        0.1064304524        0.0000000000
       57.1428570000        1.0000000000        1.0000000000     3203.5381983641        0.0000000000        0.8869204367        0.1064304524        0.0000000000
       57.2448980000        1.0000000000        1.0000000000     3364.3026413921        0.0000000000        0.8869204367        0.1064304524        0.0000000000
       57.3469390000        1.0000000000        1.0000000000     2281.8921911893        0.0000000000        0.8869204367        0.1064304524        0.0000000000
       57.4489800000        1.0000000000        1.0000000000     1093.7830143622        0.0000000000        0.8869204367        0.1064304524        0.0000000000
       57.5510200000        1.0000000000        1.0000000000      459.8976548029        0.0000000000        0.8869204367        0.1064304524        0.0000000000
       57.6530610000        1.0000000000        1.0000000000      225.2563543238        0.0000000000        0.8869204367        0.1064304524        0.0000000000
       57.7551020000        1.0000000000        1.0000000000      139.9634952593        0.0000000000        0.8869204367        0.1064304524        0.0000000508
       57.8571430000        1.0000000000        1.0000000000      100.8494426298        0.0000000000        0.8869204367        0.1064304524        0.0000055488
       57.9591840000        1.0000000000        1.0000000000       78.6278244087        0.0000000000        0.8869204367        0.1064304524        0.0000798517
       58.0612240000        1.0000000000        1.0000000000       64.3841501132        0.0000000000        0.8869204367        0.1064304524        0.0004411622
       58.1632650000        1.0000000000        1.0000000000       54.5782162293        0.0000000000        0.8869204367        0.1064304524        0.0014309940
       58.2653060000        1.0000000000        1.0000000000       47.4861910358        0.0000000000        0.8869204367        0.1064304524        0.0033515146
       58.3673470000        1.0000000000        1.0000000000       42.1650781156        0.0000000000        0.8869204367        0.1064304524        0.0063467693
       58.4693880000        1.0000000000        1.0000000000       38.0627909436        0.0000000000        0.8869204367        0.1064304524        0.0103835245
       58.5714290000        1.0000000000        1.0000000000       34.8622587002        0.0000000000        0.8869204367        0.1064304524        0.0152454978
       58.6734690000        1.0000000000        1.0000000000       32.5194658812        0.0000000000        0.8869204367        0.1064304524        0.0201946834
       58.7755100000        1.0000000000        1.0000000000       31.5962436454        0.0000000000        0.8869204367        0.1064304524        0.0225606230
       58.8775510000        1.0000000000        1.0000000000       33.1277395459        0.0000000000        0.8869204367        0.1064304524        0.0187731289
       58.9795920000        1.0000000000        1.0000000000       36.0677347818        0.0000000000        0.8869204367        0.1064304524        0.0131922179
       59.0816330000        1.0000000000        1.0000000000       36.0496415065        0.0000000000        0.8869204367        0.1064304524        0.0132208919
       59.1836730000        1.0000000000        1.0000000000       31.5485643987        0.0000000000        0.8869204367        0.1064304524        0.0226900738
       59.2857140000        1.0000000000        1.0000000000       26.4951826908        0.0000000000        0.8869204367        0.1064304524        0.0416097018
       59.3877550000        1.0000000000        1.0000000000       23.5432042582        0.0000000000        0.8869204367        0.1064304524        0.0592977147
       59.4897960000        1.0000000000        1.0000000000       22.1176674223        0.0000000000        0.8869204367        0.1064304524        0.0703607225
       59.5918370000        1.0000000000        1.0000000000       21.2483119280        0.0000000000        0.8869204367        0.1064304524        0.0780974845
       59.6938780000        1.0000000000        1.0000000000       20.5673127788        0.0000000000        0.8869204367        0.1064304524        0.0847476270
       59.7959180000        1.0000000000        1.0000000000       19.9834640290        0.0000000000        0.8869204367        0.1064304524        0.0908981451
       59.8979590000        1.0000000000        1.0000000000       19.4686291219        0.0000000000        0.8869204367        0.1064304524        0.0966909476
       60.0000000000        1.0000000000        1.0000000000       19.0086206245        0.0000000000        0.8869204367        0.1064304524        0.1021784510
