       55.0000000000        1.0000000000        1.0000000000        9.5644329421        0.0000000000        0.8869204367        0.1064304524        0.3173557314
       55.1020410000        1.0000000000        1.0000000000        9.5772077627        0.0000000000        0.8869204367        0.1064304524        0.3168696047
       55.2040820000        1.0000000000        1.0000000000        9.5967358294        0.0000000000        0.8869204367        0.1064304524        0.3161279319
       55.3061220000        1.0000000000        1.0000000000        9.6284801140        0.0000000000        0.8869204367        0.1064304524        0.3149259920
       55.4081630000        1.0000000000        1.0000000000        9.6977188243        0.0000000000        0.8869204367        0.1064304524        0.3123202239
       55.5102040000        1.0000000000        1.0000000000        9.9118119932        0.0000000000        0.8869204367        0.1064304524        0.3043985431
       55.6122450000        1.0000000000        1.0000000000       10.4907214467        0.0000000000        0.8869204367        0.1064304524        0.2839700303
       55.7142860000        1.0000000000        1.0000000000       11.3663966526        0.0000000000        0.8869204367        0.1064304524        0.2556444676
       55.8163270000        1.0000000000        1.0000000000       11.7689592563        0.0000000000        0.8869204367        0.1064304524        0.2435884615
       55.9183670000        1.0000000000        1.0000000000       11.2717004035        0.0000000000        0.8869204367        0.1064304524        0.2585660647
       56.0204080000        1.0000000000        1.0000000000       10.5881156456        0.0000000000        0.8869204367        0.1064304524        0.2806705051
       56.1224490000        1.0000000000        1.0000000000       10.3021808958        0.0000000000        0.8869204367        0.1064304524        0.2904680454
       56.2244900000        1.0000000000        1.0000000000       10.3296798682        0.0000000000        0.8869204367        0.1064304524        0.2895111164
       56.3265310000        1.0000000000        1.0000000000       10.4853040951        0.0000000000        0.8869204367        0.1064304524        0.2841546941
       56.4285710000        1.0000000000        1.0000000000       10.7082882006        0.0000000000        0.8869204367        0.1064304524        0.2766520820
       56.5306120000        1.0000000000        1.0000000000       10.9968082842        0.0000000000        0.8869204367        0.1064304524        0.2672376360
       56.6326530000        1.0000000000        1.0000000000       11.3653244870        0.0000000000        0.8869204367        0.1064304524        0.2556773609
       56.7346940000        1.0000000000        1.0000000000       11.8371213183        0.0000000000        0.8869204367        0.1064304524        0.2416041688
       56.8367350000        1.0000000000        1.0000000000       12.4458938964        0.0000000000        0.8869204367        0.1064304524        0.2245835979
       56.9387760000        1.0000000000        1.0000000000       13.2404350618        0.0000000000        0.8869204367        0.1064304524        0.2041598104
       57.0408160000        1.0000000000        1.0000000000       14.2928346129        0.0000000000        0.8869204367        0.1064304524        0.1799384999
       57.1428570000        1.0000000000        1.0000000000       15.7128109098        0.0000000000        0.8869204367        0.1064304524        0.1517475022
       57.2448980000        1.0000000000        1.0000000000       17.6735259900        0.0000000000        0.8869204367        0.1064304524        0.1199328689
       57.3469390000        1.0000000000        1.0000000000       20.4612466004        0.0000000000        0.8869204367        0.1064304524        0.0858331836
       57.4489800000        1.0000000000        1.0000000000       24.5778824631        0.0000000000        0.8869204367        0.1064304524        0.0523739528
       57.5510200000        1.0000000000        1.0000000000       30.9767737438        0.0000000000        0.8869204367        0.1064304524        0.0243016058
       57.6530610000        1.0000000000        1.0000000000       41.7187087011        0.0000000000        0.8869204367        0.1064304524        0.0066959993
       57.7551020000        1.0000000000        1.0000000000       62.4531012385        0.0000000000        0.8869204367        0.1064304524        0.0005562058
       57.8571430000        1.0000000000        1.0000000000      114.1363329520        0.0000000000        0.8869204367        0.1064304524        0.0000011265
       57.9591840000        1.0000000000        1.0000000000      278.1560680595        0.0000000000        0.8869204367        0.1064304524        0.0000000000
       58.0612240000        1.0000000000        1.0000000000      760.7363572995        0.0000000000        0.8869204367        0.1064304524        0.0000000000
       58.1632650000        1.0000000000        1.0000000000     1693.2117640049        0.0000000000        0.8869204367        0.1064304524        0.0000000000
       58.2653060000        1.0000000000        1.0000000000     2545.0338865800        0.0000000000        0.8869204367        0.1064304524        0.0000000000
       58.3673470000        1.0000000000        1.0000000000     2425.8006912988        0.0000000000        0.8869204367        0.1064304524        0.0000000000
       58.4693880000        1.0000000000        1.0000000000     1492.0352386398        0.0000000000        0.8869204367        0.1064304524        0.0000000000
       58.5714290000        1.0000000000        1.0000000000      661.8104457584        0.0000000000        0.8869204367        0.1064304524        0.0000000000
       58.6734690000        1.0000000000        1.0000000000      272.4600850555        0.0000000000        0.8869204367        0.1064304524        0.0000000000
       58.7755100000        1.0000000000        1.0000000000      140.0259383110        0.0000000000        0.8869204367        0.1064304524        0.0000000504
       58.8775510000        1.0000000000        1.0000000000       95.0824884826        0.0000000000        0.8869204367        0.1064304524        0.0000110852
       58.9795920000        1.0000000000        1.0000000000       76.7726929862        0.0000000000        0.8869204367        0.1064304524        0.0000997620
       59.0816330000        1.0000000000        1.0000000000       64.8550623226        0.0000000000        0.8869204367        0.1064304524        0.0004169236
       59.1836730000        1.0000000000        1.0000000000       52.8725903248        0.0000000000        0.8869204367        0.1064304524        0.0017560104
       59.2857140000        1.0000000000        1.0000000000       42.7350419254        0.0000000000        0.8869204367        0.1064304524        0.0059271901
       59.3877550000        1.0000000000        1.0000000000       36.1695992643        0.0000000000        0.8869204367        0.1064304524        0.0130319413
       59.4897960000        1.0000000000        1.0000000000       32.1103201533        0.0000000000        0.8869204367        0.1064304524        0.0212109352
       59.5918370000        1.0000000000        1.0000000000       29.2753175082        0.0000000000        0.8869204367        0.1064304524        0.0298062224
       59.6938780000        1.0000000000        1.0000000000       27.0936894230        0.0000000000        0.8869204367        0.1064304524        0.0387260519
       59.7959180000        1.0000000000        1.0000000000       25.3418358527        0.0000000000        0.8869204367        0.1064304524        0.0477861083
       59.8979590000        1.0000000000        1.0000000000       23.9030832626        0.0000000000        0.8869204367        0.1064304524        0.0567914217
       60.0000000000        1.0000000000        1.0000000000       22.7021810553        0.0000000000        0.8869204367        0.1064304524        0.0655946116
