       55.0000000000        1.0000000000        1.0000000000       11.4408032564        0.0000000000        0.8869204367        0.1064304524        0.2533720313
       55.1020410000        1.0000000000        1.0000000000       11.9080335198        0.0000000000        0.8869204367        0.1064304524        0.2395569694
       55.2040820000        1.0000000000        1.0000000000       12.4782009150        0.0000000000        0.8869204367        0.1064304524        0.2237146082
       55.3061220000        1.0000000000        1.0000000000       13.1827499231        0.0000000000        0.8869204367        0.1064304524        0.2055779515
       55.4081630000        1.0000000000        1.0000000000       14.0822150671        0.0000000000        0.8869204367        0.1064304524        0.1845442867
       55.5102040000        1.0000000000        1.0000000000       15.3315158160        0.0000000000        0.8869204367        0.1064304524        0.1588520683
       55.6122450000        1.0000000000        1.0000000000       17.2105624532        0.0000000000        0.8869204367        0.1064304524        0.1267843719
       55.7142860000        1.0000000000        1.0000000000       19.7271444629        0.0000000000        0.8869204367        0.1064304524        0.0937374645
       55.8163270000        1.0000000000        1.0000000000       22.2405123699        0.0000000000        0.8869204367        0.1064304524        0.0693311149
       55.9183670000        1.0000000000        1.0000000000       24.5489360951        0.0000000000        0.8869204367        0.1064304524        0.0525561934
       56.0204080000        1.0000000000        1.0000000000       27.6905820565        0.0000000000        0.8869204367        0.1064304524        0.0360492274
       56.1224490000        1.0000000000        1.0000000000       32.7368081752        0.0000000000        0.8869204367        0.1064304524        0.0196747935
       56.2244900000        1.0000000000        1.0000000000       40.4345804164        0.0000000000        0.8869204367        0.1064304524        0.0078115674
       56.3265310000        1.0000000000        1.0000000000       52.1369745379        0.0000000000        0.8869204367        0.1064304524        0.0019180678
       56.4285710000        1.0000000000        1.0000000000       70.8902068971        0.0000000000        0.8869204367        0.1064304524        0.0002020845
       56.5306120000        1.0000000000        1.0000000000      104.1091788227        0.0000000000        0.8869204367        0.1064304524        0.0000037525
       56.6326530000        1.0000000000        1.0000000000      174.4773704813        0.0000000000        0.8869204367        0.1064304524        0.0000000008
       56.7346940000        1.0000000000        1.0000000000      363.3495090443        0.0000000000        0.8869204367        0.1064304524        0.0000000000
       56.8367350000        1.0000000000        1.0000000000      907.9278259512        0.0000000000        0.8869204367        0.1064304524        0.0000000000
       56.9387760000        1.0000000000        1.0000000000     2118.5929594793        0.0000000000        0.8869204367        0.1064304524        0.0000000000
       57.0408160000        1.0000000000        1.0000000000     3647.3814484233        0.0000000000        0.8869204367        0.1064304524        0.0000000000
       57.1428570000        1.0000000000        1.0000000000     4144.6956289226        0.0000000000        0.8869204367        0.1064304524        0.0000000000
       57.2448980000        1.0000000000        1.0000000000     3063.9727300263        0.0000000000        0.8869204367        0.1064304524        0.0000000000
       57.3469390000        1.0000000000        1.0000000000     1581.7095825230        0.0000000000        0.8869204367        0.1064304524        0.0000000000
       57.4489800000        1.0000000000        1.0000000000      685.9505051406        0.0000000000        0.8869204367        0.1064304524        0.0000000000
       57.5510200000        1.0000000000        1.0000000000      327.8943686816        0.0000000000        0.8869204367        0.1064304524        0.0000000000
       57.6530610000        1.0000000000        1.0000000000      196.0846803322        0.0000000000        0.8869204367        0.1064304524        0.0000000001
       57.7551020000        1.0000000000        1.0000000000      137.3787893062        0.0000000000        0.8869204367        0.1064304524        0.0000000693
       57.8571430000        1.0000000000        1.0000000000      104.8939123188        0.0000000000        0.8869204367        0.1064304524        0.0000034152
       57.9591840000        1.0000000000        1.0000000000       84.4173698439        0.0000000000        0.8869204367        0.1064304524        0.0000398621
       58.0612240000        1.0000000000        1.0000000000       70.4850866953        0.0000000000        0.8869204367        0.1064304524        0.0002121514
       58.1632650000        1.0000000000        1.0000000000       60.4973251569        0.0000000000        0.8869204367        0.1064304524        0.0007033338
       58.2653060000        1.0000000000        1.0000000000       53.0527808041        0.0000000000        0.8869204367        0.1064304524        0.0017184480
       58.3673470000        1.0000000000        1.0000000000       47.3340672831        0.0000000000        0.8869204367        0.1064304524        0.0034132578
       58.4693880000        1.0000000000        1.0000000000       42.8397277447        0.0000000000        0.8869204367        0.1064304524        0.0058531967
       58.5714290000        1.0000000000        1.0000000000       39.2719818037        0.0000000000        0.8869204367        0.1064304524        0.0089810559
       58.6734690000        1.0000000000        1.0000000000       36.5921235845        0.0000000000        0.8869204367        0.1064304524        0.0123876555
       58.7755100000        1.0000000000        1.0000000000       35.3618425835        0.0000000000        0.8869204367        0.1064304524        0.0143583861
       58.8775510000        1.0000000000        1.0000000000       36.6196021581        0.0000000000        0.8869204367        0.1064304524        0.0123468753
       58.9795920000        1.0000000000        1.0000000000       39.3296258299        0.0000000000        0.8869204367        0.1064304524        0.0089191458
       59.0816330000        1.0000000000        1.0000000000       39.1229775643        0.0000000000        0.8869204367        0.1064304524        0.0091430861
       59.1836730000        1.0000000000        1.0000000000       34.4488311489        0.0000000000        0.8869204367        0.1064304524        0.0160209228
       59.2857140000        1.0000000000        1.0000000000       29.2227776296        0.0000000000        0.8869204367        0.1064304524        0.0299947379
       59.3877550000        1.0000000000        1.0000000000       26.1064355267        0.0000000000        0.8869204367        0.1064304524        0.0435967679
       59.4897960000        1.0000000000        1.0000000000       24.5322643840        0.0000000000        0.8869204367        0.1064304524        0.0526614428
       59.5918370000        1.0000000000        1.0000000000       23.5296023617        0.0000000000        0.8869204367        0.1064304524        0.0593945811
       59.6938780000        1.0000000000        1.0000000000       22.7281552418        0.0000000000        0.8869204367        0.1064304524        0.0653904779
       59.7959180000        1.0000000000        1.0000000000       22.0347573084        0.0000000000        0.8869204367        0.1064304524        0.0710642503
       59.8979590000        1.0000000000        1.0000000000       21.4198275361        0.0000000000        0.8869204367        0.1064304524        0.0765065207
       60.0000000000        1.0000000000        1.0000000000       20.8680358639        0.0000000000        0.8869204367        0.1064304524        0.0817438825
