       55.0000000000        1.0000000000        1.0000000000       11.8041948165        0.0000000000        0.8869204367        0.1064304524        0.2425606788
       55.1020410000        1.0000000000        1.0000000000       12.4019419561        0.0000000000        0.8869204367        0.1064304524        0.2257712332
       55.2040820000        1.0000000000        1.0000000000       13.1510199497        0.0000000000        0.8869204367        0.1064304524        0.2063622016
       55.3061220000        1.0000000000        1.0000000000       14.1030418862        0.0000000000        0.8869204367        0.1064304524        0.1840836461
       55.4081630000        1.0000000000        1.0000000000       15.3488739918        0.0000000000        0.8869204367        0.1064304524        0.1585215268
       55.5102040000        1.0000000000        1.0000000000       17.0899326620        0.0000000000        0.8869204367        0.1064304524        0.1286329963
       55.6122450000        1.0000000000        1.0000000000       19.6787600158        0.0000000000        0.8869204367        0.1064304524        0.0942832998
       55.7142860000        1.0000000000        1.0000000000       23.2403337694        0.0000000000        0.8869204367        0.1064304524        0.0614925006
       55.8163270000        1.0000000000        1.0000000000       27.3373876735        0.0000000000        0.8869204367        0.1064304524        0.0376099543
       55.9183670000        1.0000000000        1.0000000000       32.1354016307        0.0000000000        0.8869204367        0.1064304524        0.0211471910
       56.0204080000        1.0000000000        1.0000000000       39.3713157093        0.0000000000        0.8869204367        0.1064304524        0.0088746367
       56.1224490000        1.0000000000        1.0000000000       51.5827264985        0.0000000000        0.8869204367        0.1064304524        0.0020499760
       56.2244900000        1.0000000000        1.0000000000       73.0520091344        0.0000000000        0.8869204367        0.1064304524        0.0001559085
       56.3265310000        1.0000000000        1.0000000000      116.2510514031        0.0000000000        0.8869204367        0.1064304524        0.0000008741
       56.4285710000        1.0000000000        1.0000000000      228.1207368205        0.0000000000        0.8869204367        0.1064304524        0.0000000000
       56.5306120000        1.0000000000        1.0000000000      570.2665056752        0.0000000000        0.8869204367        0.1064304524        0.0000000000
       56.6326530000        1.0000000000        1.0000000000     1453.3521805259        0.0000000000        0.8869204367        0.1064304524        0.0000000000
       56.7346940000        1.0000000000        1.0000000000     2842.6387943450        0.0000000000        0.8869204367        0.1064304524        0.0000000000
       56.8367350000        1.0000000000        1.0000000000     3689.4541504825        0.0000000000        0.8869204367        0.1064304524        0.0000000000
       56.9387760000        1.0000000000        1.0000000000     3056.5519067151        0.0000000000        0.8869204367        0.1064304524        0.0000000000
       57.0408160000        1.0000000000        1.0000000000     1690.5145023722        0.0000000000        0.8869204367        0.1064304524        0.0000000000
       57.1428570000        1.0000000000        1.0000000000      726.8056698318        0.0000000000        0.8869204367        0.1064304524        0.0000000000
       57.2448980000        1.0000000000        1.0000000000      321.9512684061        0.0000000000        0.8869204367        0.1064304524        0.0000000000
       57.3469390000        1.0000000000        1.0000000000      180.3841414493        0.0000000000        0.8869204367        0.1064304524        0.0000000004
       57.4489800000        1.0000000000        1.0000000000      122.7490262721        0.0000000000        0.8869204367        0.1064304524        0.0000004008
       57.5510200000        1.0000000000        1.0000000000       92.5816220382        0.0000000000        0.8869204367        0.1064304524        0.0000149650
       57.6530610000        1.0000000000        1.0000000000       74.0911085129        0.0000000000        0.8869204367        0.1064304524        0.0001376312
       57.7551020000        1.0000000000        1.0000000000       61.7242525769        0.0000000000        0.8869204367        0.1064304524        0.0006070434
       57.8571430000        1.0000000000        1.0000000000       52.9642721654        0.0000000000        0.8869204367        0.1064304524        0.0017367970
       57.9591840000        1.0000000000        1.0000000000       46.4910754035        0.0000000000        0.8869204367        0.1064304524        0.0037766079
       58.0612240000        1.0000000000        1.0000000000       41.5483764875        0.0000000000        0.8869204367        0.1064304524        0.0068342730
       58.1632650000        1.0000000000        1.0000000000       37.6743274683        0.0000000000        0.8869204367        0.1064304524        0.0108790180
       58.2653060000        1.0000000000        1.0000000000       34.5731617593        0.0000000000        0.8869204367        0.1064304524        0.0157836701
       58.3673470000        1.0000000000        1.0000000000       32.0488736705        0.0000000000        0.8869204367        0.1064304524        0.0213679137
       58.4693880000        1.0000000000        1.0000000000       29.9715778429        0.0000000000        0.8869204367        0.1064304524        0.0274170734
       58.5714290000        1.0000000000        1.0000000000       28.2772287914        0.0000000000        0.8869204367        0.1064304524        0.0335987151
       58.6734690000        1.0000000000        1.0000000000       27.0809198696        0.0000000000        0.8869204367        0.1064304524        0.0387854391
       58.7755100000        1.0000000000        1.0000000000       27.0480733215        0.0000000000        0.8869204367        0.1064304524        0.0389386169
       58.8775510000        1.0000000000        1.0000000000       29.2798057993        0.0000000000        0.8869204367        0.1064304524        0.0297901733
       58.9795920000        1.0000000000        1.0000000000       32.7692163571        0.0000000000        0.8869204367        0.1064304524        0.0195984272
       59.0816330000        1.0000000000        1.0000000000       33.1833192699        0.0000000000        0.8869204367        0.1064304524        0.0186483369
       59.1836730000        1.0000000000        1.0000000000       29.0363151734        0.0000000000        0.8869204367        0.1064304524        0.0306734500
       59.2857140000        1.0000000000        1.0000000000       24.2847644758        0.0000000000        0.8869204367        0.1064304524        0.0542489448
       59.3877550000        1.0000000000        1.0000000000       21.5892796237        0.0000000000        0.8869204367        0.1064304524        0.0749665283
       59.4897960000        1.0000000000        1.0000000000       20.3789904447        0.0000000000        0.8869204367        0.1064304524        0.0866846157
       59.5918370000        1.0000000000        1.0000000000       19.6905668379        0.0000000000        0.8869204367        0.1064304524        0.0941498120
       59.6938780000        1.0000000000        1.0000000000       19.1628528617        0.0000000000        0.8869204367        0.1064304524        0.1003047383
       59.7959180000        1.0000000000        1.0000000000       18.7098240951        0.0000000000        0.8869204367        0.1064304524        0.1059085925
       59.8979590000        1.0000000000        1.0000000000       18.3073321370        0.0000000000        0.8869204367        0.1064304524        0.1111494200
       60.0000000000        1.0000000000        1.0000000000       17.9443348108        0.0000000000        0.8869204367        0.1064304524        0.1160980510
