       55.0000000000        1.0000000000        1.0000000000       15.5910470642        0.0000000000        0.8869204367        0.1064304524        0.1539810636
       55.1020410000        1.0000000000        1.0000000000       16.9849756215        0.0000000000        0.8869204367        0.1064304524        0.1302633544
       55.2040820000        1.0000000000        1.0000000000       18.6988024872        0.0000000000        0.8869204367        0.1064304524        0.1060487592
       55.3061220000        1.0000000000        1.0000000000       20.8322730974        0.0000000000        0.8869204367        0.1064304524        0.0820954428
       55.4081630000        1.0000000000        1.0000000000       23.5428240613        0.0000000000        0.8869204367        0.1064304524        0.0593004202
       55.5102040000        1.0000000000        1.0000000000       27.1246830798        0.0000000000        0.8869204367        0.1064304524        0.0385822879
       55.6122450000        1.0000000000        1.0000000000       32.0579905886        0.0000000000        0.8869204367        0.1064304524        0.0213445494
       55.7142860000        1.0000000000        1.0000000000       38.6481810830        0.0000000000        0.8869204367        0.1064304524        0.0096791448
       55.8163270000        1.0000000000        1.0000000000       46.7545709924        0.0000000000        0.8869204367        0.1064304524        0.0036590617
       55.9183670000        1.0000000000        1.0000000000       57.0419526740        0.0000000000        0.8869204367        0.1064304524        0.0010647297
       56.0204080000        1.0000000000        1.0000000000       72.0547437532        0.0000000000        0.8869204367        0.1064304524        0.0001757287
       56.1224490000        1.0000000000        1.0000000000       95.7336450199        0.0000000000        0.8869204367        0.1064304524        0.0000102520
       56.2244900000        1.0000000000        1.0000000000      135.0095364373        0.0000000000        0.8869204367        0.1064304524        0.0000000920
       56.3265310000        1.0000000000        1.0000000000      207.4946960760        0.0000000000        0.8869204367        0.1064304524        0.0000000000
       56.4285710000        1.0000000000        1.0000000000      368.6881346226        0.0000000000        0.8869204367        0.1064304524        0.0000000000
       56.5306120000        1.0000000000        1.0000000000      795.0449443931        0.0000000000        0.8869204367        0.1064304524        0.0000000000
       56.6326530000        1.0000000000        1.0000000000     1863.9479248434        0.0000000000        0.8869204367        0.1064304524        0.0000000000
       56.7346940000        1.0000000000        1.0000000000     3735.5074301359        0.0000000000        0.8869204367        0.1064304524        0.0000000000
       56.8367350000        1.0000000000        1.0000000000     5368.7727049983        0.0000000000        0.8869204367        0.1064304524        0.0000000000
       56.9387760000        1.0000000000        1.0000000000     5158.4075435933        0.0000000000        0.8869204367        0.1064304524        0.0000000000
       57.0408160000        1.0000000000        1.0000000000     3368.0310248037        0.0000000000        0.8869204367        0.1064304524        0.0000000000
       57.1428570000        1.0000000000        1.0000000000     1666.6357127286        0.0000000000        0.8869204367        0.1064304524        0.0000000000
       57.2448980000        1.0000000000        1.0000000000      771.9567437518        0.0000000000        0.8869204367        0.1064304524        0.0000000000
       57.3469390000        1.0000000000        1.0000000000      412.9601635849        0.0000000000        0.8869204367        0.1064304524        0.0000000000
       57.4489800000        1.0000000000        1.0000000000      264.6057310457        0.0000000000        0.8869204367        0.1064304524        0.0000000000
       57.5510200000        1.0000000000        1.0000000000      190.3850952119        0.0000000000        0.8869204367        0.1064304524        0.0000000001
       57.6530610000        1.0000000000        1.0000000000      146.6302698901        0.0000000000        0.8869204367        0.1064304524        0.0000000228
       57.7551020000        1.0000000000        1.0000000000      118.1124215520        0.0000000000        0.8869204367        0.1064304524        0.0000006991
       57.8571430000        1.0000000000        1.0000000000       98.2921539112        0.0000000000        0.8869204367        0.1064304524        0.0000075417
       57.9591840000        1.0000000000        1.0000000000       83.8675311076        0.0000000000        0.8869204367        0.1064304524        0.0000425809
       58.0612240000        1.0000000000        1.0000000000       72.9923837570        0.0000000000        0.8869204367        0.1064304524        0.0001570281
       58.1632650000        1.0000000000        1.0000000000       64.5595401434        0.0000000000        0.8869204367        0.1064304524        0.0004319741
       58.2653060000        1.0000000000        1.0000000000       57.8695357361        0.0000000000        0.8869204367        0.1064304524        0.0009640723
       58.3673470000        1.0000000000        1.0000000000       52.4621450631        0.0000000000        0.8869204367        0.1064304524        0.0018446653
       58.4693880000        1.0000000000        1.0000000000       48.0278938960        0.0000000000        0.8869204367        0.1064304524        0.0031405816
       58.5714290000        1.0000000000        1.0000000000       44.3761434693        0.0000000000        0.8869204367        0.1064304524        0.0048676830
       58.6734690000        1.0000000000        1.0000000000       41.5289944069        0.0000000000        0.8869204367        0.1064304524        0.0068501870
       58.7755100000        1.0000000000        1.0000000000       40.0840627403        0.0000000000        0.8869204367        0.1064304524        0.0081471466
       58.8775510000        1.0000000000        1.0000000000       41.1103970840        0.0000000000        0.8869204367        0.1064304524        0.0072030722
       58.9795920000        1.0000000000        1.0000000000       43.6069948263        0.0000000000        0.8869204367        0.1064304524        0.0053383462
       59.0816330000        1.0000000000        1.0000000000       43.2144993207        0.0000000000        0.8869204367        0.1064304524        0.0055957947
       59.1836730000        1.0000000000        1.0000000000       38.3500570842        0.0000000000        0.8869204367        0.1064304524        0.0100316834
       59.2857140000        1.0000000000        1.0000000000       32.9117317671        0.0000000000        0.8869204367        0.1064304524        0.0192661076
       59.3877550000        1.0000000000        1.0000000000       29.5788184061        0.0000000000        0.8869204367        0.1064304524        0.0287402066
       59.4897960000        1.0000000000        1.0000000000       27.7995964551        0.0000000000        0.8869204367        0.1064304524        0.0355807124
       59.5918370000        1.0000000000        1.0000000000       26.6057939775        0.0000000000        0.8869204367        0.1064304524        0.0410610507
       59.6938780000        1.0000000000        1.0000000000       25.6254579476        0.0000000000        0.8869204367        0.1064304524        0.0461870902
       59.7959180000        1.0000000000        1.0000000000       24.7640433861        0.0000000000        0.8869204367        0.1064304524        0.0512169265
       59.8979590000        1.0000000000        1.0000000000       23.9910204001        0.0000000000        0.8869204367        0.1064304524        0.0561952836
       60.0000000000        1.0000000000        1.0000000000       23.2902954233        0.0000000000        0.8869204367        0.1064304524        0.0611249316
