       55.0000000000        1.0000000000        1.0000000000        8.9820238049        0.0000000000        0.8869204367        0.1064304524        0.3403288726
       55.1020410000        1.0000000000        1.0000000000        9.0153997317        0.0000000000        0.8869204367        0.1064304524        0.3389685435
       55.2040820000        1.0000000000        1.0000000000        9.0599457520        0.0000000000        0.8869204367        0.1064304524        0.3371614139
       55.3061220000        1.0000000000        1.0000000000        9.1220429758        0.0000000000        0.8869204367        0.1064304524        0.3346583370
       55.4081630000        1.0000000000        1.0000000000        9.2281684953        0.0000000000        0.8869204367        0.1064304524        0.3304234651
       55.5102040000        1.0000000000        1.0000000000        9.4871355940        0.0000000000        0.8869204367        0.1064304524        0.3203131169
       55.6122450000        1.0000000000        1.0000000000       10.1198974752        0.0000000000        0.8869204367        0.1064304524        0.2968917463
       55.7142860000        1.0000000000        1.0000000000       11.0582738285        0.0000000000        0.8869204367        0.1064304524        0.2652737786
       55.8163270000        1.0000000000        1.0000000000       11.5343719654        0.0000000000        0.8869204367        0.1064304524        0.2505430202
       55.9183670000        1.0000000000        1.0000000000       11.1286506299        0.0000000000        0.8869204367        0.1064304524        0.2630429175
       56.0204080000        1.0000000000        1.0000000000       10.5615749978        0.0000000000        0.8869204367        0.1064304524        0.2815658313
       56.1224490000        1.0000000000        1.0000000000       10.4212448338        0.0000000000        0.8869204367        0.1064304524        0.2863474401
       56.2244900000        1.0000000000        1.0000000000       10.6294203641        0.0000000000        0.8869204367        0.1064304524        0.2792827851
       56.3265310000        1.0000000000        1.0000000000       11.0110723720        0.0000000000        0.8869204367        0.1064304524        0.2667805991
       56.4285710000        1.0000000000        1.0000000000       11.5201362186        0.0000000000        0.8869204367        0.1064304524        0.2509713860
       56.5306120000        1.0000000000        1.0000000000       12.1753349649        0.0000000000        0.8869204367        0.1064304524        0.2319948291
       56.6326530000        1.0000000000        1.0000000000       13.0205330129        0.0000000000        0.8869204367        0.1064304524        0.2096189414
       56.7346940000        1.0000000000        1.0000000000       14.1223007109        0.0000000000        0.8869204367        0.1064304524        0.1836587091
       56.8367350000        1.0000000000        1.0000000000       15.5799889076        0.0000000000        0.8869204367        0.1064304524        0.1541855288
       56.9387760000        1.0000000000        1.0000000000       17.5454896632        0.0000000000        0.8869204367        0.1064304524        0.1217897892
       57.0408160000        1.0000000000        1.0000000000       20.2596190009        0.0000000000        0.8869204367        0.1064304524        0.0879352720
       57.1428570000        1.0000000000        1.0000000000       24.1227121596        0.0000000000        0.8869204367        0.1064304524        0.0553142090
       57.2448980000        1.0000000000        1.0000000000       29.8415753205        0.0000000000        0.8869204367        0.1064304524        0.0278481417
       57.3469390000        1.0000000000        1.0000000000       38.7725896499        0.0000000000        0.8869204367        0.1064304524        0.0095357178
       57.4489800000        1.0000000000        1.0000000000       53.8971926346        0.0000000000        0.8869204367        0.1064304524        0.0015528503
       57.5510200000        1.0000000000        1.0000000000       83.5917072552        0.0000000000        0.8869204367        0.1064304524        0.0000440139
       57.6530610000        1.0000000000        1.0000000000      158.9019118723        0.0000000000        0.8869204367        0.1064304524        0.0000000052
       57.7551020000        1.0000000000        1.0000000000      393.1297074470        0.0000000000        0.8869204367        0.1064304524        0.0000000000
       57.8571430000        1.0000000000        1.0000000000     1038.5624435176        0.0000000000        0.8869204367        0.1064304524        0.0000000000
       57.9591840000        1.0000000000        1.0000000000     2171.7738600385        0.0000000000        0.8869204367        0.1064304524        0.0000000000
       58.0612240000        1.0000000000        1.0000000000     3051.0105824061        0.0000000000        0.8869204367        0.1064304524        0.0000000000
       58.1632650000        1.0000000000        1.0000000000     2735.3542198779        0.0000000000        0.8869204367        0.1064304524        0.0000000000
       58.2653060000        1.0000000000        1.0000000000     1609.6653653448        0.0000000000        0.8869204367        0.1064304524        0.0000000000
       58.3673470000        1.0000000000        1.0000000000      706.5485976808        0.0000000000        0.8869204367        0.1064304524        0.0000000000
       58.4693880000        1.0000000000        1.0000000000      300.3652078879        0.0000000000        0.8869204367        0.1064304524        0.0000000000
       58.5714290000        1.0000000000        1.0000000000      159.1942416672        0.0000000000        0.8869204367        0.1064304524        0.0000000051
       58.6734690000        1.0000000000        1.0000000000      105.5600444867        0.0000000000        0.8869204367        0.1064304524        0.0000031528
       58.7755100000        1.0000000000        1.0000000000       80.0993583014        0.0000000000        0.8869204367        0.1064304524        0.0000669260
       58.8775510000        1.0000000000        1.0000000000       67.5330062702        0.0000000000        0.8869204367        0.1064304524        0.0003023393
       58.9795920000        1.0000000000        1.0000000000       61.5739602073        0.0000000000        0.8869204367        0.1064304524        0.0006180908
       59.0816330000        1.0000000000        1.0000000000       55.6117803179        0.0000000000        0.8869204367        0.1064304524        0.0012640763
       59.1836730000        1.0000000000        1.0000000000       46.9124421911        0.0000000000        0.8869204367        0.1064304524        0.0035903950
       59.2857140000        1.0000000000        1.0000000000       38.7352836648        0.0000000000        0.8869204367        0.1064304524        0.0095785023
       59.3877550000        1.0000000000        1.0000000000       33.4013796883        0.0000000000        0.8869204367        0.1064304524        0.0181666903
       59.4897960000        1.0000000000        1.0000000000       30.1406514064        0.0000000000        0.8869204367        0.1064304524        0.0268664181
       59.5918370000        1.0000000000        1.0000000000       27.8363192240        0.0000000000        0.8869204367        0.1064304524        0.0354242627
       59.6938780000        1.0000000000        1.0000000000       26.0142752618        0.0000000000        0.8869204367        0.1064304524        0.0440815906
       59.7959180000        1.0000000000        1.0000000000       24.5095196093        0.0000000000        0.8869204367        0.1064304524        0.0528053719
       59.8979590000        1.0000000000        1.0000000000       23.2420703437        0.0000000000        0.8869204367        0.1064304524        0.0614796876
       60.0000000000        1.0000000000        1.0000000000       22.1604323724        0.0000000000        0.8869204367        0.1064304524        0.0700005707
