       55.0000000000        1.0000000000        1.0000000000       17.7564629577        0.0000000000        0.8869204367        0.1064304524        0.1187451647
       55.1020410000        1.0000000000        1.0000000000       19.4254286942        0.0000000000        0.8869204367        0.1064304524        0.0971934999
       55.2040820000        1.0000000000        1.0000000000       21.4626739190        0.0000000000        0.8869204367        0.1064304524        0.0761141669
       55.3061220000        1.0000000000        1.0000000000       23.9789421444        0.0000000000        0.8869204367        0.1064304524        0.0562767915
       55.4081630000        1.0000000000        1.0000000000       27.1457392515        0.0000000000        0.8869204367        0.1064304524        0.0384849236
       55.5102040000        1.0000000000        1.0000000000       31.2749679779        0.0000000000        0.8869204367        0.1064304524        0.0234473884
       55.6122450000        1.0000000000        1.0000000000       36.8673187438        0.0000000000        0.8869204367        0.1064304524        0.0119852536
       55.7142860000        1.0000000000        1.0000000000       44.2508895972        0.0000000000        0.8869204367        0.1064304524        0.0049413992
       55.8163270000        1.0000000000        1.0000000000       53.3153130290        0.0000000000        0.8869204367        0.1064304524        0.0016651542
       55.9183670000        1.0000000000        1.0000000000       64.7612772607        0.0000000000        0.8869204367        0.1064304524        0.0004216423
       56.0204080000        1.0000000000        1.0000000000       81.1394843969        0.0000000000        0.8869204367        0.1064304524        0.0000590729
       56.1224490000        1.0000000000        1.0000000000      106.2754360878        0.0000000000        0.8869204367        0.1064304524        0.0000028935
       56.2244900000        1.0000000000        1.0000000000      146.5141370073        0.0000000000        0.8869204367        0.1064304524        0.0000000231
       56.3265310000        1.0000000000        1.0000000000      216.6227369976        0.0000000000        0.8869204367        0.1064304524        0.0000000000
       56.4285710000        1.0000000000        1.0000000000      358.6832486559        0.0000000000        0.8869204367        0.1064304524        0.0000000000
       56.5306120000        1.0000000000        1.0000000000      704.5566801041        0.0000000000        0.8869204367        0.1064304524        0.0000000000
       56.6326530000        1.0000000000        1.0000000000     1586.5060932983        0.0000000000        0.8869204367        0.1064304524        0.0000000000
       56.7346940000        1.0000000000        1.0000000000     3364.1046582925        0.0000000000        0.8869204367        0.1064304524        0.0000000000
       56.8367350000        1.0000000000        1.0000000000     5477.1408232293        0.0000000000        0.8869204367        0.1064304524        0.0000000000
       56.9387760000        1.0000000000        1.0000000000     6143.7017220805        0.0000000000        0.8869204367        0.1064304524        0.0000000000
       57.0408160000        1.0000000000        1.0000000000     4673.4170803211        0.0000000000        0.8869204367        0.1064304524        0.0000000000
       57.1428570000        1.0000000000        1.0000000000     2581.8375530274        0.0000000000        0.8869204367        0.1064304524        0.0000000000
       57.2448980000        1.0000000000        1.0000000000     1227.0952468694        0.0000000000        0.8869204367        0.1064304524        0.0000000000
       57.3469390000        1.0000000000        1.0000000000      623.8719274164        0.0000000000        0.8869204367        0.1064304524        0.0000000000
       57.4489800000        1.0000000000        1.0000000000      376.7408242603        0.0000000000        0.8869204367        0.1064304524        0.0000000000
       57.5510200000        1.0000000000        1.0000000000      260.4364054118        0.0000000000        0.8869204367        0.1064304524        0.0000000000
       57.6530610000        1.0000000000        1.0000000000      195.3274676712        0.0000000000        0.8869204367        0.1064304524        0.0000000001
       57.7551020000        1.0000000000        1.0000000000      154.2969211096        0.0000000000        0.8869204367        0.1064304524        0.0000000091
       57.8571430000        1.0000000000        1.0000000000      126.4210609922        0.0000000000        0.8869204367        0.1064304524        0.0000002579
       57.9591840000        1.0000000000        1.0000000000      106.4736771401        0.0000000000        0.8869204367        0.1064304524        0.0000028255
       58.0612240000        1.0000000000        1.0000000000       91.6343528741        0.0000000000        0.8869204367        0.1064304524        0.0000167666
       58.1632650000        1.0000000000        1.0000000000       80.2524933412        0.0000000000        0.8869204367        0.1064304524        0.0000657074
       58.2653060000        1.0000000000        1.0000000000       71.3045506752        0.0000000000        0.8869204367        0.1064304524        0.0001922823
       58.3673470000        1.0000000000        1.0000000000       64.1266232901        0.0000000000        0.8869204367        0.1064304524        0.0004550083
       58.4693880000        1.0000000000        1.0000000000       58.2756453528        0.0000000000        0.8869204367        0.1064304524        0.0009182164
       58.5714290000        1.0000000000        1.0000000000       53.4699186580        0.0000000000        0.8869204367        0.1064304524        0.0016345459
       58.6734690000        1.0000000000        1.0000000000       49.6669876232        0.0000000000        0.8869204367        0.1064304524        0.0025798126
       58.7755100000        1.0000000000        1.0000000000       47.4183287325        0.0000000000        0.8869204367        0.1064304524        0.0033789190
       58.8775510000        1.0000000000        1.0000000000       47.7671795829        0.0000000000        0.8869204367        0.1064304524        0.0032403901
       58.9795920000        1.0000000000        1.0000000000       49.7066373605        0.0000000000        0.8869204367        0.1064304524        0.0025675671
       59.0816330000        1.0000000000        1.0000000000       48.8601473185        0.0000000000        0.8869204367        0.1064304524        0.0028420840
       59.1836730000        1.0000000000        1.0000000000       43.5986173726        0.0000000000        0.8869204367        0.1064304524        0.0053437155
       59.2857140000        1.0000000000        1.0000000000       37.7910647684        0.0000000000        0.8869204367        0.1064304524        0.0107276820
       59.3877550000        1.0000000000        1.0000000000       34.1219137363        0.0000000000        0.8869204367        0.1064304524        0.0166619159
       59.4897960000        1.0000000000        1.0000000000       32.0457513719        0.0000000000        0.8869204367        0.1064304524        0.0213759213
       59.5918370000        1.0000000000        1.0000000000       30.5907663811        0.0000000000        0.8869204367        0.1064304524        0.0254537559
       59.6938780000        1.0000000000        1.0000000000       29.3792664522        0.0000000000        0.8869204367        0.1064304524        0.0294367327
       59.7959180000        1.0000000000        1.0000000000       28.3122282375        0.0000000000        0.8869204367        0.1064304524        0.0334578986
       59.8979590000        1.0000000000        1.0000000000       27.3558190798        0.0000000000        0.8869204367        0.1064304524        0.0375268617
       60.0000000000        1.0000000000        1.0000000000       26.4914479317        0.0000000000        0.8869204367        0.1064304524        0.0416283542
