       55.0000000000        1.0000000000        1.0000000000        9.6969418936        0.0000000000        0.8869204367        0.1064304524        0.3123493434
       55.1020410000        1.0000000000        1.0000000000        9.7820863525        0.0000000000        0.8869204367        0.1064304524        0.3091742138
       55.2040820000        1.0000000000        1.0000000000        9.8877671980        0.0000000000        0.8869204367        0.1064304524        0.3052781155
       55.3061220000        1.0000000000        1.0000000000       10.0225753365        0.0000000000        0.8869204367        0.1064304524        0.3003793688
       55.4081630000        1.0000000000        1.0000000000       10.2158830344        0.0000000000        0.8869204367        0.1064304524        0.2934916869
       55.5102040000        1.0000000000        1.0000000000       10.5802028763        0.0000000000        0.8869204367        0.1064304524        0.2809371374
       55.6122450000        1.0000000000        1.0000000000       11.3405135603        0.0000000000        0.8869204367        0.1064304524        0.2564397263
       55.7142860000        1.0000000000        1.0000000000       12.4326558873        0.0000000000        0.8869204367        0.1064304524        0.2249406461
       55.8163270000        1.0000000000        1.0000000000       13.0964071194        0.0000000000        0.8869204367        0.1064304524        0.2077190457
       55.9183670000        1.0000000000        1.0000000000       12.9270959808        0.0000000000        0.8869204367        0.1064304524        0.2119825079
       56.0204080000        1.0000000000        1.0000000000       12.6631404863        0.0000000000        0.8869204367        0.1064304524        0.2188044526
       56.1224490000        1.0000000000        1.0000000000       12.9129290372        0.0000000000        0.8869204367        0.1064304524        0.2123431917
       56.2244900000        1.0000000000        1.0000000000       13.6277971977        0.0000000000        0.8869204367        0.1064304524        0.1948869438
       56.3265310000        1.0000000000        1.0000000000       14.6785661180        0.0000000000        0.8869204367        0.1064304524        0.1717993704
       56.4285710000        1.0000000000        1.0000000000       16.0889465960        0.0000000000        0.8869204367        0.1064304524        0.1450504608
       56.5306120000        1.0000000000        1.0000000000       17.9863339028        0.0000000000        0.8869204367        0.1064304524        0.1155144015
       56.6326530000        1.0000000000        1.0000000000       20.5903960777        0.0000000000        0.8869204367        0.1064304524        0.0845132012
       56.7346940000        1.0000000000        1.0000000000       24.2658077161        0.0000000000        0.8869204367        0.1064304524        0.0543724914
       56.8367350000        1.0000000000        1.0000000000       29.6477136049        0.0000000000        0.8869204367        0.1064304524        0.0285035787
       56.9387760000        1.0000000000        1.0000000000       37.9290537563        0.0000000000        0.8869204367        0.1064304524        0.0105515084
       57.0408160000        1.0000000000        1.0000000000       51.6360917988        0.0000000000        0.8869204367        0.1064304524        0.0020368903
       57.1428570000        1.0000000000        1.0000000000       77.4047577425        0.0000000000        0.8869204367        0.1064304524        0.0000924751
       57.2448980000        1.0000000000        1.0000000000      138.4656104748        0.0000000000        0.8869204367        0.1064304524        0.0000000608
       57.3469390000        1.0000000000        1.0000000000      323.0608647724        0.0000000000        0.8869204367        0.1064304524        0.0000000000
       57.4489800000        1.0000000000        1.0000000000      862.8099456579        0.0000000000        0.8869204367        0.1064304524        0.0000000000
       57.5510200000        1.0000000000        1.0000000000     1941.1693563264        0.0000000000        0.8869204367        0.1064304524        0.0000000000
       57.6530610000        1.0000000000        1.0000000000     3009.6111799705        0.0000000000        0.8869204367        0.1064304524        0.0000000000
       57.7551020000        1.0000000000        1.0000000000     2985.5598911407        0.0000000000        0.8869204367        0.1064304524        0.0000000000
       57.8571430000        1.0000000000        1.0000000000     1915.7159918600        0.0000000000        0.8869204367        0.1064304524        0.0000000000
       57.9591840000        1.0000000000        1.0000000000      881.0046501321        0.0000000000        0.8869204367        0.1064304524        0.0000000000
       58.0612240000        1.0000000000        1.0000000000      367.2861118996        0.0000000000        0.8869204367        0.1064304524        0.0000000000
       58.1632650000        1.0000000000        1.0000000000      184.1763135202        0.0000000000        0.8869204367        0.1064304524        0.0000000003
       58.2653060000        1.0000000000        1.0000000000      117.3851530978        0.0000000000        0.8869204367        0.1064304524        0.0000007628
       58.3673470000        1.0000000000        1.0000000000       86.0553806340        0.0000000000        0.8869204367        0.1064304524        0.0000327488
       58.4693880000        1.0000000000        1.0000000000       67.9695989585        0.0000000000        0.8869204367        0.1064304524        0.0002869072
       58.5714290000        1.0000000000        1.0000000000       56.3056346848        0.0000000000        0.8869204367        0.1064304524        0.0011630887
       58.6734690000        1.0000000000        1.0000000000       48.4625304628        0.0000000000        0.8869204367        0.1064304524        0.0029809786
       58.7755100000        1.0000000000        1.0000000000       43.7800131033        0.0000000000        0.8869204367        0.1064304524        0.0052286531
       58.8775510000        1.0000000000        1.0000000000       42.6472353006        0.0000000000        0.8869204367        0.1064304524        0.0059899738
       58.9795920000        1.0000000000        1.0000000000       43.6603841184        0.0000000000        0.8869204367        0.1064304524        0.0053042542
       59.0816330000        1.0000000000        1.0000000000       42.2240828083        0.0000000000        0.8869204367        0.1064304524        0.0063019893
       59.1836730000        1.0000000000        1.0000000000       36.6381075974        0.0000000000        0.8869204367        0.1064304524        0.0123194876
       59.2857140000        1.0000000000        1.0000000000       30.7211780857        0.0000000000        0.8869204367        0.1064304524        0.0250585205
       59.3877550000        1.0000000000        1.0000000000       27.0754402731        0.0000000000        0.8869204367        0.1064304524        0.0388109509
       59.4897960000        1.0000000000        1.0000000000       25.0933579552        0.0000000000        0.8869204367        0.1064304524        0.0492324188
       59.5918370000        1.0000000000        1.0000000000       23.7742513273        0.0000000000        0.8869204367        0.1064304524        0.0576762294
       59.6938780000        1.0000000000        1.0000000000       22.7256180994        0.0000000000        0.8869204367        0.1064304524        0.0654103895
       59.7959180000        1.0000000000        1.0000000000       21.8380770807        0.0000000000        0.8869204367        0.1064304524        0.0727614316
       59.8979590000        1.0000000000        1.0000000000       21.0700877972        0.0000000000        0.8869204367        0.1064304524        0.0797857361
       60.0000000000        1.0000000000        1.0000000000       20.3973742820        0.0000000000        0.8869204367        0.1064304524        0.0864935950
