       55.0000000000        1.0000000000        1.0000000000        9.9829417815        0.0000000000        0.8869204367        0.1064304524        0.3018113838
       55.1020410000        1.0000000000        1.0000000000       10.0301507377        0.0000000000        0.8869204367        0.1064304524        0.3001064336
       55.2040820000        1.0000000000        1.0000000000       10.0924907853        0.0000000000        0.8869204367        0.1064304524        0.2978697721
       55.3061220000        1.0000000000        1.0000000000       10.1778238210        0.0000000000        0.8869204367        0.1064304524        0.2948351600
       55.4081630000        1.0000000000        1.0000000000       10.3146423124        0.0000000000        0.8869204367        0.1064304524        0.2900340128
       55.5102040000        1.0000000000        1.0000000000       10.6146259593        0.0000000000        0.8869204367        0.1064304524        0.2797790442
       55.6122450000        1.0000000000        1.0000000000       11.3034590091        0.0000000000        0.8869204367        0.1064304524        0.2575825363
       55.7142860000        1.0000000000        1.0000000000       12.3207215097        0.0000000000        0.8869204367        0.1064304524        0.2279824604
       55.8163270000        1.0000000000        1.0000000000       12.9078651453        0.0000000000        0.8869204367        0.1064304524        0.2124722649
       55.9183670000        1.0000000000        1.0000000000       12.6553190384        0.0000000000        0.8869204367        0.1064304524        0.2190099132
       56.0204080000        1.0000000000        1.0000000000       12.3011320581        0.0000000000        0.8869204367        0.1064304524        0.2285190169
       56.1224490000        1.0000000000        1.0000000000       12.4653710851        0.0000000000        0.8869204367        0.1064304524        0.2240593000
       56.2244900000        1.0000000000        1.0000000000       13.1194812819        0.0000000000        0.8869204367        0.1064304524        0.2071446880
       56.3265310000        1.0000000000        1.0000000000       14.1683093869        0.0000000000        0.8869204367        0.1064304524        0.1826475159
       56.4285710000        1.0000000000        1.0000000000       15.7026497837        0.0000000000        0.8869204367        0.1064304524        0.1519326461
       56.5306120000        1.0000000000        1.0000000000       17.9900863630        0.0000000000        0.8869204367        0.1064304524        0.1154623976
       56.6326530000        1.0000000000        1.0000000000       21.5618641128        0.0000000000        0.8869204367        0.1064304524        0.0752135639
       56.7346940000        1.0000000000        1.0000000000       27.5625956866        0.0000000000        0.8869204367        0.1064304524        0.0366071581
       56.8367350000        1.0000000000        1.0000000000       39.1057997787        0.0000000000        0.8869204367        0.1064304524        0.0091619525
       56.9387760000        1.0000000000        1.0000000000       68.0892839921        0.0000000000        0.8869204367        0.1064304524        0.0002828160
       57.0408160000        1.0000000000        1.0000000000      164.9852724883        0.0000000000        0.8869204367        0.1064304524        0.0000000025
       57.1428570000        1.0000000000        1.0000000000      474.4154911259        0.0000000000        0.8869204367        0.1064304524        0.0000000000
       57.2448980000        1.0000000000        1.0000000000     1123.9103219585        0.0000000000        0.8869204367        0.1064304524        0.0000000000
       57.3469390000        1.0000000000        1.0000000000     1773.9665232837        0.0000000000        0.8869204367        0.1064304524        0.0000000000
       57.4489800000        1.0000000000        1.0000000000     1738.6560242660        0.0000000000        0.8869204367        0.1064304524        0.0000000000
       57.5510200000        1.0000000000        1.0000000000     1072.5152074700        0.0000000000        0.8869204367        0.1064304524        0.0000000000
       57.6530610000        1.0000000000        1.0000000000      464.1301009753        0.0000000000        0.8869204367        0.1064304524        0.0000000000
       57.7551020000        1.0000000000        1.0000000000      183.6261022037        0.0000000000        0.8869204367        0.1064304524        0.0000000003
       57.8571430000        1.0000000000        1.0000000000       92.1443481992        0.0000000000        0.8869204367        0.1064304524        0.0000157713
       57.9591840000        1.0000000000        1.0000000000       60.8895107437        0.0000000000        0.8869204367        0.1064304524        0.0006710001
       58.0612240000        1.0000000000        1.0000000000       46.4630936597        0.0000000000        0.8869204367        0.1064304524        0.0037893104
       58.1632650000        1.0000000000        1.0000000000       38.1019662758        0.0000000000        0.8869204367        0.1064304524        0.0103348257
       58.2653060000        1.0000000000        1.0000000000       32.6612914409        0.0000000000        0.8869204367        0.1064304524        0.0198538969
       58.3673470000        1.0000000000        1.0000000000       28.8762455913        0.0000000000        0.8869204367        0.1064304524        0.0312683314
       58.4693880000        1.0000000000        1.0000000000       26.1261994056        0.0000000000        0.8869204367        0.1064304524        0.0434934934
       58.5714290000        1.0000000000        1.0000000000       24.0966072271        0.0000000000        0.8869204367        0.1064304524        0.0554877575
       58.6734690000        1.0000000000        1.0000000000       22.7668226977        0.0000000000        0.8869204367        0.1064304524        0.0650877627
       58.7755100000        1.0000000000        1.0000000000       22.7242856208        0.0000000000        0.8869204367        0.1064304524        0.0654208493
       58.8775510000        1.0000000000        1.0000000000       25.0133665437        0.0000000000        0.8869204367        0.1064304524        0.0497072747
       58.9795920000        1.0000000000        1.0000000000       28.5744930786        0.0000000000        0.8869204367        0.1064304524        0.0324213161
       59.0816330000        1.0000000000        1.0000000000       29.0558209834        0.0000000000        0.8869204367        0.1064304524        0.0306017367
       59.1836730000        1.0000000000        1.0000000000       25.0019426817        0.0000000000        0.8869204367        0.1064304524        0.0497754633
       59.2857140000        1.0000000000        1.0000000000       20.3841155359        0.0000000000        0.8869204367        0.1064304524        0.0866313201
       59.3877550000        1.0000000000        1.0000000000       17.8393822615        0.0000000000        0.8869204367        0.1064304524        0.1175694717
       59.4897960000        1.0000000000        1.0000000000       16.7768701638        0.0000000000        0.8869204367        0.1064304524        0.1335573347
       59.5918370000        1.0000000000        1.0000000000       16.2290019294        0.0000000000        0.8869204367        0.1064304524        0.1426330214
       59.6938780000        1.0000000000        1.0000000000       15.8351935274        0.0000000000        0.8869204367        0.1064304524        0.1495352358
       59.7959180000        1.0000000000        1.0000000000       15.5098951156        0.0000000000        0.8869204367        0.1064304524        0.1554878922
       59.8979590000        1.0000000000        1.0000000000       15.2291354788        0.0000000000        0.8869204367        0.1064304524        0.1608157053
       60.0000000000        1.0000000000        1.0000000000       14.9819897374        0.0000000000        0.8869204367        0.1064304524        0.1656565237
