       55.0000000000        1.0000000000        1.0000000000       11.1823498046        0.0000000000        0.8869204367        0.1064304524        0.2613533446
       55.1020410000        1.0000000000        1.0000000000       11.8258115141        0.0000000000        0.8869204367        0.1064304524        0.2419322909
       55.2040820000        1.0000000000        1.0000000000       12.6798733113        0.0000000000        0.8869204367        0.1064304524        0.2183655474
       55.3061220000        1.0000000000        1.0000000000       13.8366927439        0.0000000000        0.8869204367        0.1064304524        0.1900623450
       55.4081630000        1.0000000000        1.0000000000       15.4580794006        0.0000000000        0.8869204367        0.1064304524        0.1564577102
       55.5102040000        1.0000000000        1.0000000000       17.8742928027        0.0000000000        0.8869204367        0.1064304524        0.1170779723
       55.6122450000        1.0000000000        1.0000000000       21.6840397945        0.0000000000        0.8869204367        0.1064304524        0.0741188958
       55.7142860000        1.0000000000        1.0000000000       27.5128532306        0.0000000000        0.8869204367        0.1064304524        0.0368263231
       55.8163270000        1.0000000000        1.0000000000       36.0641781020        0.0000000000        0.8869204367        0.1064304524        0.0131978496
       55.9183670000        1.0000000000        1.0000000000       50.6868633045        0.0000000000        0.8869204367        0.1064304524        0.0022826378
       56.0204080000        1.0000000000        1.0000000000       85.2347494645        0.0000000000        0.8869204367        0.1064304524        0.0000361378
       56.1224490000        1.0000000000        1.0000000000      194.7744456749        0.0000000000        0.8869204367        0.1064304524        0.0000000001
       56.2244900000        1.0000000000        1.0000000000      546.3073787147        0.0000000000        0.8869204367        0.1064304524        0.0000000000
       56.3265310000        1.0000000000        1.0000000000     1336.4270905940        0.0000000000        0.8869204367        0.1064304524        0.0000000000
       56.4285710000        1.0000000000        1.0000000000     2244.0740943529        0.0000000000        0.8869204367        0.1064304524        0.0000000000
       56.5306120000        1.0000000000        1.0000000000     2362.6807976277        0.0000000000        0.8869204367        0.1064304524        0.0000000000
       56.6326530000        1.0000000000        1.0000000000     1562.5038335325        0.0000000000        0.8869204367        0.1064304524        0.0000000000
       56.7346940000        1.0000000000        1.0000000000      712.2905627522        0.0000000000        0.8869204367        0.1064304524        0.0000000000
       56.8367350000        1.0000000000        1.0000000000      283.4034328069        0.0000000000        0.8869204367        0.1064304524        0.0000000000
       56.9387760000        1.0000000000        1.0000000000      136.0137639451        0.0000000000        0.8869204367        0.1064304524        0.0000000816
       57.0408160000        1.0000000000        1.0000000000       85.5791977978        0.0000000000        0.8869204367        0.1064304524        0.0000346746
       57.1428570000        1.0000000000        1.0000000000       62.8825463777        0.0000000000        0.8869204367        0.1064304524        0.0005282687
       57.2448980000        1.0000000000        1.0000000000       49.9773138658        0.0000000000        0.8869204367        0.1064304524        0.0024855094
       57.3469390000        1.0000000000        1.0000000000       41.6758789988        0.0000000000        0.8869204367        0.1064304524        0.0067305025
       57.4489800000        1.0000000000        1.0000000000       35.9395695170        0.0000000000        0.8869204367        0.1064304524        0.0133966803
       57.5510200000        1.0000000000        1.0000000000       31.7743824689        0.0000000000        0.8869204367        0.1064304524        0.0220834704
       57.6530610000        1.0000000000        1.0000000000       28.6345992602        0.0000000000        0.8869204367        0.1064304524        0.0321883108
       57.7551020000        1.0000000000        1.0000000000       26.1970159510        0.0000000000        0.8869204367        0.1064304524        0.0431254524
       57.8571430000        1.0000000000        1.0000000000       24.2589470930        0.0000000000        0.8869204367        0.1064304524        0.0544172733
       57.9591840000        1.0000000000        1.0000000000       22.6875251869        0.0000000000        0.8869204367        0.1064304524        0.0657100746
       58.0612240000        1.0000000000        1.0000000000       21.3925493130        0.0000000000        0.8869204367        0.1064304524        0.0767573664
       58.1632650000        1.0000000000        1.0000000000       20.3111144629        0.0000000000        0.8869204367        0.1064304524        0.0873935554
       58.2653060000        1.0000000000        1.0000000000       19.3988139005        0.0000000000        0.8869204367        0.1064304524        0.0975044103
       58.3673470000        1.0000000000        1.0000000000       18.6248858179        0.0000000000        0.8869204367        0.1064304524        0.1069935959
       58.4693880000        1.0000000000        1.0000000000       17.9720715229        0.0000000000        0.8869204367        0.1064304524        0.1157122720
       58.5714290000        1.0000000000        1.0000000000       17.4558915077        0.0000000000        0.8869204367        0.1064304524        0.1231063109
       58.6734690000        1.0000000000        1.0000000000       17.2500434767        0.0000000000        0.8869204367        0.1064304524        0.1261851234
       58.7755100000        1.0000000000        1.0000000000       18.0625648047        0.0000000000        0.8869204367        0.1064304524        0.1144625279
       58.8775510000        1.0000000000        1.0000000000       21.0134521561        0.0000000000        0.8869204367        0.1064304524        0.0803298289
       58.9795920000        1.0000000000        1.0000000000       25.0896650907        0.0000000000        0.8869204367        0.1064304524        0.0492542406
       59.0816330000        1.0000000000        1.0000000000       25.9757633064        0.0000000000        0.8869204367        0.1064304524        0.0442857822
       59.1836730000        1.0000000000        1.0000000000       22.2523292649        0.0000000000        0.8869204367        0.1064304524        0.0692328712
       59.2857140000        1.0000000000        1.0000000000       17.9148157135        0.0000000000        0.8869204367        0.1064304524        0.1165100335
       59.3877550000        1.0000000000        1.0000000000       15.6099245527        0.0000000000        0.8869204367        0.1064304524        0.1536326453
       59.4897960000        1.0000000000        1.0000000000       14.7536081265        0.0000000000        0.8869204367        0.1064304524        0.1702592548
       59.5918370000        1.0000000000        1.0000000000       14.3864797232        0.0000000000        0.8869204367        0.1064304524        0.1779277755
       59.6938780000        1.0000000000        1.0000000000       14.1556230748        0.0000000000        0.8869204367        0.1064304524        0.1829257824
       59.7959180000        1.0000000000        1.0000000000       13.9820380134        0.0000000000        0.8869204367        0.1064304524        0.1867761269
       59.8979590000        1.0000000000        1.0000000000       13.8476043160        0.0000000000        0.8869204367        0.1064304524        0.1898136423
       60.0000000000        1.0000000000        1.0000000000       13.7469974272        0.0000000000        0.8869204367        0.1064304524        0.1921191183
