       55.0000000000        1.0000000000        1.0000000000        9.6425783067        0.0000000000        0.8869204367        0.1064304524        0.3143936560
       55.1020410000        1.0000000000        1.0000000000        9.6690653954        0.0000000000        0.8869204367        0.1064304524        0.3133959577
       55.2040820000        1.0000000000        1.0000000000        9.7069054187        0.0000000000        0.8869204367        0.1064304524        0.3119761145
       55.3061220000        1.0000000000        1.0000000000        9.7631485327        0.0000000000        0.8869204367        0.1064304524        0.3098776230
       55.4081630000        1.0000000000        1.0000000000        9.8652238736        0.0000000000        0.8869204367        0.1064304524        0.3061050716
       55.5102040000        1.0000000000        1.0000000000       10.1235360193        0.0000000000        0.8869204367        0.1064304524        0.2967621442
       55.6122450000        1.0000000000        1.0000000000       10.7630217814        0.0000000000        0.8869204367        0.1064304524        0.2748409771
       55.7142860000        1.0000000000        1.0000000000       11.7237563345        0.0000000000        0.8869204367        0.1064304524        0.2449133609
       55.8163270000        1.0000000000        1.0000000000       12.2458148054        0.0000000000        0.8869204367        0.1064304524        0.2300409881
       55.9183670000        1.0000000000        1.0000000000       11.9134752913        0.0000000000        0.8869204367        0.1064304524        0.2394005867
       56.0204080000        1.0000000000        1.0000000000       11.4595778106        0.0000000000        0.8869204367        0.1064304524        0.2528018402
       56.1224490000        1.0000000000        1.0000000000       11.5034138799        0.0000000000        0.8869204367        0.1064304524        0.2514755111
       56.2244900000        1.0000000000        1.0000000000       12.0171492011        0.0000000000        0.8869204367        0.1064304524        0.2364406854
       56.3265310000        1.0000000000        1.0000000000       12.9096571357        0.0000000000        0.8869204367        0.1064304524        0.2124265800
       56.4285710000        1.0000000000        1.0000000000       14.2897857769        0.0000000000        0.8869204367        0.1064304524        0.1800043443
       56.5306120000        1.0000000000        1.0000000000       16.4874804645        0.0000000000        0.8869204367        0.1064304524        0.1382768207
       56.6326530000        1.0000000000        1.0000000000       20.2573552941        0.0000000000        0.8869204367        0.1064304524        0.0879591624
       56.7346940000        1.0000000000        1.0000000000       27.7764237151        0.0000000000        0.8869204367        0.1064304524        0.0356797904
       56.8367350000        1.0000000000        1.0000000000       48.0561225556        0.0000000000        0.8869204367        0.1064304524        0.0031299611
       56.9387760000        1.0000000000        1.0000000000      120.5189199230        0.0000000000        0.8869204367        0.1064304524        0.0000005237
       57.0408160000        1.0000000000        1.0000000000      353.1898585327        0.0000000000        0.8869204367        0.1064304524        0.0000000000
       57.1428570000        1.0000000000        1.0000000000      818.1656336686        0.0000000000        0.8869204367        0.1064304524        0.0000000000
       57.2448980000        1.0000000000        1.0000000000     1229.7476531865        0.0000000000        0.8869204367        0.1064304524        0.0000000000
       57.3469390000        1.0000000000        1.0000000000     1131.6936854025        0.0000000000        0.8869204367        0.1064304524        0.0000000000
       57.4489800000        1.0000000000        1.0000000000      653.0574278410        0.0000000000        0.8869204367        0.1064304524        0.0000000000
       57.5510200000        1.0000000000        1.0000000000      267.3471457899        0.0000000000        0.8869204367        0.1064304524        0.0000000000
       57.6530610000        1.0000000000        1.0000000000      105.7247669086        0.0000000000        0.8869204367        0.1064304524        0.0000030911
       57.7551020000        1.0000000000        1.0000000000       56.2948968683        0.0000000000        0.8869204367        0.1064304524        0.0011645883
       57.8571430000        1.0000000000        1.0000000000       39.4350618611        0.0000000000        0.8869204367        0.1064304524        0.0088070088
       57.9591840000        1.0000000000        1.0000000000       31.3601321763        0.0000000000        0.8869204367        0.1064304524        0.0232089834
       58.0612240000        1.0000000000        1.0000000000       26.5533077000        0.0000000000        0.8869204367        0.1064304524        0.0413204839
       58.1632650000        1.0000000000        1.0000000000       23.3800096327        0.0000000000        0.8869204367        0.1064304524        0.0604704081
       58.2653060000        1.0000000000        1.0000000000       21.1507963931        0.0000000000        0.8869204367        0.1064304524        0.0790167387
       58.3673470000        1.0000000000        1.0000000000       19.5166103229        0.0000000000        0.8869204367        0.1064304524        0.0961358255
       58.4693880000        1.0000000000        1.0000000000       18.2874426355        0.0000000000        0.8869204367        0.1064304524        0.1114150217
       58.5714290000        1.0000000000        1.0000000000       17.3788440561        0.0000000000        0.8869204367        0.1064304524        0.1242497922
       58.6734690000        1.0000000000        1.0000000000       16.9040090086        0.0000000000        0.8869204367        0.1064304524        0.1315351607
       58.7755100000        1.0000000000        1.0000000000       17.5324001398        0.0000000000        0.8869204367        0.1064304524        0.1219812400
       58.8775510000        1.0000000000        1.0000000000       20.3543055362        0.0000000000        0.8869204367        0.1064304524        0.0869417726
       58.9795920000        1.0000000000        1.0000000000       24.3294608188        0.0000000000        0.8869204367        0.1064304524        0.0539587562
       59.0816330000        1.0000000000        1.0000000000       25.1300819490        0.0000000000        0.8869204367        0.1064304524        0.0490159348
       59.1836730000        1.0000000000        1.0000000000       21.3453901710        0.0000000000        0.8869204367        0.1064304524        0.0771929752
       59.2857140000        1.0000000000        1.0000000000       16.9733033205        0.0000000000        0.8869204367        0.1064304524        0.1304459390
       59.3877550000        1.0000000000        1.0000000000       14.6476130532        0.0000000000        0.8869204367        0.1064304524        0.1724386830
       59.4897960000        1.0000000000        1.0000000000       13.7732737238        0.0000000000        0.8869204367        0.1064304524        0.1915142909
       59.5918370000        1.0000000000        1.0000000000       13.3865739841        0.0000000000        0.8869204367        0.1064304524        0.2006107375
       59.6938780000        1.0000000000        1.0000000000       13.1322610532        0.0000000000        0.8869204367        0.1064304524        0.2068272601
       59.7959180000        1.0000000000        1.0000000000       12.9288388698        0.0000000000        0.8869204367        0.1064304524        0.2119381771
       59.8979590000        1.0000000000        1.0000000000       12.7553153310        0.0000000000        0.8869204367        0.1064304524        0.2163975963
       60.0000000000        1.0000000000        1.0000000000       12.6030572084        0.0000000000        0.8869204367        0.1064304524        0.2203877322
