       55.0000000000        1.0000000000        1.0000000000        8.8916848152        0.0000000000        0.8869204367        0.1064304524        0.3440383388
       55.1020410000        1.0000000000        1.0000000000        8.9124249041        0.0000000000        0.8869204367        0.1064304524        0.3431831571
       55.2040820000        1.0000000000        1.0000000000        8.9423364426        0.0000000000        0.8869204367        0.1064304524        0.3419535489
       55.3061220000        1.0000000000        1.0000000000        8.9874205506        0.0000000000        0.8869204367        0.1064304524        0.3401085437
       55.4081630000        1.0000000000        1.0000000000        9.0736551083        0.0000000000        0.8869204367        0.1064304524        0.3366071980
       55.5102040000        1.0000000000        1.0000000000        9.3092632676        0.0000000000        0.8869204367        0.1064304524        0.3272235861
       55.6122450000        1.0000000000        1.0000000000        9.9149456651        0.0000000000        0.8869204367        0.1064304524        0.3042840984
       55.7142860000        1.0000000000        1.0000000000       10.8230078535        0.0000000000        0.8869204367        0.1064304524        0.2728696849
       55.8163270000        1.0000000000        1.0000000000       11.2649676881        0.0000000000        0.8869204367        0.1064304524        0.2587750513
       55.9183670000        1.0000000000        1.0000000000       10.8179072550        0.0000000000        0.8869204367        0.1064304524        0.2730367519
       56.0204080000        1.0000000000        1.0000000000       10.1992880073        0.0000000000        0.8869204367        0.1064304524        0.2940767295
       56.1224490000        1.0000000000        1.0000000000        9.9962100716        0.0000000000        0.8869204367        0.1064304524        0.3013312236
       56.2244900000        1.0000000000        1.0000000000       10.1288813516        0.0000000000        0.8869204367        0.1064304524        0.2965718502
       56.3265310000        1.0000000000        1.0000000000       10.4190237500        0.0000000000        0.8869204367        0.1064304524        0.2864237704
       56.4285710000        1.0000000000        1.0000000000       10.8159296814        0.0000000000        0.8869204367        0.1064304524        0.2731015536
       56.5306120000        1.0000000000        1.0000000000       11.3320678572        0.0000000000        0.8869204367        0.1064304524        0.2566997557
       56.6326530000        1.0000000000        1.0000000000       12.0026828049        0.0000000000        0.8869204367        0.1064304524        0.2368514952
       56.7346940000        1.0000000000        1.0000000000       12.8821285881        0.0000000000        0.8869204367        0.1064304524        0.2131294758
       56.8367350000        1.0000000000        1.0000000000       14.0519629940        0.0000000000        0.8869204367        0.1064304524        0.1852154459
       56.9387760000        1.0000000000        1.0000000000       15.6373471221        0.0000000000        0.8869204367        0.1064304524        0.1531279160
       57.0408160000        1.0000000000        1.0000000000       17.8374436181        0.0000000000        0.8869204367        0.1064304524        0.1175968259
       57.1428570000        1.0000000000        1.0000000000       20.9846866163        0.0000000000        0.8869204367        0.1064304524        0.0806075957
       57.2448980000        1.0000000000        1.0000000000       25.6688631651        0.0000000000        0.8869204367        0.1064304524        0.0459471443
       57.3469390000        1.0000000000        1.0000000000       33.0291431914        0.0000000000        0.8869204367        0.1064304524        0.0189965635
       57.4489800000        1.0000000000        1.0000000000       45.5986694617        0.0000000000        0.8869204367        0.1064304524        0.0042034892
       57.5510200000        1.0000000000        1.0000000000       70.6801716807        0.0000000000        0.8869204367        0.1064304524        0.0002072426
       57.6530610000        1.0000000000        1.0000000000      136.3127962089        0.0000000000        0.8869204367        0.1064304524        0.0000000787
       57.7551020000        1.0000000000        1.0000000000      346.6916160886        0.0000000000        0.8869204367        0.1064304524        0.0000000000
       57.8571430000        1.0000000000        1.0000000000      931.1724685955        0.0000000000        0.8869204367        0.1064304524        0.0000000000
       57.9591840000        1.0000000000        1.0000000000     1942.7128999960        0.0000000000        0.8869204367        0.1064304524        0.0000000000
       58.0612240000        1.0000000000        1.0000000000     2687.7646966420        0.0000000000        0.8869204367        0.1064304524        0.0000000000
       58.1632650000        1.0000000000        1.0000000000     2353.6456445186        0.0000000000        0.8869204367        0.1064304524        0.0000000000
       58.2653060000        1.0000000000        1.0000000000     1347.4425219182        0.0000000000        0.8869204367        0.1064304524        0.0000000000
       58.3673470000        1.0000000000        1.0000000000      574.9661103350        0.0000000000        0.8869204367        0.1064304524        0.0000000000
       58.4693880000        1.0000000000        1.0000000000      241.7398160040        0.0000000000        0.8869204367        0.1064304524        0.0000000000
       58.5714290000        1.0000000000        1.0000000000      129.6340475707        0.0000000000        0.8869204367        0.1064304524        0.0000001754
       58.6734690000        1.0000000000        1.0000000000       87.4462308931        0.0000000000        0.8869204367        0.1064304524        0.0000277147
       58.7755100000        1.0000000000        1.0000000000       67.4164478798        0.0000000000        0.8869204367        0.1064304524        0.0003065978
       58.8775510000        1.0000000000        1.0000000000       57.9498266224        0.0000000000        0.8869204367        0.1064304524        0.0009548281
       58.9795920000        1.0000000000        1.0000000000       53.9663827251        0.0000000000        0.8869204367        0.1064304524        0.0015400107
       59.0816330000        1.0000000000        1.0000000000       49.3443566644        0.0000000000        0.8869204367        0.1064304524        0.0026816505
       59.1836730000        1.0000000000        1.0000000000       41.6156289305        0.0000000000        0.8869204367        0.1064304524        0.0067793404
       59.2857140000        1.0000000000        1.0000000000       34.1863667037        0.0000000000        0.8869204367        0.1064304524        0.0165335438
       59.3877550000        1.0000000000        1.0000000000       29.4420893457        0.0000000000        0.8869204367        0.1064304524        0.0292156510
       59.4897960000        1.0000000000        1.0000000000       26.6488213158        0.0000000000        0.8869204367        0.1064304524        0.0408495874
       59.5918370000        1.0000000000        1.0000000000       24.7200115469        0.0000000000        0.8869204367        0.1064304524        0.0514882638
       59.6938780000        1.0000000000        1.0000000000       23.2046651988        0.0000000000        0.8869204367        0.1064304524        0.0617562667
       59.7959180000        1.0000000000        1.0000000000       21.9539710036        0.0000000000        0.8869204367        0.1064304524        0.0717565227
       59.8979590000        1.0000000000        1.0000000000       20.8993451069        0.0000000000        0.8869204367        0.1064304524        0.0814373380
       60.0000000000        1.0000000000        1.0000000000       19.9975205362        0.0000000000        0.8869204367        0.1064304524        0.0907449491
