       55.0000000000        1.0000000000        1.0000000000       10.0352703586        0.0000000000        0.8869204367        0.1064304524        0.2999221185
       55.1020410000        1.0000000000        1.0000000000       10.1483814969        0.0000000000        0.8869204367        0.1064304524        0.2958786782
       55.2040820000        1.0000000000        1.0000000000       10.3106883082        0.0000000000        0.8869204367        0.1064304524        0.2901716609
       55.3061220000        1.0000000000        1.0000000000       10.5493962970        0.0000000000        0.8869204367        0.1064304524        0.2819776249
       55.4081630000        1.0000000000        1.0000000000       10.9264441219        0.0000000000        0.8869204367        0.1064304524        0.2695036636
       55.5102040000        1.0000000000        1.0000000000       11.6151137751        0.0000000000        0.8869204367        0.1064304524        0.2481272268
       55.6122450000        1.0000000000        1.0000000000       12.9655785146        0.0000000000        0.8869204367        0.1064304524        0.2110058498
       55.7142860000        1.0000000000        1.0000000000       15.2035816737        0.0000000000        0.8869204367        0.1064304524        0.1613095965
       55.8163270000        1.0000000000        1.0000000000       18.4642781092        0.0000000000        0.8869204367        0.1064304524        0.1090756748
       55.9183670000        1.0000000000        1.0000000000       26.6419417919        0.0000000000        0.8869204367        0.1064304524        0.0408833244
       56.0204080000        1.0000000000        1.0000000000       61.1934595541        0.0000000000        0.8869204367        0.1064304524        0.0006469671
       56.1224490000        1.0000000000        1.0000000000      178.6905987552        0.0000000000        0.8869204367        0.1064304524        0.0000000005
       56.2244900000        1.0000000000        1.0000000000      402.4122135830        0.0000000000        0.8869204367        0.1064304524        0.0000000000
       56.3265310000        1.0000000000        1.0000000000      566.6746781656        0.0000000000        0.8869204367        0.1064304524        0.0000000000
       56.4285710000        1.0000000000        1.0000000000      476.0051622508        0.0000000000        0.8869204367        0.1064304524        0.0000000000
       56.5306120000        1.0000000000        1.0000000000      250.4576810147        0.0000000000        0.8869204367        0.1064304524        0.0000000000
       56.6326530000        1.0000000000        1.0000000000      102.5125973708        0.0000000000        0.8869204367        0.1064304524        0.0000045449
       56.7346940000        1.0000000000        1.0000000000       57.7821678579        0.0000000000        0.8869204367        0.1064304524        0.0009742329
       56.8367350000        1.0000000000        1.0000000000       76.8769562091        0.0000000000        0.8869204367        0.1064304524        0.0000985216
       56.9387760000        1.0000000000        1.0000000000      192.9509307509        0.0000000000        0.8869204367        0.1064304524        0.0000000001
       57.0408160000        1.0000000000        1.0000000000      474.2962991448        0.0000000000        0.8869204367        0.1064304524        0.0000000000
       57.1428570000        1.0000000000        1.0000000000      792.8460801684        0.0000000000        0.8869204367        0.1064304524        0.0000000000
       57.2448980000        1.0000000000        1.0000000000      814.7642004555        0.0000000000        0.8869204367        0.1064304524        0.0000000000
       57.3469390000        1.0000000000        1.0000000000      516.1788428612        0.0000000000        0.8869204367        0.1064304524        0.0000000000
       57.4489800000        1.0000000000        1.0000000000      223.7612544506        0.0000000000        0.8869204367        0.1064304524        0.0000000000
       57.5510200000        1.0000000000        1.0000000000       88.0861136902        0.0000000000        0.8869204367        0.1064304524        0.0000256663
       57.6530610000        1.0000000000        1.0000000000       45.8724199680        0.0000000000        0.8869204367        0.1064304524        0.0040676477
       57.7551020000        1.0000000000        1.0000000000       32.4894588060        0.0000000000        0.8869204367        0.1064304524        0.0202675325
       57.8571430000        1.0000000000        1.0000000000       26.5314603437        0.0000000000        0.8869204367        0.1064304524        0.0414289552
       57.9591840000        1.0000000000        1.0000000000       23.0875313716        0.0000000000        0.8869204367        0.1064304524        0.0626304458
       58.0612240000        1.0000000000        1.0000000000       20.8412588093        0.0000000000        0.8869204367        0.1064304524        0.0820069682
       58.1632650000        1.0000000000        1.0000000000       19.2852162392        0.0000000000        0.8869204367        0.1064304524        0.0988426637
       58.2653060000        1.0000000000        1.0000000000       18.1773338557        0.0000000000        0.8869204367        0.1064304524        0.1128969230
       58.3673470000        1.0000000000        1.0000000000       17.3958709275        0.0000000000        0.8869204367        0.1064304524        0.1239961811
       58.4693880000        1.0000000000        1.0000000000       16.8924273027        0.0000000000        0.8869204367        0.1064304524        0.1317180960
       58.5714290000        1.0000000000        1.0000000000       16.7013438229        0.0000000000        0.8869204367        0.1064304524        0.1347732882
       58.6734690000        1.0000000000        1.0000000000       17.0888484697        0.0000000000        0.8869204367        0.1064304524        0.1286497329
       58.7755100000        1.0000000000        1.0000000000       19.0473671982        0.0000000000        0.8869204367        0.1064304524        0.1017044660
       58.8775510000        1.0000000000        1.0000000000       24.8679244973        0.0000000000        0.8869204367        0.1064304524        0.0505824329
       58.9795920000        1.0000000000        1.0000000000       39.6398183273        0.0000000000        0.8869204367        0.1064304524        0.0085932506
       59.0816330000        1.0000000000        1.0000000000       82.7932887354        0.0000000000        0.8869204367        0.1064304524        0.0000484395
       59.1836730000        1.0000000000        1.0000000000      192.8808728934        0.0000000000        0.8869204367        0.1064304524        0.0000000001
       59.2857140000        1.0000000000        1.0000000000      346.2328142749        0.0000000000        0.8869204367        0.1064304524        0.0000000000
       59.3877550000        1.0000000000        1.0000000000      396.4463212866        0.0000000000        0.8869204367        0.1064304524        0.0000000000
       59.4897960000        1.0000000000        1.0000000000      280.6802398450        0.0000000000        0.8869204367        0.1064304524        0.0000000000
       59.5918370000        1.0000000000        1.0000000000      132.8387605937        0.0000000000        0.8869204367        0.1064304524        0.0000001194
       59.6938780000        1.0000000000        1.0000000000       54.4257135853        0.0000000000        0.8869204367        0.1064304524        0.0014574228
       59.7959180000        1.0000000000        1.0000000000       29.2306833774        0.0000000000        0.8869204367        0.1064304524        0.0299662957
       59.8979590000        1.0000000000        1.0000000000       22.0629866177        0.0000000000        0.8869204367        0.1064304524        0.0708239262
       60.0000000000        1.0000000000        1.0000000000       19.2509099371        0.0000000000        0.8869204367        0.1064304524        0.0992504136
