       55.0000000000        1.0000000000        1.0000000000       10.1101769349        0.0000000000        0.8869204367        0.1064304524        0.2972382622
       55.1020410000        1.0000000000        1.0000000000       10.1797664595        0.0000000000        0.8869204367        0.1064304524        0.2947664370
       55.2040820000        1.0000000000        1.0000000000       10.2706452792        0.0000000000        0.8869204367        0.1064304524        0.2915693385
       55.3061220000        1.0000000000        1.0000000000       10.3927150761        0.0000000000        0.8869204367        0.1064304524        0.2873294509
       55.4081630000        1.0000000000        1.0000000000       10.5773391906        0.0000000000        0.8869204367        0.1064304524        0.2810336958
       55.5102040000        1.0000000000        1.0000000000       10.9402574041        0.0000000000        0.8869204367        0.1064304524        0.2690573060
       55.6122450000        1.0000000000        1.0000000000       11.7127830652        0.0000000000        0.8869204367        0.1064304524        0.2452360733
       55.7142860000        1.0000000000        1.0000000000       12.8424331618        0.0000000000        0.8869204367        0.1064304524        0.2141471294
       55.8163270000        1.0000000000        1.0000000000       13.5835616629        0.0000000000        0.8869204367        0.1064304524        0.1959242058
       55.9183670000        1.0000000000        1.0000000000       13.5480484607        0.0000000000        0.8869204367        0.1064304524        0.1967609350
       56.0204080000        1.0000000000        1.0000000000       13.5076562356        0.0000000000        0.8869204367        0.1064304524        0.1977169635
       56.1224490000        1.0000000000        1.0000000000       14.1380052931        0.0000000000        0.8869204367        0.1064304524        0.1833129211
       56.2244900000        1.0000000000        1.0000000000       15.5086603871        0.0000000000        0.8869204367        0.1064304524        0.1555109322
       56.3265310000        1.0000000000        1.0000000000       17.7111884477        0.0000000000        0.8869204367        0.1064304524        0.1193920559
       56.4285710000        1.0000000000        1.0000000000       21.2218736506        0.0000000000        0.8869204367        0.1064304524        0.0783456495
       56.5306120000        1.0000000000        1.0000000000       27.2304604363        0.0000000000        0.8869204367        0.1064304524        0.0380956471
       56.6326530000        1.0000000000        1.0000000000       39.1950955630        0.0000000000        0.8869204367        0.1064304524        0.0090643017
       56.7346940000        1.0000000000        1.0000000000       71.1197125698        0.0000000000        0.8869204367        0.1064304524        0.0001965949
       56.8367350000        1.0000000000        1.0000000000      181.5118576719        0.0000000000        0.8869204367        0.1064304524        0.0000000003
       56.9387760000        1.0000000000        1.0000000000      521.5312957588        0.0000000000        0.8869204367        0.1064304524        0.0000000000
       57.0408160000        1.0000000000        1.0000000000     1173.3639032015        0.0000000000        0.8869204367        0.1064304524        0.0000000000
       57.1428570000        1.0000000000        1.0000000000     1719.2061437432        0.0000000000        0.8869204367        0.1064304524        0.0000000000
       57.2448980000        1.0000000000        1.0000000000     1553.2588687482        0.0000000000        0.8869204367        0.1064304524        0.0000000000
       57.3469390000        1.0000000000        1.0000000000      888.9055600327        0.0000000000        0.8869204367        0.1064304524        0.0000000000
       57.4489800000        1.0000000000        1.0000000000      366.1014135199        0.0000000000        0.8869204367        0.1064304524        0.0000000000
       57.5510200000        1.0000000000        1.0000000000      146.9520934254        0.0000000000        0.8869204367        0.1064304524        0.0000000220
       57.6530610000        1.0000000000        1.0000000000       78.2129324785        0.0000000000        0.8869204367        0.1064304524        0.0000839279
       57.7551020000        1.0000000000        1.0000000000       53.9026304501        0.0000000000        0.8869204367        0.1064304524        0.0015518374
       57.8571430000        1.0000000000        1.0000000000       42.0488944400        0.0000000000        0.8869204367        0.1064304524        0.0064358759
       57.9591840000        1.0000000000        1.0000000000       34.9591239699        0.0000000000        0.8869204367        0.1064304524        0.0150693127
       58.0612240000        1.0000000000        1.0000000000       30.2710174070        0.0000000000        0.8869204367        0.1064304524        0.0264493925
       58.1632650000        1.0000000000        1.0000000000       26.9732668454        0.0000000000        0.8869204367        0.1064304524        0.0392897338
       58.2653060000        1.0000000000        1.0000000000       24.5492036320        0.0000000000        0.8869204367        0.1064304524        0.0525545061
       58.3673470000        1.0000000000        1.0000000000       22.7093527689        0.0000000000        0.8869204367        0.1064304524        0.0655381848
       58.4693880000        1.0000000000        1.0000000000       21.2849781453        0.0000000000        0.8869204367        0.1064304524        0.0777546146
       58.5714290000        1.0000000000        1.0000000000       20.1982322786        0.0000000000        0.8869204367        0.1064304524        0.0885854307
       58.6734690000        1.0000000000        1.0000000000       19.5628690683        0.0000000000        0.8869204367        0.1064304524        0.0956036492
       58.7755100000        1.0000000000        1.0000000000       20.0470062975        0.0000000000        0.8869204367        0.1064304524        0.0902076760
       58.8775510000        1.0000000000        1.0000000000       22.7426267967        0.0000000000        0.8869204367        0.1064304524        0.0652770202
       58.9795920000        1.0000000000        1.0000000000       26.6159454405        0.0000000000        0.8869204367        0.1064304524        0.0410110616
       59.0816330000        1.0000000000        1.0000000000       27.3374645685        0.0000000000        0.8869204367        0.1064304524        0.0376096073
       59.1836730000        1.0000000000        1.0000000000       23.4800212091        0.0000000000        0.8869204367        0.1064304524        0.0597490167
       59.2857140000        1.0000000000        1.0000000000       19.0325302916        0.0000000000        0.8869204367        0.1064304524        0.1018857048
       59.3877550000        1.0000000000        1.0000000000       16.6343118832        0.0000000000        0.8869204367        0.1064304524        0.1358617539
       59.4897960000        1.0000000000        1.0000000000       15.6952607935        0.0000000000        0.8869204367        0.1064304524        0.1520674213
       59.5918370000        1.0000000000        1.0000000000       15.2515790280        0.0000000000        0.8869204367        0.1064304524        0.1603831750
       59.6938780000        1.0000000000        1.0000000000       14.9466387214        0.0000000000        0.8869204367        0.1064304524        0.1663607515
       59.7959180000        1.0000000000        1.0000000000       14.6978924658        0.0000000000        0.8869204367        0.1064304524        0.1714014015
       59.8979590000        1.0000000000        1.0000000000       14.4836086634        0.0000000000        0.8869204367        0.1064304524        0.1758659821
       60.0000000000        1.0000000000        1.0000000000       14.2945868935        0.0000000000        0.8869204367        0.1064304524        0.1799006676
