       55.0000000000        1.0000000000        1.0000000000        9.7818370808        0.0000000000        0.8869204367        0.1064304524        0.3091834621
       55.1020410000        1.0000000000        1.0000000000        9.8663884565        0.0000000000        0.8869204367        0.1064304524        0.3060622964
       55.2040820000        1.0000000000        1.0000000000        9.9717615623        0.0000000000        0.8869204367        0.1064304524        0.3022165736
       55.3061220000        1.0000000000        1.0000000000       10.1067214573        0.0000000000        0.8869204367        0.1064304524        0.2973615398
       55.4081630000        1.0000000000        1.0000000000       10.3008806421        0.0000000000        0.8869204367        0.1064304524        0.2905133708
       55.5102040000        1.0000000000        1.0000000000       10.6671144232        0.0000000000        0.8869204367        0.1064304524        0.2780223617
       55.6122450000        1.0000000000        1.0000000000       11.4311266766        0.0000000000        0.8869204367        0.1064304524        0.2536664152
       55.7142860000        1.0000000000        1.0000000000       12.5301044579        0.0000000000        0.8869204367        0.1064304524        0.2223255489
       55.8163270000        1.0000000000        1.0000000000       13.2052337778        0.0000000000        0.8869204367        0.1064304524        0.2050240369
       55.9183670000        1.0000000000        1.0000000000       13.0528494459        0.0000000000        0.8869204367        0.1064304524        0.2088076191
       56.0204080000        1.0000000000        1.0000000000       12.8136482298        0.0000000000        0.8869204367        0.1064304524        0.2148881137
       56.1224490000        1.0000000000        1.0000000000       13.1009118098        0.0000000000        0.8869204367        0.1064304524        0.2076067908
       56.2244900000        1.0000000000        1.0000000000       13.8734661769        0.0000000000        0.8869204367        0.1064304524        0.1892254834
       56.3265310000        1.0000000000        1.0000000000       15.0137694095        0.0000000000        0.8869204367        0.1064304524        0.1650259856
       56.4285710000        1.0000000000        1.0000000000       16.5650002986        0.0000000000        0.8869204367        0.1064304524        0.1369964815
       56.5306120000        1.0000000000        1.0000000000       18.6887195664        0.0000000000        0.8869204367        0.1064304524        0.1061771506
       56.6326530000        1.0000000000        1.0000000000       21.6674559550        0.0000000000        0.8869204367        0.1064304524        0.0742665438
       56.7346940000        1.0000000000        1.0000000000       25.9888547039        0.0000000000        0.8869204367        0.1064304524        0.0442162653
       56.8367350000        1.0000000000        1.0000000000       32.5499695984        0.0000000000        0.8869204367        0.1064304524        0.0201208970
       56.9387760000        1.0000000000        1.0000000000       43.1849135191        0.0000000000        0.8869204367        0.1064304524        0.0056156967
       57.0408160000        1.0000000000        1.0000000000       62.4097918151        0.0000000000        0.8869204367        0.1064304524        0.0005591040
       57.1428570000        1.0000000000        1.0000000000      105.0052700534        0.0000000000        0.8869204367        0.1064304524        0.0000033699
       57.2448980000        1.0000000000        1.0000000000      228.6613260831        0.0000000000        0.8869204367        0.1064304524        0.0000000000
       57.3469390000        1.0000000000        1.0000000000      610.8684190408        0.0000000000        0.8869204367        0.1064304524        0.0000000000
       57.4489800000        1.0000000000        1.0000000000     1487.0331882690        0.0000000000        0.8869204367        0.1064304524        0.0000000000
       57.5510200000        1.0000000000        1.0000000000     2584.1137044675        0.0000000000        0.8869204367        0.1064304524        0.0000000000
       57.6530610000        1.0000000000        1.0000000000     2890.8828255206        0.0000000000        0.8869204367        0.1064304524        0.0000000000
       57.7551020000        1.0000000000        1.0000000000     2062.8425208042        0.0000000000        0.8869204367        0.1064304524        0.0000000000
       57.8571430000        1.0000000000        1.0000000000     1011.9017874122        0.0000000000        0.8869204367        0.1064304524        0.0000000000
       57.9591840000        1.0000000000        1.0000000000      416.5533812574        0.0000000000        0.8869204367        0.1064304524        0.0000000000
       58.0612240000        1.0000000000        1.0000000000      194.9577604707        0.0000000000        0.8869204367        0.1064304524        0.0000000001
       58.1632650000        1.0000000000        1.0000000000      118.0655772553        0.0000000000        0.8869204367        0.1064304524        0.0000007030
       58.2653060000        1.0000000000        1.0000000000       84.5534573266        0.0000000000        0.8869204367        0.1064304524        0.0000392164
       58.3673470000        1.0000000000        1.0000000000       66.0058697016        0.0000000000        0.8869204367        0.1064304524        0.0003631464
       58.4693880000        1.0000000000        1.0000000000       54.2778724700        0.0000000000        0.8869204367        0.1064304524        0.0014835095
       58.5714290000        1.0000000000        1.0000000000       46.3143459500        0.0000000000        0.8869204367        0.1064304524        0.0038575558
       58.6734690000        1.0000000000        1.0000000000       40.8305475437        0.0000000000        0.8869204367        0.1064304524        0.0074490728
       58.7755100000        1.0000000000        1.0000000000       37.7491394899        0.0000000000        0.8869204367        0.1064304524        0.0107817894
       58.8775510000        1.0000000000        1.0000000000       37.7510021888        0.0000000000        0.8869204367        0.1064304524        0.0107793796
       58.9795920000        1.0000000000        1.0000000000       39.5848445718        0.0000000000        0.8869204367        0.1064304524        0.0086501264
       59.0816330000        1.0000000000        1.0000000000       38.7527281990        0.0000000000        0.8869204367        0.1064304524        0.0095584721
       59.1836730000        1.0000000000        1.0000000000       33.6357351337        0.0000000000        0.8869204367        0.1064304524        0.0176629118
       59.2857140000        1.0000000000        1.0000000000       28.1031712604        0.0000000000        0.8869204367        0.1064304524        0.0343078684
       59.3877550000        1.0000000000        1.0000000000       24.7746170702        0.0000000000        0.8869204367        0.1064304524        0.0511519815
       59.4897960000        1.0000000000        1.0000000000       23.0523831718        0.0000000000        0.8869204367        0.1064304524        0.0628951654
       59.5918370000        1.0000000000        1.0000000000       21.9476227183        0.0000000000        0.8869204367        0.1064304524        0.0718112072
       59.6938780000        1.0000000000        1.0000000000       21.0781643295        0.0000000000        0.8869204367        0.1064304524        0.0797084465
       59.7959180000        1.0000000000        1.0000000000       20.3422254440        0.0000000000        0.8869204367        0.1064304524        0.0870678958
       59.8979590000        1.0000000000        1.0000000000       19.7038248835        0.0000000000        0.8869204367        0.1064304524        0.0940001420
       60.0000000000        1.0000000000        1.0000000000       19.1428635290        0.0000000000        0.8869204367        0.1064304524        0.1005456301
