       55.0000000000        1.0000000000        1.0000000000       11.9719667010        0.0000000000        0.8869204367        0.1064304524        0.2377261248
       55.1020410000        1.0000000000        1.0000000000       12.5321596554        0.0000000000        0.8869204367        0.1064304524        0.2222707249
       55.2040820000        1.0000000000        1.0000000000       13.2036886561        0.0000000000        0.8869204367        0.1064304524        0.2050620549
       55.3061220000        1.0000000000        1.0000000000       14.0176653766        0.0000000000        0.8869204367        0.1064304524        0.1859793105
       55.4081630000        1.0000000000        1.0000000000       15.0334368153        0.0000000000        0.8869204367        0.1064304524        0.1646369688
       55.5102040000        1.0000000000        1.0000000000       16.4030101499        0.0000000000        0.8869204367        0.1064304524        0.1396855830
       55.6122450000        1.0000000000        1.0000000000       18.3992622420        0.0000000000        0.8869204367        0.1064304524        0.1099300011
       55.7142860000        1.0000000000        1.0000000000       21.0156248181        0.0000000000        0.8869204367        0.1064304524        0.0803088881
       55.8163270000        1.0000000000        1.0000000000       23.5896713139        0.0000000000        0.8869204367        0.1064304524        0.0589679881
       55.9183670000        1.0000000000        1.0000000000       25.8864965837        0.0000000000        0.8869204367        0.1064304524        0.0447627217
       56.0204080000        1.0000000000        1.0000000000       28.8750922471        0.0000000000        0.8869204367        0.1064304524        0.0312726592
       56.1224490000        1.0000000000        1.0000000000       33.4825914829        0.0000000000        0.8869204367        0.1064304524        0.0179905083
       56.2244900000        1.0000000000        1.0000000000       40.1687057024        0.0000000000        0.8869204367        0.1064304524        0.0080648136
       56.3265310000        1.0000000000        1.0000000000       49.6684087412        0.0000000000        0.8869204367        0.1064304524        0.0025793727
       56.4285710000        1.0000000000        1.0000000000       63.5331385260        0.0000000000        0.8869204367        0.1064304524        0.0004885950
       56.5306120000        1.0000000000        1.0000000000       84.8062783885        0.0000000000        0.8869204367        0.1064304524        0.0000380445
       56.6326530000        1.0000000000        1.0000000000      119.9961047000        0.0000000000        0.8869204367        0.1064304524        0.0000005577
       56.7346940000        1.0000000000        1.0000000000      186.0449525632        0.0000000000        0.8869204367        0.1064304524        0.0000000002
       56.8367350000        1.0000000000        1.0000000000      337.8186943212        0.0000000000        0.8869204367        0.1064304524        0.0000000000
       56.9387760000        1.0000000000        1.0000000000      751.6867585068        0.0000000000        0.8869204367        0.1064304524        0.0000000000
       57.0408160000        1.0000000000        1.0000000000     1791.8176574554        0.0000000000        0.8869204367        0.1064304524        0.0000000000
       57.1428570000        1.0000000000        1.0000000000     3560.1445668524        0.0000000000        0.8869204367        0.1064304524        0.0000000000
       57.2448980000        1.0000000000        1.0000000000     4986.6882720275        0.0000000000        0.8869204367        0.1064304524        0.0000000000
       57.3469390000        1.0000000000        1.0000000000     4630.3230768826        0.0000000000        0.8869204367        0.1064304524        0.0000000000
       57.4489800000        1.0000000000        1.0000000000     2916.3991188882        0.0000000000        0.8869204367        0.1064304524        0.0000000000
       57.5510200000        1.0000000000        1.0000000000     1401.9523656510        0.0000000000        0.8869204367        0.1064304524        0.0000000000
       57.6530610000        1.0000000000        1.0000000000      642.7424562222        0.0000000000        0.8869204367        0.1064304524        0.0000000000
       57.7551020000        1.0000000000        1.0000000000      346.6873143826        0.0000000000        0.8869204367        0.1064304524        0.0000000000
       57.8571430000        1.0000000000        1.0000000000      224.9197527408        0.0000000000        0.8869204367        0.1064304524        0.0000000000
       57.9591840000        1.0000000000        1.0000000000      163.5151514065        0.0000000000        0.8869204367        0.1064304524        0.0000000030
       58.0612240000        1.0000000000        1.0000000000      127.0363988813        0.0000000000        0.8869204367        0.1064304524        0.0000002396
       58.1632650000        1.0000000000        1.0000000000      103.1284667621        0.0000000000        0.8869204367        0.1064304524        0.0000042211
       58.2653060000        1.0000000000        1.0000000000       86.4432536581        0.0000000000        0.8869204367        0.1064304524        0.0000312594
       58.3673470000        1.0000000000        1.0000000000       74.2630994564        0.0000000000        0.8869204367        0.1064304524        0.0001348197
       58.4693880000        1.0000000000        1.0000000000       65.0657195258        0.0000000000        0.8869204367        0.1064304524        0.0004065164
       58.5714290000        1.0000000000        1.0000000000       57.9619259120        0.0000000000        0.8869204367        0.1064304524        0.0009534428
       58.6734690000        1.0000000000        1.0000000000       52.5491355218        0.0000000000        0.8869204367        0.1064304524        0.0018255093
       58.7755100000        1.0000000000        1.0000000000       49.1559071891        0.0000000000        0.8869204367        0.1064304524        0.0027429841
       58.8775510000        1.0000000000        1.0000000000       48.6798693877        0.0000000000        0.8869204367        0.1064304524        0.0029042377
       58.9795920000        1.0000000000        1.0000000000       50.0132751493        0.0000000000        0.8869204367        0.1064304524        0.0024748066
       59.0816330000        1.0000000000        1.0000000000       48.7147779952        0.0000000000        0.8869204367        0.1064304524        0.0028920972
       59.1836730000        1.0000000000        1.0000000000       43.1224683091        0.0000000000        0.8869204367        0.1064304524        0.0056579356
       59.2857140000        1.0000000000        1.0000000000       37.0805761317        0.0000000000        0.8869204367        0.1064304524        0.0116824316
       59.3877550000        1.0000000000        1.0000000000       33.2461963099        0.0000000000        0.8869204367        0.1064304524        0.0185081601
       59.4897960000        1.0000000000        1.0000000000       31.0530287241        0.0000000000        0.8869204367        0.1064304524        0.0240802459
       59.5918370000        1.0000000000        1.0000000000       29.5165267792        0.0000000000        0.8869204367        0.1064304524        0.0289558445
       59.6938780000        1.0000000000        1.0000000000       28.2504246403        0.0000000000        0.8869204367        0.1064304524        0.0337069593
       59.7959180000        1.0000000000        1.0000000000       27.1491387614        0.0000000000        0.8869204367        0.1064304524        0.0384692272
       59.8979590000        1.0000000000        1.0000000000       26.1736659751        0.0000000000        0.8869204367        0.1064304524        0.0432464592
       60.0000000000        1.0000000000        1.0000000000       25.3012945258        0.0000000000        0.8869204367        0.1064304524        0.0480191522
