       55.0000000000        1.0000000000        1.0000000000       10.3751369190        0.0000000000        0.8869204367        0.1064304524        0.2879361772
       55.1020410000        1.0000000000        1.0000000000       10.5046797146        0.0000000000        0.8869204367        0.1064304524        0.2834947808
       55.2040820000        1.0000000000        1.0000000000       10.6752451028        0.0000000000        0.8869204367        0.1064304524        0.2777512327
       55.3061220000        1.0000000000        1.0000000000       10.9047260715        0.0000000000        0.8869204367        0.1064304524        0.2702069510
       55.4081630000        1.0000000000        1.0000000000       11.2365076786        0.0000000000        0.8869204367        0.1064304524        0.2596603310
       55.5102040000        1.0000000000        1.0000000000       11.8047668820        0.0000000000        0.8869204367        0.1064304524        0.2425440281
       55.6122450000        1.0000000000        1.0000000000       12.8695339923        0.0000000000        0.8869204367        0.1064304524        0.2134518328
       55.7142860000        1.0000000000        1.0000000000       14.4246934689        0.0000000000        0.8869204367        0.1064304524        0.1771137290
       55.8163270000        1.0000000000        1.0000000000       15.8065532596        0.0000000000        0.8869204367        0.1064304524        0.1500500474
       55.9183670000        1.0000000000        1.0000000000       16.7783173484        0.0000000000        0.8869204367        0.1064304524        0.1335341429
       56.0204080000        1.0000000000        1.0000000000       18.4066765917        0.0000000000        0.8869204367        0.1064304524        0.1098322375
       56.1224490000        1.0000000000        1.0000000000       22.0206905541        0.0000000000        0.8869204367        0.1064304524        0.0711843088
       56.2244900000        1.0000000000        1.0000000000       29.4905238279        0.0000000000        0.8869204367        0.1064304524        0.0290463381
       56.3265310000        1.0000000000        1.0000000000       47.9679095918        0.0000000000        0.8869204367        0.1064304524        0.0031632694
       56.4285710000        1.0000000000        1.0000000000      110.1314755078        0.0000000000        0.8869204367        0.1064304524        0.0000018216
       56.5306120000        1.0000000000        1.0000000000      321.4775743389        0.0000000000        0.8869204367        0.1064304524        0.0000000000
       56.6326530000        1.0000000000        1.0000000000      808.4751446995        0.0000000000        0.8869204367        0.1064304524        0.0000000000
       56.7346940000        1.0000000000        1.0000000000     1364.7723543683        0.0000000000        0.8869204367        0.1064304524        0.0000000000
       56.8367350000        1.0000000000        1.0000000000     1418.9619606177        0.0000000000        0.8869204367        0.1064304524        0.0000000000
       56.9387760000        1.0000000000        1.0000000000      912.9487923577        0.0000000000        0.8869204367        0.1064304524        0.0000000000
       57.0408160000        1.0000000000        1.0000000000      400.5079101475        0.0000000000        0.8869204367        0.1064304524        0.0000000000
       57.1428570000        1.0000000000        1.0000000000      154.8452614896        0.0000000000        0.8869204367        0.1064304524        0.0000000085
       57.2448980000        1.0000000000        1.0000000000       75.4623323333        0.0000000000        0.8869204367        0.1064304524        0.0001167495
       57.3469390000        1.0000000000        1.0000000000       49.6369976476        0.0000000000        0.8869204367        0.1064304524        0.0025891136
       57.4489800000        1.0000000000        1.0000000000       38.1850184329        0.0000000000        0.8869204367        0.1064304524        0.0102323377
       57.5510200000        1.0000000000        1.0000000000       31.6586452587        0.0000000000        0.8869204367        0.1064304524        0.0223923156
       57.6530610000        1.0000000000        1.0000000000       27.4430369443        0.0000000000        0.8869204367        0.1064304524        0.0371361484
       57.7551020000        1.0000000000        1.0000000000       24.5192940101        0.0000000000        0.8869204367        0.1064304524        0.0527434713
       57.8571430000        1.0000000000        1.0000000000       22.3897598798        0.0000000000        0.8869204367        0.1064304524        0.0681004685
       57.9591840000        1.0000000000        1.0000000000       20.7806313675        0.0000000000        0.8869204367        0.1064304524        0.0826057685
       58.0612240000        1.0000000000        1.0000000000       19.5294959821        0.0000000000        0.8869204367        0.1064304524        0.0959872875
       58.1632650000        1.0000000000        1.0000000000       18.5346478936        0.0000000000        0.8869204367        0.1064304524        0.1081584771
       58.2653060000        1.0000000000        1.0000000000       17.7301342919        0.0000000000        0.8869204367        0.1064304524        0.1191209262
       58.3673470000        1.0000000000        1.0000000000       17.0729965655        0.0000000000        0.8869204367        0.1064304524        0.1288946870
       58.4693880000        1.0000000000        1.0000000000       16.5390746380        0.0000000000        0.8869204367        0.1064304524        0.1374233521
       58.5714290000        1.0000000000        1.0000000000       16.1402057738        0.0000000000        0.8869204367        0.1064304524        0.1441609792
       58.6734690000        1.0000000000        1.0000000000       16.0486079404        0.0000000000        0.8869204367        0.1064304524        0.1457542998
       58.7755100000        1.0000000000        1.0000000000       16.9714202567        0.0000000000        0.8869204367        0.1064304524        0.1304754189
       58.8775510000        1.0000000000        1.0000000000       20.0229713147        0.0000000000        0.8869204367        0.1064304524        0.0904682284
       58.9795920000        1.0000000000        1.0000000000       24.1779173452        0.0000000000        0.8869204367        0.1064304524        0.0549489844
       59.0816330000        1.0000000000        1.0000000000       25.1203439054        0.0000000000        0.8869204367        0.1064304524        0.0490732466
       59.1836730000        1.0000000000        1.0000000000       21.4513918568        0.0000000000        0.8869204367        0.1064304524        0.0762172836
       59.2857140000        1.0000000000        1.0000000000       17.1769130317        0.0000000000        0.8869204367        0.1064304524        0.1272973534
       59.3877550000        1.0000000000        1.0000000000       14.9336685962        0.0000000000        0.8869204367        0.1064304524        0.1666198795
       59.4897960000        1.0000000000        1.0000000000       14.1286072798        0.0000000000        0.8869204367        0.1064304524        0.1835197710
       59.5918370000        1.0000000000        1.0000000000       13.8004324143        0.0000000000        0.8869204367        0.1064304524        0.1908911536
       59.6938780000        1.0000000000        1.0000000000       13.5960465426        0.0000000000        0.8869204367        0.1064304524        0.1956308948
       59.7959180000        1.0000000000        1.0000000000       13.4356163878        0.0000000000        0.8869204367        0.1064304524        0.1994335927
       59.8979590000        1.0000000000        1.0000000000       13.2994282840        0.0000000000        0.8869204367        0.1064304524        0.2027196287
       60.0000000000        1.0000000000        1.0000000000       13.1798506629        0.0000000000        0.8869204367        0.1064304524        0.2056494869
