       55.0000000000        1.0000000000        1.0000000000        8.1966837474        0.0000000000        0.8869204367        0.1064304524        0.3739616415
       55.1020410000        1.0000000000        1.0000000000        8.2373894513        0.0000000000        0.8869204367        0.1064304524        0.3721394110
       55.2040820000        1.0000000000        1.0000000000        8.2910766894        0.0000000000        0.8869204367        0.1064304524        0.3697496209
       55.3061220000        1.0000000000        1.0000000000        8.3643572035        0.0000000000        0.8869204367        0.1064304524        0.3665124221
       55.4081630000        1.0000000000        1.0000000000        8.4839888792        0.0000000000        0.8869204367        0.1064304524        0.3612884297
       55.5102040000        1.0000000000        1.0000000000        8.7590680769        0.0000000000        0.8869204367        0.1064304524        0.3495571647
       55.6122450000        1.0000000000        1.0000000000        9.4104226310        0.0000000000        0.8869204367        0.1064304524        0.3232753909
       55.7142860000        1.0000000000        1.0000000000       10.3689429595        0.0000000000        0.8869204367        0.1064304524        0.2881502726
       55.8163270000        1.0000000000        1.0000000000       10.8665309643        0.0000000000        0.8869204367        0.1064304524        0.2714482635
       55.9183670000        1.0000000000        1.0000000000       10.4855736922        0.0000000000        0.8869204367        0.1064304524        0.2841455014
       56.0204080000        1.0000000000        1.0000000000        9.9476502314        0.0000000000        0.8869204367        0.1064304524        0.3030922611
       56.1224490000        1.0000000000        1.0000000000        9.8394889929        0.0000000000        0.8869204367        0.1064304524        0.3070518420
       56.2244900000        1.0000000000        1.0000000000       10.0809459526        0.0000000000        0.8869204367        0.1064304524        0.2982827209
       56.3265310000        1.0000000000        1.0000000000       10.4949927868        0.0000000000        0.8869204367        0.1064304524        0.2838245157
       56.4285710000        1.0000000000        1.0000000000       11.0323556360        0.0000000000        0.8869204367        0.1064304524        0.2661001130
       56.5306120000        1.0000000000        1.0000000000       11.7061386285        0.0000000000        0.8869204367        0.1064304524        0.2454316860
       56.6326530000        1.0000000000        1.0000000000       12.5505360622        0.0000000000        0.8869204367        0.1064304524        0.2217811204
       56.7346940000        1.0000000000        1.0000000000       13.6155097833        0.0000000000        0.8869204367        0.1064304524        0.1951745146
       56.8367350000        1.0000000000        1.0000000000       14.9715516005        0.0000000000        0.8869204367        0.1064304524        0.1658641512
       56.9387760000        1.0000000000        1.0000000000       16.7193313227        0.0000000000        0.8869204367        0.1064304524        0.1344826938
       57.0408160000        1.0000000000        1.0000000000       19.0059159263        0.0000000000        0.8869204367        0.1064304524        0.1022116198
       57.1428570000        1.0000000000        1.0000000000       22.0526850497        0.0000000000        0.8869204367        0.1064304524        0.0709115321
       57.2448980000        1.0000000000        1.0000000000       26.2049569682        0.0000000000        0.8869204367        0.1064304524        0.0430843767
       57.3469390000        1.0000000000        1.0000000000       32.0263128975        0.0000000000        0.8869204367        0.1064304524        0.0214258413
       57.4489800000        1.0000000000        1.0000000000       40.4907973743        0.0000000000        0.8869204367        0.1064304524        0.0077590476
       57.5510200000        1.0000000000        1.0000000000       53.4196889173        0.0000000000        0.8869204367        0.1064304524        0.0016444280
       57.6530610000        1.0000000000        1.0000000000       74.7038920971        0.0000000000        0.8869204367        0.1064304524        0.0001278738
       57.7551020000        1.0000000000        1.0000000000      115.1088455923        0.0000000000        0.8869204367        0.1064304524        0.0000010025
       57.8571430000        1.0000000000        1.0000000000      214.6908114143        0.0000000000        0.8869204367        0.1064304524        0.0000000000
       57.9591840000        1.0000000000        1.0000000000      519.0478834596        0.0000000000        0.8869204367        0.1064304524        0.0000000000
       58.0612240000        1.0000000000        1.0000000000     1361.3083821954        0.0000000000        0.8869204367        0.1064304524        0.0000000000
       58.1632650000        1.0000000000        1.0000000000     2951.7844202054        0.0000000000        0.8869204367        0.1064304524        0.0000000000
       58.2653060000        1.0000000000        1.0000000000     4584.0982714105        0.0000000000        0.8869204367        0.1064304524        0.0000000000
       58.3673470000        1.0000000000        1.0000000000     4843.2213669361        0.0000000000        0.8869204367        0.1064304524        0.0000000000
       58.4693880000        1.0000000000        1.0000000000     3474.4689833450        0.0000000000        0.8869204367        0.1064304524        0.0000000000
       58.5714290000        1.0000000000        1.0000000000     1787.3382299123        0.0000000000        0.8869204367        0.1064304524        0.0000000000
       58.6734690000        1.0000000000        1.0000000000      770.2683946108        0.0000000000        0.8869204367        0.1064304524        0.0000000000
       58.7755100000        1.0000000000        1.0000000000      361.0069732334        0.0000000000        0.8869204367        0.1064304524        0.0000000000
       58.8775510000        1.0000000000        1.0000000000      215.5447359578        0.0000000000        0.8869204367        0.1064304524        0.0000000000
       58.9795920000        1.0000000000        1.0000000000      155.8618161155        0.0000000000        0.8869204367        0.1064304524        0.0000000075
       59.0816330000        1.0000000000        1.0000000000      122.3905311781        0.0000000000        0.8869204367        0.1064304524        0.0000004184
       59.1836730000        1.0000000000        1.0000000000       97.2290300895        0.0000000000        0.8869204367        0.1064304524        0.0000085679
       59.2857140000        1.0000000000        1.0000000000       78.2080516691        0.0000000000        0.8869204367        0.1064304524        0.0000839771
       59.3877550000        1.0000000000        1.0000000000       65.2998404136        0.0000000000        0.8869204367        0.1064304524        0.0003952544
       59.4897960000        1.0000000000        1.0000000000       56.5491376235        0.0000000000        0.8869204367        0.1064304524        0.0011295946
       59.5918370000        1.0000000000        1.0000000000       50.1376983755        0.0000000000        0.8869204367        0.1064304524        0.0024381303
       59.6938780000        1.0000000000        1.0000000000       45.1555396135        0.0000000000        0.8869204367        0.1064304524        0.0044330619
       59.7959180000        1.0000000000        1.0000000000       41.1610942755        0.0000000000        0.8869204367        0.1064304524        0.0071593842
       59.8979590000        1.0000000000        1.0000000000       37.8930434520        0.0000000000        0.8869204367        0.1064304524        0.0105972026
       60.0000000000        1.0000000000        1.0000000000       35.1768487231        0.0000000000        0.8869204367        0.1064304524        0.0146806960
