       55.0000000000        1.0000000000        1.0000000000        9.5838282782        0.0000000000        0.8869204367        0.1064304524        0.3166179638
       55.1020410000        1.0000000000        1.0000000000        9.6325641919        0.0000000000        0.8869204367        0.1064304524        0.3147716880
       55.2040820000        1.0000000000        1.0000000000        9.6947623964        0.0000000000        0.8869204367        0.1064304524        0.3124310458
       55.3061220000        1.0000000000        1.0000000000        9.7773487338        0.0000000000        0.8869204367        0.1064304524        0.3093500337
       55.4081630000        1.0000000000        1.0000000000        9.9075096215        0.0000000000        0.8869204367        0.1064304524        0.3045557399
       55.5102040000        1.0000000000        1.0000000000       10.1949680386        0.0000000000        0.8869204367        0.1064304524        0.2942292173
       55.6122450000        1.0000000000        1.0000000000       10.8617343075        0.0000000000        0.8869204367        0.1064304524        0.2716045538
       55.7142860000        1.0000000000        1.0000000000       11.8408092488        0.0000000000        0.8869204367        0.1064304524        0.2414972701
       55.8163270000        1.0000000000        1.0000000000       12.3662441573        0.0000000000        0.8869204367        0.1064304524        0.2267404520
       55.9183670000        1.0000000000        1.0000000000       12.0218312982        0.0000000000        0.8869204367        0.1064304524        0.2363078781
       56.0204080000        1.0000000000        1.0000000000       11.5321937175        0.0000000000        0.8869204367        0.1064304524        0.2506085181
       56.1224490000        1.0000000000        1.0000000000       11.4904293117        0.0000000000        0.8869204367        0.1064304524        0.2518676526
       56.2244900000        1.0000000000        1.0000000000       11.8254041413        0.0000000000        0.8869204367        0.1064304524        0.2419441180
       56.3265310000        1.0000000000        1.0000000000       12.3727054830        0.0000000000        0.8869204367        0.1064304524        0.2265647149
       56.4285710000        1.0000000000        1.0000000000       13.1019778748        0.0000000000        0.8869204367        0.1064304524        0.2075802338
       56.5306120000        1.0000000000        1.0000000000       14.0556327619        0.0000000000        0.8869204367        0.1064304524        0.1851339001
       56.6326530000        1.0000000000        1.0000000000       15.3142850726        0.0000000000        0.8869204367        0.1064304524        0.1591808648
       56.7346940000        1.0000000000        1.0000000000       17.0035164883        0.0000000000        0.8869204367        0.1064304524        0.1299738531
       56.8367350000        1.0000000000        1.0000000000       19.3213403713        0.0000000000        0.8869204367        0.1064304524        0.0984151184
       56.9387760000        1.0000000000        1.0000000000       22.5929317586        0.0000000000        0.8869204367        0.1064304524        0.0664602130
       57.0408160000        1.0000000000        1.0000000000       27.3828460076        0.0000000000        0.8869204367        0.1064304524        0.0374053506
       57.1428570000        1.0000000000        1.0000000000       34.7490047768        0.0000000000        0.8869204367        0.1064304524        0.0154541056
       57.2448980000        1.0000000000        1.0000000000       46.9236501779        0.0000000000        0.8869204367        0.1064304524        0.0035855693
       57.3469390000        1.0000000000        1.0000000000       69.7396518355        0.0000000000        0.8869204367        0.1064304524        0.0002320035
       57.4489800000        1.0000000000        1.0000000000      123.6429818215        0.0000000000        0.8869204367        0.1064304524        0.0000003600
       57.5510200000        1.0000000000        1.0000000000      287.6396568493        0.0000000000        0.8869204367        0.1064304524        0.0000000000
       57.6530610000        1.0000000000        1.0000000000      775.9233939374        0.0000000000        0.8869204367        0.1064304524        0.0000000000
       57.7551020000        1.0000000000        1.0000000000     1776.5784809706        0.0000000000        0.8869204367        0.1064304524        0.0000000000
       57.8571430000        1.0000000000        1.0000000000     2807.1417718488        0.0000000000        0.8869204367        0.1064304524        0.0000000000
       57.9591840000        1.0000000000        1.0000000000     2833.8160662242        0.0000000000        0.8869204367        0.1064304524        0.0000000000
       58.0612240000        1.0000000000        1.0000000000     1842.4756917849        0.0000000000        0.8869204367        0.1064304524        0.0000000000
       58.1632650000        1.0000000000        1.0000000000      850.7044507093        0.0000000000        0.8869204367        0.1064304524        0.0000000000
       58.2653060000        1.0000000000        1.0000000000      351.3251016592        0.0000000000        0.8869204367        0.1064304524        0.0000000000
       58.3673470000        1.0000000000        1.0000000000      173.7713124093        0.0000000000        0.8869204367        0.1064304524        0.0000000009
       58.4693880000        1.0000000000        1.0000000000      110.1055685826        0.0000000000        0.8869204367        0.1064304524        0.0000018273
       58.5714290000        1.0000000000        1.0000000000       80.7338476579        0.0000000000        0.8869204367        0.1064304524        0.0000620195
       58.6734690000        1.0000000000        1.0000000000       64.1349613822        0.0000000000        0.8869204367        0.1064304524        0.0004545533
       58.7755100000        1.0000000000        1.0000000000       54.4637108657        0.0000000000        0.8869204367        0.1064304524        0.0014507925
       58.8775510000        1.0000000000        1.0000000000       50.2461134578        0.0000000000        0.8869204367        0.1064304524        0.0024066161
       58.9795920000        1.0000000000        1.0000000000       49.2520223124        0.0000000000        0.8869204367        0.1064304524        0.0027115288
       59.0816330000        1.0000000000        1.0000000000       46.4584332175        0.0000000000        0.8869204367        0.1064304524        0.0037914301
       59.1836730000        1.0000000000        1.0000000000       39.9136079021        0.0000000000        0.8869204367        0.1064304524        0.0083155090
       59.2857140000        1.0000000000        1.0000000000       33.2895869402        0.0000000000        0.8869204367        0.1064304524        0.0184120409
       59.3877550000        1.0000000000        1.0000000000       29.1112923675        0.0000000000        0.8869204367        0.1064304524        0.0303987107
       59.4897960000        1.0000000000        1.0000000000       26.7243135793        0.0000000000        0.8869204367        0.1064304524        0.0404811992
       59.5918370000        1.0000000000        1.0000000000       25.0932444589        0.0000000000        0.8869204367        0.1064304524        0.0492330893
       59.6938780000        1.0000000000        1.0000000000       23.8005629752        0.0000000000        0.8869204367        0.1064304524        0.0574944098
       59.7959180000        1.0000000000        1.0000000000       22.7194655475        0.0000000000        0.8869204367        0.1064304524        0.0654587003
       59.8979590000        1.0000000000        1.0000000000       21.7961398900        0.0000000000        0.8869204367        0.1064304524        0.0731285237
       60.0000000000        1.0000000000        1.0000000000       20.9974762476        0.0000000000        0.8869204367        0.1064304524        0.0804839777
