       55.0000000000        1.0000000000        1.0000000000        9.4907469904        0.0000000000        0.8869204367        0.1064304524        0.3201743337
       55.1020410000        1.0000000000        1.0000000000        9.5945562404        0.0000000000        0.8869204367        0.1064304524        0.3162106262
       55.2040820000        1.0000000000        1.0000000000        9.7211324647        0.0000000000        0.8869204367        0.1064304524        0.3114439491
       55.3061220000        1.0000000000        1.0000000000        9.8793146697        0.0000000000        0.8869204367        0.1064304524        0.3055879172
       55.4081630000        1.0000000000        1.0000000000       10.0987722385        0.0000000000        0.8869204367        0.1064304524        0.2976453301
       55.5102040000        1.0000000000        1.0000000000       10.4922829843        0.0000000000        0.8869204367        0.1064304524        0.2839168237
       55.6122450000        1.0000000000        1.0000000000       11.2844562951        0.0000000000        0.8869204367        0.1064304524        0.2581705785
       55.7142860000        1.0000000000        1.0000000000       12.4095448507        0.0000000000        0.8869204367        0.1064304524        0.2255653454
       55.8163270000        1.0000000000        1.0000000000       13.1066419588        0.0000000000        0.8869204367        0.1064304524        0.2074640857
       55.9183670000        1.0000000000        1.0000000000       12.9731907391        0.0000000000        0.8869204367        0.1064304524        0.2108131909
       56.0204080000        1.0000000000        1.0000000000       12.7481480469        0.0000000000        0.8869204367        0.1064304524        0.2165837943
       56.1224490000        1.0000000000        1.0000000000       13.0362060285        0.0000000000        0.8869204367        0.1064304524        0.2092250686
       56.2244900000        1.0000000000        1.0000000000       13.7830365686        0.0000000000        0.8869204367        0.1064304524        0.1912900554
       56.3265310000        1.0000000000        1.0000000000       14.8513825904        0.0000000000        0.8869204367        0.1064304524        0.1682732873
       56.4285710000        1.0000000000        1.0000000000       16.2508513778        0.0000000000        0.8869204367        0.1064304524        0.1422595369
       56.5306120000        1.0000000000        1.0000000000       18.0828867493        0.0000000000        0.8869204367        0.1064304524        0.1141837359
       56.6326530000        1.0000000000        1.0000000000       20.5182787504        0.0000000000        0.8869204367        0.1064304524        0.0852477590
       56.7346940000        1.0000000000        1.0000000000       23.8260962434        0.0000000000        0.8869204367        0.1064304524        0.0573185170
       56.8367350000        1.0000000000        1.0000000000       28.4438871521        0.0000000000        0.8869204367        0.1064304524        0.0329334488
       56.9387760000        1.0000000000        1.0000000000       35.1214131206        0.0000000000        0.8869204367        0.1064304524        0.0147786815
       57.0408160000        1.0000000000        1.0000000000       45.2386260877        0.0000000000        0.8869204367        0.1064304524        0.0043890822
       57.1428570000        1.0000000000        1.0000000000       61.6264085689        0.0000000000        0.8869204367        0.1064304524        0.0006142129
       57.2448980000        1.0000000000        1.0000000000       91.2732659108        0.0000000000        0.8869204367        0.1064304524        0.0000175091
       57.3469390000        1.0000000000        1.0000000000      156.6600212783        0.0000000000        0.8869204367        0.1064304524        0.0000000068
       57.4489800000        1.0000000000        1.0000000000      340.6121711358        0.0000000000        0.8869204367        0.1064304524        0.0000000000
       57.5510200000        1.0000000000        1.0000000000      876.7695035817        0.0000000000        0.8869204367        0.1064304524        0.0000000000
       57.6530610000        1.0000000000        1.0000000000     2028.7111641477        0.0000000000        0.8869204367        0.1064304524        0.0000000000
       57.7551020000        1.0000000000        1.0000000000     3374.6168060859        0.0000000000        0.8869204367        0.1064304524        0.0000000000
       57.8571430000        1.0000000000        1.0000000000     3665.2430600283        0.0000000000        0.8869204367        0.1064304524        0.0000000000
       57.9591840000        1.0000000000        1.0000000000     2585.6167300354        0.0000000000        0.8869204367        0.1064304524        0.0000000000
       58.0612240000        1.0000000000        1.0000000000     1283.0639249230        0.0000000000        0.8869204367        0.1064304524        0.0000000000
       58.1632650000        1.0000000000        1.0000000000      546.1862367305        0.0000000000        0.8869204367        0.1064304524        0.0000000000
       58.2653060000        1.0000000000        1.0000000000      263.4259700571        0.0000000000        0.8869204367        0.1064304524        0.0000000000
       58.3673470000        1.0000000000        1.0000000000      160.4474708717        0.0000000000        0.8869204367        0.1064304524        0.0000000043
       58.4693880000        1.0000000000        1.0000000000      114.0782673993        0.0000000000        0.8869204367        0.1064304524        0.0000011344
       58.5714290000        1.0000000000        1.0000000000       88.1483592721        0.0000000000        0.8869204367        0.1064304524        0.0000254753
       58.6734690000        1.0000000000        1.0000000000       71.9059286717        0.0000000000        0.8869204367        0.1064304524        0.0001788950
       58.7755100000        1.0000000000        1.0000000000       61.8107760139        0.0000000000        0.8869204367        0.1064304524        0.0006007732
       58.8775510000        1.0000000000        1.0000000000       56.9800312921        0.0000000000        0.8869204367        0.1064304524        0.0010726707
       58.9795920000        1.0000000000        1.0000000000       55.3833607129        0.0000000000        0.8869204367        0.1064304524        0.0012992043
       59.0816330000        1.0000000000        1.0000000000       52.0578210311        0.0000000000        0.8869204367        0.1064304524        0.0019363732
       59.1836730000        1.0000000000        1.0000000000       45.0319980901        0.0000000000        0.8869204367        0.1064304524        0.0044992716
       59.2857140000        1.0000000000        1.0000000000       37.9583360083        0.0000000000        0.8869204367        0.1064304524        0.0105144969
       59.3877550000        1.0000000000        1.0000000000       33.3719385398        0.0000000000        0.8869204367        0.1064304524        0.0182309856
       59.4897960000        1.0000000000        1.0000000000       30.6264032867        0.0000000000        0.8869204367        0.1064304524        0.0253451372
       59.5918370000        1.0000000000        1.0000000000       28.6820036805        0.0000000000        0.8869204367        0.1064304524        0.0320057264
       59.6938780000        1.0000000000        1.0000000000       27.1139107962        0.0000000000        0.8869204367        0.1064304524        0.0386321945
       59.7959180000        1.0000000000        1.0000000000       25.7892300149        0.0000000000        0.8869204367        0.1064304524        0.0452882527
       59.8979590000        1.0000000000        1.0000000000       24.6493306230        0.0000000000        0.8869204367        0.1064304524        0.0519268296
       60.0000000000        1.0000000000        1.0000000000       23.6571950875        0.0000000000        0.8869204367        0.1064304524        0.0584921097
