       55.0000000000        1.0000000000        1.0000000000        9.6855177903        0.0000000000        0.8869204367        0.1064304524        0.3127778344
       55.1020410000        1.0000000000        1.0000000000        9.7014863710        0.0000000000        0.8869204367        0.1064304524        0.3121790541
       55.2040820000        1.0000000000        1.0000000000        9.7248590476        0.0000000000        0.8869204367        0.1064304524        0.3113047056
       55.3061220000        1.0000000000        1.0000000000        9.7612669385        0.0000000000        0.8869204367        0.1064304524        0.3099475986
       55.4081630000        1.0000000000        1.0000000000        9.8361979893        0.0000000000        0.8869204367        0.1064304524        0.3071731270
       55.5102040000        1.0000000000        1.0000000000       10.0572894932        0.0000000000        0.8869204367        0.1064304524        0.2991306815
       55.6122450000        1.0000000000        1.0000000000       10.6449705458        0.0000000000        0.8869204367        0.1064304524        0.2787621233
       55.7142860000        1.0000000000        1.0000000000       11.5319751618        0.0000000000        0.8869204367        0.1064304524        0.2506150909
       55.8163270000        1.0000000000        1.0000000000       11.9491951063        0.0000000000        0.8869204367        0.1064304524        0.2383766215
       55.9183670000        1.0000000000        1.0000000000       11.4703600081        0.0000000000        0.8869204367        0.1064304524        0.2524749606
       56.0204080000        1.0000000000        1.0000000000       10.8098788007        0.0000000000        0.8869204367        0.1064304524        0.2732999262
       56.1224490000        1.0000000000        1.0000000000       10.5536573696        0.0000000000        0.8869204367        0.1064304524        0.2818334785
       56.2244900000        1.0000000000        1.0000000000       10.6200698227        0.0000000000        0.8869204367        0.1064304524        0.2795963344
       56.3265310000        1.0000000000        1.0000000000       10.8271903019        0.0000000000        0.8869204367        0.1064304524        0.2727327677
       56.4285710000        1.0000000000        1.0000000000       11.1190386448        0.0000000000        0.8869204367        0.1064304524        0.2633464963
       56.5306120000        1.0000000000        1.0000000000       11.5008080307        0.0000000000        0.8869204367        0.1064304524        0.2515541603
       56.6326530000        1.0000000000        1.0000000000       11.9974473404        0.0000000000        0.8869204367        0.1064304524        0.2370003453
       56.7346940000        1.0000000000        1.0000000000       12.6482934518        0.0000000000        0.8869204367        0.1064304524        0.2191946318
       56.8367350000        1.0000000000        1.0000000000       13.5123061334        0.0000000000        0.8869204367        0.1064304524        0.1976066706
       56.9387760000        1.0000000000        1.0000000000       14.6793896844        0.0000000000        0.8869204367        0.1064304524        0.1717823927
       57.0408160000        1.0000000000        1.0000000000       16.2912582422        0.0000000000        0.8869204367        0.1064304524        0.1415714151
       57.1428570000        1.0000000000        1.0000000000       18.5815044178        0.0000000000        0.8869204367        0.1064304524        0.1075520320
       57.2448980000        1.0000000000        1.0000000000       21.9576926778        0.0000000000        0.8869204367        0.1064304524        0.0717244833
       57.3469390000        1.0000000000        1.0000000000       27.1886112976        0.0000000000        0.8869204367        0.1064304524        0.0382874407
       57.4489800000        1.0000000000        1.0000000000       35.9151056839        0.0000000000        0.8869204367        0.1064304524        0.0134360662
       57.5510200000        1.0000000000        1.0000000000       52.5378976574        0.0000000000        0.8869204367        0.1064304524        0.0018279727
       57.6530610000        1.0000000000        1.0000000000       93.2170121827        0.0000000000        0.8869204367        0.1064304524        0.0000138664
       57.7551020000        1.0000000000        1.0000000000      222.8226694305        0.0000000000        0.8869204367        0.1064304524        0.0000000000
       57.8571430000        1.0000000000        1.0000000000      618.8048863599        0.0000000000        0.8869204367        0.1064304524        0.0000000000
       57.9591840000        1.0000000000        1.0000000000     1430.0068246539        0.0000000000        0.8869204367        0.1064304524        0.0000000000
       58.0612240000        1.0000000000        1.0000000000     2242.1439153880        0.0000000000        0.8869204367        0.1064304524        0.0000000000
       58.1632650000        1.0000000000        1.0000000000     2220.9145110514        0.0000000000        0.8869204367        0.1064304524        0.0000000000
       58.2653060000        1.0000000000        1.0000000000     1405.7067295440        0.0000000000        0.8869204367        0.1064304524        0.0000000000
       58.3673470000        1.0000000000        1.0000000000      629.7868252555        0.0000000000        0.8869204367        0.1064304524        0.0000000000
       58.4693880000        1.0000000000        1.0000000000      255.0249284737        0.0000000000        0.8869204367        0.1064304524        0.0000000000
       58.5714290000        1.0000000000        1.0000000000      126.8687032715        0.0000000000        0.8869204367        0.1064304524        0.0000002445
       58.6734690000        1.0000000000        1.0000000000       82.1796922738        0.0000000000        0.8869204367        0.1064304524        0.0000521408
       58.7755100000        1.0000000000        1.0000000000       62.6535324739        0.0000000000        0.8869204367        0.1064304524        0.0005429877
       58.8775510000        1.0000000000        1.0000000000       54.0193100940        0.0000000000        0.8869204367        0.1064304524        0.0015302606
       58.9795920000        1.0000000000        1.0000000000       50.7501249633        0.0000000000        0.8869204367        0.1064304524        0.0022653749
       59.0816330000        1.0000000000        1.0000000000       46.6906422259        0.0000000000        0.8869204367        0.1064304524        0.0036872400
       59.1836730000        1.0000000000        1.0000000000       39.4171569831        0.0000000000        0.8869204367        0.1064304524        0.0088259517
       59.2857140000        1.0000000000        1.0000000000       32.3726680909        0.0000000000        0.8869204367        0.1064304524        0.0205535794
       59.3877550000        1.0000000000        1.0000000000       27.9534538975        0.0000000000        0.8869204367        0.1064304524        0.0349298167
       59.4897960000        1.0000000000        1.0000000000       25.4318703929        0.0000000000        0.8869204367        0.1064304524        0.0472725993
       59.5918370000        1.0000000000        1.0000000000       23.7314223781        0.0000000000        0.8869204367        0.1064304524        0.0579734179
       59.6938780000        1.0000000000        1.0000000000       22.4105136497        0.0000000000        0.8869204367        0.1064304524        0.0679310786
       59.7959180000        1.0000000000        1.0000000000       21.3273918174        0.0000000000        0.8869204367        0.1064304524        0.0773598770
       59.8979590000        1.0000000000        1.0000000000       20.4187014889        0.0000000000        0.8869204367        0.1064304524        0.0862725180
       60.0000000000        1.0000000000        1.0000000000       19.6451420904        0.0000000000        0.8869204367        0.1064304524        0.0946644211
