       55.0000000000        1.0000000000        1.0000000000       10.8377970033        0.0000000000        0.8869204367        0.1064304524        0.2723858531
       55.1020410000        1.0000000000        1.0000000000       11.1386692560        0.0000000000        0.8869204367        0.1064304524        0.2627268681
       55.2040820000        1.0000000000        1.0000000000       11.5351969138        0.0000000000        0.8869204367        0.1064304524        0.2505182192
       55.3061220000        1.0000000000        1.0000000000       12.0679046326        0.0000000000        0.8869204367        0.1064304524        0.2350049842
       55.4081630000        1.0000000000        1.0000000000       12.8152685928        0.0000000000        0.8869204367        0.1064304524        0.2148463342
       55.5102040000        1.0000000000        1.0000000000       13.9673874002        0.0000000000        0.8869204367        0.1064304524        0.1871047819
       55.6122450000        1.0000000000        1.0000000000       15.8754951012        0.0000000000        0.8869204367        0.1064304524        0.1488138010
       55.7142860000        1.0000000000        1.0000000000       18.6913167528        0.0000000000        0.8869204367        0.1064304524        0.1061440643
       55.8163270000        1.0000000000        1.0000000000       22.0615482718        0.0000000000        0.8869204367        0.1064304524        0.0708361516
       55.9183670000        1.0000000000        1.0000000000       26.4132709018        0.0000000000        0.8869204367        0.1064304524        0.0420207175
       56.0204080000        1.0000000000        1.0000000000       34.4889568816        0.0000000000        0.8869204367        0.1064304524        0.0159439660
       56.1224490000        1.0000000000        1.0000000000       53.7099179357        0.0000000000        0.8869204367        0.1064304524        0.0015881426
       56.2244900000        1.0000000000        1.0000000000      114.1000084256        0.0000000000        0.8869204367        0.1064304524        0.0000011315
       56.3265310000        1.0000000000        1.0000000000      324.7249666148        0.0000000000        0.8869204367        0.1064304524        0.0000000000
       56.4285710000        1.0000000000        1.0000000000      870.4081036528        0.0000000000        0.8869204367        0.1064304524        0.0000000000
       56.5306120000        1.0000000000        1.0000000000     1633.3880607476        0.0000000000        0.8869204367        0.1064304524        0.0000000000
       56.6326530000        1.0000000000        1.0000000000     1918.2668341430        0.0000000000        0.8869204367        0.1064304524        0.0000000000
       56.7346940000        1.0000000000        1.0000000000     1388.4891251865        0.0000000000        0.8869204367        0.1064304524        0.0000000000
       56.8367350000        1.0000000000        1.0000000000      663.9696666490        0.0000000000        0.8869204367        0.1064304524        0.0000000000
       56.9387760000        1.0000000000        1.0000000000      257.5200991031        0.0000000000        0.8869204367        0.1064304524        0.0000000000
       57.0408160000        1.0000000000        1.0000000000      115.2352783868        0.0000000000        0.8869204367        0.1064304524        0.0000009874
       57.1428570000        1.0000000000        1.0000000000       70.0377897582        0.0000000000        0.8869204367        0.1064304524        0.0002238499
       57.2448980000        1.0000000000        1.0000000000       51.3936642247        0.0000000000        0.8869204367        0.1064304524        0.0020970164
       57.3469390000        1.0000000000        1.0000000000       41.2319221042        0.0000000000        0.8869204367        0.1064304524        0.0070987920
       57.4489800000        1.0000000000        1.0000000000       34.8215627243        0.0000000000        0.8869204367        0.1064304524        0.0153201316
       57.5510200000        1.0000000000        1.0000000000       30.4447648170        0.0000000000        0.8869204367        0.1064304524        0.0259036400
       57.6530610000        1.0000000000        1.0000000000       27.2937180226        0.0000000000        0.8869204367        0.1064304524        0.0378075613
       57.7551020000        1.0000000000        1.0000000000       24.9339098716        0.0000000000        0.8869204367        0.1064304524        0.0501834903
       57.8571430000        1.0000000000        1.0000000000       23.1115123384        0.0000000000        0.8869204367        0.1064304524        0.0624504722
       57.9591840000        1.0000000000        1.0000000000       21.6691105054        0.0000000000        0.8869204367        0.1064304524        0.0742517999
       58.0612240000        1.0000000000        1.0000000000       20.5044969000        0.0000000000        0.8869204367        0.1064304524        0.0853888603
       58.1632650000        1.0000000000        1.0000000000       19.5489536939        0.0000000000        0.8869204367        0.1064304524        0.0957634258
       58.2653060000        1.0000000000        1.0000000000       18.7554073494        0.0000000000        0.8869204367        0.1064304524        0.1053308551
       58.3673470000        1.0000000000        1.0000000000       18.0920654706        0.0000000000        0.8869204367        0.1064304524        0.1140580378
       58.4693880000        1.0000000000        1.0000000000       17.5415104904        0.0000000000        0.8869204367        0.1064304524        0.1218479578
       58.5714290000        1.0000000000        1.0000000000       17.1196351251        0.0000000000        0.8869204367        0.1064304524        0.1281753264
       58.6734690000        1.0000000000        1.0000000000       17.0009424807        0.0000000000        0.8869204367        0.1064304524        0.1300140058
       58.7755100000        1.0000000000        1.0000000000       17.8940735375        0.0000000000        0.8869204367        0.1064304524        0.1168003953
       58.8775510000        1.0000000000        1.0000000000       20.9165613553        0.0000000000        0.8869204367        0.1064304524        0.0812692663
       58.9795920000        1.0000000000        1.0000000000       25.0488650159        0.0000000000        0.8869204367        0.1064304524        0.0494959811
       59.0816330000        1.0000000000        1.0000000000       25.9755386672        0.0000000000        0.8869204367        0.1064304524        0.0442869760
       59.1836730000        1.0000000000        1.0000000000       22.2889526965        0.0000000000        0.8869204367        0.1064304524        0.0689292734
       59.2857140000        1.0000000000        1.0000000000       17.9904969171        0.0000000000        0.8869204367        0.1064304524        0.1154567094
       59.3877550000        1.0000000000        1.0000000000       15.7211485203        0.0000000000        0.8869204367        0.1064304524        0.1515957527
       59.4897960000        1.0000000000        1.0000000000       14.8915300584        0.0000000000        0.8869204367        0.1064304524        0.1674645475
       59.5918370000        1.0000000000        1.0000000000       14.5408220954        0.0000000000        0.8869204367        0.1064304524        0.1746626899
       59.6938780000        1.0000000000        1.0000000000       14.3155218397        0.0000000000        0.8869204367        0.1064304524        0.1794492895
       59.7959180000        1.0000000000        1.0000000000       14.1355106717        0.0000000000        0.8869204367        0.1064304524        0.1833678049
       59.8979590000        1.0000000000        1.0000000000       13.9809166498        0.0000000000        0.8869204367        0.1064304524        0.1868012619
       60.0000000000        1.0000000000        1.0000000000       13.8440034737        0.0000000000        0.8869204367        0.1064304524        0.1898956787
