       55.0000000000        1.0000000000        1.0000000000        9.8500188920        0.0000000000        0.8869204367        0.1064304524        0.3066641001
       55.1020410000        1.0000000000        1.0000000000        9.9838931625        0.0000000000        0.8869204367        0.1064304524        0.3017769292
       55.2040820000        1.0000000000        1.0000000000       10.1516143140        0.0000000000        0.8869204367        0.1064304524        0.2957639179
       55.3061220000        1.0000000000        1.0000000000       10.3658900977        0.0000000000        0.8869204367        0.1064304524        0.2882558539
       55.4081630000        1.0000000000        1.0000000000       10.6617401300        0.0000000000        0.8869204367        0.1064304524        0.2782017204
       55.5102040000        1.0000000000        1.0000000000       11.1594644548        0.0000000000        0.8869204367        0.1064304524        0.2620720706
       55.6122450000        1.0000000000        1.0000000000       12.0946681930        0.0000000000        0.8869204367        0.1064304524        0.2342514464
       55.7142860000        1.0000000000        1.0000000000       13.4178767067        0.0000000000        0.8869204367        0.1064304524        0.1998585915
       55.8163270000        1.0000000000        1.0000000000       14.3914067178        0.0000000000        0.8869204367        0.1064304524        0.1778226087
       55.9183670000        1.0000000000        1.0000000000       14.6457963242        0.0000000000        0.8869204367        0.1064304524        0.1724762801
       56.0204080000        1.0000000000        1.0000000000       14.9723391265        0.0000000000        0.8869204367        0.1064304524        0.1658484772
       56.1224490000        1.0000000000        1.0000000000       16.0617637192        0.0000000000        0.8869204367        0.1064304524        0.1455243800
       56.2244900000        1.0000000000        1.0000000000       18.0001779309        0.0000000000        0.8869204367        0.1064304524        0.1153226587
       56.3265310000        1.0000000000        1.0000000000       20.8920754632        0.0000000000        0.8869204367        0.1064304524        0.0815084115
       56.4285710000        1.0000000000        1.0000000000       25.1882017335        0.0000000000        0.8869204367        0.1064304524        0.0486752687
       56.5306120000        1.0000000000        1.0000000000       31.8600933433        0.0000000000        0.8869204367        0.1064304524        0.0218574993
       56.6326530000        1.0000000000        1.0000000000       43.0203023232        0.0000000000        0.8869204367        0.1064304524        0.0057277283
       56.7346940000        1.0000000000        1.0000000000       64.3815794461        0.0000000000        0.8869204367        0.1064304524        0.0004412983
       56.8367350000        1.0000000000        1.0000000000      116.8316759699        0.0000000000        0.8869204367        0.1064304524        0.0000008152
       56.9387760000        1.0000000000        1.0000000000      281.8241142642        0.0000000000        0.8869204367        0.1064304524        0.0000000000
       57.0408160000        1.0000000000        1.0000000000      770.2188414332        0.0000000000        0.8869204367        0.1064304524        0.0000000000
       57.1428570000        1.0000000000        1.0000000000     1725.6560413323        0.0000000000        0.8869204367        0.1064304524        0.0000000000
       57.2448980000        1.0000000000        1.0000000000     2609.8721462405        0.0000000000        0.8869204367        0.1064304524        0.0000000000
       57.3469390000        1.0000000000        1.0000000000     2492.9128259242        0.0000000000        0.8869204367        0.1064304524        0.0000000000
       57.4489800000        1.0000000000        1.0000000000     1530.4279545621        0.0000000000        0.8869204367        0.1064304524        0.0000000000
       57.5510200000        1.0000000000        1.0000000000      677.0682189661        0.0000000000        0.8869204367        0.1064304524        0.0000000000
       57.6530610000        1.0000000000        1.0000000000      278.9234264906        0.0000000000        0.8869204367        0.1064304524        0.0000000000
       57.7551020000        1.0000000000        1.0000000000      142.5148801166        0.0000000000        0.8869204367        0.1064304524        0.0000000374
       57.8571430000        1.0000000000        1.0000000000       92.8846002077        0.0000000000        0.8869204367        0.1064304524        0.0000144307
       57.9591840000        1.0000000000        1.0000000000       69.2068403470        0.0000000000        0.8869204367        0.1064304524        0.0002473217
       58.0612240000        1.0000000000        1.0000000000       55.3511559275        0.0000000000        0.8869204367        0.1064304524        0.0013042349
       58.1632650000        1.0000000000        1.0000000000       46.3048823433        0.0000000000        0.8869204367        0.1064304524        0.0038619390
       58.2653060000        1.0000000000        1.0000000000       39.9959529168        0.0000000000        0.8869204367        0.1064304524        0.0082337448
       58.3673470000        1.0000000000        1.0000000000       35.3896753888        0.0000000000        0.8869204367        0.1064304524        0.0143105100
       58.4693880000        1.0000000000        1.0000000000       31.9149596566        0.0000000000        0.8869204367        0.1064304524        0.0217140631
       58.5714290000        1.0000000000        1.0000000000       29.2587351814        0.0000000000        0.8869204367        0.1064304524        0.0298655923
       58.6734690000        1.0000000000        1.0000000000       27.3881264267        0.0000000000        0.8869204367        0.1064304524        0.0373816562
       58.7755100000        1.0000000000        1.0000000000       26.8765483063        0.0000000000        0.8869204367        0.1064304524        0.0397483958
       58.8775510000        1.0000000000        1.0000000000       28.7629152482        0.0000000000        0.8869204367        0.1064304524        0.0316964742
       58.9795920000        1.0000000000        1.0000000000       31.9941090335        0.0000000000        0.8869204367        0.1064304524        0.0215088009
       59.0816330000        1.0000000000        1.0000000000       32.2100951920        0.0000000000        0.8869204367        0.1064304524        0.0209584909
       59.1836730000        1.0000000000        1.0000000000       27.9187952851        0.0000000000        0.8869204367        0.1064304524        0.0350753935
       59.2857140000        1.0000000000        1.0000000000       23.0701592153        0.0000000000        0.8869204367        0.1064304524        0.0627611451
       59.3877550000        1.0000000000        1.0000000000       20.3099617693        0.0000000000        0.8869204367        0.1064304524        0.0874056448
       59.4897960000        1.0000000000        1.0000000000       19.0556716991        0.0000000000        0.8869204367        0.1064304524        0.1016031639
       59.5918370000        1.0000000000        1.0000000000       18.3383751190        0.0000000000        0.8869204367        0.1064304524        0.1107361411
       59.6938780000        1.0000000000        1.0000000000       17.7938480685        0.0000000000        0.8869204367        0.1064304524        0.1182136418
       59.7959180000        1.0000000000        1.0000000000       17.3338162264        0.0000000000        0.8869204367        0.1064304524        0.1249229731
       59.8979590000        1.0000000000        1.0000000000       16.9324615626        0.0000000000        0.8869204367        0.1064304524        0.1310868252
       60.0000000000        1.0000000000        1.0000000000       16.5776066704        0.0000000000        0.8869204367        0.1064304524        0.1367893948
