       55.0000000000        1.0000000000        1.0000000000        9.7993988543        0.0000000000        0.8869204367        0.1064304524        0.3085325710
       55.1020410000        1.0000000000        1.0000000000        9.8722194627        0.0000000000        0.8869204367        0.1064304524        0.3058482132
       55.2040820000        1.0000000000        1.0000000000        9.9641539899        0.0000000000        0.8869204367        0.1064304524        0.3024925957
       55.3061220000        1.0000000000        1.0000000000       10.0836857300        0.0000000000        0.8869204367        0.1064304524        0.2981846697
       55.4081630000        1.0000000000        1.0000000000       10.2600736535        0.0000000000        0.8869204367        0.1064304524        0.2919394567
       55.5102040000        1.0000000000        1.0000000000       10.6057958623        0.0000000000        0.8869204367        0.1064304524        0.2800756585
       55.6122450000        1.0000000000        1.0000000000       11.3464153625        0.0000000000        0.8869204367        0.1064304524        0.2562581758
       55.7142860000        1.0000000000        1.0000000000       12.4195205102        0.0000000000        0.8869204367        0.1064304524        0.2252954874
       55.8163270000        1.0000000000        1.0000000000       13.0660676279        0.0000000000        0.8869204367        0.1064304524        0.2084766748
       55.9183670000        1.0000000000        1.0000000000       12.8804734118        0.0000000000        0.8869204367        0.1064304524        0.2131718120
       56.0204080000        1.0000000000        1.0000000000       12.6020767262        0.0000000000        0.8869204367        0.1064304524        0.2204136640
       56.1224490000        1.0000000000        1.0000000000       12.8446787751        0.0000000000        0.8869204367        0.1064304524        0.2140894302
       56.2244900000        1.0000000000        1.0000000000       13.5682119384        0.0000000000        0.8869204367        0.1064304524        0.1962854243
       56.3265310000        1.0000000000        1.0000000000       14.6569445405        0.0000000000        0.8869204367        0.1064304524        0.1722456980
       56.4285710000        1.0000000000        1.0000000000       16.1585112569        0.0000000000        0.8869204367        0.1064304524        0.1438446544
       56.5306120000        1.0000000000        1.0000000000       18.2451538931        0.0000000000        0.8869204367        0.1064304524        0.1119818508
       56.6326530000        1.0000000000        1.0000000000       21.2243087661        0.0000000000        0.8869204367        0.1064304524        0.0783227592
       56.7346940000        1.0000000000        1.0000000000       25.6431065293        0.0000000000        0.8869204367        0.1064304524        0.0460893773
       56.8367350000        1.0000000000        1.0000000000       32.5516287983        0.0000000000        0.8869204367        0.1064304524        0.0201168913
       56.9387760000        1.0000000000        1.0000000000       44.2528865465        0.0000000000        0.8869204367        0.1064304524        0.0049402152
       57.0408160000        1.0000000000        1.0000000000       67.2248931177        0.0000000000        0.8869204367        0.1064304524        0.0003137271
       57.1428570000        1.0000000000        1.0000000000      126.0188409499        0.0000000000        0.8869204367        0.1064304524        0.0000002707
       57.2448980000        1.0000000000        1.0000000000      314.3869767510        0.0000000000        0.8869204367        0.1064304524        0.0000000000
       57.3469390000        1.0000000000        1.0000000000      853.8509172621        0.0000000000        0.8869204367        0.1064304524        0.0000000000
       57.4489800000        1.0000000000        1.0000000000     1835.3545350149        0.0000000000        0.8869204367        0.1064304524        0.0000000000
       57.5510200000        1.0000000000        1.0000000000     2626.3421899670        0.0000000000        0.8869204367        0.1064304524        0.0000000000
       57.6530610000        1.0000000000        1.0000000000     2370.3949671068        0.0000000000        0.8869204367        0.1064304524        0.0000000000
       57.7551020000        1.0000000000        1.0000000000     1386.8709882926        0.0000000000        0.8869204367        0.1064304524        0.0000000000
       57.8571430000        1.0000000000        1.0000000000      596.0741338024        0.0000000000        0.8869204367        0.1064304524        0.0000000000
       57.9591840000        1.0000000000        1.0000000000      248.1026800707        0.0000000000        0.8869204367        0.1064304524        0.0000000000
       58.0612240000        1.0000000000        1.0000000000      131.2574618400        0.0000000000        0.8869204367        0.1064304524        0.0000001444
       58.1632650000        1.0000000000        1.0000000000       87.7989000178        0.0000000000        0.8869204367        0.1064304524        0.0000265663
       58.2653060000        1.0000000000        1.0000000000       66.3631197217        0.0000000000        0.8869204367        0.1064304524        0.0003479073
       58.3673470000        1.0000000000        1.0000000000       53.5638319333        0.0000000000        0.8869204367        0.1064304524        0.0016162287
       58.4693880000        1.0000000000        1.0000000000       45.1331711174        0.0000000000        0.8869204367        0.1064304524        0.0044449772
       58.5714290000        1.0000000000        1.0000000000       39.2654682119        0.0000000000        0.8869204367        0.1064304524        0.0089880785
       58.6734690000        1.0000000000        1.0000000000       35.2056449185        0.0000000000        0.8869204367        0.1064304524        0.0146300537
       58.7755100000        1.0000000000        1.0000000000       33.1410441980        0.0000000000        0.8869204367        0.1064304524        0.0187431804
       58.8775510000        1.0000000000        1.0000000000       33.8938278089        0.0000000000        0.8869204367        0.1064304524        0.0171242561
       58.9795920000        1.0000000000        1.0000000000       36.2879609163        0.0000000000        0.8869204367        0.1064304524        0.0128481518
       59.0816330000        1.0000000000        1.0000000000       35.8785601904        0.0000000000        0.8869204367        0.1064304524        0.0134951189
       59.1836730000        1.0000000000        1.0000000000       31.0991169345        0.0000000000        0.8869204367        0.1064304524        0.0239474356
       59.2857140000        1.0000000000        1.0000000000       25.8518536039        0.0000000000        0.8869204367        0.1064304524        0.0449491948
       59.3877550000        1.0000000000        1.0000000000       22.7646171296        0.0000000000        0.8869204367        0.1064304524        0.0651049917
       59.4897960000        1.0000000000        1.0000000000       21.2438705370        0.0000000000        0.8869204367        0.1064304524        0.0781391190
       59.5918370000        1.0000000000        1.0000000000       20.3080999317        0.0000000000        0.8869204367        0.1064304524        0.0874251752
       59.6938780000        1.0000000000        1.0000000000       19.5820996757        0.0000000000        0.8869204367        0.1064304524        0.0953832816
       59.7959180000        1.0000000000        1.0000000000       18.9692970902        0.0000000000        0.8869204367        0.1064304524        0.1026617525
       59.8979590000        1.0000000000        1.0000000000       18.4375625664        0.0000000000        0.8869204367        0.1064304524        0.1094259179
       60.0000000000        1.0000000000        1.0000000000       17.9697281074        0.0000000000        0.8869204367        0.1064304524        0.1157448160
