       55.0000000000        1.0000000000        1.0000000000        9.8007007155        0.0000000000        0.8869204367        0.1064304524        0.3084843748
       55.1020410000        1.0000000000        1.0000000000        9.8235694719        0.0000000000        0.8869204367        0.1064304524        0.3076389768
       55.2040820000        1.0000000000        1.0000000000        9.8555728239        0.0000000000        0.8869204367        0.1064304524        0.3064597852
       55.3061220000        1.0000000000        1.0000000000        9.9028210805        0.0000000000        0.8869204367        0.1064304524        0.3047271388
       55.4081630000        1.0000000000        1.0000000000        9.9914300592        0.0000000000        0.8869204367        0.1064304524        0.3015041172
       55.5102040000        1.0000000000        1.0000000000       10.2298655499        0.0000000000        0.8869204367        0.1064304524        0.2929996496
       55.6122450000        1.0000000000        1.0000000000       10.8396657874        0.0000000000        0.8869204367        0.1064304524        0.2723247763
       55.7142860000        1.0000000000        1.0000000000       11.7550607600        0.0000000000        0.8869204367        0.1064304524        0.2439950621
       55.8163270000        1.0000000000        1.0000000000       12.2089770922        0.0000000000        0.8869204367        0.1064304524        0.2310601411
       55.9183670000        1.0000000000        1.0000000000       11.7778997947        0.0000000000        0.8869204367        0.1064304524        0.2433272642
       56.0204080000        1.0000000000        1.0000000000       11.1801148979        0.0000000000        0.8869204367        0.1064304524        0.2614234460
       56.1224490000        1.0000000000        1.0000000000       11.0071173815        0.0000000000        0.8869204367        0.1064304524        0.2669072429
       56.2244900000        1.0000000000        1.0000000000       11.1852871860        0.0000000000        0.8869204367        0.1064304524        0.2612612375
       56.3265310000        1.0000000000        1.0000000000       11.5445195219        0.0000000000        0.8869204367        0.1064304524        0.2502381180
       56.4285710000        1.0000000000        1.0000000000       12.0466828531        0.0000000000        0.8869204367        0.1064304524        0.2356042137
       56.5306120000        1.0000000000        1.0000000000       12.7246822715        0.0000000000        0.8869204367        0.1064304524        0.2171945306
       56.6326530000        1.0000000000        1.0000000000       13.6478597072        0.0000000000        0.8869204367        0.1064304524        0.1944183176
       56.7346940000        1.0000000000        1.0000000000       14.9294574899        0.0000000000        0.8869204367        0.1064304524        0.1667040993
       56.8367350000        1.0000000000        1.0000000000       16.7573641553        0.0000000000        0.8869204367        0.1064304524        0.1338703214
       56.9387760000        1.0000000000        1.0000000000       19.4600569987        0.0000000000        0.8869204367        0.1064304524        0.0967904603
       57.0408160000        1.0000000000        1.0000000000       23.6572074575        0.0000000000        0.8869204367        0.1064304524        0.0584920229
       57.1428570000        1.0000000000        1.0000000000       30.6704470602        0.0000000000        0.8869204367        0.1064304524        0.0252115351
       57.2448980000        1.0000000000        1.0000000000       44.0478155259        0.0000000000        0.8869204367        0.1064304524        0.0050632948
       57.3469390000        1.0000000000        1.0000000000       77.0226530446        0.0000000000        0.8869204367        0.1064304524        0.0000968141
       57.4489800000        1.0000000000        1.0000000000      184.5462066373        0.0000000000        0.8869204367        0.1064304524        0.0000000002
       57.5510200000        1.0000000000        1.0000000000      523.2849142869        0.0000000000        0.8869204367        0.1064304524        0.0000000000
       57.6530610000        1.0000000000        1.0000000000     1236.5418986898        0.0000000000        0.8869204367        0.1064304524        0.0000000000
       57.7551020000        1.0000000000        1.0000000000     1968.9643779546        0.0000000000        0.8869204367        0.1064304524        0.0000000000
       57.8571430000        1.0000000000        1.0000000000     1963.5459598492        0.0000000000        0.8869204367        0.1064304524        0.0000000000
       57.9591840000        1.0000000000        1.0000000000     1239.4065795914        0.0000000000        0.8869204367        0.1064304524        0.0000000000
       58.0612240000        1.0000000000        1.0000000000      548.4082969682        0.0000000000        0.8869204367        0.1064304524        0.0000000000
       58.1632650000        1.0000000000        1.0000000000      218.4925220325        0.0000000000        0.8869204367        0.1064304524        0.0000000000
       58.2653060000        1.0000000000        1.0000000000      108.0908735082        0.0000000000        0.8869204367        0.1064304524        0.0000023271
       58.3673470000        1.0000000000        1.0000000000       70.2017161598        0.0000000000        0.8869204367        0.1064304524        0.0002194895
       58.4693880000        1.0000000000        1.0000000000       52.8858127123        0.0000000000        0.8869204367        0.1064304524        0.0017532264
       58.5714290000        1.0000000000        1.0000000000       42.9749605297        0.0000000000        0.8869204367        0.1064304524        0.0057589779
       58.6734690000        1.0000000000        1.0000000000       36.8062009539        0.0000000000        0.8869204367        0.1064304524        0.0120734782
       58.7755100000        1.0000000000        1.0000000000       33.5628595983        0.0000000000        0.8869204367        0.1064304524        0.0178180525
       58.8775510000        1.0000000000        1.0000000000       33.6288702047        0.0000000000        0.8869204367        0.1064304524        0.0176774684
       58.9795920000        1.0000000000        1.0000000000       35.6076626041        0.0000000000        0.8869204367        0.1064304524        0.0139410227
       59.0816330000        1.0000000000        1.0000000000       34.9397259915        0.0000000000        0.8869204367        0.1064304524        0.0151044312
       59.1836730000        1.0000000000        1.0000000000       30.0065287993        0.0000000000        0.8869204367        0.1064304524        0.0273023239
       59.2857140000        1.0000000000        1.0000000000       24.6791850642        0.0000000000        0.8869204367        0.1064304524        0.0517411328
       59.3877550000        1.0000000000        1.0000000000       21.5575434654        0.0000000000        0.8869204367        0.1064304524        0.0752525705
       59.4897960000        1.0000000000        1.0000000000       20.0292671070        0.0000000000        0.8869204367        0.1064304524        0.0903999059
       59.5918370000        1.0000000000        1.0000000000       19.1034578603        0.0000000000        0.8869204367        0.1064304524        0.1010222041
       59.6938780000        1.0000000000        1.0000000000       18.4002694168        0.0000000000        0.8869204367        0.1064304524        0.1099167157
       59.7959180000        1.0000000000        1.0000000000       17.8211504831        0.0000000000        0.8869204367        0.1064304524        0.1178269734
       59.8979590000        1.0000000000        1.0000000000       17.3349297234        0.0000000000        0.8869204367        0.1064304524        0.1249062820
       60.0000000000        1.0000000000        1.0000000000       16.9314224419        0.0000000000        0.8869204367        0.1064304524        0.1311031720
