       55.0000000000        1.0000000000        1.0000000000       12.2328741932        0.0000000000        0.8869204367        0.1064304524        0.2303984902
       55.1020410000        1.0000000000        1.0000000000       12.8210769698        0.0000000000        0.8869204367        0.1064304524        0.2146966373
       55.2040820000        1.0000000000        1.0000000000       13.5226958116        0.0000000000        0.8869204367        0.1064304524        0.1973604558
       55.3061220000        1.0000000000        1.0000000000       14.3686145665        0.0000000000        0.8869204367        0.1064304524        0.1783096296
       55.4081630000        1.0000000000        1.0000000000       15.4176820810        0.0000000000        0.8869204367        0.1064304524        0.1572180082
       55.5102040000        1.0000000000        1.0000000000       16.8208810163        0.0000000000        0.8869204367        0.1064304524        0.1328538374
       55.6122450000        1.0000000000        1.0000000000       18.8487775919        0.0000000000        0.8869204367        0.1064304524        0.1041572699
       55.7142860000        1.0000000000        1.0000000000       21.4902682623        0.0000000000        0.8869204367        0.1064304524        0.0758625452
       55.8163270000        1.0000000000        1.0000000000       24.0766990104        0.0000000000        0.8869204367        0.1064304524        0.0556204755
       55.9183670000        1.0000000000        1.0000000000       26.3648069479        0.0000000000        0.8869204367        0.1064304524        0.0422658083
       56.0204080000        1.0000000000        1.0000000000       29.3064648112        0.0000000000        0.8869204367        0.1064304524        0.0296950244
       56.1224490000        1.0000000000        1.0000000000       33.7941850275        0.0000000000        0.8869204367        0.1064304524        0.0173302421
       56.2244900000        1.0000000000        1.0000000000       40.2239316505        0.0000000000        0.8869204367        0.1064304524        0.0080115438
       56.3265310000        1.0000000000        1.0000000000       49.2065140176        0.0000000000        0.8869204367        0.1064304524        0.0027263769
       56.4285710000        1.0000000000        1.0000000000       62.0328129639        0.0000000000        0.8869204367        0.1064304524        0.0005849773
       56.5306120000        1.0000000000        1.0000000000       81.1430162194        0.0000000000        0.8869204367        0.1064304524        0.0000590479
       56.6326530000        1.0000000000        1.0000000000      111.3907950904        0.0000000000        0.8869204367        0.1064304524        0.0000015661
       56.7346940000        1.0000000000        1.0000000000      163.9573764461        0.0000000000        0.8869204367        0.1064304524        0.0000000029
       56.8367350000        1.0000000000        1.0000000000      271.2700493267        0.0000000000        0.8869204367        0.1064304524        0.0000000000
       56.9387760000        1.0000000000        1.0000000000      541.7696812936        0.0000000000        0.8869204367        0.1064304524        0.0000000000
       57.0408160000        1.0000000000        1.0000000000     1269.6307520628        0.0000000000        0.8869204367        0.1064304524        0.0000000000
       57.1428570000        1.0000000000        1.0000000000     2815.5797193821        0.0000000000        0.8869204367        0.1064304524        0.0000000000
       57.2448980000        1.0000000000        1.0000000000     4732.8344029892        0.0000000000        0.8869204367        0.1064304524        0.0000000000
       57.3469390000        1.0000000000        1.0000000000     5406.2935192069        0.0000000000        0.8869204367        0.1064304524        0.0000000000
       57.4489800000        1.0000000000        1.0000000000     4122.1026144547        0.0000000000        0.8869204367        0.1064304524        0.0000000000
       57.5510200000        1.0000000000        1.0000000000     2241.9072409253        0.0000000000        0.8869204367        0.1064304524        0.0000000000
       57.6530610000        1.0000000000        1.0000000000     1029.7816360433        0.0000000000        0.8869204367        0.1064304524        0.0000000000
       57.7551020000        1.0000000000        1.0000000000      507.5627745614        0.0000000000        0.8869204367        0.1064304524        0.0000000000
       57.8571430000        1.0000000000        1.0000000000      302.9545378041        0.0000000000        0.8869204367        0.1064304524        0.0000000000
       57.9591840000        1.0000000000        1.0000000000      209.5431894042        0.0000000000        0.8869204367        0.1064304524        0.0000000000
       58.0612240000        1.0000000000        1.0000000000      157.7769594540        0.0000000000        0.8869204367        0.1064304524        0.0000000060
       58.1632650000        1.0000000000        1.0000000000      125.2442902507        0.0000000000        0.8869204367        0.1064304524        0.0000002971
       58.2653060000        1.0000000000        1.0000000000      103.1794249816        0.0000000000        0.8869204367        0.1064304524        0.0000041954
       58.3673470000        1.0000000000        1.0000000000       87.4112311264        0.0000000000        0.8869204367        0.1064304524        0.0000278313
       58.4693880000        1.0000000000        1.0000000000       75.6985690887        0.0000000000        0.8869204367        0.1064304524        0.0001134863
       58.5714290000        1.0000000000        1.0000000000       66.7610634766        0.0000000000        0.8869204367        0.1064304524        0.0003316841
       58.6734690000        1.0000000000        1.0000000000       59.9674887217        0.0000000000        0.8869204367        0.1064304524        0.0007495042
       58.7755100000        1.0000000000        1.0000000000       55.5057316690        0.0000000000        0.8869204367        0.1064304524        0.0012802655
       58.8775510000        1.0000000000        1.0000000000       54.1887886167        0.0000000000        0.8869204367        0.1064304524        0.0014994534
       58.9795920000        1.0000000000        1.0000000000       54.8627925172        0.0000000000        0.8869204367        0.1064304524        0.0013829518
       59.0816330000        1.0000000000        1.0000000000       53.0461493294        0.0000000000        0.8869204367        0.1064304524        0.0017198161
       59.1836730000        1.0000000000        1.0000000000       47.0245147930        0.0000000000        0.8869204367        0.1064304524        0.0035424320
       59.2857140000        1.0000000000        1.0000000000       40.6079833515        0.0000000000        0.8869204367        0.1064304524        0.0076507010
       59.3877550000        1.0000000000        1.0000000000       36.4483369924        0.0000000000        0.8869204367        0.1064304524        0.0126032515
       59.4897960000        1.0000000000        1.0000000000       33.9774449424        0.0000000000        0.8869204367        0.1064304524        0.0169532895
       59.5918370000        1.0000000000        1.0000000000       32.2034217404        0.0000000000        0.8869204367        0.1064304524        0.0209752814
       59.6938780000        1.0000000000        1.0000000000       30.7322435784        0.0000000000        0.8869204367        0.1064304524        0.0250252684
       59.7959180000        1.0000000000        1.0000000000       29.4523319304        0.0000000000        0.8869204367        0.1064304524        0.0291797638
       59.8979590000        1.0000000000        1.0000000000       28.3201406588        0.0000000000        0.8869204367        0.1064304524        0.0334261457
       60.0000000000        1.0000000000        1.0000000000       27.3094157681        0.0000000000        0.8869204367        0.1064304524        0.0377364091
