       55.0000000000        1.0000000000        1.0000000000        9.8128078590        0.0000000000        0.8869204367        0.1064304524        0.3080365165
       55.1020410000        1.0000000000        1.0000000000       10.0646953393        0.0000000000        0.8869204367        0.1064304524        0.2988649617
       55.2040820000        1.0000000000        1.0000000000       10.3699911624        0.0000000000        0.8869204367        0.1064304524        0.2881140301
       55.3061220000        1.0000000000        1.0000000000       10.7451889393        0.0000000000        0.8869204367        0.1064304524        0.2754297503
       55.4081630000        1.0000000000        1.0000000000       11.2300973809        0.0000000000        0.8869204367        0.1064304524        0.2598601478
       55.5102040000        1.0000000000        1.0000000000       11.9507522647        0.0000000000        0.8869204367        0.1064304524        0.2383320828
       55.6122450000        1.0000000000        1.0000000000       13.1475387665        0.0000000000        0.8869204367        0.1064304524        0.2064484258
       55.7142860000        1.0000000000        1.0000000000       14.7730938596        0.0000000000        0.8869204367        0.1064304524        0.1698616048
       55.8163270000        1.0000000000        1.0000000000       16.0978186853        0.0000000000        0.8869204367        0.1064304524        0.1448961149
       55.9183670000        1.0000000000        1.0000000000       16.7738360665        0.0000000000        0.8869204367        0.1064304524        0.1336059707
       56.0204080000        1.0000000000        1.0000000000       17.6119916660        0.0000000000        0.8869204367        0.1064304524        0.1208217452
       56.1224490000        1.0000000000        1.0000000000       19.3113291909        0.0000000000        0.8869204367        0.1064304524        0.0985334196
       56.2244900000        1.0000000000        1.0000000000       21.9621142047        0.0000000000        0.8869204367        0.1064304524        0.0716864376
       56.3265310000        1.0000000000        1.0000000000       25.6614283460        0.0000000000        0.8869204367        0.1064304524        0.0459881557
       56.4285710000        1.0000000000        1.0000000000       30.8054821673        0.0000000000        0.8869204367        0.1064304524        0.0248062942
       56.5306120000        1.0000000000        1.0000000000       38.1651282990        0.0000000000        0.8869204367        0.1064304524        0.0102567896
       56.6326530000        1.0000000000        1.0000000000       49.1513546722        0.0000000000        0.8869204367        0.1064304524        0.0027444830
       56.7346940000        1.0000000000        1.0000000000       66.5691909042        0.0000000000        0.8869204367        0.1064304524        0.0003394096
       56.8367350000        1.0000000000        1.0000000000       96.9454239115        0.0000000000        0.8869204367        0.1064304524        0.0000088645
       56.9387760000        1.0000000000        1.0000000000      159.5898944664        0.0000000000        0.8869204367        0.1064304524        0.0000000048
       57.0408160000        1.0000000000        1.0000000000      323.4369320654        0.0000000000        0.8869204367        0.1064304524        0.0000000000
       57.1428570000        1.0000000000        1.0000000000      800.2009154524        0.0000000000        0.8869204367        0.1064304524        0.0000000000
       57.2448980000        1.0000000000        1.0000000000     1915.7360427280        0.0000000000        0.8869204367        0.1064304524        0.0000000000
       57.3469390000        1.0000000000        1.0000000000     3463.7355074329        0.0000000000        0.8869204367        0.1064304524        0.0000000000
       57.4489800000        1.0000000000        1.0000000000     4170.6142453882        0.0000000000        0.8869204367        0.1064304524        0.0000000000
       57.5510200000        1.0000000000        1.0000000000     3261.4851395231        0.0000000000        0.8869204367        0.1064304524        0.0000000000
       57.6530610000        1.0000000000        1.0000000000     1754.4817571083        0.0000000000        0.8869204367        0.1064304524        0.0000000000
       57.7551020000        1.0000000000        1.0000000000      766.6430020410        0.0000000000        0.8869204367        0.1064304524        0.0000000000
       57.8571430000        1.0000000000        1.0000000000      356.9367016337        0.0000000000        0.8869204367        0.1064304524        0.0000000000
       57.9591840000        1.0000000000        1.0000000000      208.2772183596        0.0000000000        0.8869204367        0.1064304524        0.0000000000
       58.0612240000        1.0000000000        1.0000000000      145.1979594933        0.0000000000        0.8869204367        0.1064304524        0.0000000271
       58.1632650000        1.0000000000        1.0000000000      112.5664568337        0.0000000000        0.8869204367        0.1064304524        0.0000013601
       58.2653060000        1.0000000000        1.0000000000       95.4540267506        0.0000000000        0.8869204367        0.1064304524        0.0000106018
       58.3673470000        1.0000000000        1.0000000000       95.0337151406        0.0000000000        0.8869204367        0.1064304524        0.0000111503
       58.4693880000        1.0000000000        1.0000000000      139.9271625502        0.0000000000        0.8869204367        0.1064304524        0.0000000510
       58.5714290000        1.0000000000        1.0000000000      301.5204879481        0.0000000000        0.8869204367        0.1064304524        0.0000000000
       58.6734690000        1.0000000000        1.0000000000      590.9345487505        0.0000000000        0.8869204367        0.1064304524        0.0000000000
       58.7755100000        1.0000000000        1.0000000000      782.0245553348        0.0000000000        0.8869204367        0.1064304524        0.0000000000
       58.8775510000        1.0000000000        1.0000000000      649.1746971081        0.0000000000        0.8869204367        0.1064304524        0.0000000000
       58.9795920000        1.0000000000        1.0000000000      356.0824149457        0.0000000000        0.8869204367        0.1064304524        0.0000000000
       59.0816330000        1.0000000000        1.0000000000      158.6172093189        0.0000000000        0.8869204367        0.1064304524        0.0000000054
       59.1836730000        1.0000000000        1.0000000000       80.5836080192        0.0000000000        0.8869204367        0.1064304524        0.0000631478
       59.2857140000        1.0000000000        1.0000000000       53.8611418009        0.0000000000        0.8869204367        0.1064304524        0.0015595827
       59.3877550000        1.0000000000        1.0000000000       42.9650947796        0.0000000000        0.8869204367        0.1064304524        0.0057658000
       59.4897960000        1.0000000000        1.0000000000       37.3603618857        0.0000000000        0.8869204367        0.1064304524        0.0112967136
       59.5918370000        1.0000000000        1.0000000000       33.8117033854        0.0000000000        0.8869204367        0.1064304524        0.0172938487
       59.6938780000        1.0000000000        1.0000000000       31.2404128666        0.0000000000        0.8869204367        0.1064304524        0.0235448176
       59.7959180000        1.0000000000        1.0000000000       29.2427805318        0.0000000000        0.8869204367        0.1064304524        0.0299228264
       59.8979590000        1.0000000000        1.0000000000       27.6271206729        0.0000000000        0.8869204367        0.1064304524        0.0363248034
       60.0000000000        1.0000000000        1.0000000000       26.2844592812        0.0000000000        0.8869204367        0.1064304524        0.0426752943
