       55.0000000000        1.0000000000        1.0000000000       10.3974286852        0.0000000000        0.8869204367        0.1064304524        0.2871669738
       55.1020410000        1.0000000000        1.0000000000       10.5069660547        0.0000000000        0.8869204367        0.1064304524        0.2834170116
       55.2040820000        1.0000000000        1.0000000000       10.6574339496        0.0000000000        0.8869204367        0.1064304524        0.2783455159
       55.3061220000        1.0000000000        1.0000000000       10.8695281232        0.0000000000        0.8869204367        0.1064304524        0.2713506522
       55.4081630000        1.0000000000        1.0000000000       11.1923880334        0.0000000000        0.8869204367        0.1064304524        0.2610387112
       55.5102040000        1.0000000000        1.0000000000       11.7721042597        0.0000000000        0.8869204367        0.1064304524        0.2434965485
       55.6122450000        1.0000000000        1.0000000000       12.8945065850        0.0000000000        0.8869204367        0.1064304524        0.2128131368
       55.7142860000        1.0000000000        1.0000000000       14.6099420955        0.0000000000        0.8869204367        0.1064304524        0.1732199592
       55.8163270000        1.0000000000        1.0000000000       16.3816284264        0.0000000000        0.8869204367        0.1064304524        0.1400444494
       55.9183670000        1.0000000000        1.0000000000       18.3109161198        0.0000000000        0.8869204367        0.1064304524        0.1111016274
       56.0204080000        1.0000000000        1.0000000000       22.7541258506        0.0000000000        0.8869204367        0.1064304524        0.0651870075
       56.1224490000        1.0000000000        1.0000000000       37.7487924278        0.0000000000        0.8869204367        0.1064304524        0.0107822384
       56.2244900000        1.0000000000        1.0000000000       95.9056800808        0.0000000000        0.8869204367        0.1064304524        0.0000100425
       56.3265310000        1.0000000000        1.0000000000      278.6514724593        0.0000000000        0.8869204367        0.1064304524        0.0000000000
       56.4285710000        1.0000000000        1.0000000000      612.4075475192        0.0000000000        0.8869204367        0.1064304524        0.0000000000
       56.5306120000        1.0000000000        1.0000000000      850.1722870434        0.0000000000        0.8869204367        0.1064304524        0.0000000000
       56.6326530000        1.0000000000        1.0000000000      713.2631944543        0.0000000000        0.8869204367        0.1064304524        0.0000000000
       56.7346940000        1.0000000000        1.0000000000      376.6489325501        0.0000000000        0.8869204367        0.1064304524        0.0000000000
       56.8367350000        1.0000000000        1.0000000000      147.2438963162        0.0000000000        0.8869204367        0.1064304524        0.0000000212
       56.9387760000        1.0000000000        1.0000000000       61.5253028228        0.0000000000        0.8869204367        0.1064304524        0.0006217103
       57.0408160000        1.0000000000        1.0000000000       36.4961596600        0.0000000000        0.8869204367        0.1064304524        0.0125311321
       57.1428570000        1.0000000000        1.0000000000       27.5953286047        0.0000000000        0.8869204367        0.1064304524        0.0364636490
       57.2448980000        1.0000000000        1.0000000000       23.1101442648        0.0000000000        0.8869204367        0.1064304524        0.0624607255
       57.3469390000        1.0000000000        1.0000000000       20.3685267080        0.0000000000        0.8869204367        0.1064304524        0.0867935295
       57.4489800000        1.0000000000        1.0000000000       18.5286167326        0.0000000000        0.8869204367        0.1064304524        0.1082367839
       57.5510200000        1.0000000000        1.0000000000       17.2188325746        0.0000000000        0.8869204367        0.1064304524        0.1266586117
       57.6530610000        1.0000000000        1.0000000000       16.2454426931        0.0000000000        0.8869204367        0.1064304524        0.1423518993
       57.7551020000        1.0000000000        1.0000000000       15.4977509267        0.0000000000        0.8869204367        0.1064304524        0.1557146503
       57.8571430000        1.0000000000        1.0000000000       14.9082300141        0.0000000000        0.8869204367        0.1064304524        0.1671292855
       57.9591840000        1.0000000000        1.0000000000       14.4336240166        0.0000000000        0.8869204367        0.1064304524        0.1769240239
       58.0612240000        1.0000000000        1.0000000000       14.0452258723        0.0000000000        0.8869204367        0.1064304524        0.1853652447
       58.1632650000        1.0000000000        1.0000000000       13.7236108598        0.0000000000        0.8869204367        0.1064304524        0.1926590364
       58.2653060000        1.0000000000        1.0000000000       13.4558711580        0.0000000000        0.8869204367        0.1064304524        0.1989494436
       58.3673470000        1.0000000000        1.0000000000       13.2346350525        0.0000000000        0.8869204367        0.1064304524        0.2043019553
       58.4693880000        1.0000000000        1.0000000000       13.0604676386        0.0000000000        0.8869204367        0.1064304524        0.2086168180
       58.5714290000        1.0000000000        1.0000000000       12.9630574466        0.0000000000        0.8869204367        0.1064304524        0.2110696947
       58.6734690000        1.0000000000        1.0000000000       13.1281721520        0.0000000000        0.8869204367        0.1064304524        0.2069287685
       58.7755100000        1.0000000000        1.0000000000       14.2728007769        0.0000000000        0.8869204367        0.1064304524        0.1803716033
       58.8775510000        1.0000000000        1.0000000000       17.5135874712        0.0000000000        0.8869204367        0.1064304524        0.1222569262
       58.9795920000        1.0000000000        1.0000000000       21.8191139670        0.0000000000        0.8869204367        0.1064304524        0.0729271941
       59.0816330000        1.0000000000        1.0000000000       22.8776969794        0.0000000000        0.8869204367        0.1064304524        0.0642275111
       59.1836730000        1.0000000000        1.0000000000       19.3141814254        0.0000000000        0.8869204367        0.1064304524        0.0984997005
       59.2857140000        1.0000000000        1.0000000000       15.1474368299        0.0000000000        0.8869204367        0.1064304524        0.1624000701
       59.3877550000        1.0000000000        1.0000000000       13.0070284730        0.0000000000        0.8869204367        0.1064304524        0.2099589136
       59.4897960000        1.0000000000        1.0000000000       12.2934382696        0.0000000000        0.8869204367        0.1064304524        0.2287300956
       59.5918370000        1.0000000000        1.0000000000       12.0457296836        0.0000000000        0.8869204367        0.1064304524        0.2356311637
       59.6938780000        1.0000000000        1.0000000000       11.9128549741        0.0000000000        0.8869204367        0.1064304524        0.2394184079
       59.7959180000        1.0000000000        1.0000000000       11.8165314841        0.0000000000        0.8869204367        0.1064304524        0.2422018576
       59.8979590000        1.0000000000        1.0000000000       11.7381334398        0.0000000000        0.8869204367        0.1064304524        0.2444911877
       60.0000000000        1.0000000000        1.0000000000       11.6708575587        0.0000000000        0.8869204367        0.1064304524        0.2464729798
