       55.0000000000        1.0000000000        1.0000000000        9.1861606580        0.0000000000        0.8869204367        0.1064304524        0.3320933154
       55.1020410000        1.0000000000        1.0000000000        9.2940074518        0.0000000000        0.8869204367        0.1064304524        0.3278231823
       55.2040820000        1.0000000000        1.0000000000        9.4227722575        0.0000000000        0.8869204367        0.1064304524        0.3227966660
       55.3061220000        1.0000000000        1.0000000000        9.5804555910        0.0000000000        0.8869204367        0.1064304524        0.3167461321
       55.4081630000        1.0000000000        1.0000000000        9.7956183951        0.0000000000        0.8869204367        0.1064304524        0.3086725702
       55.5102040000        1.0000000000        1.0000000000       10.1794867379        0.0000000000        0.8869204367        0.1064304524        0.2947763315
       55.6122450000        1.0000000000        1.0000000000       10.9539953595        0.0000000000        0.8869204367        0.1064304524        0.2686141158
       55.7142860000        1.0000000000        1.0000000000       12.0488993024        0.0000000000        0.8869204367        0.1064304524        0.2355415575
       55.8163270000        1.0000000000        1.0000000000       12.6985540465        0.0000000000        0.8869204367        0.1064304524        0.2178765882
       55.9183670000        1.0000000000        1.0000000000       12.4967577090        0.0000000000        0.8869204367        0.1064304524        0.2232169914
       56.0204080000        1.0000000000        1.0000000000       12.1753995041        0.0000000000        0.8869204367        0.1064304524        0.2319930324
       56.1224490000        1.0000000000        1.0000000000       12.3254296929        0.0000000000        0.8869204367        0.1064304524        0.2278536908
       56.2244900000        1.0000000000        1.0000000000       12.8730956363        0.0000000000        0.8869204367        0.1064304524        0.2133606236
       56.3265310000        1.0000000000        1.0000000000       13.6536761407        0.0000000000        0.8869204367        0.1064304524        0.1942826664
       56.4285710000        1.0000000000        1.0000000000       14.6353609575        0.0000000000        0.8869204367        0.1064304524        0.1726923977
       56.5306120000        1.0000000000        1.0000000000       15.8549215893        0.0000000000        0.8869204367        0.1064304524        0.1491816496
       56.6326530000        1.0000000000        1.0000000000       17.3793578218        0.0000000000        0.8869204367        0.1064304524        0.1242421322
       56.7346940000        1.0000000000        1.0000000000       19.3053509716        0.0000000000        0.8869204367        0.1064304524        0.0986041315
       56.8367350000        1.0000000000        1.0000000000       21.7717229687        0.0000000000        0.8869204367        0.1064304524        0.0733431068
       56.9387760000        1.0000000000        1.0000000000       24.9821146137        0.0000000000        0.8869204367        0.1064304524        0.0498940384
       57.0408160000        1.0000000000        1.0000000000       29.2442496522        0.0000000000        0.8869204367        0.1064304524        0.0299175517
       57.1428570000        1.0000000000        1.0000000000       35.0409301248        0.0000000000        0.8869204367        0.1064304524        0.0149221049
       57.2448980000        1.0000000000        1.0000000000       43.1648486244        0.0000000000        0.8869204367        0.1064304524        0.0056292344
       57.3469390000        1.0000000000        1.0000000000       54.9960209101        0.0000000000        0.8869204367        0.1064304524        0.0013610178
       57.4489800000        1.0000000000        1.0000000000       73.1333296707        0.0000000000        0.8869204367        0.1064304524        0.0001543945
       57.5510200000        1.0000000000        1.0000000000      103.1040533880        0.0000000000        0.8869204367        0.1064304524        0.0000042335
       57.6530610000        1.0000000000        1.0000000000      159.3053193195        0.0000000000        0.8869204367        0.1064304524        0.0000000050
       57.7551020000        1.0000000000        1.0000000000      288.7844275383        0.0000000000        0.8869204367        0.1064304524        0.0000000000
       57.8571430000        1.0000000000        1.0000000000      645.9920937569        0.0000000000        0.8869204367        0.1064304524        0.0000000000
       57.9591840000        1.0000000000        1.0000000000     1562.6694029339        0.0000000000        0.8869204367        0.1064304524        0.0000000000
       58.0612240000        1.0000000000        1.0000000000     3169.0413734234        0.0000000000        0.8869204367        0.1064304524        0.0000000000
       58.1632650000        1.0000000000        1.0000000000     4542.1213940351        0.0000000000        0.8869204367        0.1064304524        0.0000000000
       58.2653060000        1.0000000000        1.0000000000     4314.7527731509        0.0000000000        0.8869204367        0.1064304524        0.0000000000
       58.3673470000        1.0000000000        1.0000000000     2766.2175327634        0.0000000000        0.8869204367        0.1064304524        0.0000000000
       58.4693880000        1.0000000000        1.0000000000     1335.0578370801        0.0000000000        0.8869204367        0.1064304524        0.0000000000
       58.5714290000        1.0000000000        1.0000000000      602.9804832339        0.0000000000        0.8869204367        0.1064304524        0.0000000000
       58.6734690000        1.0000000000        1.0000000000      318.9665592458        0.0000000000        0.8869204367        0.1064304524        0.0000000000
       58.7755100000        1.0000000000        1.0000000000      205.9066212786        0.0000000000        0.8869204367        0.1064304524        0.0000000000
       58.8775510000        1.0000000000        1.0000000000      152.7419510335        0.0000000000        0.8869204367        0.1064304524        0.0000000110
       58.9795920000        1.0000000000        1.0000000000      124.1708420925        0.0000000000        0.8869204367        0.1064304524        0.0000003379
       59.0816330000        1.0000000000        1.0000000000      104.1472295489        0.0000000000        0.8869204367        0.1064304524        0.0000037354
       59.1836730000        1.0000000000        1.0000000000       85.9676804790        0.0000000000        0.8869204367        0.1064304524        0.0000330952
       59.2857140000        1.0000000000        1.0000000000       70.9509026986        0.0000000000        0.8869204367        0.1064304524        0.0002006179
       59.3877550000        1.0000000000        1.0000000000       60.4948704342        0.0000000000        0.8869204367        0.1064304524        0.0007035410
       59.4897960000        1.0000000000        1.0000000000       53.3233205951        0.0000000000        0.8869204367        0.1064304524        0.0016635549
       59.5918370000        1.0000000000        1.0000000000       47.9701484881        0.0000000000        0.8869204367        0.1064304524        0.0031624197
       59.6938780000        1.0000000000        1.0000000000       43.7197501441        0.0000000000        0.8869204367        0.1064304524        0.0052666014
       59.7959180000        1.0000000000        1.0000000000       40.2443129217        0.0000000000        0.8869204367        0.1064304524        0.0079919735
       59.8979590000        1.0000000000        1.0000000000       37.3520065203        0.0000000000        0.8869204367        0.1064304524        0.0113080459
       60.0000000000        1.0000000000        1.0000000000       34.9121852489        0.0000000000        0.8869204367        0.1064304524        0.0151544323
