       55.0000000000        1.0000000000        1.0000000000       10.1824019925        0.0000000000        0.8869204367        0.1064304524        0.2946732278
       55.1020410000        1.0000000000        1.0000000000       10.3276255557        0.0000000000        0.8869204367        0.1064304524        0.2895824947
       55.2040820000        1.0000000000        1.0000000000       10.5112607361        0.0000000000        0.8869204367        0.1064304524        0.2832709870
       55.3061220000        1.0000000000        1.0000000000       10.7479910455        0.0000000000        0.8869204367        0.1064304524        0.2753371519
       55.4081630000        1.0000000000        1.0000000000       11.0757409106        0.0000000000        0.8869204367        0.1064304524        0.2647183339
       55.5102040000        1.0000000000        1.0000000000       11.6191564666        0.0000000000        0.8869204367        0.1064304524        0.2480068838
       55.6122450000        1.0000000000        1.0000000000       12.6205498415        0.0000000000        0.8869204367        0.1064304524        0.2199255979
       55.7142860000        1.0000000000        1.0000000000       14.0409578704        0.0000000000        0.8869204367        0.1064304524        0.1854602057
       55.8163270000        1.0000000000        1.0000000000       15.1592376462        0.0000000000        0.8869204367        0.1064304524        0.1621702585
       55.9183670000        1.0000000000        1.0000000000       15.6324645061        0.0000000000        0.8869204367        0.1064304524        0.1532176621
       56.0204080000        1.0000000000        1.0000000000       16.2977802067        0.0000000000        0.8869204367        0.1064304524        0.1414606596
       56.1224490000        1.0000000000        1.0000000000       17.9292650164        0.0000000000        0.8869204367        0.1064304524        0.1163081898
       56.2244900000        1.0000000000        1.0000000000       20.7693268414        0.0000000000        0.8869204367        0.1064304524        0.0827179028
       56.3265310000        1.0000000000        1.0000000000       25.2407306251        0.0000000000        0.8869204367        0.1064304524        0.0483694107
       56.4285710000        1.0000000000        1.0000000000       32.5150051327        0.0000000000        0.8869204367        0.1064304524        0.0202054963
       56.5306120000        1.0000000000        1.0000000000       45.5652825380        0.0000000000        0.8869204367        0.1064304524        0.0042203640
       56.6326530000        1.0000000000        1.0000000000       74.2976389095        0.0000000000        0.8869204367        0.1064304524        0.0001342621
       56.7346940000        1.0000000000        1.0000000000      160.1776984794        0.0000000000        0.8869204367        0.1064304524        0.0000000045
       56.8367350000        1.0000000000        1.0000000000      443.0529679532        0.0000000000        0.8869204367        0.1064304524        0.0000000000
       56.9387760000        1.0000000000        1.0000000000     1137.5761691651        0.0000000000        0.8869204367        0.1064304524        0.0000000000
       57.0408160000        1.0000000000        1.0000000000     2064.5589750959        0.0000000000        0.8869204367        0.1064304524        0.0000000000
       57.1428570000        1.0000000000        1.0000000000     2380.1387279446        0.0000000000        0.8869204367        0.1064304524        0.0000000000
       57.2448980000        1.0000000000        1.0000000000     1719.6326716047        0.0000000000        0.8869204367        0.1064304524        0.0000000000
       57.3469390000        1.0000000000        1.0000000000      835.8648485732        0.0000000000        0.8869204367        0.1064304524        0.0000000000
       57.4489800000        1.0000000000        1.0000000000      333.9476589094        0.0000000000        0.8869204367        0.1064304524        0.0000000000
       57.5510200000        1.0000000000        1.0000000000      152.0949726826        0.0000000000        0.8869204367        0.1064304524        0.0000000118
       57.6530610000        1.0000000000        1.0000000000       91.7615907828        0.0000000000        0.8869204367        0.1064304524        0.0000165125
       57.7551020000        1.0000000000        1.0000000000       66.2709309871        0.0000000000        0.8869204367        0.1064304524        0.0003517775
       57.8571430000        1.0000000000        1.0000000000       52.3069226630        0.0000000000        0.8869204367        0.1064304524        0.0018793473
       57.9591840000        1.0000000000        1.0000000000       43.4955263421        0.0000000000        0.8869204367        0.1064304524        0.0054102328
       58.0612240000        1.0000000000        1.0000000000       37.4832560820        0.0000000000        0.8869204367        0.1064304524        0.0111313400
       58.1632650000        1.0000000000        1.0000000000       33.1598945830        0.0000000000        0.8869204367        0.1064304524        0.0187008304
       58.2653060000        1.0000000000        1.0000000000       29.9284453592        0.0000000000        0.8869204367        0.1064304524        0.0275593493
       58.3673470000        1.0000000000        1.0000000000       27.4419051214        0.0000000000        0.8869204367        0.1064304524        0.0371411925
       58.4693880000        1.0000000000        1.0000000000       25.4908850557        0.0000000000        0.8869204367        0.1064304524        0.0469390087
       58.5714290000        1.0000000000        1.0000000000       23.9683580199        0.0000000000        0.8869204367        0.1064304524        0.0563483138
       58.6734690000        1.0000000000        1.0000000000       22.9664166954        0.0000000000        0.8869204367        0.1064304524        0.0635473486
       58.7755100000        1.0000000000        1.0000000000       23.1374743808        0.0000000000        0.8869204367        0.1064304524        0.0622562140
       58.8775510000        1.0000000000        1.0000000000       25.5672835550        0.0000000000        0.8869204367        0.1064304524        0.0465106469
       58.9795920000        1.0000000000        1.0000000000       29.2259481043        0.0000000000        0.8869204367        0.1064304524        0.0299833284
       59.0816330000        1.0000000000        1.0000000000       29.7776275064        0.0000000000        0.8869204367        0.1064304524        0.0280626631
       59.1836730000        1.0000000000        1.0000000000       25.7682122512        0.0000000000        0.8869204367        0.1064304524        0.0454026198
       59.2857140000        1.0000000000        1.0000000000       21.1712176666        0.0000000000        0.8869204367        0.1064304524        0.0788233410
       59.3877550000        1.0000000000        1.0000000000       18.6326421447        0.0000000000        0.8869204367        0.1064304524        0.1068940569
       59.4897960000        1.0000000000        1.0000000000       17.5686566466        0.0000000000        0.8869204367        0.1064304524        0.1214516792
       59.5918370000        1.0000000000        1.0000000000       17.0145620997        0.0000000000        0.8869204367        0.1064304524        0.1298016904
       59.6938780000        1.0000000000        1.0000000000       16.6110906019        0.0000000000        0.8869204367        0.1064304524        0.1362408679
       59.7959180000        1.0000000000        1.0000000000       16.2736632438        0.0000000000        0.8869204367        0.1064304524        0.1418706447
       59.8979590000        1.0000000000        1.0000000000       15.9790786763        0.0000000000        0.8869204367        0.1064304524        0.1469754899
       60.0000000000        1.0000000000        1.0000000000       15.7169993219        0.0000000000        0.8869204367        0.1064304524        0.1516712516
