       55.0000000000        1.0000000000        1.0000000000        8.9153548675        0.0000000000        0.8869204367        0.1064304524        0.3430625167
       55.1020410000        1.0000000000        1.0000000000        8.9285089599        0.0000000000        0.8869204367        0.1064304524        0.3425214227
       55.2040820000        1.0000000000        1.0000000000        8.9491053013        0.0000000000        0.8869204367        0.1064304524        0.3416759054
       55.3061220000        1.0000000000        1.0000000000        8.9827092508        0.0000000000        0.8869204367        0.1064304524        0.3403008805
       55.4081630000        1.0000000000        1.0000000000        9.0546029868        0.0000000000        0.8869204367        0.1064304524        0.3373776481
       55.5102040000        1.0000000000        1.0000000000        9.2722394892        0.0000000000        0.8869204367        0.1064304524        0.3286806269
       55.6122450000        1.0000000000        1.0000000000        9.8574796166        0.0000000000        0.8869204367        0.1064304524        0.3063896705
       55.7142860000        1.0000000000        1.0000000000       10.7476673485        0.0000000000        0.8869204367        0.1064304524        0.2753478472
       55.8163270000        1.0000000000        1.0000000000       11.1753941540        0.0000000000        0.8869204367        0.1064304524        0.2615715816
       55.9183670000        1.0000000000        1.0000000000       10.7072742365        0.0000000000        0.8869204367        0.1064304524        0.2766857458
       56.0204080000        1.0000000000        1.0000000000       10.0531300302        0.0000000000        0.8869204367        0.1064304524        0.2992800255
       56.1224490000        1.0000000000        1.0000000000        9.8031702112        0.0000000000        0.8869204367        0.1064304524        0.3083929722
       56.2244900000        1.0000000000        1.0000000000        9.8806257860        0.0000000000        0.8869204367        0.1064304524        0.3055398416
       56.3265310000        1.0000000000        1.0000000000       10.1060333355        0.0000000000        0.8869204367        0.1064304524        0.2973860953
       56.4285710000        1.0000000000        1.0000000000       10.4260083211        0.0000000000        0.8869204367        0.1064304524        0.2861838054
       56.5306120000        1.0000000000        1.0000000000       10.8500867173        0.0000000000        0.8869204367        0.1064304524        0.2719844438
       56.6326530000        1.0000000000        1.0000000000       11.4103792199        0.0000000000        0.8869204367        0.1064304524        0.2542987540
       56.7346940000        1.0000000000        1.0000000000       12.1580711293        0.0000000000        0.8869204367        0.1064304524        0.2324759418
       56.8367350000        1.0000000000        1.0000000000       13.1723067568        0.0000000000        0.8869204367        0.1064304524        0.2058357392
       56.9387760000        1.0000000000        1.0000000000       14.5788626026        0.0000000000        0.8869204367        0.1064304524        0.1738671960
       57.0408160000        1.0000000000        1.0000000000       16.5867574204        0.0000000000        0.8869204367        0.1064304524        0.1366392701
       57.1428570000        1.0000000000        1.0000000000       19.5650789670        0.0000000000        0.8869204367        0.1064304524        0.0955782996
       57.2448980000        1.0000000000        1.0000000000       24.2230672291        0.0000000000        0.8869204367        0.1064304524        0.0546520766
       57.3469390000        1.0000000000        1.0000000000       32.1400094032        0.0000000000        0.8869204367        0.1064304524        0.0211355013
       57.4489800000        1.0000000000        1.0000000000       48.0200314713        0.0000000000        0.8869204367        0.1064304524        0.0031435461
       57.5510200000        1.0000000000        1.0000000000       91.2138789662        0.0000000000        0.8869204367        0.1064304524        0.0000176343
       57.6530610000        1.0000000000        1.0000000000      237.6945558502        0.0000000000        0.8869204367        0.1064304524        0.0000000000
       57.7551020000        1.0000000000        1.0000000000      662.2301706384        0.0000000000        0.8869204367        0.1064304524        0.0000000000
       57.8571430000        1.0000000000        1.0000000000     1440.4392977198        0.0000000000        0.8869204367        0.1064304524        0.0000000000
       57.9591840000        1.0000000000        1.0000000000     2152.3451866845        0.0000000000        0.8869204367        0.1064304524        0.0000000000
       58.0612240000        1.0000000000        1.0000000000     2180.8263275033        0.0000000000        0.8869204367        0.1064304524        0.0000000000
       58.1632650000        1.0000000000        1.0000000000     1541.7956372382        0.0000000000        0.8869204367        0.1064304524        0.0000000000
       58.2653060000        1.0000000000        1.0000000000      792.2561744149        0.0000000000        0.8869204367        0.1064304524        0.0000000000
       58.3673470000        1.0000000000        1.0000000000      326.9770446474        0.0000000000        0.8869204367        0.1064304524        0.0000000000
       58.4693880000        1.0000000000        1.0000000000      139.7976733535        0.0000000000        0.8869204367        0.1064304524        0.0000000518
       58.5714290000        1.0000000000        1.0000000000       78.9487013689        0.0000000000        0.8869204367        0.1064304524        0.0000768355
       58.6734690000        1.0000000000        1.0000000000       56.3704865012        0.0000000000        0.8869204367        0.1064304524        0.0011540724
       58.7755100000        1.0000000000        1.0000000000       45.8780674380        0.0000000000        0.8869204367        0.1064304524        0.0040648920
       58.8775510000        1.0000000000        1.0000000000       41.9198753304        0.0000000000        0.8869204367        0.1064304524        0.0065362934
       58.9795920000        1.0000000000        1.0000000000       41.3761385054        0.0000000000        0.8869204367        0.1064304524        0.0069769974
       59.0816330000        1.0000000000        1.0000000000       38.9939550998        0.0000000000        0.8869204367        0.1064304524        0.0092857472
       59.1836730000        1.0000000000        1.0000000000       32.8647830038        0.0000000000        0.8869204367        0.1064304524        0.0193749563
       59.2857140000        1.0000000000        1.0000000000       26.7009769233        0.0000000000        0.8869204367        0.1064304524        0.0405947216
       59.3877550000        1.0000000000        1.0000000000       22.9722548441        0.0000000000        0.8869204367        0.1064304524        0.0635028443
       59.4897960000        1.0000000000        1.0000000000       20.9800717855        0.0000000000        0.8869204367        0.1064304524        0.0806522470
       59.5918370000        1.0000000000        1.0000000000       19.6877096762        0.0000000000        0.8869204367        0.1064304524        0.0941820977
       59.6938780000        1.0000000000        1.0000000000       18.6881176430        0.0000000000        0.8869204367        0.1064304524        0.1061848201
       59.7959180000        1.0000000000        1.0000000000       17.8629833291        0.0000000000        0.8869204367        0.1064304524        0.1172369710
       59.8979590000        1.0000000000        1.0000000000       17.1646352464        0.0000000000        0.8869204367        0.1064304524        0.1274850432
       60.0000000000        1.0000000000        1.0000000000       16.5647033007        0.0000000000        0.8869204367        0.1064304524        0.1370013641
