       55.0000000000        1.0000000000        1.0000000000       11.3502818667        0.0000000000        0.8869204367        0.1064304524        0.2561393046
       55.1020410000        1.0000000000        1.0000000000       11.8099117664        0.0000000000        0.8869204367        0.1064304524        0.2423943310
       55.2040820000        1.0000000000        1.0000000000       12.3919132785        0.0000000000        0.8869204367        0.1064304524        0.2260430992
       55.3061220000        1.0000000000        1.0000000000       13.1402104834        0.0000000000        0.8869204367        0.1064304524        0.2066300551
       55.4081630000        1.0000000000        1.0000000000       14.1353571720        0.0000000000        0.8869204367        0.1064304524        0.1833711825
       55.5102040000        1.0000000000        1.0000000000       15.5650772792        0.0000000000        0.8869204367        0.1064304524        0.1544616747
       55.6122450000        1.0000000000        1.0000000000       17.7649681427        0.0000000000        0.8869204367        0.1064304524        0.1186240326
       55.7142860000        1.0000000000        1.0000000000       20.8394305858        0.0000000000        0.8869204367        0.1064304524        0.0820249614
       55.8163270000        1.0000000000        1.0000000000       24.3191666561        0.0000000000        0.8869204367        0.1064304524        0.0540254526
       55.9183670000        1.0000000000        1.0000000000       28.3212852170        0.0000000000        0.8869204367        0.1064304524        0.0334215551
       56.0204080000        1.0000000000        1.0000000000       34.5378272525        0.0000000000        0.8869204367        0.1064304524        0.0158507372
       56.1224490000        1.0000000000        1.0000000000       45.5423139067        0.0000000000        0.8869204367        0.1064304524        0.0042320123
       56.2244900000        1.0000000000        1.0000000000       66.1952328413        0.0000000000        0.8869204367        0.1064304524        0.0003549875
       56.3265310000        1.0000000000        1.0000000000      112.8193317591        0.0000000000        0.8869204367        0.1064304524        0.0000013194
       56.4285710000        1.0000000000        1.0000000000      250.1356925118        0.0000000000        0.8869204367        0.1064304524        0.0000000000
       56.5306120000        1.0000000000        1.0000000000      673.4944287004        0.0000000000        0.8869204367        0.1064304524        0.0000000000
       56.6326530000        1.0000000000        1.0000000000     1620.8620898146        0.0000000000        0.8869204367        0.1064304524        0.0000000000
       56.7346940000        1.0000000000        1.0000000000     2745.5510839738        0.0000000000        0.8869204367        0.1064304524        0.0000000000
       56.8367350000        1.0000000000        1.0000000000     2968.7798087740        0.0000000000        0.8869204367        0.1064304524        0.0000000000
       56.9387760000        1.0000000000        1.0000000000     2042.0712973956        0.0000000000        0.8869204367        0.1064304524        0.0000000000
       57.0408160000        1.0000000000        1.0000000000      972.9596417451        0.0000000000        0.8869204367        0.1064304524        0.0000000000
       57.1428570000        1.0000000000        1.0000000000      398.6760261030        0.0000000000        0.8869204367        0.1064304524        0.0000000000
       57.2448980000        1.0000000000        1.0000000000      190.5088880313        0.0000000000        0.8869204367        0.1064304524        0.0000000001
       57.3469390000        1.0000000000        1.0000000000      117.5498722221        0.0000000000        0.8869204367        0.1064304524        0.0000007479
       57.4489800000        1.0000000000        1.0000000000       84.9166225360        0.0000000000        0.8869204367        0.1064304524        0.0000375441
       57.5510200000        1.0000000000        1.0000000000       66.5548265655        0.0000000000        0.8869204367        0.1064304524        0.0003399952
       57.6530610000        1.0000000000        1.0000000000       54.8314929286        0.0000000000        0.8869204367        0.1064304524        0.0013881558
       57.7551020000        1.0000000000        1.0000000000       46.7775432383        0.0000000000        0.8869204367        0.1064304524        0.0036489888
       57.8571430000        1.0000000000        1.0000000000       40.9583713721        0.0000000000        0.8869204367        0.1064304524        0.0073356844
       57.9591840000        1.0000000000        1.0000000000       36.5914318670        0.0000000000        0.8869204367        0.1064304524        0.0123886837
       58.0612240000        1.0000000000        1.0000000000       33.2154949500        0.0000000000        0.8869204367        0.1064304524        0.0185764730
       58.1632650000        1.0000000000        1.0000000000       30.5426921838        0.0000000000        0.8869204367        0.1064304524        0.0256010206
       58.2653060000        1.0000000000        1.0000000000       28.3856496460        0.0000000000        0.8869204367        0.1064304524        0.0331644103
       58.3673470000        1.0000000000        1.0000000000       26.6190430007        0.0000000000        0.8869204367        0.1064304524        0.0409958204
       58.4693880000        1.0000000000        1.0000000000       25.1608833534        0.0000000000        0.8869204367        0.1064304524        0.0488350980
       58.5714290000        1.0000000000        1.0000000000       23.9808345901        0.0000000000        0.8869204367        0.1064304524        0.0562640129
       58.6734690000        1.0000000000        1.0000000000       23.2187840043        0.0000000000        0.8869204367        0.1064304524        0.0616517243
       58.7755100000        1.0000000000        1.0000000000       23.5581177180        0.0000000000        0.8869204367        0.1064304524        0.0591916896
       58.8775510000        1.0000000000        1.0000000000       26.1073930410        0.0000000000        0.8869204367        0.1064304524        0.0435917588
       58.9795920000        1.0000000000        1.0000000000       29.8558936295        0.0000000000        0.8869204367        0.1064304524        0.0278003342
       59.0816330000        1.0000000000        1.0000000000       30.4777730625        0.0000000000        0.8869204367        0.1064304524        0.0258012389
       59.1836730000        1.0000000000        1.0000000000       26.5169071877        0.0000000000        0.8869204367        0.1064304524        0.0415013691
       59.2857140000        1.0000000000        1.0000000000       21.9470870950        0.0000000000        0.8869204367        0.1064304524        0.0718158230
       59.3877550000        1.0000000000        1.0000000000       19.4219592765        0.0000000000        0.8869204367        0.1064304524        0.0972339729
       59.4897960000        1.0000000000        1.0000000000       18.3639620264        0.0000000000        0.8869204367        0.1064304524        0.1103966551
       59.5918370000        1.0000000000        1.0000000000       17.8108630652        0.0000000000        0.8869204367        0.1064304524        0.1179725194
       59.6938780000        1.0000000000        1.0000000000       17.4044988956        0.0000000000        0.8869204367        0.1064304524        0.1238678673
       59.7959180000        1.0000000000        1.0000000000       17.0611589611        0.0000000000        0.8869204367        0.1064304524        0.1290779136
       59.8979590000        1.0000000000        1.0000000000       16.7583747556        0.0000000000        0.8869204367        0.1064304524        0.1338540876
       60.0000000000        1.0000000000        1.0000000000       16.4863979904        0.0000000000        0.8869204367        0.1064304524        0.1382947836
