       55.0000000000        1.0000000000        1.0000000000       10.1584942363        0.0000000000        0.8869204367        0.1064304524        0.2955198387
       55.1020410000        1.0000000000        1.0000000000       10.4405445487        0.0000000000        0.8869204367        0.1064304524        0.2856850365
       55.2040820000        1.0000000000        1.0000000000       10.7792384599        0.0000000000        0.8869204367        0.1064304524        0.2743066562
       55.3061220000        1.0000000000        1.0000000000       11.1915191933        0.0000000000        0.8869204367        0.1064304524        0.2610659287
       55.4081630000        1.0000000000        1.0000000000       11.7177242093        0.0000000000        0.8869204367        0.1064304524        0.2450907068
       55.5102040000        1.0000000000        1.0000000000       12.4844602561        0.0000000000        0.8869204367        0.1064304524        0.2235466346
       55.6122450000        1.0000000000        1.0000000000       13.7324504976        0.0000000000        0.8869204367        0.1064304524        0.1924547804
       55.7142860000        1.0000000000        1.0000000000       15.4141752377        0.0000000000        0.8869204367        0.1064304524        0.1572841828
       55.8163270000        1.0000000000        1.0000000000       16.8003357912        0.0000000000        0.8869204367        0.1064304524        0.1331817829
       55.9183670000        1.0000000000        1.0000000000       17.5445095103        0.0000000000        0.8869204367        0.1064304524        0.1218041148
       56.0204080000        1.0000000000        1.0000000000       18.4578985810        0.0000000000        0.8869204367        0.1064304524        0.1091592090
       56.1224490000        1.0000000000        1.0000000000       20.2371395121        0.0000000000        0.8869204367        0.1064304524        0.0881728011
       56.2244900000        1.0000000000        1.0000000000       22.9672717424        0.0000000000        0.8869204367        0.1064304524        0.0635408286
       56.3265310000        1.0000000000        1.0000000000       26.7345592187        0.0000000000        0.8869204367        0.1064304524        0.0404314591
       56.4285710000        1.0000000000        1.0000000000       31.9111883641        0.0000000000        0.8869204367        0.1064304524        0.0217238921
       56.5306120000        1.0000000000        1.0000000000       39.2131783894        0.0000000000        0.8869204367        0.1064304524        0.0090446541
       56.6326530000        1.0000000000        1.0000000000       49.9186765541        0.0000000000        0.8869204367        0.1064304524        0.0025030603
       56.7346940000        1.0000000000        1.0000000000       66.4646290209        0.0000000000        0.8869204367        0.1064304524        0.0003436952
       56.8367350000        1.0000000000        1.0000000000       94.1224566623        0.0000000000        0.8869204367        0.1064304524        0.0000124387
       56.9387760000        1.0000000000        1.0000000000      147.0569476756        0.0000000000        0.8869204367        0.1064304524        0.0000000217
       57.0408160000        1.0000000000        1.0000000000      273.4046615380        0.0000000000        0.8869204367        0.1064304524        0.0000000000
       57.1428570000        1.0000000000        1.0000000000      633.3266018408        0.0000000000        0.8869204367        0.1064304524        0.0000000000
       57.2448980000        1.0000000000        1.0000000000     1557.2266558551        0.0000000000        0.8869204367        0.1064304524        0.0000000000
       57.3469390000        1.0000000000        1.0000000000     3113.9730277427        0.0000000000        0.8869204367        0.1064304524        0.0000000000
       57.4489800000        1.0000000000        1.0000000000     4302.6752617502        0.0000000000        0.8869204367        0.1064304524        0.0000000000
       57.5510200000        1.0000000000        1.0000000000     3887.8062572725        0.0000000000        0.8869204367        0.1064304524        0.0000000000
       57.6530610000        1.0000000000        1.0000000000     2362.5284530090        0.0000000000        0.8869204367        0.1064304524        0.0000000000
       57.7551020000        1.0000000000        1.0000000000     1095.2230885636        0.0000000000        0.8869204367        0.1064304524        0.0000000000
       57.8571430000        1.0000000000        1.0000000000      491.5908255919        0.0000000000        0.8869204367        0.1064304524        0.0000000000
       57.9591840000        1.0000000000        1.0000000000      265.3800762366        0.0000000000        0.8869204367        0.1064304524        0.0000000000
       58.0612240000        1.0000000000        1.0000000000      173.8424937751        0.0000000000        0.8869204367        0.1064304524        0.0000000009
       58.1632650000        1.0000000000        1.0000000000      127.6101123836        0.0000000000        0.8869204367        0.1064304524        0.0000002236
       58.2653060000        1.0000000000        1.0000000000      100.0047817101        0.0000000000        0.8869204367        0.1064304524        0.0000061407
       58.3673470000        1.0000000000        1.0000000000       81.8353467969        0.0000000000        0.8869204367        0.1064304524        0.0000543405
       58.4693880000        1.0000000000        1.0000000000       69.1183129288        0.0000000000        0.8869204367        0.1064304524        0.0002499630
       58.5714290000        1.0000000000        1.0000000000       59.8482763206        0.0000000000        0.8869204367        0.1064304524        0.0007603033
       58.6734690000        1.0000000000        1.0000000000       53.0583964555        0.0000000000        0.8869204367        0.1064304524        0.0017172904
       58.7755100000        1.0000000000        1.0000000000       48.7702659498        0.0000000000        0.8869204367        0.1064304524        0.0028729040
       58.8775510000        1.0000000000        1.0000000000       47.7020923031        0.0000000000        0.8869204367        0.1064304524        0.0032657982
       58.9795920000        1.0000000000        1.0000000000       48.6330616756        0.0000000000        0.8869204367        0.1064304524        0.0029205965
       59.0816330000        1.0000000000        1.0000000000       47.0548799266        0.0000000000        0.8869204367        0.1064304524        0.0035295475
       59.1836730000        1.0000000000        1.0000000000       41.2756353266        0.0000000000        0.8869204367        0.1064304524        0.0070616522
       59.2857140000        1.0000000000        1.0000000000       35.1185532188        0.0000000000        0.8869204367        0.1064304524        0.0147837543
       59.3877550000        1.0000000000        1.0000000000       31.2165685109        0.0000000000        0.8869204367        0.1064304524        0.0236122834
       59.4897960000        1.0000000000        1.0000000000       28.9855367366        0.0000000000        0.8869204367        0.1064304524        0.0308609265
       59.5918370000        1.0000000000        1.0000000000       27.4312390752        0.0000000000        0.8869204367        0.1064304524        0.0371887609
       59.6938780000        1.0000000000        1.0000000000       26.1616199396        0.0000000000        0.8869204367        0.1064304524        0.0433090182
       59.7959180000        1.0000000000        1.0000000000       25.0669579129        0.0000000000        0.8869204367        0.1064304524        0.0493886346
       59.8979590000        1.0000000000        1.0000000000       24.1051930254        0.0000000000        0.8869204367        0.1064304524        0.0554306182
       60.0000000000        1.0000000000        1.0000000000       23.2513675624        0.0000000000        0.8869204367        0.1064304524        0.0614111351
