       55.0000000000        1.0000000000        1.0000000000        9.7873852945        0.0000000000        0.8869204367        0.1064304524        0.3089776807
       55.1020410000        1.0000000000        1.0000000000       10.0463503595        0.0000000000        0.8869204367        0.1064304524        0.2995236070
       55.2040820000        1.0000000000        1.0000000000       10.3680712167        0.0000000000        0.8869204367        0.1064304524        0.2881804173
       55.3061220000        1.0000000000        1.0000000000       10.7734061213        0.0000000000        0.8869204367        0.1064304524        0.2744987053
       55.4081630000        1.0000000000        1.0000000000       11.3085455921        0.0000000000        0.8869204367        0.1064304524        0.2574253584
       55.5102040000        1.0000000000        1.0000000000       12.1090498877        0.0000000000        0.8869204367        0.1064304524        0.2338475231
       55.6122450000        1.0000000000        1.0000000000       13.4302019069        0.0000000000        0.8869204367        0.1064304524        0.1995632144
       55.7142860000        1.0000000000        1.0000000000       15.2481594124        0.0000000000        0.8869204367        0.1064304524        0.1604490023
       55.8163270000        1.0000000000        1.0000000000       16.8687752661        0.0000000000        0.8869204367        0.1064304524        0.1320924752
       55.9183670000        1.0000000000        1.0000000000       17.9982035919        0.0000000000        0.8869204367        0.1064304524        0.1153499842
       56.0204080000        1.0000000000        1.0000000000       19.5399739380        0.0000000000        0.8869204367        0.1064304524        0.0958666733
       56.1224490000        1.0000000000        1.0000000000       22.3592261953        0.0000000000        0.8869204367        0.1064304524        0.0683504492
       56.2244900000        1.0000000000        1.0000000000       26.8460052312        0.0000000000        0.8869204367        0.1064304524        0.0398943477
       56.3265310000        1.0000000000        1.0000000000       33.6790397220        0.0000000000        0.8869204367        0.1064304524        0.0175713637
       56.4285710000        1.0000000000        1.0000000000       44.4890722140        0.0000000000        0.8869204367        0.1064304524        0.0048021638
       56.5306120000        1.0000000000        1.0000000000       63.0971295752        0.0000000000        0.8869204367        0.1064304524        0.0005148394
       56.6326530000        1.0000000000        1.0000000000      100.7322408200        0.0000000000        0.8869204367        0.1064304524        0.0000056274
       56.7346940000        1.0000000000        1.0000000000      199.8656302633        0.0000000000        0.8869204367        0.1064304524        0.0000000000
       56.8367350000        1.0000000000        1.0000000000      507.5990793327        0.0000000000        0.8869204367        0.1064304524        0.0000000000
       56.9387760000        1.0000000000        1.0000000000     1304.4544497194        0.0000000000        0.8869204367        0.1064304524        0.0000000000
       57.0408160000        1.0000000000        1.0000000000     2549.5811895362        0.0000000000        0.8869204367        0.1064304524        0.0000000000
       57.1428570000        1.0000000000        1.0000000000     3289.7600209217        0.0000000000        0.8869204367        0.1064304524        0.0000000000
       57.2448980000        1.0000000000        1.0000000000     2702.0176882784        0.0000000000        0.8869204367        0.1064304524        0.0000000000
       57.3469390000        1.0000000000        1.0000000000     1479.0731367777        0.0000000000        0.8869204367        0.1064304524        0.0000000000
       57.4489800000        1.0000000000        1.0000000000      629.3190828886        0.0000000000        0.8869204367        0.1064304524        0.0000000000
       57.5510200000        1.0000000000        1.0000000000      277.1875783263        0.0000000000        0.8869204367        0.1064304524        0.0000000000
       57.6530610000        1.0000000000        1.0000000000      155.5408525333        0.0000000000        0.8869204367        0.1064304524        0.0000000078
       57.7551020000        1.0000000000        1.0000000000      106.3336019392        0.0000000000        0.8869204367        0.1064304524        0.0000028733
       57.8571430000        1.0000000000        1.0000000000       80.6291092645        0.0000000000        0.8869204367        0.1064304524        0.0000628039
       57.9591840000        1.0000000000        1.0000000000       64.9091880193        0.0000000000        0.8869204367        0.1064304524        0.0004142245
       58.0612240000        1.0000000000        1.0000000000       54.4470113993        0.0000000000        0.8869204367        0.1064304524        0.0014537027
       58.1632650000        1.0000000000        1.0000000000       47.1080408406        0.0000000000        0.8869204367        0.1064304524        0.0035071031
       58.2653060000        1.0000000000        1.0000000000       41.7818783918        0.0000000000        0.8869204367        0.1064304524        0.0066454331
       58.3673470000        1.0000000000        1.0000000000       37.8460815196        0.0000000000        0.8869204367        0.1064304524        0.0106570910
       58.4693880000        1.0000000000        1.0000000000       34.9441120239        0.0000000000        0.8869204367        0.1064304524        0.0150964835
       58.5714290000        1.0000000000        1.0000000000       32.9033385412        0.0000000000        0.8869204367        0.1064304524        0.0192855219
       58.6734690000        1.0000000000        1.0000000000       31.8163364586        0.0000000000        0.8869204367        0.1064304524        0.0219725710
       58.7755100000        1.0000000000        1.0000000000       32.4120243309        0.0000000000        0.8869204367        0.1064304524        0.0204567389
       58.8775510000        1.0000000000        1.0000000000       35.9773568165        0.0000000000        0.8869204367        0.1064304524        0.0133360709
       58.9795920000        1.0000000000        1.0000000000       41.9189623110        0.0000000000        0.8869204367        0.1064304524        0.0065370095
       59.0816330000        1.0000000000        1.0000000000       46.8769101519        0.0000000000        0.8869204367        0.1064304524        0.0036057365
       59.1836730000        1.0000000000        1.0000000000       52.3333461250        0.0000000000        0.8869204367        0.1064304524        0.0018733977
       59.2857140000        1.0000000000        1.0000000000       74.8597764059        0.0000000000        0.8869204367        0.1064304524        0.0001255040
       59.3877550000        1.0000000000        1.0000000000      169.2567615281        0.0000000000        0.8869204367        0.1064304524        0.0000000015
       59.4897960000        1.0000000000        1.0000000000      461.4898368514        0.0000000000        0.8869204367        0.1064304524        0.0000000000
       59.5918370000        1.0000000000        1.0000000000     1005.3311823112        0.0000000000        0.8869204367        0.1064304524        0.0000000000
       59.6938780000        1.0000000000        1.0000000000     1445.6935818137        0.0000000000        0.8869204367        0.1064304524        0.0000000000
       59.7959180000        1.0000000000        1.0000000000     1301.4542638086        0.0000000000        0.8869204367        0.1064304524        0.0000000000
       59.8979590000        1.0000000000        1.0000000000      752.9458865099        0.0000000000        0.8869204367        0.1064304524        0.0000000000
       60.0000000000        1.0000000000        1.0000000000      317.0260987664        0.0000000000        0.8869204367        0.1064304524        0.0000000000
