       55.0000000000        1.0000000000        1.0000000000       11.0585719804        0.0000000000        0.8869204367        0.1064304524        0.2652642878
       55.1020410000        1.0000000000        1.0000000000       11.4501623128        0.0000000000        0.8869204367        0.1064304524        0.2530876323
       55.2040820000        1.0000000000        1.0000000000       11.9176840568        0.0000000000        0.8869204367        0.1064304524        0.2392797076
       55.3061220000        1.0000000000        1.0000000000       12.4825880643        0.0000000000        0.8869204367        0.1064304524        0.2235968629
       55.4081630000        1.0000000000        1.0000000000       13.1911470661        0.0000000000        0.8869204367        0.1064304524        0.2053709038
       55.5102040000        1.0000000000        1.0000000000       14.1776501344        0.0000000000        0.8869204367        0.1064304524        0.1824429028
       55.6122450000        1.0000000000        1.0000000000       15.6916640100        0.0000000000        0.8869204367        0.1064304524        0.1521330699
       55.7142860000        1.0000000000        1.0000000000       17.6955218199        0.0000000000        0.8869204367        0.1064304524        0.1196167235
       55.8163270000        1.0000000000        1.0000000000       19.4775327406        0.0000000000        0.8869204367        0.1064304524        0.0965876948
       55.9183670000        1.0000000000        1.0000000000       20.7232720277        0.0000000000        0.8869204367        0.1064304524        0.0831763153
       56.0204080000        1.0000000000        1.0000000000       22.2850895414        0.0000000000        0.8869204367        0.1064304524        0.0689612349
       56.1224490000        1.0000000000        1.0000000000       24.9121142492        0.0000000000        0.8869204367        0.1064304524        0.0503149158
       56.2244900000        1.0000000000        1.0000000000       28.7703895523        0.0000000000        0.8869204367        0.1064304524        0.0316680578
       56.3265310000        1.0000000000        1.0000000000       34.0790488470        0.0000000000        0.8869204367        0.1064304524        0.0167478421
       56.4285710000        1.0000000000        1.0000000000       41.4320411450        0.0000000000        0.8869204367        0.1064304524        0.0069303502
       56.5306120000        1.0000000000        1.0000000000       51.9361801530        0.0000000000        0.8869204367        0.1064304524        0.0019648456
       56.6326530000        1.0000000000        1.0000000000       67.6149338808        0.0000000000        0.8869204367        0.1064304524        0.0002993814
       56.7346940000        1.0000000000        1.0000000000       92.5113243244        0.0000000000        0.8869204367        0.1064304524        0.0000150918
       56.8367350000        1.0000000000        1.0000000000      136.0950430074        0.0000000000        0.8869204367        0.1064304524        0.0000000808
       56.9387760000        1.0000000000        1.0000000000      226.2108921297        0.0000000000        0.8869204367        0.1064304524        0.0000000000
       57.0408160000        1.0000000000        1.0000000000      457.8169567756        0.0000000000        0.8869204367        0.1064304524        0.0000000000
       57.1428570000        1.0000000000        1.0000000000     1098.2221913689        0.0000000000        0.8869204367        0.1064304524        0.0000000000
       57.2448980000        1.0000000000        1.0000000000     2495.9021762590        0.0000000000        0.8869204367        0.1064304524        0.0000000000
       57.3469390000        1.0000000000        1.0000000000     4282.0564723370        0.0000000000        0.8869204367        0.1064304524        0.0000000000
       57.4489800000        1.0000000000        1.0000000000     4943.9393666917        0.0000000000        0.8869204367        0.1064304524        0.0000000000
       57.5510200000        1.0000000000        1.0000000000     3769.5033474333        0.0000000000        0.8869204367        0.1064304524        0.0000000000
       57.6530610000        1.0000000000        1.0000000000     2024.9900318894        0.0000000000        0.8869204367        0.1064304524        0.0000000000
       57.7551020000        1.0000000000        1.0000000000      909.2872340357        0.0000000000        0.8869204367        0.1064304524        0.0000000000
       57.8571430000        1.0000000000        1.0000000000      439.3426012279        0.0000000000        0.8869204367        0.1064304524        0.0000000000
       57.9591840000        1.0000000000        1.0000000000      260.4373585934        0.0000000000        0.8869204367        0.1064304524        0.0000000000
       58.0612240000        1.0000000000        1.0000000000      180.2686793846        0.0000000000        0.8869204367        0.1064304524        0.0000000004
       58.1632650000        1.0000000000        1.0000000000      136.1257816736        0.0000000000        0.8869204367        0.1064304524        0.0000000805
       58.2653060000        1.0000000000        1.0000000000      108.4414976065        0.0000000000        0.8869204367        0.1064304524        0.0000022312
       58.3673470000        1.0000000000        1.0000000000       89.6831793242        0.0000000000        0.8869204367        0.1064304524        0.0000211900
       58.4693880000        1.0000000000        1.0000000000       76.2900651786        0.0000000000        0.8869204367        0.1064304524        0.0001057103
       58.5714290000        1.0000000000        1.0000000000       66.3774202020        0.0000000000        0.8869204367        0.1064304524        0.0003473108
       58.6734690000        1.0000000000        1.0000000000       59.0104710916        0.0000000000        0.8869204367        0.1064304524        0.0008407161
       58.7755100000        1.0000000000        1.0000000000       54.2140722723        0.0000000000        0.8869204367        0.1064304524        0.0014949109
       58.8775510000        1.0000000000        1.0000000000       52.7063272894        0.0000000000        0.8869204367        0.1064304524        0.0017913974
       58.9795920000        1.0000000000        1.0000000000       53.2724685478        0.0000000000        0.8869204367        0.1064304524        0.0016737373
       59.0816330000        1.0000000000        1.0000000000       51.3969148043        0.0000000000        0.8869204367        0.1064304524        0.0020961986
       59.1836730000        1.0000000000        1.0000000000       45.3557568317        0.0000000000        0.8869204367        0.1064304524        0.0043278222
       59.2857140000        1.0000000000        1.0000000000       38.9522325795        0.0000000000        0.8869204367        0.1064304524        0.0093323548
       59.3877550000        1.0000000000        1.0000000000       34.8246968325        0.0000000000        0.8869204367        0.1064304524        0.0153143709
       59.4897960000        1.0000000000        1.0000000000       32.3947233112        0.0000000000        0.8869204367        0.1064304524        0.0204992537
       59.5918370000        1.0000000000        1.0000000000       30.6659188503        0.0000000000        0.8869204367        0.1064304524        0.0252252384
       59.6938780000        1.0000000000        1.0000000000       29.2421649180        0.0000000000        0.8869204367        0.1064304524        0.0299250370
       59.7959180000        1.0000000000        1.0000000000       28.0104932056        0.0000000000        0.8869204367        0.1064304524        0.0346915484
       59.8979590000        1.0000000000        1.0000000000       26.9263722703        0.0000000000        0.8869204367        0.1064304524        0.0395114541
       60.0000000000        1.0000000000        1.0000000000       25.9628754880        0.0000000000        0.8869204367        0.1064304524        0.0443543249
