       55.0000000000        1.0000000000        1.0000000000        9.4527763975        0.0000000000        0.8869204367        0.1064304524        0.3216365275
       55.1020410000        1.0000000000        1.0000000000        9.5360547971        0.0000000000        0.8869204367        0.1064304524        0.3184382897
       55.2040820000        1.0000000000        1.0000000000        9.6380254071        0.0000000000        0.8869204367        0.1064304524        0.3145654712
       55.3061220000        1.0000000000        1.0000000000        9.7665510013        0.0000000000        0.8869204367        0.1064304524        0.3097511270
       55.4081630000        1.0000000000        1.0000000000        9.9500224429        0.0000000000        0.8869204367        0.1064304524        0.3030059935
       55.5102040000        1.0000000000        1.0000000000       10.2995831552        0.0000000000        0.8869204367        0.1064304524        0.2905586068
       55.6122450000        1.0000000000        1.0000000000       11.0380518666        0.0000000000        0.8869204367        0.1064304524        0.2659182830
       55.7142860000        1.0000000000        1.0000000000       12.0978701960        0.0000000000        0.8869204367        0.1064304524        0.2341614549
       55.8163270000        1.0000000000        1.0000000000       12.7147380197        0.0000000000        0.8869204367        0.1064304524        0.2174538658
       55.9183670000        1.0000000000        1.0000000000       12.4796081768        0.0000000000        0.8869204367        0.1064304524        0.2236768324
       56.0204080000        1.0000000000        1.0000000000       12.1235975995        0.0000000000        0.8869204367        0.1064304524        0.2334396457
       56.1224490000        1.0000000000        1.0000000000       12.2425249010        0.0000000000        0.8869204367        0.1064304524        0.2301318236
       56.2244900000        1.0000000000        1.0000000000       12.7692176853        0.0000000000        0.8869204367        0.1064304524        0.2160368849
       56.3265310000        1.0000000000        1.0000000000       13.5466856429        0.0000000000        0.8869204367        0.1064304524        0.1967931155
       56.4285710000        1.0000000000        1.0000000000       14.5548212917        0.0000000000        0.8869204367        0.1064304524        0.1743695197
       56.5306120000        1.0000000000        1.0000000000       15.8494224553        0.0000000000        0.8869204367        0.1064304524        0.1492801265
       56.6326530000        1.0000000000        1.0000000000       17.5287809519        0.0000000000        0.8869204367        0.1064304524        0.1220342282
       56.7346940000        1.0000000000        1.0000000000       19.7420533408        0.0000000000        0.8869204367        0.1064304524        0.0935699119
       56.8367350000        1.0000000000        1.0000000000       22.7186091330        0.0000000000        0.8869204367        0.1064304524        0.0654654278
       56.9387760000        1.0000000000        1.0000000000       26.8242641586        0.0000000000        0.8869204367        0.1064304524        0.0399985651
       57.0408160000        1.0000000000        1.0000000000       32.6714488132        0.0000000000        0.8869204367        0.1064304524        0.0198297120
       57.1428570000        1.0000000000        1.0000000000       41.3526938556        0.0000000000        0.8869204367        0.1064304524        0.0069966539
       57.2448980000        1.0000000000        1.0000000000       54.9949943698        0.0000000000        0.8869204367        0.1064304524        0.0013611854
       57.3469390000        1.0000000000        1.0000000000       78.3881633931        0.0000000000        0.8869204367        0.1064304524        0.0000821816
       57.4489800000        1.0000000000        1.0000000000      125.3825220297        0.0000000000        0.8869204367        0.1064304524        0.0000002922
       57.5510200000        1.0000000000        1.0000000000      246.3360514601        0.0000000000        0.8869204367        0.1064304524        0.0000000000
       57.6530610000        1.0000000000        1.0000000000      606.9011059249        0.0000000000        0.8869204367        0.1064304524        0.0000000000
       57.7551020000        1.0000000000        1.0000000000     1506.7016523259        0.0000000000        0.8869204367        0.1064304524        0.0000000000
       57.8571430000        1.0000000000        1.0000000000     2882.4802228487        0.0000000000        0.8869204367        0.1064304524        0.0000000000
       57.9591840000        1.0000000000        1.0000000000     3701.5819699454        0.0000000000        0.8869204367        0.1064304524        0.0000000000
       58.0612240000        1.0000000000        1.0000000000     3075.3199274569        0.0000000000        0.8869204367        0.1064304524        0.0000000000
       58.1632650000        1.0000000000        1.0000000000     1727.0947397527        0.0000000000        0.8869204367        0.1064304524        0.0000000000
       58.2653060000        1.0000000000        1.0000000000      758.7383892481        0.0000000000        0.8869204367        0.1064304524        0.0000000000
       58.3673470000        1.0000000000        1.0000000000      340.5380840591        0.0000000000        0.8869204367        0.1064304524        0.0000000000
       58.4693880000        1.0000000000        1.0000000000      190.6938805278        0.0000000000        0.8869204367        0.1064304524        0.0000000001
       58.5714290000        1.0000000000        1.0000000000      129.2837882406        0.0000000000        0.8869204367        0.1064304524        0.0000001829
       58.6734690000        1.0000000000        1.0000000000       97.4732772493        0.0000000000        0.8869204367        0.1064304524        0.0000083205
       58.7755100000        1.0000000000        1.0000000000       79.0666956246        0.0000000000        0.8869204367        0.1064304524        0.0000757552
       58.8775510000        1.0000000000        1.0000000000       69.2831302284        0.0000000000        0.8869204367        0.1064304524        0.0002450678
       58.9795920000        1.0000000000        1.0000000000       64.5397730710        0.0000000000        0.8869204367        0.1064304524        0.0004330000
       59.0816330000        1.0000000000        1.0000000000       59.1230224289        0.0000000000        0.8869204367        0.1064304524        0.0008294376
       59.1836730000        1.0000000000        1.0000000000       50.6424350780        0.0000000000        0.8869204367        0.1064304524        0.0022948399
       59.2857140000        1.0000000000        1.0000000000       42.5147106860        0.0000000000        0.8869204367        0.1064304524        0.0060859936
       59.3877550000        1.0000000000        1.0000000000       37.1563603837        0.0000000000        0.8869204367        0.1064304524        0.0115766719
       59.4897960000        1.0000000000        1.0000000000       33.8555766168        0.0000000000        0.8869204367        0.1064304524        0.0172030395
       59.5918370000        1.0000000000        1.0000000000       31.5323477351        0.0000000000        0.8869204367        0.1064304524        0.0227342717
       59.6938780000        1.0000000000        1.0000000000       29.7467900781        0.0000000000        0.8869204367        0.1064304524        0.0281667011
       59.7959180000        1.0000000000        1.0000000000       28.3835095490        0.0000000000        0.8869204367        0.1064304524        0.0331729284
       59.8979590000        1.0000000000        1.0000000000       27.4592646757        0.0000000000        0.8869204367        0.1064304524        0.0370639025
       60.0000000000        1.0000000000        1.0000000000       27.1872767788        0.0000000000        0.8869204367        0.1064304524        0.0382935726
