       55.0000000000        1.0000000000        1.0000000000        9.7825693310        0.0000000000        0.8869204367        0.1064304524        0.3091562954
       55.1020410000        1.0000000000        1.0000000000        9.7752584073        0.0000000000        0.8869204367        0.1064304524        0.3094276405
       55.2040820000        1.0000000000        1.0000000000        9.7708852656        0.0000000000        0.8869204367        0.1064304524        0.3095900637
       55.3061220000        1.0000000000        1.0000000000        9.7741348694        0.0000000000        0.8869204367        0.1064304524        0.3094693618
       55.4081630000        1.0000000000        1.0000000000        9.8092199700        0.0000000000        0.8869204367        0.1064304524        0.3081691691
       55.5102040000        1.0000000000        1.0000000000        9.9822561711        0.0000000000        0.8869204367        0.1064304524        0.3018362158
       55.6122450000        1.0000000000        1.0000000000       10.5131835493        0.0000000000        0.8869204367        0.1064304524        0.2832056333
       55.7142860000        1.0000000000        1.0000000000       11.3365082518        0.0000000000        0.8869204367        0.1064304524        0.2565630103
       55.8163270000        1.0000000000        1.0000000000       11.6817955999        0.0000000000        0.8869204367        0.1064304524        0.2461496802
       55.9183670000        1.0000000000        1.0000000000       11.1131727301        0.0000000000        0.8869204367        0.1064304524        0.2635319338
       56.0204080000        1.0000000000        1.0000000000       10.3365303929        0.0000000000        0.8869204367        0.1064304524        0.2892732178
       56.1224490000        1.0000000000        1.0000000000        9.9353011522        0.0000000000        0.8869204367        0.1064304524        0.3035417433
       56.2244900000        1.0000000000        1.0000000000        9.8238495159        0.0000000000        0.8869204367        0.1064304524        0.3076286387
       56.3265310000        1.0000000000        1.0000000000        9.8112534743        0.0000000000        0.8869204367        0.1064304524        0.3080939787
       56.4285710000        1.0000000000        1.0000000000        9.8284078384        0.0000000000        0.8869204367        0.1064304524        0.3074604123
       56.5306120000        1.0000000000        1.0000000000        9.8625564926        0.0000000000        0.8869204367        0.1064304524        0.3062030671
       56.6326530000        1.0000000000        1.0000000000        9.9135105082        0.0000000000        0.8869204367        0.1064304524        0.3043365064
       56.7346940000        1.0000000000        1.0000000000        9.9843772435        0.0000000000        0.8869204367        0.1064304524        0.3017593996
       56.8367350000        1.0000000000        1.0000000000       10.0804097075        0.0000000000        0.8869204367        0.1064304524        0.2983019159
       56.9387760000        1.0000000000        1.0000000000       10.2093167086        0.0000000000        0.8869204367        0.1064304524        0.2937230375
       57.0408160000        1.0000000000        1.0000000000       10.3821820500        0.0000000000        0.8869204367        0.1064304524        0.2876928543
       57.1428570000        1.0000000000        1.0000000000       10.6150898378        0.0000000000        0.8869204367        0.1064304524        0.2797634706
       57.2448980000        1.0000000000        1.0000000000       10.9318473630        0.0000000000        0.8869204367        0.1064304524        0.2693289771
       57.3469390000        1.0000000000        1.0000000000       11.3687095107        0.0000000000        0.8869204367        0.1064304524        0.2555735251
       57.4489800000        1.0000000000        1.0000000000       11.9828741764        0.0000000000        0.8869204367        0.1064304524        0.2374151693
       57.5510200000        1.0000000000        1.0000000000       12.8686535742        0.0000000000        0.8869204367        0.1064304524        0.2134743853
       57.6530610000        1.0000000000        1.0000000000       14.1905956731        0.0000000000        0.8869204367        0.1064304524        0.1821597043
       57.7551020000        1.0000000000        1.0000000000       16.2576766466        0.0000000000        0.8869204367        0.1064304524        0.1421430694
       57.8571430000        1.0000000000        1.0000000000       19.7182175516        0.0000000000        0.8869204367        0.1064304524        0.0938379326
       57.9591840000        1.0000000000        1.0000000000       26.2817496404        0.0000000000        0.8869204367        0.1064304524        0.0426891727
       58.0612240000        1.0000000000        1.0000000000       42.6147412294        0.0000000000        0.8869204367        0.1064304524        0.0060133761
       58.1632650000        1.0000000000        1.0000000000       99.0737846920        0.0000000000        0.8869204367        0.1064304524        0.0000068665
       58.2653060000        1.0000000000        1.0000000000      291.3277816693        0.0000000000        0.8869204367        0.1064304524        0.0000000000
       58.3673470000        1.0000000000        1.0000000000      728.1981188264        0.0000000000        0.8869204367        0.1064304524        0.0000000000
       58.4693880000        1.0000000000        1.0000000000     1218.0227353005        0.0000000000        0.8869204367        0.1064304524        0.0000000000
       58.5714290000        1.0000000000        1.0000000000     1265.6790478105        0.0000000000        0.8869204367        0.1064304524        0.0000000000
       58.6734690000        1.0000000000        1.0000000000      820.9121897519        0.0000000000        0.8869204367        0.1064304524        0.0000000000
       58.7755100000        1.0000000000        1.0000000000      365.2265864049        0.0000000000        0.8869204367        0.1064304524        0.0000000000
       58.8775510000        1.0000000000        1.0000000000      145.4995683368        0.0000000000        0.8869204367        0.1064304524        0.0000000261
       58.9795920000        1.0000000000        1.0000000000       77.4070362218        0.0000000000        0.8869204367        0.1064304524        0.0000924498
       59.0816330000        1.0000000000        1.0000000000       55.3989164655        0.0000000000        0.8869204367        0.1064304524        0.0012967813
       59.1836730000        1.0000000000        1.0000000000       41.8590137471        0.0000000000        0.8869204367        0.1064304524        0.0065842052
       59.2857140000        1.0000000000        1.0000000000       32.0152878787        0.0000000000        0.8869204367        0.1064304524        0.0214542065
       59.3877550000        1.0000000000        1.0000000000       26.1921423182        0.0000000000        0.8869204367        0.1064304524        0.0431506811
       59.4897960000        1.0000000000        1.0000000000       22.9379066915        0.0000000000        0.8869204367        0.1064304524        0.0637651292
       59.5918370000        1.0000000000        1.0000000000       20.8570553463        0.0000000000        0.8869204367        0.1064304524        0.0818516643
       59.6938780000        1.0000000000        1.0000000000       19.3507273009        0.0000000000        0.8869204367        0.1064304524        0.0980686754
       59.7959180000        1.0000000000        1.0000000000       18.1937254929        0.0000000000        0.8869204367        0.1064304524        0.1126750734
       59.8979590000        1.0000000000        1.0000000000       17.2761177918        0.0000000000        0.8869204367        0.1064304524        0.1257909175
       60.0000000000        1.0000000000        1.0000000000       16.5315824508        0.0000000000        0.8869204367        0.1064304524        0.1375469598
