       55.0000000000        1.0000000000        1.0000000000        9.1216947689        0.0000000000        0.8869204367        0.1064304524        0.3346723210
       55.1020410000        1.0000000000        1.0000000000        9.1577308359        0.0000000000        0.8869204367        0.1064304524        0.3332282127
       55.2040820000        1.0000000000        1.0000000000        9.2057701252        0.0000000000        0.8869204367        0.1064304524        0.3313127734
       55.3061220000        1.0000000000        1.0000000000        9.2724734879        0.0000000000        0.8869204367        0.1064304524        0.3286713977
       55.4081630000        1.0000000000        1.0000000000        9.3846796193        0.0000000000        0.8869204367        0.1064304524        0.3242755848
       55.5102040000        1.0000000000        1.0000000000        9.6517021641        0.0000000000        0.8869204367        0.1064304524        0.3140496264
       55.6122450000        1.0000000000        1.0000000000       10.2953854804        0.0000000000        0.8869204367        0.1064304524        0.2907050041
       55.7142860000        1.0000000000        1.0000000000       11.2490940963        0.0000000000        0.8869204367        0.1064304524        0.2592684438
       55.8163270000        1.0000000000        1.0000000000       11.7464898361        0.0000000000        0.8869204367        0.1064304524        0.2442461428
       55.9183670000        1.0000000000        1.0000000000       11.3690126877        0.0000000000        0.8869204367        0.1064304524        0.2555642272
       56.0204080000        1.0000000000        1.0000000000       10.8392195870        0.0000000000        0.8869204367        0.1064304524        0.2723393581
       56.1224490000        1.0000000000        1.0000000000       10.7495999430        0.0000000000        0.8869204367        0.1064304524        0.2752839983
       56.2244900000        1.0000000000        1.0000000000       11.0280769452        0.0000000000        0.8869204367        0.1064304524        0.2662367753
       56.3265310000        1.0000000000        1.0000000000       11.5081909264        0.0000000000        0.8869204367        0.1064304524        0.2513313952
       56.4285710000        1.0000000000        1.0000000000       12.1567229190        0.0000000000        0.8869204367        0.1064304524        0.2325135560
       56.5306120000        1.0000000000        1.0000000000       13.0123884867        0.0000000000        0.8869204367        0.1064304524        0.2098239111
       56.6326530000        1.0000000000        1.0000000000       14.1510116070        0.0000000000        0.8869204367        0.1064304524        0.1830270372
       56.7346940000        1.0000000000        1.0000000000       15.6919781028        0.0000000000        0.8869204367        0.1064304524        0.1521273359
       56.8367350000        1.0000000000        1.0000000000       17.8255345096        0.0000000000        0.8869204367        0.1064304524        0.1177650029
       56.9387760000        1.0000000000        1.0000000000       20.8680659815        0.0000000000        0.8869204367        0.1064304524        0.0817435871
       57.0408160000        1.0000000000        1.0000000000       25.3776943568        0.0000000000        0.8869204367        0.1064304524        0.0475809255
       57.1428570000        1.0000000000        1.0000000000       32.4233626516        0.0000000000        0.8869204367        0.1064304524        0.0204289244
       57.2448980000        1.0000000000        1.0000000000       44.3455559159        0.0000000000        0.8869204367        0.1064304524        0.0048855827
       57.3469390000        1.0000000000        1.0000000000       67.7072961325        0.0000000000        0.8869204367        0.1064304524        0.0002960816
       57.4489800000        1.0000000000        1.0000000000      127.2253710380        0.0000000000        0.8869204367        0.1064304524        0.0000002342
       57.5510200000        1.0000000000        1.0000000000      316.7544029084        0.0000000000        0.8869204367        0.1064304524        0.0000000000
       57.6530610000        1.0000000000        1.0000000000      858.0015547332        0.0000000000        0.8869204367        0.1064304524        0.0000000000
       57.7551020000        1.0000000000        1.0000000000     1845.6310981936        0.0000000000        0.8869204367        0.1064304524        0.0000000000
       57.8571430000        1.0000000000        1.0000000000     2653.3411422297        0.0000000000        0.8869204367        0.1064304524        0.0000000000
       57.9591840000        1.0000000000        1.0000000000     2414.0432777232        0.0000000000        0.8869204367        0.1064304524        0.0000000000
       58.0612240000        1.0000000000        1.0000000000     1425.7859423944        0.0000000000        0.8869204367        0.1064304524        0.0000000000
       58.1632650000        1.0000000000        1.0000000000      619.4879121129        0.0000000000        0.8869204367        0.1064304524        0.0000000000
       58.2653060000        1.0000000000        1.0000000000      258.3210157201        0.0000000000        0.8869204367        0.1064304524        0.0000000000
       58.3673470000        1.0000000000        1.0000000000      135.3779462849        0.0000000000        0.8869204367        0.1064304524        0.0000000881
       58.4693880000        1.0000000000        1.0000000000       89.6202801799        0.0000000000        0.8869204367        0.1064304524        0.0000213505
       58.5714290000        1.0000000000        1.0000000000       67.3223651222        0.0000000000        0.8869204367        0.1064304524        0.0003100789
       58.6734690000        1.0000000000        1.0000000000       54.3571010905        0.0000000000        0.8869204367        0.1064304524        0.0014694720
       58.7755100000        1.0000000000        1.0000000000       46.8714456348        0.0000000000        0.8869204367        0.1064304524        0.0036081017
       58.8775510000        1.0000000000        1.0000000000       44.0862762512        0.0000000000        0.8869204367        0.1064304524        0.0050399801
       58.9795920000        1.0000000000        1.0000000000       44.0739502740        0.0000000000        0.8869204367        0.1064304524        0.0050474403
       59.0816330000        1.0000000000        1.0000000000       41.9749800040        0.0000000000        0.8869204367        0.1064304524        0.0064932143
       59.1836730000        1.0000000000        1.0000000000       35.9509146409        0.0000000000        0.8869204367        0.1064304524        0.0133784543
       59.2857140000        1.0000000000        1.0000000000       29.7409793086        0.0000000000        0.8869204367        0.1064304524        0.0281863484
       59.3877550000        1.0000000000        1.0000000000       25.8963350202        0.0000000000        0.8869204367        0.1064304524        0.0447099055
       59.4897960000        1.0000000000        1.0000000000       23.7773013357        0.0000000000        0.8869204367        0.1064304524        0.0576551237
       59.5918370000        1.0000000000        1.0000000000       22.3632576272        0.0000000000        0.8869204367        0.1064304524        0.0683173912
       59.6938780000        1.0000000000        1.0000000000       21.2488486776        0.0000000000        0.8869204367        0.1064304524        0.0780924544
       59.7959180000        1.0000000000        1.0000000000       20.3160244554        0.0000000000        0.8869204367        0.1064304524        0.0873420784
       59.8979590000        1.0000000000        1.0000000000       19.5172716905        0.0000000000        0.8869204367        0.1064304524        0.0961281960
       60.0000000000        1.0000000000        1.0000000000       18.8241427859        0.0000000000        0.8869204367        0.1064304524        0.1044656328
