       55.0000000000        1.0000000000        1.0000000000       10.0711028319        0.0000000000        0.8869204367        0.1064304524        0.2986352530
       55.1020410000        1.0000000000        1.0000000000       10.0808978638        0.0000000000        0.8869204367        0.1064304524        0.2982844422
       55.2040820000        1.0000000000        1.0000000000       10.0969832872        0.0000000000        0.8869204367        0.1064304524        0.2977092338
       55.3061220000        1.0000000000        1.0000000000       10.1248582878        0.0000000000        0.8869204367        0.1064304524        0.2967150600
       55.4081630000        1.0000000000        1.0000000000       10.1898198044        0.0000000000        0.8869204367        0.1064304524        0.2944110448
       55.5102040000        1.0000000000        1.0000000000       10.3993499389        0.0000000000        0.8869204367        0.1064304524        0.2871007749
       55.6122450000        1.0000000000        1.0000000000       10.9745730447        0.0000000000        0.8869204367        0.1064304524        0.2679516392
       55.7142860000        1.0000000000        1.0000000000       11.8505746519        0.0000000000        0.8869204367        0.1064304524        0.2412144377
       55.8163270000        1.0000000000        1.0000000000       12.2592776544        0.0000000000        0.8869204367        0.1064304524        0.2296696473
       55.9183670000        1.0000000000        1.0000000000       11.7712910817        0.0000000000        0.8869204367        0.1064304524        0.2435203104
       56.0204080000        1.0000000000        1.0000000000       11.0995555874        0.0000000000        0.8869204367        0.1064304524        0.2639629120
       56.1224490000        1.0000000000        1.0000000000       10.8335712858        0.0000000000        0.8869204367        0.1064304524        0.2725240112
       56.2244900000        1.0000000000        1.0000000000       10.8966190496        0.0000000000        0.8869204367        0.1064304524        0.2704699477
       56.3265310000        1.0000000000        1.0000000000       11.1122945221        0.0000000000        0.8869204367        0.1064304524        0.2635597075
       56.4285710000        1.0000000000        1.0000000000       11.4333349794        0.0000000000        0.8869204367        0.1064304524        0.2535992034
       56.5306120000        1.0000000000        1.0000000000       11.8800967703        0.0000000000        0.8869204367        0.1064304524        0.2403614102
       56.6326530000        1.0000000000        1.0000000000       12.5043698579        0.0000000000        0.8869204367        0.1064304524        0.2230131852
       56.7346940000        1.0000000000        1.0000000000       13.3944429538        0.0000000000        0.8869204367        0.1064304524        0.2004213949
       56.8367350000        1.0000000000        1.0000000000       14.7026194818        0.0000000000        0.8869204367        0.1064304524        0.1713042030
       56.9387760000        1.0000000000        1.0000000000       16.7080408422        0.0000000000        0.8869204367        0.1064304524        0.1346650222
       57.0408160000        1.0000000000        1.0000000000       19.9728501063        0.0000000000        0.8869204367        0.1064304524        0.0910139932
       57.1428570000        1.0000000000        1.0000000000       25.8498601396        0.0000000000        0.8869204367        0.1064304524        0.0449599486
       57.2448980000        1.0000000000        1.0000000000       38.9440027792        0.0000000000        0.8869204367        0.1064304524        0.0093415757
       57.3469390000        1.0000000000        1.0000000000       79.9886298573        0.0000000000        0.8869204367        0.1064304524        0.0000678212
       57.4489800000        1.0000000000        1.0000000000      225.9501564189        0.0000000000        0.8869204367        0.1064304524        0.0000000000
       57.5510200000        1.0000000000        1.0000000000      613.2669322429        0.0000000000        0.8869204367        0.1064304524        0.0000000000
       57.6530610000        1.0000000000        1.0000000000     1174.7486875377        0.0000000000        0.8869204367        0.1064304524        0.0000000000
       57.7551020000        1.0000000000        1.0000000000     1414.3449215766        0.0000000000        0.8869204367        0.1064304524        0.0000000000
       57.8571430000        1.0000000000        1.0000000000     1050.7131075175        0.0000000000        0.8869204367        0.1064304524        0.0000000000
       57.9591840000        1.0000000000        1.0000000000      512.5300440425        0.0000000000        0.8869204367        0.1064304524        0.0000000000
       58.0612240000        1.0000000000        1.0000000000      199.0721898343        0.0000000000        0.8869204367        0.1064304524        0.0000000000
       58.1632650000        1.0000000000        1.0000000000       87.9425758896        0.0000000000        0.8869204367        0.1064304524        0.0000261122
       58.2653060000        1.0000000000        1.0000000000       53.5173714079        0.0000000000        0.8869204367        0.1064304524        0.0016252647
       58.3673470000        1.0000000000        1.0000000000       39.8594445625        0.0000000000        0.8869204367        0.1064304524        0.0083697326
       58.4693880000        1.0000000000        1.0000000000       32.5724014736        0.0000000000        0.8869204367        0.1064304524        0.0200668079
       58.5714290000        1.0000000000        1.0000000000       28.0646959868        0.0000000000        0.8869204367        0.1064304524        0.0344666352
       58.6734690000        1.0000000000        1.0000000000       25.2573823980        0.0000000000        0.8869204367        0.1064304524        0.0482728548
       58.7755100000        1.0000000000        1.0000000000       24.2838878817        0.0000000000        0.8869204367        0.1064304524        0.0542546516
       58.8775510000        1.0000000000        1.0000000000       25.9619711278        0.0000000000        0.8869204367        0.1064304524        0.0443591386
       58.9795920000        1.0000000000        1.0000000000       29.1079266996        0.0000000000        0.8869204367        0.1064304524        0.0304109906
       59.0816330000        1.0000000000        1.0000000000       29.2989597099        0.0000000000        0.8869204367        0.1064304524        0.0297217801
       59.1836730000        1.0000000000        1.0000000000       25.0405177517        0.0000000000        0.8869204367        0.1064304524        0.0495455847
       59.2857140000        1.0000000000        1.0000000000       20.2788370012        0.0000000000        0.8869204367        0.1064304524        0.0877327129
       59.3877550000        1.0000000000        1.0000000000       17.6318960974        0.0000000000        0.8869204367        0.1064304524        0.1205335030
       59.4897960000        1.0000000000        1.0000000000       16.4958059680        0.0000000000        0.8869204367        0.1064304524        0.1381387428
       59.5918370000        1.0000000000        1.0000000000       15.8948217951        0.0000000000        0.8869204367        0.1064304524        0.1484690715
       59.6938780000        1.0000000000        1.0000000000       15.4629297878        0.0000000000        0.8869204367        0.1064304524        0.1563666710
       59.7959180000        1.0000000000        1.0000000000       15.1107142971        0.0000000000        0.8869204367        0.1064304524        0.1631172983
       59.8979590000        1.0000000000        1.0000000000       14.8113930882        0.0000000000        0.8869204367        0.1064304524        0.1690827277
       60.0000000000        1.0000000000        1.0000000000       14.5519792046        0.0000000000        0.8869204367        0.1064304524        0.1744289987
